42286
28636 28636 28636 28636 28636 28636 28636 28636 28636 28636 28636 28636 28636 28636 28636 28636 28636 28636 28636 28636 28246 28246 28246 28246 28246 28246 27076 27076 27076 27076 27076 27076 27076 27076 27076 27076 27076 27076 27076 27076 27076 27076 27076 27076 27076 27076 27076 27076 27076 27076 27076 27076 27076 27076 27076 27076 38694 38694 38694 38694 38694 38694 39030 38258 38258 38258 38258 38258 38258 38258 38258 38114 38114 38114 38038 38038 38038 37954 37946 38114 38114 37802 37802 37802 37802 37802 38038 38038 38038 38038 37802 37802 37802 37802 37802 37802 37802 37802 37802 37802 37802 37802 37802 37802 37802 37802 37954 37954 37954 37954 37802 37802 37802 37802 37802 37802 37802 37802 37802 37802 37802 37802 37802 37802 37802 37802 37802 37802 38518 37802 37802 37802 37802 37802 37802 37802 37802 37802 37802 37802 38518 38518 38518 38518 38518 38518 38518 38518 38518 38518 37802 37802 37802 37802 37802 37802 37802 37802 37802 37802 37802 37802 37802 37802 37802 37802 37802 37802 37802 37802 37802 37802 37802 38258 38258 38258 38258 39610 39610 39610 39610 39610 39610 39610 39610 39610 39610 39610 38694 38694 38694 38694 38694 38694 38694 38694 38694 38694 38694 38694 39018 39018 37800 37800 37800 37944 37944 37944 37944 37944 37800 37800 37944 37800 37800 37800 
25228 25228 25228 25228 24152 24152 25228 25228 24152 24152 24152 25228 25228 24152 24152 24152 24152 24152 24152 24152 24152 26752 26752 26428 26428 26428 26428 26428 26428 26428 26428 26104 25228 25228 25228 25228 25228 25228 24152 24152 24152 24152 24152 24152 24152 24152 24152 24152 24152 24152 25228 25228 24152 24152 24152 24152 24152 25128 25128 25228 25228 25228 25228 25128 25128 25128 25128 25128 25128 25128 24152 24152 24152 24152 24152 25128 25128 25128 25128 25128 25128 25128 25128 25128 25128 25128 25128 25128 25128 25128 25128 25128 25128 25128 24152 24152 24152 24152 24152 24152 24152 24152 24152 24152 24152 24152 24152 24152 24152 24152 24152 24152 24152 24152 24152 24152 24152 24152 24152 24152 24152 24152 24152 24152 24152 24152 24152 24152 24152 24152 24152 24152 24152 24152 24152 24152 24152 24152 24152 24152 24152 24152 24152 24152 24152 24152 24152 24152 24152 25516 25516 25516 25516 25516 24150 24150 24150 24150 24150 24150 24150 24150 24150 24150 24150 24150 24150 24150 24150 24150 24150 24150 24150 24150 24400 24400 24400 24400 24400 24400 24400 24400 24400 24400 24400 24400 24400 24400 24400 24400 24400 24400 24400 24400 24400 24400 24400 24400 24400 24400 24400 24400 24400 24400 24400 24400 24400 24400 24150 24150 24150 24150 24150 24150 
24101 24101 24101 24101 24101 24102 24102 24102 24102 24102 24102 24102 24102 24102 24101 
24077 24077 24077 24005 24005 24005 24005 24005 24005 24005 24005 24005 24003 24003 24003 24003 24003 24003 24003 24003 24003 24003 24003 24003 
23998 23939 23939 23939 23939 23939 23939 23939 23939 23939 23939 23939 23939 23939 23939 23979 23979 23979 23955 23955 23955 23955 23955 23954 23954 23954 23954 23954 23954 23954 23955 23954 
23886 23937 23891 23886 23886 23886 23886 23890 23890 23890 23890 23890 23886 23886 23886 23886 23886 23886 23886 23886 23886 23886 23886 23886 23886 23886 23890 23890 23886 23886 23890 23886 23886 23886 23886 
23870 23870 23784 23784 23784 23784 23784 23784 23784 23784 23784 23784 23784 23784 23784 23784 23782 23782 23782 23782 23782 23782 23782 23780 23780 23780 23780 23780 23780 23780 23780 23780 23780 23780 23780 23780 23780 
23712 23712 23712 23712 23712 23712 23712 23712 23712 23712 23712 23712 23712 23712 23712 23712 23754 23754 23754 23754 23754 23754 23754 23732 23732 23732 23732 23732 23732 23732 23732 23732 23678 23678 23678 23678 23678 23678 23678 23678 23678 23678 23678 23678 23678 23678 23678 23678 23678 23678 23678 23678 23678 23678 23678 23678 23678 23678 23678 23678 23678 
23406 23406 23406 23406 23406 23406 23406 23406 23406 23406 23406 23406 23406 23406 23406 23406 23406 23406 23406 23406 23406 23406 23406 23406 23406 23406 23406 23406 23486 23474 23474 23474 23474 23474 23474 23474 23474 23474 23474 23474 23474 23474 23474 23474 23474 23474 23474 23474 23474 23474 23474 23474 23474 23474 23474 23474 23474 23474 23474 23474 23474 23474 
23390 23390 23304 23304 23304 23304 23304 23304 23304 23304 23304 23304 23304 23304 23304 23304 23304 23338 23338 23338 23338 23338 23338 23338 23338 23338 23338 23338 23358 23338 23338 23338 23338 23338 23338 23338 23338 23338 23338 23338 23338 23338 23338 23338 23338 23338 23338 23338 23338 23338 23338 23338 
23290 23290 23276 23288 23284 23276 23276 23272 23270 23270 23270 23270 23270 23270 23270 23270 23270 23253 23253 23253 23236 23236 23236 23236 23236 23236 23236 23236 23236 23236 23236 23236 23236 23236 23253 23253 23253 23236 23236 23236 23236 23236 23236 23236 23236 23236 23236 23236 23236 23236 23236 23236 
23172 23172 23172 23172 23172 23172 23172 23172 23100 23060 23060 23060 23060 23100 23100 23100 23060 23060 23060 23060 23100 23100 23100 23100 23100 23100 23100 23100 23100 23100 23100 23100 23100 23100 23100 23100 23100 23100 23100 23100 23100 23100 23100 23100 23100 23100 23100 23100 23100 23100 23100 23100 
23053 23046 22992 22992 23012 22992 23028 22992 22992 22992 22992 23012 22992 22992 22992 22992 23012 23012 23012 23012 23012 23016 23016 23016 23016 23016 23016 23016 23016 23016 23016 23016 23016 23016 
22985 22980 22980 22978 22978 22978 22978 22948 22958 22958 22958 22948 22948 22958 22958 22958 22958 22958 22958 22958 22948 22948 22948 22948 22948 22948 22948 22948 22948 22948 22948 22948 22948 
22828 22924 22924 22892 22892 22892 22892 22828 22828 22828 22828 22828 22828 22828 22860 22860 22860 22860 22860 22860 22860 22860 22860 22860 22860 22860 22860 22860 22860 22860 22860 22860 
22821 22814 22800 22812 22800 22800 22800 22800 22800 22800 22800 22800 22800 22800 22794 22794 22794 22794 22794 22794 22794 22794 22798 22798 22798 22798 22794 22794 
22738 22738 22706 22738 22738 22738 22738 22706 22706 22706 22706 22726 22726 22726 22726 22726 22726 22726 22726 22726 22726 22726 22726 22726 22726 22726 22726 22726 
22699 22692 22694 22678 22678 22678 22678 22658 22658 22658 22658 22658 22678 22684 22684 22676 22684 22684 22684 22684 22676 22676 22676 22676 22676 22676 
22651 22648 22646 22644 22644 22644 22644 22634 22628 22636 22636 22634 22634 22634 22634 22634 22636 22636 22636 22636 22628 22628 22628 22628 22628 22628 22628 
22620 22612 22548 22548 22548 22548 22572 22548 22548 22548 22568 22568 22568 22568 22568 22568 22568 22568 22568 22568 22580 22568 22568 22568 22568 22568 22568 
22541 22534 22520 22520 22520 22520 22520 22528 22528 22528 22524 22526 22526 22526 22526 22526 22526 22526 22526 22526 22524 22524 22524 22524 
22513 22512 22514 22506 22506 22498 22498 22498 22496 22496 22500 22496 22500 22500 22498 22498 22498 22498 22498 22498 22496 22496 22496 22496 
22488 22480 22472 22432 22432 22432 22432 22432 22448 22448 22448 22448 22452 22452 22448 22448 22448 22448 22448 22448 22448 22448 22448 22448 
22425 22418 22420 22416 22418 22416 22416 22416 22418 22418 22418 22416 22416 22416 22416 22410 22410 22410 22410 22410 22410 
22402 22378 22386 22354 22354 22354 22354 22378 22366 22366 22366 22366 22366 22366 22366 22366 22366 22366 22366 22366 22366 
22347 22340 22342 22322 22322 22322 22322 22322 22340 22340 22340 22340 22340 22340 22338 22338 22334 22334 22334 22334 
22315 22314 22316 22316 22308 22302 22308 22306 22308 22306 22306 22306 22306 22302 22306 22306 22302 22302 22302 22302 
22294 22286 22246 22246 22246 22246 22246 22262 22262 22262 22262 22262 22262 22262 22262 22262 22262 22262 22262 22262 
22239 22232 22234 22234 22234 22234 22232 22232 22232 22230 22230 22230 22230 22232 22230 
22222 22206 22190 22190 22190 22198 22202 22198 22198 22198 22198 22198 22198 22198 22198 
22183 22176 22178 22166 22166 22166 22176 22176 22176 22180 22176 22176 22176 22176 22174 22174 
22159 22158 22160 22156 22156 22153 22152 22151 22152 22156 22150 22152 22152 22152 22140 22140 22149 22140 22140 22140 22140 22140 22140 22140 22140 
22132 22068 22068 22068 22068 22068 22068 22068 22068 22088 22088 22088 22088 22088 22088 22096 22088 22088 22088 22088 22088 22088 22088 22088 22088 
22061 22054 22056 22052 22052 22052 22052 22052 22050 22050 22052 22054 22054 22054 22052 22052 22050 22050 
22042 22018 22026 22002 22002 22002 22018 22018 22014 22014 22014 22014 22014 22014 22014 22014 22014 22014 
21988 21988 21990 21978 21978 21978 21978 21978 21978 21978 21978 21978 21988 21988 21986 21986 
21971 21970 21972 21972 21960 21964 21954 21962 21969 21964 21963 21962 21962 21962 21962 21954 21960 21954 21954 21954 21954 21954 21954 21954 
21946 21938 21930 21890 21890 21890 21890 21890 21906 21906 21906 21906 21906 21906 21906 21906 21906 21906 21906 21906 21906 21906 21906 21906 
21883 21876 21878 21874 21874 21874 21874 21874 21881 21880 21874 21874 21874 21874 21874 21874 
21867 21866 21868 21865 21868 21865 21864 21858 21865 21857 21858 21858 21858 21858 21850 21850 21857 21850 21850 21850 21850 21850 21850 21850 
21842 21834 21826 21786 21786 21786 21786 21786 21802 21802 21802 21802 21802 21802 21802 21802 21802 21802 21802 21802 21802 21802 21802 21802 
21779 21772 21774 21770 21770 21770 21770 21770 21770 21776 21770 21770 21770 21770 21770 21770 
21763 21762 21764 21764 21760 21764 21760 21754 21753 21760 21755 21754 21754 21754 21748 21754 21752 21748 21748 21748 21748 21748 
21692 21692 21692 21692 21692 21692 21692 21704 21704 21704 21704 21704 21704 21704 21704 21704 21704 21704 21704 21704 21704 21704 
21685 21678 21676 21676 21676 21676 21676 21676 21676 21676 21677 21676 21676 21677 21676 21676 
21669 21668 21670 21660 21662 21670 21665 21660 21660 21660 21660 21660 21660 21660 21658 21660 21658 21658 
21650 21610 21610 21610 21610 21610 21618 21618 21618 21618 21616 21616 21616 21616 21616 21616 21616 21616 21616 21616 
21603 21596 21598 21594 21592 21592 21592 21592 21592 21594 21594 21594 21594 21595 21594 21594 
21587 21584 21576 21577 21581 21583 21583 21576 21576 21576 21576 21576 21576 21577 21576 21576 
21568 21536 21536 21536 21536 21544 21544 21544 21544 21548 21548 21544 21544 21544 21544 21544 
21529 21522 21524 21524 21524 21524 21527 21522 21520 21526 21524 21521 21522 21521 21521 21520 
21496 21504 21496 21480 21480 21490 21484 21484 21484 21484 21484 21484 21484 21484 21484 21484 21484 21484 
21473 21466 21468 21456 21456 21456 21466 21454 21454 21454 21454 21454 21454 21466 
21449 21450 21444 21448 21448 21448 21442 21444 21444 21433 21443 21440 21414 21440 21414 21418 21414 21433 21433 21433 21433 21418 21414 21414 21414 21414 21414 21414 21414 21414 21414 21414 21414 21414 21414 21414 21414 21414 
21310 21398 21310 21310 21310 21310 21310 21310 21310 21310 21310 21310 21310 21334 21334 21334 21334 21334 21334 21334 21334 21334 21334 21334 21334 21334 21334 21334 21334 21334 21334 21334 21334 21334 21334 21334 
21303 21296 21298 21282 21282 21282 21282 21282 21282 21282 21282 21282 21282 21282 21284 21284 21284 21284 21284 21284 21284 21284 21284 21284 
21277 21278 21268 21276 21273 21272 21273 21268 21272 21272 21268 21270 21264 21256 21256 21256 21261 21256 21256 21256 21256 21256 21256 21256 
21248 21184 21184 21184 21184 21184 21184 21184 21184 21204 21204 21204 21204 21204 21204 21204 21204 21204 21204 21204 21204 21204 21204 21204 21204 
21177 21170 21168 21168 21168 21170 21168 21168 21175 21174 21170 21166 21170 21166 21166 21166 21166 21166 
21134 21134 21118 21118 21118 21118 21134 21130 21130 21130 21130 21130 21130 21130 21130 21130 21130 21130 
21111 21104 21094 21094 21094 21094 21104 21102 21109 21108 21106 21104 21104 21104 
21087 21086 21080 21082 21085 21082 21085 21085 21085 21082 21082 21082 21080 21080 
21072 21064 21048 21048 21052 21052 21052 21052 21052 21056 21058 21052 21052 21052 
21041 21034 21036 21036 21036 21036 21039 21039 21038 21038 21036 21036 
21029 21032 21026 21022 21014 21022 21025 21025 21014 21014 21022 21022 21017 21014 21014 21016 21014 21014 21014 
20966 20966 20966 20966 20966 20966 20974 20974 20974 20974 20974 20974 20974 20974 20974 20974 20974 20974 20974 
20959 20956 20950 20950 20952 20954 20950 20950 20954 20954 20954 20954 
20945 20930 20940 20930 20930 20938 20941 20941 20930 20938 20938 20938 20933 20930 20930 20932 20930 20930 20930 
20898 20898 20898 20874 20874 20874 20874 20890 20890 20890 20890 20892 20890 20890 20890 20890 20890 20890 20890 
20867 20862 20862 20862 20862 20862 20865 20865 20860 20862 20862 20860 20860 20860 
20828 20828 20836 20820 20820 20836 20832 20832 20832 20832 20832 20832 20832 20832 
20813 20806 20804 20804 20808 20808 20811 20808 20811 20810 20808 20808 
20799 20800 20792 20794 20797 20784 20795 20795 20795 20794 20792 20792 20784 20784 20784 20784 20784 20784 20784 20784 
20752 20752 20752 20752 20736 20736 20744 20744 20744 20744 20744 20744 20744 20746 20746 20744 20744 20744 20744 20744 
20729 20722 20720 20720 20724 20720 20720 20720 20726 20726 20724 20724 
20715 20716 20716 20708 20708 20708 20711 20711 20710 20708 20708 20708 
20700 20676 20676 20676 20684 20684 20684 20684 20684 20684 20684 20684 
20669 20668 20668 20668 20664 20667 20667 20667 20667 20664 20664 20664 
20656 20648 20632 20632 20640 20640 20640 20646 20646 20640 20640 20640 
20625 20618 20616 20616 20616 20620 20616 20616 20622 20622 20620 20620 
20611 20612 20608 20608 20608 20608 20608 20608 20606 20606 20599 20599 20599 20599 20599 20599 20599 
20591 20583 20559 20559 20559 20567 20567 20567 20581 20565 20565 20565 20565 20565 20565 20565 20565 
20552 20549 20547 20545 20545 20545 20545 20551 20549 20549 20547 20547 
20540 20541 20537 20538 20538 20533 20537 20534 20535 20535 20533 20533 
20501 20501 20501 20501 20505 20505 20505 20515 20505 20513 20505 20505 20505 20505 
20494 20489 20489 20489 20489 20489 20493 20490 20490 20491 20490 
20484 20482 20482 20481 20481 20478 20481 20478 20478 20479 20478 
20454 20454 20454 20458 20458 20456 20456 20456 20456 20456 20456 
20447 20446 20444 20444 20444 20448 20446 20446 20444 20444 
20439 20436 20434 20436 20438 20438 20436 20436 20434 20434 20433 
20409 20409 20409 20413 20413 20411 20415 20411 20411 20413 20411 
20402 20401 20399 20399 20399 20403 20399 20401 20399 20399 
20394 20391 20393 20393 20394 20393 20389 20391 20389 20389 
20357 20357 20357 20357 20369 20369 20369 20369 20369 20369 
20352 20353 20352 20351 20349 20349 20349 20349 20347 20347 
20323 20323 20323 20327 20327 20327 20327 20327 20327 20327 
20316 20315 20315 20315 20315 20315 20315 20315 20313 20313 
20305 20297 20289 20297 20293 20293 20295 20297 20295 20293 
20282 20279 20277 20275 20275 20275 20275 20281 
20270 20271 20271 20271 20269 20269 20267 20267 20255 20255 20255 20255 20255 20255 20257 20255 20255 20255 20255 20255 
20247 20199 20199 20199 20199 20199 20199 20215 20215 20215 20215 20215 20215 20215 20215 20215 20215 20215 20215 20215 
20192 20189 20187 20187 20187 20187 20191 20191 20185 20185 20185 20185 20185 20185 
20161 20161 20145 20145 20145 20161 20157 20157 20157 20165 20159 20159 20159 20157 
20138 20131 20129 20129 20133 20133 20135 20137 20135 20135 
20122 20121 20125 20125 20121 20123 20111 20121 20111 20111 20111 20111 20111 20111 20111 20111 20111 20111 
20103 20095 20063 20063 20063 20063 20075 20075 20075 20075 20075 20075 20085 20075 20075 20075 20075 20075 
20056 20049 20051 20051 20051 20051 20051 20055 20051 20051 20051 20051 
20044 20041 20041 20043 20041 20038 20033 20041 20033 20033 20033 20033 20033 20033 20033 20033 
20025 19993 19993 19993 19993 20001 20001 20001 20001 20009 20001 20007 20001 20001 20001 20001 
19986 19981 19981 19981 19981 19981 19983 19985 19983 19983 19981 19981 
19976 19967 19973 19977 19975 19969 19971 19973 19967 19967 19969 19969 19967 19967 
19943 19943 19943 19927 19927 19939 19939 19939 19939 19939 19941 19941 19939 19939 
19920 19919 19919 19919 19922 19915 19917 19919 19915 19917 19915 19915 
19907 19891 19883 19883 19891 19891 19891 19891 19891 19891 19891 19891 
19876 19873 19867 19867 19867 19867 19867 19867 19873 19873 
19862 19861 19859 19863 19857 19859 19859 19859 19857 19857 
19849 19833 19833 19837 19837 19837 19837 19837 19837 19837 
19826 19825 19825 19825 19825 19825 19825 19825 19823 19823 
19815 19799 19799 19795 19795 19799 19795 19795 19795 19795 19795 19797 19795 19795 
19787 19783 19783 19791 19788 19788 19780 19780 19780 19780 19780 19780 19780 19780 19780 
19772 19756 19756 19740 19740 19752 19752 19754 19750 19750 19750 19750 19754 19750 19750 
19732 19724 19722 19730 19730 19733 19732 19732 19730 19730 
19717 19718 19718 19718 19714 19714 19714 19714 19712 19712 
19704 19696 19688 19692 19692 19692 19692 19692 19692 19692 
19681 19680 19680 19680 19680 19680 19680 19680 
19675 19676 19676 19676 19674 19672 19670 19672 19670 19670 
19662 19638 19638 19638 19646 19646 19646 19646 19646 19646 19646 19646 
19631 19630 19630 19630 19632 19630 19630 19630 
19625 19627 19626 19626 19624 19622 19622 19622 19620 19620 
19612 19596 19596 19600 19600 19600 19600 19600 19600 19600 
19589 19588 19588 19588 19590 19588 19588 19588 
19583 19585 19584 19584 19582 19580 19580 19580 19578 19578 
19570 19546 19546 19546 19558 19558 19558 19558 19558 19558 
19541 19542 19538 19539 19538 19538 19538 19538 
19522 19522 19526 19522 19522 19522 19522 19522 
19515 19514 19514 19514 19514 19514 19514 19514 
19509 19510 19510 19507 19506 19506 19506 19506 19504 19504 
19472 19472 19472 19472 19484 19484 19484 19484 19484 19484 
19465 19464 19468 19468 19465 19464 19465 19464 
19459 19457 19460 19460 19457 19456 19457 19456 
19448 19440 19440 19440 19440 19444 19440 19440 
19433 19432 19432 19432 19432 19432 19432 19432 
19427 19428 19428 19428 19424 19420 19424 19424 19420 19420 19420 19420 
19412 19388 19388 19388 19396 19396 19396 19396 19396 19400 19396 19396 
19381 19380 19380 19380 19381 19381 19380 19380 
19375 19373 19376 19376 19373 19372 19372 19372 
19364 19356 19356 19356 19356 19356 19356 19356 
19349 19348 19348 19348 19351 19349 19348 19348 
19343 19340 19344 19344 19343 19341 19340 19340 19337 19337 19337 
19313 19313 19313 19317 19317 19315 19315 19315 19315 19315 19315 
19306 19305 19303 19303 19303 19307 19305 19305 
19298 19299 19300 19297 19295 19296 19295 19295 19293 19293 
19269 19269 19269 19273 19273 19273 19273 19273 19273 19273 
19262 19261 19261 19261 19261 19261 19261 19261 
19256 19253 19258 19255 19255 19253 19253 19253 
19229 19229 19229 19237 19235 19237 19235 19235 19235 
19224 19223 19223 19223 19223 19223 19221 19221 
19197 19197 19197 19205 19211 19205 19205 19205 
19190 19189 19191 19191 19189 19190 19189 19189 
19184 19185 19186 19179 19181 19182 19181 19181 19179 19179 
19155 19155 19155 19159 19159 19159 19159 19159 19159 19159 
19148 19147 19147 19147 19147 19148 19147 19147 
19142 19141 19144 19141 19139 19140 19139 19137 19137 19137 
19129 19105 19105 19105 19117 19117 19117 19117 19117 19117 
19100 19101 19102 19101 19097 19099 19098 19097 
19089 19081 19081 19081 19081 19081 19081 19081 
19074 19073 19073 19073 19075 19073 19073 19073 
19068 19069 19070 19069 19067 19065 19065 19065 19063 19063 
19055 19039 19039 19047 19043 19039 19049 19043 19039 19039 19039 19039 
19032 19027 19027 19027 19027 19027 19032 19031 
19022 19020 19024 19023 19021 19019 19020 19016 19016 19016 19016 
19008 18984 18984 18984 18996 18994 18994 18994 18996 18994 18994 
18977 18978 18978 18980 18978 18975 18976 18976 18973 18973 18973 
18941 18941 18949 18941 18953 18951 18951 18951 18953 18951 18951 
18934 18929 18929 18935 18935 18933 18933 18933 
18924 18921 18926 18923 18923 18920 18922 18921 18915 18915 18915 18915 18915 18915 
18883 18883 18883 18883 18887 18887 18887 18895 18895 18887 18887 18887 18887 18887 
18876 18871 18871 18871 18871 18871 18875 18875 
18866 18865 18868 18865 18865 18863 18863 18860 18860 18860 18860 
18828 18828 18828 18828 18840 18838 18838 18840 18838 18838 18838 
18821 18822 18822 18822 18820 18817 18820 18820 18817 18817 18817 
18809 18793 18793 18797 18797 18795 18795 18795 18797 18795 18795 
18786 18785 18781 18783 18783 18787 18785 18785 
18776 18777 18773 18777 18775 18775 18773 18773 
18765 18757 18757 18757 18757 18757 18757 18757 
18750 18749 18749 18749 18751 18751 18749 18749 
18744 18745 18745 18745 18743 18743 18741 18741 18738 18738 18738 
18706 18706 18706 18706 18718 18716 18716 18718 18716 18716 18716 
18699 18698 18700 18702 18700 18700 18698 18698 
18693 18692 18694 18694 18692 18692 18690 18690 
18666 18666 18666 18674 18674 18674 18674 18674 
18659 18662 18662 18660 18660 18660 18658 18658 
18650 18642 18634 18642 18640 18646 18640 18640 18640 
18627 18626 18628 18628 18628 18628 18626 18626 
18621 18620 18622 18620 18616 18620 18616 18618 18616 18616 
18608 18592 18592 18596 18596 18596 18596 18596 18596 18596 
18585 18584 18584 18584 18586 18586 18584 18584 
18579 18578 18580 18578 18578 18572 18572 18572 18572 18572 18572 18572 
18564 18540 18540 18540 18548 18548 18548 18548 18548 18548 18548 18548 
18533 18532 18532 18532 18534 18532 18532 18532 
18527 18526 18528 18526 18526 18524 18522 18522 18522 18522 
18514 18498 18498 18502 18502 18500 18500 18506 18500 18500 18500 
18491 18490 18488 18488 18488 18492 18490 18490 
18483 18484 18484 18484 18482 18482 18477 18477 18477 18477 18477 
18469 18453 18453 18457 18457 18455 18455 18455 18455 18455 18455 
18446 18445 18443 18443 18443 18445 18445 18445 
18438 18437 18439 18437 18437 18435 18435 18435 18427 18427 18427 18427 18427 18427 18427 18427 
18419 18379 18379 18379 18379 18379 18395 18395 18393 18393 18393 18393 18393 18393 18393 18393 18393 
18372 18371 18369 18369 18369 18373 18371 18371 18367 18367 18367 18367 
18359 18351 18335 18335 18343 18343 18343 18343 18343 18343 18343 18343 
18328 18325 18319 18319 18319 18319 18319 18319 
18314 18315 18313 18313 18311 18313 18305 18305 18305 18305 18305 18305 18305 18305 
18265 18265 18265 18265 18265 18277 18277 18277 18277 18277 18277 18277 18277 18277 
18258 18257 18257 18257 18257 18259 18255 18257 18255 18255 
18247 18231 18231 18239 18227 18227 18227 18227 18227 18227 18227 18227 18227 18227 
18219 18215 18215 18223 18221 18221 18219 18219 18205 18205 18208 18205 18208 18205 18205 18205 18205 18205 18206 18205 18205 18205 
18149 18181 18149 18149 18149 18149 18149 18161 18161 18161 18161 18161 18167 18161 18161 18161 18161 18161 18161 18161 18161 18161 
18141 18125 18125 18133 18133 18133 18133 18133 18135 18135 18135 18135 18135 18135 
18120 18121 18119 18119 18119 18119 18111 18117 18111 18111 18111 18111 18111 18111 
18103 18071 18071 18071 18071 18083 18083 18083 18083 18083 18083 18083 18083 18083 
18064 18063 18063 18063 18065 18061 18061 18063 18061 18061 
18037 18037 18037 18045 18041 18041 18045 18045 18041 18041 
18030 18023 18021 18021 18031 18031 18029 18029 
18016 18017 18013 18017 18015 18011 18013 18013 18011 18011 
17987 17987 17987 17991 17991 17991 17991 17991 17991 17991 
17980 17979 17979 17979 17981 17981 17979 17979 
17974 17975 17971 17973 17973 17973 17971 17971 17969 17969 
17945 17953 17945 17953 17949 17949 17949 17949 17949 17949 
17938 17937 17937 17937 17939 17939 17937 17937 
17932 17933 17931 17931 17931 17931 17927 17929 17927 17927 
17919 17895 17895 17895 17907 17905 17905 17905 17905 17905 17905 
17888 17887 17889 17889 17889 17889 17887 17887 
17882 17883 17883 17881 17881 17881 17879 17879 17877 17877 
17869 17845 17845 17845 17857 17857 17857 17861 17857 17857 
17840 17841 17841 17839 17839 17839 17837 17837 
17829 17821 17821 17821 17821 17821 17821 17821 
17814 17809 17809 17809 17809 17809 17813 17813 
17804 17805 17805 17803 17803 17803 17801 17801 17795 17795 17795 17795 17795 17795 
17787 17755 17755 17755 17755 17767 17767 17767 17767 17775 17767 17767 17767 17767 
17748 17747 17747 17747 17749 17745 17747 17747 17745 17745 
17721 17721 17721 17729 17725 17725 17725 17725 17725 17725 
17714 17711 17705 17705 17715 17715 17713 17713 
17700 17701 17701 17699 17699 17699 17697 17697 17693 17693 17693 17693 
17685 17661 17661 17661 17669 17669 17669 17669 17669 17671 17671 17669 
17654 17653 17653 17653 17655 17655 17653 17653 
17648 17649 17649 17647 17647 17647 17645 17645 17643 17643 
17635 17619 17619 17623 17623 17623 17623 17623 17623 17623 
17612 17611 17611 17611 17613 17613 17611 17611 
17606 17605 17607 17605 17605 17601 17603 17603 17601 17601 
17569 17569 17569 17569 17581 17579 17579 17579 17579 17579 17579 
17564 17563 17563 17563 17563 17563 17561 17561 
17553 17545 17545 17545 17545 17545 17545 17545 
17538 17533 17533 17533 17533 17533 17537 17537 
17528 17527 17529 17527 17527 17527 17525 17519 17519 17519 17519 17519 17519 17519 
17487 17487 17487 17487 17491 17491 17491 17491 17491 17491 17491 17491 17491 17491 
17480 17475 17475 17475 17475 17475 17479 17479 
17470 17471 17471 17469 17469 17469 17467 17467 17461 17461 17461 17461 17461 17461 
17453 17429 17429 17429 17433 17433 17433 17433 17433 17433 17433 17433 17433 17433 
17422 17417 17417 17417 17417 17417 17421 17421 
17412 17411 17411 17411 17411 17411 17403 17403 17403 17403 17403 17403 17403 17403 
17395 17363 17363 17363 17363 17375 17375 17375 17375 17375 17375 17375 17375 17375 
17356 17355 17355 17355 17357 17357 17355 17353 17353 17353 
17345 17329 17329 17325 17325 17325 17325 17325 17325 17325 17325 17325 17325 17325 
17317 17300 17300 17300 17300 17318 17318 17317 
17293 17292 17290 17290 17290 17293 17293 17292 
17285 17282 17286 17284 17282 17284 17283 17278 17278 17278 17278 17278 
17270 17262 17246 17246 17254 17254 17254 17254 17260 17254 17254 17254 
17239 17238 17238 17238 17240 17238 17238 17238 
17233 17230 17234 17232 17232 17230 17230 17228 17228 17228 
17220 17212 17196 17196 17208 17206 17206 17206 17206 17206 17206 
17191 17192 17190 17190 17188 17190 17188 17188 
17180 17164 17164 17172 17172 17172 17172 17172 
17157 17156 17154 17154 17154 17156 17156 17156 
17149 17146 17148 17148 17148 17146 17146 17142 17142 17142 17142 17142 
17126 17126 17110 17110 17118 17118 17118 17124 17118 17118 17118 17118 
17103 17102 17102 17102 17104 17102 17102 17102 
17097 17092 17098 17098 17096 17094 17094 17092 17092 17092 
17076 17076 17060 17060 17072 17070 17070 17070 17074 17070 17070 
17055 17054 17054 17056 17054 17052 17052 17052 
17044 17036 17028 17036 17036 17036 17036 17036 
17021 17020 17022 17024 17022 17022 17020 17020 
17015 17014 17016 17012 17014 17014 17012 17008 17008 17008 17008 17008 
17000 16992 16976 16976 16984 16984 16984 16984 16984 16984 16984 16984 
16969 16968 16968 16968 16968 16970 16968 16968 
16963 16962 16964 16960 16960 16962 16960 16956 16956 16956 16956 16956 
16940 16924 16924 16924 16932 16932 16932 16938 16932 16932 16932 16932 
16917 16916 16916 16916 16916 16916 16916 16916 
16911 16910 16910 16912 16908 16908 16906 16908 16906 16906 
16890 16890 16874 16874 16886 16886 16886 16886 16888 16886 
16869 16870 16870 16870 16866 16868 16866 16866 
16858 16850 16850 16850 16850 16850 16850 16850 
16843 16842 16842 16842 16844 16842 16842 16842 
16837 16838 16838 16838 16834 16834 16834 16834 
16826 16818 16818 16818 16818 16818 16818 16818 
16811 16806 16806 16806 16806 16806 16810 16810 
16801 16804 16798 16798 16800 16800 16792 16798 16792 16792 16792 16792 16792 16792 
16760 16760 16760 16760 16764 16764 16764 16774 16774 16764 16764 16764 16764 16764 
16753 16748 16748 16748 16748 16748 16752 16752 
16743 16738 16744 16742 16742 16742 16740 16738 16738 16738 
16730 16706 16706 16706 16718 16718 16718 16718 16720 16718 
16701 16702 16702 16700 16700 16700 16698 16698 
16682 16674 16674 16682 16682 16682 16682 16682 
16667 16666 16670 16670 16668 16668 16666 16666 
16661 16660 16662 16660 16660 16660 16656 16658 16656 16656 
16624 16624 16624 16624 16636 16636 16636 16638 16638 16636 
16619 16620 16620 16620 16616 16618 16616 16616 
16600 16600 16600 16600 16600 16600 16600 16600 
16593 16592 16592 16592 16594 16594 16592 16592 
16587 16588 16588 16588 16586 16582 16582 16584 16582 16582 
16558 16558 16558 16562 16562 16562 16562 16562 16564 16562 
16551 16550 16550 16550 16552 16552 16550 16550 
16545 16546 16546 16544 16544 16544 16542 16542 16538 16538 16538 16538 
16506 16506 16506 16506 16514 16514 16514 16520 16514 16514 16514 16514 
16499 16498 16498 16498 16500 16500 16498 16498 
16493 16494 16494 16494 16492 16492 16490 16490 16486 16486 16486 16486 
16454 16470 16454 16454 16462 16462 16462 16468 16462 16462 16462 16462 
16447 16446 16446 16446 16448 16448 16446 16446 
16441 16442 16442 16442 16440 16440 16438 16438 
16430 16422 16414 16422 16422 16422 16422 16422 
16407 16406 16410 16410 16406 16408 16406 16406 
16401 16400 16400 16402 16398 16396 16398 16398 16396 16396 
16364 16364 16364 16364 16376 16376 16376 16376 16376 16376 
16359 16360 16360 16360 16358 16356 16356 16356 
16340 16340 16336 16336 16336 16336 16336 16336 16336 16336 
16330 16316 16316 16316 16331 16330 16323 16323 16323 16323 16323 16323 16323 
16309 16308 16308 16308 16310 16310 16303 16303 16303 16303 16303 16303 16303 
16271 16287 16271 16271 16279 16279 16277 16277 16277 16277 16277 16277 16277 
16264 16261 16255 16255 16261 16265 16263 16263 
16250 16249 16249 16251 16247 16246 16246 16247 16246 
16238 16222 16222 16230 16228 16228 16228 16228 16228 
16215 16216 16216 16218 16214 16216 16214 16214 
16206 16190 16190 16198 16198 16198 16198 16198 
16183 16182 16184 16186 16184 16184 16182 16182 
16177 16176 16176 16178 16176 16172 16174 16172 16172 16172 
16164 16148 16148 16152 16152 16150 16150 16150 16150 16150 16150 
16141 16140 16138 16138 16138 16142 16140 16140 
16133 16132 16134 16134 16132 16132 16122 16122 16122 16122 16122 16122 16122 16122 16122 16122 
16114 16074 16074 16074 16074 16074 16090 16090 16088 16088 16088 16088 16088 16088 16088 16088 16088 
16067 16066 16064 16064 16064 16068 16062 16062 16062 16062 16062 16062 
16054 16030 16030 16030 16030 16030 16030 16030 16028 16028 16028 16028 16028 16028 16028 16028 16028 
16022 16012 16012 16012 16022 16022 16013 15999 16000 16014 16000 16000 15998 15998 15990 15990 15990 15990 15990 15990 15990 15990 15990 15990 15990 15990 15990 15990 15990 15990 15990 15990 15990 15990 15990 
15982 15958 15958 15886 15886 15886 15886 15886 15886 15886 15886 15886 15886 15914 15914 15914 15914 15914 15914 15914 15946 15946 15914 15914 15914 15914 15914 15914 15914 15914 15914 15914 15914 15914 15914 
15878 15854 15854 15854 15862 15862 15862 15862 15862 15864 15864 15862 15860 15872 15860 15860 15860 15860 15860 15860 15860 15860 15860 15860 
15847 15846 15846 15846 15846 15848 15846 15846 15828 15828 15828 15828 15828 15828 15828 15828 15828 15828 15828 15828 15828 15828 15828 15828 
15820 15812 15756 15756 15756 15756 15756 15756 15756 15776 15776 15776 15776 15776 15776 15776 15776 15776 15776 15776 15776 15776 15776 15776 
15749 15742 15740 15740 15740 15740 15740 15740 15738 15738 15738 15738 15738 15738 15738 15738 15738 15738 
15730 15722 15706 15706 15690 15690 15706 15702 15702 15702 15702 15702 15702 15702 15702 15702 15702 15702 
15676 15676 15678 15674 15666 15666 15666 15666 15666 15666 15666 15666 
15659 15658 15658 15658 15658 15660 15658 15648 15654 15648 15654 15648 15648 15648 15648 15648 15648 15648 
15640 15632 15616 15600 15600 15600 15612 15612 15612 15612 15612 15612 15612 15612 15612 15612 15612 15612 
15593 15586 15584 15584 15588 15588 15592 15592 15588 15588 15588 15588 
15577 15576 15580 15580 15572 15578 15576 15576 15572 15572 15572 15572 
15564 15540 15540 15540 15548 15548 15548 15548 15548 15548 15548 15548 
15533 15530 15532 15532 15532 15534 15532 15532 15528 15528 15528 15528 
15520 15512 15496 15496 15496 15496 15496 15496 15496 15496 15498 15498 15498 15496 15496 15496 
15489 15482 15480 15480 15480 15482 15480 15480 
15473 15472 15474 15474 15472 15472 15472 15472 
15467 15466 15468 15464 15464 15464 15464 15464 
15456 15448 15448 15448 15448 15448 15448 15448 
15441 15440 15440 15440 15440 15440 15440 15440 
15435 15428 15436 15432 15434 15432 15428 15432 15428 15428 15428 15428 
15420 15396 15396 15396 15408 15404 15404 15404 15404 15404 15404 15404 
15389 15388 15388 15388 15388 15390 15388 15388 
15383 15380 15380 15382 15382 15380 15380 15380 
15372 15356 15356 15364 15364 15364 15364 15364 
15351 15352 15350 15350 15350 15348 15348 15348 
15340 15332 15332 15332 15332 15332 15332 15332 
15325 15324 15324 15324 15324 15326 15324 15324 
15319 15320 15314 15318 15316 15314 15314 15316 15314 15314 
15290 15290 15290 15294 15294 15294 15294 15294 15294 15294 
15283 15282 15282 15282 15282 15284 15282 15282 
15277 15278 15272 15278 15274 15272 15272 15274 15272 15272 
15264 15240 15240 15240 15252 15252 15252 15252 15252 15252 
15233 15232 15234 15236 15232 15232 15232 15232 
15227 15224 15226 15228 15224 15224 15224 15224 
15216 15200 15200 15208 15208 15208 15208 15208 
15195 15196 15196 15196 15194 15192 15192 15192 
15184 15176 15180 15176 15176 15176 15176 15176 
15169 15168 15168 15168 15170 15170 15168 15168 
15163 15164 15160 15164 15160 15162 15160 15160 
15152 15144 15144 15144 15144 15144 15144 15144 
15137 15136 15136 15136 15138 15138 15136 15136 
15131 15132 15130 15132 15128 15130 15128 15128 
15120 15104 15104 15112 15112 15112 15112 15112 
15097 15096 15098 15100 15098 15098 15096 15096 
15091 15084 15088 15092 15090 15090 15088 15088 15084 15084 15084 15084 
15076 15052 15052 15052 15060 15060 15060 15060 15060 15060 15060 15060 
15045 15044 15044 15044 15046 15044 15044 15044 
15039 15042 15038 15040 15038 15038 15036 15036 15032 15032 15032 15032 
15024 15000 15000 15000 15008 15008 15008 15008 15008 15008 15008 15008 
14993 14992 14992 14992 14994 14994 14992 14992 
14987 14990 14986 14986 14986 14986 14984 14984 14980 14980 14980 14980 
14972 14948 14948 14948 14956 14956 14956 14956 14956 14956 14956 14956 
14941 14940 14940 14940 14940 14942 14940 14940 
14935 14932 14934 14936 14934 14932 14932 14932 
14924 14908 14908 14916 14916 14916 14916 14916 
14903 14904 14904 14904 14902 14902 14900 14900 
14876 14876 14876 14884 14884 14884 14884 14884 
14869 14868 14870 14870 14870 14870 14868 14868 
14863 14862 14862 14862 14862 14858 14858 14858 14858 14858 
14850 14834 14834 14838 14838 14838 14838 14838 14838 14838 
14827 14826 14826 14826 14828 14828 14826 14826 
14821 14820 14820 14822 14820 14820 14818 14818 
14794 14794 14794 14802 14802 14802 14802 14802 
14789 14790 14790 14788 14788 14788 14786 14786 
14778 14762 14762 14770 14774 14770 14770 14770 
14755 14754 14756 14758 14756 14756 
14749 14748 14744 14750 14748 14748 14744 14744 14744 14744 
14720 14720 14720 14724 14724 14724 14724 14724 14724 14724 
14713 14712 14712 14712 14714 14714 
14707 14706 14708 14706 14706 14706 14704 14704 
14696 14680 14680 14688 14688 14688 14688 14688 
14675 14676 14676 14674 14674 14674 14672 14672 
14664 14658 14656 14656 14656 14656 14656 14656 
14648 14652 14652 14650 14650 14650 14644 14644 14644 14644 14644 14644 
14636 14630 14629 14620 14620 14620 14620 14620 14620 14620 14620 14620 
14612 14616 14616 14614 14614 14614 14602 14612 14602 14602 14602 14602 14602 14602 14602 14602 14602 14602 
14594 14588 14581 14582 14566 14566 14566 14566 14566 14566 14566 14566 14566 14566 14566 14566 14566 14566 
14558 14562 14562 14560 14560 14560 14557 14542 14542 14542 14542 14542 14542 14542 14542 14542 14542 14542 14542 14542 14542 14542 14542 14542 
14534 14528 14514 14514 14512 14512 14494 14494 14494 14494 14494 14494 14494 14494 14494 14494 14494 14494 14494 14494 14494 14494 14494 14494 
14486 14490 14490 14490 14488 14488 14485 14485 14485 14470 14470 14470 14470 14470 14470 14470 14470 14470 14470 14470 14470 14470 14470 14470 
14462 14456 14442 14442 14440 14440 14422 14422 14422 14422 14422 14422 14422 14422 14422 14422 14422 14422 14422 14422 14422 14422 14422 14422 
14414 14418 14418 14416 14416 14416 14413 14413 14413 14392 14392 14392 14392 14392 14392 14392 14392 14392 14392 14392 14392 14392 14392 14392 14392 14392 14392 14392 14392 14392 
14384 14378 14350 14350 14350 14350 14357 14332 14332 14332 14332 14332 14332 14332 14332 14332 14332 14332 14332 14332 14332 14332 14332 14332 14332 14332 14332 14332 14332 14332 
14324 14328 14326 14326 14302 14326 14323 14323 14323 14302 14302 14302 14302 14302 14302 14302 14302 14302 14302 14302 14302 14302 14302 14302 14302 14302 14302 14302 14302 14302 
14294 14288 14260 14260 14260 14260 14267 14242 14242 14242 14242 14242 14242 14242 14242 14242 14242 14242 14242 14242 14242 14242 14242 14242 14242 14242 14242 14242 14242 14242 
14234 14238 14238 14238 14236 14236 14233 14227 14233 14223 14223 14223 14227 14227 14227 14223 14223 14223 14223 
14215 14209 14202 14203 14187 14187 14187 14187 14187 14185 14185 14185 14185 14185 14185 14185 14185 14185 14185 
14177 14181 14179 14179 14179 14179 14176 14176 14176 14151 14151 14151 14151 14151 14151 14151 14151 14151 14155 14151 14151 14151 14151 14151 14151 14151 14151 14151 14151 14151 14151 14151 14151 14151 
14143 14109 14109 14109 14109 14109 14111 14111 14083 14083 14083 14083 14083 14083 14083 14083 14083 14083 14083 14083 14083 14083 14083 14083 14083 14083 14083 14083 14083 14083 14083 14083 14083 14083 
14075 14079 14077 14077 14077 14077 14074 14074 14074 14070 14070 14070 14070 14049 14049 14049 14049 14049 14049 14049 14049 14049 14049 14049 14049 14049 14049 14049 14049 14049 14049 14049 14049 14049 
14041 14035 14007 14007 14007 14007 14009 14009 13981 13981 13981 13981 13981 13981 13981 13981 13981 13981 13981 13981 13981 13981 13981 13981 13981 13981 13981 13981 13981 13981 13981 13981 13981 13981 
13973 13977 13972 13975 13975 13975 13972 13972 13972 13968 13968 13968 13968 13962 13962 13962 13947 13947 13947 13947 13947 13947 13947 13947 13947 13947 13947 13947 13947 13947 13947 13947 13947 13947 
13939 13933 13905 13905 13905 13905 13907 13907 13879 13879 13879 13879 13879 13879 13879 13879 13879 13879 13879 13879 13879 13879 13879 13879 13891 13879 13879 13879 13879 13879 13879 13879 13879 13879 
13871 13875 13873 13873 13873 13873 13870 13871 13849 13849 13866 13866 13866 13839 13839 13839 13839 13839 13839 13839 13839 13839 13839 13839 13839 13839 13839 13839 13842 13842 13842 13842 13842 13842 13842 13842 13839 13839 13839 
13831 13783 13783 13783 13783 13783 13783 13783 13789 13789 13759 13759 13759 13759 13759 13759 13759 13759 13759 13759 13759 13759 13759 13759 13759 13759 13759 13759 13759 13759 13759 13759 13759 13759 13759 13759 13759 13759 13759 
13751 13755 13750 13753 13753 13753 13750 13750 13750 13747 13747 13747 
13739 13733 13732 13719 13719 13719 13719 13719 13719 13719 13719 13719 13719 13719 
13713 13715 13710 13713 13713 13713 13710 13710 13710 13705 13705 13705 13705 13705 
13697 13691 13690 13677 13677 13677 13677 13677 13677 13677 13677 13677 13677 13677 
13671 13673 13671 13671 13671 13671 13668 13657 13668 13657 13657 13657 13657 13657 13657 13657 13657 13657 13657 13657 
13649 13629 13629 13629 13632 13617 13617 13617 13617 13617 13617 13617 13617 13617 13617 13617 13617 13617 13617 13617 
13611 13612 13613 13613 13611 13611 13608 13608 13608 13607 13591 13591 13591 13591 13591 13591 13591 13591 13591 13591 13591 13591 13591 13591 13591 13591 
13583 13577 13556 13556 13556 13561 13539 13539 13539 13539 13539 13539 13539 13539 13539 13539 13539 13539 13539 13539 13539 13539 13539 13539 13539 13539 
13533 13535 13535 13533 13530 13533 13530 13530 13513 13528 13528 13513 13513 13513 13513 13513 13513 13513 13513 13513 13513 13513 13513 13513 13513 13513 
13505 13478 13478 13478 13478 13483 13461 13461 13461 13461 13461 13461 13461 13461 13461 13461 13461 13461 13461 13461 13461 13461 13461 13461 13461 13461 
13455 13457 13457 13455 13452 13455 13452 13452 13435 13450 13450 13435 13435 13435 13435 13435 13435 13435 13435 13435 13435 13435 13435 13435 13435 13435 
13427 13400 13400 13400 13400 13405 13383 13383 13383 13383 13383 13383 13383 13383 13383 13383 13383 13383 13383 13383 13383 13383 13383 13383 13383 13383 
13377 13379 13379 13377 13374 13377 13374 13374 13357 13372 13372 13357 13357 13357 13357 13357 13357 13357 13357 13357 13357 13357 13357 13357 13357 13357 
13349 13322 13322 13322 13322 13327 13305 13305 13305 13305 13305 13305 13305 13305 13305 13305 13305 13305 13305 13305 13305 13305 13305 13305 13305 13305 
13299 13301 13301 13299 13296 13299 13296 13296 13279 13294 13294 13279 13279 13279 13279 13279 13279 13279 13279 13279 13279 13279 13279 13279 13279 13279 
13271 13244 13244 13244 13244 13249 13227 13227 13227 13227 13227 13227 13227 13227 13227 13227 13227 13227 13227 13227 13227 13227 13227 13227 13227 13227 
13221 13223 13223 13221 13218 13221 13218 13218 13201 13216 13216 13201 13201 13201 13201 13201 13201 13201 13201 13201 13201 13201 13201 13201 13201 13201 
13193 13166 13166 13166 13166 13171 13149 13149 13149 13149 13149 13149 13149 13149 13149 13149 13149 13149 13149 13149 13149 13149 13149 13149 13149 13149 
13143 13145 13145 13143 13140 13143 13140 13140 13140 
13132 13130 13124 13124 13122 13122 13122 13122 13122 
13116 13118 13118 13118 13117 13116 13114 13114 13111 13111 13111 13109 13109 
13101 13095 13094 13085 13085 13085 13083 13083 13083 13083 13083 13083 13083 
13077 13079 13077 13079 13077 13064 13064 13075 13072 13072 13064 13064 13064 13064 13064 13064 13064 13064 13064 
13056 13043 13043 13044 13028 13028 13028 13028 13028 13026 13026 13026 13026 13026 13026 13026 13026 13026 13026 
13020 13022 13020 13020 13021 13007 13018 13007 13007 13007 13015 13007 13007 13007 13007 13007 13007 13007 13007 
12999 12993 12986 12987 12971 12971 12971 12971 12971 12969 12969 12969 12969 12969 12969 12969 12969 12969 12969 
12963 12958 12963 12965 12963 12963 12961 12950 12959 12959 12950 12950 12950 12950 12950 12950 12950 12950 12950 
12942 12929 12929 12930 12914 12914 12914 12914 12914 12912 12912 12912 12912 12912 12912 12912 12912 12912 12912 
12906 12908 12906 12908 12893 12906 12904 12893 12902 12901 12901 12893 12893 12893 12893 12893 12893 12893 12893 
12885 12872 12872 12873 12857 12857 12857 12857 12857 12855 12855 12855 12855 12855 12855 12855 12855 12855 12855 
12849 12851 12849 12851 12850 12849 12847 12836 12845 12844 12836 12836 12836 12836 12836 12836 12836 12836 12836 
12828 12815 12815 12816 12800 12800 12800 12800 12800 12798 12798 12798 12798 12798 12798 12798 12798 12798 12798 
12792 12795 12792 12794 12792 12792 12790 12779 12779 12788 12787 12779 12779 12779 12779 12779 12779 12779 12779 
12771 12758 12758 12759 12743 12743 12743 12743 12743 12741 12741 12741 12741 12741 12741 12741 12741 12741 12741 
12735 12737 12735 12737 12736 12735 12733 12722 12731 12722 12722 12722 12722 12722 12722 12722 12722 12722 12722 
12714 12701 12701 12702 12686 12686 12686 12686 12686 12684 12684 12684 12684 12684 12684 12684 12684 12684 12684 
12678 12681 12678 12678 12678 12678 12676 12665 12674 12674 12673 12665 12665 12665 12665 12665 12665 12665 12665 
12657 12644 12644 12645 12629 12629 12629 12629 12629 12627 12627 12627 12627 12627 12627 12627 12627 12627 12627 
12621 12624 12621 12621 12621 12621 12619 12608 12617 12617 12616 12608 12608 12608 12608 12608 12608 12608 12608 
12600 12587 12587 12588 12572 12572 12572 12572 12572 12570 12570 12570 12570 12570 12570 12570 12570 12570 12570 
12564 12567 12564 12564 12564 12564 12562 12551 12560 12560 12559 12551 12551 12551 12551 12551 12551 12551 12551 
12543 12530 12530 12531 12515 12515 12515 12515 12515 12513 12513 12513 12513 12513 12513 12513 12513 12513 12513 
12507 12510 12507 12507 12507 12507 12505 12494 12503 12494 12502 12494 12494 12494 12494 12494 12494 12494 12494 
12486 12473 12473 12474 12458 12458 12458 12458 12458 12456 12456 12456 12456 12456 12460 12456 12456 12456 12456 
12450 12453 12450 12450 12450 12450 12448 12437 12446 12446 12445 12437 12437 12437 12437 12437 12437 12437 12437 
12429 12416 12416 12417 12401 12401 12401 12401 12401 12399 12399 12399 12399 12399 12403 12399 12399 12399 12399 
12393 12396 12393 12393 12393 12393 12391 12380 12389 12389 12388 12380 12380 12380 12380 12380 12380 12380 12380 
12372 12359 12359 12360 12344 12344 12344 12344 12344 12342 12342 12342 12342 12342 12346 12342 12342 12342 12342 
12336 12339 12336 12336 12336 12336 12334 12323 12332 12332 12331 12323 12323 12323 12323 12323 12323 12323 12323 
12315 12302 12302 12303 12287 12287 12287 12287 12287 12285 12285 12285 12285 12285 12289 12285 12285 12285 12285 
12279 12282 12279 12279 12279 12279 12277 12266 12275 12275 12274 12266 12266 12266 12266 12266 12266 12266 12266 
12258 12245 12245 12246 12230 12230 12230 12230 12230 12228 12228 12228 12228 12228 12232 12228 12228 12228 12228 
12222 12225 12222 12222 12222 12222 12220 12209 12218 12218 12217 12209 12209 12209 12209 12209 12209 12209 12209 
12201 12188 12188 12189 12173 12173 12173 12173 12173 12171 12171 12171 12171 12171 12175 12171 12171 12171 12171 
12165 12168 12165 12165 12165 12165 12163 12152 12161 12161 12160 12152 12152 12152 12152 12152 12152 12152 12152 
12144 12131 12131 12132 12116 12116 12116 12116 12116 12114 12114 12114 12114 12114 12118 12114 12114 12114 12114 
12108 12111 12108 12108 12108 12108 12106 12095 12104 12104 12103 12095 12095 12095 12095 12095 12095 12095 12095 
12087 12074 12074 12075 12059 12059 12059 12059 12059 12057 12057 12057 12057 12057 12061 12057 12057 12057 12057 
12051 12054 12051 12051 12051 12051 12049 12038 12047 12047 12046 12038 12038 12038 12038 12038 12038 12038 12038 
12030 12017 12017 12018 12002 12002 12002 12002 12002 12000 12000 12000 12000 12000 12004 12000 12000 12000 12000 
11994 11997 11994 11994 11994 11994 11992 11981 11990 11990 11989 11981 11981 11981 11981 11981 11981 11981 11981 
11973 11960 11960 11961 11945 11945 11945 11945 11945 11943 11943 11943 11943 11943 11947 11943 11943 11943 11943 
11937 11940 11937 11937 11937 11937 11935 11924 11933 11933 11932 11924 11924 11924 11924 11924 11924 11924 11924 
11916 11903 11903 11904 11888 11888 11888 11888 11888 11886 11886 11886 11886 11886 11890 11886 11886 11886 11886 
11880 11883 11880 11880 11880 11880 11878 11867 11876 11876 11875 11867 11867 11867 11867 11867 11867 11867 11867 
11859 11846 11846 11847 11831 11831 11831 11831 11831 11829 11829 11829 11829 11829 11833 11829 11829 11829 11829 
11823 11826 11823 11823 11823 11823 11821 11810 11819 11819 11818 11810 11810 11810 11810 11810 11810 11810 11810 
11802 11789 11789 11790 11774 11774 11774 11774 11774 11772 11772 11772 11772 11772 11776 11772 11772 11772 11772 
11766 11769 11766 11766 11766 11766 11764 11753 11762 11762 11761 11753 11753 11753 11753 11753 11753 11753 11753 
11745 11732 11732 11733 11717 11717 11717 11717 11717 11715 11715 11715 11715 11715 11719 11715 11715 11715 11715 
11709 11712 11709 11709 11709 11709 11707 11696 11705 11705 11704 11696 11696 11696 11696 11696 11696 11696 11696 
11688 11675 11675 11676 11660 11660 11660 11660 11660 11658 11658 11658 11658 11658 11662 11658 11658 11658 11658 
11652 11655 11652 11652 11652 11652 11650 11639 11648 11648 11647 11639 11639 11639 11639 11639 11639 11639 11639 
11631 11618 11618 11619 11603 11603 11603 11603 11603 11601 11601 11601 11601 11601 11601 11601 11601 11601 11601 
11595 11597 11595 11597 11582 11591 11593 11582 11590 11582 11582 11582 11582 11582 11582 11582 11582 11582 11582 
11574 11568 11561 11562 11546 11546 11546 11546 11546 11544 11544 11544 11544 11544 11544 11544 11544 11544 11544 
11538 11540 11538 11538 11539 11538 11536 11525 11525 11525 11525 11525 11525 11525 11525 11525 11525 11525 11525 
11517 11504 11504 11505 11489 11489 11489 11489 11489 11487 11487 11487 11487 11487 11487 11487 11487 11487 11487 
11481 11483 11481 11481 11482 11481 11479 11468 11476 11477 11468 11468 11468 11468 11468 11468 11468 11468 11468 
11460 11447 11447 11448 11432 11432 11432 11432 11432 11430 11430 11430 11430 11430 11430 11430 11430 11430 11430 
11424 11426 11424 11426 11425 11424 11422 11411 11411 11411 11411 11411 11411 11411 11411 11411 11411 11411 11411 
11403 11390 11390 11391 11375 11375 11375 11375 11375 11373 11373 11373 11373 11373 11373 11373 11373 11373 11373 
11367 11369 11367 11369 11368 11367 11365 11354 11354 11354 11354 11354 11354 11354 11354 11354 11354 11354 11354 
11346 11333 11333 11334 11318 11318 11318 11318 11318 11316 11316 11316 11316 11316 11316 11316 11316 11316 11316 
11310 11312 11310 11312 11311 11310 11308 11297 11297 11297 11297 11297 11297 11297 11297 11297 11297 11297 11297 
11289 11276 11276 11277 11261 11261 11261 11261 11261 11259 11259 11259 11259 11259 11259 11259 11259 11259 11259 
11253 11255 11253 11255 11254 11253 11251 11240 11240 11240 11240 11240 11240 11240 11240 11240 11240 11240 11240 
11232 11219 11219 11220 11204 11204 11204 11204 11204 11202 11202 11202 11202 11202 11202 11202 11202 11202 11202 
11196 11198 11196 11198 11197 11196 11194 11183 11183 11183 11183 11183 11183 11183 11183 11183 11183 11183 11183 
11175 11162 11162 11163 11147 11147 11147 11147 11147 11145 11145 11145 11145 11145 11145 11145 11145 11145 11145 
11139 11141 11139 11141 11140 11139 11137 11126 11126 11126 11126 11126 11126 11126 11126 11126 11126 11126 11126 
11118 11105 11105 11106 11090 11090 11090 11090 11090 11088 11088 11088 11088 11088 11088 11088 11088 11088 11088 
11082 11084 11082 11084 11083 11082 11080 11069 11069 11069 11069 11069 11069 11069 11069 11069 11069 11069 11069 
11061 11048 11048 11049 11033 11033 11033 11033 11033 11031 11031 11031 11031 11031 11031 11031 11031 11031 11031 
11025 11027 11025 11027 11026 11025 11023 11012 11012 11012 11012 11012 11012 11012 11012 11012 11012 11012 11012 
11004 10991 10991 10992 10976 10976 10976 10976 10976 10974 10974 10974 10974 10974 10974 10974 10974 10974 10974 
10968 10970 10968 10970 10969 10968 10966 10955 10955 10955 10955 10955 10955 10955 10955 10955 10955 10955 10955 
10947 10934 10934 10935 10919 10919 10919 10919 10919 10917 10917 10917 10917 10917 10917 10917 10917 10917 10917 
10911 10913 10911 10913 10912 10911 10909 10898 10898 10898 10898 10898 10898 10898 10898 10898 10898 10898 10898 
10890 10877 10877 10878 10862 10862 10862 10862 10862 10860 10860 10860 10860 10860 10860 10860 10860 10860 10860 
10854 10856 10854 10856 10855 10854 10852 10841 10841 10841 10841 10841 10841 10841 10841 10841 10841 10841 10841 
10833 10820 10820 10821 10805 10805 10805 10805 10805 10803 10803 10803 10803 10803 10803 10803 10803 10803 10803 
10797 10799 10797 10799 10798 10797 10795 10784 10784 10784 10784 10784 10784 10784 10784 10784 10784 10784 10784 
10776 10763 10763 10764 10748 10748 10748 10748 10748 10746 10746 10746 10746 10746 10746 10746 10746 10746 10746 
10740 10742 10740 10742 10741 10740 10738 10727 10727 10727 10727 10727 10727 10727 10727 10727 10727 10727 10727 
10719 10706 10706 10707 10691 10691 10691 10691 10691 10689 10689 10689 10689 10689 10689 10689 10689 10689 10689 
10683 10685 10683 10685 10684 10683 10681 10670 10670 10670 10670 10670 10670 10670 10670 10670 10670 10670 10670 
10662 10649 10649 10650 10634 10634 10634 10634 10634 10632 10632 10632 10632 10632 10632 10632 10632 10632 10632 
10626 10628 10626 10628 10627 10626 10624 10613 10613 10613 10613 10613 10613 10613 10613 10613 10613 10613 10613 
10605 10592 10592 10593 10577 10577 10577 10577 10577 10575 10575 10575 10575 10575 10575 10575 10575 10575 10575 
10569 10571 10569 10571 10570 10569 10567 10556 10556 10556 10556 10556 10556 10556 10556 10556 10556 10556 10556 
10548 10535 10535 10536 10520 10520 10520 10520 10520 10518 10518 10518 10518 10518 10518 10518 10518 10518 10518 
10512 10514 10512 10514 10513 10512 10510 10499 10499 10499 10499 10499 10499 10499 10499 10499 10499 10499 10499 
10491 10478 10478 10479 10463 10463 10463 10463 10463 10461 10461 10461 10461 10461 10461 10461 10461 10461 10461 
10455 10457 10455 10457 10456 10455 10453 10442 10442 10442 10442 10442 10442 10442 10442 10442 10442 10442 10442 
10434 10421 10421 10422 10406 10406 10406 10406 10406 10404 10404 10404 10404 10404 10404 10404 10404 10404 10404 
10398 10400 10398 10400 10399 10398 10396 10385 10385 10385 10385 10385 10385 10385 10385 10385 10385 10385 10385 
10377 10364 10364 10365 10349 10349 10349 10349 10349 10347 10347 10347 10347 10347 10347 10347 10347 10347 10347 
10341 10343 10341 10343 10342 10341 10339 10328 10328 10328 10328 10328 10328 10328 10328 10328 10328 10328 10328 
10320 10307 10307 10308 10292 10292 10292 10292 10292 10290 10290 10290 10290 10290 10290 10290 10290 10290 10290 
10284 10286 10284 10286 10285 10284 10282 10271 10271 10271 10271 10271 10271 10271 10271 10271 10271 10271 10271 
10263 10250 10250 10251 10235 10235 10235 10235 10235 10233 10233 10233 10233 10233 10233 10233 10233 10233 10233 
10227 10229 10227 10229 10228 10227 10225 10214 10214 10214 10214 10214 10214 10214 10214 10214 10214 10214 10214 
10206 10193 10193 10194 10178 10178 10178 10178 10178 10176 10176 10176 10176 10176 10176 10176 10176 10176 10176 
10170 10172 10170 10172 10171 10170 10168 10157 10157 10157 10157 10157 10157 10157 10157 10157 10157 10157 10157 
10149 10136 10136 10137 10121 10121 10121 10121 10121 10119 10119 10119 10119 10119 10119 10119 10119 10119 10119 
10113 10115 10113 10115 10114 10113 10111 10100 10100 10100 10100 10100 10100 10100 10100 10100 10100 10100 10100 
10092 10079 10079 10080 10064 10064 10064 10064 10064 10062 10062 10062 10062 10062 10062 10062 10062 10062 10062 
10056 10058 10056 10058 10057 10056 10054 10043 10043 10043 10043 10043 10043 10043 10043 10043 10043 10043 10043 
10035 10022 10022 10023 10007 10007 10007 10007 10007 10005 10005 10005 10005 10005 10005 10005 10005 10005 10005 
9999 10001 9999 10001 10000 9999 9997 9986 9986 9986 9986 9986 9986 9986 9986 9986 9986 9986 9986 
9978 9965 9965 9966 9950 9950 9950 9950 9950 9948 9948 9948 9948 9948 9948 9948 9948 9948 9948 
9942 9944 9942 9944 9943 9942 9940 9929 9929 9929 9929 9929 9929 9929 9929 9929 9929 9929 9929 
9921 9908 9908 9909 9893 9893 9893 9893 9893 9891 9891 9891 9891 9891 9891 9891 9891 9891 9891 
9885 9887 9885 9887 9886 9885 9883 9872 9872 9872 9872 9872 9872 9872 9872 9872 9872 9872 9872 
9864 9851 9851 9852 9836 9836 9836 9836 9836 9834 9834 9834 9834 9834 9834 9834 9834 9834 9834 
9828 9830 9828 9830 9829 9828 9826 9815 9815 9815 9815 9815 9815 9815 9815 9815 9815 9815 9815 
9807 9794 9794 9795 9779 9779 9779 9779 9779 9777 9777 9777 9777 9777 9777 9777 9777 9777 9777 
9771 9773 9771 9773 9772 9771 9769 9769 
9761 9759 9753 9753 9753 9753 9753 9753 
9747 9749 9739 9749 9748 9745 9745 9745 9739 9739 9739 9739 9739 9739 
9731 9725 9724 9711 9711 9711 9711 9721 9711 9711 9711 9711 9711 9711 
9705 9693 9693 9707 9706 9703 9703 9703 9693 9700 9693 9693 9693 9693 9693 9693 9693 9693 
9685 9679 9672 9673 9657 9657 9657 9657 9657 9657 9657 9657 9657 9657 9657 9657 9657 9657 
9651 9639 9639 9639 9652 9649 9649 9649 9646 9646 9639 9639 9639 9639 9639 9639 9639 9639 
9631 9625 9618 9619 9603 9603 9603 9603 9603 9603 9603 9603 9603 9603 9603 9603 9603 9603 
9597 9585 9593 9585 9585 9595 9595 9595 9585 9585 9592 9585 9585 9585 9585 9585 9585 9585 
9577 9571 9564 9565 9549 9549 9549 9549 9549 9549 9549 9549 9549 9549 9549 9549 9549 9549 
9543 9531 9531 9531 9531 9541 9541 9531 9531 9531 9538 9531 9531 9531 9531 9531 9531 9531 
9523 9510 9510 9511 9495 9495 9495 9495 9495 9493 9493 9493 9493 9493 9493 9493 9493 9493 9493 
9488 9474 9474 9474 9488 9485 9485 9474 9474 9474 9482 9474 9474 9474 9474 9474 9474 9474 9474 
9466 9460 9453 9454 9438 9438 9438 9438 9438 9436 9436 9436 9440 9436 9436 9436 9436 9436 9436 
9431 9417 9417 9428 9417 9428 9428 9417 9417 9417 9425 9417 9417 9417 9417 9417 9417 9417 9417 
9409 9403 9396 9397 9381 9381 9381 9381 9381 9379 9379 9379 9379 9379 9379 9379 9379 9379 9379 
9374 9360 9360 9360 9360 9371 9371 9371 9368 9368 9368 9360 9360 9360 9360 9360 9360 9360 9360 
9352 9346 9339 9340 9324 9324 9324 9324 9324 9322 9322 9322 9322 9322 9322 9322 9322 9322 9322 
9317 9303 9303 9303 9303 9314 9314 9314 9311 9311 9311 9303 9303 9303 9303 9303 9303 9303 9303 
9295 9289 9282 9283 9267 9267 9267 9267 9267 9265 9265 9265 9265 9265 9265 9265 9265 9265 9265 
9260 9246 9246 9246 9246 9257 9257 9257 9254 9254 9254 9246 9246 9246 9246 9246 9246 9246 9246 
9238 9232 9225 9226 9210 9210 9210 9210 9210 9208 9208 9208 9208 9208 9208 9208 9208 9208 9208 
9203 9189 9189 9189 9189 9200 9200 9200 9197 9197 9197 9189 9189 9189 9189 9189 9189 9189 9189 
9181 9175 9168 9169 9153 9153 9153 9153 9153 9151 9151 9151 9151 9151 9151 9151 9151 9151 9151 
9146 9132 9132 9132 9132 9143 9143 9143 9132 9140 9140 9132 9132 9132 9132 9132 9132 9132 9132 
9124 9118 9111 9112 9096 9096 9096 9096 9096 9094 9094 9094 9094 9094 9094 9094 9094 9094 9094 
9089 9075 9075 9075 9075 9086 9086 9086 9083 9083 9083 9075 9075 9075 9075 9075 9075 9075 9075 
9067 9061 9054 9055 9039 9039 9039 9039 9039 9037 9037 9037 9037 9037 9037 9037 9037 9037 9037 
9032 9018 9018 9018 9018 9029 9029 9029 9018 9026 9026 9018 9018 9018 9018 9018 9018 9018 9018 
9010 9004 8997 8998 8982 8982 8982 8982 8982 8980 8980 8980 8980 8980 8980 8980 8980 8980 8980 
8975 8961 8961 8961 8961 8972 8972 8972 8961 8969 8969 8961 8961 8961 8961 8961 8961 8961 8961 
8953 8947 8940 8941 8925 8925 8925 8925 8925 8923 8923 8923 8923 8923 8923 8923 8923 8923 8923 
8918 8904 8904 8904 8904 8915 8915 8915 8904 8912 8912 8904 8904 8904 8904 8904 8904 8904 8904 
8896 8890 8883 8884 8868 8868 8868 8868 8868 8866 8866 8866 8866 8866 8866 8866 8866 8866 8866 
8861 8847 8847 8847 8847 8858 8858 8858 8847 8855 8855 8847 8847 8847 8847 8847 8847 8847 8847 
8839 8833 8826 8827 8811 8811 8811 8811 8811 8809 8809 8809 8809 8809 8809 8809 8809 8809 8809 
8804 8790 8790 8790 8790 8801 8801 8801 8790 8798 8798 8790 8790 8790 8790 8790 8790 8790 8790 
8782 8776 8769 8770 8754 8754 8754 8754 8754 8752 8752 8752 8752 8752 8752 8752 8752 8752 8752 
8747 8733 8733 8733 8733 8744 8744 8744 8733 8741 8741 8733 8733 8733 8733 8733 8733 8733 8733 
8725 8719 8712 8713 8697 8697 8697 8697 8697 8695 8695 8695 8695 8695 8695 8695 8695 8695 8695 
8690 8676 8676 8676 8676 8687 8687 8687 8676 8684 8684 8676 8676 8676 8676 8676 8676 8676 8676 
8668 8662 8655 8656 8640 8640 8640 8640 8640 8638 8638 8638 8638 8638 8638 8638 8638 8638 8638 
8633 8619 8619 8619 8619 8630 8630 8630 8619 8627 8627 8619 8619 8619 8619 8619 8619 8619 8619 
8611 8605 8598 8599 8583 8583 8583 8583 8583 8581 8581 8581 8581 8581 8581 8581 8581 8581 8581 
8576 8562 8562 8562 8562 8573 8573 8573 8562 8570 8570 8562 8562 8562 8562 8562 8562 8562 8562 
8554 8548 8541 8542 8526 8526 8526 8526 8526 8524 8524 8524 8524 8524 8524 8524 8524 8524 8524 
8519 8505 8505 8505 8505 8516 8516 8516 8505 8513 8513 8505 8505 8505 8505 8505 8505 8505 8505 
8497 8491 8484 8485 8469 8469 8469 8469 8469 8467 8467 8467 8467 8467 8467 8467 8467 8467 8467 
8462 8448 8448 8448 8448 8459 8459 8459 8448 8456 8456 8448 8448 8448 8448 8448 8448 8448 8448 
8440 8434 8427 8428 8412 8412 8412 8412 8412 8410 8410 8410 8410 8410 8410 8410 8410 8410 8410 
8405 8391 8391 8391 8391 8402 8402 8402 8391 8399 8399 8391 8391 8391 8391 8391 8391 8391 8391 
8383 8377 8370 8371 8355 8355 8355 8355 8355 8353 8353 8353 8353 8353 8353 8353 8353 8353 8353 
8348 8334 8334 8334 8334 8345 8345 8345 8334 8342 8342 8334 8334 8334 8334 8334 8334 8334 8334 
8326 8320 8313 8314 8298 8298 8298 8298 8298 8296 8296 8296 8296 8296 8296 8296 8296 8296 8296 
8291 8277 8277 8277 8277 8288 8288 8277 8277 8285 8285 8277 8277 8277 8277 8277 8277 8277 8277 
8269 8263 8256 8257 8241 8241 8241 8241 8241 8239 8239 8239 8239 8239 8239 8239 8239 8239 8239 
8234 8220 8220 8228 8220 8231 8231 8231 8228 8228 8228 8220 8220 8220 8220 8220 8220 8220 8220 
8212 8206 8199 8200 8184 8184 8184 8184 8184 8182 8182 8182 8182 8182 8182 8182 8182 8182 8182 
8177 8163 8163 8163 8163 8174 8174 8163 8171 8163 8171 8163 8163 8163 8163 8163 8163 8163 8163 
8155 8149 8142 8143 8127 8127 8127 8127 8127 8125 8125 8125 8125 8125 8125 8125 8125 8125 8125 
8120 8106 8106 8114 8106 8117 8117 8117 8114 8114 8114 8106 8106 8106 8106 8106 8106 8106 8106 
8098 8092 8085 8086 8070 8070 8070 8070 8070 8068 8068 8068 8068 8068 8068 8068 8068 8068 8068 
8063 8049 8049 8049 8049 8060 8060 8060 8057 8049 8049 8049 8049 8049 8049 8049 8049 8049 8049 
8041 8035 8028 8029 8013 8013 8013 8013 8013 8011 8011 8011 8011 8011 8011 8011 8011 8011 8011 
8006 7992 7992 8000 7992 8003 8003 8003 8000 8000 8000 7992 7992 7992 7992 7992 7992 7992 7992 
7984 7978 7971 7972 7956 7956 7956 7956 7956 7954 7954 7954 7954 7954 7954 7954 7954 7954 7954 
7949 7935 7935 7935 7935 7946 7946 7935 7943 7935 7943 7935 7935 7935 7935 7935 7935 7935 7935 
7927 7921 7914 7915 7899 7899 7899 7899 7899 7897 7897 7897 7897 7897 7897 7897 7897 7897 7897 
7892 7878 7878 7886 7878 7889 7889 7889 7886 7886 7886 7878 7878 7878 7878 7878 7878 7878 7878 
7870 7864 7857 7858 7842 7842 7842 7842 7842 7844 7840 7840 7840 7840 7840 7840 7840 7840 7840 
7835 7838 7821 7821 7821 7832 7832 7832 7829 7829 7829 7821 7821 7821 7821 7821 7821 7821 7821 
7813 7807 7800 7801 7785 7785 7785 7785 7785 7783 7783 7783 7783 7783 7783 7783 7783 7783 7783 
7778 7764 7764 7764 7764 7775 7775 7775 7772 7772 7772 7764 7764 7764 7764 7764 7764 7764 7764 
7756 7743 7743 7744 7732 7728 7728 7728 7728 7726 7726 7726 7726 7726 7726 7726 7726 7726 7726 
7721 7707 7723 7707 7715 7718 7718 7718 7707 7707 7707 7707 7707 7707 7707 7707 7707 7707 7707 
7699 7693 7686 7687 7675 7671 7671 7671 7671 7669 7669 7669 7669 7669 7669 7669 7669 7669 7669 
7664 7650 7666 7650 7658 7661 7661 7661 7650 7659 7650 7650 7650 7650 7650 7650 7650 7650 7650 
7642 7636 7629 7630 7614 7614 7614 7614 7614 7612 7612 7612 7612 7612 7612 7612 7612 7612 7612 
7607 7593 7601 7593 7593 7604 7604 7604 7593 7593 7593 7593 7593 7593 7593 7593 7593 7593 7593 
7585 7579 7572 7573 7561 7557 7557 7557 7557 7555 7555 7555 7555 7555 7555 7555 7555 7555 7555 
7550 7536 7536 7536 7536 7547 7536 7536 7536 7536 7536 7536 7536 7536 7536 7536 7536 7536 7536 
7528 7515 7515 7516 7500 7500 7500 7500 7500 7498 7498 7498 7498 7498 7498 7498 7498 7498 7498 
7493 7479 7479 7479 7479 7479 7479 7479 7479 7479 7479 7479 7479 7479 7479 7479 7479 7479 7479 
7471 7458 7458 7459 7443 7443 7443 7443 7443 7441 7441 7441 7441 7441 7441 7441 7441 7441 7441 
7436 7422 7422 7422 7422 7433 7422 7422 7422 7422 7422 7422 7422 7422 7422 7422 7422 7422 7422 
7414 7401 7401 7402 7386 7386 7386 7386 7386 7384 7384 7384 7384 7384 7384 7384 7384 7384 7384 
7379 7365 7365 7365 7365 7376 7365 7365 7365 7365 7365 7365 7365 7365 7365 7365 7365 7365 7365 
7357 7344 7344 7345 7329 7329 7329 7329 7329 7327 7327 7327 7327 7327 7327 7327 7327 7327 7327 
7322 7308 7308 7308 7308 7319 7308 7308 7308 7308 7308 7308 7308 7308 7308 7308 7308 7308 7308 
7300 7287 7287 7288 7272 7272 7272 7272 7272 7270 7270 7270 7270 7270 7270 7270 7270 7270 7270 
7265 7251 7251 7251 7251 7262 7251 7251 7251 7251 7251 7251 7251 7251 7251 7251 7251 7251 7251 
7243 7230 7230 7231 7215 7215 7215 7215 7215 7213 7213 7213 7213 7213 7213 7213 7213 7213 7213 
7208 7194 7194 7194 7194 7205 7194 7194 7194 7194 7194 7194 7194 7194 7194 7194 7194 7194 7194 
7186 7173 7173 7174 7158 7158 7158 7158 7158 7156 7156 7156 7156 7156 7156 7156 7156 7156 7156 
7151 7137 7137 7137 7137 7148 7137 7137 7137 7137 7137 7137 7137 7137 7137 7137 7137 7137 7137 
7129 7116 7116 7117 7101 7101 7101 7101 7101 7099 7099 7099 7099 7099 7099 7099 7099 7099 7099 
7094 7080 7080 7080 7080 7091 7080 7080 7080 7080 7080 7080 7080 7080 7080 7080 7080 7080 7080 
7072 7059 7059 7060 7044 7044 7044 7044 7044 7042 7042 7042 7042 7042 7042 7042 7042 7042 7042 
7037 7023 7023 7023 7023 7034 7023 7023 7023 7023 7023 7023 7023 7023 7023 7023 7023 7023 7023 
7015 7002 7002 7003 6987 6987 6987 6987 6987 6985 6985 6985 6985 6985 6985 6985 6985 6985 6985 
6980 6966 6966 6966 6966 6977 6966 6966 6966 6966 6966 6966 6966 6966 6966 6966 6966 6966 6966 
6958 6945 6945 6946 6930 6930 6930 6930 6930 6928 6928 6928 6928 6928 6928 6928 6928 6928 6928 
6923 6909 6909 6909 6909 6920 6909 6909 6909 6909 6909 6909 6909 6909 6909 6909 6909 6909 6909 
6901 6888 6888 6889 6873 6873 6873 6873 6873 6871 6871 6871 6871 6871 6871 6871 6871 6871 6871 
6866 6852 6852 6852 6852 6863 6852 6852 6852 6852 6852 6852 6852 6852 6852 6852 6852 6852 6852 
6844 6831 6831 6832 6816 6816 6816 6816 6816 6814 6814 6814 6814 6814 6814 6814 6814 6814 6814 
6809 6795 6795 6795 6795 6806 6795 6795 6795 6795 6795 6795 6795 6795 6795 6795 6795 6795 6795 
6787 6774 6774 6775 6759 6759 6759 6759 6759 6757 6757 6757 6757 6757 6757 6757 6757 6757 6757 
6752 6738 6738 6738 6738 6749 6738 6738 6738 6738 6738 6738 6738 6738 6738 6738 6738 6738 6738 
6730 6717 6717 6718 6702 6702 6702 6702 6702 6700 6700 6700 6700 6700 6700 6700 6700 6700 6700 
6695 6681 6681 6681 6681 6692 6681 6681 6681 6681 6681 6681 6681 6681 6681 6681 6681 6681 6681 
6673 6660 6660 6661 6645 6645 6645 6645 6645 6643 6643 6643 6643 6643 6643 6643 6643 6643 6643 
6638 6624 6624 6624 6624 6635 6624 6624 6624 6624 6624 6624 6624 6624 6624 6624 6624 6624 6624 
6616 6603 6603 6604 6588 6588 6588 6588 6588 6586 6586 6586 6586 6586 6586 6586 6586 6586 6586 
6581 6567 6567 6567 6567 6578 6567 6567 6567 6567 6567 6567 6567 6567 6567 6567 6567 6567 6567 
6559 6546 6546 6547 6531 6531 6531 6531 6531 6529 6529 6529 6529 6529 6529 6529 6529 6529 6529 
6524 6510 6510 6510 6510 6521 6510 6510 6510 6510 6510 6510 6510 6510 6510 6510 6510 6510 6510 
6502 6489 6489 6490 6474 6474 6474 6474 6474 6472 6472 6472 6472 6472 6472 6472 6472 6472 6472 
6467 6453 6453 6453 6453 6464 6453 6453 6453 6453 6453 6453 6453 6453 6453 6453 6453 6453 6453 
6445 6432 6432 6433 6417 6417 6417 6417 6417 6415 6415 6415 6415 6415 6415 6415 6415 6415 6415 
6410 6396 6396 6396 6396 6407 6396 6396 6396 6396 6396 6396 6396 6396 6396 6396 6396 6396 6396 
6388 6375 6375 6376 6360 6360 6360 6360 6360 6358 6358 6358 6358 6358 6358 6358 6358 6358 6358 
6353 6339 6339 6339 6339 6350 6339 6339 6339 6339 6339 6339 6339 6339 6339 6339 6339 6339 6339 
6331 6318 6318 6319 6303 6303 6303 6303 6303 6301 6301 6301 6301 6301 6301 6301 6301 6301 6301 
6296 6282 6282 6282 6282 6293 6282 6282 6282 6282 6282 6282 6282 6282 6282 6282 6282 6282 6282 
6274 6261 6261 6262 6246 6246 6246 6246 6246 6244 6244 6244 6244 6244 6244 6244 6244 6244 6244 
6239 6225 6225 6225 6225 6236 6225 6225 6225 6225 6225 6225 6225 6225 6225 6225 6225 6225 6225 
6217 6204 6204 6205 6189 6189 6189 6189 6189 6187 6187 6187 6187 6187 6187 6187 6187 6187 6187 
6182 6168 6168 6168 6168 6179 6168 6168 6168 6168 6168 6168 6168 6168 6168 6168 6168 6168 6168 
6160 6147 6147 6148 6132 6132 6132 6132 6132 6130 6130 6130 6130 6130 6130 6130 6130 6130 6130 
6125 6111 6111 6111 6111 6122 6111 6111 6111 6111 6111 6111 6111 6111 6111 6111 6111 6111 6111 
6103 6090 6090 6091 6075 6075 6075 6075 6075 6073 6073 6073 6073 6073 6073 6073 6073 6073 6073 
6068 6054 6054 6054 6054 6065 6054 6054 6054 6054 6054 6054 6054 6054 6054 6054 6054 6054 6054 
6046 6033 6033 6034 6018 6018 6018 6018 6018 6016 6016 6016 6016 6016 6016 6016 6016 6016 6016 
6011 5997 5997 5997 5997 6008 5997 5997 5997 5997 5997 5997 5997 5997 5997 5997 5997 5997 5997 
5989 5976 5976 5977 5961 5961 5961 5961 5961 5959 5959 5963 5959 5959 5959 5959 5959 5959 5959 
5954 5940 5955 5940 5940 5951 5940 5940 5940 5940 5940 5940 5940 5940 5940 5940 5940 5940 5940 
5932 5926 5919 5920 5904 5904 5904 5904 5904 5920 5902 5902 5902 5902 5902 5902 5902 5902 5902 
5897 5894 5883 5897 5883 5894 5883 5883 5883 5883 5883 5883 5889 5883 5883 5883 5883 5883 5883 
5875 5862 5862 5863 5847 5847 5847 5847 5847 5845 5845 5845 5845 5845 5845 5845 5845 5845 5845 
5840 5842 5826 5826 5826 5837 5826 5826 5826 5826 5826 5826 5826 5826 5826 5826 5826 5826 5826 
5818 5805 5805 5806 5790 5790 5790 5790 5790 5788 5788 5788 5788 5788 5788 5788 5788 5788 5788 
5783 5785 5769 5769 5769 5780 5769 5769 5769 5769 5769 5775 5769 5769 5769 5769 5769 5769 5769 
5761 5748 5748 5749 5733 5733 5733 5733 5733 5731 5731 5731 5731 5731 5731 5731 5731 5731 5731 
5726 5728 5712 5712 5712 5723 5712 5712 5712 5712 5712 5712 5712 5712 5712 5712 5712 5712 5712 
5704 5691 5691 5692 5676 5676 5676 5676 5676 5674 5674 5674 5674 5674 5674 5674 5674 5674 5674 
5669 5671 5655 5655 5655 5666 5655 5655 5655 5655 5655 5661 5655 5655 5655 5655 5655 5655 5655 
5647 5634 5634 5635 5619 5619 5619 5619 5619 5617 5617 5617 5617 5617 5617 5617 5617 5617 5617 
5612 5614 5598 5598 5598 5609 5598 5598 5598 5598 5598 5598 5598 5598 5598 5598 5598 5598 5598 
5590 5577 5577 5578 5562 5562 5562 5562 5562 5560 5560 5560 5560 5560 5560 5560 5560 5560 5560 
5555 5541 5556 5541 5541 5552 5541 5541 5541 5541 5541 5541 5541 5541 5541 5541 5541 5541 5541 
5533 5527 5520 5521 5505 5505 5505 5505 5505 5503 5503 5503 5503 5503 5503 5503 5503 5503 5503 
5498 5484 5499 5484 5484 5484 5484 5484 5484 5484 5484 5484 5484 5484 5484 5484 5484 5484 5484 
5476 5470 5463 5464 5448 5448 5448 5448 5448 5446 5446 5446 5446 5446 5446 5446 5446 5446 5446 
5441 5427 5442 5427 5427 5427 5427 5427 5427 5427 5427 5427 5427 5427 5427 5427 5427 5427 5427 
5419 5413 5406 5407 5391 5391 5391 5391 5391 5389 5389 5389 5389 5389 5389 5389 5389 5389 5389 
5384 5370 5385 5370 5370 5370 5370 5370 5370 5370 5370 5370 5370 5370 5370 5370 5370 5370 5370 
5362 5356 5349 5350 5334 5334 5334 5334 5334 5332 5332 5332 5332 5332 5332 5332 5332 5332 5332 
5327 5328 5313 5313 5313 5321 5313 5313 5313 5313 5313 5313 5313 5313 5313 5313 5313 5313 5313 
5305 5299 5292 5293 5277 5277 5277 5277 5277 5275 5275 5275 5275 5275 5275 5275 5275 5275 5275 
5270 5256 5256 5256 5256 5256 5256 5256 5256 5256 5256 5256 5256 5256 5256 5256 5256 5256 5256 
5248 5235 5235 5236 5220 5228 5220 5220 5220 5218 5218 5218 5218 5218 5218 5218 5218 5218 5218 
5213 5208 5199 5199 5199 5207 5199 5199 5199 5199 5205 5199 5199 5199 5199 5199 5199 5199 5199 
5191 5178 5178 5179 5163 5163 5163 5163 5163 5161 5161 5161 5161 5161 5161 5161 5161 5161 5161 
5156 5142 5142 5142 5142 5150 5142 5142 5142 5142 5142 5142 5142 5142 5142 5142 5142 5142 5142 
5134 5128 5121 5122 5106 5106 5106 5106 5106 5116 5104 5104 5104 5104 5104 5104 5104 5104 5104 
5099 5085 5085 5085 5085 5093 5085 5085 5085 5085 5085 5085 5085 5085 5085 5085 5085 5085 5085 
5077 5071 5064 5065 5049 5049 5049 5049 5049 5047 5047 5047 5047 5047 5047 5047 5047 5047 5047 
5042 5028 5028 5028 5028 5036 5037 5028 5028 5028 5028 5028 5028 5028 5028 5028 5028 5028 5028 
5020 5014 5007 5008 4992 4992 4992 4992 4992 4990 4990 4990 4990 4990 4990 4990 4990 4990 4990 
4985 4971 4971 4971 4971 4979 4980 4971 4971 4971 4971 4971 4971 4971 4971 4971 4971 4971 4971 
4963 4957 4950 4951 4935 4935 4935 4935 4935 4933 4933 4933 4933 4933 4933 4933 4933 4933 4933 
4928 4914 4914 4914 4914 4922 4923 4914 4914 4914 4914 4914 4914 4914 4914 4914 4914 4914 4914 
4906 4900 4893 4894 4878 4878 4878 4878 4878 4876 4876 4876 4876 4876 4876 4876 4876 4876 4876 
4871 4857 4857 4857 4857 4865 4866 4857 4857 4857 4857 4857 4857 4857 4857 4857 4857 4857 4857 
4849 4843 4836 4837 4821 4821 4821 4821 4821 4819 4819 4819 4819 4819 4819 4819 4819 4819 4819 
4814 4800 4800 4800 4800 4808 4809 4800 4800 4800 4800 4800 4800 4800 4800 4800 4800 4800 4800 
4792 4786 4779 4780 4764 4764 4764 4764 4764 4762 4762 4762 4762 4762 4762 4762 4762 4762 4762 
4757 4743 4743 4743 4743 4751 4752 4743 4743 4743 4743 4743 4743 4743 4743 4743 4743 4743 4743 
4735 4729 4722 4723 4707 4707 4707 4707 4707 4705 4705 4705 4705 4705 4705 4705 4705 4705 4705 
4700 4686 4686 4686 4686 4694 4695 4686 4686 4686 4686 4686 4686 4686 4686 4686 4686 4686 4686 
4678 4672 4665 4666 4650 4650 4650 4650 4650 4648 4648 4648 4648 4648 4648 4648 4648 4648 4648 
4643 4629 4629 4629 4629 4637 4638 4629 4629 4629 4629 4629 4629 4629 4629 4629 4629 4629 4629 
4621 4615 4608 4609 4593 4593 4593 4593 4593 4591 4591 4591 4591 4591 4591 4591 4591 4591 4591 
4586 4572 4572 4572 4572 4580 4581 4572 4572 4572 4572 4572 4572 4572 4572 4572 4572 4572 4572 
4564 4558 4551 4552 4536 4536 4536 4536 4536 4534 4534 4534 4534 4534 4534 4534 4534 4534 4534 
4529 4515 4515 4515 4515 4523 4524 4515 4515 4515 4515 4515 4515 4515 4515 4515 4515 4515 4515 
4507 4501 4494 4495 4479 4479 4479 4479 4479 4477 4477 4477 4477 4477 4477 4477 4477 4477 4477 
4472 4458 4458 4458 4458 4466 4467 4458 4458 4458 4458 4458 4458 4458 4458 4458 4458 4458 4458 
4450 4444 4437 4438 4422 4422 4422 4422 4422 4420 4420 4420 4420 4420 4420 4420 4420 4420 4420 
4415 4401 4401 4401 4401 4409 4410 4401 4401 4401 4401 4401 4401 4401 4401 4401 4401 4401 4401 
4393 4387 4380 4381 4365 4365 4365 4365 4365 4363 4363 4363 4363 4363 4363 4363 4363 4363 4363 
4358 4344 4344 4344 4344 4352 4353 4344 4344 4344 4344 4344 4344 4344 4344 4344 4344 4344 4344 
4336 4330 4323 4324 4308 4308 4308 4308 4308 4306 4306 4306 4306 4306 4306 4306 4306 4306 4306 
4301 4287 4287 4287 4287 4295 4296 4287 4287 4287 4287 4287 4287 4287 4287 4287 4287 4287 4287 
4279 4273 4266 4267 4251 4251 4251 4251 4251 4249 4249 4249 4249 4249 4249 4249 4249 4249 4249 
4244 4237 4237 4237 4237 4238 4239 4237 4237 4238 4237 4237 
4229 4223 4222 4213 4213 4213 4213 4213 4213 4213 4213 4213 
4208 4201 4201 4209 4201 4201 4201 4201 4201 4201 4201 4201 
4193 4187 4186 4177 4177 4177 4177 4177 4177 4177 4177 4177 
4172 4165 4165 4173 4165 4165 4165 4165 4165 4165 4165 4165 
4157 4151 4150 4141 4141 4141 4141 4141 4141 4141 4141 4141 
4136 4129 4129 4137 4129 4129 4129 4129 4129 4129 4129 4129 
4121 4115 4114 4105 4105 4105 4105 4105 4105 4105 4105 4105 
4100 4093 4093 4101 4093 4093 4093 4093 4093 4093 4093 4093 
4085 4079 4078 4069 4069 4069 4069 4069 4069 4069 4069 4069 
4064 4057 4057 4065 4057 4057 4057 4057 4057 4057 4057 4057 
4049 4043 4042 4033 4033 4033 4033 4033 4033 4033 4033 4033 
4028 4021 4021 4029 4021 4021 4021 4021 4021 4021 4021 4021 
4013 4007 4006 3997 3997 3997 3997 3997 3997 3997 3997 3997 
3992 3985 3985 3993 3985 3985 3985 3985 3985 3985 3985 3985 
3977 3971 3970 3961 3961 3961 3961 3961 3961 3961 3961 3961 
3956 3949 3949 3957 3949 3949 3949 3949 3949 3949 3949 3949 
3941 3935 3934 3925 3925 3925 3925 3925 3925 3925 3925 3925 
3920 3913 3913 3921 3913 3913 3913 3913 3913 3913 3913 3913 
3905 3899 3898 3889 3889 3889 3889 3889 3889 3889 3889 3889 
3884 3877 3877 3885 3877 3877 3877 3877 3877 3877 3877 3877 
3869 3863 3862 3853 3853 3853 3853 3853 3853 3853 3853 3853 
3848 3841 3841 3849 3841 3841 3841 3841 3841 3841 3841 3841 
3833 3827 3826 3817 3817 3817 3817 3817 3817 3817 3817 3817 
3812 3805 3805 3813 3805 3805 3805 3805 3805 3805 3805 3805 
3797 3791 3790 3781 3781 3781 3781 3781 3781 3781 3781 3781 
3776 3769 3769 3777 3769 3769 3769 3769 3769 3769 3769 3769 
3761 3755 3754 3745 3745 3745 3745 3745 3745 3745 3745 3745 
3740 3733 3733 3741 3733 3733 3733 3733 3733 3733 3733 3733 
3725 3719 3718 3709 3709 3709 3709 3709 3709 3709 3709 3709 
3704 3697 3697 3705 3697 3697 3697 3697 3697 3697 3697 3697 
3689 3683 3682 3673 3673 3673 3673 3673 3673 3673 3673 3673 
3668 3661 3661 3669 3661 3661 3661 3661 3661 3661 3661 3661 
3653 3647 3646 3637 3637 3637 3637 3637 3637 3637 3637 3637 
3632 3625 3625 3633 3625 3625 3625 3625 3625 3625 3625 3625 
3617 3611 3610 3601 3601 3601 3601 3601 3601 3601 3601 3601 
3596 3589 3589 3597 3589 3589 3589 3589 3589 3589 3589 3589 
3581 3575 3574 3565 3565 3565 3565 3565 3565 3565 3565 3565 
3560 3553 3553 3561 3553 3553 3553 3553 3553 3553 3553 3553 
3545 3539 3538 3529 3529 3529 3529 3529 3529 3529 3529 3529 
3524 
3522 
3522
