55888
38528 
38415 
36543 
34239 
32547 
32541 
32529 
32523 
32513 
32503 
32497 
32477 
32471 
32451 
31221 
30518 
30508 
30498 
30488 
30482 
30472 
30462 
30126 
29936 
29926 
29916 
29904 
29890 
29554 
29364 
29344 
29338 
29318 
29312 
29302 
29295 
29277 
29263 
29243 
29237 
29217 
29211 
29201 
29191 
28711 
28445 
28431 
28421 
28411 
28405 
28385 
28379 
28359 
28353 
28333 
28327 
28307 
28301 
28281 
28275 
28255 
28249 
28229 
28223 
28213 
28203 
27315 
26821 
26806 
26796 
26786 
26756 
26741 
26721 
26697 
26681 
26669 
25781 
25287 
25272 
25252 
24178 
23570 
23556 
23536 
23530 
23510 
23504 
23484 
23472 
23458 
23446 
23432 
23180 
23047 
23031 
23025 
23013 
22203 
21747 
21733 
21713 
21689 
21673 
21661 
19495 
18773 
18759 
18753 
18741 
18225 
18219 
17415 
17391 
17109 
16269 
16035 
16029 
15237 
15039 
15021 
13971 
11763 
11703 
11697 
11247 
11241 
10821 
10101 
10098 
10095 
10092 
10091 
10089 
10089
