55888
38563 
38421 
36901 
34333 
32909 
32901 
32621 
32557 
32549 
32544 
32539 
31309 
31189 
31182 
31167 
31160 
31153 
31138 
31129 
31114 
31104 
31029 
31015 
30985 
30976 
30961 
30951 
30876 
30867 
30852 
30842 
30767 
30760 
30473 
30398 
30391 
30349 
30334 
30323 
30185 
30110 
30099 
30024 
29979 
29972 
29900 
29855 
29489 
29264 
29257 
28852 
28612 
28601 
28594 
28450 
28360 
28282 
28237 
28230 
28209 
28200 
28193 
28188 
28184 
28178 
28174 
28168 
28090 
28075 
28045 
28038 
27873 
27768 
27669 
27609 
27606 
27599 
27596 
27593 
27257 
27047 
26954 
26909 
26898 
26891 
26501 
26351 
26261 
26254 
26247 
26244 
26240 
26234 
26231 
26224 
26218 
26211 
26112 
26052 
25170 
24990 
24976 
24946 
24937 
24922 
24912 
24837 
24830 
24823 
24793 
24782 
24565 
24520 
24509 
24502 
24403 
24343 
24339 
24333 
24329 
24323 
24179 
24164 
24089 
24086 
23846 
23696 
23375 
23210 
23183 
23173 
23164 
23157 
23153 
23147 
23114 
23099 
23092 
23088 
23082 
23078 
23072 
23068 
23062 
23035 
23020 
23013 
22983 
22968 
22961 
22931 
22916 
22909 
22894 
22883 
22847 
22832 
22818 
22806 
22792 
22789 
22785 
22779 
22743 
22728 
22714 
22675 
22660 
22649 
22286 
22061 
22058 
21839 
21824 
21704 
21700 
21694 
21664 
21649 
21642 
21624 
21613 
21606 
21591 
21580 
21526 
21496 
21489 
21126 
20916 
20907 
20893 
20888 
20884 
20878 
20668 
20548 
20537 
20533 
20527 
20332 
20212 
20208 
20202 
20055 
19965 
19961 
19955 
19937 
19926 
19590 
19515 
19485 
19173 
18807 
18498 
18048 
17940 
17199 
16989 
16353 
16347 
15855 
13725 
12858 
11580 
10635 
10101 
10098 
10095 
10092 
10092
