55888
38563 
38423 
36911 
35031 
32719 
32551 
32545 
31654 
31649 
31642 
31634 
31628 
31619 
31613 
31604 
31598 
31589 
31583 
31574 
31568 
31559 
31553 
31353 
31265 
31177 
31168 
31160 
31151 
31087 
30982 
30926 
30920 
28946 
28935 
28915 
28905 
28899 
28890 
28884 
28875 
28869 
28860 
28854 
28845 
28839 
28830 
28824 
28815 
28809 
28800 
28794 
28785 
28779 
28770 
28764 
28755 
28749 
28740 
28734 
28725 
28719 
28710 
28704 
28695 
28689 
28680 
28674 
28665 
28659 
28654 
28645 
28636 
28630 
28621 
28615 
28606 
28600 
28591 
28585 
28580 
28571 
28563 
28556 
28548 
28541 
28533 
28524 
28518 
28448 
28426 
28393 
28383 
28374 
28366 
28317 
28306 
28296 
28287 
28279 
28271 
28257 
28247 
28240 
28230 
28223 
28215 
28206 
28200 
28195 
28186 
28178 
28171 
28163 
28156 
28148 
28133 
28123 
28118 
28109 
28101 
28092 
28086 
28077 
28071 
28062 
28056 
28047 
28041 
28032 
28026 
28017 
28011 
28002 
27996 
27987 
27981 
27972 
27966 
27957 
27951 
27942 
27936 
27925 
27920 
27911 
27906 
27900 
27891 
27885 
27876 
27870 
27861 
27855 
27846 
27840 
27831 
27825 
27816 
27810 
27801 
27795 
27786 
27780 
27771 
27765 
27756 
27750 
27741 
27735 
27715 
27704 
27694 
27676 
27668 
27661 
27651 
27644 
27636 
27627 
27621 
27614 
27606 
27414 
27271 
26848 
26540 
26533 
26248 
26039 
25664 
25389 
25008 
24733 
24726 
24720 
24713 
24707 
24700 
24697 
24421 
24223 
24216 
24210 
24203 
23963 
23787 
23781 
23774 
23429 
23176 
22687 
22335 
22328 
22169 
22160 
22097 
22087 
22078 
22062 
22052 
22045 
21958 
21903 
21889 
21766 
21678 
21375 
21155 
21148 
21088 
21044 
20918 
20830 
20823 
20613 
20459 
20336 
20248 
19402 
19357 
19341 
19332 
19323 
19315 
19306 
19298 
19289 
19283 
19274 
19268 
19259 
19253 
19244 
19238 
19229 
19223 
19214 
19208 
19199 
19193 
19184 
19178 
19169 
19164 
19137 
19086 
18936 
18504 
18480 
18261 
18198 
18078 
16485 
16425 
15711 
15468 
14772 
13803 
13680 
13677 
13620 
11952 
11949 
10095 
10092 
10091 
10089 
10089
