55888
38563 
38407 
36919 
36895 
32551 
32532 
31524 
31489 
31453 
31419 
31397 
31377 
31359 
31342 
31323 
31307 
31290 
31271 
30631 
30563 
30543 
29903 
29835 
29815 
29207 
29139 
29123 
29106 
29087 
29071 
29054 
29035 
25659 
25557 
25285 
25265 
25249 
25232 
25213 
25181 
25161 
24217 
24115 
24095 
24079 
23103 
23001 
22961 
22033 
21963 
21925 
21905 
21885 
21869 
21229 
21159 
21137 
21115 
19995 
19925 
19887 
19857 
19617 
19473 
19293 
18669 
18657 
17853 
17145 
15753 
14577 
13125 
12969 
10833 
10401 
10137 
10125 
10113 
10104 
10095 
10091 
10089 
10089
