55888
38493 
38415 
36895 
32545 
32529 
32513 
32503 
32493 
32489 
32479 
32469 
32464 
32454 
32450 
32440 
32430 
32425 
32415 
32399 
32382 
32375 
32365 
32360 
32350 
32346 
32326 
32321 
32311 
32307 
32297 
32287 
32282 
32278 
32268 
32258 
32253 
32243 
32239 
32229 
32219 
32214 
32204 
32200 
32190 
32180 
32175 
32165 
32161 
32141 
32136 
32126 
32114 
32099 
32089 
32084 
32074 
32070 
32050 
32045 
32035 
32031 
32011 
32006 
31996 
31992 
31972 
31967 
31957 
31949 
31937 
31930 
31920 
31915 
31905 
31901 
31881 
31876 
31866 
31862 
31852 
31842 
31837 
31827 
31819 
31808 
31788 
31784 
31764 
31759 
31749 
31745 
31735 
31725 
31720 
31710 
31706 
31696 
31686 
31681 
31671 
31667 
31647 
31642 
31632 
31620 
31605 
31595 
31590 
31580 
31576 
31556 
31551 
31541 
31537 
31517 
31512 
31502 
31498 
31488 
31478 
31473 
31463 
31455 
31444 
31424 
31420 
31410 
31400 
31395 
31385 
31381 
31361 
31356 
31346 
31338 
31326 
31319 
31309 
31304 
31294 
31282 
31267 
31257 
31252 
31242 
31238 
31218 
31213 
31203 
31199 
31189 
31179 
31174 
31164 
31160 
31150 
31140 
31135 
31125 
31121 
31101 
31096 
31086 
31082 
31062 
31057 
31047 
31043 
31023 
31018 
31008 
31004 
30994 
30984 
30979 
30969 
30961 
30949 
30942 
30932 
30927 
30917 
30913 
30903 
30893 
30888 
30878 
30866 
30851 
30841 
30836 
30826 
30822 
30802 
30797 
30787 
30783 
30763 
30758 
30748 
30736 
30721 
30711 
30706 
30696 
30692 
30672 
30667 
30657 
30653 
30633 
30628 
30618 
30614 
30594 
30589 
30579 
30571 
30560 
30540 
30536 
30516 
30511 
30501 
30497 
30477 
30472 
30462 
30458 
30448 
30438 
30433 
30423 
30399 
30382 
30368 
30358 
30350 
30339 
30319 
30315 
30295 
30290 
30280 
30276 
30256 
30251 
30241 
30237 
30217 
30212 
30202 
30190 
30175 
30165 
30160 
30150 
30146 
30136 
30126 
30121 
30111 
30107 
30087 
30082 
30072 
30028 
29994 
29978 
29968 
29964 
29954 
29944 
29939 
29929 
29925 
29915 
29905 
29900 
29890 
29886 
29876 
29866 
29861 
29851 
29827 
29810 
29796 
29786 
29778 
29766 
29759 
29749 
29744 
29734 
29726 
29715 
29695 
29687 
29676 
29656 
29652 
29642 
29632 
29627 
29617 
29613 
29593 
29588 
29578 
29570 
29558 
29551 
29541 
29536 
29526 
29522 
29502 
29497 
29487 
29483 
29463 
29458 
29448 
29432 
29416 
29406 
29396 
29392 
29382 
29372 
29367 
29357 
29353 
29343 
29333 
29328 
29318 
29314 
29304 
29294 
29289 
29279 
29275 
29255 
29250 
29240 
29228 
29213 
29203 
29198 
29188 
29184 
29174 
29164 
29159 
29149 
29145 
29135 
29125 
29120 
29110 
29106 
29086 
29081 
29071 
29067 
29047 
29042 
29032 
29028 
29018 
29008 
29003 
28993 
28985 
28974 
28954 
28946 
28935 
28915 
28911 
28891 
28886 
28876 
28872 
28862 
28852 
28847 
28837 
28829 
28817 
28810 
28800 
28795 
28785 
28777 
28765 
28758 
28748 
28743 
28733 
28729 
28709 
28704 
28694 
28690 
28680 
28670 
28665 
28655 
28647 
28635 
28628 
28618 
28613 
28603 
28595 
28583 
28576 
28566 
28561 
28551 
28547 
28537 
28527 
28522 
28512 
28500 
28485 
28475 
28470 
28460 
28452 
28441 
28431 
28421 
28413 
28402 
28392 
28382 
28378 
28358 
28353 
28343 
28339 
28319 
28314 
28306 
28295 
28285 
28275 
28267 
28256 
28236 
28228 
28217 
28197 
28189 
28178 
28158 
28154 
28144 
28134 
28129 
28119 
28107 
28092 
28082 
28077 
28067 
28055 
28040 
28030 
28025 
28015 
28003 
27988 
27978 
27973 
27963 
27951 
27936 
27926 
27921 
27911 
27907 
27887 
27882 
27872 
27860 
27845 
27835 
27830 
27820 
27816 
27796 
27791 
27781 
27769 
27754 
27744 
27739 
27729 
27725 
27705 
27700 
27690 
27686 
27666 
27661 
27651 
27643 
27631 
27624 
27614 
27609 
27599 
27595 
27575 
27570 
27560 
27556 
27546 
27536 
27531 
27521 
27517 
27497 
27492 
27482 
27478 
27458 
27453 
27443 
27439 
27429 
27419 
27414 
27404 
27400 
27380 
27375 
27365 
27357 
27345 
27338 
27328 
27323 
27313 
27285 
27268 
27252 
27245 
27235 
27203 
27169 
27159 
27154 
27144 
27140 
27120 
27115 
27105 
27101 
27081 
27076 
27066 
27062 
27052 
27042 
27037 
27027 
27019 
27007 
27000 
26990 
26985 
26975 
26971 
26961 
26951 
26946 
26936 
26932 
26912 
26907 
26897 
26893 
26873 
26868 
26858 
26846 
26831 
26821 
26816 
26806 
26802 
26782 
26777 
26767 
26762 
26757 
26747 
26743 
26723 
26718 
26708 
26704 
26684 
26679 
26669 
26661 
26650 
26630 
26590 
26573 
26556 
26542 
26532 
26525 
26515 
26510 
26500 
26492 
26480 
26473 
26463 
26458 
26448 
26444 
26424 
26419 
26409 
26401 
26389 
26382 
26372 
26367 
26357 
26353 
26333 
26328 
26318 
26282 
26248 
26237 
26227 
26215 
26200 
26190 
26185 
26175 
26171 
26151 
26146 
26136 
26132 
26122 
26112 
26107 
26097 
26085 
26070 
26060 
26055 
26045 
26041 
26031 
26021 
26016 
26006 
26002 
25982 
25977 
25967 
25947 
25930 
25919 
25912 
25902 
25898 
25888 
25883 
25873 
25861 
25846 
25836 
25831 
25821 
25813 
25802 
25782 
25778 
25758 
25753 
25743 
25739 
25729 
25719 
25714 
25704 
25688 
25672 
25662 
25652 
25648 
25628 
25623 
25613 
25609 
25589 
25584 
25574 
25566 
25555 
25535 
25527 
25515 
25508 
25498 
25493 
25483 
25475 
25463 
25456 
25446 
25441 
25431 
25419 
25404 
25394 
25389 
25379 
25375 
25365 
25355 
25350 
25340 
25332 
25320 
25313 
25303 
25298 
25288 
25284 
25264 
25259 
25249 
25205 
25188 
25171 
25155 
25145 
25141 
25121 
25116 
25106 
25050 
24999 
24984 
24976 
24964 
24949 
24939 
24934 
24924 
24916 
24905 
24885 
24881 
24861 
24856 
24846 
24842 
24822 
24817 
24807 
24755 
24704 
24690 
24674 
24657 
24650 
24640 
24635 
24625 
24613 
24598 
24588 
24583 
24573 
24569 
24549 
24544 
24534 
24458 
24390 
24374 
24363 
24355 
24347 
24335 
24328 
24318 
24313 
24303 
24299 
24289 
24284 
24274 
24270 
24263 
24253 
24248 
24238 
24222 
24205 
24198 
24188 
24183 
24173 
24153 
24136 
24125 
24118 
24108 
24100 
24088 
24081 
24071 
24066 
24056 
24052 
24032 
24027 
24017 
24013 
24003 
23993 
23988 
23978 
23974 
23964 
23954 
23949 
23939 
23923 
23906 
23899 
23889 
23884 
23874 
23854 
23838 
23826 
23819 
23809 
23789 
23773 
23761 
23754 
23744 
23736 
23725 
23705 
23693 
23678 
23668 
23663 
23653 
23645 
23633 
23626 
23616 
23611 
23601 
23597 
23577 
23572 
23562 
23554 
23543 
23523 
23511 
23496 
23486 
23481 
23471 
23467 
23447 
23442 
23432 
23420 
23405 
23395 
23390 
23380 
23372 
23360 
23353 
23343 
23338 
23328 
23304 
23287 
23273 
23263 
23259 
23249 
23239 
23234 
23224 
23220 
23200 
23195 
23185 
23165 
23148 
23137 
23130 
23120 
23112 
23100 
23093 
23083 
23078 
23068 
23048 
23031 
23020 
23013 
23003 
22991 
22976 
22966 
22961 
22951 
22939 
22924 
22914 
22909 
22899 
22891 
22880 
22860 
22848 
22833 
22823 
22818 
22808 
22760 
22743 
22726 
22710 
22700 
22690 
22680 
22675 
22665 
22657 
22645 
22638 
22628 
22623 
22613 
22597 
22581 
22571 
22561 
22553 
22542 
22522 
22466 
22415 
22400 
22392 
22364 
22348 
22333 
22323 
22313 
22303 
22298 
22288 
22284 
22274 
22264 
22259 
22249 
22229 
22212 
22201 
22194 
22184 
22168 
22152 
22142 
22132 
22116 
22099 
22092 
22082 
22077 
22067 
22059 
22048 
22028 
22020 
22009 
21989 
21981 
21970 
21950 
21942 
21931 
21911 
21903 
21892 
21872 
21868 
21858 
21848 
21843 
21833 
21817 
21800 
21793 
21783 
21778 
21768 
21760 
21749 
21729 
21721 
21710 
21690 
21674 
21657 
21650 
21640 
21635 
21625 
21617 
21606 
21586 
21578 
21567 
21547 
21539 
21528 
21508 
21500 
21489 
21469 
21461 
21450 
21430 
21418 
21403 
21393 
21388 
21378 
21366 
21351 
21341 
21336 
21326 
21318 
21307 
21287 
21279 
21268 
21248 
21244 
21234 
21224 
21219 
21209 
21197 
21182 
21172 
21167 
21157 
21145 
21130 
21120 
21115 
21105 
21093 
21078 
21068 
21063 
21053 
21045 
21033 
21026 
21016 
21011 
21001 
20965 
20948 
20931 
20920 
20910 
20882 
20866 
20851 
20841 
20821 
20816 
20806 
20802 
20782 
20777 
20767 
20763 
20743 
20738 
20728 
20724 
20704 
20699 
20689 
20685 
20665 
20660 
20650 
20638 
20623 
20613 
20608 
20598 
20594 
20584 
20574 
20569 
20559 
20555 
20545 
20535 
20530 
20520 
20508 
20493 
20483 
20478 
20468 
20460 
20449 
20429 
20373 
20356 
20339 
20323 
20307 
20299 
20283 
20267 
20257 
20247 
20239 
20227 
20220 
20210 
20205 
20195 
20183 
20168 
20158 
20153 
20143 
20123 
20106 
20095 
20088 
20078 
20062 
20045 
20038 
20028 
20023 
20013 
20001 
19986 
19976 
19971 
19961 
19953 
19942 
19922 
19894 
19878 
19863 
19853 
19833 
19828 
19818 
19810 
19798 
19791 
19781 
19776 
19766 
19758 
19746 
19739 
19729 
19724 
19714 
19706 
19694 
19687 
19677 
19672 
19662 
19654 
19647 
19635 
19628 
19623 
19611 
19604 
19599 
19587 
19580 
19575 
19567 
19560 
19556 
19551 
19539 
19532 
19527 
19515 
19508 
19503 
19491 
19484 
19479 
19467 
19460 
19455 
19443 
19436 
19431 
19419 
19412 
19407 
19395 
19388 
19383 
19379 
19374 
19370 
19365 
19353 
19346 
19341 
19337 
19332 
19320 
19313 
19308 
19296 
19289 
19284 
19280 
19275 
19271 
19266 
19262 
19257 
19253 
19248 
19244 
19239 
19235 
19230 
19226 
19221 
19217 
19212 
19208 
19203 
19199 
19194 
19190 
19185 
19181 
19176 
19172 
19167 
19163 
19158 
19154 
19149 
19145 
19140 
19136 
19131 
19127 
19122 
19118 
19113 
19109 
19104 
19100 
19095 
19091 
19086 
19082 
19077 
19073 
19068 
19064 
19059 
19055 
19050 
19046 
19041 
19037 
19032 
19028 
19023 
19019 
19014 
19010 
19005 
19001 
18996 
18992 
18987 
18983 
18978 
18974 
18969 
18957 
18950 
18945 
18933 
18926 
18921 
18909 
18902 
18897 
18865 
18852 
18840 
18833 
18828 
18816 
18809 
18804 
18792 
18785 
18780 
18776 
18771 
18731 
18717 
18673 
18659 
18654 
18610 
18596 
18591 
18547 
18533 
18528 
18504 
18494 
18489 
18445 
18431 
18426 
18382 
18368 
18363 
18319 
18305 
18300 
18256 
18242 
18237 
18193 
18179 
18174 
18162 
18155 
18150 
18146 
18141 
18133 
18126 
18118 
18111 
18103 
18096 
18088 
18081 
18073 
18066 
18058 
18051 
18043 
18036 
18028 
18021 
18013 
18006 
17998 
17991 
17983 
17976 
17968 
17961 
17953 
17946 
17938 
17931 
17915 
17907 
17895 
17888 
17883 
17875 
17868 
17860 
17853 
17845 
17838 
17818 
17808 
17788 
17778 
17758 
17748 
17728 
17718 
17698 
17688 
17668 
17658 
17638 
17628 
17608 
17598 
17578 
17568 
17548 
17538 
17518 
17508 
17488 
17478 
17458 
17448 
17428 
17418 
17398 
17388 
17368 
17358 
17338 
17328 
17308 
17298 
17278 
17268 
17248 
17238 
17218 
17208 
17188 
17178 
17158 
17148 
17128 
17118 
17102 
17094 
17090 
17085 
17077 
17070 
17062 
17055 
17047 
17040 
17032 
17025 
17017 
17010 
17002 
16995 
16987 
16980 
16972 
16965 
16957 
16950 
16942 
16935 
16927 
16920 
16912 
16905 
16897 
16890 
16882 
16875 
16867 
16860 
16852 
16845 
16837 
16830 
16822 
16815 
16807 
16800 
16792 
16785 
16777 
16770 
16762 
16755 
16747 
16740 
16732 
16725 
16717 
16710 
16702 
16695 
16687 
16680 
16672 
16665 
16657 
16650 
16642 
16635 
16627 
16620 
16612 
16605 
16597 
16590 
16582 
16575 
16567 
16560 
16552 
16545 
16537 
16530 
16522 
16515 
16507 
16500 
16492 
16485 
16477 
16470 
16462 
16455 
16447 
16440 
16432 
16425 
16417 
16410 
16402 
16395 
16387 
16380 
16372 
16365 
16357 
16350 
16342 
16335 
16327 
16320 
16312 
16305 
16297 
16290 
16282 
16275 
16267 
16260 
16252 
16245 
16237 
16230 
16222 
16215 
16207 
16200 
16192 
16185 
16177 
16170 
16162 
16155 
16147 
16140 
16132 
16125 
16117 
16110 
16102 
16095 
16087 
16080 
16072 
16065 
16057 
16050 
16042 
16035 
16027 
16020 
16012 
16005 
15997 
15990 
15982 
15975 
15967 
15960 
15952 
15945 
15937 
15930 
15922 
15915 
15907 
15900 
15892 
15885 
15877 
15870 
15862 
15855 
15847 
15840 
15832 
15825 
15817 
15810 
15802 
15795 
15787 
15780 
15772 
15765 
15757 
15750 
15742 
15735 
15727 
15720 
15712 
15705 
15697 
15690 
15682 
15675 
15667 
15660 
15652 
15645 
15637 
15630 
15622 
15615 
15607 
15600 
15592 
15585 
15577 
15570 
15562 
15555 
15547 
15540 
15532 
15525 
15517 
15510 
15502 
15495 
15487 
15480 
15476 
15471 
15451 
15441 
15421 
15411 
15391 
15381 
15365 
15357 
15341 
15333 
15317 
15309 
15293 
15285 
15269 
15261 
15245 
15237 
15221 
15213 
15197 
15189 
15173 
15165 
15149 
15141 
15125 
15117 
15101 
15093 
15077 
15069 
15053 
15045 
15029 
15021 
15005 
14997 
14981 
14973 
14957 
14949 
14933 
14925 
14909 
14901 
14885 
14877 
14861 
14853 
14837 
14829 
14813 
14805 
14789 
14781 
14765 
14757 
14741 
14733 
14717 
14709 
14693 
14685 
14669 
14661 
14645 
14637 
14621 
14613 
14597 
14589 
14573 
14565 
14549 
14541 
14525 
14517 
14501 
14493 
14477 
14469 
14453 
14445 
14429 
14421 
14405 
14397 
14381 
14373 
14357 
14349 
14333 
14325 
14309 
14301 
14285 
14277 
14261 
14253 
14237 
14229 
14213 
14205 
14189 
14181 
14165 
14157 
14141 
14133 
14117 
14109 
14093 
14085 
14069 
14061 
14045 
14037 
14021 
14013 
13997 
13989 
13973 
13965 
13949 
13941 
13925 
13917 
13901 
13893 
13877 
13869 
13853 
13845 
13829 
13821 
13805 
13797 
13781 
13773 
13757 
13749 
13733 
13725 
13709 
13701 
13685 
13677 
13661 
13653 
13649 
13644 
12000 
10095 
10092 
10089 
10089
