55888
38528 
38423 
36905 
35027 
32717 
32549 
32545 
31627 
31620 
31216 
30262 
29918 
29855 
29850 
29844 
29839 
29833 
29793 
29786 
29774 
29760 
29757 
29745 
29731 
29707 
29679 
28905 
28002 
27978 
27950 
27926 
27898 
27874 
27846 
27759 
27661 
27565 
27453 
25359 
25352 
24424 
24211 
24115 
23926 
23842 
22786 
22690 
22613 
22269 
22080 
21863 
21797 
21720 
21036 
21029 
20729 
19943 
19362 
19176 
19110 
18075 
18015 
18000 
16263 
15765 
15744 
15231 
14274 
12333 
12255 
12204 
10110 
10109 
10107 
10107
