55888
38458 
38415 
36895 
35015 
32545 
31591 
31546 
31154 
30200 
29615 
29604 
29594 
29591 
29581 
29515 
29485 
29474 
29471 
29461 
29440 
29429 
29409 
29403 
29383 
29377 
29357 
29291 
29261 
29250 
29240 
29186 
29171 
29156 
29136 
26913 
26823 
26814 
26801 
26771 
26758 
26728 
26714 
26688 
26628 
26616 
26601 
26562 
26472 
26458 
26432 
26372 
26360 
26330 
26304 
26244 
26232 
26217 
26178 
26088 
26074 
26048 
25988 
25976 
25950 
25890 
25878 
25848 
25822 
25762 
25750 
25720 
25694 
25634 
25622 
25592 
25566 
25557 
25547 
25542 
25532 
25529 
25475 
25445 
25425 
24990 
24720 
24710 
24707 
24697 
24676 
24665 
24658 
24652 
24632 
24437 
24317 
23897 
23642 
23602 
23530 
23485 
23044 
22879 
22870 
22844 
22784 
22774 
22764 
22230 
21900 
21880 
21709 
21679 
21604 
21594 
21584 
21416 
21311 
21308 
21298 
21139 
21049 
21038 
21023 
21012 
20892 
20817 
20547 
20382 
20362 
20026 
19816 
19264 
19204 
19194 
18402 
18114 
18033 
17988 
17655 
17412 
16611 
15537 
13590 
11628 
11625 
10095 
10092 
10091 
10089 
10089
