55888
38878 
38401 
35849 
32549 
30144 
30100 
30059 
30022 
29984 
29577 
29537 
29500 
28612 
28567 
27864 
27823 
27120 
27078 
26930 
26890 
26853 
26816 
26631 
26591 
26332 
26292 
26033 
25993 
25956 
25068 
25024 
24210 
24166 
22797 
22753 
22716 
22678 
22641 
22604 
22456 
22418 
21863 
21822 
21415 
21375 
21338 
21300 
21263 
21004 
20964 
20927 
20668 
20628 
20406 
20366 
20107 
20067 
19697 
19659 
18882 
18861 
18525 
18504 
17328 
16950 
16068 
14346 
14325 
13758 
12981 
12960 
12939 
12099 
12078 
10125 
10104 
10089 
10089
