55888
38528 
38421 
36543 
34233 
33549 
33321 
32553 
32547 
30453 
30447 
29523 
29516 
29501 
29487 
28425 
28413 
28395 
28387 
28378 
28372 
27940 
27925 
27911 
27890 
27869 
27851 
27830 
27809 
27788 
27731 
27661 
27625 
27583 
26611 
25477 
25219 
25192 
25184 
25175 
25167 
25162 
25156 
25151 
25145 
25020 
25013 
25006 
24999 
24981 
24483 
24438 
24414 
24405 
24396 
24388 
24093 
24086 
23978 
23945 
23927 
23923 
23899 
23890 
23884 
23044 
23035 
23029 
22994 
22970 
22961 
22953 
22944 
22938 
22783 
22767 
22758 
22654 
22591 
22559 
22541 
22533 
22527 
22518 
22512 
22497 
22489 
22480 
22472 
22467 
22461 
22425 
22398 
22389 
22375 
22339 
22321 
22314 
22308 
22251 
22224 
22216 
22213 
22207 
22200 
22161 
22126 
22112 
22109 
21923 
21706 
21703 
21700 
21693 
21669 
21641 
21497 
21329 
21185 
21104 
21096 
21089 
21083 
20978 
20915 
20908 
20904 
20769 
20760 
20688 
20681 
20675 
20603 
20567 
20559 
20553 
20406 
20325 
20317 
20310 
20306 
20213 
20159 
20152 
19921 
19786 
19778 
19771 
19753 
19528 
19501 
19493 
19442 
19268 
18530 
17993 
17114 
16895 
16805 
16784 
16781 
16730 
15659 
15056 
14189 
14186 
12230 
11606 
11603 
10520 
10097 
10095 
10094 
10092 
10092
