55888
38458 
38419 
36067 
36063 
33095 
32731 
32727 
32547 
32545 
32363 
31883 
31869 
31765 
31763 
31758 
31754 
31752 
31750 
31745 
31741 
31739 
31737 
31732 
31728 
31726 
31724 
31719 
31715 
31713 
31708 
31700 
31695 
31691 
31687 
31682 
31674 
31669 
31665 
31661 
31659 
31654 
31650 
31648 
31645 
31637 
31635 
31633 
31628 
31624 
31622 
31619 
31611 
31609 
31604 
31596 
31591 
31583 
31580 
31572 
31570 
31569 
31567 
31566 
31564 
31559 
31551 
31546 
31541 
31538 
31530 
31528 
31526 
31521 
31517 
31515 
31510 
31502 
31497 
31492 
31487 
31479 
31474 
31466 
31462 
31454 
31450 
31445 
31429 
31427 
31421 
31405 
31401 
31382 
31350 
31338 
31331 
31327 
31323 
31266 
31114 
31110 
31078 
31076 
31069 
31053 
31049 
31047 
31041 
31025 
31021 
31015 
30999 
30995 
30994 
30989 
30985 
30983 
30978 
30974 
30972 
30970 
30965 
30961 
30959 
30957 
30952 
30948 
30946 
30944 
30939 
30935 
30933 
30931 
30926 
30922 
30920 
30914 
30898 
30894 
30855 
30751 
30727 
30725 
30723 
30718 
30714 
30712 
30704 
30688 
30683 
30670 
30638 
30631 
30625 
30609 
30605 
30592 
30560 
30553 
30540 
30508 
30501 
30496 
30480 
30478 
30477 
30475 
30463 
30431 
30426 
30414 
30382 
30374 
30366 
30358 
30352 
30347 
30345 
30340 
30332 
30327 
30322 
30313 
30289 
30285 
30283 
30274 
30250 
30246 
30244 
30235 
30211 
30207 
30205 
30196 
30172 
30168 
30166 
30159 
30143 
30139 
30137 
30131 
30115 
30111 
30105 
30089 
30085 
30083 
30078 
30074 
30072 
30070 
30062 
30061 
30059 
30053 
30045 
30037 
30033 
30030 
30022 
30020 
30011 
29987 
29983 
29981 
29972 
29948 
29944 
29942 
29920 
29864 
29857 
29853 
29851 
29848 
29840 
29838 
29817 
29761 
29754 
29750 
29749 
29747 
29733 
29693 
29689 
29685 
29583 
29311 
29243 
29231 
29199 
29191 
29177 
29145 
29138 
29136 
29135 
29133 
29066 
28890 
28876 
28869 
28853 
28837 
28797 
28790 
28788 
28779 
28755 
28751 
28749 
28740 
28716 
28712 
28710 
28656 
28512 
28476 
28467 
28443 
28439 
28437 
28425 
28393 
28389 
28385 
28334 
28318 
28198 
28166 
28164 
28159 
28151 
28146 
28142 
28138 
28133 
28125 
28120 
28116 
28112 
28107 
28099 
28094 
28090 
28086 
28081 
28073 
28068 
28064 
28060 
28055 
28047 
28042 
28038 
28034 
28029 
28021 
28016 
28012 
28008 
28003 
27995 
27990 
27986 
27982 
27977 
27969 
27964 
27960 
27956 
27951 
27943 
27938 
27934 
27930 
27925 
27917 
27912 
27908 
27904 
27899 
27891 
27886 
27882 
27878 
27873 
27865 
27860 
27856 
27852 
27847 
27839 
27834 
27830 
27826 
27821 
27813 
27808 
27804 
27800 
27795 
27787 
27782 
27778 
27774 
27769 
27761 
27756 
27752 
27748 
27743 
27735 
27730 
27726 
27722 
27717 
27709 
27704 
27700 
27696 
27691 
27683 
27678 
27674 
27670 
27665 
27657 
27652 
27648 
27644 
27639 
27631 
27626 
27622 
27618 
27616 
27611 
27607 
27605 
27591 
27559 
27552 
27550 
27538 
27506 
27501 
27499 
27494 
27490 
27488 
27486 
27481 
27477 
27475 
27473 
27468 
27464 
27462 
27460 
27455 
27451 
27449 
27447 
27442 
27438 
27436 
27434 
27429 
27425 
27423 
27421 
27416 
27412 
27410 
27408 
27403 
27399 
27397 
27395 
27390 
27386 
27384 
27382 
27377 
27373 
27371 
27369 
27364 
27360 
27358 
27356 
27351 
27347 
27345 
27344 
27342 
27341 
27339 
27327 
27295 
27290 
27272 
27224 
27217 
27215 
27177 
27081 
27067 
27059 
27057 
27052 
27048 
27046 
27039 
27023 
27019 
27017 
26976 
26872 
26858 
26851 
26842 
26818 
26814 
26812 
26774 
26678 
26664 
26656 
26652 
26644 
26640 
26626 
26594 
26587 
26585 
26584 
26582 
26570 
26538 
26533 
26520 
26488 
26481 
26468 
26436 
26429 
26416 
26384 
26377 
26372 
26370 
26364 
26348 
26344 
26341 
26333 
26331 
26326 
26318 
26313 
26305 
26303 
26298 
26294 
26292 
26290 
26285 
26281 
26279 
26270 
26246 
26242 
26240 
26231 
26207 
26203 
26201 
26188 
26156 
26149 
26136 
26104 
26097 
26084 
26052 
26045 
26032 
26000 
25993 
25980 
25948 
25941 
25930 
25906 
25899 
25866 
25778 
25771 
25759 
25746 
25714 
25707 
25706 
25704 
25688 
25648 
25641 
25639 
25638 
25636 
25625 
25593 
25589 
25587 
25574 
25542 
25535 
25522 
25490 
25483 
25468 
25428 
25423 
25421 
25394 
25322 
25306 
25304 
25300 
25292 
25288 
25280 
25264 
25259 
25254 
25252 
25249 
25241 
25239 
25230 
25206 
25202 
25200 
25191 
25167 
25163 
25161 
25155 
25139 
25135 
25129 
25113 
25109 
25100 
25076 
25072 
25070 
25067 
25059 
25057 
25051 
25035 
25031 
25029 
25025 
25003 
24947 
24940 
24936 
24934 
24929 
24921 
24913 
24911 
24900 
24876 
24869 
24866 
24858 
24856 
24843 
24811 
24804 
24792 
24760 
24755 
24731 
24667 
24660 
24656 
24654 
24650 
24642 
24638 
24630 
24614 
24609 
24594 
24587 
24557 
24550 
24549 
24547 
24544 
24536 
24534 
24531 
24523 
24521 
24518 
24510 
24508 
24488 
24440 
24433 
24429 
24427 
24420 
24412 
24404 
24399 
24394 
24391 
24383 
24381 
24377 
24369 
24365 
24359 
24343 
24339 
24335 
24327 
24322 
24318 
24316 
24307 
24283 
24279 
24277 
24276 
24274 
24265 
24241 
24237 
24235 
24220 
24180 
24173 
24169 
24161 
24157 
24150 
24134 
24130 
24128 
24121 
24105 
24100 
24095 
24092 
24084 
24082 
24081 
24079 
24070 
24046 
24042 
24040 
24032 
24016 
24011 
24009 
24004 
24000 
23998 
23989 
23981 
23965 
23961 
23959 
23950 
23926 
23922 
23920 
23911 
23887 
23883 
23881 
23875 
23867 
23859 
23855 
23851 
23843 
23838 
23834 
23832 
23823 
23799 
23795 
23793 
23785 
23769 
23764 
23757 
23745 
23713 
23705 
23691 
23659 
23652 
23650 
23643 
23627 
23623 
23621 
23607 
23567 
23562 
23556 
23540 
23536 
23532 
23524 
23520 
23508 
23476 
23471 
23447 
23383 
23367 
23361 
23345 
23341 
23331 
23307 
23302 
23299 
23291 
23289 
23287 
23283 
23275 
23259 
23254 
23247 
23246 
23244 
23238 
23230 
23222 
23218 
23212 
23196 
23192 
23189 
23181 
23179 
23170 
23146 
23142 
23140 
23137 
23129 
23127 
23124 
23116 
23114 
23111 
23103 
23101 
23098 
23090 
23088 
23085 
23077 
23075 
23072 
23064 
23062 
23059 
23051 
23049 
23043 
23027 
23023 
23013 
22989 
22984 
22977 
22972 
22964 
22959 
22955 
22951 
22945 
22929 
22925 
22924 
22922 
22914 
22898 
22893 
22886 
22882 
22874 
22870 
22863 
22847 
22843 
22841 
22828 
22796 
22789 
22777 
22745 
22740 
22739 
22737 
22733 
22725 
22720 
22716 
22714 
22711 
22703 
22701 
22698 
22690 
22688 
22673 
22633 
22626 
22620 
22604 
22600 
22598 
22594 
22579 
22539 
22532 
22522 
22498 
22493 
22484 
22460 
22456 
22454 
22442 
22410 
22405 
22402 
22394 
22392 
22386 
22370 
22366 
22363 
22355 
22353 
22351 
22347 
22342 
22340 
22339 
22337 
22332 
22324 
22319 
22314 
22310 
22302 
22298 
22285 
22253 
22246 
22225 
22169 
22162 
22158 
22157 
22155 
22142 
22110 
22103 
22101 
22096 
22092 
22090 
22076 
22044 
22037 
22035 
22024 
21992 
21988 
21986 
21978 
21962 
21957 
21950 
21947 
21939 
21937 
21935 
21931 
21930 
21928 
21923 
21921 
21915 
21899 
21895 
21889 
21873 
21869 
21864 
21848 
21846 
21825 
21769 
21757 
21755 
21751 
21743 
21739 
21738 
21736 
21729 
21713 
21708 
21703 
21699 
21691 
21687 
21682 
21674 
21669 
21664 
21663 
21661 
21652 
21628 
21624 
21622 
21619 
21611 
21609 
21606 
21598 
21596 
21593 
21585 
21583 
21580 
21572 
21570 
21567 
21559 
21557 
21554 
21546 
21544 
21541 
21533 
21531 
21528 
21520 
21518 
21515 
21507 
21505 
21502 
21494 
21492 
21489 
21481 
21479 
21476 
21468 
21466 
21463 
21455 
21453 
21450 
21442 
21440 
21437 
21429 
21427 
21424 
21416 
21414 
21411 
21403 
21401 
21398 
21390 
21388 
21385 
21377 
21375 
21372 
21364 
21362 
21359 
21351 
21349 
21346 
21338 
21336 
21333 
21325 
21323 
21320 
21312 
21310 
21307 
21299 
21297 
21294 
21286 
21284 
21281 
21273 
21271 
21268 
21260 
21258 
21255 
21247 
21245 
21242 
21234 
21232 
21229 
21221 
21219 
21216 
21208 
21206 
21203 
21195 
21193 
21190 
21182 
21180 
21177 
21169 
21167 
21164 
21156 
21154 
21151 
21143 
21141 
21138 
21130 
21128 
21125 
21117 
21115 
21112 
21104 
21102 
21099 
21091 
21089 
21086 
21078 
21076 
21073 
21065 
21063 
21060 
21052 
21050 
21047 
21039 
21037 
21034 
21026 
21024 
21021 
21013 
21011 
21008 
21000 
20998 
20995 
20987 
20985 
20982 
20974 
20972 
20969 
20961 
20959 
20956 
20948 
20946 
20943 
20935 
20933 
20930 
20922 
20920 
20917 
20909 
20907 
20904 
20896 
20894 
20891 
20883 
20881 
20878 
20870 
20868 
20865 
20857 
20855 
20852 
20844 
20842 
20839 
20831 
20829 
20826 
20818 
20816 
20813 
20805 
20803 
20800 
20792 
20790 
20787 
20779 
20777 
20774 
20766 
20764 
20761 
20753 
20751 
20748 
20740 
20738 
20735 
20727 
20725 
20722 
20714 
20712 
20709 
20701 
20699 
20696 
20688 
20686 
20683 
20675 
20673 
20670 
20662 
20660 
20657 
20649 
20647 
20644 
20636 
20634 
20631 
20623 
20621 
20618 
20610 
20608 
20605 
20597 
20595 
20592 
20584 
20582 
20579 
20571 
20569 
20566 
20558 
20556 
20553 
20545 
20543 
20540 
20532 
20530 
20527 
20519 
20517 
20514 
20506 
20504 
20501 
20493 
20491 
20488 
20480 
20478 
20475 
20467 
20465 
20462 
20454 
20452 
20449 
20441 
20439 
20436 
20428 
20426 
20423 
20415 
20413 
20410 
20402 
20400 
20397 
20389 
20387 
20384 
20376 
20374 
20371 
20363 
20361 
20358 
20350 
20348 
20345 
20337 
20335 
20332 
20324 
20322 
20319 
20311 
20309 
20306 
20298 
20296 
20293 
20285 
20283 
20280 
20272 
20270 
20267 
20259 
20257 
20254 
20246 
20244 
20241 
20233 
20231 
20228 
20220 
20218 
20215 
20207 
20205 
20202 
20194 
20192 
20189 
20181 
20179 
20176 
20168 
20166 
20163 
20155 
20153 
20150 
20142 
20140 
20137 
20129 
20127 
20124 
20116 
20114 
20111 
20103 
20101 
20098 
20090 
20088 
20085 
20077 
20075 
20072 
20064 
20062 
20059 
20051 
20049 
20046 
20038 
20036 
20033 
20025 
20023 
20020 
20012 
20010 
20007 
19999 
19997 
19994 
19986 
19984 
19981 
19973 
19971 
19968 
19960 
19958 
19955 
19947 
19945 
19942 
19934 
19932 
19929 
19921 
19919 
19916 
19908 
19906 
19903 
19895 
19893 
19890 
19882 
19880 
19877 
19869 
19867 
19864 
19856 
19854 
19851 
19843 
19841 
19838 
19830 
19828 
19825 
19817 
19815 
19803 
19771 
19766 
19765 
19763 
19754 
19730 
19726 
19724 
19720 
19712 
19708 
19704 
19696 
19691 
19687 
19685 
19677 
19661 
19656 
19654 
19650 
19638 
19624 
19620 
19618 
19614 
19606 
19599 
19595 
19593 
19588 
19581 
19574 
19567 
19563 
19558 
19551 
19543 
19536 
19532 
19530 
19525 
19518 
19505 
19491 
19487 
19485 
19480 
19473 
19464 
19457 
19452 
19449 
19445 
19443 
19442 
19440 
19439 
19437 
19436 
19434 
19433 
19431 
19430 
19428 
19427 
19425 
19424 
19422 
19421 
19419 
19418 
19416 
19415 
19413 
19412 
19410 
19409 
19407 
19406 
19404 
19403 
19401 
19400 
19398 
19397 
19395 
19394 
19392 
19391 
19389 
19388 
19386 
19385 
19383 
19382 
19380 
19379 
19377 
19376 
19374 
19373 
19371 
19370 
19368 
19367 
19365 
19364 
19362 
19361 
19359 
19358 
19356 
19355 
19353 
19352 
19350 
19349 
19347 
19346 
19344 
19343 
19341 
19340 
19338 
19337 
19335 
19334 
19332 
19331 
19329 
19328 
19326 
19325 
19323 
19322 
19320 
19319 
19317 
19316 
19314 
19313 
19311 
19310 
19308 
19307 
19305 
19304 
19302 
19301 
19299 
19298 
19296 
19295 
19293 
19292 
19290 
19289 
19287 
19286 
19284 
19283 
19281 
19280 
19278 
19277 
19275 
19274 
19272 
19271 
19269 
19268 
19266 
19265 
19263 
19262 
19260 
19259 
19257 
19256 
19254 
19253 
19251 
19250 
19248 
19247 
19245 
19244 
19242 
19241 
19239 
19238 
19236 
19235 
19233 
19232 
19230 
19229 
19227 
19226 
19224 
19223 
19221 
19220 
19218 
19217 
19215 
19214 
19212 
19211 
19209 
19208 
19206 
19205 
19203 
19202 
19200 
19199 
19197 
19196 
19194 
19193 
19191 
19190 
19188 
19187 
19185 
19184 
19182 
19181 
19179 
19178 
19176 
19175 
19173 
19172 
19170 
19169 
19167 
19166 
19164 
19163 
19161 
19160 
19158 
19157 
19155 
19154 
19152 
19151 
19149 
19148 
19146 
19145 
19143 
19142 
19140 
19139 
19137 
19136 
19134 
19133 
19131 
19130 
19128 
19127 
19125 
19124 
19122 
19121 
19119 
19118 
19116 
19115 
19113 
19112 
19110 
19109 
19107 
19106 
19104 
19103 
19101 
19100 
19098 
19097 
19095 
19094 
19092 
19091 
19089 
19088 
19086 
19085 
19083 
19082 
19080 
19079 
19077 
19076 
19074 
19073 
19071 
19070 
19068 
19067 
19065 
19064 
19062 
19061 
19059 
19058 
19056 
19055 
19053 
19052 
19050 
19049 
19047 
19046 
19044 
19043 
19041 
19040 
19038 
19037 
19035 
19034 
19032 
19031 
19029 
19028 
19026 
19025 
19023 
19022 
19020 
19019 
19017 
19016 
19014 
19013 
19011 
19010 
19008 
19007 
19005 
19004 
19002 
18994 
18987 
18983 
18981 
18980 
18978 
18973 
18966 
18957 
18950 
18945 
18941 
18936 
18931 
18924 
18915 
18908 
18903 
18899 
18894 
18893 
18891 
18887 
18882 
18881 
18879 
18875 
18870 
18869 
18867 
18866 
18864 
18863 
18861 
18860 
18858 
18857 
18855 
18854 
18852 
18851 
18849 
18848 
18846 
18844 
18840 
18838 
18834 
18832 
18828 
18826 
18822 
18820 
18816 
18814 
18810 
18808 
18804 
18802 
18798 
18796 
18792 
18790 
18786 
18784 
18780 
18778 
18774 
18772 
18768 
18766 
18762 
18760 
18756 
18754 
18750 
18748 
18744 
18742 
18738 
18736 
18732 
18730 
18726 
18724 
18720 
18718 
18714 
18712 
18708 
18706 
18702 
18700 
18696 
18694 
18690 
18688 
18684 
18682 
18678 
18676 
18672 
18670 
18666 
18664 
18660 
18658 
18654 
18652 
18648 
18646 
18642 
18640 
18636 
18634 
18630 
18628 
18624 
18622 
18618 
18616 
18612 
18610 
18606 
18604 
18600 
18598 
18594 
18592 
18588 
18586 
18582 
18580 
18576 
18574 
18570 
18568 
18564 
18562 
18558 
18556 
18552 
18550 
18546 
18544 
18540 
18538 
18534 
18532 
18528 
18526 
18522 
18520 
18516 
18514 
18510 
18508 
18504 
18502 
18498 
18496 
18492 
18490 
18486 
18484 
18480 
18478 
18474 
18472 
18468 
18466 
18462 
18460 
18456 
18454 
18450 
18448 
18444 
18442 
18438 
18436 
18432 
18430 
18426 
18424 
18420 
18418 
18414 
18412 
18408 
18406 
18402 
18400 
18396 
18394 
18390 
18388 
18384 
18382 
18378 
18376 
18372 
18370 
18366 
18364 
18360 
18358 
18354 
18352 
18348 
18346 
18342 
18340 
18336 
18334 
18330 
18328 
18324 
18322 
18318 
18316 
18312 
18310 
18306 
18304 
18300 
18298 
18294 
18292 
18288 
18286 
18282 
18280 
18276 
18274 
18270 
18268 
18264 
18262 
18258 
18256 
18252 
18250 
18246 
18244 
18240 
18238 
18234 
18232 
18228 
18226 
18222 
18220 
18216 
18214 
18210 
18208 
18204 
18202 
18198 
18196 
18192 
18190 
18186 
18184 
18180 
18178 
18174 
18172 
18168 
18166 
18162 
18160 
18156 
18154 
18150 
18148 
18144 
18142 
18138 
18136 
18132 
18130 
18126 
18124 
18120 
18118 
18114 
18112 
18108 
18106 
18102 
18100 
18096 
18094 
18090 
18088 
18084 
18082 
18078 
18076 
18072 
18070 
18066 
18064 
18060 
18058 
18054 
18052 
18048 
18046 
18042 
18040 
18036 
18034 
18030 
18028 
18024 
18022 
18018 
18016 
18012 
18010 
18006 
18004 
18000 
17998 
17994 
17992 
17988 
17986 
17982 
17980 
17976 
17974 
17970 
17968 
17964 
17962 
17958 
17956 
17952 
17950 
17946 
17944 
17940 
17938 
17934 
17932 
17928 
17926 
17922 
17920 
17916 
17914 
17910 
17908 
17904 
17902 
17898 
17896 
17892 
17890 
17886 
17884 
17880 
17878 
17874 
17872 
17868 
17866 
17862 
17860 
17856 
17854 
17850 
17848 
17844 
17842 
17838 
17836 
17832 
17830 
17826 
17824 
17820 
17818 
17814 
17812 
17808 
17806 
17802 
17800 
17796 
17794 
17790 
17788 
17784 
17782 
17778 
17776 
17772 
17770 
17766 
17764 
17760 
17758 
17754 
17752 
17748 
17746 
17742 
17740 
17736 
17734 
17730 
17728 
17724 
17722 
17718 
17716 
17712 
17710 
17706 
17704 
17700 
17698 
17694 
17692 
17688 
17686 
17682 
17680 
17676 
17674 
17670 
17668 
17664 
17662 
17658 
17656 
17652 
17650 
17646 
17644 
17640 
17638 
17634 
17632 
17628 
17626 
17622 
17620 
17616 
17614 
17610 
17608 
17604 
17602 
17598 
17596 
17592 
17590 
17586 
17584 
17580 
17578 
17574 
17572 
17568 
17566 
17562 
17560 
17556 
17554 
17550 
17548 
17544 
17542 
17538 
17536 
17532 
17530 
17526 
17524 
17520 
17518 
17514 
17512 
17508 
17506 
17502 
17500 
17496 
17494 
17490 
17488 
17484 
17482 
17478 
17476 
17472 
17470 
17466 
17464 
17460 
17458 
17454 
17452 
17448 
17446 
17442 
17440 
17436 
17434 
17430 
17428 
17424 
17422 
17418 
17416 
17412 
17410 
17406 
17404 
17400 
17398 
17394 
17392 
17388 
17386 
17382 
17380 
17376 
17374 
17370 
17368 
17364 
17362 
17358 
17356 
17352 
17350 
17346 
17344 
17340 
17338 
17334 
17332 
17328 
17326 
17322 
17320 
17316 
17314 
17310 
17308 
17304 
17302 
17298 
17296 
17292 
17290 
17286 
17284 
17280 
17278 
17274 
17272 
17268 
17266 
17262 
17260 
17256 
17254 
17250 
17248 
17244 
17242 
17238 
17236 
17232 
17230 
17226 
17224 
17220 
17218 
17214 
17212 
17208 
17206 
17202 
17200 
17196 
17194 
17190 
17188 
17184 
17182 
17178 
17176 
17172 
17170 
17166 
17164 
17160 
17158 
17154 
17152 
17148 
17146 
17142 
17140 
17136 
17134 
17130 
17128 
17124 
17122 
17118 
17116 
17112 
17110 
17106 
17104 
17100 
17098 
17094 
17092 
17088 
17086 
17082 
17080 
17076 
17074 
17070 
17068 
17064 
17062 
17058 
17056 
17052 
17050 
17046 
17044 
17040 
17038 
17034 
17032 
17028 
17026 
17022 
17020 
17016 
17014 
17010 
17008 
17004 
17002 
16998 
16996 
16992 
16990 
16986 
16984 
16980 
16978 
16974 
16972 
16968 
16966 
16962 
16960 
16956 
16954 
16950 
16948 
16944 
16942 
16938 
16936 
16932 
16930 
16926 
16924 
16920 
16918 
16914 
16912 
16908 
16906 
16902 
16900 
16896 
16894 
16890 
16888 
16884 
16882 
16878 
16876 
16872 
16870 
16866 
16864 
16860 
16858 
16854 
16852 
16848 
16846 
16842 
16838 
16833 
16826 
16819 
16815 
16804 
16790 
16788 
16786 
16782 
16774 
16767 
16763 
16761 
16760 
16758 
16754 
16749 
16743 
16736 
16734 
16733 
16731 
16730 
16728 
16727 
16725 
16724 
16722 
16721 
16719 
16718 
16716 
16715 
16713 
16712 
16710 
16709 
16707 
16706 
16704 
16703 
16701 
16700 
16698 
16697 
16695 
16694 
16692 
16691 
16689 
16688 
16686 
16685 
16683 
16682 
16680 
16679 
16677 
16676 
16674 
16673 
16671 
16670 
16668 
16667 
16665 
16664 
16662 
16661 
16659 
16658 
16656 
16655 
16653 
16652 
16650 
16649 
16647 
16646 
16644 
16643 
16641 
16640 
16638 
16637 
16635 
16634 
16632 
16631 
16629 
16628 
16626 
16625 
16623 
16622 
16620 
16619 
16617 
16616 
16614 
16613 
16611 
16610 
16608 
16607 
16605 
16604 
16602 
16601 
16599 
16598 
16596 
16595 
16593 
16592 
16590 
16589 
16587 
16586 
16584 
16583 
16581 
16580 
16578 
16577 
16575 
16574 
16572 
16571 
16569 
16568 
16566 
16565 
16563 
16562 
16560 
16559 
16557 
16556 
16554 
16553 
16551 
16550 
16548 
16547 
16545 
16544 
16542 
16541 
16539 
16538 
16536 
16535 
16533 
16532 
16530 
16529 
16527 
16526 
16524 
16523 
16521 
16520 
16518 
16517 
16515 
16514 
16512 
16511 
16509 
16508 
16506 
16505 
16503 
16502 
16500 
16499 
16497 
16496 
16494 
16493 
16491 
16490 
16488 
16487 
16485 
16484 
16482 
16481 
16479 
16478 
16476 
16475 
16473 
16472 
16470 
16469 
16467 
16466 
16464 
16463 
16461 
16460 
16458 
16457 
16455 
16454 
16452 
16451 
16449 
16448 
16446 
16445 
16443 
16442 
16440 
16439 
16437 
16436 
16434 
16433 
16431 
16430 
16428 
16427 
16425 
16424 
16422 
16421 
16419 
16418 
16416 
16415 
16413 
16412 
16410 
16409 
16407 
16406 
16404 
16403 
16401 
16400 
16398 
16397 
16395 
16394 
16392 
16391 
16389 
16388 
16386 
16385 
16383 
16382 
16380 
16379 
16377 
16376 
16374 
16373 
16371 
16370 
16368 
16367 
16365 
16364 
16362 
16361 
16359 
16358 
16356 
16355 
16353 
16352 
16350 
16349 
16347 
16346 
16344 
16343 
16341 
16340 
16338 
16337 
16335 
16334 
16332 
16331 
16329 
16328 
16326 
16325 
16323 
16322 
16320 
16319 
16317 
16316 
16314 
16313 
16311 
16310 
16308 
16307 
16305 
16304 
16302 
16301 
16299 
16298 
16296 
16295 
16293 
16292 
16290 
16289 
16287 
16286 
16284 
16283 
16281 
16280 
16278 
16277 
16275 
16274 
16272 
16271 
16269 
16268 
16266 
16265 
16263 
16262 
16260 
16259 
16257 
16256 
16254 
16253 
16251 
16250 
16248 
16247 
16245 
16244 
16242 
16241 
16239 
16238 
16236 
16235 
16233 
16232 
16230 
16229 
16227 
16226 
16224 
16223 
16221 
16220 
16218 
16217 
16215 
16214 
16212 
16211 
16209 
16208 
16206 
16205 
16203 
16202 
16200 
16199 
16197 
16196 
16194 
16193 
16191 
16190 
16188 
16187 
16185 
16184 
16182 
16181 
16179 
16178 
16176 
16175 
16173 
16172 
16170 
16169 
16167 
16166 
16164 
16163 
16161 
16160 
16158 
16157 
16155 
16154 
16152 
16151 
16149 
16148 
16146 
16145 
16143 
16142 
16140 
16139 
16137 
16132 
16125 
16124 
16122 
16121 
16119 
16118 
16116 
16115 
16113 
16111 
16107 
16105 
16101 
16099 
16095 
16093 
16089 
16087 
16083 
16081 
16077 
16075 
16071 
16069 
16065 
16063 
16059 
16057 
16053 
16051 
16047 
16045 
16041 
16039 
16035 
16033 
16029 
16027 
16023 
16021 
16017 
16015 
16011 
16009 
16005 
16003 
15999 
15997 
15993 
15991 
15987 
15985 
15981 
15979 
15975 
15973 
15969 
15967 
15963 
15961 
15957 
15955 
15951 
15949 
15945 
15943 
15939 
15937 
15933 
15931 
15927 
15925 
15921 
15919 
15915 
15913 
15909 
15907 
15903 
15901 
15897 
15895 
15891 
15889 
15885 
15883 
15879 
15877 
15873 
15871 
15867 
15865 
15861 
15859 
15855 
15853 
15849 
15847 
15843 
15841 
15837 
15835 
15831 
15829 
15825 
15823 
15819 
15817 
15813 
15811 
15807 
15805 
15801 
15799 
15795 
15793 
15789 
15787 
15783 
15781 
15777 
15775 
15771 
15769 
15765 
15763 
15759 
15757 
15753 
15751 
15747 
15745 
15741 
15739 
15735 
15733 
15729 
15727 
15723 
15721 
15717 
15715 
15711 
15709 
15705 
15703 
15699 
15697 
15693 
15691 
15687 
15685 
15681 
15679 
15675 
15673 
15669 
15649 
15621 
15601 
15594 
15573 
15570 
15566 
15564 
15563 
15561 
15560 
15558 
15557 
15555 
15554 
15552 
15551 
15549 
15548 
15546 
15545 
15543 
15542 
15540 
15539 
15537 
15536 
15534 
15533 
15531 
15530 
15528 
15527 
15525 
15524 
15522 
15521 
15519 
15518 
15516 
15515 
15513 
15512 
15510 
15509 
15507 
15506 
15504 
15503 
15501 
15500 
15498 
15497 
15495 
15494 
15492 
15491 
15489 
15488 
15486 
15485 
15483 
15482 
15480 
15479 
15477 
15476 
15474 
15473 
15471 
15470 
15468 
15467 
15465 
15464 
15462 
15461 
15459 
15458 
15456 
15455 
15453 
15452 
15450 
15449 
15447 
15446 
15444 
15443 
15441 
15440 
15438 
15437 
15435 
15434 
15432 
15431 
15429 
15428 
15426 
15425 
15423 
15422 
15420 
15419 
15417 
15416 
15414 
15413 
15411 
15410 
15408 
15407 
15405 
15403 
15399 
15396 
15392 
15390 
15387 
15383 
15381 
15369 
15355 
15351 
15348 
15344 
15342 
15340 
15336 
15333 
15329 
15327 
15325 
15321 
15319 
15315 
15313 
15309 
15297 
15290 
15283 
15279 
15278 
15276 
15273 
15269 
15267 
15232 
15183 
15181 
15177 
15175 
15171 
15168 
15164 
15162 
15160 
15156 
15145 
15131 
15129 
15128 
15126 
15125 
15123 
15122 
15120 
15119 
15117 
15072 
15009 
15008 
15006 
15005 
15003 
15002 
15000 
14999 
14997 
14996 
14994 
14993 
14991 
14990 
14988 
14987 
14985 
14984 
14982 
14937 
14874 
14873 
14871 
14870 
14868 
14867 
14865 
14864 
14862 
14861 
14859 
14858 
14856 
14855 
14853 
14852 
14850 
14849 
14847 
14802 
14739 
14738 
14736 
14735 
14733 
14732 
14730 
14729 
14727 
14726 
14724 
14723 
14721 
14720 
14718 
14717 
14715 
14714 
14712 
14667 
14604 
14603 
14601 
14600 
14598 
14597 
14595 
14594 
14592 
14591 
14589 
14588 
14586 
14585 
14583 
14582 
14580 
14579 
14577 
14532 
14469 
14468 
14466 
14465 
14463 
14462 
14460 
14459 
14457 
14456 
14454 
14453 
14451 
14450 
14448 
14447 
14445 
14444 
14442 
14397 
14334 
14333 
14331 
14330 
14328 
14327 
14325 
14324 
14322 
14321 
14319 
14318 
14316 
14315 
14313 
14312 
14310 
14309 
14307 
14262 
14199 
14198 
14196 
14195 
14193 
14192 
14190 
14189 
14187 
14186 
14184 
14183 
14181 
14180 
14178 
14177 
14175 
14174 
14172 
14127 
14064 
14063 
14061 
14060 
14058 
14057 
14055 
14054 
14052 
14051 
14049 
14048 
14046 
14045 
14043 
14042 
14040 
14039 
14037 
13992 
13929 
13928 
13926 
13925 
13923 
13922 
13920 
13919 
13917 
13916 
13914 
13913 
13911 
13910 
13908 
13907 
13905 
13904 
13902 
13857 
13794 
13793 
13791 
13790 
13788 
13787 
13785 
13784 
13782 
13781 
13779 
13778 
13776 
13775 
13773 
13772 
13770 
13769 
13767 
13722 
13659 
13658 
13656 
13655 
13653 
13652 
13650 
13649 
13647 
13646 
13644 
13643 
13641 
13640 
13638 
13637 
13635 
13634 
13632 
13587 
13524 
13523 
13521 
13520 
13518 
13517 
13515 
13514 
13512 
13511 
13509 
13508 
13506 
13505 
13503 
13502 
13500 
13499 
13497 
13452 
13389 
13388 
13386 
13385 
13383 
13382 
13380 
13379 
13377 
13376 
13374 
13373 
13371 
13370 
13368 
13367 
13365 
13364 
13362 
13317 
13254 
13253 
13251 
13250 
13248 
13247 
13245 
13244 
13242 
13241 
13239 
13238 
13236 
13235 
13233 
13232 
13230 
13229 
13227 
13182 
13119 
13118 
13116 
13115 
13113 
13112 
13110 
13109 
13107 
13106 
13104 
13103 
13101 
13100 
13098 
13097 
13095 
13094 
13092 
13047 
12984 
12983 
12981 
12980 
12978 
12977 
12975 
12974 
12972 
12971 
12969 
12968 
12966 
12965 
12963 
12962 
12960 
12959 
12957 
12912 
12849 
12848 
12846 
12845 
12843 
12842 
12840 
12839 
12837 
12836 
12834 
12833 
12831 
12830 
12828 
12827 
12825 
12824 
12822 
12777 
12714 
12713 
12711 
12710 
12708 
12707 
12705 
12704 
12702 
12701 
12699 
12698 
12696 
12695 
12693 
12692 
12690 
12689 
12687 
12642 
12579 
12578 
12576 
12575 
12573 
12572 
12570 
12569 
12567 
12566 
12564 
12563 
12561 
12560 
12558 
12557 
12555 
12554 
12552 
12536 
12522 
12515 
12513 
12508 
12501 
12500 
12498 
12491 
12484 
12480 
12473 
12466 
12462 
12455 
12448 
12444 
12437 
12430 
12426 
12419 
12412 
12408 
12401 
12394 
12390 
12383 
12376 
12372 
12365 
12358 
12354 
12347 
12340 
12336 
12329 
12322 
12318 
12311 
12304 
12300 
12293 
12286 
12282 
12275 
12268 
12264 
12257 
12250 
12246 
12239 
12232 
12228 
12223 
12216 
12215 
12213 
12212 
12210 
12206 
12201 
12194 
12187 
12183 
12181 
12177 
12175 
12171 
12169 
12165 
12163 
12159 
12157 
12153 
12151 
12147 
12145 
12141 
12139 
12135 
12133 
12129 
12127 
12123 
12121 
12117 
12115 
12111 
12109 
12105 
12103 
12099 
12097 
12093 
12091 
12087 
12085 
12081 
12079 
12075 
12073 
12069 
12067 
12063 
12061 
12057 
12055 
12051 
12049 
12045 
12043 
12039 
12037 
12033 
12031 
12027 
12025 
12021 
12019 
12015 
12013 
12009 
12007 
12003 
12001 
11997 
11995 
11991 
11989 
11985 
11983 
11979 
11977 
11973 
11971 
11967 
11965 
11961 
11959 
11955 
11953 
11949 
11947 
11943 
11941 
11937 
11935 
11931 
11929 
11925 
11923 
11919 
11917 
11913 
11911 
11907 
11905 
11901 
11899 
11895 
11893 
11889 
11887 
11883 
11881 
11877 
11875 
11871 
11869 
11865 
11863 
11859 
11857 
11853 
11851 
11847 
11845 
11841 
11839 
11835 
11833 
11829 
11827 
11823 
11821 
11817 
11815 
11811 
11809 
11805 
11803 
11799 
11797 
11793 
11791 
11787 
11785 
11781 
11779 
11775 
11773 
11769 
11767 
11763 
11761 
11757 
11755 
11751 
11749 
11745 
11743 
11739 
11737 
11733 
11731 
11727 
11725 
11721 
11719 
11715 
11713 
11709 
11707 
11703 
11701 
11697 
11695 
11691 
11689 
11685 
11683 
11679 
11677 
11673 
11671 
11667 
11665 
11661 
11659 
11655 
11653 
11649 
11647 
11643 
11641 
11637 
11635 
11631 
11629 
11625 
11623 
11619 
11617 
11613 
11611 
11607 
11605 
11601 
11599 
11595 
11593 
11589 
11587 
11583 
11581 
11577 
11575 
11571 
11569 
11565 
11563 
11559 
11557 
11553 
11551 
11547 
11545 
11541 
11539 
11535 
11533 
11529 
11527 
11523 
11521 
11517 
11515 
11511 
11509 
11505 
11503 
11499 
11497 
11493 
11491 
11487 
11485 
11481 
11479 
11475 
11473 
11469 
11467 
11463 
11461 
11457 
11455 
11451 
11449 
11445 
11443 
11439 
11437 
11433 
11431 
11427 
11425 
11421 
11419 
11415 
11413 
11409 
11407 
11403 
11401 
11397 
11395 
11391 
11389 
11385 
11383 
11379 
11377 
11373 
11371 
11367 
11365 
11361 
11359 
11355 
11353 
11349 
11347 
11343 
11341 
11337 
11335 
11331 
11329 
11325 
11323 
11319 
11317 
11313 
11311 
11307 
11305 
11301 
11299 
11295 
11293 
11289 
11287 
11283 
11281 
11277 
11275 
11271 
11269 
11265 
11263 
11259 
11257 
11253 
11251 
11247 
11245 
11241 
11239 
11235 
11233 
11229 
11227 
11223 
11221 
11217 
11215 
11211 
11209 
11205 
11203 
11199 
11197 
11193 
11192 
11190 
11185 
11178 
11172 
11165 
11163 
11162 
11160 
11154 
11147 
11145 
11144 
11142 
11136 
11129 
11127 
11126 
11124 
11118 
11111 
11109 
11108 
11106 
11100 
11093 
11091 
11090 
11088 
11082 
11075 
11073 
11072 
11070 
11064 
11057 
11055 
11054 
11052 
11046 
11039 
11037 
11036 
11034 
11028 
11021 
11019 
11018 
11016 
11010 
11003 
11001 
11000 
10998 
10992 
10985 
10983 
10982 
10980 
10974 
10967 
10965 
10964 
10962 
10956 
10949 
10947 
10946 
10944 
10938 
10931 
10929 
10928 
10926 
10920 
10913 
10911 
10910 
10908 
10902 
10895 
10893 
10892 
10890 
10884 
10877 
10875 
10874 
10872 
10866 
10859 
10857 
10856 
10854 
10848 
10841 
10839 
10838 
10836 
10830 
10823 
10821 
10820 
10818 
10812 
10805 
10803 
10802 
10800 
10794 
10787 
10785 
10784 
10782 
10776 
10769 
10767 
10766 
10764 
10758 
10751 
10749 
10748 
10746 
10740 
10733 
10731 
10730 
10728 
10722 
10715 
10713 
10712 
10710 
10704 
10697 
10695 
10694 
10692 
10686 
10679 
10677 
10676 
10674 
10668 
10661 
10659 
10658 
10656 
10650 
10643 
10641 
10640 
10638 
10632 
10625 
10623 
10622 
10620 
10614 
10607 
10605 
10604 
10602 
10596 
10589 
10587 
10586 
10584 
10578 
10571 
10569 
10568 
10566 
10560 
10553 
10551 
10550 
10548 
10542 
10535 
10533 
10533
