2736
2524 2524 2524 2524 2490 2494 2494 2262 
2016 2016 2248 2234 2016 2016 2016 1786 
1782 1782 1776 1758 1542 1540 1540 1362 
1118 1116 1118 1334 1300 1150 1150 936 
932 692 692 908 904 870 692 446 
442 432 436 418 384 413 
382 370 370 370 366 
352 362 356 352 349 
347 345 335 335 327 
323 323 317 313 303 
301 299 293 289 282 
280 278 272 268 260 
258 256 250 246 244 
230 240 234 230 224 
222 210 210 210 208 
206 204 194 194 187 
173 183 173 173 159 
155 155 145 145 142 
140 138 128 128 125 
111 111 111 111 108 
104 94 98 94 90 
88 86 80 76 
74 72 71 63 
61 59 58 48 
46 44 43 33 
31 29 28 21 
19 17 16 7 
5 3 2 
0 0 
0
