2736
2499 2499 2499 2499 2485 2499 2499 2499 
2247 2247 2247 2247 2247 2247 2247 2273 
2230 2230 2230 2230 2223 2004 2004 2004 
1992 1992 1992 1992 1988 1759 1759 1759 
1742 1742 1742 1742 1735 1514 1514 1514 
1271 1271 1271 1271 1271 1271 1271 1271 
1034 1034 1034 1034 1034 1025 1025 1059 
812 812 812 812 788 788 788 813 
576 576 576 576 576 576 576 575 
363 363 363 363 363 363 363 363 
346 346 346 346 346 
328 328 328 328 326 
309 309 309 309 309 
296 296 296 296 291 
270 270 270 274 275 
242 242 242 257 248 
227 227 227 225 226 
203 203 203 210 209 
188 188 188 181 186 
165 165 165 165 164 
149 149 149 140 148 
122 122 122 124 124 
106 106 106 106 106 
91 91 91 91 90 
75 75 75 78 69 
54 54 54 57 
39 39 39 40 
27 27 27 25 
13 13 13 12 
0 0 0 0 
0
