2736
2499 2499 2499 2499 2499 2499 2499 2499 
2253 2253 2253 2253 2253 2253 2253 2253 
2239 2239 2239 2239 2237 2008 2008 2008 
1990 1990 1990 1994 1988 1765 1770 1765 
1748 1748 1748 1748 1748 1552 1552 1522 
1505 1505 1505 1505 1501 1277 1271 1277 
1254 1254 1254 1254 1254 1033 1033 1033 
1016 1016 1016 1016 1016 788 788 821 
771 771 771 771 771 576 576 576 
558 558 558 558 559 363 363 363 
346 346 346 346 345 
323 323 329 328 328 
303 303 303 306 303 
285 285 285 282 286 
267 267 267 265 265 
250 250 250 250 248 
233 233 233 233 230 
209 209 209 215 213 
196 196 196 197 193 
178 178 178 178 176 
163 163 163 164 154 
141 141 141 141 138 
121 121 121 124 121 
106 106 106 106 97 
82 82 82 82 69 
54 54 54 54 
39 39 39 39 
27 27 27 27 
13 13 14 14 
0 0 0 0 
0
