2736
2524 2524 2524 2524 2498 2494 2494 2262 
2248 2248 2018 2234 2020 2024 2016 1836 
1806 1598 1592 1808 1776 1598 1598 1360 
1354 1116 1346 1332 1116 1148 1148 936 
690 692 922 692 876 690 690 446 
444 432 432 416 386 
372 380 372 358 368 
356 352 344 340 341 
338 334 326 322 322 
320 316 308 314 305 
303 299 291 293 277 
275 271 263 253 260 
251 247 239 237 231 
229 225 217 223 214 
212 208 200 194 193 
191 187 179 185 176 
174 170 162 168 159 
157 153 145 151 139 
137 133 125 124 123 
121 117 109 115 107 
105 101 93 95 86 
84 80 72 78 
70 60 60 57 
55 42 45 42 
40 28 30 28 
26 15 16 15 
13 3 3 3 
1 
0 
0
