55888
38458 38458 38458 38458 38458 38458 38458 38458 38458 38458 38458 38458 38458 38458 38458 38458 38458 38458 38458 38458 38458 37960 37960 37960 37960 37960 37960 37960 37960 37960 37960 37960 37960 37960 36427 36427 36427 41029 41029 36427 36427 41029 36427 36427 36427 37558 36427 36427 36427 36427 36427 36427 36427 36427 36427 36427 36427 36427 36427 36427 36427 36427 36427 36427 36427 36427 36427 36427 36427 36427 36427 36427 36427 36427 36427 36427 36427 36427 36427 36427 36427 36427 36427 36427 36427 36427 36427 36427 36427 36427 36427 36427 36427 36427 36427 36427 52840 52840 52840 52840 52840 52840 52840 52840 52840 52840 52840 52840 52840 52820 52820 52820 52820 52820 52820 52128 52128 52840 52840 52840 52840 51264 52128 52128 51264 51264 50012 52128 52128 51264 51264 51264 52840 52840 52840 50012 52840 52840 52840 50572 52128 52128 52128 52128 51264 51264 51264 51264 51264 51264 51264 51264 51264 51264 51264 51264 51264 51264 51264 51264 51264 50572 50572 50572 50572 50572 50572 50572 51264 51264 51264 51264 51264 51264 51264 51264 51264 51264 51264 51264 51264 51264 50012 50012 50012 50012 50012 50012 50012 50012 50012 50372 50372 50372 50372 50372 50012 50012 50012 50010 52330 52330 50182 50182 50010 50010 50010 50010 50010 50010 51520 51520 51520 51520 51520 51520 51520 51520 51520 50182 50182 50182 50182 50182 50182 50182 50182 50182 50182 50182 50010 
35275 35275 35275 35275 35275 35275 35275 35275 35275 35275 35275 35275 34487 34487 34487 35275 35275 35275 35275 32547 32871 32871 32871 35275 35275 35275 35275 33839 33839 33839 33839 33839 33839 33839 33839 33839 35275 35275 35275 35275 35275 35275 35275 35275 35275 35275 35275 35275 35275 34547 34547 35275 34115 34115 34115 34115 34115 34115 33855 33839 33839 33771 33771 33771 33771 33671 33671 33671 33671 33671 33671 33459 33459 34711 33671 33671 33459 33459 32871 32871 32871 32871 32871 32871 32871 32871 32871 32871 32871 32871 32871 32871 32871 32871 32871 32871 32871 32871 32871 34711 34711 34547 34547 34547 34547 34547 34547 34547 34547 34547 34547 34547 34547 34115 34115 34115 34115 34115 34115 33839 33839 33839 33839 33839 33839 33839 33839 33839 33839 33839 33839 33839 33839 33839 33839 33839 33839 33839 33839 33839 33839 32547 32547 32547 32547 32547 32547 32547 32547 32547 32547 32547 32547 32547 32547 32547 32547 32547 32547 32547 32667 32547 32547 32547 32547 32547 32547 32547 32547 32547 32547 32547 32547 32547 32547 32547 32547 32547 32547 32547 32547 32547 32547 32547 32547 32547 32547 32547 32547 32547 32547 32547 32545 32545 32545 32545 33853 33853 33853 33853 33853 33853 33853 33853 33853 33853 33853 33853 33769 33769 33769 33769 33769 33669 33669 33669 33669 33669 33669 33669 33669 33669 32869 32869 32869 32869 33359 33359 33359 32545 32545 32545 32545 32545 32545 32545 32545 32545 32545 32545 32545 32545 32545 
32220 32220 32220 32220 32220 32220 32220 32220 32220 32220 32220 32220 32220 32220 32220 32220 32220 32220 32220 32220 32220 32220 32220 32220 32220 32220 32220 32220 32220 32220 32220 32220 32220 32220 32220 32220 32220 32220 32220 32220 32220 32220 32220 32220 32220 32220 32220 32220 32220 32220 32220 32220 32220 32220 32220 32220 32220 32220 32220 32220 32220 32220 32220 32220 32220 32220 32220 32220 32220 32220 32220 32220 32220 32220 32220 32220 32220 32220 
31572 31572 31572 31572 31572 31572 31572 31572 31572 31572 31572 31572 31572 31572 31572 31572 31572 31572 31572 31572 31572 31572 31572 31572 31572 31572 31572 31572 31572 31572 31572 31572 31572 31572 31572 31572 31572 31572 31572 31572 31572 31572 31572 31572 31572 31572 31572 31572 31572 31572 31572 31572 31570 31570 31570 31570 31570 31570 31570 31570 31570 31570 31570 31570 31570 31570 31570 31570 31570 31570 31570 31570 31570 31570 31570 31570 31570 31570 31570 31570 31570 31570 31570 31570 31570 31570 31570 31570 31570 31570 31644 31644 31644 31570 31570 31570 31570 31570 31570 31570 31570 31570 31570 31570 31570 31570 31570 31570 
31138 31138 31138 31138 31138 31138 31138 31138 31138 31138 31138 31138 31138 31138 31138 31138 31138 31138 31138 31138 31138 31138 31138 31138 31138 31138 31138 31138 31138 31138 31138 31138 31138 31138 31138 31138 31138 31138 31408 31408 31408 31408 31408 31408 31408 31408 31408 31408 31408 31408 31408 31408 31408 31408 31408 31408 31408 
31128 31128 31128 31128 31128 31031 31031 31031 31031 31031 31031 31031 31031 31031 31031 31031 31031 31031 31031 31031 31031 31031 31031 31031 31031 31031 31031 31031 31031 31031 31031 31031 31031 31031 31031 31031 31031 31031 31031 31031 31031 31031 31031 31031 31031 31031 31031 31031 31031 31031 31031 31031 31031 
30999 30999 30999 30999 30821 30821 30821 30821 30821 30821 30821 30821 30821 30821 30821 30821 30821 30821 30821 30821 30821 30821 30821 30819 30819 30819 30819 30819 30819 30819 30819 30817 30817 30817 30817 30817 30817 30817 30817 30817 30817 30817 30817 30817 30817 30817 30817 30817 30817 30817 30817 30817 30817 30817 30817 30817 30817 30817 30817 30817 30817 30817 30817 
30812 30677 30677 30677 30677 30677 30677 30677 30677 30677 30677 30677 30677 30677 30677 30677 30677 30677 30677 30677 30677 30677 30677 30721 30764 30764 30764 30764 30764 30764 30764 30721 30721 30721 30721 30721 30721 30721 30721 30721 30721 30721 30721 30721 30721 30721 30721 30721 30721 30721 30721 30721 30721 30721 30721 30721 30721 30721 30721 30721 30721 
30672 30673 30673 30667 30667 30667 30667 30667 30667 30605 30605 30605 30605 30605 30605 30605 30605 30605 30605 30605 30605 30605 30605 30605 30605 30605 30605 30605 30605 30605 30605 30605 30605 30605 30605 30605 30605 30605 30605 30605 30605 30605 30605 30605 30605 30605 30605 30605 30605 30605 30605 30605 
30413 30413 30413 30413 30413 30413 30413 30413 30413 30413 30413 30413 30413 30413 30413 30413 30413 30413 30413 30413 30413 30413 30413 30461 30461 30461 30461 30461 30461 30461 30461 30461 30461 30461 30461 30461 30461 30461 30461 30461 30461 30461 30461 30461 30461 30461 30461 30461 30461 30461 30461 30461 30461 30461 30461 30461 
30406 30399 30365 30365 30389 30389 30365 30365 30365 30365 30365 30365 30385 30385 30365 30365 30365 30365 30365 30365 30365 30365 30365 30365 30383 30383 30383 30383 30383 30383 
30360 30361 30335 30361 30335 30355 30341 30355 30355 30355 30335 30335 30335 30335 30335 30335 30335 30335 30341 30341 30335 30341 30341 30335 30335 30335 30335 30335 30335 
30319 30319 30275 30275 30275 30275 30275 30275 30275 30275 30287 30287 30275 30275 30275 30275 30275 30275 30275 30275 30275 30275 30275 30275 30275 30275 30275 30275 
30261 30261 30255 30255 30255 30235 30247 30235 30235 30235 30251 30251 30251 30251 30251 30251 30251 30251 30251 30251 30251 30251 30251 30251 
30230 30225 30225 30225 30225 30225 30225 30225 30225 30225 30201 30201 30201 30201 30201 30201 30201 30201 30201 30201 30201 30201 30201 30201 30201 30201 30201 30201 30201 30201 30201 
30185 30185 30113 30113 30113 30113 30113 30113 30113 30113 30113 30133 30133 30133 30133 30133 30133 30133 30133 30133 30133 30133 30133 30133 30133 30133 30133 30133 30133 30133 30133 
30106 30099 30101 30089 30089 30089 30089 30089 30089 30089 30089 30089 30091 30091 30091 30091 30091 30091 30091 30091 30091 30091 
30084 30079 30056 30079 30079 30079 30079 30079 30079 30079 30055 30055 30055 30055 30055 30055 30055 30055 30055 30055 30055 30055 30055 30055 30055 30055 30055 30055 30055 30055 30055 
29967 29967 29967 29967 29967 29967 29967 29967 29967 29967 29967 29987 29987 29987 29987 29987 29987 29987 29987 29987 29987 29987 29987 29987 29987 29987 29987 29987 29987 29987 29987 
29960 29953 29955 29943 29943 29943 29943 29943 29943 29943 29943 29943 29945 29945 29945 29945 29945 29945 29945 29945 29945 
29938 29936 29915 29934 29936 29934 29934 29934 29934 29915 29915 29915 29915 29915 29915 29915 29915 29915 29915 29915 29915 29915 29915 29915 29915 29915 29915 
29835 29899 29835 29835 29835 29835 29835 29835 29835 29835 29859 29859 29859 29859 29859 29859 29859 29859 29859 29859 29859 29859 29859 29859 29859 29859 29859 
29828 29825 29819 29819 29819 29819 29819 29819 29826 29815 29815 29815 29815 29815 29815 29815 29815 29815 29815 29815 
29799 29799 29767 29767 29767 29767 29783 29783 29775 29775 29775 29775 29775 29775 29775 29775 29775 29775 29775 29775 
29760 29753 29751 29751 29735 29735 29735 29735 29758 29755 29755 29755 
29730 29728 29730 29730 29728 29726 29726 29726 29726 29707 29707 29707 29707 29707 29707 29707 29707 29707 29707 29707 29707 29707 29707 29707 29707 29707 29707 
29691 29691 29627 29627 29627 29627 29627 29627 29627 29627 29651 29651 29651 29651 29651 29651 29651 29651 29651 29651 29651 29651 29651 29651 29651 29651 29651 
29620 29617 29611 29611 29611 29611 29611 29611 29618 29607 29607 29607 29607 29607 29607 29607 29607 29607 29607 
29575 29591 29575 29559 29559 29559 29567 29575 29567 29567 29567 29567 29567 29567 29577 29567 29567 29567 29567 
29552 29545 29547 29531 29531 29531 29531 29531 29531 29531 29531 29531 29531 29531 
29526 29527 29526 29524 29524 29524 29522 29522 29522 29505 29505 29505 29505 29505 29505 29505 29505 29505 29505 29505 29505 29505 29505 29505 29505 
29489 29433 29433 29433 29433 29433 29433 29433 29433 29453 29453 29453 29453 29453 29475 29453 29453 29453 29453 29453 29453 29453 29453 29453 29453 
29426 29419 29417 29417 29417 29417 29417 29417 29424 29415 29415 29415 29415 29415 29415 29415 29415 29415 
29399 29399 29367 29367 29367 29367 29383 29379 29379 29379 29379 29379 29379 29379 29379 29379 29379 29379 
29360 29353 29343 29343 29343 29343 29351 29351 29358 29355 29355 29355 
29338 29335 29336 29336 29336 29336 29336 29334 29334 29331 29331 29331 
29323 29315 29299 29299 29311 29307 29307 29307 29307 29307 29307 29307 
29292 29289 29291 29291 29292 29292 29290 29290 29290 29287 29287 29287 
29271 29271 29255 29255 29267 29263 29263 29263 29263 29263 29263 29263 
29248 29241 29239 29239 29248 29248 29246 29247 29246 
29234 29231 29223 29232 29232 29232 29230 29231 29230 29223 29223 29223 29223 29223 29223 29223 
29215 29183 29183 29183 29183 29191 29191 29191 29193 29191 29191 29191 29191 29191 29191 29191 
29176 29169 29171 29171 29171 29171 29174 29174 29174 29173 
29168 29160 29162 29162 29160 29160 29160 29160 29160 29159 
29135 29143 29135 29139 29139 29139 29139 29139 29139 29139 
29130 29127 29127 29127 29126 29126 29126 29126 29126 
29119 29112 29108 29110 29116 29108 29108 29108 29108 
29101 29094 29096 29092 29096 29096 29100 29100 
29087 29088 29086 29076 29086 29086 29076 29076 29076 29081 29076 29076 29076 29076 29076 29076 
29068 29060 29036 29036 29036 29044 29044 29044 29044 29044 29044 29044 29044 29044 29044 29044 
29029 29026 29024 29024 29024 29024 29026 29026 29026 29026 
29019 29020 29018 29014 29018 29018 29014 29014 29014 29014 
28998 28998 28982 28982 28994 28994 28994 28994 28994 28994 
28977 28974 28976 28974 28974 28974 28974 28974 
28969 28970 28970 28966 28966 28966 28966 28966 
28950 28950 28950 28950 28950 28950 28950 28950 
28945 28942 28942 28942 28944 28944 
28937 28938 28938 28938 28936 28936 
28920 28920 28924 28924 28924 28924 
28915 28916 28916 28916 28914 28914 
28898 28898 28902 28902 28904 28902 
28893 28890 28894 28894 
28885 28886 28886 28886 
28880 28881 28881 28881 
28876 28877 28876 28876 
28875 28872 28872 28872 28871 
28863 28863 28861 28861 28861 
28857 28857 28858 28857 28856 
28848 28848 28846 28846 28846 
28836 28836 28842 28842 28841 
28828 28832 28832 28832 
28823 28824 28825 28824 
28821 28820 28820 28819 
28811 28811 28813 28811 
28807 28807 28808 28807 
28805 28804 28804 28803 
28795 28795 28795 28795 
28791 28789 28789 28791 
28788 28786 28786 28785 
28777 28777 28779 28777 
28773 28773 28774 
28772 28770 28770 
28762 28764 28764 
28760 28760 28759 
28751 28753 28753 
28747 28747 28748 
28746 28745 28743 28743 
28735 28735 28737 28735 
28730 28731 28732 
28726 28726 28727 
28724 28724 28723 
28715 28717 28717 
28711 28713 28712 
28710 28709 28708 
28700 28702 28702 
28698 28698 
28697 28696 28695 
28687 28689 28689 
28685 28685 
28684 28683 28682 
28674 28676 28676 
28672 28672 
28671 28670 28669 
28661 28663 28663 
28659 28659 
28658 28657 
28653 28653 
28652 28650 28650 
28642 28644 28644 
28640 28640 
28635 28638 
28633 28633 
28632 28631 28630 
28622 28624 28624 
28620 28620 
28619 28618 28617 
28609 28611 28611 
28607 28607 
28606 28605 28604 
28596 28598 28598 
28594 28594 
28593 28592 28591 
28583 28585 28585 
28581 28581 
28580 28579 28578 
28570 28572 28572 
28568 28568 
28567 28566 28565 
28557 28559 28559 
28555 28555 
28554 28553 28552 
28544 28546 28546 
28542 28542 
28541 28540 28539 
28531 28533 28533 
28529 28529 
28528 28527 28526 
28518 28520 28520 
28516 28516 
28515 28514 28513 
28505 28507 28507 
28503 28503 
28502 28501 28500 
28492 28494 28494 
28490 28490 
28489 28488 28487 
28479 28481 28481 
28477 28477 
28475 28475 
28467 28471 
28465 28465 
28461 28461 
28458 28459 28457 28457 
28449 28449 28449 28449 
28444 28445 
28440 28438 28438 
28436 28436 28433 28433 28433 
28425 28425 28423 28423 28423 
28419 28421 28417 28417 28417 28417 
28409 28401 28405 28405 28405 28405 
28393 28397 28397 28397 
28388 28389 28389 28389 
28386 28386 28384 28384 
28376 28376 28376 28376 
28372 28372 
28370 28370 
28368 28368 
28364 28364 
28362 28362 
28358 28358 
28353 28356 
28351 28351 
28350 28349 
28341 28345 
28339 28339 
28335 28335 
28330 28333 
28328 28328 
28327 28326 28324 28324 
28316 28316 28316 28316 
28312 28312 
28311 28310 
28306 28306 
28303 28304 28303 
28295 28297 28297 
28293 28293 
28288 28291 
28286 28286 
28284 28284 28282 28282 
28274 28274 28274 28274 
28270 28270 
28268 28266 28266 28266 
28258 28258 28258 28258 
28254 28254 
28249 28252 
28247 28247 
28244 28245 28244 
28236 28238 28238 
28234 28234 
28232 28232 
28224 28228 
28222 28222 
28218 28218 
28213 28215 28215 
28211 28211 28210 
28202 28202 28202 28202 
28198 28198 
28193 28196 
28191 28191 
28189 28189 
28181 28185 
28179 28179 
28175 28175 
28170 28173 28172 
28168 28168 28167 
28159 28161 28161 
28155 28155 
28154 28153 
28149 28149 
28144 28147 28146 
28142 28142 28141 
28133 28135 28135 
28129 28131 
28125 28127 28125 28125 
28117 28117 28117 28117 
28112 28113 
28108 28108 
28106 28106 
28104 28104 28103 
28095 28097 28097 
28093 28093 
28091 28091 
28087 28087 
28082 28085 
28080 28080 
28078 28078 
28074 28074 
28073 28072 28071 
28063 28065 28065 
28061 28061 
28060 28059 
28051 28055 
28050 28049 
28045 28045 
28044 28043 28041 28041 
28033 28033 28033 28033 
28029 28029 
28024 28027 
28022 28022 
28021 28020 28018 28018 
28010 28010 28010 28010 
28006 28006 
28004 28004 
28000 28000 
27995 27998 
27993 27993 
27992 27990 27990 
27982 27984 27984 
27980 27980 
27979 27977 27977 
27969 27971 27971 
27967 27967 
27966 27965 
27957 27961 
27956 27955 
27951 27951 
27950 27949 27948 
27940 27942 27942 
27938 27938 
27937 27936 
27932 27932 
27927 27930 
27925 27925 
27920 27923 
27918 27918 
27913 27916 
27911 27911 
27910 27909 
27905 27905 
27903 27903 
27899 27899 
27898 27897 
27893 27893 
27892 27891 27890 
27882 27884 27884 
27880 27880 
27879 27878 
27874 27874 
27873 27872 
27864 27868 
27863 27862 
27858 27858 
27857 27855 27855 
27847 27849 27849 
27845 27845 
27840 27843 
27838 27838 
27833 27836 
27831 27831 
27830 27828 27828 
27820 27822 27822 
27818 27818 
27817 27815 27815 
27807 27809 27809 
27805 27805 
27804 27802 27802 
27794 27796 27796 
27792 27792 
27787 27790 
27785 27785 
27783 27783 
27779 27779 
27774 27777 
27772 27772 
27767 27770 
27765 27765 
27763 27763 
27759 27759 
27758 27757 
27753 27753 
27748 27751 
27746 27746 
27745 27744 
27740 27740 
27735 27738 
27733 27733 
27732 27731 
27727 27727 
27722 27725 
27720 27720 
27715 27718 
27713 27713 
27712 27711 
27707 27707 
27702 27705 
27700 
27699 27698 
27694 27694 
27689 27692 
27687 
27686 27685 
27681 27681 
27676 27679 
27674 
27673 27672 
27668 27668 
27665 27665 27665 
27657 27659 27659 
27655 27655 
27652 27652 27652 
27644 27646 27646 
27642 27642 
27637 27640 
27635 27635 
27634 27632 27632 
27624 27626 27626 
27622 27622 
27617 27620 
27615 27615 
27612 27612 27612 
27604 27606 27606 
27602 27602 
27599 27599 27599 
27591 27593 27593 
27589 27589 
27587 27587 
27583 27583 
27582 27581 
27577 27577 
27572 27575 
27570 27570 
27569 27568 
27564 27564 
27563 27561 27561 
27553 27555 27555 
27551 27551 
27546 27549 
27544 27544 
27543 27541 27541 
27533 27535 27535 
27531 27531 
27530 27529 
27525 27525 
27520 27523 
27518 27518 
27517 27516 
27512 27512 
27507 27510 
27505 
27500 27503 
27498 
27497 27496 
27492 27492 
27487 27490 
27485 
27484 27483 
27479 27479 
27476 27476 27476 
27468 27470 27470 
27466 27466 
27464 27464 
27460 27460 
27455 27458 
27453 
27448 
27446 
27445 27443 27443 
27435 27437 27437 
27433 27433 
27432 27431 
27427 27427 
27422 27425 
27420 27420 
27418 27418 
27414 27414 
27409 27412 
27407 27407 
27406 27405 
27401 27401 
27400 27398 27398 
27390 27392 27392 
27388 27388 
27383 27386 
27381 27381 
27379 27379 
27375 27375 
27370 27373 
27368 27368 
27367 27366 
27362 27362 
27357 27360 
27355 27355 
27354 27353 
27349 27349 
27344 27347 
27342 27342 
27341 27340 
27336 27336 
27335 27333 27333 
27325 27327 27327 
27323 27323 
27318 27321 
27316 27316 
27315 27314 27313 
27305 27307 27307 
27303 27303 
27302 27301 
27297 27297 
27296 27295 27294 
27286 27288 27288 
27284 27284 
27279 27282 
27277 27277 
27275 27275 
27271 27271 
27266 27269 
27264 27264 
27263 27262 
27258 27258 
27257 27256 
27252 27252 
27247 27250 
27245 27245 
27240 27243 
27238 27238 
27237 27236 
27232 27232 
27227 27230 
27225 27225 
27224 27223 
27219 27219 
27214 27217 
27212 27212 
27211 27210 
27206 27206 
27201 27204 
27199 27199 
27198 27197 
27193 27193 
27188 27191 
27186 27186 
27185 27184 
27180 27180 
27179 27178 
27174 27174 
27169 27172 
27167 27167 
27162 27165 
27160 27160 
27159 27158 
27154 27154 
27149 27152 
27147 
27146 27145 
27141 27141 
27138 27138 27138 
27130 27134 27132 
27128 27128 
27123 27126 
27121 27121 
27120 27119 
27115 27115 
27110 27113 
27108 27108 
27107 27106 
27102 27102 
27101 27100 
27096 27096 
27094 27094 
27090 27090 
27085 27088 
27083 
27082 27081 
27077 27077 
27072 27075 
27070 
27065 
27063 
27058 
27056 
27055 
27053 
27052 27051 
27047 27047 
27042 27045 
27040 
27039 27038 
27034 27034 
27029 27032 
27027 
27026 27025 
27021 27021 
27020 27019 
27015 27015 
27010 27013 
27008 
27003 
27001 
27000 26999 
26995 26995 
26993 26993 
26989 26989 
26984 26987 
26982 26982 
26981 26980 
26976 26976 
26975 26973 26973 
26965 26967 26967 
26963 26963 
26962 26961 
26957 26957 
26952 26955 
26950 26950 
26945 26948 
26943 26943 
26942 26941 
26937 26937 
26932 26935 
26930 
26925 
26923 
26922 26921 
26917 26917 
26914 26914 26914 
26906 26908 26908 
26904 26904 
26903 26902 
26894 26898 
26893 26892 
26888 26888 
26883 26886 
26881 
26880 26879 
26875 26875 
26874 26873 
26869 26869 
26864 26867 
26862 
26857 
26855 
26854 26853 
26849 26849 
26848 26846 26846 
26838 26840 26840 
26836 26836 
26835 26834 26833 
26825 26827 26827 
26823 26823 
26821 26821 
26817 26817 
26812 26815 
26810 26810 
26805 26808 
26803 26803 
26798 26801 
26796 26796 
26795 26794 
26790 26790 
26785 26788 
26783 26783 
26782 26781 
26777 26777 
26772 26775 
26770 26770 
26769 26768 
26764 26764 
26763 26761 26761 
26753 26755 26755 
26751 26751 
26750 26749 
26745 26745 
26740 26743 
26738 26738 
26737 26736 
26732 26732 
26729 26730 26729 
26721 26723 26723 
26719 26719 
26717 26717 
26713 26713 
26708 26711 
26706 26706 
26701 26704 
26699 26699 
26694 26697 
26692 26692 
26691 26690 
26686 26686 
26681 26684 
26679 26679 
26677 26677 
26673 26673 
26672 26671 
26667 26667 
26662 26665 
26660 26660 
26658 26658 
26654 26654 
26649 26652 
26647 26647 
26645 26645 
26641 26641 
26636 26639 
26634 26634 
26632 26632 
26628 26628 
26623 26626 
26621 26621 
26619 26619 
26615 26615 
26610 26613 
26608 26608 
26606 26606 
26602 26602 
26597 26600 
26595 26595 
26593 26593 
26589 26589 
26584 26587 
26582 26582 
26580 26580 
26576 26576 
26571 26574 
26569 26569 
26567 26567 
26563 26563 
26558 26561 
26556 26556 
26554 26554 
26550 26550 
26545 26548 
26543 26543 
26541 26541 
26537 26537 
26532 26535 
26530 26530 
26528 26528 
26524 26524 
26519 26522 
26517 26517 
26515 26515 
26511 26511 
26506 26509 
26504 26504 
26502 26502 
26498 26498 
26493 26496 
26491 26491 
26489 26489 
26485 26485 
26480 26483 
26478 26478 
26476 26476 
26472 26472 
26467 26470 
26465 26465 
26463 26463 
26459 26459 
26454 26457 
26452 26452 
26450 26450 
26446 26446 
26441 26444 
26439 26439 
26437 26437 
26433 26433 
26428 26431 
26426 26426 
26424 26424 
26420 26420 
26415 26418 
26413 26413 
26411 26411 
26407 26407 
26402 26405 
26400 26400 
26398 26398 
26394 26394 
26389 26392 
26387 26387 
26385 26385 
26381 26381 
26376 26379 
26374 26374 
26372 26372 
26368 26368 
26363 26366 
26361 26361 
26359 26359 
26355 26355 
26350 26353 
26348 26348 
26346 26346 
26342 26342 
26337 26340 
26335 26335 
26333 26333 
26329 26329 
26324 26327 
26322 26322 
26320 26320 
26316 26316 
26311 26314 
26309 26309 
26307 26307 
26303 26303 
26298 26301 
26296 26296 
26294 26294 
26290 26290 
26285 26288 
26283 26283 
26281 26281 
26277 26277 
26272 26275 
26270 26270 
26268 26268 
26264 26264 
26259 26262 
26257 26257 
26255 26255 
26251 26251 
26246 26249 
26244 26244 
26242 26242 
26238 26238 
26233 26236 
26231 26231 
26229 26229 
26225 26225 
26220 26223 
26218 26218 
26216 26216 
26212 26212 
26207 26210 
26205 26205 
26203 26203 
26199 26199 
26194 26197 
26192 26192 
26190 26190 
26186 26186 
26181 26184 
26179 26179 
26177 26177 
26173 26173 
26168 26171 
26166 26166 
26164 26164 
26160 26160 
26155 26158 
26153 26153 
26151 26151 
26147 26147 
26142 26145 
26140 26140 
26138 26138 
26134 26134 
26129 26132 
26127 26127 
26125 26125 
26121 26121 
26116 26119 
26114 26114 
26112 26112 
26108 26108 
26103 26106 
26101 26101 
26099 26099 
26095 26095 
26090 26093 
26088 26088 
26086 26086 
26082 26082 
26077 26080 
26075 26075 
26073 26073 
26069 26069 
26064 26067 
26062 26062 
26060 26060 
26056 26056 
26051 26054 
26049 26049 
26047 26047 
26043 26043 
26038 26041 
26036 26036 
26034 26034 
26030 26030 
26025 26028 
26023 26023 
26021 26021 
26017 26017 
26012 26015 
26010 26010 
26008 26008 
26004 26004 
25999 26002 
25997 25997 
25995 25995 
25991 25991 
25986 25989 
25984 25984 
25982 25982 
25978 25978 
25973 25976 
25971 25971 
25969 25969 
25965 25965 
25960 25963 
25958 25958 
25957 25956 
25952 25952 
25947 25950 
25945 
25943 25943 
25939 25939 
25938 25936 25936 
25928 25930 25930 
25926 25926 
25925 25924 
25920 25920 
25919 25918 
25914 25914 
25913 
25911 
25910 25909 
25905 25905 
25902 25902 25902 
25894 25896 25896 
25892 25892 
25889 25889 25889 
25881 25883 25883 
25879 25879 
25876 25876 25876 
25868 25870 25870 
25866 25866 
25865 25863 25863 
25855 25857 25857 
25853 25853 
25852 25850 25850 
25842 25844 25844 
25840 25840 
25835 25838 
25833 25833 
25831 25831 
25827 25827 
25826 25824 25824 
25816 25818 25818 
25814 25814 
25811 25811 25811 
25803 25805 25805 
25801 25801 
25796 25799 
25794 25794 
25789 25792 
25787 25787 
25785 25785 
25781 25781 
25778 25778 25778 
25770 25772 25772 
25768 25768 
25766 25766 
25762 25762 
25759 25759 25759 
25751 25753 25753 
25749 25749 
25744 25747 
25742 25742 
25739 25739 25739 
25731 25733 25733 
25729 25729 
25726 25726 25726 
25718 25720 25720 
25716 25716 
25713 25713 25713 
25705 25707 25707 
25703 25703 
25700 25700 25700 
25692 25694 25694 
25690 25690 
25687 25687 25687 
25679 25681 25681 
25677 25677 
25674 25674 25674 
25666 25668 25668 
25664 25664 
25661 25661 25661 
25653 25655 25655 
25651 25651 
25648 25648 25648 
25640 25642 25642 
25638 25638 
25635 25635 25635 
25627 25629 25629 
25625 25625 
25622 25622 25622 
25614 25616 25616 
25612 25612 
25609 25609 25609 
25601 25603 25603 
25599 25599 
25596 25596 25596 
25588 25590 25590 
25586 25586 
25583 25583 25583 
25575 25577 25577 
25573 25573 
25570 25570 25570 
25562 25564 25564 
25560 25560 
25557 25557 25557 
25549 25551 25551 
25547 25547 
25544 25544 25544 
25536 25538 25538 
25534 25534 
25531 25531 25531 
25523 25525 25525 
25521 25521 
25518 25518 25518 
25510 25512 25512 
25508 25508 
25505 25505 25505 
25497 25499 25499 
25495 25495 
25492 25492 25492 
25484 25486 25486 
25482 25482 
25479 25479 25479 
25471 25473 25473 
25469 25469 
25466 25466 25466 
25458 25460 25460 
25456 25456 
25453 25453 25453 
25445 25447 25447 
25443 25443 
25440 25440 25440 
25432 25434 25434 
25430 25430 
25427 25427 25427 
25419 25421 25421 
25417 25417 
25414 25414 25414 
25406 25408 25408 
25404 25404 
25401 25401 25401 
25393 25395 25395 
25391 25391 
25388 25388 25388 
25380 25382 25382 
25378 25378 
25375 25375 25375 
25367 25369 25369 
25365 25365 
25362 25362 25362 
25354 25356 25356 
25352 25352 
25349 25349 25349 
25341 25343 25343 
25339 25339 
25336 25336 25336 
25328 25330 25330 
25326 25326 
25323 25323 25323 
25315 25317 25317 
25313 25313 
25310 25310 25310 
25302 25304 25304 
25300 25300 
25297 25297 25297 
25289 25291 25291 
25287 25287 
25284 25284 25284 
25276 25278 25278 
25274 25274 
25271 25271 25271 
25263 25265 25265 
25261 25261 
25258 25258 25258 
25250 25252 25252 
25248 25248 
25245 25245 25245 
25237 25239 25239 
25235 25235 
25232 25232 25232 
25224 25226 25226 
25222 25222 
25219 25219 25219 
25211 25213 25213 
25209 25209 
25206 25206 25206 
25198 25200 25200 
25196 25196 
25193 25193 25193 
25185 25187 25187 
25183 25183 
25180 25180 25180 
25172 25174 25174 
25170 25170 
25167 25167 25167 
25159 25161 25161 
25157 25157 
25154 25154 25154 
25146 25148 25148 
25144 25144 
25141 25141 25141 
25133 25135 25135 
25131 25131 
25128 25128 25128 
25120 25122 25122 
25118 25118 
25115 25115 25115 
25107 25109 25109 
25105 25105 
25102 25102 25102 
25094 25096 25096 
25092 25092 
25089 25089 25089 
25081 25083 25083 
25079 25079 
25076 25076 25076 
25068 25070 25070 
25066 25066 
25063 25063 25063 
25055 25057 25057 
25053 25053 
25050 25050 25050 
25042 25044 25044 
25040 25040 
25037 25037 25037 
25029 25031 25031 
25027 25027 
25024 25024 25024 
25016 25018 25018 
25014 25014 
25011 25011 25011 
25003 25005 25005 
25001 25001 
24998 24998 24998 
24990 24992 24992 
24988 24988 
24985 24985 24985 
24977 24979 24979 
24975 24975 
24972 24972 24972 
24964 24966 24966 
24962 24962 
24959 24959 24959 
24951 24953 24953 
24949 24949 
24946 24946 24946 
24938 24940 24940 
24936 24936 
24933 24933 24933 
24925 24927 24927 
24923 24923 
24920 24920 24920 
24912 24914 24914 
24910 24910 
24907 24907 24907 
24899 24901 24901 
24897 24897 
24894 24894 24894 
24886 24888 24888 
24884 24884 
24881 24881 24881 
24873 24875 24875 
24871 24871 
24868 24868 24868 
24860 24862 24862 
24858 24858 
24855 24855 24855 
24847 24849 24849 
24845 24845 
24842 24842 24842 
24834 24836 24836 
24832 24832 
24829 24829 24829 
24821 24823 24823 
24819 24819 
24816 24816 24816 
24808 24810 24810 
24806 24806 
24803 24803 24803 
24795 24797 24797 
24793 24793 
24790 24790 24790 
24782 24784 24784 
24780 24780 
24777 24777 24777 
24769 24771 24771 
24767 24767 
24764 24764 24764 
24756 24758 24758 
24754 24754 
24751 24751 24751 
24743 24745 24745 
24741 24741 
24738 24738 24738 
24730 24732 24732 
24728 24728 
24725 24725 24725 
24717 24719 24719 
24715 24715 
24712 24712 24712 
24704 24706 24706 
24702 24702 
24699 24699 24699 
24691 24693 24693 
24689 24689 
24686 24686 24686 
24678 24680 24680 
24676 24676 
24673 24673 24673 
24665 24667 24667 
24663 24663 
24660 24660 24660 
24652 24654 24654 
24650 24650 
24647 24647 24647 
24639 24641 24641 
24637 24637 
24634 24634 24634 
24626 24628 24628 
24624 24624 
24621 24621 24621 
24613 24615 24615 
24611 24611 
24608 24608 24608 
24600 24602 24602 
24598 24598 
24595 24595 24595 
24587 24589 24589 
24585 24585 
24582 24582 24582 
24574 24576 24576 
24572 24572 
24569 24569 24569 
24561 24563 24563 
24559 24559 
24556 24556 24556 
24548 24550 24550 
24546 24546 
24543 24543 24543 
24535 24537 24537 
24533 24533 
24530 24530 24530 
24522 24524 24524 
24520 24520 
24517 24517 24517 
24509 24511 24511 
24507 24507 
24504 24504 24504 
24496 24498 24498 
24494 24494 
24491 24491 24491 
24483 24485 24485 
24481 24481 
24478 24478 24478 
24470 24472 24472 
24468 24468 
24465 24465 24465 
24457 24459 24459 
24455 24455 
24452 24452 24452 
24444 24446 24446 
24442 24442 
24439 24439 24439 
24431 24433 24433 
24429 24429 
24426 24426 24426 
24418 24420 24420 
24416 24416 
24413 24413 24413 
24405 24407 24407 
24403 24403 
24400 24400 24400 
24392 24394 24394 
24390 24390 
24387 24387 24387 
24379 24381 24381 
24377 24377 
24374 24374 24374 
24366 24368 24368 
24364 24364 
24361 24361 24361 
24353 24355 24355 
24351 24351 
24348 24348 24348 
24340 24342 24342 
24338 24338 
24335 24335 24335 
24327 24329 24329 
24325 24325 
24322 24322 24322 
24314 24316 24316 
24312 24312 
24309 24309 24309 
24301 24303 24303 
24299 24299 
24296 24296 24296 
24288 24290 24290 
24286 24286 
24283 24283 24283 
24275 24277 24277 
24273 24273 
24270 24270 24270 
24262 24264 24264 
24260 24260 
24257 24257 24257 
24249 24251 24251 
24247 24247 
24244 24244 24244 
24236 24238 24238 
24234 24234 
24231 24231 24231 
24223 24225 24225 
24221 24221 
24218 24218 24218 
24210 24212 24212 
24208 24208 
24205 24205 24205 
24197 24199 24199 
24195 24195 
24192 24192 24192 
24184 24186 24186 
24182 24182 
24179 24179 24179 
24171 24173 24173 
24169 24169 
24166 24166 24166 
24158 24160 24160 
24156 24156 
24153 24153 24153 
24145 24147 24147 
24143 24143 
24140 24140 24140 
24132 24134 24134 
24130 24130 
24127 24127 24127 
24119 24121 24121 
24117 24117 
24114 24114 24114 
24106 24108 24108 
24104 24104 
24101 24101 24101 
24093 24095 24095 
24091 24091 
24088 24088 24088 
24080 24082 24082 
24078 24078 
24075 24075 24075 
24067 24069 24069 
24065 24065 
24062 24062 24062 
24054 24056 24056 
24052 24052 
24049 24049 24049 
24041 24043 24043 
24039 24039 
24036 24036 24036 
24028 24030 24030 
24026 24026 
24023 24023 24023 
24015 24017 24017 
24013 24013 
24010 24010 24010 
24002 24004 24004 
24000 24000 
23997 23997 23997 
23989 23991 23991 
23987 23987 
23984 23984 23984 
23976 23978 23978 
23974 23974 
23971 23971 23971 
23963 23965 23965 
23961 23961 
23958 23958 23958 
23950 23952 23952 
23948 23948 
23945 23945 23945 
23937 23939 23939 
23935 23935 
23932 23932 23932 
23924 23926 23926 
23922 23922 
23919 23919 23919 
23911 23913 23913 
23909 23909 
23906 23906 23906 
23898 23900 23900 
23896 23896 
23893 23893 23893 
23885 23887 23887 
23883 23883 
23880 23880 23880 
23872 23874 23874 
23870 23870 
23867 23867 23867 
23859 23861 23861 
23857 23857 
23854 23854 23854 
23846 23848 23848 
23844 23844 
23841 23841 23841 
23833 23835 23835 
23831 23831 
23828 23828 23828 
23820 23822 23822 
23818 23818 
23815 23815 23815 
23807 23809 23809 
23805 23805 
23802 23802 23802 
23794 23796 23796 
23792 23792 
23789 23789 23789 
23781 23783 23783 
23779 23779 
23776 23776 23776 
23768 23770 23770 
23766 23766 
23763 23763 23763 
23755 23757 23757 
23753 23753 
23750 23750 23750 
23742 23744 23744 
23740 23740 
23737 23737 23737 
23729 23731 23731 
23727 23727 
23724 23724 23724 
23716 23718 23718 
23714 23714 
23711 23711 23711 
23703 23705 23705 
23701 23701 
23698 23698 23698 
23690 23692 23692 
23688 23688 
23685 23685 23685 
23677 23679 23679 
23675 23675 
23672 23672 23672 
23664 23666 23666 
23662 23662 
23659 23659 23659 
23651 23653 23653 
23649 23649 
23646 23646 23646 
23638 23640 23640 
23636 23636 
23633 23633 23633 
23625 23627 23627 
23623 23623 
23620 23620 23620 
23612 23614 23614 
23610 23610 
23607 23607 23607 
23599 23601 23601 
23597 23597 
23594 23594 23594 
23586 23588 23588 
23584 23584 
23581 23581 23581 
23573 23575 23575 
23571 23571 
23568 23568 23568 
23560 23562 23562 
23558 23558 
23555 23555 23555 
23547 23549 23549 
23545 23545 
23542 23542 23542 
23534 23536 23536 
23532 23532 
23529 23529 23529 
23521 23523 23523 
23519 23519 
23516 23516 23516 
23508 23510 23510 
23506 23506 
23503 23503 23503 
23495 23497 23497 
23493 23493 
23490 23490 23490 
23482 23484 23484 
23480 23480 
23477 23477 23477 
23469 23471 23471 
23467 23467 
23464 23464 23464 
23456 23458 23458 
23454 23454 
23451 23451 23451 
23445 23445 23445 
23441 23441 
23440 
23438 
23433 
23431 
23426 
23424 
23423 
23421 
23416 
23414 
23409 
23407 
23406 
23404 
23403 
23401 
23396 
23394 
23393 
23391 
23390 
23388 
23387 
23385 
23384 
23382 
23381 
23379 
23374 
23372 
23371 
23369 
23368 
23366 
23361 
23359 
23358 
23356 
23354 23354 
23350 23350 
23345 23348 
23343 
23342 
23340 
23335 
23333 
23332 
23330 
23328 23328 
23324 23324 
23319 23322 
23317 
23312 
23310 
23308 23308 
23304 23304 
23302 23302 
23298 23298 
23293 23296 
23291 
23289 23289 
23285 23285 
23280 23283 
23278 
23276 23276 
23272 23272 
23267 23270 
23265 
23264 
23262 
23261 
23259 
23254 
23252 
23247 
23245 
23244 
23242 
23237 
23235 
23234 
23232 
23231 
23229 
23228 
23226 
23225 
23223 
23218 
23216 
23215 
23213 
23212 
23210 
23205 
23203 
23202 
23200 
23199 
23197 
23192 
23190 
23189 
23187 
23186 
23184 
23183 
23181 
23179 23179 
23175 23175 
23170 23173 
23168 
23167 
23165 
23164 
23162 
23157 
23155 
23154 
23152 
23151 
23149 
23144 
23142 
23141 
23139 
23138 
23136 
23134 23134 
23126 23130 
23124 23124 
23120 23120 
23115 23118 
23113 
23111 23111 
23107 23107 
23102 23105 
23100 
23095 
23093 
23092 
23090 
23089 
23087 
23086 
23084 
23079 
23077 
23076 23075 
23067 23071 
23065 23065 
23061 23061 
23059 23059 
23051 23055 
23049 23049 
23045 23045 
23040 23043 
23038 
23036 23036 
23032 23032 
23027 23030 
23025 
23023 23023 
23019 23019 
23014 23017 
23012 
23010 23010 
23006 23006 
23001 23004 
22999 
22997 22997 
22993 22993 
22991 22991 
22987 22987 
22986 22985 
22977 22981 
22976 22975 
22971 22971 
22966 22969 
22964 
22963 
22961 
22956 
22954 
22953 22952 
22948 22948 
22943 22946 
22941 
22936 
22934 
22933 
22931 
22930 
22928 
22923 
22921 
22916 
22914 
22909 
22907 
22906 
22904 
22903 
22901 
22900 
22898 
22896 22896 
22892 22892 
22890 22890 
22882 22886 
22880 22880 
22876 22876 
22874 22874 
22866 22870 
22864 22864 
22860 22860 
22855 22858 
22853 
22851 22851 
22843 22847 
22841 22841 
22837 22837 
22832 22835 
22830 
22825 
22823 
22822 
22820 
22819 
22817 
22812 
22810 
22809 
22807 
22806 22805 
22801 22801 
22796 
22794 
22793 
22791 
22790 22789 
22781 22785 
22780 22779 
22775 22775 
22773 22773 
22765 22769 
22763 22763 
22759 22759 
22754 22757 
22752 
22751 
22749 
22744 
22742 
22741 
22739 
22737 22737 
22733 22733 
22728 22731 
22726 
22724 22724 
22720 22720 
22715 22718 
22713 
22711 22711 
22707 22707 
22702 22705 
22700 
22698 22698 
22694 22694 
22689 22692 
22687 
22685 22685 
22681 22681 
22676 22679 
22674 
22672 22672 
22668 22668 
22663 22666 
22661 
22659 22659 
22655 22655 
22650 22653 
22648 
22646 22646 
22642 22642 
22637 22640 
22635 
22633 22633 
22629 22629 
22624 22627 
22622 
22620 22620 
22616 22616 
22611 22614 
22609 
22607 22607 
22603 22603 
22598 22601 
22596 
22594 22594 
22590 22590 
22585 22588 
22583 
22581 22581 
22577 22577 
22572 22575 
22570 
22568 22568 
22564 22564 
22559 22562 
22557 
22555 22555 
22551 22551 
22546 22549 
22544 
22542 22542 
22538 22538 
22533 22536 
22531 
22529 22529 
22525 22525 
22520 22523 
22518 
22516 22516 
22512 22512 
22507 22510 
22505 
22503 22503 
22499 22499 
22494 22497 
22492 
22490 22490 
22486 22486 
22481 22484 
22479 
22477 22477 
22473 22473 
22468 22471 
22466 
22464 22464 
22460 22460 
22455 22458 
22453 
22451 22451 
22447 22447 
22442 22445 
22440 
22438 22438 
22434 22434 
22429 22432 
22427 
22425 22425 
22421 22421 
22416 22419 
22414 
22412 22412 
22408 22408 
22403 22406 
22401 
22399 22399 
22395 22395 
22390 22393 
22388 
22386 22386 
22382 22382 
22377 22380 
22375 
22373 22373 
22369 22369 
22364 22367 
22362 
22360 22360 
22356 22356 
22351 22354 
22349 
22347 22347 
22343 22343 
22338 22341 
22336 
22334 22334 
22330 22330 
22325 22328 
22323 
22321 22321 
22317 22317 
22312 22315 
22310 
22308 22308 
22304 22304 
22299 22302 
22297 
22295 22295 
22291 22291 
22286 22289 
22284 
22282 22282 
22278 22278 
22273 22276 
22271 
22269 22269 
22265 22265 
22260 22263 
22258 
22256 22256 
22252 22252 
22247 22250 
22245 
22243 22243 
22239 22239 
22234 22237 
22232 
22230 22230 
22226 22226 
22221 22224 
22219 
22217 22217 
22213 22213 
22208 22211 
22206 
22204 22204 
22200 22200 
22195 22198 
22193 
22191 22191 
22187 22187 
22182 22185 
22180 
22178 22178 
22174 22174 
22169 22172 
22167 
22165 22165 
22161 22161 
22156 22159 
22154 
22152 22152 
22148 22148 
22143 22146 
22141 
22139 22139 
22135 22135 
22130 22133 
22128 
22126 22126 
22122 22122 
22117 22120 
22115 
22113 22113 
22109 22109 
22104 22107 
22102 
22100 22100 
22096 22096 
22091 22094 
22089 
22087 22087 
22083 22083 
22078 22081 
22076 
22074 22074 
22070 22070 
22065 22068 
22063 
22061 22061 
22057 22057 
22052 22055 
22050 
22048 22048 
22044 22044 
22039 22042 
22037 
22035 22035 
22031 22031 
22026 22029 
22024 
22022 22022 
22018 22018 
22013 22016 
22011 
22009 22009 
22005 22005 
22000 22003 
21998 
21996 21996 
21992 21992 
21987 21990 
21985 
21983 21983 
21979 21979 
21974 21977 
21972 
21970 21970 
21966 21966 
21961 21964 
21959 
21957 21957 
21953 21953 
21948 21951 
21946 
21944 21944 
21940 21940 
21935 21938 
21933 
21931 21931 
21927 21927 
21922 21925 
21920 
21918 21918 
21914 21914 
21909 21912 
21907 
21905 21905 
21901 21901 
21896 21899 
21894 
21892 21892 
21888 21888 
21883 21886 
21881 
21879 21879 
21875 21875 
21870 21873 
21868 
21866 21866 
21862 21862 
21857 21860 
21855 
21853 21853 
21849 21849 
21844 21847 
21842 
21840 21840 
21836 21836 
21831 21834 
21829 
21827 21827 
21823 21823 
21818 21821 
21816 
21814 21814 
21810 21810 
21805 21808 
21803 
21801 21801 
21797 21797 
21792 21795 
21790 
21788 21788 
21784 21784 
21779 21782 
21777 
21775 21775 
21771 21771 
21766 21769 
21764 
21762 21762 
21758 21758 
21753 21756 
21751 
21749 21749 
21745 21745 
21740 21743 
21738 
21736 21736 
21732 21732 
21727 21730 
21725 
21723 21723 
21719 21719 
21714 21717 
21712 
21710 21710 
21706 21706 
21701 21704 
21699 
21697 21697 
21693 21693 
21688 21691 
21686 
21684 21684 
21680 21680 
21675 21678 
21673 
21671 21671 
21667 21667 
21662 21665 
21660 
21658 21658 
21654 21654 
21649 21652 
21647 
21645 21645 
21641 21641 
21636 21639 
21634 
21632 21632 
21628 21628 
21623 21626 
21621 
21619 21619 
21615 21615 
21610 21613 
21608 
21606 21606 
21602 21602 
21597 21600 
21595 
21593 21593 
21589 21589 
21584 21587 
21582 
21580 21580 
21576 21576 
21571 21574 
21569 
21567 21567 
21563 21563 
21558 21561 
21556 
21554 21554 
21550 21550 
21545 21548 
21543 
21541 21541 
21537 21537 
21532 21535 
21530 
21528 21528 
21524 21524 
21519 21522 
21517 
21515 21515 
21511 21511 
21506 21509 
21504 
21502 21502 
21498 21498 
21493 21496 
21491 
21489 21489 
21485 21485 
21480 21483 
21478 
21476 21476 
21472 21472 
21467 21470 
21465 
21463 21463 
21459 21459 
21454 21457 
21452 
21450 21450 
21446 21446 
21441 21444 
21439 
21437 21437 
21433 21433 
21428 21431 
21426 
21424 21424 
21420 21420 
21415 21418 
21413 
21411 21411 
21407 21407 
21402 21405 
21400 
21398 21398 
21394 21394 
21389 21392 
21387 
21385 21385 
21381 21381 
21376 21379 
21374 
21372 21372 
21368 21368 
21363 21366 
21361 
21359 21359 
21355 21355 
21350 21353 
21348 
21346 21346 
21342 21342 
21337 21340 
21335 
21333 21333 
21329 21329 
21324 21327 
21322 
21320 21320 
21316 21316 
21311 21314 
21309 
21307 21307 
21303 21303 
21298 21301 
21296 
21294 21294 
21290 21290 
21285 
21283 
21282 
21280 
21279 
21277 
21276 
21274 
21269 
21267 
21266 
21264 
21259 
21257 
21257
