32217
24627 
24535 
24215 
21063 
19951 
18979 
18973 
18967 
17323 
17317 
17311 
17305 
14875 
14869 
14863 
14857 
14851 
14233 
13663 
13657 
12463 
12457 
10963 
10957 
10951 
10945 
10939 
10933 
10927 
10921 
10915 
10909 
10903 
10897 
10891 
10885 
10879 
10873 
10867 
10861 
10855 
10849 
10843 
10837 
10831 
10825 
10819 
10813 
10807 
10801 
10795 
10789 
10783 
10777 
10771 
10765 
10759 
10753 
10747 
10741 
10735 
10729 
10723 
10717 
10711 
10705 
10699 
10693 
10687 
10681 
10675 
10669 
10663 
10657 
10651 
10645 
10639 
10633 
10627 
10621 
10615 
10609 
10603 
10597 
10591 
10585 
10579 
10573 
10567 
10561 
10555 
10549 
10543 
10537 
10531 
10525 
10519 
10513 
10507 
10501 
10495 
10489 
10483 
10477 
10471 
10465 
10459 
10453 
10447 
10441 
10435 
10429 
10423 
10417 
10411 
10405 
10399 
10393 
10387 
10381 
10375 
9847 
9841 
9835 
9829 
9823 
9817 
9811 
9805 
9799 
9793 
9787 
9781 
9775 
9769 
9763 
9757 
9751 
9745 
9739 
9733 
9727 
9721 
9715 
9709 
9703 
9697 
9691 
9685 
9679 
9673 
9667 
9661 
9655 
9649 
9643 
9637 
9631 
9625 
9619 
9613 
9607 
9601 
9595 
9589 
9583 
9577 
9571 
9565 
9559 
9553 
9547 
9541 
9535 
9529 
9523 
9517 
9511 
9505 
9499 
9493 
9487 
9481 
9475 
9469 
9463 
9457 
9451 
9445 
9439 
9433 
9427 
9421 
9415 
9409 
9403 
9397 
9391 
9385 
9379 
9373 
9367 
9361 
9355 
9349 
9343 
9337 
9331 
9325 
9319 
9313 
9307 
9301 
9295 
9289 
9283 
9277 
9271 
9265 
9259 
9253 
9247 
9241 
9235 
9229 
9223 
9217 
9211 
9205 
9199 
9193 
9187 
9181 
9175 
9169 
9163 
9157 
9151 
9145 
9139 
9133 
9127 
9121 
9115 
9109 
9103 
9097 
9091 
9085 
9079 
9073 
9067 
9061 
9055 
9049 
9043 
9037 
9031 
9025 
9019 
9013 
9007 
9001 
8995 
8989 
8983 
8977 
8971 
8965 
8959 
8953 
8947 
8941 
8935 
8929 
8923 
8917 
8911 
8905 
8899 
8893 
8887 
8881 
8875 
8869 
8863 
8857 
8851 
8845 
8839 
8833 
8827 
8821 
8815 
8809 
8803 
8797 
8791 
8785 
8779 
8773 
8767 
8761 
8755 
8749 
8743 
8737 
8731 
8725 
8719 
8713 
8707 
8701 
8695 
8689 
8683 
8677 
8671 
8665 
8659 
8653 
8647 
8641 
8635 
8629 
8623 
8617 
8611 
8605 
8599 
8593 
8587 
8581 
8575 
8569 
8563 
8557 
8551 
8545 
8539 
8533 
8527 
8521 
8515 
8509 
8503 
8497 
8491 
8485 
8479 
8473 
8467 
8461 
8455 
8449 
8443 
8437 
8431 
8425 
8419 
8413 
8407 
8401 
8395 
8389 
8383 
8377 
8371 
8365 
8359 
8353 
8347 
8341 
8335 
8329 
8323 
8317 
8311 
8305 
8299 
8293 
8287 
8281 
8275 
8269 
8263 
8257 
8251 
8245 
8239 
8233 
8227 
8221 
8215 
8209 
8203 
8197 
8191 
8185 
8179 
8173 
8167 
8161 
8155 
8149 
8143 
8137 
8131 
8125 
8119 
8113 
8107 
8101 
8095 
8089 
8083 
8077 
8071 
8065 
8059 
8053 
8047 
8041 
8035 
8029 
8023 
8017 
8011 
8005 
7999 
7993 
7987 
7981 
7975 
7969 
7963 
7957 
7951 
7945 
7939 
7933 
7927 
7921 
7915 
7909 
7903 
7897 
7891 
7885 
7879 
7873 
7867 
7861 
7855 
7849 
7843 
7837 
7831 
7825 
7819 
7813 
7807 
7801 
7795 
7789 
7783 
7777 
7771 
7765 
7759 
7753 
7747 
7741 
7735 
7729 
7723 
7717 
7711 
7705 
7699 
7693 
7687 
7681 
7675 
7669 
7663 
7657 
7651 
7645 
7639 
7633 
7627 
7621 
7615 
7609 
7603 
7597 
7591 
7585 
7579 
7573 
7567 
7561 
7555 
7549 
7543 
7537 
7531 
7525 
7519 
7513 
7507 
7501 
7495 
7489 
7483 
7477 
7471 
7465 
7459 
7453 
7447 
7441 
7435 
7429 
7423 
7417 
7411 
7405 
7399 
7393 
7387 
7381 
7375 
7369 
7363 
7357 
7351 
5953 
5947 
5941 
5936 
5933 
5930 
5927 
5926 
5924 
5924
