32217
24627 
24531 
23781 
22911 
21951 
20601 
19951 
19943 
19929 
19921 
19913 
19906 
19898 
19884 
19868 
19602 
19532 
19523 
19502 
19493 
18478 
18470 
18462 
18454 
18430 
18422 
18408 
17218 
17197 
17189 
17181 
16019 
16003 
15979 
15923 
15594 
15586 
15397 
15181 
14033 
13969 
13339 
13189 
13182 
13174 
12691 
12139 
11656 
11104 
10894 
10654 
10640 
10624 
10610 
10594 
10580 
10564 
10550 
10534 
10520 
10504 
10490 
10474 
10460 
10444 
10430 
10414 
10400 
10384 
10370 
10354 
10340 
10324 
10310 
10294 
10280 
10264 
10250 
10234 
10220 
10204 
10190 
10174 
10160 
10144 
10130 
10114 
10100 
10084 
10070 
10054 
10040 
10024 
10010 
9994 
9980 
9964 
9950 
9934 
9920 
9904 
9890 
9874 
9860 
9844 
9830 
9814 
9800 
9784 
9770 
9754 
9740 
9724 
9710 
9694 
9680 
9664 
9650 
9328 
9312 
9280 
9077 
8845 
8824 
8586 
8554 
8546 
8224 
7992 
7856 
7842 
7837 
7830 
7824 
7804 
7795 
7790 
7784 
7777 
7762 
7755 
7620 
7580 
7572 
7566 
7271 
7181 
7172 
7166 
7121 
7111 
7104 
7097 
7072 
7064 
7057 
7047 
7035 
7015 
7006 
6991 
6984 
6977 
6957 
6950 
6944 
6937 
6927 
6915 
6905 
6897 
6887 
6881 
6875 
6870 
6864 
6857 
6852 
6846 
6831 
6824 
6817 
6812 
6806 
6801 
6795 
6790 
6784 
6777 
6772 
6766 
6761 
6755 
6750 
6744 
6737 
6712 
6704 
6697 
6692 
6686 
6666 
6657 
6647 
6635 
6610 
6601 
6595 
6565 
6555 
6525 
6515 
6485 
6475 
6460 
6452 
6446 
6426 
6417 
6412 
6406 
6401 
6395 
6390 
6384 
6377 
6367 
6361 
6355 
6315 
6305 
6297 
6247 
6237 
6230 
6224 
6217 
6167 
6157 
6150 
6144 
6137 
6122 
6115 
6100 
6092 
6086 
6071 
6064 
6057 
6042 
6035 
6025 
6017 
6007 
5995 
5985 
5977 
5967 
5955 
5945 
5937 
5927 
5924 
5924
