32217
24535 
24153 
20995 
19949 
19426 
19242 
18380 
17949 
17087 
16656 
15794 
15363 
14501 
14111 
13563 
13331 
13215 
13099 
12983 
12944 
12932 
12866 
12833 
12801 
12799 
12783 
12767 
12759 
12743 
12735 
12719 
12711 
12703 
12699 
12697 
12695 
12691 
12683 
12682 
12680 
12677 
12671 
12668 
12662 
12658 
12650 
12649 
12647 
12642 
12632 
12604 
12548 
12543 
12539 
12537 
12535 
12533 
12531 
12527 
12523 
12519 
12515 
12513 
12511 
12509 
12481 
12425 
12397 
12341 
12313 
12257 
12229 
12173 
12145 
12089 
12061 
12005 
11977 
11921 
11893 
11837 
11809 
11753 
11725 
11669 
11641 
11585 
11557 
11501 
11473 
11417 
11398 
11360 
11340 
11300 
11299 
11297 
11296 
11294 
11293 
11291 
11289 
11287 
11285 
11283 
11279 
11277 
11273 
11271 
11269 
11267 
11265 
11261 
11259 
11257 
11255 
11253 
11249 
11247 
11245 
11243 
11241 
11237 
11235 
11233 
11231 
11229 
11225 
11223 
11221 
11219 
11217 
11213 
11211 
11209 
11207 
11205 
11201 
11199 
11197 
11195 
11193 
11189 
11187 
11185 
11183 
11181 
11177 
11175 
11173 
11171 
11169 
11165 
11163 
11161 
11159 
11157 
11153 
11151 
11149 
11147 
11145 
11141 
11139 
11137 
11135 
11133 
11129 
11127 
11125 
11123 
11121 
11117 
11115 
11113 
11111 
11109 
11105 
11103 
11101 
11099 
11097 
11093 
11091 
11089 
11087 
11085 
11081 
11079 
11077 
11075 
11073 
11069 
11067 
11065 
11063 
11061 
11057 
11055 
11053 
11051 
11049 
11045 
11043 
11041 
11039 
11037 
11033 
11031 
11029 
11027 
11025 
11021 
11019 
11017 
11015 
11013 
11009 
11007 
11005 
11003 
11001 
10997 
10995 
10993 
10991 
10989 
10985 
10983 
10981 
10979 
10977 
10973 
10971 
10969 
10967 
10965 
10961 
10959 
10957 
10955 
10953 
10949 
10947 
10945 
10943 
10941 
10937 
10935 
10933 
10931 
10929 
10925 
10923 
10921 
10919 
10917 
10913 
10911 
10909 
10907 
10905 
10901 
10899 
10897 
10895 
10893 
10889 
10887 
10885 
10883 
10881 
10877 
10875 
10873 
10871 
10869 
10865 
10863 
10861 
10859 
10857 
10853 
10851 
10849 
10847 
10845 
10841 
10839 
10837 
10835 
10833 
10829 
10827 
10825 
10823 
10821 
10817 
10815 
10813 
10811 
10809 
10805 
10803 
10801 
10799 
10797 
10793 
10791 
10789 
10787 
10785 
10781 
10779 
10777 
10775 
10773 
10769 
10767 
10765 
10763 
10761 
10757 
10755 
10753 
10751 
10749 
10745 
10743 
10741 
10739 
10737 
10733 
10731 
10729 
10727 
10725 
10721 
10719 
10717 
10715 
10713 
10709 
10707 
10705 
10703 
10701 
10697 
10695 
10693 
10691 
10689 
10685 
10683 
10681 
10679 
10677 
10673 
10671 
10669 
10667 
10665 
10661 
10659 
10657 
10655 
10653 
10649 
10647 
10645 
10643 
10641 
10637 
10635 
10633 
10631 
10629 
10625 
10623 
10621 
10619 
10617 
10613 
10611 
10609 
10607 
10605 
10601 
10599 
10597 
10595 
10593 
10589 
10587 
10585 
10583 
10581 
10577 
10575 
10573 
10571 
10569 
10565 
10563 
10561 
10559 
10557 
10553 
10551 
10549 
10547 
10545 
10541 
10539 
10537 
10535 
10533 
10529 
10527 
10525 
10523 
10521 
10517 
10515 
10513 
10511 
10509 
10505 
10503 
10501 
10499 
10497 
10493 
10491 
10489 
10487 
10485 
10481 
10479 
10477 
10475 
10473 
10469 
10467 
10465 
10463 
10461 
10457 
10455 
10453 
10451 
10449 
10445 
10443 
10441 
10439 
10437 
10433 
10431 
10429 
10427 
10426 
10424 
10423 
10421 
10420 
10418 
10417 
10415 
10414 
10412 
10411 
10409 
10408 
10406 
10405 
10403 
10402 
10400 
10399 
10397 
10396 
10394 
10393 
10391 
10390 
10388 
10387 
10385 
10384 
10382 
10381 
10379 
10378 
10376 
10375 
10373 
10372 
10370 
10369 
10367 
10366 
10364 
10363 
10361 
10360 
10358 
10357 
10355 
10354 
10352 
10351 
10349 
10348 
10346 
10345 
10343 
10342 
10340 
10339 
10337 
10336 
10334 
10333 
10331 
10330 
10328 
10327 
10325 
10324 
10322 
10321 
10319 
10318 
10316 
10315 
10313 
10312 
10310 
10309 
10307 
10306 
10304 
10303 
10301 
10300 
10298 
10297 
10295 
10294 
10292 
10291 
10289 
10288 
10286 
10285 
10283 
10282 
10280 
10279 
10277 
10276 
10274 
10273 
10271 
10270 
10268 
10267 
10265 
10264 
10262 
10261 
10259 
10258 
10256 
10255 
10253 
10252 
10250 
10249 
10247 
10246 
10244 
10243 
10241 
10240 
10238 
10237 
10235 
10234 
10232 
10231 
10229 
10228 
10226 
10225 
10223 
10222 
10220 
10219 
10217 
10216 
10214 
10213 
10211 
10210 
10208 
10207 
10205 
10204 
10202 
10201 
10199 
10198 
10196 
10195 
10193 
10192 
10190 
10189 
10187 
10186 
10184 
10183 
10181 
10180 
10178 
10177 
10175 
10174 
10172 
10171 
10169 
10168 
10166 
10165 
10163 
10162 
10160 
10159 
10157 
10156 
10154 
10153 
10151 
10150 
10148 
10147 
10145 
10144 
10142 
10141 
10139 
10138 
10136 
10135 
10133 
10132 
10130 
10129 
10127 
10126 
10124 
10123 
10121 
10120 
10118 
10117 
10115 
10114 
10112 
10111 
10109 
10108 
10106 
10105 
10103 
10102 
10100 
10099 
10097 
10096 
10094 
10093 
10091 
10090 
10088 
10087 
10085 
10084 
10082 
10081 
10079 
10078 
10076 
10075 
10073 
10072 
10070 
10069 
10067 
10066 
10064 
10063 
10061 
10060 
10058 
10057 
10055 
10054 
10052 
10051 
10049 
10048 
10046 
10045 
10043 
10042 
10040 
10039 
10037 
10036 
10034 
10033 
10031 
10030 
10028 
10027 
10025 
10024 
10022 
10021 
10019 
10018 
10016 
10015 
10013 
10012 
10010 
10009 
10007 
10006 
10004 
10003 
10001 
10000 
9998 
9997 
9995 
9994 
9992 
9991 
9989 
9988 
9986 
9985 
9983 
9982 
9980 
9979 
9977 
9976 
9974 
9973 
9971 
9970 
9968 
9967 
9965 
9964 
9962 
9961 
9959 
9958 
9956 
9955 
9953 
9952 
9950 
9949 
9947 
9946 
9944 
9943 
9941 
9940 
9938 
9937 
9935 
9934 
9932 
9931 
9929 
9928 
9926 
9925 
9923 
9922 
9920 
9919 
9917 
9916 
9914 
9913 
9911 
9910 
9908 
9907 
9905 
9904 
9902 
9901 
9899 
9898 
9896 
9895 
9893 
9892 
9890 
9889 
9887 
9886 
9884 
9883 
9881 
9880 
9878 
9877 
9875 
9874 
9872 
9871 
9869 
9868 
9866 
9865 
9863 
9862 
9860 
9859 
9857 
9856 
9854 
9853 
9851 
9850 
9848 
9847 
9845 
9844 
9842 
9841 
9839 
9838 
9836 
9835 
9833 
9832 
9830 
9829 
9827 
9826 
9824 
9823 
9821 
9820 
9818 
9817 
9815 
9814 
9812 
9811 
9809 
9808 
9806 
9805 
9803 
9802 
9800 
9799 
9797 
9796 
9794 
9793 
9791 
9790 
9788 
9787 
9785 
9784 
9782 
9780 
9776 
9774 
9770 
9768 
9764 
9762 
9758 
9756 
9752 
9750 
9746 
9744 
9740 
9738 
9734 
9732 
9728 
9726 
9722 
9720 
9716 
9714 
9710 
9708 
9704 
9702 
9698 
9696 
9692 
9690 
9686 
9684 
9680 
9678 
9674 
9672 
9668 
9666 
9662 
9660 
9656 
9654 
9650 
9648 
9644 
9642 
9638 
9636 
9632 
9630 
9626 
9624 
9620 
9618 
9614 
9612 
9608 
9606 
9602 
9600 
9596 
9594 
9590 
9588 
9584 
9582 
9578 
9576 
9572 
9570 
9566 
9564 
9560 
9558 
9554 
9552 
9548 
9546 
9542 
9540 
9536 
9534 
9530 
9528 
9524 
9522 
9518 
9516 
9512 
9510 
9506 
9504 
9500 
9498 
9494 
9492 
9488 
9486 
9482 
9480 
9476 
9474 
9470 
9468 
9464 
9462 
9458 
9456 
9452 
9450 
9446 
9444 
9440 
9438 
9434 
9432 
9428 
9426 
9422 
9420 
9416 
9414 
9410 
9408 
9404 
9402 
9398 
9396 
9392 
9390 
9386 
9384 
9380 
9378 
9374 
9372 
9368 
9366 
9362 
9360 
9356 
9354 
9350 
9348 
9344 
9342 
9338 
9336 
9332 
9330 
9326 
9324 
9320 
9318 
9314 
9312 
9308 
9306 
9302 
9300 
9296 
9294 
9290 
9288 
9284 
9282 
9278 
9276 
9272 
9270 
9266 
9264 
9260 
9258 
9254 
9252 
9248 
9246 
9242 
9240 
9236 
9234 
9230 
9228 
9224 
9222 
9218 
9216 
9212 
9210 
9206 
9204 
9200 
9198 
9194 
9192 
9188 
9186 
9182 
9180 
9176 
9174 
9170 
9168 
9164 
9162 
9158 
9156 
9152 
9150 
9146 
9144 
9140 
9138 
9134 
9132 
9128 
9126 
9122 
9120 
9116 
9114 
9110 
9108 
9104 
9102 
9098 
9096 
9092 
9090 
9086 
9084 
9080 
9078 
9074 
9072 
9068 
9066 
9062 
9060 
9056 
9054 
9050 
9048 
9044 
9042 
9038 
9036 
9032 
9030 
9026 
9024 
9020 
9018 
9014 
9012 
9008 
9006 
9002 
9000 
8996 
8994 
8990 
8988 
8984 
8982 
8978 
8976 
8972 
8970 
8966 
8964 
8960 
8958 
8954 
8952 
8948 
8946 
8942 
8940 
8936 
8934 
8930 
8928 
8924 
8922 
8918 
8916 
8912 
8910 
8906 
8904 
8900 
8898 
8894 
8892 
8888 
8886 
8882 
8880 
8876 
8874 
8870 
8868 
8864 
8862 
8858 
8856 
8852 
8850 
8846 
8844 
8840 
8838 
8834 
8832 
8828 
8826 
8822 
8820 
8816 
8814 
8810 
8808 
8804 
8802 
8798 
8796 
8792 
8790 
8786 
8784 
8780 
8778 
8774 
8772 
8768 
8766 
8762 
8760 
8756 
8754 
8750 
8748 
8744 
8742 
8738 
8736 
8732 
8730 
8726 
8724 
8720 
8718 
8714 
8712 
8708 
8706 
8702 
8700 
8696 
8694 
8690 
8688 
8684 
8682 
8678 
8676 
8672 
8670 
8666 
8664 
8660 
8658 
8654 
8652 
8648 
8646 
8642 
8640 
8636 
8634 
8630 
8628 
8624 
8622 
8618 
8616 
8612 
8611 
8609 
8608 
8606 
8605 
8603 
8602 
8600 
8599 
8597 
8596 
8594 
8593 
8591 
8590 
8588 
8587 
8585 
8584 
8582 
8581 
8579 
8578 
8576 
8575 
8573 
8572 
8570 
8569 
8567 
8566 
8564 
8563 
8561 
8560 
8558 
8557 
8555 
8554 
8552 
8551 
8549 
8548 
8546 
8545 
8543 
8542 
8540 
8539 
8537 
8536 
8534 
8533 
8531 
8530 
8528 
8527 
8525 
8524 
8522 
8521 
8519 
8518 
8516 
8515 
8513 
8512 
8510 
8509 
8507 
8506 
8504 
8503 
8501 
8500 
8498 
8497 
8495 
8494 
8492 
8491 
8489 
8488 
8486 
8485 
8483 
8482 
8480 
8479 
8477 
8476 
8474 
8473 
8471 
8470 
8468 
8467 
8465 
8464 
8462 
8461 
8459 
8458 
8456 
8455 
8453 
8452 
8450 
8449 
8447 
8446 
8444 
8443 
8441 
8440 
8438 
8437 
8435 
8434 
8432 
8431 
8429 
8428 
8426 
8425 
8423 
8422 
8420 
8419 
8417 
8416 
8414 
8413 
8411 
8410 
8408 
8407 
8405 
8404 
8402 
8401 
8399 
8398 
8396 
8395 
8393 
8392 
8390 
8389 
8387 
8386 
8384 
8383 
8381 
8380 
8378 
8377 
8375 
8374 
8372 
8371 
8369 
8368 
8366 
8365 
8363 
8362 
8360 
8359 
8357 
8356 
8354 
8353 
8351 
8350 
8348 
8347 
8345 
8344 
8342 
8341 
8339 
8338 
8336 
8335 
8333 
8332 
8330 
8329 
8327 
8326 
8324 
8323 
8321 
8320 
8318 
8317 
8315 
8314 
8312 
8311 
8309 
8308 
8306 
8305 
8303 
8302 
8300 
8299 
8297 
8296 
8294 
8293 
8291 
8290 
8288 
8287 
8285 
8284 
8282 
8281 
8279 
8278 
8276 
8275 
8273 
8272 
8270 
8269 
8267 
8266 
8264 
8263 
8261 
8260 
8258 
8257 
8255 
8254 
8252 
8251 
8249 
8248 
8246 
8245 
8243 
8242 
8240 
8239 
8237 
8236 
8234 
8233 
8231 
8230 
8228 
8227 
8225 
8224 
8222 
8221 
8219 
8218 
8216 
8215 
8213 
8212 
8210 
8209 
8207 
8206 
8204 
8203 
8201 
8200 
8198 
8197 
8195 
8194 
8192 
8191 
8189 
8188 
8186 
8185 
8183 
8182 
8180 
8179 
8177 
8176 
8174 
8173 
8171 
8170 
8168 
8167 
8165 
8164 
8162 
8161 
8159 
8158 
8156 
8155 
8153 
8152 
8150 
8149 
8147 
8146 
8144 
8143 
8141 
8140 
8138 
8137 
8135 
8134 
8132 
8131 
8129 
8128 
8126 
8125 
8123 
8122 
8120 
8119 
8117 
8116 
8114 
8113 
8111 
8110 
8108 
8107 
8105 
8104 
8102 
8101 
8099 
8098 
8096 
8095 
8093 
8092 
8090 
8089 
8087 
8086 
8084 
8083 
8081 
8080 
8078 
8077 
8075 
8074 
8072 
8071 
8069 
8068 
8066 
8065 
8063 
8062 
8060 
8059 
8057 
8056 
8054 
8053 
8051 
8050 
8048 
8047 
8045 
8044 
8042 
8041 
8039 
8038 
8036 
8035 
8033 
8032 
8030 
8029 
8027 
8026 
8024 
8023 
8021 
8020 
8018 
8017 
8015 
8014 
8012 
8011 
8009 
8008 
8006 
8005 
8003 
8002 
8000 
7999 
7997 
7996 
7994 
7993 
7991 
7990 
7988 
7987 
7985 
7984 
7982 
7981 
7979 
7978 
7976 
7975 
7973 
7972 
7970 
7969 
7967 
7966 
7964 
7963 
7961 
7960 
7958 
7957 
7955 
7954 
7952 
7951 
7949 
7948 
7946 
7945 
7943 
7942 
7940 
7939 
7937 
7936 
7934 
7933 
7931 
7930 
7928 
7927 
7925 
7924 
7922 
7921 
7919 
7918 
7916 
7915 
7913 
7912 
7910 
7909 
7907 
7906 
7904 
7903 
7901 
7900 
7898 
7897 
7895 
7894 
7892 
7891 
7889 
7888 
7886 
7885 
7883 
7882 
7880 
7879 
7877 
7876 
7874 
7873 
7871 
7870 
7868 
7867 
7865 
7864 
7862 
7861 
7859 
7858 
7856 
7855 
7853 
7852 
7850 
7849 
7847 
7846 
7844 
7843 
7841 
7840 
7838 
7837 
7835 
7834 
7832 
7831 
7829 
7828 
7826 
7825 
7823 
7822 
7820 
7819 
7817 
7816 
7814 
7813 
7811 
7810 
7808 
7807 
7805 
7804 
7802 
7801 
7799 
7798 
7796 
7795 
7793 
7792 
7790 
7789 
7787 
7786 
7784 
7783 
7781 
7780 
7778 
7777 
7775 
7774 
7772 
7771 
7769 
7768 
7766 
7765 
7763 
7762 
7760 
7759 
7757 
7756 
7754 
7753 
7751 
7750 
7748 
7747 
7745 
7744 
7742 
7741 
7739 
7738 
7736 
7735 
7733 
7732 
7730 
7729 
7727 
7726 
7724 
7723 
7721 
7720 
7718 
7717 
7715 
7714 
7712 
7711 
7709 
7708 
7706 
7705 
7703 
7702 
7700 
7699 
7697 
7696 
7694 
7693 
7691 
7690 
7688 
7687 
7685 
7684 
7682 
7681 
7679 
7678 
7676 
7675 
7673 
7672 
7670 
7669 
7667 
7666 
7664 
7663 
7661 
7660 
7658 
7657 
7655 
7654 
7652 
7651 
7649 
7648 
7646 
7645 
7643 
7642 
7640 
7639 
7637 
7636 
7634 
7633 
7631 
7630 
7628 
7627 
7625 
7624 
7622 
7621 
7619 
7618 
7616 
7615 
7613 
7612 
7610 
7609 
7607 
7606 
7604 
7603 
7601 
7600 
7598 
7597 
7595 
7594 
7592 
7591 
7589 
7588 
7586 
7585 
7583 
7582 
7580 
7579 
7577 
7576 
7574 
7573 
7571 
7570 
7568 
7567 
7565 
7564 
7562 
7561 
7559 
7558 
7556 
7555 
7553 
7552 
7550 
7549 
7547 
7546 
7544 
7543 
7541 
7540 
7538 
7537 
7535 
7534 
7532 
7531 
7529 
7528 
7526 
7525 
7523 
7522 
7520 
7519 
7517 
7516 
7514 
7513 
7511 
7510 
7508 
7507 
7505 
7504 
7502 
7501 
7499 
7498 
7496 
7495 
7493 
7492 
7490 
7489 
7487 
7486 
7484 
7483 
7481 
7480 
7478 
7477 
7475 
7474 
7472 
7471 
7469 
7468 
7466 
7465 
7463 
7462 
7460 
7459 
7457 
7456 
7454 
7453 
7451 
7450 
7448 
7447 
7445 
7444 
7442 
7441 
7439 
7438 
7436 
7435 
7433 
7432 
7430 
7429 
7427 
7426 
7424 
7423 
7421 
7420 
7418 
7417 
7415 
7414 
7412 
7411 
7409 
7408 
7406 
7405 
7403 
7402 
7400 
7399 
7397 
7396 
7394 
7393 
7391 
7390 
7388 
7387 
7385 
7384 
7382 
7381 
7379 
7378 
7376 
7375 
7373 
7372 
7370 
7369 
7367 
7366 
7364 
7363 
7361 
7360 
7358 
7357 
7355 
7354 
7352 
7351 
7349 
7348 
7346 
7345 
7343 
7342 
7340 
7339 
7337 
7336 
7334 
7333 
7331 
7330 
7328 
7327 
7325 
7324 
7322 
7321 
7319 
7318 
7316 
7315 
7313 
7312 
7310 
7309 
7307 
7306 
7304 
7303 
7301 
7300 
7298 
7297 
7295 
7294 
7292 
7291 
7289 
7288 
7286 
7285 
7283 
7282 
7280 
7279 
7277 
7276 
7274 
7273 
7271 
7270 
7268 
7267 
7265 
7264 
7262 
7261 
7259 
7258 
7256 
7255 
7253 
7252 
7250 
7249 
7247 
7246 
7244 
7243 
7241 
7218 
7172 
7149 
7103 
7080 
7034 
7011 
6965 
6942 
6896 
6873 
6827 
6804 
6758 
6735 
6689 
6666 
6620 
6597 
6551 
6528 
6482 
6459 
6413 
6390 
6344 
6321 
6275 
6252 
6206 
6183 
6137 
6114 
6068 
6045 
5999 
5976 
5940 
5936 
5934 
5932 
5930 
5930
