32217
24650 
24532 
23168 
21177 
18229 
18220 
18211 
17590 
17581 
16384 
16375 
16366 
16357 
16348 
16339 
16330 
16321 
16312 
16303 
16294 
16285 
16276 
16267 
16258 
16249 
16240 
16231 
16222 
16213 
16204 
16195 
16186 
16177 
16168 
16159 
16150 
16141 
16132 
16123 
16114 
16105 
16096 
16087 
16078 
16069 
16060 
16051 
16042 
16033 
16024 
16015 
16006 
15997 
15988 
15979 
15970 
15961 
15952 
15943 
15934 
15925 
15916 
15907 
15898 
15889 
15880 
15871 
15862 
15853 
15844 
15835 
15826 
15817 
15808 
15799 
15790 
15781 
15772 
15763 
15754 
15745 
15736 
15727 
15718 
15709 
15700 
15691 
15682 
15673 
15664 
15655 
15646 
15637 
15628 
15619 
15610 
15601 
15592 
15583 
15574 
15565 
15556 
15547 
15538 
15529 
15520 
15511 
15502 
15493 
15484 
15475 
15466 
15457 
15448 
15439 
15430 
15421 
15412 
15403 
15394 
15385 
15376 
15367 
15358 
15349 
15340 
15331 
15322 
15313 
15304 
15295 
15286 
15277 
15268 
15259 
15250 
15241 
15232 
15223 
15214 
15205 
15196 
15187 
15178 
15169 
15160 
15151 
15142 
15133 
15124 
15115 
15106 
15097 
15088 
15079 
15070 
15061 
15052 
15043 
15034 
15025 
15016 
15007 
14998 
14989 
14980 
14971 
14962 
14953 
14944 
14935 
14926 
14917 
14908 
14899 
14890 
14881 
14872 
14863 
14854 
14845 
14836 
14827 
14818 
14809 
14800 
14791 
14782 
14773 
14764 
14755 
14746 
14737 
14728 
14719 
14710 
14701 
14692 
14683 
14674 
14665 
14656 
14647 
14638 
14629 
14620 
14611 
14602 
14593 
14584 
14575 
14566 
14557 
14548 
14539 
14530 
14521 
14512 
14503 
14494 
14485 
14476 
14467 
14458 
14449 
14440 
14431 
14422 
14413 
14404 
14395 
14386 
14377 
14368 
14359 
14350 
14341 
14332 
14323 
14314 
14305 
14296 
14287 
14278 
14269 
14260 
14251 
14242 
14233 
14224 
14215 
14206 
14197 
14188 
14179 
14170 
14161 
14152 
14143 
14134 
14125 
14116 
14107 
14098 
14089 
14080 
14071 
14062 
14053 
14044 
14035 
14026 
14017 
14008 
13999 
13990 
13981 
13972 
13963 
13954 
13945 
13936 
13927 
13918 
13909 
13900 
13891 
13882 
13873 
13864 
13855 
13846 
13837 
13828 
13819 
13810 
13801 
13792 
13783 
13774 
13765 
13756 
13747 
13738 
13729 
13720 
13711 
13702 
13693 
13684 
13675 
13666 
13657 
13648 
13639 
13630 
13621 
13612 
13603 
13594 
13585 
13576 
13567 
13558 
13549 
13540 
13531 
13522 
13513 
13504 
13495 
12253 
12244 
10561 
10552 
10543 
10534 
9796 
8302 
8185 
8176 
8167 
6502 
6493 
5980 
5971 
5962 
5953 
5944 
5936 
5930 
5926 
5924 
5924
