36565
30797 30797 30797 30797 30797 30797 30797 30797 30790 28810 31501 
27970 27970 27970 27970 27970 27970 27479 27976 27040 25785 
25689 25721 25065 25065 25065 24285 23785 23822 24390 23712 
23680 23616 22992 22992 22992 22212 21292 21749 22317 21573 
21276 21247 20732 20732 20732 20732 19992 19056 19807 19153 
19040 19011 18496 18496 18496 18496 18431 18189 17694 17298 
16686 16686 16686 16686 16686 16686 16258 16227 16461 15159 
14547 14547 14547 14547 14547 14547 13383 14292 14322 
13185 13185 13185 13299 13185 13185 12883 12627 12021 
11823 11823 11997 11937 11823 11823 11521 11265 11184 
10986 10986 11160 11100 10986 10986 10684 9903 10317 
9705 9705 9705 9819 9705 9705 9403 8832 8847 
8634 8634 8808 8634 8634 8634 8332 7614 7776 
7416 7416 7416 7416 7416 7416 7114 6558 6747 
6552 6360 6534 6360 6360 6360 6058 5604 5691 
5406 5406 5406 5406 5406 5406 5104 4848 4737 
4539 4539 4713 4653 4539 4539 4237 4113 3852 
3846 3840 3654 3654 3750 3654 3621 
3555 3555 3555 3555 3516 3522 
3510 3506 3500 3502 
3494 3490 3496 
3485 3484 
3480 3480 
3477 
3477
