36565
30797 30797 30797 30797 30797 30797 30797 30797 30240 29485 31501 
28066 28066 28066 28066 28066 28066 26989 26335 25603 25921 27367 
24184 24184 24184 24184 24184 24184 23107 22453 23929 23015 
21937 21937 21937 21937 21909 21578 21593 21499 19891 19865 
19349 19349 19349 19349 18969 18661 18059 17230 18191 16915 
16399 16399 16399 16399 16371 15711 15109 13260 15241 
12744 12744 12744 12744 12364 12168 12400 12396 11586 
11543 11070 11070 11070 10690 10494 10726 10680 9678 
9162 9162 9162 9162 8782 8586 8818 8772 7278 
6762 6762 6762 6762 6382 6186 6528 6252 6054 
5538 5538 5538 5538 5510 4962 5022 5299 5468 
4919 4906 4890 4866 4794 4656 4428 4192 4428 
4149 4136 4120 4096 4078 3892 3832 3888 
3789 3776 3760 3736 3730 3692 3692 
3649 3636 3620 3596 3590 3618 
3547 3534 3518 3510 3572 
3504 3498 3494 
3488 3484 3486 
3479 3482 
3477 
3477
