36565
30790 30790 30790 30790 30790 30790 30790 30790 30240 29376 31501 
29341 29271 28991 27486 27486 27486 27472 26928 25827 25746 
24284 24284 24284 24284 24284 24284 22834 22074 22197 21600 
20138 20138 20138 20138 19923 20138 19072 17928 18432 19941 
17900 17256 17256 17256 17256 16659 15282 15720 16073 16269 
15254 14610 14610 14610 14610 14310 14130 14098 13329 13623 
13301 12657 12657 12657 12657 12384 12309 12495 11271 11670 
11243 10263 10263 10263 10263 10263 9831 10437 9537 9612 
8865 8529 8529 8529 8529 8529 8097 8703 7269 7947 
6261 6261 6261 6597 6261 6261 5829 6273 5595 6716 
5567 4587 4587 4923 4587 4587 4371 5196 5329 
4358 4347 4283 4299 4235 4126 4099 3972 4097 
3959 3956 3884 3884 3836 3727 3714 3836 
3701 3666 3674 3626 3578 3578 3646 
3565 3554 3543 3530 3530 3545 
3517 3506 3506 3504 
3492 3496 3492 
3486 3486 3488 
3483 3480 
3477 
3477
