36565
30783 30783 30783 30783 30783 30783 30783 30783 30783 31255 31501 
29991 29991 29991 29991 29991 29991 29991 29991 29299 28175 25719 
25209 25533 25533 25533 25533 25533 25209 25209 24882 23646 
23632 23460 21831 21831 21831 21831 23136 21831 21750 21750 
21736 21708 19935 21240 21240 21240 21240 19935 19935 19935 
19921 19893 19425 19749 19749 19749 19422 19425 19098 19345 
19084 19070 18588 17571 17571 17571 18585 17736 17736 18465 
17543 17529 17058 16209 16209 16209 16437 16209 16617 16981 
16195 16167 14928 15075 15075 15075 15075 15009 14928 15576 
14886 14886 14415 14172 14172 14172 13794 13974 13728 14295 
13714 13686 12594 12861 12861 12861 12594 12594 12594 13095 
12552 12552 11640 11838 11838 11838 11838 11838 11727 11961 
11626 11598 10773 10773 10773 10773 10773 10884 10773 11007 
10745 10731 10017 10017 10017 10017 10017 10017 10474 
9989 9989 9504 9504 9504 9504 9504 9507 
9462 9462 9294 9294 9294 9318 9294 
9252 9252 8972 8972 8972 
8958 8944 8765 8765 8765 8786 8765 
8751 8443 8443 8443 8443 
8429 8415 8389 8257 8257 8257 8374 
8243 8229 8236 
8215 8201 8196 8196 
8182 8154 8140 
8126 8098 8122 
8084 8070 8080 
8028 8042 8052 
8014 7986 8010 
7958 7958 7968 
7944 7930 7940 
7916 7912 7912 
7898 7898 
7884 7884 
7870 7870 
7856 7856 
7842 7842 
7829 7832 
7815 7815 
7803 7805 
7789 7789 
7776 7779 
7762 7762 
7750 7752 
7736 7736 
7723 7726 
7709 7709 
7697 7699 
7683 7683 
7670 7673 
7656 7656 
7645 7646 
7631 7631 
7617 7617 
7606 7607 
7578 7578 
7564 7564 
7553 7554 
7539 7539 
7525 7525 
7513 7515 
7499 7499 
7486 7489 
7472 7472 
7461 7462 
7447 7447 
7433 7433 
7421 7423 
7407 7407 
7394 7397 
7380 7380 
7368 7370 
7354 7354 
7341 7344 
7327 7327 
7315 7317 
7308 7301 
7288 7291 
7281 7274 
7263 7264 
7249 7249 
7235 7235 
7223 7225 
7209 7209 
7196 7199 
7182 7182 
7171 7172 
7157 7157 
7143 7143 
7131 7133 
7117 7117 
7104 7107 
7090 7090 
7079 7080 
7065 7065 
7051 7051 
7039 7041 
7032 7025 
7012 7015 
7005 6998 
6987 6988 
6973 6973 
6959 6959 
6948 6949 
6934 6934 
6920 6920 
6909 6910 
6895 6895 
6881 6881 
6869 6871 
6862 
6856 
6842 
6835 
6828 
6814 6814 
6803 6804 
6803
