36565
30790 30790 30790 30790 30790 30790 30790 30790 30790 29131 31501 
28731 28731 28731 28731 28731 26855 28831 27931 27827 26855 26755 
25719 26555 26555 26555 26555 25719 26355 25719 25719 24682 
24668 23646 24482 24482 24482 23646 24282 23646 23646 22543 
22515 22515 21507 22343 22343 21507 22143 21507 21507 20986 
20958 18564 18564 18564 18564 18564 18564 18564 19950 19429 
18536 18536 18364 18392 18392 17528 17640 17528 17528 17007 
14585 14585 14585 14585 14585 14585 14585 14585 15971 15969 
14557 14557 13549 13549 13549 13549 13549 13549 13549 13547 
13519 13519 12185 12791 12791 12329 12266 12185 12329 
12157 12157 12011 12077 12077 11990 11990 11717 11348 
11334 11320 11153 11153 11237 11153 11153 10880 10067 
10039 10039 8849 9872 9893 9872 8849 9113 9200 
8821 8821 8654 8675 8723 7649 8381 7649 7895 
7621 7621 7454 6695 7454 7454 7181 6782 6782 
6653 6667 5828 5939 5939 6227 5828 5939 5828 
5814 5786 5546 5687 5546 5546 5546 5072 5009 
4995 4981 4313 4313 4313 4313 4604 4604 4709 
4309 4197 4197 4197 4197 3908 3908 3908 4013 
3792 3792 3792 3792 3792 3800 3683 3780 
3679 3675 3567 3567 3567 3572 3619 
3531 3555 3531 3543 3510 
3498 3498 3498 3501 
3495 3492 
3491 3490 
3486 3486 
3485 3484 
3480 
3479 
3479
