36565
30790 30790 30790 30790 30790 30790 30790 30790 30790 30482 31501 
28850 28850 28850 28850 28850 28850 28850 28306 27479 27457 27658 
25757 25757 25757 25757 25757 25757 25757 24437 24454 24432 
22732 22732 24282 22732 22732 22732 22732 21412 21702 22359 
21382 20662 20662 20662 20662 20572 20092 20656 19600 19600 
19570 19000 18850 18850 18850 17038 17038 16786 17461 17461 
16756 16036 16036 16036 16036 15946 15566 15586 14977 14977 
14947 14227 14227 14227 14227 13885 13757 14221 14140 14424 
13197 13197 13197 13197 13029 13197 13427 12920 12920 13204 
12892 12892 12360 12192 12360 12360 12590 11558 12053 12367 
10830 11530 10998 10998 10830 10830 11228 10691 10604 11005 
9876 10576 10044 9876 10044 10044 10274 9737 9182 10051 
9154 8622 8818 8454 8454 8622 8852 8471 8315 8629 
8287 8287 7587 7755 7755 7587 7985 7115 7097 7762 
6369 7069 6537 6537 6537 6537 6767 5897 5897 6544 
5869 5337 5337 5337 5337 5169 5567 5507 5012 
4937 4937 4937 4802 4284 4284 4682 4388 4754 
4264 4234 4234 3954 3954 3954 3954 3660 4008 
3630 3640 3555 3555 3555 3528 3528 
3510 3510 3510 3498 
3495 3492 3494 
3489 3486 
3483 3484 
3480 3481 
3479 
3477 
3477
