36565
30783 30783 30783 30783 30783 30783 30783 30783 30783 30783 33743 
30581 30581 30581 30581 30581 30581 30581 27453 27557 28407 27961 
26585 27251 27251 27251 27251 27251 27251 26585 25717 25717 
25158 25158 25158 25158 25158 25158 25158 25158 25158 25158 
24956 24040 24040 24040 24040 24040 24040 24548 24600 24040 
23481 23481 23481 23481 23481 23481 23481 23481 23481 23481 
23279 23279 23279 23279 23279 23279 22363 22363 22363 22363 
21804 21804 21804 21804 21804 21804 21804 21804 21804 21804 
21460 21602 21602 21602 21602 21602 20686 21246 20686 20686 
20127 20127 20127 20127 20127 20127 20127 20127 20127 20127 
19009 19009 19009 19009 19009 19009 19009 19009 19009 19009 
18537 18537 18537 18537 18537 18537 18537 18537 18537 
17593 18193 18193 18193 17593 17593 17593 18065 17593 
17199 17199 17199 17199 17199 17199 17199 17199 17199 
16411 16805 16411 16411 16997 16411 16411 16805 16411 
16017 16017 16017 16017 16017 16017 16017 16017 16017 
15229 15229 15673 15673 15229 15229 15229 15229 15229 
14862 14862 14862 14862 14862 14862 14862 14862 14862 
14860 14518 14128 14660 14128 14128 14128 14496 14128 
13761 13761 13761 13761 13761 13761 13761 13761 13761 
13027 13027 13027 13027 13703 13027 13355 13027 13027 
12660 12660 12660 12660 12660 12660 12660 12660 12660 
11926 11926 11926 11926 11926 12458 11926 11926 11926 
11759 11759 11759 11759 11759 11759 11759 11759 
11425 11425 11425 11425 11425 11425 11425 11425 
11258 11258 11258 11258 11258 11258 11258 11258 
10924 10924 10924 10924 10924 10924 10924 10924 
10757 10757 10757 10757 10757 10757 10757 10757 
10755 10555 10423 10423 10423 10555 10423 10423 
10334 10334 10334 10334 10334 10334 10334 
10156 10156 10156 10246 10180 10156 10180 
10147 10147 10147 10147 
10129 10129 10129 10129 
10120 10120 10120 10120 
10104 10102 10112 10102 
10093 10093 10093 10093 
10075 10075 10077 10075 
10066 10066 10066 10066 
10050 10048 10048 10048 
10039 10039 10039 10039 
10021 10021 10023 10021 
10012 10012 10012 10012 
10010 9994 9994 9994 
9985 9985 9985 9985 
9967 9967 9969 9967 
9958 9958 9958 9958 
9956 9940 9940 9940 
9931 9931 9931 9931 
9913 9913 9915 9915 
9904 9904 9904 9904 
9902 9886 9886 9886 
9883 9883 
9877 9879 
9874 9874 
9872 9868 
9865 9865 
9863 9859 
9856 9856 
9854 9850 
9847 9847 
9845 9841 
9838 9838 
9836 9832 
9829 9829 
9827 9823 
9820 9820 
9818 9814 
9811 9811 
9809 9805 
9802 9802 
9800 9796 
9793 9793 
9791 9787 
9784 9784 
9782 9778 
9775 9775 
9773 9769 
9766 9766 
9764 9760 
9757 9757 
9755 9751 
9748 9748 
9746 9742 
9739 9739 
9737 9733 
9730 9730 
9728 9724 
9721 9721 
9719 9715 
9712 9712 
9710 9706 
9703 9703 
9701 9697 
9694 9694 
9692 9688 
9685 9685 
9683 9679 
9676 9676 
9674 9670 
9667 9667 
9665 9661 
9658 9658 
9656 9652 
9649 9649 
9647 9643 
9640 9640 
9638 9634 
9631 9631 
9629 9625 
9622 9622 
9620 9616 
9613 9613 
9611 9607 
9604 9604 
9602 9598 
9595 9595 
9593 9589 
9586 9586 
9584 9580 
9577 9577 
9575 9571 
9568 9568 
9566 9562 
9559 9559 
9557 9553 
9550 9550 
9548 9544 
9541 9541 
9539 9535 
9532 9532 
9530 9526 
9523 9523 
9521 9517 
9514 9514 
9512 9508 
9505 9505 
9503 9499 
9496 9496 
9490 9490 
9487 9487 
9481 9481 
9478 9478 
9472 9472 
9469 9469 
9463 9463 
9460 9460 
9454 9454 
9451 9451 
9445 9445 
9442 9442 
9436 9436 
9433 9433 
9427 9427 
9424 9424 
9418 9418 
9415 9415 
9409 9409 
9406 9406 
9400 9400 
9397 9397 
9391 9391 
9388 9388 
9382 9382 
9379 9379 
9373 9373 
9370 9370 
9364 9364 
9361 9361 
9355 9355 
9352 9352 
9346 9346 
9343 9343 
9337 9337 
9334 9334 
9328 9328 
9325 9325 
9319 9319 
9316 9316 
9310 9310 
9307 9307 
9305 9301 
9298 9298 
9292 9292 
9292
