30741
25701 
25680 
24540 
23202 
23196 
22488 
21432 
21429 
20994 
20322 
20250 
20046 
19974 
19770 
19338 
18114 
16575 
16560 
16546 
16518 
16502 
16490 
16438 
16408 
16392 
16379 
16365 
16351 
16337 
16309 
16294 
16277 
16264 
16249 
16235 
16221 
16193 
16177 
16163 
16149 
16135 
16121 
16093 
16078 
16061 
16047 
16033 
16019 
16005 
15991 
15963 
15947 
15935 
15883 
15853 
15837 
15809 
15792 
15764 
15748 
15720 
15692 
15675 
15647 
15619 
15604 
15587 
15559 
15542 
15514 
15498 
15470 
14678 
14661 
14637 
14569 
14452 
14384 
14129 
14117 
14111 
14106 
14094 
14088 
14083 
14059 
13991 
13973 
13922 
13874 
13738 
13660 
13646 
13618 
13603 
13586 
13581 
13488 
12573 
12210 
12132 
12057 
12006 
11943 
11940 
11874 
11826 
10488 
9066 
7503 
6699 
6474 
5073 
3789 
3447 
3444 
3441 
1926 
417 
0 
0
