30741
26289 
25701 
25675 
22731 
20293 
17878 
17148 
14758 
13638 
13629 
13601 
13592 
13584 
11197 
10517 
10509 
10502 
10494 
10480 
10464 
10429 
10419 
9670 
9460 
9444 
9409 
9399 
9364 
9354 
9347 
9339 
9332 
9324 
9317 
9309 
9267 
9257 
9249 
9046 
8996 
8987 
8979 
8972 
8964 
8313 
8133 
8124 
8089 
8079 
8072 
8064 
7434 
7254 
7219 
7209 
7202 
7194 
7152 
7142 
7134 
6490 
6310 
6294 
6280 
6264 
6250 
6234 
6220 
6204 
6190 
6174 
6160 
6144 
6137 
6129 
5457 
5267 
5259 
4825 
4815 
4705 
4689 
4290 
4180 
4164 
3765 
3655 
3639 
3366 
3356 
3296 
3287 
3279 
3272 
3264 
3012 
2942 
2934 
2689 
2619 
2367 
2297 
2289 
2044 
1974 
1722 
1652 
1644 
1399 
1329 
1077 
1007 
999 
754 
714 
704 
684 
607 
587 
579 
502 
482 
474 
397 
377 
369 
292 
272 
264 
187 
167 
159 
82 
62 
54 
12 
2 
0 
0
