30741
27003 
25680 
23112 
21968 
21432 
20379 
20351 
20333 
20305 
20287 
20259 
18714 
18686 
18668 
18640 
18637 
18622 
18608 
16976 
16948 
15418 
15400 
15372 
15354 
15326 
15308 
15280 
14764 
14736 
14076 
13968 
13950 
13922 
13904 
13876 
13858 
13830 
13824 
13812 
13808 
13799 
13785 
13773 
13759 
13723 
13667 
12440 
12412 
12388 
12374 
12370 
12352 
12324 
12297 
12255 
12228 
12186 
12159 
12117 
12090 
12048 
12021 
11979 
11952 
11910 
11883 
11841 
11814 
11772 
11745 
11703 
11676 
11634 
11607 
11565 
11538 
11496 
11469 
11427 
11400 
11358 
11331 
11289 
11262 
11220 
11193 
11151 
11124 
11082 
11055 
11013 
10986 
10944 
10917 
10875 
10848 
10806 
10779 
10737 
10710 
10668 
10641 
10599 
10572 
10530 
10503 
10461 
10434 
10392 
10365 
10323 
10296 
10254 
10227 
10185 
10158 
10116 
10089 
10047 
10020 
9978 
9951 
9909 
9882 
9840 
9813 
9771 
9744 
9702 
9675 
9633 
9606 
9564 
9537 
9495 
9468 
9426 
9399 
9357 
9330 
9288 
9261 
9219 
9192 
9150 
9123 
9081 
9054 
9012 
8985 
8943 
8916 
8874 
8847 
8805 
8778 
8736 
8709 
8667 
8640 
8598 
8571 
8529 
8502 
8460 
8436 
8408 
8397 
8393 
8384 
8370 
8334 
8278 
6250 
6222 
6186 
6130 
6106 
6078 
6075 
4707 
4635 
4593 
3993 
3893 
3889 
3881 
3836 
3314 
3293 
3290 
2816 
2750 
2402 
992 
2 
0 
0
