30741
25687 
25680 
25500 
22194 
21432 
21051 
20289 
19908 
19146 
18765 
18003 
17622 
16860 
16617 
16131 
15888 
15402 
15159 
14673 
14430 
13944 
13829 
13599 
13484 
13254 
13201 
13095 
13042 
12936 
12883 
12777 
12724 
12618 
12565 
12459 
12406 
12300 
12247 
12195 
12193 
12141 
12114 
12060 
12033 
11979 
11952 
11898 
11845 
11739 
11686 
11580 
11527 
11421 
11411 
11391 
11381 
11361 
11351 
11331 
11321 
11301 
11291 
11271 
11261 
11241 
11231 
11211 
11201 
11181 
11171 
11151 
11141 
11121 
11111 
11091 
11081 
11061 
11051 
11031 
11021 
11001 
10991 
10971 
10961 
10941 
10931 
10911 
10901 
10881 
10871 
10851 
10841 
10821 
10811 
10791 
10781 
10761 
10751 
10731 
10721 
10701 
10691 
10671 
10661 
10641 
10631 
10611 
10601 
10581 
10571 
10551 
10541 
10521 
10511 
10491 
10481 
10461 
10451 
10431 
10431
