62901
50982 50982 50982 50982 50982 50982 50982 50982 50982 50982 50982 50982 50982 50982 42804 42804 42804 42804 42804 42804 42804 42804 42804 42804 42804 42804 45327 45327 45327 45327 45327 45327 45327 45327 45327 45327 45327 45327 45327 44892 45327 45327 45327 45327 45327 45327 45327 45327 50199 50199 50199 50199 50199 50199 50199 50199 50199 50199 42804 42804 42804 42804 42804 42804 47850 46719 46719 42804 42804 44979 44979 44979 44979 44979 44979 44979 44979 44979 44979 44979 44979 44979 44979 44979 46719 46719 46719 46719 46719 46719 46719 46719 42804 42804 42804 42804 42804 42804 42804 42804 42804 42804 42804 42804 42804 42804 42804 42804 42804 42804 42804 42804 42804 42804 42804 42804 42804 42804 42804 44149 44149 44149 40757 40757 40757 41013 41013 41013 41013 41013 41013 40757 40757 40757 40757 40757 40757 40757 40757 40757 40757 40757 40757 40757 40757 40757 40757 40757 40757 40757 40757 40757 40757 40757 40757 40757 40757 40757 44149 44149 44149 40757 40757 40757 40757 40757 40757 40757 40757 40757 40757 40757 40757 40757 40757 40757 40757 40757 40757 40757 40757 40757 40757 40757 40757 40757 40757 40757 40757 40757 40757 40757 40757 37973 37973 45681 45681 45681 45681 45681 45681 45681 37973 37973 37973 45681 45681 40433 40433 40433 40433 40433 40433 40433 40433 40433 40433 40433 40433 40433 40433 40433 40433 40433 40433 40433 40433 39490 39490 45353 45353 39490 39490 39490 39490 39490 39490 39490 39490 39490 39490 39490 39490 39490 39490 39490 39490 39490 43098 43098 43180 37399 37399 43098 38998 38998 38998 38998 38998 37399 37399 37399 34857 38998 38998 38998 38998 38998 38998 37399 37399 37399 37399 37399 38998 38998 38998 38998 38998 37399 37399 37399 37399 37399 37399 38219 38219 37399 36579 36579 36415 36169 36169 36169 34488 36169 34488 34488 34488 34488 34488 34488 34488 34488 34488 34488 34488 34488 48349 48349 48349 49675 49675 49675 49675 48349 48349 48349 48349 48349 48349 48349 48349 45442 48349 48349 48349 48349 48349 48349 48349 48349 48349 45442 45442 45442 45442 45442 45442 45442 45442 45442 45442 45442 45442 45442 45442 45442 45442 45442 45442 43844 43844 43844 43844 43844 43470 43470 43470 43470 43470 43470 42229 42229 42229 42229 41073 40716 40716 40716 35242 35242 38778 38778 38778 38778 36279 36279 36279 38234 38234 34698 34698 34698 34698 34698 34698 34698 34698 30117 30117 30117 30117 30117 30117 30117 30117 33865 33865 39493 38954 34653 34653 34653 34653 37227 36149 34653 42013 42013 49586 55605 55605 55605 56043 56043 55899 55605 55899 55197 54913 55067 54913 
13682 13682 13682 13682 14537 13682 13682 14537 13682 13682 13682 13682 13682 13682 13682 13682 13682 14537 13682 13682 13682 13682 13682 13682 13682 13682 13682 13682 13682 13682 13682 13682 13682 13682 13682 13682 13682 14537 13682 13682 13682 13682 13682 14537 13682 13682 14537 13682 13682 14537 13682 13682 13682 13682 13682 13682 13682 13682 13682 13682 13682 13682 13682 13682 14537 14537 14537 14537 14537 14537 13682 13682 13682 13682 14537 14537 13682 14537 14537 14537 13682 13682 13682 13682 13682 13682 13682 13682 13682 13682 13682 13682 13682 13682 13682 13682 13682 13682 13682 13682 13682 13682 13682 13682 14537 14537 14537 14537 14537 13682 13682 13682 13682 13682 13682 13682 13682 13682 13682 13682 13682 13682 13682 13682 13682 13682 13682 13682 13682 13682 13682 13682 13682 13682 13682 13682 13682 13682 13682 13682 10020 10020 10020 10020 10020 10020 10020 10020 10020 10020 10020 10020 10020 10020 10020 10020 10020 10020 10020 10020 10020 10020 10020 10020 10020 10020 10020 10020 10020 10049 10049 10049 10049 10049 10049 10049 10049 10049 10049 10049 10049 10049 10049 10049 10049 10049 10049 14863 14863 14863 10281 10281 10281 10281 10281 10049 10049 10049 10049 10049 10049 10049 10049 10049 10049 10049 10049 10049 10281 10281 10281 10281 10281 10281 10281 10281 10281 10281 10281 10281 10281 10281 10281 10281 10281 10281 10281 10281 10281 10281 10281 10281 10281 10281 10281 10281 10049 10049 10049 18256 18256 18256 18256 18256 18256 18256 18256 18256 18256 18256 15269 15269 15269 15269 15269 18256 18256 18256 18256 18256 18256 18256 16777 16777 16777 16777 16777 13819 13819 13819 13819 15269 15269 15269 15269 15269 15269 15269 15269 15269 15269 15269 13819 15269 15269 15269 15240 15240 15240 15240 15240 15269 15269 15269 15066 15066 15066 15066 10020 10020 10020 10020 10020 10020 10020 10310 10020 10310 10310 10310 10310 10310 10310 10310 10310 10310 10310 10310 10310 10310 10310 10310 10310 10310 10310 10310 10310 10310 10310 10310 10310 10310 10310 10020 10310 10020 10020 10020 10020 
10003 9765 9765 9765 9765 9765 9765 9720 9720 9720 9720 9765 9765 9720 9765 9720 9720 9720 9720 9720 9720 9720 9720 9720 9714 9768 9768 9714 9714 9714 9714 9714 9714 9714 9714 9714 9714 9714 9714 9714 9714 9714 9714 9714 9714 9711 9711 9711 9711 9711 9711 9711 9711 9711 9711 9711 9711 9711 9711 9711 9711 9711 9711 9711 9711 9711 9711 9711 9711 9711 9711 9711 9711 9711 9711 9711 9711 9711 9711 9711 9711 9711 9711 9711 9711 9711 9711 9711 9711 9711 
9709 9638 9675 9675 9644 9675 9675 9638 9675 9638 9675 9638 9675 9675 9644 9638 9675 9675 9638 9675 9675 9638 9638 9638 9631 9638 9644 9638 9638 9638 9638 9644 9644 9638 9631 9644 9644 9644 9644 9644 9644 9638 9631 9631 9638 9638 9638 9631 9631 9631 9638 9638 9644 9631 9631 9631 9638 9638 9638 9638 9631 9631 9631 9631 9631 9631 9631 
9579 9579 9263 9263 9263 9263 9309 9263 9263 9263 9263 9263 9263 9309 9263 9263 9291 9291 9291 9291 9301 9301 9241 9151 9151 9241 9211 9211 9151 9151 9151 9151 9151 9151 9151 9151 9151 9151 9154 9154 9154 9154 9154 9154 9154 9154 9154 9154 9154 9154 9151 9151 9151 9151 9151 9151 9151 9151 9151 9151 9151 9151 9151 9151 9151 9151 9151 9151 9151 9151 9151 9151 9151 9151 9151 9151 9151 9151 9151 9151 9151 9151 9151 9151 9151 9151 9151 9151 9151 9151 9151 9151 9151 9151 9151 9151 9151 9151 9151 9151 9151 9151 9151 9151 9151 9151 9151 9151 9151 9151 9151 9151 9151 9151 9151 9151 9151 9151 9166 9166 9166 9151 9151 9151 9151 9151 9151 9151 9151 9151 9151 9151 9151 9151 9151 9151 9151 9151 
9149 9084 9136 9136 9136 9136 9136 9078 9136 9136 9136 9078 9136 9136 9136 9078 9084 9084 9084 9084 9084 9078 9078 9084 9084 9084 9084 9078 9084 9084 9084 9084 9084 9084 9084 9084 9084 9078 9078 9078 9078 9078 9078 9078 9078 9078 9084 9084 9078 9078 9078 9078 9078 9084 9084 9084 9084 9084 9078 9084 9084 9078 9078 9078 9078 9078 9078 
8870 9026 8870 8870 8870 8870 8870 8870 8779 8779 8756 8756 8756 8756 8758 8758 8772 8772 8778 8778 8718 8718 8643 8643 8643 8643 8643 8643 8643 8646 8646 8646 8646 8646 8646 8718 8718 8646 8646 8646 8646 8646 8646 8646 8646 8640 8640 8640 8640 8640 8640 8640 8640 8640 8640 8640 8640 8640 8640 8640 8640 8640 8640 8640 8640 8640 8640 8640 8640 8640 8640 8640 8640 8640 8640 8718 8640 8640 8640 8640 8640 8640 8640 8640 8640 8640 8640 8640 8640 8640 8640 8718 8640 8640 8640 8640 8640 8640 8640 8640 8640 8640 8640 8640 8640 8640 8640 8640 8640 8640 8640 8640 8640 8640 8640 8640 8640 8640 8640 8640 8640 8640 8640 8640 8640 8640 8640 8640 8640 8640 8640 8640 8640 8640 
8638 8567 8567 8567 8567 8573 8573 8573 8567 8573 8567 8567 8567 8625 8567 8567 8573 8567 8567 8567 8567 8573 8567 8573 8573 8573 8567 8567 8573 8573 8567 8567 8567 8567 8567 8573 8573 8567 8567 8573 8573 8573 8567 8567 8567 8567 8567 8567 8567 8567 8573 8573 8567 8567 8573 8573 8573 8573 8573 8567 8567 8567 8567 8567 8567 8567 8567 8567 8567 8567 
8515 8515 8359 8359 8359 8359 8359 8229 8229 8229 8229 8229 8229 8245 8247 8247 8261 8261 8267 8267 8132 8132 8132 8132 8132 8132 8132 8132 8132 8135 8135 8135 8135 8135 8135 8135 8135 8135 8135 8135 8135 8135 8135 8135 8135 8135 8135 8129 8129 8129 8129 8129 8207 8207 8129 8129 8207 8207 8207 8129 8129 8129 8129 8129 8129 8129 8129 8129 8129 8129 8129 8129 8129 8129 8129 8129 8129 8129 8129 8129 8129 8129 8129 8129 8129 8129 8129 8129 8129 8129 8129 8129 8129 8129 8129 8129 8129 8129 8129 8129 8129 8129 8129 8129 8129 8129 8129 8129 8129 8129 8129 8129 8129 8129 8129 8129 8129 8129 8129 8129 8129 8129 8129 8129 8129 8129 8129 8129 8129 8129 8129 8129 8129 8129 8129 8129 8129 8129 
8127 8062 8093 8062 8093 8123 8093 8093 8093 8093 8093 8093 8093 8093 8093 8093 8093 8062 8093 8093 8093 8062 8062 8062 8062 8093 8062 8062 8062 8062 8062 8093 8093 8093 8093 8062 8062 8062 8062 8062 8062 8062 8062 8062 8062 8062 8062 8062 8062 8062 8062 8062 8062 8062 8062 8062 8062 8062 8062 8062 8062 8062 8062 8062 8062 8062 
7854 8010 7854 7854 7750 7750 7750 7854 7750 7750 7750 7750 7763 7782 7790 7790 7777 7777 7777 7672 7672 7732 7672 7672 7672 7672 7666 7666 7666 7666 7666 7666 7666 7684 7684 7666 7666 7666 7666 7666 7666 7666 7666 7666 7660 7660 7660 7660 7660 7660 7660 7744 7744 7660 7660 7660 7660 7660 7660 7660 7660 7660 7660 7660 7660 7660 7660 7660 7660 7660 7660 7660 7660 7660 7660 7660 7660 7660 7660 7660 7660 7660 7660 7660 7660 7660 7660 7660 7660 7660 7660 7660 7660 7660 7660 7660 7660 7660 7660 7660 7660 7660 7678 7678 7678 7660 7660 7660 7660 7660 7660 7678 7678 7660 7660 7660 7660 7660 7660 7660 7660 7678 7678 7678 7660 7660 7660 7660 7660 
7658 7624 7624 7627 7624 7627 7624 7627 7627 7627 7627 7627 7627 7624 7627 7627 7627 7627 7624 7627 7627 7627 7624 7627 7627 7627 7627 7627 7624 7624 7624 7627 7627 7624 7624 7624 
7572 7468 7468 7468 7468 7468 7463 7464 7471 7474 7414 7414 7414 7414 7408 7408 7408 7408 7408 7408 7408 7408 7408 7408 7408 7408 7408 7408 7408 7408 7408 7408 7408 7408 7408 7408 7408 7408 7408 7408 7408 7408 7408 7408 7408 7408 7408 7408 7408 7408 7408 7408 7408 7408 7408 7408 7408 7408 7408 7408 7408 7408 7408 7408 7408 7408 7408 7408 7408 7408 7408 7408 
7406 7402 7339 7339 7339 7402 7339 7339 7375 7339 7339 7339 7339 7375 7339 7375 7375 7339 7375 7339 7339 7375 7375 7339 7375 7375 7375 7375 7375 7375 7375 7375 7339 7339 7339 7339 7339 7339 7339 7339 7339 7339 7339 7339 7339 7339 7339 7339 7339 7339 7339 7339 7339 7339 7339 7339 7339 7339 7339 7339 7339 7339 7339 7339 7339 7339 7339 7339 7339 
7287 7287 7131 7131 7027 7027 7027 7027 7027 7027 7027 7027 7040 7039 7039 7050 7050 7054 7054 6934 6934 6934 6994 6934 6934 6934 6934 6931 6931 6931 6931 6931 6931 6925 6925 6925 6925 6925 6925 6925 6925 6925 6925 6925 6925 6925 6925 6925 6925 6925 6925 6925 6925 6925 6925 6925 6925 6925 6925 6925 6925 6925 6925 6925 6925 6925 6925 6925 6925 6925 6925 6925 6925 6925 6925 6925 6925 6925 7093 6925 6925 6925 6925 6925 6925 6925 6925 6925 6925 6925 6925 6925 6925 6925 6925 6925 6925 6925 6925 6925 6925 6925 6925 6925 6925 6925 6925 6925 6925 6925 6925 6925 6925 6925 6925 6925 6925 6925 6925 6925 6925 6925 6925 6925 6925 6925 6925 6925 6925 6925 6925 6925 6925 6925 6925 6925 
6923 6902 6920 6920 6920 6892 6892 6892 6892 6892 6892 6902 6902 6902 6892 6902 6902 6902 6902 6902 6902 6892 6892 6892 6892 6892 6892 6892 6892 6892 6892 
6736 6736 6736 6736 6736 6736 6752 6756 6757 6697 6727 6697 6697 6700 6700 6700 6739 6694 6694 6694 6694 6694 6694 6694 6694 6694 6694 6694 6694 6694 6694 6694 6694 6694 6694 6694 6694 6694 6694 6694 6694 6694 6694 6694 6694 6694 6694 6694 6694 6694 6694 6694 6694 6694 6694 6694 6694 6694 6694 6694 6694 6694 6694 6694 
6692 6661 6689 6689 6689 6671 6671 6661 6661 6671 6671 6661 6671 6661 6671 6661 6661 6661 6661 6661 6661 6661 6661 6661 6661 6661 6661 6661 6661 6661 6661 6661 6661 
6557 6505 6505 6505 6505 6505 6521 6525 6526 6496 6466 6466 6466 6469 6469 6469 6463 6463 6463 6463 6463 6463 6463 6463 6463 6463 6463 6463 6463 6463 6463 6463 6463 6463 6463 6463 6463 6463 6463 6463 6463 6463 6463 6463 6463 6463 6463 6463 6463 6463 6463 6463 6463 6463 6463 6463 6463 6463 6463 6463 6463 6463 6463 6463 6463 
6461 6458 6458 6458 6430 6440 6430 6440 6440 6440 6430 6430 6430 6440 6430 6440 6430 6430 6430 6430 6430 6430 6440 6430 6430 6430 6430 6430 6430 6430 6430 6430 6430 
6274 6274 6274 6274 6274 6274 6290 6294 6295 6235 6235 6235 6235 6238 6238 6238 6232 6232 6232 6232 6232 6232 6232 6232 6232 6232 6232 6232 6232 6232 6232 6232 6232 6232 6271 6232 6232 6232 6232 6232 6232 6232 6232 6232 6232 6232 6232 6232 6232 6232 6232 6232 6232 6232 6232 6232 6232 6232 6232 6232 6232 6232 6232 6232 6232 6232 
6230 6227 6209 6209 6199 6199 6199 6209 6199 6209 6209 6199 6209 6209 6199 6199 6209 6209 6199 6199 6199 6199 6199 6199 6199 6199 6199 6199 6199 6199 6199 6199 6199 
6043 6043 6043 6043 6043 6043 6059 6063 6004 6004 6004 6004 6004 6007 6007 6007 6001 6001 6001 6001 6001 6001 6001 6001 6001 6001 6001 6001 6001 6001 6001 6001 6001 6001 6001 6001 6001 6001 6082 6001 6001 6001 6001 6001 6001 6001 6001 6001 6001 6001 6001 6001 6001 6001 6001 6001 6001 6001 6001 6001 6001 6001 6001 6001 6001 6001 
5999 5968 5996 5968 5978 5978 5978 5968 5968 5968 5968 5968 5968 5968 5968 5968 5968 5968 5968 5968 5968 5968 5968 5968 5968 5968 5968 5968 5968 5968 5968 5968 5968 
5812 5812 5812 5812 5812 5812 5828 5832 5833 5773 5773 5773 5773 5776 5776 5776 5770 5770 5770 5770 5770 5770 5770 5770 5770 5770 5770 5770 5770 5770 5770 5770 5770 5770 5770 5770 5770 5770 5770 5770 5770 5770 5770 5770 5770 5770 5770 5770 5770 5770 5770 5770 5770 5770 5770 5770 5770 5770 5770 5770 5770 5770 5770 5770 5770 5770 
5768 5737 5747 5747 5765 5747 5747 5737 5737 5747 5747 5747 5737 5737 5737 5747 5747 5737 5737 5747 5737 5737 5737 5737 5737 5737 5737 5737 5737 5737 5737 5737 5737 
5581 5581 5581 5581 5581 5581 5597 5601 5602 5542 5542 5542 5542 5545 5545 5545 5539 5539 5539 5539 5539 5539 5539 5539 5539 5539 5539 5539 5539 5539 5539 5539 5539 5539 5539 5539 5539 5539 5539 5539 5539 5539 5539 5539 5539 5539 5539 5539 5539 5539 5539 5539 5539 5539 5539 5539 5539 5539 5539 5539 5539 5539 5539 5539 5539 5539 
5537 5534 5516 5506 5506 5506 5516 5506 5516 5506 5516 5516 5516 5506 5516 5506 5506 5516 5516 5506 5516 5516 5506 5506 5506 5506 5506 5506 5506 5506 5506 5506 5506 
5350 5350 5350 5350 5350 5350 5366 5370 5311 5311 5311 5311 5311 5314 5314 5314 5353 5308 5308 5308 5308 5308 5308 5308 5308 5308 5308 5308 5308 5308 5308 5308 5308 5308 5308 5308 5308 5368 5308 5308 5308 5308 5308 5308 5308 5308 5308 5308 5308 5308 5308 5308 5308 5308 5308 5308 5308 5308 5308 5308 5308 5308 5308 5308 5308 5308 
5306 5303 5285 5303 5297 5297 5285 5297 5285 5297 5297 5285 5285 5285 5285 5285 5285 5285 5285 5285 5285 5285 5285 
5181 5181 5181 5181 5185 5195 5150 5150 5150 5153 5153 5150 5150 5150 5150 5147 5147 5171 5147 5147 5147 5147 5147 5183 5147 5147 5147 5147 5147 5147 5147 5147 5147 5147 5147 5147 5147 5147 5147 5147 5147 5147 5147 5147 5147 5147 
5145 5126 5126 5142 5126 5126 5126 5126 5126 5126 5126 5126 5126 5126 5126 5126 5126 5126 5126 5126 5126 
5048 5048 5048 5034 5041 5036 5006 5006 5006 5006 5009 5000 5000 5000 5000 5000 5000 5000 5000 5000 5000 5000 5000 5000 5000 5000 5000 5000 5000 5000 5000 5000 5000 5000 5000 5000 5000 5000 5000 5000 5000 5000 
4998 4979 4979 4995 4979 4979 4979 4979 4979 4979 4979 4979 4979 4979 4979 4979 4979 4979 4979 4979 4979 
4901 4901 4901 4887 4894 4889 4859 4859 4859 4859 4853 4853 4853 4853 4853 4853 4853 4853 4853 4853 4853 4853 4853 4853 4853 4853 4853 4853 4853 4853 4862 4862 4853 4853 4853 4853 4853 4853 4853 4853 4853 
4851 4848 4832 4832 4832 4832 4832 4832 4832 4832 4832 4832 4832 4832 4832 4832 4832 4832 4832 4832 4832 
4754 4754 4754 4740 4747 4742 4712 4712 4712 4712 4706 4706 4706 4706 4706 4706 4706 4706 4706 4706 4706 4706 4706 4706 4706 4706 4706 4706 4706 4715 4715 4715 4715 4706 4706 4706 4706 4706 4706 4706 4706 4706 
4704 4701 4693 4693 4693 4693 4693 4693 4693 4693 4693 4693 4693 
4641 4641 4642 4618 4618 4621 4621 4621 4615 4615 4615 4615 4615 4615 4615 4615 4615 4615 4615 4615 4615 4615 4615 4615 4615 4615 
4613 4610 4610 4602 4602 4602 4602 4602 4602 4602 4602 4602 4602 
4576 4550 4551 4527 4527 4530 4530 4530 4524 4524 4524 4524 4524 4524 4524 4524 4524 4524 4524 4524 4524 4524 4524 4524 4524 4524 
4522 4519 4519 4511 4511 4511 4511 4511 4511 4511 4511 4511 4511 
4485 4459 4460 4436 4436 4439 4439 4439 4433 4433 4433 4433 4433 4433 4433 4433 4433 4433 4433 4433 4433 4433 4433 4433 4433 4433 
4431 4428 4428 4420 4420 4420 4420 4420 4420 4420 4420 4420 4420 
4394 4368 4369 4345 4345 4348 4348 4348 4342 4342 4342 4342 4342 4342 4342 4342 4342 4342 4342 4342 4342 4342 4342 4342 4342 4342 
4340 4329 4337 4329 4329 4329 4329 4329 4329 4329 4329 4329 4329 
4277 4277 4278 4254 4254 4257 4257 4257 4251 4251 4251 4251 4251 4251 4251 4251 4251 4251 4251 4251 4251 4251 4251 4251 4251 4251 
4249 4238 4246 4246 4238 4238 4238 4238 4238 4238 4238 4238 4238 
4186 4186 4187 4163 4163 4166 4166 4166 4160 4160 4160 4160 4160 4160 4160 4160 4160 4160 4160 4160 4160 4160 4160 4160 4160 4160 
4158 4149 4149 4155 4149 4149 4149 4149 4149 4149 4149 
4097 4097 4104 4089 4089 4086 4086 4083 4083 4083 4083 4083 4083 4083 4083 4083 4083 4083 4083 4083 4083 4083 
4081 4072 4078 4078 4072 4072 4072 4072 4072 4072 4072 
4020 4020 4027 4012 4012 4009 4009 4006 4006 4006 4006 4006 4006 4006 4006 4006 4006 4015 4006 4006 4006 4006 
4004 4001 3995 3995 3995 3995 3995 3995 3995 3995 3995 
3943 3943 3950 3935 3935 3932 3932 3929 3941 3929 3929 3929 3929 3929 3929 3929 3929 3929 3929 3929 3929 3929 
3927 3924 3918 3918 3918 3918 3918 3918 3918 3918 3918 
3866 3866 3873 3858 3858 3855 3855 3852 3852 3852 3852 3852 3867 3852 3852 3852 3852 3852 3852 3852 3852 3852 
3850 3847 3847 3841 3841 3841 3841 3841 3841 3841 3841 
3789 3789 3796 3781 3781 3778 3778 3775 3775 3775 3775 3775 3775 3775 3775 3775 3775 3775 3775 3775 3775 3775 
3773 3770 3770 3770 3764 3764 3764 3764 3764 3764 3764 
3712 3712 3719 3704 3704 3701 3701 3698 3698 3698 3698 3698 3698 3698 3698 3698 3698 3698 3698 3698 3698 3698 
3696 3693 3693 3693 3687 3687 3687 3687 3687 3687 3687 
3635 3635 3642 3627 3627 3624 3624 3621 3621 3621 3621 3621 3621 3621 3621 3621 3621 3621 3621 3621 3621 3621 
3619 3616 3616 3610 3610 3610 3610 3610 3610 3610 3610 
3558 3558 3565 3550 3550 3547 3547 3544 3544 3544 3544 3544 3544 3544 3544 3544 3544 3544 3544 3544 3544 3544 
3542 3533 3533 3539 3533 3533 3533 3533 3533 3533 3533 
3481 3481 3488 3473 3473 3470 3470 3467 3467 3467 3467 3467 3467 3467 3467 3467 3467 3467 3467 3467 3467 3467 
3465 3456 3456 3462 3456 3456 3456 3456 3456 3456 3456 
3404 3404 3411 3396 3396 3393 3393 3390 3390 3390 3390 3390 3390 3390 3390 3390 3390 3390 3390 3390 3390 3390 
3388 3385 3379 3379 3379 3379 3379 3379 3379 3379 3379 
3327 3327 3334 3319 3319 3316 3316 3313 3313 3313 3313 3313 3313 3313 3313 3313 3313 3313 3313 3313 3313 3313 
3311 3302 3302 3308 3302 3302 3302 3302 3302 3302 3302 
3250 3250 3257 3242 3242 3239 3239 3236 3236 3236 3236 3236 3236 3236 3236 3236 3236 3236 3236 3236 3236 3236 
3234 3231 3225 3225 3225 3225 3225 3225 3225 3225 3225 
3173 3173 3180 3165 3165 3162 3162 3159 3159 3159 3159 3159 3159 3159 3159 3159 3159 3159 3159 3159 3159 3159 
3157 3148 3154 3154 3148 3148 3148 3148 3148 3148 3148 
3096 3096 3103 3088 3088 3085 3085 3082 3082 3082 3082 3082 3082 3082 3082 3082 3082 3082 3082 3082 3082 3082 
3080 3071 3077 3077 3071 3071 3071 3071 3071 3071 3071 
3019 3019 3026 3011 3011 3008 3008 3005 3005 3005 3005 3005 3005 3005 3005 3005 3005 3005 3005 3005 3005 3005 
3003 2994 3000 3000 2994 2994 2994 2994 2994 2994 2994 
2942 2942 2949 2934 2934 2931 2931 2928 2928 2928 2928 2928 2928 2928 2928 2928 2928 2928 2928 2928 2928 2928 
2926 2917 2923 2923 2917 2917 2917 2917 2917 2917 2917 
2865 2865 2872 2857 2857 2854 2854 2851 2851 2851 2851 2851 2851 2851 2851 2851 2851 2851 2851 2851 2851 2851 
2849 2846 2840 2840 2840 2840 2840 2840 2840 2840 2840 
2788 2788 2795 2780 2780 2777 2777 2774 2774 2774 2774 2774 2774 2774 2774 2774 2774 2774 2774 2774 2774 2774 
2772 2769 2763 2763 2763 2763 2763 2763 2763 2763 2763 
2711 2711 2703 2703 2703 2700 2700 2697 2697 2697 2697 2697 2697 2697 2697 2697 2697 2697 2697 2697 2697 2697 
2695 2692 2686 2686 2686 2686 2686 2686 2686 2686 2686 
2634 2634 2626 2626 2626 2623 2623 2620 2620 2620 2620 2620 2620 2620 2620 2620 2620 2620 2620 2620 2620 2620 
2618 2615 2609 2609 2609 2609 2609 2609 2609 2609 2609 
2557 2557 2549 2549 2549 2546 2546 2543 2543 2543 2543 2543 2543 2543 2543 2543 2543 2543 2543 2543 2543 2543 
2541 2538 2532 2532 2532 2532 2532 2532 2532 2532 2532 
2480 2480 2472 2472 2472 2469 2469 2466 2466 2466 2466 2466 2466 2466 2466 2466 2466 2466 2466 2466 2466 2466 
2464 2461 2455 2455 2455 2455 2455 2455 2455 2455 2455 
2403 2403 2395 2395 2395 2392 2392 2389 2389 2389 2389 2389 2389 2389 2389 2389 2389 2389 2389 2389 2389 2389 
2387 2384 2378 2378 2378 2378 2378 2378 2378 2378 2378 
2326 2326 2318 2318 2318 2315 2315 2312 2312 2312 2312 2312 2312 2312 2312 2312 2312 2312 2312 2312 2312 2312 
2310 2307 2301 2301 2301 2301 2301 2301 2301 2301 2301 
2249 2249 2241 2241 2241 2238 2238 2235 2235 2235 2235 2235 2235 2235 2235 2235 2235 2235 2235 2235 2235 2235 
2233 2230 2224 2224 2224 2224 2224 2224 2224 2224 2224 
2172 2172 2164 2164 2164 2161 2161 2158 2158 2158 2158 2158 2158 2158 2158 2158 2158 2158 2158 2158 2158 2158 
2156 2153 2147 2147 2147 2147 2147 2147 2147 2147 2147 
2095 2095 2087 2087 2087 2084 2084 2081 2093 2081 2081 2081 2081 2081 2081 2081 2081 2081 2081 2081 2081 2081 
2079 2076 2070 2070 2070 2070 2070 2070 2070 2070 2070 
2018 2018 2010 2010 2010 2007 2007 2004 2016 2004 2004 2004 2004 2004 2004 2004 2004 2004 2004 2004 2004 2004 
2002 1999 1993 1993 1993 1993 1993 1993 1993 1993 1993 
1941 1941 1933 1933 1933 1930 1930 1927 1927 1927 1927 1927 1927 1927 1927 1927 1927 1927 1927 1927 1927 1927 
1925 1922 1922 1922 1922 
1897 1892 1895 1892 1892 1892 1892 1892 1892 1892 
1890 1889 1889 1887 1887 
1862 1857 1860 1857 1857 1857 1857 1860 1860 1857 
1855 1854 1854 
1837 1836 1836 1836 1839 1836 
1834 1833 1833 
1816 1815 1815 1815 1815 1815 
1813 1812 1812 
1795 1794 1794 1794 1794 1794 
1792 1791 1791 
1774 1773 1773 1773 1773 1773 
1771 1770 1770 
1753 1752 1752 1752 1752 1752 
1750 1749 1749 
1732 1731 1731 1731 1731 1731 
1729 1728 1728 
1711 1710 1710 1710 1710 1710 
1708 1707 1707 
1690 1689 1689 1689 1689 1689 
1687 1686 1686 
1669 1668 1668 1668 1668 1668 
1666 1665 1665 
1648 1647 1647 1647 1647 1647 
1645 1644 1644 
1627 1626 1626 1626 1626 1626 
1624 1623 1623 
1606 1605 1605 1605 1605 1605 
1603 1602 1602 
1585 1584 1584 1584 1584 1584 
1582 1581 1581 
1564 1563 1563 1563 1563 1563 
1561 1560 1560 
1543 1542 1542 1542 1542 1542 
1540 1539 1539 
1522 1521 1521 1521 1521 1521 
1519 1518 1518 
1501 1500 1500 1500 1500 1500 
1498 1497 1497 
1480 1479 1479 1479 1479 1479 
1477 1476 1476 
1459 1458 1458 1458 1458 1458 
1456 1455 1455 
1438 1437 1437 1437 1437 1437 
1435 1434 1434 
1417 1416 1416 1416 1416 1416 
1414 1413 1413 
1396 1395 1395 1395 1395 1395 
1393 1393 
1392 1391 
1379 1379 1379 1379 
1377 1377 
1365 1365 1365 1365 
1364 
1358 1358 
1357 
1351 1351 
1351
