38595
28521 28521 28521 28521 28521 28521 28521 28521 28521 28521 28521 28521 28521 28521 28521 28498 28498 28498 28498 28498 28498 28498 28498 28498 28498 28498 28498 28498 28498 28498 28498 28498 28498 28498 28498 28498 28498 28498 28498 28498 28498 28498 28498 28498 28498 28498 28498 28498 28498 28498 28498 37387 37387 37319 37125 37125 36817 37125 36315 36315 36149 36149 36149 36049 36049 36049 36049 36049 35745 35745 37387 35745 35745 36363 35333 35333 35333 35333 35333 35333 35333 35333 35333 35333 35333 35333 36363 36363 36149 36149 36883 36883 36883 36883 36883 36883 36883 36363 36363 36363 36315 36315 36315 36315 36315 36315 36315 36315 36315 36149 36149 36149 36315 36049 36049 35333 35333 35745 35745 35745 35745 35333 35333 35333 
26852 26852 26852 26852 26852 26852 26852 26852 26852 26852 26852 27678 27678 27678 27678 27678 26852 27290 26852 27216 25236 27180 27180 27180 27180 27028 27028 27028 27028 27028 27028 26852 26852 26852 27678 26852 26852 27678 26852 25236 27678 27290 27290 27290 27290 26720 26720 27678 27216 27290 27290 26786 26218 26218 25648 27216 27216 27216 26218 26218 27028 26218 26218 26218 26052 26052 26052 25952 25952 25952 25952 25952 27290 27290 25648 25648 26852 25236 25236 25236 25236 25236 25236 25236 25236 25236 25236 25236 25236 26852 26852 26052 26052 26786 26786 26786 26786 26786 26786 26786 25648 26720 26720 26720 25952 25952 25952 25952 25952 25952 25952 25952 25952 26218 26218 26218 25952 25952 25236 25236 25236 25648 25648 25648 25648 25236 25236 25236 
24242 24242 24242 24242 24242 23248 23248 23248 23248 23248 24242 24242 24242 24242 24242 24242 24242 24242 24242 24416 24416 24242 24242 24242 24242 24242 24416 24242 24242 24242 24242 24242 24242 24242 24242 24242 24242 24242 24242 24242 24242 24242 24416 24242 24416 24416 24416 24242 24242 23248 24242 24242 24416 24416 24416 24242 24242 24358 24242 24242 24242 24242 24242 24242 24242 24242 23248 23248 23248 23458 23458 23954 23248 23248 23248 23248 23248 23248 23248 23248 23248 23248 23248 23248 23248 23248 23248 23248 23248 23248 23248 23248 23248 23248 23248 23248 23248 23248 23248 23248 23248 23248 23248 23590 23458 23458 23248 23248 23248 23248 23248 23458 23458 23458 23248 23248 23248 23248 23248 23248 23248 23248 23248 23248 23248 23248 
22925 22925 22925 22925 22925 22925 22925 22925 22925 22925 22925 22925 22925 22925 22925 22925 22925 22925 22925 22925 22925 22925 22925 22925 22925 22925 22925 22925 22925 22925 22925 22925 22925 22925 22925 22925 22925 22925 22925 22925 22925 22925 22925 22925 22925 22925 
22279 22279 22603 22603 22603 22603 22603 22603 22603 22603 22603 22603 22279 22279 22603 22603 22603 22603 22603 22603 22603 22603 22603 22279 22279 22279 22279 22279 22279 22279 22279 22279 22279 22279 22279 22279 22279 22279 22279 22279 22279 22279 22279 22279 22279 22279 22279 22279 22279 22279 22279 22279 22279 22279 22279 22279 22279 22279 22279 
21956 21956 21956 21956 21956 21956 21956 21956 21956 21956 21956 21956 21956 21956 21956 21956 21956 21956 21956 21956 21956 21956 21956 21956 21956 21956 21956 21956 21956 21956 21956 21956 21956 21956 21956 21956 21956 21956 21956 21956 21956 21956 21956 21956 21956 21956 21956 21956 21956 21956 21956 21956 21956 21956 21956 21956 21956 21956 21956 21956 21956 21956 21956 21956 
21310 21310 21634 21310 21634 21634 21634 21634 21634 21634 21310 21310 21310 21310 21310 21310 21310 21310 21310 21310 21310 21634 21634 21634 21634 21634 21310 21310 21310 21310 21310 21310 21310 21310 21310 21310 21310 21310 21310 21310 21310 21310 21310 21310 21310 21310 21310 21310 21310 21310 21310 21310 21310 21310 21310 21310 21310 21310 21310 21310 21310 21310 21310 21310 21310 
21262 21262 21262 21262 21262 21262 21262 21262 
21166 21166 21166 21166 21166 21214 21214 21166 21166 21166 21166 21166 21166 
21118 21118 21118 21118 21118 21118 21118 21118 21118 21118 21118 21118 21118 21118 21118 21118 21118 
21022 21022 21070 21022 21070 21070 21022 21022 21022 21022 21022 21022 21022 21022 
20974 20974 20974 20974 20974 20974 20974 20974 20974 20974 20974 20974 20974 20974 
20878 20878 20926 20926 20926 20878 20878 20878 20878 20878 20878 20878 20878 20878 
20830 20830 20830 20830 20830 20830 20830 20830 20830 20830 20830 20830 20830 20830 
20734 20734 20734 20734 20734 20734 20782 20782 20734 20734 20734 20734 20734 20734 20734 20734 20734 
20686 20686 20686 20686 20686 20686 20686 20686 20686 20686 20686 20686 20686 20686 20686 20686 
20590 20638 20638 20638 20638 20590 20590 20590 20590 20590 20590 20590 20590 20590 20590 20590 
20542 20542 20542 20542 20542 20542 20542 20542 20542 20542 20542 20542 20542 20542 20542 20542 
20446 20446 20446 20446 20446 20446 20446 20494 20494 20494 20494 20446 20446 20446 20446 20446 20446 20446 20446 20446 
20398 20398 20398 20398 20398 20398 20398 20398 20398 20398 20398 20398 20398 20398 20398 20398 20398 20398 20398 20398 
20302 20350 20350 20350 20350 20350 20350 20350 20350 20302 20302 20302 20302 20302 20302 20302 20302 
20254 20254 20254 20254 20254 20254 20254 20254 20254 20254 20254 20254 20254 20254 20254 20254 20254 
20158 20158 20158 20158 20158 20158 20206 20206 20206 20158 20158 20158 20158 20158 20158 20158 20158 20158 20158 20158 
20110 20110 20110 20110 20110 20110 20110 20110 20110 20110 20110 20110 20110 20110 20110 20110 20110 20110 20110 20110 
20014 20062 20062 20062 20062 20062 20062 20014 20014 20014 20014 20014 20014 20014 20014 20014 
19966 19966 19966 19966 19966 19966 19966 19966 19966 19966 19966 19966 19966 19966 19966 19966 
19870 19870 19870 19870 19870 19870 19918 19870 19870 19870 19870 19870 19870 19870 19870 19870 19870 
19822 19822 19822 19822 19822 19822 19822 19822 19822 19822 19822 19822 19822 19822 19822 19822 19822 
19726 19774 19774 19774 19774 19774 19774 19726 19726 19726 19726 19726 19726 19726 
19678 19678 19678 19678 19678 19678 19678 19678 19678 19678 19678 19678 19678 19678 
19582 19582 19582 19582 19582 19582 19630 19582 19582 19582 19582 19582 19582 19582 19582 19582 
19534 19534 19534 19534 19534 19534 19534 19534 19534 19534 19534 19534 19534 19534 19534 19534 
19438 19486 19486 19486 19486 19486 19486 19438 19438 19438 19438 19438 19438 19438 19438 
19390 19390 19390 19390 19390 19390 19390 19390 19390 19390 19390 19390 19390 19390 19390 19390 19390 
19294 19294 19294 19294 19294 19294 19342 19342 19342 19342 19342 19294 19294 19294 19294 19294 19294 19294 19294 19294 19294 
19246 19246 19246 19246 19246 19246 19246 19246 19246 19246 19246 19246 19246 19246 19246 19246 19246 19246 19246 19246 19246 
19168 19198 19198 19198 19198 19198 19198 19198 19198 19198 19198 19150 19150 19150 19150 19150 19150 19150 19150 
19102 19102 19102 19102 19102 19102 19102 19102 19102 19102 19102 19102 19102 19102 19102 19102 19102 19102 19102 
19024 19054 19054 19054 19054 19054 19054 19054 19054 19054 19054 19006 19006 19006 19006 19006 19006 19006 19006 
18958 18958 18958 18958 18958 18958 18958 18958 18958 18958 18958 18958 18958 18958 18958 18958 18958 18958 18958 
18880 18910 18910 18910 18910 18910 18910 18910 18910 18910 18910 18862 18862 18862 18862 18862 18862 18862 18862 
18814 18814 18814 18814 18814 18814 18814 18814 18814 18814 18814 18814 18814 18814 18814 18814 18814 18814 18814 
18736 18766 18766 18766 18766 18766 18766 18766 18766 18766 18766 18718 18718 18718 18718 18718 18718 18718 18718 
18670 18670 18670 18670 18670 18670 18670 18670 18670 18670 18670 18670 18670 18670 18670 18670 18670 18670 18670 
18592 18622 18622 18622 18622 18622 18622 18622 18622 18622 18622 18622 18622 18592 18574 18574 18588 18574 18574 18574 18574 18574 18574 
18526 18526 18526 18526 18526 18526 18526 18526 18526 18526 18526 18526 18526 18526 18526 18526 18526 18526 18526 18526 18526 18526 18526 18526 18526 18526 
18448 18430 18430 18430 18478 18430 18430 18430 18430 18430 18430 18430 18430 18430 18430 18430 18430 18430 18430 18430 18430 18430 18430 
18382 18382 18382 18382 18382 18382 18382 18382 18382 18382 18382 18382 18382 18382 18382 18382 18382 18382 18382 18382 18382 18382 18382 18382 18382 18382 
18286 18300 18286 18304 18304 18334 18334 18286 18334 18334 18334 18334 18334 18286 18286 18286 18286 18286 18286 18286 18286 18286 18286 
18238 18238 18238 18238 18238 18238 18238 18238 18238 18238 18238 18238 18238 18238 18238 18238 18238 18238 18238 18238 18238 18238 18238 18238 18238 18238 
18142 18142 18190 18142 18190 18142 18142 18142 18142 18190 18190 18190 18142 18142 18142 18142 18142 18142 18142 18142 18142 18142 18142 
18094 18094 18094 18094 18094 18094 18094 18094 18094 18094 18094 18094 18094 18094 18094 18094 18094 18094 18094 18094 18094 18094 18094 
17998 17998 18046 18046 18046 17998 17998 18046 18046 17998 18046 18046 18046 17998 17998 17998 17998 17998 17998 17998 17998 17998 17998 17998 17998 
17950 17950 17950 17950 17950 17950 17950 17950 17950 17950 17950 17950 17950 17950 17950 17950 17950 17950 17950 17950 17950 17950 17950 17950 17950 
17854 17854 17902 17902 17902 17854 17902 17902 17854 17902 17902 17902 17902 17854 17854 17854 17854 17854 17854 17854 17854 17854 17854 17854 17854 17854 
17806 17806 17806 17806 17806 17806 17806 17806 17806 17806 17806 17806 17806 17806 17806 17806 17806 17806 17806 17806 17806 17806 17806 17806 17806 17806 
17710 17710 17758 17758 17758 17710 17758 17758 17710 17758 17758 17758 17710 17710 17710 17710 17710 17710 17710 17710 17710 17710 17710 17710 17710 17710 
17662 17662 17662 17662 17662 17662 17662 17662 17662 17662 17662 17662 17662 17662 17662 17662 17662 17662 17662 17662 17662 17662 17662 17662 17662 17662 
17566 17566 17614 17614 17614 17566 17614 17614 17566 17614 17614 17614 17566 17566 17566 17566 17566 17566 17566 17566 17566 17566 17566 
17518 17518 17518 17518 17518 17518 17518 17518 17518 17518 17518 17518 17518 17518 17518 17518 17518 17518 17518 17518 17518 17518 17518 17518 
17422 17422 17470 17470 17470 17422 17470 17470 17422 17470 17470 17470 17470 17422 17422 17422 17422 17422 17436 17436 17436 17422 17422 17422 17422 17422 17422 17422 
17411 17411 17411 17411 17411 17411 17411 
17389 17389 17401 17401 17401 17389 17389 17389 17389 17389 
17378 17378 17378 17378 17378 17378 17378 17378 17378 17378 
17356 17356 17356 17368 17368 17356 17356 17356 17356 17356 
17345 17345 17345 17345 17345 17345 17345 17345 17345 17345 
17323 17323 17335 17323 17323 17323 17323 17323 17323 17323 
17312 17312 17312 17312 17312 17312 17312 17312 17312 17312 
17290 17290 17290 17302 17302 17290 17290 17290 17290 17290 
17279 17279 17279 17279 17279 17279 17279 17279 17279 17279 
17257 17257 17269 17257 17257 17257 17257 17257 17257 17257 17257 
17246 17246 17246 17246 17246 17246 17246 17246 17246 17246 17246 
17224 17224 17224 17224 17236 17224 17224 17224 17224 17224 17224 
17213 17213 17213 17213 17213 17213 17213 17213 17213 17213 17213 
17191 17191 17191 17191 17203 17191 17191 17191 17191 17191 17191 
17180 17180 17180 17180 17180 17180 17180 17180 17180 17180 17180 
17158 17158 17158 17170 17158 17158 17158 17158 17158 17158 17158 
17156 17156 
17154 17152 
17150 17150 
17146 17146 
17144 17144 
17142 17140 
17138 17138 
17136 17134 
17132 17132 
17128 17128 
17126 17126 
17124 17122 
17120 17120 
17118 17116 
17114 17114 
17112 17110 
17108 17108 
17106 17104 
17102 17102 
17098 17098 
17096 17096 
17092 17092 
17090 17090 
17086 17086 
17084 17084 
17080 17080 
17078 17078 
17074 17074 
17072 17072 
17068 17068 
17066 17066 
17062 17062 
17060 17060 
17056 17056 
17054 17054 
17050 17050 
17048 17048 
17044 17044 
17042 17042 
17038 17038 
17036 17036 
17032 17032 
17030 17030 
17026 17026 
17024 17024 
17020 17020 
17018 17018 
17014 17014 
17012 17012 
17008 17008 
17006 17006 
17002 17002 
17000 17000 
16996 16996 
16994 16994 
16990 16990 
16988 16988 
16984 16984 
16982 16982 
16978 16978 
16976 16976 
16972 16972 
16970 16970 
16966 16966 
16964 16964 
16960 16960 
16958 16958 
16954 16954 
16952 16952 
16948 16948 
16946 16946 
16942 16942 
16940 16940 
16936 16936 
16934 16934 
16930 16930 
16928 16928 
16924 16924 
16922 16922 
16918 16918 
16916 16916 
16912 16912 
16910 16910 
16906 16906 
16904 16904 
16900 16900 
16898 16898 
16894 16894 
16892 16892 
16888 16888 
16886 16886 
16882 16882 
16880 16880 
16876 16876 
16874 16874 
16870 16870 
16868 16868 
16864 16864 
16862 16862 
16858 16858 
16856 16856 
16852 16852 
16850 16850 
16846 16846 
16844 16844 
16840 16840 
16838 16838 
16834 16834 
16832 16832 
16828 16828 
16826 16826 
16822 16822 
16820 16820 
16816 16816 
16814 16814 
16810 16810 
16808 16808 
16804 16804 
16802 16802 
16798 16798 
16796 16796 
16792 16792 
16790 16790 
16786 16786 
16784 16784 
16780 16780 
16778 16778 
16774 16774 
16772 16772 
16768 16768 
16766 16766 
16762 16762 
16760 16760 
16756 16756 
16754 16754 
16750 16750 
16748 16748 
16744 16744 
16742 16742 
16738 16738 
16736 16736 
16732 16732 
16730 16730 
16726 16726 
16724 16724 
16720 16720 
16718 16718 
16714 16714 
16712 16712 
16708 16708 
16706 16706 
16702 16702 
16700 16700 
16696 16696 
16694 16694 
16690 16690 
16688 16688 
16684 16684 
16682 16682 
16678 16678 
16676 16676 
16672 16672 
16670 16670 
16666 16666 
16664 16664 
16660 16660 
16658 16658 
16654 16654 
16652 16652 
16648 16648 
16646 16646 
16642 16642 
16640 16640 
16636 16636 
16634 16634 
16630 16630 
16628 16628 
16624 16624 
16622 16622 
16618 16618 
16616 16616 
16612 16612 
16610 16610 
16606 16606 
16604 16604 
16600 16600 
16598 16598 
16594 16594 
16592 16592 
16588 16588 
16587 
16585 
16584 
16582 
16581 
16579 
16578 
16576 
16575 
16573 
16572 
16570 
16569 
16567 
16566 
16564 
16563 
16561 
16560 
16558 
16557 
16555 
16554 
16552 
16551 
16549 
16548 
16546 
16545 
16543 
16542 
16540 
16539 
16537 
16536 
16534 
16533 
16531 
16530 
16528 
16527 
16525 
16524 
16522 
16521 
16519 
16518 
16516 
16515 
16513 
16512 
16510 
16509 
16507 
16506 
16504 
16503 
16501 
16500 
16498 
16497 
16495 
16494 
16492 
16491 
16489 
16488 
16486 
16485 
16483 
16482 
16480 
16479 
16477 
16476 
16474 
16473 
16471 
16470 
16468 
16467 
16465 
16464 
16462 
16461 
16459 
16458 
16456 
16455 
16453 
16452 
16450 
16449 
16447 
16446 
16444 
16443 
16441 
16440 
16438 
16437 
16435 
16434 
16432 
16431 
16429 
16428 
16426 
16425 
16423 
16422 
16420 
16419 
16417 
16416 
16414 
16413 
16411 
16410 
16408 
16407 
16405 
16404 
16402 
16401 
16399 
16398 
16396 
16395 
16393 
16392 
16390 
16389 
16387 
16386 
16384 
16383 
16381 
16380 
16378 
16377 
16375 
16374 
16372 
16371 
16369 
16368 
16366 
16365 
16363 
16362 
16360 
16359 
16357 
16356 
16354 
16353 
16351 
16350 
16348 
16347 
16345 
16344 
16342 
16341 
16339 
16338 
16336 
16335 
16333 
16332 
16330 
16329 
16327 
16326 
16324 
16323 
16321 
16320 
16318 
16317 
16315 
16314 
16312 
16311 
16309 
16308 
16306 
16305 
16303 
16302 
16300 
16299 
16297 
16296 
16294 
16293 
16291 
16290 
16288 
16287 
16285 
16284 
16282 
16281 
16279 
16278 
16276 
16275 
16273 
16272 
16270 
16269 
16267 
16266 
16264 
16263 
16261 
16260 
16258 
16257 
16255 
16254 
16252 
16251 
16249 
16248 
16246 
16245 
16243 
16242 
16240 
16239 
16237 
16236 
16234 
16233 
16231 
16230 
16228 
16227 
16225 
16224 
16222 
16221 
16219 
16218 
16216 
16215 
16213 
16212 
16210 
16209 
16207 
16206 
16204 
16203 
16201 
16200 
16198 
16197 
16195 
16194 
16192 
16191 
16189 
16188 
16186 
16185 
16183 
16182 
16180 
16179 
16177 
16176 
16174 
16173 
16171 
16170 
16168 
16167 
16165 
16164 
16162 
16161 
16159 
16158 
16156 
16155 
16153 
16152 
16150 
16149 
16147 
16146 
16144 
16143 
16141 
16140 
16138 
16137 
16135 
16134 
16132 
16131 
16129 
16128 
16126 
16125 
16123 
16122 
16120 
16119 
16117 
16116 
16114 
16113 
16111 
16110 
16108 
16107 
16105 
16104 
16102 
16101 
16099 
16098 
16096 
16095 
16093 
16092 
16090 
16089 
16087 
16086 
16084 
16083 
16081 
16080 
16078 
16077 
16075 
16074 
16072 
16071 
16069 
16068 
16066 
16065 
16063 
16062 
16060 
16059 
16057 
16056 
16054 
16053 
16051 
16050 
16048 
16047 
16045 
16044 
16042 
16041 
16039 
16038 
16036 
16035 
16033 
16032 
16030 
16029 
16027 
16026 
16024 
16023 
16021 
16020 
16018 
16017 
16015 
16014 
16012 
16011 
16009 
16008 
16006 
16005 
16003 
16002 
16000 
15999 
15997 
15996 
15994 
15993 
15991 
15990 
15988 
15987 
15985 
15984 
15982 
15981 
15979 
15978 
15976 
15975 
15973 
15972 
15970 
15969 
15967 
15966 
15964 
15963 
15961 
15960 
15958 
15957 
15955 
15954 
15952 
15951 
15949 
15948 
15946 
15945 
15943 
15942 
15940 
15939 
15937 
15936 
15934 
15933 
15931 
15930 
15928 
15927 
15925 
15924 
15922 
15921 
15919 
15918 
15916 
15915 
15913 
15912 
15910 
15909 
15907 
15906 
15904 
15903 
15901 
15900 
15898 
15897 
15895 
15894 
15892 
15891 
15889 
15888 
15886 
15885 
15883 
15882 
15880 
15879 
15877 
15876 
15874 
15873 
15871 
15870 
15868 
15867 
15865 
15864 
15862 
15861 
15859 
15858 
15856 
15855 
15853 
15852 
15850 
15849 
15847 
15846 
15844 
15843 
15841 
15840 
15838 
15837 
15835 
15834 
15832 
15831 
15829 
15828 
15826 
15825 
15823 
15822 
15820 
15819 
15817 
15816 
15814 
15813 
15811 
15810 
15808 
15807 
15805 
15804 
15802 
15801 
15799 
15798 
15796 
15795 
15793 
15792 
15790 
15789 
15787 
15787
