45704
34250 34250 34250 34250 34250 34250 34250 34250 33229 42436 40820 
32737 32737 32737 32737 32737 32737 29961 32389 29961 30089 28345 
27937 27937 27937 27937 27937 27937 27937 26389 26245 26602 
25837 25837 25837 25837 25837 25837 25837 24289 24289 24682 
23881 23881 23881 23881 23881 23881 23881 22726 22726 22546 
22138 22138 22138 22138 22138 22138 22138 21346 20983 20983 
20575 20575 20575 20575 20575 20575 20575 19699 19699 20373 
19291 19291 19291 19291 19291 19291 19291 19249 18499 19089 
18091 18091 18091 18091 18091 18091 18091 17314 17326 17889 
16906 16906 16906 16906 16906 16906 16906 16141 16153 16704 
15733 15733 15733 15733 15733 15733 15733 14980 14989 15531 
14572 14572 14572 14572 14572 14572 14572 13828 13828 14370 
13824 13420 13420 13420 13420 13420 13420 13261 13566 
12853 12853 12853 12853 12853 12853 12853 12721 12840 
12313 12313 12313 12313 12313 12313 12313 12271 12459 
11863 11863 11863 11863 11863 11863 11863 11863 
11809 11809 11809 11809 11809 11831 
11808 11807 
11803 11803 
11802 
11800 
11799 
11797 
11797
