45704
34296 34296 34296 34296 34296 34296 34296 34250 36254 42440 39416 
34223 32480 32480 32480 32480 32480 32480 33368 31208 31112 27962 
27936 26825 26825 26825 26825 26825 26825 25862 26993 25943 
25836 24794 24689 24689 24689 24689 24578 25295 24710 24290 
24264 24119 23618 23618 23618 23792 24068 23153 23321 22730 
22704 21446 21446 22559 21446 21446 22199 22163 21761 21158 
21132 20021 20303 20189 19973 19973 19874 19874 19973 19586 
19560 18302 18302 19202 19019 19019 19103 19019 18617 
18276 18131 18017 17735 17735 17804 17855 17855 17333 
17307 16766 16766 16766 16766 16766 16766 16766 16487 
16461 15920 15920 15920 16316 15920 15920 15920 15350 
15324 14783 14783 14783 14783 14783 14783 14783 14495 
14469 13928 13928 13928 13928 13928 13928 13997 13565 
13539 13394 13358 13394 13358 13358 13052 13166 12668 
12642 12497 12497 12500 12497 12383 12383 12269 
12243 12212 12098 12212 12101 12101 12071 11873 
11847 11825 11825 11825 11825 
11799 11819 
11794 11797 
11791 
11791
