45704
34250 34250 34250 34250 34250 34250 34250 34250 33229 42436 40820 
32101 32101 32101 32101 32101 32101 32101 30089 31725 29961 28345 
27937 27937 27937 27937 27937 27937 27937 27778 27388 26782 
26374 26374 26374 26374 26374 26374 26374 26215 24826 24682 
24274 24274 24274 24274 24274 24274 24274 22726 23713 22726 
22318 22318 22318 22318 22318 22318 22318 22159 20983 20983 
20575 20575 20575 20575 20575 20575 20575 20371 20026 20373 
19618 19618 19618 19618 19618 19618 19618 18865 19057 19416 
18861 18857 18457 18457 18457 18457 18457 18253 17896 18255 
17488 17488 17488 17488 17488 17488 17488 16612 16882 17286 
16608 16204 16204 16204 16204 16204 16204 16000 15439 16048 
15435 15031 15031 15031 15031 15031 15031 14239 14239 14875 
13831 13831 13831 13831 13831 13831 13831 13672 13225 13675 
12817 12817 12817 12817 12817 12817 12817 12658 12439 
12435 12043 12043 12043 12079 12079 12079 12034 12169 
11910 11910 11910 11910 11910 11845 11830 
11809 11809 11809 11817 
11806 11807 
11805 11804 
11800 11800 
11799 11798 
11794 11794 
11793 
11791 
11791
