45704
34250 34250 34250 34250 34250 34250 34250 34250 38090 42204 40820 
34223 31635 31635 31635 31635 30750 33700 30750 32330 30750 29366 
29339 26916 26916 26916 26916 25866 26461 28616 27771 26106 
25839 25851 25416 25416 25416 24303 25023 25023 24303 23910 
23883 23895 23067 22347 22347 23460 23460 23067 22710 22347 
22320 22332 21504 21504 21504 21504 21504 21162 21378 20517 
20490 20502 20460 19233 19233 19344 20319 19233 19737 
19206 19218 19092 19059 19059 18930 18048 18033 18048 
18006 18018 17064 16848 17859 17931 17670 16860 17064 
16821 16833 16707 16707 16674 16707 16650 15687 15675 
15648 15660 14706 14706 15312 15312 15312 14523 14706 
14496 14508 14502 13362 14466 14160 14160 13362 13554 
13335 13347 13341 13188 13221 13182 12999 12393 12393 
12366 12378 12219 12219 12219 12219 12195 11988 
11961 11973 11847 11847 11847 11847 11922 
11820 11832 11832 11838 
11815 11808 11808 
11805 11806 
11802 
11799 
11796 
11794 
11793 
11791 
11791
