45704
34250 34250 34250 34250 34250 34250 34250 34250 34227 43910 42562 
32459 32459 32459 32459 32459 32459 32459 32459 32459 32357 31785 
30017 30017 30017 30017 30017 30017 30017 30017 30017 29977 29075 
27937 27937 27937 27937 27937 27937 27937 28507 28507 27937 
27614 27614 27614 27614 27614 27614 27614 27614 27614 
26968 26968 26968 26968 26968 26968 26968 27292 26968 
26645 26645 26645 26645 26645 26645 26645 26645 26645 
26383 26383 25999 25999 25999 25999 26323 26323 25999 
25676 25676 25676 25676 25676 25676 25676 25676 25676 
25354 25414 25030 25030 25030 25030 25354 25354 25030 
24707 24707 24707 24707 24707 24707 24707 24707 24707 
24385 24061 24453 24453 24453 24445 24385 24061 24061 
23738 23738 23738 23738 23738 23738 23738 23738 23738 
23400 23484 23092 23092 23092 23400 23416 23416 23092 
22769 22769 22769 22769 22769 22769 22769 22769 22769 
22123 22123 22507 22507 22507 22447 22123 22447 22123 
21800 21800 21800 21800 21800 21800 21800 21800 21800 
21462 21462 21478 21478 21478 21546 21478 21154 21154 
20831 20831 20831 20831 20831 20831 20831 20831 20831 
20509 20569 20509 20509 20509 20185 20185 20509 20185 
19862 19862 19862 19862 19862 19862 19862 19862 19862 
19560 19524 19216 19216 19216 19216 19216 19540 19216 
18893 18893 18893 18893 18893 18893 18893 18893 18893 
18571 18591 18607 18607 18607 18247 18247 18571 18247 
17924 17924 17924 17924 17924 17924 17924 17924 17924 
17638 17278 17602 17602 17602 17638 17278 17278 17278 
16955 16955 16955 16955 16955 16955 16955 16955 16955 
16309 16639 16669 16669 16669 16669 16309 16693 16309 
15986 15986 15986 15986 15986 15986 15986 15986 15986 
15954 15670 15732 15648 15648 15700 15340 15664 15340 
15251 15251 15251 15251 15251 15251 15251 
15073 15073 15073 15073 15163 15163 15073 
14984 14984 14984 14984 14984 14984 14984 
14806 14896 14952 14806 14896 14896 14806 
14717 14717 14717 14717 14717 14717 14717 
14539 14629 14685 14539 14629 14629 14539 
14450 14450 14450 14450 14450 14450 14450 
14272 14362 14418 14272 14362 14362 14272 
14247 14247 14247 14247 14247 
14197 14197 14223 14223 14197 
14172 14172 14172 14172 14172 
14122 14122 14122 14148 14122 
14097 14097 14097 14097 14097 
14047 14047 14047 14073 14047 
14022 14022 14022 14022 14022 
13972 13972 13972 13998 13972 
13960 13960 13960 13960 
13936 13936 13948 13936 
13924 13924 13924 13924 
13900 13900 13912 13900 
13888 13888 13888 13888 
13864 13864 13876 13864 
13852 13852 13852 13852 
13828 13828 13840 13828 
13817 13817 13817 13817 
13795 13807 13807 13795 
13792 13792 
13786 13786 
13783 13783 
13781 13777 
13774 13774 
13772 13768 
13765 13765 
13763 13759 
13756 13756 
13754 13750 
13747 13747 
13745 13741 
13738 13738 
13736 13732 
13729 13729 
13727 13723 
13720 13720 
13718 13714 
13711 13711 
13709 13705 
13702 13702 
13700 13696 
13693 13693 
13691 13687 
13684 13684 
13682 13678 
13675 13675 
13673 13669 
13666 13666 
13664 13660 
13657 13657 
13655 13651 
13648 13648 
13646 13642 
13639 13639 
13637 13633 
13630 13630 
13628 13624 
13621 13621 
13619 13615 
13612 13612 
13610 13606 
13603 13603 
13601 13597 
13594 13594 
13588 13588 
13585 13585 
13579 13579 
13576 13576 
13570 13570 
13567 13567 
13561 13561 
13558 13558 
13552 13552 
13549 13549 
13543 13543 
13540 13540 
13534 13534 
13531 13531 
13525 13525 
13522 13522 
13516 13516 
13513 13513 
13507 13507 
13504 13504 
13498 13498 
13495 13495 
13489 13489 
13486 13486 
13480 13480 
13477 13477 
13471 13471 
13468 13468 
13462 13462 
13459 13459 
13453 13453 
13450 13450 
13444 13444 
13441 13441 
13435 13435 
13432 13432 
13426 13426 
13423 13423 
13417 13417 
13414 13414 
13408 13408 
13405 13405 
13399 13399 
13396 13396 
13390 13390 
13387 13387 
13381 13381 
13378 13378 
13372 13372 
13370 13370 
13366 13366 
13364 13364 
13360 13360 
13358 13358 
13354 13354 
13352 13352 
13348 13348 
13346 13346 
13342 13342 
13340 13340 
13336 13336 
13334 13334 
13330 13330 
13328 13328 
13324 13324 
13322 13322 
13318 13318 
13316 13316 
13312 13312 
13310 13310 
13306 13306 
13304 13304 
13300 13300 
13298 13298 
13294 13294 
13292 13292 
13288 13288 
13286 13286 
13282 13282 
13280 13280 
13276 13276 
13274 13274 
13270 13270 
13268 13268 
13264 13264 
13262 13262 
13258 13258 
13256 13256 
13252 13252 
13250 13250 
13246 13246 
13244 13244 
13240 13240 
13238 13238 
13234 13234 
13232 13232 
13228 13228 
13226 13226 
13222 13222 
13220 13220 
13216 13216 
13214 13214 
13210 13210 
13208 13208 
13204 13204 
13202 13202 
13198 13198 
13196 13196 
13192 13192 
13190 13190 
13186 13186 
13185 
13183 
13182 
13180 
13179 
13177 
13176 
13174 
13173 
13171 
13170 
13168 
13167 
13165 
13164 
13162 
13161 
13159 
13158 
13156 
13155 
13153 
13152 
13150 
13149 
13147 
13146 
13144 
13143 
13141 
13140 
13138 
13137 
13135 
13134 
13132 
13131 
13129 
13128 
13126 
13125 
13123 
13122 
13120 
13119 
13117 
13116 
13114 
13113 
13111 
13110 
13108 
13107 
13105 
13104 
13102 
13101 
13099 
13098 
13096 
13095 
13093 
13092 
13090 
13089 
13087 
13086 
13084 
13083 
13081 
13080 
13078 
13077 
13075 
13074 
13072 
13071 
13069 
13068 
13066 
13065 
13063 
13062 
13060 
13059 
13057 
13056 
13054 
13053 
13051 
13050 
13048 
13047 
13045 
13044 
13042 
13041 
13039 
13038 
13036 
13035 
13033 
13032 
13030 
13029 
13027 
13026 
13024 
13023 
13021 
13020 
13018 
13017 
13015 
13014 
13012 
13011 
13009 
13008 
13006 
13005 
13003 
13002 
13000 
12999 
12997 
12996 
12994 
12993 
12991 
12990 
12988 
12987 
12985 
12984 
12982 
12981 
12979 
12978 
12976 
12975 
12973 
12972 
12970 
12969 
12967 
12966 
12964 
12963 
12961 
12960 
12958 
12957 
12955 
12954 
12952 
12951 
12949 
12948 
12946 
12945 
12943 
12942 
12940 
12939 
12937 
12936 
12934 
12933 
12931 
12930 
12928 
12927 
12925 
12924 
12922 
12921 
12919 
12918 
12916 
12915 
12913 
12912 
12910 
12909 
12907 
12906 
12904 
12903 
12901 
12900 
12898 
12897 
12895 
12894 
12892 
12891 
12889 
12888 
12886 
12885 
12883 
12882 
12880 
12879 
12877 
12876 
12874 
12873 
12871 
12870 
12868 
12867 
12865 
12864 
12862 
12861 
12859 
12858 
12856 
12855 
12853 
12852 
12850 
12849 
12847 
12846 
12844 
12843 
12841 
12840 
12838 
12837 
12835 
12834 
12832 
12831 
12829 
12828 
12826 
12825 
12823 
12822 
12820 
12819 
12817 
12816 
12814 
12813 
12811 
12810 
12808 
12807 
12805 
12804 
12802 
12801 
12799 
12798 
12796 
12795 
12793 
12792 
12790 
12789 
12787 
12786 
12784 
12783 
12781 
12780 
12778 
12777 
12775 
12774 
12772 
12771 
12769 
12768 
12766 
12765 
12763 
12762 
12760 
12759 
12757 
12756 
12754 
12753 
12751 
12750 
12748 
12747 
12745 
12744 
12742 
12741 
12739 
12738 
12736 
12735 
12733 
12732 
12730 
12729 
12727 
12726 
12724 
12723 
12721 
12720 
12718 
12717 
12715 
12714 
12712 
12711 
12709 
12708 
12706 
12705 
12703 
12702 
12700 
12699 
12697 
12696 
12694 
12693 
12691 
12690 
12688 
12687 
12685 
12684 
12682 
12681 
12679 
12678 
12676 
12675 
12673 
12672 
12670 
12669 
12667 
12666 
12664 
12663 
12661 
12660 
12658 
12657 
12655 
12654 
12652 
12651 
12649 
12648 
12646 
12645 
12643 
12642 
12640 
12639 
12637 
12636 
12634 
12633 
12631 
12630 
12628 
12627 
12625 
12624 
12622 
12621 
12619 
12618 
12616 
12615 
12613 
12612 
12610 
12609 
12607 
12606 
12604 
12603 
12601 
12600 
12598 
12597 
12595 
12594 
12592 
12591 
12589 
12588 
12586 
12585 
12583 
12582 
12580 
12579 
12577 
12576 
12574 
12573 
12571 
12570 
12568 
12567 
12565 
12564 
12562 
12561 
12559 
12558 
12556 
12555 
12553 
12552 
12550 
12549 
12547 
12546 
12544 
12543 
12541 
12540 
12538 
12537 
12535 
12534 
12532 
12531 
12529 
12528 
12526 
12525 
12523 
12522 
12520 
12519 
12517 
12516 
12514 
12513 
12511 
12510 
12508 
12507 
12505 
12504 
12502 
12501 
12499 
12498 
12496 
12495 
12493 
12492 
12490 
12489 
12487 
12486 
12484 
12483 
12481 
12480 
12478 
12477 
12475 
12474 
12472 
12471 
12469 
12468 
12466 
12465 
12463 
12462 
12460 
12459 
12457 
12456 
12454 
12453 
12451 
12450 
12448 
12447 
12445 
12444 
12442 
12441 
12439 
12438 
12436 
12435 
12433 
12432 
12430 
12429 
12427 
12426 
12424 
12423 
12421 
12420 
12418 
12417 
12415 
12414 
12412 
12411 
12409 
12408 
12406 
12405 
12403 
12402 
12400 
12399 
12397 
12396 
12394 
12393 
12391 
12390 
12388 
12387 
12385 
12384 
12382 
12381 
12379 
12378 
12376 
12375 
12373 
12372 
12370 
12369 
12367 
12366 
12364 
12363 
12361 
12360 
12358 
12357 
12355 
12354 
12352 
12351 
12349 
12348 
12346 
12345 
12343 
12342 
12340 
12339 
12337 
12336 
12334 
12333 
12331 
12330 
12328 
12327 
12325 
12324 
12322 
12321 
12319 
12318 
12316 
12315 
12313 
12312 
12310 
12309 
12307 
12306 
12304 
12303 
12301 
12300 
12298 
12297 
12295 
12294 
12292 
12291 
12289 
12288 
12286 
12285 
12283 
12282 
12280 
12279 
12277 
12276 
12274 
12273 
12271 
12270 
12268 
12267 
12265 
12264 
12262 
12261 
12259 
12258 
12256 
12255 
12253 
12252 
12250 
12249 
12247 
12246 
12244 
12243 
12241 
12240 
12238 
12237 
12235 
12234 
12232 
12231 
12229 
12228 
12226 
12225 
12223 
12222 
12220 
12219 
12217 
12216 
12214 
12213 
12211 
12210 
12208 
12207 
12205 
12204 
12202 
12201 
12199 
12198 
12196 
12195 
12193 
12192 
12190 
12189 
12187 
12186 
12184 
12183 
12181 
12180 
12178 
12177 
12175 
12174 
12172 
12171 
12169 
12168 
12166 
12165 
12163 
12162 
12160 
12159 
12157 
12156 
12154 
12153 
12151 
12150 
12148 
12147 
12145 
12144 
12142 
12141 
12139 
12138 
12136 
12135 
12133 
12132 
12130 
12129 
12127 
12126 
12124 
12123 
12121 
12120 
12118 
12117 
12115 
12114 
12112 
12111 
12109 
12108 
12106 
12105 
12103 
12102 
12100 
12099 
12097 
12096 
12094 
12093 
12091 
12090 
12088 
12087 
12085 
12084 
12082 
12081 
12079 
12078 
12076 
12075 
12073 
12072 
12070 
12069 
12067 
12066 
12064 
12063 
12061 
12060 
12058 
12057 
12055 
12054 
12052 
12051 
12049 
12048 
12046 
12045 
12043 
12042 
12040 
12039 
12037 
12036 
12034 
12033 
12031 
12030 
12028 
12027 
12025 
12024 
12022 
12021 
12019 
12018 
12016 
12015 
12013 
12012 
12010 
12009 
12007 
12006 
12004 
12003 
12001 
12000 
11998 
11997 
11995 
11994 
11992 
11991 
11989 
11988 
11986 
11985 
11983 
11982 
11980 
11979 
11977 
11976 
11974 
11973 
11971 
11970 
11968 
11967 
11965 
11964 
11962 
11961 
11959 
11958 
11956 
11955 
11953 
11952 
11950 
11949 
11947 
11946 
11944 
11943 
11941 
11940 
11938 
11937 
11935 
11934 
11932 
11931 
11929 
11928 
11926 
11925 
11923 
11922 
11920 
11919 
11917 
11916 
11914 
11913 
11911 
11910 
11908 
11907 
11905 
11904 
11902 
11901 
11899 
11898 
11896 
11895 
11893 
11892 
11890 
11889 
11887 
11886 
11884 
11883 
11881 
11880 
11878 
11877 
11875 
11874 
11872 
11871 
11869 
11868 
11866 
11865 
11863 
11862 
11860 
11859 
11857 
11856 
11854 
11853 
11851 
11850 
11848 
11847 
11845 
11844 
11842 
11841 
11839 
11838 
11836 
11835 
11833 
11832 
11830 
11829 
11827 
11826 
11824 
11823 
11821 
11820 
11818 
11817 
11815 
11814 
11812 
11811 
11809 
11808 
11806 
11805 
11803 
11802 
11800 
11800
