45704
34296 34296 34296 34296 34296 34296 34296 35267 35456 42440 39416 
34225 34212 31818 31818 31818 31818 31818 32808 29394 30234 28008 
27937 27930 27762 27762 27762 27618 27564 26052 25908 24882 
24811 24804 24492 24492 24492 24492 24390 24096 22968 22782 
22711 22704 22392 21498 21498 22536 22290 21582 20868 21210 
20797 20790 20478 20478 20478 20478 19686 19734 18930 19308 
18859 18852 17760 17778 17778 18540 17760 17796 16830 17358 
16759 16752 16698 16602 15660 16440 15660 16044 14508 15258 
14437 14430 14376 14280 13944 14118 13944 13722 13641 
13570 13563 13413 13413 13509 13317 12987 13121 12774 
12703 12696 12546 12672 12546 12546 12384 12297 
12226 12219 12195 12249 12105 12093 12102 12144 
12022 12015 12063 12003 12013 11985 12026 
11914 11907 11955 11931 11931 11952 
11895 11883 11883 11859 11859 11874 
11847 11841 11835 11832 11839 
11826 11820 11816 11822 
11810 11806 11806 
11800 11802 
11797 11798 
11794 11795 
11791 
11791
