46770
32770 
32523 
30195 
28311 
28047 
27723 
27687 
27651 
27639 
27627 
27615 
27603 
27594 
27584 
27044 
26740 
26726 
26720 
26710 
26700 
26694 
26684 
26674 
26668 
26658 
26652 
26645 
26635 
26119 
25834 
25818 
23970 
23949 
22904 
22898 
22878 
22848 
22832 
22820 
22800 
22638 
22562 
22547 
22527 
22509 
22495 
22475 
22469 
22449 
22443 
22423 
22417 
22397 
22391 
22371 
22365 
22345 
21841 
21556 
21526 
21490 
21471 
21461 
19763 
18794 
18780 
18770 
18758 
18744 
18732 
18718 
18706 
18692 
18680 
18666 
18654 
18640 
18628 
18614 
18602 
18588 
18576 
18562 
18550 
18536 
18524 
18510 
18498 
18484 
18472 
18458 
18446 
18432 
18420 
18406 
18394 
18380 
18368 
18354 
18342 
18328 
18316 
18302 
18290 
18276 
18264 
18250 
18238 
18224 
18212 
18198 
18186 
18172 
18160 
18146 
18134 
18120 
18108 
18094 
18082 
18068 
18056 
18042 
18030 
18016 
18004 
17990 
17978 
17964 
17952 
17938 
17926 
17912 
17900 
17886 
17874 
17860 
17848 
17834 
17822 
17808 
17796 
17782 
17770 
17756 
17744 
17730 
17718 
17704 
17692 
17678 
17666 
17652 
17640 
17626 
17614 
17600 
17588 
17574 
17562 
17548 
17536 
17522 
17510 
17496 
17484 
17470 
17458 
17444 
17432 
17418 
17406 
17392 
17380 
17366 
17354 
17340 
17328 
17314 
17302 
17288 
17276 
17262 
17250 
17236 
17224 
17210 
17198 
17184 
17172 
17158 
17146 
17132 
17120 
17106 
17094 
17080 
17068 
17054 
17042 
17028 
17016 
17002 
16990 
16976 
16964 
16950 
16938 
16924 
16912 
16898 
16886 
16872 
16860 
16846 
16834 
16820 
16808 
16794 
16782 
16768 
16702 
16664 
16634 
16618 
16606 
16586 
16580 
16560 
16542 
16528 
16508 
16370 
16332 
16317 
14475 
12999 
12933 
12801 
12603 
12309 
11391 
10941 
10935 
10929 
9885 
8001 
7995 
7677 
7575 
7059 
5427 
3669 
3665 
3660 
3657 
3654 
3651 
3651
