46770
32595 
32523 
30115 
27599 
27597 
27596 
27594 
27593 
27591 
27173 
27165 
27158 
27151 
26323 
26316 
26068 
25980 
25792 
25790 
25787 
25779 
25777 
25776 
25774 
25772 
25768 
25763 
25761 
25760 
25758 
25757 
25755 
25754 
25752 
25748 
25740 
25736 
25735 
25733 
25731 
25723 
25722 
25720 
25718 
25714 
25713 
25711 
25710 
25708 
25703 
25701 
25696 
25694 
25692 
25688 
25687 
25685 
25683 
25675 
25581 
25333 
25326 
25319 
25305 
25291 
25287 
25277 
25253 
25248 
25241 
25237 
25229 
25225 
25223 
25215 
25212 
25204 
25202 
25074 
24738 
24731 
24717 
24661 
24659 
24654 
24646 
24641 
24637 
24633 
24598 
24510 
24496 
24492 
24490 
24482 
24466 
24461 
24453 
24429 
24425 
24424 
24422 
24414 
24398 
24393 
24386 
24383 
24375 
24373 
24371 
24367 
24360 
24344 
24340 
24338 
24335 
24327 
24325 
24324 
24322 
24317 
24315 
24309 
24293 
24289 
24288 
24283 
24279 
24273 
24257 
24253 
24249 
24241 
24236 
24232 
24230 
24213 
24173 
24166 
24162 
24116 
23996 
23982 
23978 
23970 
23965 
23957 
23952 
23944 
23943 
23941 
23908 
23900 
23820 
23813 
23801 
23792 
23768 
23764 
23762 
23750 
23718 
23710 
23678 
23598 
23584 
23580 
23566 
23534 
23527 
23525 
23513 
23481 
23476 
23463 
23431 
23424 
23411 
23379 
23372 
23359 
23327 
23320 
23308 
23276 
23272 
23268 
23256 
23224 
23220 
23216 
23204 
23172 
23168 
23164 
23152 
23120 
23112 
23100 
23068 
23060 
23037 
22981 
22974 
22969 
22968 
22966 
22953 
22921 
22914 
22902 
22870 
22865 
22851 
22819 
22812 
22810 
22798 
22766 
22761 
22753 
22737 
22732 
22724 
22722 
22718 
22710 
22706 
22702 
22694 
22689 
22685 
22683 
22679 
22671 
22667 
22663 
22655 
22650 
22646 
22644 
22640 
22632 
22628 
22626 
22618 
22614 
22606 
22602 
22598 
22590 
22585 
22581 
22579 
22575 
22567 
22563 
22559 
22551 
22546 
22542 
22540 
22508 
22428 
22414 
22410 
22408 
22403 
22399 
22397 
22389 
22373 
22368 
22353 
22313 
22306 
22305 
22303 
22299 
22291 
22286 
22282 
22280 
22266 
22234 
22227 
22225 
22212 
22180 
22173 
22160 
22128 
22121 
22108 
22076 
22069 
22057 
22025 
22020 
22015 
22007 
22002 
21994 
21989 
21981 
21976 
21968 
21967 
21965 
21949 
21909 
21902 
21900 
21899 
21894 
21890 
21888 
21883 
21879 
21877 
21871 
21855 
21851 
21849 
21845 
21833 
21801 
21796 
21792 
21784 
21779 
21775 
21773 
21768 
21760 
21755 
21751 
21747 
21745 
21740 
21736 
21734 
21707 
21635 
21619 
21617 
21604 
21572 
21565 
21553 
21521 
21517 
21513 
21495 
21447 
21435 
21423 
21391 
21387 
21383 
21382 
21380 
21353 
21281 
21274 
21270 
21266 
21265 
21263 
21251 
21219 
21214 
21202 
21170 
21166 
21162 
21128 
21040 
21033 
21021 
21019 
20954 
20786 
20772 
20748 
20746 
20727 
20679 
20672 
20668 
20651 
20611 
20604 
20600 
20597 
20589 
20587 
20584 
20576 
20574 
20573 
20568 
20564 
20541 
20485 
20478 
20473 
20450 
20394 
20387 
20382 
20359 
20303 
20296 
20291 
20268 
20212 
20205 
20200 
20177 
20121 
20114 
20109 
20086 
20030 
20023 
20018 
19995 
19939 
19932 
19927 
19904 
19848 
19841 
19836 
19813 
19757 
19750 
19745 
19722 
19666 
19659 
19654 
19631 
19575 
19568 
19563 
19540 
19484 
19477 
19472 
19449 
19393 
19386 
19381 
19358 
19302 
19295 
19290 
19267 
19211 
19204 
19199 
19176 
19120 
19113 
19108 
19101 
19085 
19081 
19079 
19064 
19024 
19019 
19017 
19007 
18983 
18978 
18968 
18944 
18939 
18929 
18905 
18900 
18890 
18866 
18861 
18851 
18827 
18822 
18821 
18819 
18807 
18799 
18775 
18770 
18760 
18736 
18731 
18721 
18697 
18692 
18685 
18669 
18665 
18663 
18661 
18656 
18652 
18650 
18639 
18607 
18603 
18601 
18593 
18577 
18572 
18571 
18566 
18562 
18560 
18555 
18551 
18549 
18544 
18536 
18531 
18523 
18512 
18488 
18481 
18471 
18447 
18442 
18421 
18365 
18358 
18354 
18346 
18330 
18325 
18321 
18317 
18315 
18302 
18270 
18263 
18250 
18218 
18211 
18198 
18166 
18159 
18146 
18114 
18107 
18094 
18062 
18055 
18042 
18010 
18003 
17990 
17958 
17951 
17938 
17906 
17899 
17886 
17854 
17847 
17834 
17802 
17795 
17782 
17750 
17743 
17730 
17698 
17691 
17678 
17646 
17639 
17626 
17594 
17587 
17574 
17542 
17535 
17522 
17490 
17483 
17470 
17438 
17431 
17421 
17397 
17392 
17388 
17380 
17376 
17372 
17364 
17359 
17355 
17353 
17346 
17330 
17326 
17324 
17317 
17301 
17297 
17295 
17287 
17279 
17263 
17259 
17253 
17237 
17233 
17218 
17178 
17171 
17156 
17116 
17108 
17106 
17105 
17103 
17098 
17090 
17085 
17080 
17077 
17069 
17067 
17066 
17064 
17047 
17007 
17000 
16996 
16995 
16993 
16992 
16990 
16979 
16947 
16943 
16941 
16936 
16934 
16933 
16931 
16917 
16877 
16872 
16862 
16838 
16833 
16827 
16811 
16807 
16803 
16795 
16791 
16772 
16724 
16717 
16713 
16706 
16690 
16686 
16684 
16668 
16628 
16621 
16619 
16618 
16613 
16609 
16607 
16602 
16598 
16596 
16586 
16562 
16557 
16547 
16523 
16518 
16505 
16473 
16466 
16456 
16432 
16427 
16418 
16394 
16390 
16388 
16381 
16365 
16361 
16359 
16355 
16350 
16347 
16343 
16341 
16339 
16335 
16333 
16329 
16327 
16323 
16321 
16317 
16307 
16293 
16285 
16278 
16274 
16272 
16257 
16250 
16236 
16231 
16224 
16219 
16212 
16187 
16152 
16132 
16104 
16084 
16056 
16043 
16029 
16025 
16023 
16002 
15974 
15972 
15971 
15969 
15958 
15944 
15942 
15922 
15894 
15885 
15878 
15873 
15869 
15864 
15860 
15855 
15851 
15846 
15842 
15837 
15833 
15828 
15822 
15815 
15813 
15809 
15804 
15754 
15684 
15678 
15671 
15669 
15668 
15666 
15650 
15629 
15627 
15626 
15624 
15623 
15621 
15612 
15605 
15600 
15595 
15588 
15584 
15579 
15575 
15570 
15566 
15561 
15557 
15552 
15548 
15543 
15539 
15534 
15530 
15525 
15521 
15516 
15512 
15507 
15503 
15498 
15494 
15489 
15473 
15452 
15450 
15449 
15447 
15446 
15444 
15443 
15441 
15429 
15415 
15411 
15409 
15405 
15394 
15380 
15378 
15375 
15371 
15369 
15367 
15363 
15362 
15360 
15344 
15323 
15321 
15257 
15173 
15168 
15167 
15165 
15142 
15114 
15110 
15108 
15106 
15102 
15101 
15099 
15095 
15090 
15049 
14993 
14991 
14986 
14979 
14978 
14976 
14975 
14973 
14970 
14966 
14964 
14960 
14955 
14954 
14952 
14949 
14945 
14943 
14932 
14925 
14918 
14916 
14915 
14913 
14912 
14910 
14899 
14885 
14883 
14882 
14880 
14879 
14877 
14858 
14837 
14832 
14828 
14823 
14822 
14820 
14748 
14650 
14646 
14632 
14618 
14613 
14603 
14589 
14587 
14583 
14581 
14577 
14575 
14571 
14570 
14568 
14442 
14428 
14267 
14265 
14264 
14262 
14261 
14259 
14258 
14256 
14141 
13980 
13957 
13929 
13925 
13923 
13862 
13778 
13776 
13763 
13749 
13745 
13743 
13741 
13737 
13727 
13713 
13712 
13710 
13709 
13707 
13701 
13694 
13692 
13691 
13689 
13687 
13683 
13681 
13677 
13675 
13671 
13669 
13665 
13663 
13659 
13657 
13653 
13651 
13647 
13645 
13641 
13639 
13635 
13633 
13629 
13627 
13623 
13621 
13617 
13615 
13611 
13609 
13605 
13603 
13599 
13597 
13593 
13591 
13587 
13585 
13581 
13579 
13575 
13573 
13569 
13567 
13563 
13561 
13557 
13555 
13551 
13549 
13545 
13543 
13539 
13537 
13533 
13531 
13527 
13525 
13521 
13519 
13515 
13513 
13509 
13507 
13503 
13501 
13497 
13495 
13491 
13489 
13485 
13483 
13479 
13477 
13473 
13471 
13467 
13465 
13461 
13459 
13455 
13453 
13449 
13447 
13443 
13441 
13437 
13435 
13431 
13429 
13425 
13423 
13419 
13417 
13413 
13411 
13407 
13405 
13401 
13399 
13395 
13393 
13389 
13387 
13383 
13381 
13377 
13375 
13371 
13369 
13365 
13363 
13359 
13357 
13353 
13351 
13347 
13345 
13341 
13339 
13335 
13333 
13329 
13327 
13323 
13321 
13317 
13315 
13311 
13309 
13305 
13303 
13299 
13297 
13293 
13291 
13287 
13285 
13281 
13279 
13275 
13273 
13269 
13267 
13263 
13261 
13257 
13255 
13251 
13249 
13245 
13243 
13239 
13237 
13233 
13231 
13227 
13225 
13221 
13219 
13215 
13213 
13209 
13207 
13203 
13201 
13197 
13195 
13191 
13189 
13185 
13183 
13179 
13177 
13173 
13171 
13167 
13165 
13161 
13159 
13155 
13153 
13149 
13147 
13143 
13141 
13137 
13135 
13131 
13129 
13125 
13123 
13119 
13117 
13113 
13111 
13107 
13105 
13101 
13099 
13095 
13093 
13089 
13087 
13083 
13081 
13077 
13075 
13071 
13069 
13065 
13063 
13059 
13057 
13053 
13051 
13047 
13045 
13041 
13039 
13035 
13033 
13029 
13027 
13023 
13021 
13017 
13015 
13011 
13009 
13005 
13003 
12999 
12997 
12993 
12991 
12987 
12985 
12981 
12979 
12975 
12973 
12969 
12967 
12963 
12961 
12957 
12955 
12951 
12949 
12945 
12943 
12939 
12937 
12933 
12931 
12927 
12925 
12921 
12919 
12915 
12913 
12909 
12907 
12903 
12901 
12897 
12895 
12891 
12889 
12885 
12883 
12879 
12877 
12873 
12871 
12867 
12865 
12861 
12859 
12855 
12853 
12849 
12847 
12843 
12841 
12837 
12835 
12831 
12829 
12825 
12823 
12819 
12817 
12813 
12811 
12807 
12805 
12801 
12799 
12795 
12793 
12789 
12787 
12783 
12781 
12777 
12775 
12771 
12769 
12765 
12763 
12759 
12757 
12753 
12751 
12747 
12746 
12744 
12743 
12741 
12558 
12306 
12302 
12300 
12298 
12294 
12290 
12285 
12284 
12282 
12281 
12279 
12278 
12276 
12275 
12273 
12272 
12270 
12269 
12267 
12266 
12264 
12263 
12261 
12260 
12258 
12257 
12255 
12254 
12252 
12251 
12249 
12248 
12246 
12245 
12243 
12242 
12240 
12239 
12237 
12236 
12234 
12233 
12231 
12230 
12228 
12227 
12225 
12224 
12222 
12221 
12219 
12218 
12216 
12215 
12213 
12212 
12210 
12209 
12207 
12206 
12204 
12203 
12201 
12200 
12198 
12197 
12195 
12194 
12192 
12191 
12189 
12188 
12186 
12185 
12183 
12182 
12180 
12179 
12177 
12176 
12174 
12173 
12171 
12170 
12168 
12167 
12165 
12164 
12162 
12161 
12159 
12158 
12156 
12155 
12153 
12152 
12150 
12149 
12147 
12146 
12144 
12143 
12141 
12140 
12138 
12137 
12135 
12134 
12132 
12131 
12129 
12128 
12126 
12125 
12123 
12122 
12120 
12119 
12117 
12116 
12114 
12113 
12111 
12110 
12108 
12107 
12105 
12104 
12102 
12101 
12099 
12098 
12096 
12095 
12093 
12092 
12090 
12089 
12087 
12086 
12084 
12083 
12081 
12080 
12078 
12077 
12075 
12074 
12072 
12071 
12069 
12068 
12066 
12065 
12063 
12062 
12060 
12059 
12057 
12056 
12054 
12053 
12051 
12050 
12048 
12047 
12045 
12044 
12042 
12041 
12039 
12038 
12036 
12035 
12033 
12032 
12030 
12029 
12027 
12026 
12024 
12023 
12021 
12020 
12018 
12017 
12015 
12014 
12012 
12011 
12009 
12008 
12006 
12005 
12003 
12002 
12000 
11999 
11997 
11996 
11994 
11993 
11991 
11990 
11988 
11987 
11985 
11984 
11982 
11981 
11979 
11978 
11976 
11975 
11973 
11972 
11970 
11969 
11967 
11966 
11964 
11963 
11961 
11960 
11958 
11957 
11955 
11954 
11952 
11951 
11949 
11948 
11946 
11945 
11943 
11942 
11940 
11939 
11937 
11936 
11934 
11933 
11931 
11930 
11928 
11927 
11925 
11924 
11922 
11921 
11919 
11918 
11916 
11915 
11913 
11912 
11910 
11909 
11907 
11906 
11904 
11903 
11901 
11900 
11898 
11897 
11895 
11894 
11892 
11891 
11889 
11888 
11886 
11885 
11883 
11882 
11880 
11879 
11877 
11876 
11874 
11873 
11871 
11870 
11868 
11867 
11865 
11864 
11862 
11861 
11859 
11858 
11856 
11855 
11853 
11852 
11850 
11849 
11847 
11846 
11844 
11843 
11841 
11840 
11838 
11837 
11835 
11834 
11832 
11831 
11829 
11828 
11826 
11825 
11823 
11822 
11820 
11819 
11817 
11816 
11814 
11813 
11811 
11810 
11808 
11807 
11805 
11804 
11802 
11801 
11799 
11798 
11796 
11795 
11793 
11792 
11790 
11789 
11787 
11786 
11784 
11783 
11781 
11780 
11778 
11777 
11775 
11774 
11772 
11771 
11769 
11768 
11766 
11765 
11763 
11762 
11760 
11759 
11757 
11756 
11754 
11753 
11751 
11750 
11748 
11747 
11745 
11744 
11742 
11741 
11739 
11738 
11736 
11735 
11733 
11732 
11730 
11729 
11727 
11726 
11724 
11723 
11721 
11720 
11718 
11717 
11715 
11714 
11712 
11711 
11709 
11708 
11706 
11705 
11703 
11702 
11700 
11699 
11697 
11696 
11694 
11693 
11691 
11690 
11688 
11687 
11685 
11684 
11682 
11681 
11679 
11678 
11676 
11675 
11673 
11672 
11670 
11669 
11667 
11666 
11664 
11663 
11661 
11660 
11658 
11657 
11655 
11654 
11652 
11651 
11649 
11648 
11646 
11645 
11643 
11642 
11640 
11639 
11637 
11636 
11634 
11633 
11631 
11630 
11628 
11627 
11625 
11624 
11622 
11621 
11619 
11618 
11616 
11615 
11613 
11612 
11610 
11609 
11607 
11606 
11604 
11603 
11601 
11600 
11598 
11597 
11595 
11594 
11592 
11591 
11589 
11588 
11586 
11585 
11583 
11582 
11580 
11579 
11577 
11576 
11574 
11573 
11571 
11570 
11568 
11567 
11565 
11564 
11562 
11561 
11559 
11558 
11556 
11555 
11553 
11552 
11550 
11549 
11547 
11546 
11544 
11543 
11541 
11540 
11538 
11537 
11535 
11534 
11532 
11531 
11529 
11528 
11526 
11525 
11523 
11522 
11520 
11519 
11517 
11516 
11514 
11513 
11511 
11510 
11508 
11507 
11505 
11504 
11502 
11501 
11499 
11498 
11496 
11495 
11493 
11492 
11490 
11489 
11487 
11486 
11484 
11483 
11481 
11480 
11478 
11477 
11475 
11474 
11472 
11471 
11469 
11468 
11466 
11465 
11463 
11462 
11460 
11459 
11457 
11456 
11454 
11453 
11451 
11450 
11448 
11447 
11445 
11444 
11442 
11441 
11439 
11438 
11436 
11435 
11433 
11432 
11430 
11429 
11427 
11426 
11424 
11423 
11421 
11420 
11418 
11417 
11415 
11414 
11412 
11411 
11409 
11408 
11406 
11405 
11403 
11402 
11400 
11399 
11397 
11396 
11394 
11393 
11391 
11390 
11388 
11387 
11385 
11384 
11382 
11381 
11379 
11378 
11376 
11375 
11373 
11372 
11370 
11369 
11367 
11366 
11364 
11363 
11361 
11360 
11358 
11357 
11355 
11354 
11352 
11351 
11349 
11348 
11346 
11345 
11343 
11342 
11340 
11339 
11337 
11336 
11334 
11333 
11331 
11330 
11328 
11327 
11325 
11324 
11322 
11321 
11319 
11318 
11316 
11315 
11313 
11312 
11310 
11309 
11307 
11306 
11304 
11303 
11301 
11300 
11298 
11297 
11295 
11294 
11292 
11291 
11289 
11288 
11286 
11285 
11283 
11282 
11280 
11279 
11277 
11276 
11274 
11273 
11271 
11270 
11268 
11267 
11265 
11264 
11262 
11261 
11259 
11258 
11256 
11255 
11253 
11252 
11250 
11249 
11247 
11246 
11244 
11243 
11241 
11240 
11238 
11237 
11235 
11234 
11232 
11231 
11229 
11228 
11226 
11225 
11223 
11222 
11220 
11219 
11217 
11216 
11214 
11213 
11211 
11210 
11208 
11207 
11205 
11204 
11202 
11201 
11199 
11198 
11196 
11195 
11193 
11192 
11190 
11189 
11187 
11186 
11184 
11183 
11181 
11180 
11178 
11177 
11175 
11174 
11172 
11171 
11169 
11168 
11166 
11165 
11163 
11162 
11160 
11159 
11157 
11156 
11154 
11153 
11151 
11150 
11148 
11147 
11145 
11144 
11142 
11141 
11139 
11138 
11136 
11135 
11133 
11132 
11130 
11129 
11127 
11126 
11124 
11123 
11121 
11120 
11118 
11117 
11115 
11114 
11112 
11111 
11109 
11108 
11106 
11105 
11103 
11102 
11100 
11099 
11097 
11096 
11094 
11093 
11091 
11090 
11088 
11087 
11085 
11084 
11082 
11081 
11079 
11078 
11076 
11075 
11073 
11072 
11070 
11069 
11067 
11066 
11064 
11063 
11061 
11060 
11058 
11057 
11055 
11054 
11052 
11051 
11049 
11048 
11046 
11045 
11043 
11042 
11040 
11039 
11037 
11036 
11034 
11033 
11031 
11030 
11028 
11027 
11025 
11024 
11022 
11021 
11019 
11018 
11016 
11015 
11013 
11012 
11010 
11009 
11007 
11006 
11004 
11003 
11001 
11000 
10998 
10997 
10995 
10994 
10992 
10991 
10989 
10988 
10986 
10985 
10983 
10982 
10980 
10979 
10977 
10976 
10974 
10973 
10971 
10970 
10968 
10967 
10965 
10964 
10962 
10961 
10959 
10958 
10956 
10955 
10953 
10952 
10950 
10949 
10947 
10946 
10944 
10943 
10941 
10940 
10938 
10937 
10935 
10934 
10932 
10931 
10929 
10928 
10926 
10925 
10923 
10922 
10920 
10919 
10917 
10916 
10914 
10913 
10911 
10910 
10908 
10907 
10905 
10904 
10902 
10901 
10899 
10898 
10896 
10895 
10893 
10892 
10890 
10889 
10887 
10886 
10884 
10883 
10881 
10880 
10878 
10877 
10875 
10874 
10872 
10871 
10869 
10868 
10866 
10865 
10863 
10862 
10860 
10859 
10857 
10856 
10854 
10853 
10851 
10850 
10848 
10847 
10845 
10844 
10842 
10841 
10839 
10838 
10836 
10835 
10833 
10832 
10830 
10829 
10827 
10826 
10824 
10823 
10821 
10820 
10818 
10817 
10815 
10814 
10812 
10811 
10809 
10808 
10806 
10805 
10803 
10802 
10800 
10799 
10797 
10796 
10794 
10793 
10791 
10790 
10788 
10787 
10785 
10784 
10782 
10781 
10779 
10778 
10776 
10775 
10773 
10772 
10770 
10769 
10767 
10766 
10764 
10763 
10761 
10760 
10758 
10757 
10755 
10754 
10752 
10751 
10749 
10748 
10746 
10745 
10743 
10742 
10740 
10739 
10737 
10736 
10734 
10733 
10731 
10730 
10728 
10727 
10725 
10724 
10722 
10721 
10719 
10718 
10716 
10715 
10713 
10712 
10710 
10709 
10707 
10706 
10704 
10703 
10701 
10700 
10698 
10697 
10695 
10694 
10692 
10691 
10689 
10688 
10686 
10685 
10683 
10682 
10680 
10679 
10677 
10676 
10674 
10673 
10671 
10670 
10668 
10667 
10665 
10664 
10662 
10661 
10659 
10658 
10656 
10655 
10653 
10652 
10650 
10649 
10647 
10646 
10644 
10643 
10641 
10640 
10638 
10637 
10635 
10634 
10632 
10631 
10629 
10628 
10626 
10625 
10623 
10622 
10620 
10619 
10617 
10616 
10614 
10613 
10611 
10610 
10608 
10607 
10605 
10604 
10602 
10601 
10599 
10598 
10596 
10595 
10593 
10592 
10590 
10589 
10587 
10586 
10584 
10583 
10581 
10580 
10578 
10577 
10575 
10574 
10572 
10571 
10569 
10568 
10566 
10565 
10563 
10562 
10560 
10559 
10557 
10556 
10554 
10553 
10551 
10550 
10548 
10547 
10545 
10544 
10542 
10541 
10539 
10538 
10536 
10535 
10533 
10532 
10530 
10529 
10527 
10526 
10524 
10523 
10521 
10520 
10518 
10517 
10515 
10514 
10512 
10511 
10509 
10508 
10506 
10505 
10503 
10502 
10500 
10499 
10497 
10496 
10494 
10493 
10491 
10490 
10488 
10487 
10485 
10484 
10482 
10481 
10479 
10478 
10476 
10475 
10473 
10472 
10470 
10469 
10467 
10466 
10464 
10463 
10461 
10460 
10458 
10457 
10455 
10454 
10452 
10451 
10449 
10448 
10446 
10445 
10443 
10442 
10440 
10439 
10437 
10436 
10434 
10433 
10431 
10430 
10428 
10427 
10425 
10424 
10422 
10421 
10419 
10418 
10416 
10415 
10413 
10410 
10406 
10404 
10403 
10401 
10281 
10113 
10089 
10061 
10056 
10055 
10053 
10015 
10008 
9994 
9966 
9962 
9960 
9957 
9953 
9951 
9949 
9945 
9864 
9752 
9750 
9749 
9747 
9714 
9686 
9672 
9668 
9666 
9660 
9653 
9651 
9650 
9648 
9631 
9610 
9606 
9603 
9599 
9597 
9595 
9591 
9589 
9585 
9583 
9579 
9577 
9573 
9571 
9567 
9565 
9561 
9559 
9555 
9553 
9549 
9547 
9543 
9541 
9537 
9535 
9531 
9529 
9525 
9523 
9519 
9517 
9513 
9511 
9507 
9505 
9501 
9499 
9495 
9493 
9489 
9487 
9483 
9481 
9477 
9475 
9471 
9469 
9465 
9463 
9459 
9457 
9453 
9451 
9447 
9445 
9441 
9439 
9435 
9433 
9429 
9427 
9423 
9421 
9417 
9415 
9411 
9409 
9405 
9403 
9399 
9397 
9393 
9391 
9387 
9385 
9381 
9379 
9375 
9373 
9369 
9367 
9363 
9361 
9357 
9355 
9351 
9349 
9345 
9343 
9339 
9337 
9333 
9331 
9327 
9325 
9321 
9319 
9315 
9313 
9309 
9307 
9303 
9301 
9297 
9295 
9291 
9289 
9285 
9283 
9279 
9277 
9273 
9271 
9267 
9265 
9261 
9259 
9255 
9253 
9249 
9247 
9243 
9241 
9237 
9235 
9231 
9229 
9225 
9223 
9219 
9217 
9213 
9211 
9207 
9205 
9201 
9199 
9195 
9193 
9189 
9187 
9183 
9181 
9177 
9175 
9171 
9169 
9165 
9163 
9159 
9157 
9153 
9151 
9147 
9145 
9141 
9139 
9135 
9133 
9129 
9127 
9123 
9121 
9117 
9115 
9111 
9109 
9105 
9103 
9099 
9097 
9093 
9091 
9087 
9085 
9081 
9079 
9075 
9073 
9069 
9067 
9063 
9061 
9057 
9055 
9051 
9049 
9045 
9043 
9039 
9037 
9033 
9031 
9027 
9025 
9021 
9019 
9015 
9013 
9009 
9007 
9003 
9001 
8997 
8995 
8991 
8989 
8985 
8983 
8979 
8977 
8973 
8971 
8967 
8965 
8961 
8959 
8955 
8953 
8949 
8947 
8943 
8941 
8937 
8935 
8931 
8929 
8925 
8923 
8919 
8917 
8913 
8911 
8907 
8905 
8901 
8899 
8895 
8893 
8889 
8887 
8883 
8881 
8877 
8875 
8871 
8869 
8865 
8863 
8859 
8857 
8853 
8851 
8847 
8845 
8841 
8839 
8835 
8833 
8829 
8827 
8823 
8822 
8820 
8794 
8773 
8766 
8759 
8757 
8756 
8754 
8746 
8739 
8735 
8733 
8725 
8718 
8714 
8712 
8704 
8697 
8693 
8691 
8686 
8679 
8674 
8667 
8651 
8630 
8628 
8627 
8625 
8624 
8622 
8621 
8619 
8618 
8616 
8615 
8613 
8612 
8610 
8609 
8607 
8606 
8604 
8603 
8601 
8600 
8598 
8597 
8595 
8594 
8592 
8591 
8589 
8588 
8586 
8585 
8583 
8582 
8580 
8579 
8577 
8576 
8574 
8573 
8571 
8570 
8568 
8567 
8565 
8564 
8562 
8561 
8559 
8558 
8556 
8555 
8553 
8552 
8550 
8549 
8547 
8546 
8544 
8543 
8541 
8540 
8538 
8537 
8535 
8534 
8532 
8531 
8529 
8528 
8526 
8525 
8523 
8522 
8520 
8519 
8517 
8516 
8514 
8513 
8511 
8510 
8508 
8507 
8505 
8504 
8502 
8501 
8499 
8498 
8496 
8495 
8493 
8492 
8490 
8489 
8487 
8486 
8484 
8483 
8481 
8480 
8478 
8477 
8475 
8474 
8472 
8471 
8469 
8468 
8466 
8465 
8463 
8462 
8460 
8459 
8457 
8456 
8454 
8453 
8451 
8450 
8448 
8447 
8445 
8444 
8442 
8441 
8439 
8438 
8436 
8435 
8433 
8432 
8430 
8429 
8427 
8426 
8424 
8423 
8421 
8420 
8418 
8417 
8415 
8414 
8412 
8411 
8409 
8408 
8406 
8405 
8403 
8402 
8400 
8399 
8397 
8396 
8394 
8393 
8391 
8390 
8388 
8387 
8385 
8384 
8382 
8381 
8379 
8378 
8376 
8375 
8373 
8372 
8370 
8369 
8367 
8366 
8364 
8363 
8361 
8360 
8358 
8357 
8355 
8354 
8352 
8351 
8349 
8348 
8346 
8345 
8343 
8342 
8340 
8339 
8337 
8336 
8334 
8333 
8331 
8330 
8328 
8327 
8325 
8324 
8322 
8321 
8319 
8318 
8316 
8315 
8313 
8312 
8310 
8309 
8307 
8306 
8304 
8303 
8301 
8300 
8298 
8297 
8295 
8294 
8292 
8291 
8289 
8288 
8286 
8285 
8283 
8282 
8280 
8279 
8277 
8276 
8274 
8273 
8271 
8270 
8268 
8267 
8265 
8264 
8262 
8261 
8259 
8258 
8256 
8255 
8253 
8252 
8250 
8249 
8247 
8246 
8244 
8243 
8241 
8240 
8238 
8237 
8235 
8234 
8232 
8231 
8229 
8228 
8226 
8225 
8223 
8222 
8220 
8219 
8217 
8216 
8214 
8213 
8211 
8210 
8208 
8207 
8205 
8204 
8202 
8201 
8199 
8198 
8196 
8195 
8193 
8192 
8190 
8189 
8187 
8186 
8184 
8183 
8181 
8180 
8178 
8177 
8175 
8174 
8172 
8171 
8169 
8168 
8166 
8165 
8163 
8162 
8160 
8159 
8157 
8156 
8154 
8153 
8151 
8150 
8148 
8147 
8145 
8144 
8142 
8141 
8139 
8138 
8136 
8135 
8133 
8132 
8130 
8129 
8127 
8126 
8124 
8123 
8121 
8120 
8118 
8117 
8115 
8114 
8112 
8111 
8109 
8108 
8106 
8105 
8103 
8102 
8100 
8099 
8097 
8095 
8091 
8078 
8064 
8060 
8058 
8054 
8049 
8045 
8040 
8036 
8031 
8027 
8022 
8018 
8013 
8009 
8004 
8000 
7995 
7991 
7986 
7982 
7977 
7973 
7968 
7964 
7959 
7955 
7950 
7946 
7941 
7937 
7932 
7928 
7923 
7919 
7914 
7910 
7905 
7901 
7896 
7892 
7887 
7883 
7878 
7874 
7869 
7865 
7860 
7856 
7851 
7849 
7845 
7843 
7839 
7837 
7833 
7831 
7827 
7825 
7821 
7819 
7815 
7813 
7809 
7807 
7803 
7801 
7797 
7795 
7791 
7789 
7785 
7783 
7779 
7777 
7773 
7771 
7767 
7765 
7761 
7759 
7755 
7753 
7749 
7747 
7743 
7741 
7737 
7735 
7731 
7729 
7725 
7723 
7719 
7717 
7713 
7711 
7707 
7705 
7701 
7699 
7695 
7693 
7689 
7687 
7683 
7681 
7677 
7675 
7671 
7669 
7665 
7663 
7659 
7657 
7653 
7651 
7647 
7645 
7641 
7639 
7635 
7633 
7629 
7627 
7623 
7621 
7617 
7615 
7611 
7609 
7605 
7603 
7599 
7597 
7593 
7591 
7587 
7585 
7581 
7579 
7575 
7573 
7569 
7567 
7563 
7561 
7557 
7555 
7551 
7549 
7545 
7543 
7539 
7537 
7533 
7531 
7527 
7525 
7521 
7519 
7515 
7513 
7509 
7507 
7503 
7501 
7497 
7495 
7491 
7489 
7485 
7483 
7479 
7477 
7473 
7471 
7467 
7465 
7461 
7459 
7455 
7453 
7449 
7447 
7443 
7441 
7437 
7435 
7431 
7429 
7425 
7423 
7419 
7417 
7413 
7411 
7407 
7405 
7401 
7399 
7395 
7393 
7389 
7387 
7383 
7381 
7377 
7375 
7371 
7369 
7365 
7363 
7359 
7357 
7353 
7351 
7347 
7345 
7341 
7339 
7335 
7333 
7329 
7327 
7323 
7321 
7317 
7315 
7311 
7309 
7305 
7303 
7299 
7297 
7293 
7291 
7287 
7285 
7281 
7279 
7275 
7273 
7269 
7267 
7263 
7261 
7257 
7255 
7251 
7249 
7245 
7243 
7239 
7237 
7233 
7231 
7227 
7225 
7221 
7219 
7215 
7213 
7209 
7207 
7203 
7201 
7197 
7195 
7191 
7189 
7185 
7183 
7179 
7177 
7173 
7171 
7167 
7165 
7161 
7159 
7155 
7153 
7149 
7147 
7143 
7141 
7137 
7135 
7131 
7129 
7125 
7123 
7119 
7117 
7113 
7111 
7107 
7105 
7101 
7099 
7095 
7093 
7089 
7087 
7083 
7081 
7077 
7075 
7071 
7069 
7065 
7063 
7059 
7057 
7053 
7051 
7047 
7045 
7041 
7039 
7035 
7033 
7029 
7027 
7023 
7021 
7017 
7015 
7011 
7009 
7005 
7003 
6999 
6997 
6993 
6991 
6987 
6985 
6981 
6979 
6975 
6973 
6969 
6967 
6963 
6961 
6957 
6955 
6951 
6949 
6945 
6943 
6939 
6937 
6933 
6931 
6927 
6925 
6921 
6919 
6915 
6913 
6909 
6907 
6903 
6901 
6897 
6895 
6891 
6889 
6885 
6883 
6879 
6877 
6873 
6871 
6867 
6865 
6861 
6859 
6855 
6853 
6849 
6847 
6843 
6841 
6837 
6835 
6831 
6829 
6825 
6823 
6819 
6817 
6813 
6811 
6807 
6805 
6801 
6799 
6795 
6793 
6789 
6787 
6783 
6781 
6777 
6775 
6771 
6769 
6765 
6763 
6759 
6757 
6753 
6751 
6747 
6745 
6741 
6739 
6735 
6733 
6729 
6727 
6723 
6721 
6717 
6715 
6711 
6709 
6705 
6703 
6699 
6697 
6693 
6691 
6687 
6685 
6681 
6679 
6675 
6673 
6669 
6667 
6663 
6661 
6657 
6655 
6651 
6649 
6645 
6643 
6639 
6637 
6633 
6631 
6627 
6625 
6621 
6619 
6615 
6613 
6609 
6607 
6603 
6601 
6597 
6595 
6591 
6589 
6585 
6583 
6579 
6577 
6573 
6571 
6567 
6565 
6561 
6559 
6555 
6553 
6549 
6547 
6543 
6541 
6537 
6535 
6531 
6529 
6525 
6523 
6519 
6517 
6513 
6511 
6507 
6505 
6501 
6499 
6495 
6493 
6489 
6487 
6483 
6481 
6477 
6475 
6471 
6469 
6465 
6463 
6459 
6457 
6453 
6451 
6447 
6445 
6441 
6439 
6435 
6433 
6429 
6427 
6423 
6421 
6417 
6415 
6411 
6409 
6405 
6403 
6399 
6397 
6393 
6391 
6387 
6385 
6381 
6379 
6375 
6373 
6369 
6367 
6363 
6361 
6357 
6355 
6351 
6349 
6345 
6343 
6339 
6337 
6333 
6331 
6327 
6325 
6321 
6319 
6315 
6313 
6309 
6307 
6303 
6301 
6297 
6295 
6291 
6289 
6285 
6283 
6279 
6277 
6273 
6271 
6267 
6265 
6261 
6259 
6255 
6253 
6249 
6247 
6243 
6241 
6237 
6235 
6231 
6229 
6225 
6223 
6219 
6217 
6213 
6211 
6207 
6205 
6201 
6199 
6195 
6193 
6189 
6187 
6183 
6181 
6177 
6175 
6171 
6169 
6165 
6165
