46770
32595 
32485 
29933 
28921 
27601 
25159 
25115 
25074 
25036 
24814 
24776 
24628 
24591 
24554 
24516 
24479 
23961 
23920 
23772 
23254 
23213 
23176 
23138 
23101 
22953 
22916 
22878 
22841 
22656 
22618 
22396 
22358 
21729 
21688 
21170 
21129 
20611 
20570 
20089 
20048 
20011 
19530 
19489 
18971 
18930 
18560 
18520 
18483 
18445 
18408 
18149 
18109 
17961 
17924 
17886 
17479 
17439 
17402 
17365 
17327 
16920 
16880 
16843 
16436 
16395 
16361 
16338 
15267 
14028 
13986 
13965 
13419 
12558 
12537 
12516 
12495 
12096 
11151 
9492 
9471 
8043 
8022 
6657 
6636 
5754 
5733 
5712 
3675 
3657 
3651 
3651
