46770
32700 
32523 
30923 
28593 
27603 
27596 
27586 
27581 
27571 
27568 
27558 
27555 
27552 
27542 
27539 
27529 
27526 
27516 
25659 
25554 
24810 
24799 
24784 
24773 
24758 
24747 
23070 
22635 
22035 
22024 
22004 
22001 
21994 
21103 
21043 
20965 
20785 
20757 
20705 
20585 
20571 
20560 
20555 
20545 
20539 
20519 
20516 
20506 
20311 
20191 
20181 
20169 
20129 
20123 
20116 
20002 
19993 
19978 
19968 
19938 
19931 
19921 
19753 
19648 
19453 
19333 
19323 
19320 
19310 
19307 
19297 
19216 
19171 
19141 
18970 
18865 
18855 
18852 
18663 
18558 
18547 
18527 
17810 
17375 
17364 
17344 
17338 
17318 
17102 
17087 
16967 
16775 
16655 
16610 
16595 
16584 
16564 
15823 
15793 
15778 
15748 
15738 
15663 
15366 
15210 
15102 
14991 
13758 
13533 
13311 
13245 
11337 
10050 
9198 
8352 
8349 
8346 
6705 
5280 
4221 
3660 
3657 
3654 
3653 
3651 
3651
