46770
32595 
32521 
30185 
27633 
27601 
27591 
27584 
27032 
27021 
27003 
26995 
26986 
26980 
26971 
26965 
26956 
26950 
26941 
26935 
26930 
26921 
26913 
26906 
26898 
26891 
26883 
26874 
26868 
26828 
26817 
26806 
26796 
26786 
26777 
26769 
26734 
26723 
26714 
26706 
26700 
26691 
26685 
26678 
26670 
26663 
26655 
26640 
26629 
26557 
26513 
26499 
26472 
26461 
26447 
26420 
26409 
26395 
26389 
26382 
26376 
26369 
26279 
26213 
26144 
26100 
26093 
26090 
26083 
26017 
25973 
25966 
25960 
25953 
25947 
25940 
25934 
25927 
25921 
25914 
25908 
25901 
25895 
25888 
25882 
25875 
25869 
25862 
25856 
25849 
25843 
25836 
25830 
25823 
25817 
25810 
25804 
25797 
25791 
25784 
25778 
25771 
25765 
25758 
25752 
25745 
25739 
25732 
25726 
25719 
25713 
25706 
25700 
25693 
25687 
25680 
25674 
25667 
25661 
25654 
25648 
25641 
25635 
25628 
25622 
25615 
25609 
25602 
25596 
25589 
25583 
25576 
25570 
25563 
25557 
25550 
25544 
25537 
25531 
25524 
25518 
25511 
25505 
25498 
25492 
25485 
25479 
25472 
25466 
25459 
25453 
25446 
25440 
25433 
25427 
25420 
25414 
25407 
25401 
25394 
25388 
25381 
25375 
25368 
25362 
25355 
25349 
25342 
25336 
25329 
25323 
25316 
25310 
25303 
25297 
25290 
25284 
25277 
25271 
25264 
25258 
25251 
25245 
25238 
25232 
25225 
25219 
25212 
25206 
25199 
25193 
25186 
25180 
25173 
25167 
25160 
25154 
25147 
25141 
25134 
25128 
25121 
25115 
25108 
25102 
25095 
25089 
25082 
25076 
25069 
25063 
25056 
25050 
25043 
25037 
25030 
25024 
25017 
25011 
25004 
24998 
24991 
24985 
24978 
24972 
24965 
24959 
24952 
24946 
24939 
24933 
24926 
24920 
24913 
24907 
24900 
24894 
24887 
24881 
24874 
24868 
24861 
24855 
24848 
24842 
24835 
24829 
24822 
24816 
24809 
24803 
24796 
24790 
24783 
24777 
24770 
24764 
24757 
24751 
24744 
24738 
24731 
24725 
24718 
24712 
24705 
24699 
24692 
24686 
24679 
24673 
24666 
24660 
24653 
24647 
24640 
24634 
24627 
24621 
24614 
24608 
24601 
24598 
24529 
24485 
24478 
24475 
24470 
24465 
24405 
24361 
24274 
24208 
24202 
24195 
24138 
24105 
24091 
23986 
23909 
23903 
23896 
23884 
23870 
23837 
23815 
23782 
23760 
23082 
23064 
23056 
23042 
23032 
23025 
23015 
23008 
23000 
22991 
22985 
22978 
22970 
22963 
22955 
22946 
22940 
22935 
22926 
22918 
22911 
22903 
22896 
22888 
22879 
22873 
22868 
22859 
22851 
22844 
22836 
22829 
22821 
22812 
22806 
22796 
22787 
22778 
22770 
22761 
22754 
22746 
22737 
22729 
22719 
22710 
22701 
22693 
22684 
22677 
22669 
22660 
22652 
22637 
22627 
22613 
22538 
22483 
22396 
22330 
22165 
22044 
21963 
21908 
21901 
21823 
21768 
21687 
21632 
21625 
21535 
21469 
21385 
21330 
21316 
19642 
19632 
19623 
19614 
19606 
19597 
19588 
19580 
19575 
19566 
19557 
19551 
19544 
19536 
19529 
19521 
19512 
19506 
19501 
19492 
19484 
19477 
19469 
19462 
19454 
19445 
19439 
19434 
19425 
19417 
19408 
19402 
19393 
19387 
19378 
19372 
19367 
19358 
19350 
19341 
19335 
19326 
19320 
19311 
19305 
19300 
19291 
19283 
19276 
19268 
19261 
19253 
19244 
19238 
19233 
19224 
19216 
19207 
19201 
19192 
19186 
19177 
19171 
19166 
19157 
19149 
19142 
19134 
19127 
19119 
19110 
19104 
19099 
19090 
19081 
19075 
19068 
19060 
19053 
19045 
19036 
19030 
19025 
19016 
19007 
19001 
18994 
18986 
18979 
18971 
18962 
18956 
18951 
18942 
18933 
18927 
18920 
18912 
18903 
18897 
18888 
18882 
18877 
18868 
18859 
18853 
18844 
18838 
18829 
18823 
18814 
18808 
18798 
18789 
18780 
18772 
18763 
18756 
18748 
18739 
18731 
18726 
18717 
18708 
18702 
18695 
18687 
18678 
18672 
18663 
18657 
18647 
18638 
18629 
18621 
18612 
18606 
18597 
18591 
18582 
18576 
18567 
18561 
18552 
18546 
18537 
18531 
18522 
18516 
18511 
18505 
18385 
18297 
17865 
17546 
17399 
17289 
17151 
17052 
16929 
16841 
16834 
16699 
16600 
16357 
16258 
16251 
16065 
15936 
15594 
15441 
14886 
14451 
14352 
14349 
13998 
13617 
13113 
12549 
11946 
10623 
9228 
7632 
7281 
7278 
7275 
5295 
3657 
3654 
3653 
3651 
3651
