46770
32630 
32523 
30189 
28245 
27597 
26652 
26645 
26641 
26633 
26628 
26622 
26613 
26607 
26595 
26577 
26569 
26564 
26558 
26549 
26543 
26535 
26526 
26520 
26511 
26505 
26500 
26494 
26485 
26479 
26463 
26445 
26437 
26432 
26426 
26417 
26411 
26402 
26396 
26164 
26122 
26073 
26067 
26060 
26027 
25992 
25971 
25950 
25947 
25893 
25830 
25767 
25697 
25607 
25502 
24980 
24371 
24320 
24293 
24285 
24213 
24195 
24187 
24169 
24163 
24094 
24067 
24059 
24050 
24046 
24037 
24023 
24008 
23999 
23930 
23846 
23729 
23589 
23469 
23329 
21727 
21718 
21710 
21010 
21001 
20987 
20462 
19853 
19733 
19724 
19598 
18977 
18319 
18249 
18039 
18021 
18013 
18004 
17996 
17876 
17869 
17862 
17838 
17834 
17312 
16703 
16421 
16412 
16244 
16241 
16238 
14714 
14711 
14420 
14315 
13826 
13823 
13301 
13103 
12950 
12638 
12635 
12488 
12470 
12467 
12323 
11174 
10199 
10118 
10115 
9674 
8840 
7052 
5207 
3662 
3660 
3659 
3657 
3657
