46770
32560 
32515 
30915 
30905 
28155 
27705 
27635 
27625 
27615 
27605 
27597 
27577 
27561 
27549 
27542 
27532 
27528 
27508 
27503 
27493 
27485 
27474 
27464 
27454 
27450 
27440 
27430 
27425 
27415 
27411 
27401 
27391 
27386 
27376 
27356 
27339 
27328 
27321 
27311 
27307 
27297 
27287 
27282 
27262 
27245 
27233 
27221 
27206 
27196 
27191 
27181 
27177 
27157 
27152 
27142 
27138 
27118 
27113 
27103 
27091 
27076 
27066 
27061 
27051 
27043 
27032 
27012 
27008 
26988 
26983 
26973 
26965 
26953 
26946 
26936 
26931 
26921 
26917 
26907 
26897 
26892 
26882 
26854 
26837 
26821 
26814 
26804 
26788 
26771 
26764 
26754 
26749 
26739 
26723 
26707 
26697 
26687 
26683 
26673 
26663 
26658 
26648 
26632 
26615 
26608 
26598 
26593 
26583 
26575 
26564 
26544 
26540 
26530 
26520 
26515 
26505 
26501 
26491 
26481 
26476 
26466 
26442 
26426 
26411 
26401 
26393 
26382 
26362 
26342 
26325 
26314 
26307 
26297 
26285 
26270 
26260 
26255 
26245 
26221 
26205 
26190 
26180 
26172 
26161 
26141 
26137 
26127 
26117 
26112 
26102 
26090 
26075 
26065 
26060 
26050 
26046 
26026 
26021 
26011 
25999 
25984 
25974 
25969 
25959 
25955 
25935 
25930 
25920 
25908 
25893 
25883 
25878 
25868 
25860 
25849 
25829 
25821 
25810 
25800 
25790 
25782 
25771 
25751 
25747 
25737 
25727 
25722 
25712 
25708 
25698 
25688 
25683 
25673 
25661 
25646 
25636 
25631 
25621 
25613 
25602 
25582 
25574 
25563 
25543 
25535 
25523 
25516 
25506 
25501 
25491 
25487 
25467 
25462 
25452 
25448 
25438 
25428 
25423 
25413 
25409 
25399 
25389 
25384 
25374 
25350 
25334 
25319 
25309 
25305 
25285 
25280 
25270 
25258 
25243 
25233 
25228 
25218 
25206 
25191 
25181 
25176 
25166 
25150 
25133 
25126 
25116 
25111 
25101 
25097 
25077 
25072 
25062 
25054 
25042 
25035 
25025 
25020 
25010 
24994 
24977 
24970 
24960 
24955 
24945 
24941 
24921 
24916 
24906 
24898 
24887 
24867 
24859 
24848 
24828 
24816 
24801 
24791 
24786 
24776 
24772 
24752 
24747 
24737 
24733 
24713 
24708 
24698 
24694 
24674 
24669 
24659 
24655 
24645 
24635 
24630 
24620 
24616 
24596 
24591 
24581 
24565 
24549 
24539 
24529 
24521 
24509 
24502 
24492 
24487 
24477 
24473 
24463 
24453 
24448 
24438 
24418 
24401 
24390 
24383 
24373 
23893 
23604 
23589 
23574 
23557 
23407 
23319 
23309 
23304 
23294 
23290 
23280 
23275 
23265 
23197 
23163 
23129 
23115 
23105 
23098 
23088 
23083 
23073 
23049 
23033 
23018 
23008 
23004 
22994 
22984 
22979 
22969 
22953 
22936 
22929 
22919 
22914 
22904 
22900 
22880 
22875 
22865 
22593 
22304 
22282 
22260 
22253 
22243 
22238 
22228 
22224 
22214 
22204 
22199 
22189 
22181 
22169 
22162 
22152 
22147 
22137 
22129 
22117 
22110 
22100 
22095 
22085 
22077 
22065 
22058 
22048 
22043 
22033 
22025 
22013 
22006 
21996 
21991 
21981 
21969 
21954 
21944 
21939 
21929 
21921 
21909 
21902 
21892 
21887 
21877 
21873 
21853 
21848 
21838 
21834 
21814 
21809 
21799 
21795 
21775 
21770 
21760 
21752 
21740 
21733 
21723 
21718 
21708 
21700 
21689 
21669 
21665 
21645 
21640 
21630 
21582 
21565 
21548 
21532 
21522 
21512 
21502 
21497 
21487 
21423 
21355 
21344 
21332 
21317 
21307 
21302 
21292 
21288 
21268 
21263 
21253 
21249 
21229 
21224 
21214 
21198 
21182 
21172 
21162 
21142 
21126 
21114 
21107 
21097 
21089 
21078 
21058 
21030 
21013 
20997 
20990 
20980 
20940 
20906 
20891 
20886 
20876 
20848 
20832 
20817 
20797 
20787 
20782 
20772 
20764 
20753 
20733 
20721 
20706 
20696 
20691 
20681 
20665 
20648 
20641 
20631 
20626 
20616 
20612 
20592 
20587 
20577 
20569 
20558 
20538 
20474 
20406 
20395 
20355 
20338 
20321 
20306 
20301 
20291 
20283 
20271 
20264 
20254 
20249 
20239 
20227 
20212 
20202 
20197 
20187 
20183 
20163 
20158 
20148 
20080 
20012 
19998 
19991 
19981 
19976 
19966 
19962 
19952 
19942 
19937 
19927 
19919 
19907 
19900 
19890 
19885 
19875 
19871 
19861 
19851 
19846 
19836 
19832 
19812 
19807 
19797 
19781 
19764 
19757 
19747 
19742 
19732 
19728 
19718 
19708 
19703 
19693 
19609 
19575 
19541 
19525 
19511 
19498 
19430 
19396 
19362 
19348 
19341 
19331 
19326 
19316 
19304 
19289 
19279 
19274 
19264 
19256 
19244 
19237 
19227 
19222 
19212 
19180 
19163 
19146 
19136 
19131 
19121 
19113 
19102 
19082 
19066 
19049 
19042 
19032 
19027 
19017 
19001 
18984 
18977 
18967 
18962 
18954 
18949 
18939 
18935 
18915 
18910 
18900 
18892 
18880 
18873 
18863 
18858 
18848 
18788 
18771 
18754 
18738 
18722 
18712 
18702 
18692 
18596 
18494 
18483 
18473 
18468 
18458 
18446 
18431 
18421 
18416 
18406 
18402 
18382 
18377 
18367 
18363 
18343 
18338 
18328 
18320 
18308 
18301 
18291 
18286 
18276 
18272 
18252 
18247 
18237 
18233 
18213 
18208 
18198 
18194 
18174 
18169 
18159 
18155 
18135 
18130 
18120 
18116 
18096 
18091 
18081 
18077 
18057 
18052 
18042 
18038 
18018 
18013 
18003 
17999 
17979 
17974 
17964 
17960 
17940 
17935 
17925 
17921 
17901 
17896 
17886 
17882 
17862 
17857 
17847 
17843 
17823 
17818 
17808 
17804 
17784 
17779 
17769 
17765 
17745 
17740 
17730 
17726 
17706 
17701 
17691 
17687 
17667 
17662 
17652 
17648 
17628 
17623 
17613 
17609 
17589 
17584 
17574 
17570 
17550 
17545 
17535 
17531 
17511 
17506 
17496 
17492 
17472 
17467 
17457 
17453 
17433 
17428 
17418 
17414 
17394 
17389 
17379 
17375 
17355 
17350 
17340 
17336 
17316 
17311 
17301 
17297 
17277 
17272 
17262 
17258 
17238 
17233 
17223 
17219 
17209 
17199 
17194 
17184 
17180 
17160 
17155 
17145 
17089 
17038 
17023 
17015 
17011 
16991 
16986 
16976 
16972 
16952 
16947 
16937 
16913 
16897 
16882 
16872 
16800 
16766 
16732 
16718 
16707 
16700 
16690 
16686 
16666 
16661 
16651 
16647 
16637 
16627 
16622 
16612 
16588 
16571 
16557 
16547 
16543 
16533 
16523 
16518 
16508 
16504 
16484 
16479 
16469 
16465 
16445 
16440 
16430 
16426 
16406 
16401 
16391 
16339 
16323 
16310 
16305 
16245 
16231 
16221 
16173 
16159 
16152 
16088 
16074 
16064 
16059 
16023 
16010 
16005 
15981 
15971 
15966 
15954 
15947 
15942 
15898 
15884 
15879 
15843 
15830 
15825 
15769 
15755 
15747 
15743 
15738 
15706 
15693 
15605 
15577 
15570 
15554 
15546 
15446 
15418 
15408 
15372 
15359 
15354 
15254 
15226 
15216 
15212 
15207 
15203 
15198 
15194 
15189 
15185 
15180 
15176 
15171 
15167 
15162 
15158 
15153 
15149 
15144 
15140 
15135 
15131 
15126 
15122 
15117 
15113 
15108 
15104 
15099 
15095 
15090 
15086 
15081 
15077 
15072 
15068 
15063 
15059 
15054 
15050 
15045 
15041 
15036 
15032 
15027 
15023 
15018 
15014 
15009 
15005 
15000 
14996 
14991 
14987 
14982 
14978 
14973 
14969 
14964 
14960 
14955 
14951 
14946 
14942 
14937 
14933 
14928 
14924 
14919 
14915 
14910 
14906 
14901 
14897 
14892 
14888 
14883 
14879 
14874 
14870 
14865 
14861 
14856 
14852 
14847 
14843 
14838 
14834 
14829 
14825 
14820 
14816 
14811 
14807 
14802 
14798 
14793 
14789 
14784 
14780 
14775 
14771 
14766 
14762 
14757 
14753 
14748 
14744 
14739 
14735 
14730 
14726 
14721 
14717 
14712 
14708 
14703 
14699 
14694 
14690 
14685 
14681 
14676 
14672 
14667 
14663 
14658 
14654 
14649 
14645 
14640 
14636 
14631 
14627 
14622 
14618 
14613 
14609 
14604 
14600 
14595 
14591 
14586 
14582 
14577 
14573 
14568 
14564 
14559 
14555 
14550 
14546 
14541 
14537 
14532 
14528 
14523 
14519 
14514 
14510 
14505 
14501 
14496 
14492 
14487 
14483 
14478 
14474 
14469 
14465 
14460 
14456 
14451 
14447 
14442 
14438 
14433 
14429 
14424 
14420 
14415 
14411 
14406 
14402 
14397 
14393 
14388 
14384 
14379 
14375 
14370 
14366 
14361 
14357 
14352 
14348 
14343 
14339 
14334 
14330 
14325 
14321 
14316 
14312 
14307 
14303 
14298 
14294 
14289 
14285 
14280 
14276 
14271 
14267 
14262 
14258 
14253 
14249 
14244 
14240 
14235 
14231 
14226 
14222 
14217 
14213 
14208 
14204 
14199 
14195 
14190 
14186 
14181 
14177 
14172 
14168 
14163 
14159 
14154 
14150 
14145 
14141 
14136 
14132 
14127 
14123 
14118 
14114 
14109 
14105 
14100 
14096 
14091 
14087 
14082 
14078 
14073 
14069 
14064 
14060 
14055 
14051 
14046 
14042 
14037 
14033 
14028 
14024 
14019 
14015 
14010 
14006 
14001 
13997 
13992 
13988 
13983 
13979 
13974 
13970 
13965 
13961 
13956 
13952 
13947 
13943 
13938 
13934 
13929 
13925 
13920 
13916 
13911 
13907 
13902 
13898 
13893 
13889 
13884 
13880 
13875 
13871 
13866 
13862 
13857 
13853 
13848 
13844 
13839 
13835 
13830 
13826 
13821 
13817 
13812 
13808 
13803 
13799 
13794 
13790 
13785 
13781 
13776 
13772 
13767 
13763 
13758 
13754 
13749 
13745 
13740 
13736 
13731 
13727 
13722 
13718 
13713 
13709 
13704 
13700 
13695 
13691 
13686 
13682 
13677 
13673 
13668 
13664 
13659 
13655 
13650 
13646 
13641 
13637 
13632 
13628 
13623 
13619 
13614 
13610 
13605 
13601 
13596 
13592 
13587 
13583 
13578 
13574 
13569 
13565 
13560 
13556 
13551 
13547 
13542 
13538 
13533 
13529 
13524 
13520 
13515 
13511 
13506 
13502 
13497 
13493 
13488 
13484 
13479 
13475 
13470 
13466 
13461 
13429 
13416 
13400 
13392 
13376 
13368 
13348 
13338 
13262 
13248 
13235 
13230 
13222 
13215 
13207 
13200 
13172 
13161 
13133 
13122 
13094 
13083 
12987 
12959 
12951 
12947 
12942 
12906 
12893 
12888 
12808 
12780 
12708 
12694 
12681 
12673 
12666 
12638 
12627 
12571 
12557 
12549 
12541 
12534 
12530 
12525 
12521 
12516 
12508 
12501 
12497 
12492 
12464 
12453 
12449 
12444 
12428 
12420 
12412 
12405 
12157 
12073 
12066 
12030 
12017 
12012 
11992 
11982 
11978 
11973 
11965 
11958 
11706 
11622 
11615 
11610 
11598 
11591 
11586 
11582 
11577 
11573 
11568 
11564 
11559 
11507 
11493 
11486 
11481 
11477 
11472 
11300 
11244 
11237 
11232 
11220 
11213 
11208 
11200 
11193 
11185 
11178 
10990 
10976 
10934 
10923 
10907 
10899 
10895 
10890 
10878 
10871 
10866 
10718 
10676 
10665 
10661 
10656 
10648 
10641 
10637 
10632 
10488 
10446 
10436 
10431 
10423 
10416 
10404 
10397 
10392 
10384 
10377 
10253 
10211 
10206 
10202 
10197 
10193 
10188 
10120 
10106 
10095 
10091 
10086 
10082 
10077 
10073 
10068 
10060 
10053 
10045 
10038 
10030 
10023 
10015 
10008 
10000 
9993 
9985 
9978 
9970 
9963 
9955 
9948 
9940 
9933 
9925 
9918 
9910 
9903 
9895 
9888 
9880 
9873 
9865 
9858 
9850 
9843 
9835 
9828 
9820 
9813 
9805 
9798 
9790 
9783 
9775 
9768 
9760 
9753 
9745 
9738 
9730 
9723 
9715 
9708 
9700 
9693 
9685 
9678 
9670 
9663 
9655 
9648 
9640 
9633 
9625 
9618 
9610 
9603 
9595 
9588 
9576 
9569 
9564 
9536 
9525 
9521 
9516 
9496 
9486 
9482 
9477 
9341 
9299 
9291 
9275 
9267 
9255 
9248 
9243 
9235 
9228 
9204 
9194 
9189 
9165 
9155 
9150 
9042 
9014 
9003 
8999 
8994 
8990 
8985 
8905 
8877 
8869 
8862 
8854 
8847 
8803 
8789 
8784 
8712 
8698 
8685 
8677 
8670 
8638 
8625 
8621 
8616 
8600 
8592 
8568 
8558 
8553 
8529 
8519 
8514 
8490 
8480 
8475 
8451 
8441 
8436 
8412 
8402 
8397 
8373 
8363 
8358 
8334 
8324 
8319 
8295 
8285 
8280 
8256 
8246 
8241 
8217 
8207 
8202 
8178 
8168 
8163 
8139 
8129 
8124 
8100 
8090 
8085 
8061 
8051 
8046 
8022 
8012 
8007 
7983 
7973 
7968 
7944 
7934 
7929 
7905 
7895 
7890 
7866 
7856 
7851 
7827 
7817 
7812 
7788 
7778 
7773 
7749 
7739 
7734 
7710 
7700 
7695 
7671 
7661 
7656 
7632 
7622 
7617 
7593 
7583 
7578 
7554 
7544 
7539 
7515 
7505 
7500 
7476 
7466 
7461 
7437 
7427 
7422 
7398 
7388 
7383 
7359 
7349 
7344 
7320 
7310 
7305 
7281 
7271 
7266 
7242 
7232 
7227 
7203 
7193 
7188 
7164 
7154 
7149 
7125 
7115 
7110 
7086 
7076 
7071 
7047 
7037 
7032 
7008 
6998 
6993 
6969 
6959 
6954 
6930 
6920 
6915 
6891 
6881 
6876 
6852 
6842 
6837 
6813 
6803 
6798 
6774 
6764 
6759 
6735 
6725 
6720 
6700 
6690 
6650 
6636 
6632 
6627 
6491 
6449 
6441 
6429 
6422 
6417 
6345 
6331 
6318 
6314 
6309 
6305 
6300 
6276 
6266 
6261 
6233 
6222 
6218 
6213 
6189 
6179 
6174 
6146 
6135 
6131 
6126 
6102 
6092 
6087 
6059 
6048 
6044 
6039 
6015 
6005 
6000 
5972 
5961 
5957 
5952 
5928 
5918 
5913 
5885 
5874 
5870 
5865 
5841 
5831 
5826 
5798 
5787 
5783 
5778 
5754 
5744 
5739 
5711 
5700 
5696 
5691 
5667 
5657 
5652 
5624 
5613 
5609 
5604 
5580 
5570 
5565 
5537 
5526 
5522 
5517 
5493 
5483 
5478 
5450 
5439 
5435 
5430 
5406 
5396 
5391 
5363 
5352 
5348 
5343 
5319 
5309 
5304 
5276 
5265 
5261 
5256 
5232 
5222 
5217 
5189 
5178 
5174 
5169 
5145 
5135 
5130 
5102 
5091 
5087 
5082 
5058 
5048 
5043 
5015 
5004 
5000 
4995 
4971 
4961 
4956 
4928 
4917 
4913 
4908 
4884 
4874 
4869 
4841 
4830 
4826 
4821 
4797 
4787 
4782 
4754 
4743 
4739 
4734 
4710 
4700 
4695 
4667 
4656 
4652 
4647 
4623 
4613 
4608 
4580 
4569 
4565 
4560 
4536 
4526 
4521 
4493 
4482 
4478 
4473 
4449 
4439 
4434 
4406 
4395 
4391 
4386 
4362 
4352 
4347 
4319 
4308 
4304 
4299 
4275 
4265 
4260 
4232 
4221 
4217 
4212 
4208 
4203 
4199 
4194 
4190 
4185 
4181 
4176 
4172 
4167 
4163 
4158 
3657 
3654 
3651 
3651
