46770
32630 
32525 
30923 
28589 
27599 
26654 
26647 
26641 
26229 
25089 
24585 
24578 
24563 
24549 
23979 
23975 
23970 
23964 
23960 
23955 
23949 
23945 
23717 
23153 
22495 
21016 
21009 
20353 
20203 
20196 
20132 
20066 
20056 
20048 
20028 
20025 
19929 
19921 
19885 
19876 
19869 
19731 
19570 
19564 
19557 
19248 
18891 
18885 
18878 
18548 
18163 
17833 
17448 
17439 
17435 
17378 
17315 
16931 
16497 
16483 
16471 
16457 
16313 
16257 
16113 
15495 
14958 
14460 
14448 
13620 
12288 
11355 
9108 
7701 
6309 
5082 
3669 
3668 
3666 
3665 
3663 
3663
