46770
32595 
32519 
27599 
27594 
26649 
26499 
26492 
26471 
26426 
26404 
26397 
26376 
26331 
26322 
26312 
26237 
26228 
26213 
26203 
26128 
26121 
26110 
26103 
26073 
26024 
26013 
26006 
26002 
25996 
25945 
25915 
25861 
25831 
25824 
25791 
25776 
25762 
25711 
25696 
25681 
25657 
25642 
25543 
25483 
23236 
23176 
23036 
22871 
22841 
22706 
22697 
22682 
22672 
22597 
22498 
22333 
22273 
22123 
22113 
22038 
22020 
21990 
21978 
21948 
21912 
21852 
21828 
21783 
21774 
21767 
21762 
21755 
21751 
21745 
21658 
21613 
21602 
21593 
21586 
21579 
21099 
20799 
20796 
20791 
20782 
20776 
20769 
20571 
20451 
20444 
20252 
20132 
19988 
19898 
19895 
19754 
19679 
19668 
19661 
19586 
19541 
19537 
19531 
19527 
19521 
19517 
19511 
19394 
19334 
19323 
19316 
19307 
19300 
19296 
19290 
19278 
19264 
17599 
17419 
16348 
16273 
16258 
16183 
16176 
15696 
15507 
15021 
14922 
14517 
14484 
14481 
13446 
12429 
12075 
11700 
11445 
10503 
10383 
10017 
10005 
9945 
9606 
7773 
7770 
6648 
6645 
5157 
3663 
3660 
3657 
3654 
3653 
3651 
3651
