46770
32595 
32505 
30177 
27633 
27609 
27588 
27570 
27552 
27532 
27516 
27499 
27480 
27464 
27447 
27428 
27412 
27395 
27376 
24432 
24327 
24289 
24253 
24183 
24145 
24075 
24057 
24035 
24003 
23379 
23309 
23287 
23269 
23249 
21921 
21781 
21751 
21734 
21715 
20851 
20783 
20750 
20733 
20714 
18010 
17800 
17686 
17666 
17649 
17630 
16558 
16453 
16421 
16405 
16389 
16372 
16353 
16305 
16149 
15729 
14649 
13545 
12441 
12429 
10989 
10977 
9609 
8721 
8709 
8697 
6789 
6633 
6105 
5541 
5529 
3681 
3669 
3660 
3653 
3651 
3651
