46770
32595 32595 32595 32595 32595 32595 32595 32325 30083 41842 42094 41842 
27731 27731 27731 27731 27731 27731 27731 27603 27603 27328 27641 
25944 25864 25864 25864 25864 25864 25944 25864 25753 24118 
24022 24022 23990 24022 23990 23348 23348 23048 23224 22471 
22460 22441 22375 22375 22271 21701 21701 21556 21589 20704 
20682 20682 20644 20576 20504 19934 19934 19789 18457 18457 
18446 18435 18397 18361 18329 17687 17687 17477 17575 16600 
16589 16578 16540 16400 16400 15830 15830 15455 15085 
15074 15063 15025 14989 14957 14315 14315 14245 13585 
13563 13563 13545 13457 13457 12815 12815 12670 12445 
12434 12423 12385 12349 12245 11675 11675 11375 11638 
11353 11144 11144 11144 11144 10875 10519 10157 10493 
10135 9926 9706 9926 9706 9706 9248 9242 9212 
9190 9190 8761 8981 8981 8761 8276 8297 8318 
8254 8254 8078 8045 8045 7936 7569 7361 7469 
7163 7339 7163 7163 7163 7021 6815 6446 6554 
6336 6424 6248 6248 6248 6106 5926 5765 5678 
5568 5480 5568 5568 5480 5338 5158 5249 
5048 5136 4960 4960 4938 4834 4861 4729 
4531 4619 4531 4531 4531 4405 4432 4342 
4320 4320 4144 4144 4144 4018 4099 
3996 3996 3908 3908 3878 3874 3947 
3852 3764 3764 3764 3748 
3737 3728 3716 3698 3732 
3687 3678 3674 
3663 3660 
3654 3656 
3653 
3651 
3651
