46770
32630 32630 32630 32630 32630 32630 32630 32325 30897 41844 42094 41842 
27597 27597 27597 27597 27597 28425 27597 28425 28425 27597 27601 
27456 27456 27456 27456 27456 27456 25350 25350 25350 25830 
24354 24354 24354 24354 24354 24354 24354 24354 24405 23514 
22518 22518 22518 22518 22518 22518 22698 22702 22569 21657 
20833 20845 20845 20841 20841 20841 20841 20833 19890 19890 
19883 18894 19106 19106 19106 19066 19106 18894 18945 18231 
18224 17447 17447 17447 17415 17495 17495 17407 17286 16305 
16298 15309 15569 15569 15569 15569 15569 15569 15165 
15158 14661 14169 14381 14381 14381 14429 14341 13650 
13643 13146 12978 13146 12826 12978 12866 12826 12150 
12143 11334 11742 11366 11646 11486 11646 11486 11232 
11134 11134 11134 11134 10416 10416 10416 10568 
10318 10318 10318 10318 9560 9912 9536 9744 9522 
9515 9424 9424 9424 8526 8738 9114 8698 8640 
8428 8428 8428 8428 8130 7714 7790 7670 7719 
7572 7572 7572 7572 6882 6882 6882 6886 6788 
6781 6690 6690 6690 6000 6004 6396 6116 5981 
5974 5883 5883 5883 5193 5193 5721 5317 5696 
5058 4638 4638 5166 4638 4638 4638 4638 4908 
4581 4503 4326 4452 4452 4443 4326 4233 4373 
4176 4098 4038 4050 4050 4050 4038 
3981 4011 3855 3903 3903 3903 
3798 3828 3762 3762 3762 3732 
3675 3675 3720 3675 3675 
3674 3673 
3669 3669 
3668 
3666 
3666
