46770
32770 32770 32770 32770 32770 32770 32298 31245 31629 40346 42094 41842 
31163 31147 29309 29309 29309 29309 29309 28509 26734 25915 28657 
25824 25803 24811 24811 24811 24397 24397 22552 22191 21203 
21112 21091 20191 19984 19984 20099 19685 18925 18543 17885 
17794 17773 16666 16735 16666 16781 16344 15607 15225 16286 
15134 15113 14006 14075 14673 14006 13707 12947 13611 
12858 12839 12705 11869 11869 12221 11777 10516 11339 
10427 10408 10456 10399 9940 9622 9712 9016 8902 
8813 8794 8842 8785 8020 8710 8008 7300 7300 
7211 7192 7240 7183 6610 6502 6610 6148 5704 
5615 5596 5644 5587 5410 5452 5014 4906 
4817 4798 4846 4789 4744 4714 4510 4501 
4412 4393 4441 4384 4393 4207 4075 4099 
3986 3967 4015 3958 3967 3877 3877 
3788 3769 3817 3797 3829 3845 
3756 3751 3739 3721 3721 3737 
3708 3709 3697 3689 3705 
3671 3667 3661 3673 
3651 3659 
3651
