46770
32595 32595 32595 32595 32595 32595 32595 32595 31131 43474 42094 41842 
30995 30921 30897 29327 29327 29327 29327 29327 27807 27835 28577 
27671 27597 27597 27424 27424 27424 27424 27424 27424 
27250 27212 27190 26662 26662 26662 26662 26660 26658 
26522 26448 26424 26150 26150 26150 26150 26275 26275 
26014 25940 25940 26138 26112 25767 25767 25767 25767 
25593 25555 25521 24751 24751 24751 24751 25003 25001 
24577 24539 24517 24495 24495 24623 24495 24493 
24357 24283 24283 24239 24239 24239 24364 24364 
24065 24027 23993 23559 23559 23559 23559 23731 
23385 23347 23325 23475 23391 23391 23391 23430 
23318 23311 23181 23181 23253 23181 23181 23196 
23176 23169 23011 23143 23011 22980 23011 22980 
22444 22444 22444 22444 22444 22444 22444 22724 
22437 22430 22312 22312 22380 22312 22310 22310 
22305 22140 22278 22140 22278 22278 22130 22109 22042 
21330 21330 21330 21330 21330 21330 21330 21506 21506 
21323 21316 21150 21150 21150 21150 21150 21160 
21145 21118 20980 21118 20972 21118 20972 20980 
20500 20500 20500 20500 20500 20500 20616 20616 
20493 20486 20380 20380 20380 20380 20330 20330 
20090 20090 19938 19938 19938 19938 19990 20002 
19924 19924 19890 19890 19818 19698 19794 
19684 19684 19662 19650 19654 19666 19578 
19530 19530 19530 19258 19258 19258 19338 
19244 19244 19210 19210 19178 19178 19178 
19164 19164 19130 19130 19152 19133 19098 
19090 19050 18890 18890 18890 18938 18938 
18876 18876 18854 18842 18834 18845 
18820 18820 18798 18786 18790 18789 
18781 18778 18778 18760 18758 18741 
18733 18725 18621 18621 18653 18651 
18614 18607 18605 18591 18591 18569 
18561 18513 18425 18425 18425 18465 
18418 18411 18409 18393 18393 18368 
18360 18312 18312 18248 18216 18254 
18209 18202 18200 18180 18152 18178 
18145 18138 18136 18122 18122 18116 
18060 18020 18020 18020 18044 18044 
18013 18006 18004 17972 18000 17988 
17965 17962 17964 17942 17952 17940 
17932 17916 17908 17860 17876 17876 
17853 17846 17844 17836 17840 17824 
17816 17728 17776 17728 17752 17752 
17721 17714 17712 17680 17700 17684 
17673 17670 17672 17656 17652 17630 
17622 17606 17502 17502 17502 17530 
17495 17488 17486 17466 17466 17470 
17459 17456 17458 17442 17438 17416 
17400 17400 17384 17280 17280 17310 
17273 17266 17264 17244 17242 17246 
17235 17230 17234 17222 17212 17208 
17200 17192 17120 17120 17140 17140 
17113 17106 17104 17096 17098 17076 
17068 17062 17040 17004 16988 16988 
16980 16974 16964 16916 16965 16924 16924 
16908 16900 16904 16886 16886 16852 16852 
16844 16836 16676 16676 16676 16724 16724 
16668 16660 16648 16636 16636 16632 
16624 16520 16600 16520 16552 16544 
16496 16496 16492 16480 16456 
16440 16440 16440 16431 16428 16424 
16400 16400 16392 16360 16352 16352 
16336 16328 16328 16320 16324 16294 
16278 16278 16230 16230 16178 16178 
16162 16162 16154 16138 16150 
16130 16124 16114 16114 16117 
16106 16110 16094 16086 16093 
16078 16051 16051 16030 16030 
16022 16024 16023 16017 15981 15981 
15973 15932 15932 15918 15885 15883 
15875 15877 15855 15870 15853 15834 
15826 15813 15785 15771 15738 15736 
15728 15730 15723 15708 15687 15687 
15679 15624 15624 15624 15591 15589 
15581 15583 15576 15565 15565 15540 
15532 15477 15491 15477 15444 15442 
15434 15436 15416 15414 15416 15393 
15385 15330 15330 15330 15297 15295 
15287 15289 15288 15218 15265 15223 15218 
15210 15113 15169 15113 15123 15066 15064 
15056 15058 15044 15051 15040 14987 14987 
14979 14882 14882 14882 14892 14835 14833 
14825 14827 14813 14803 14813 14756 14761 
14748 14651 14651 14651 14661 14604 14602 
14594 14598 14589 14576 14578 14530 14505 
14497 14372 14372 14372 14372 14313 14311 
14303 14305 14298 14298 14287 14214 14214 
14206 14200 14165 14081 14081 14022 14042 
14014 14016 14009 14009 13996 13926 13926 
13918 13905 13793 13793 13793 13734 13734 
13726 13728 13721 13721 13710 13662 13662 
13654 13641 13564 13564 13572 13518 13516 
13508 13510 13443 13503 13492 13462 13443 
13435 13345 13345 13345 13353 13299 13297 
13289 13291 13243 13284 13271 13243 13224 
13216 13126 13126 13126 13134 13080 13078 
13070 13072 13065 13065 13052 13005 13005 
12997 12907 12956 12907 12915 12861 12859 
12851 12853 12835 12846 12828 12805 12786 
12778 12765 12688 12688 12696 12642 12640 
12632 12634 12627 12627 12614 12567 12567 
12559 12469 12518 12469 12477 12423 12421 
12413 12415 12408 12408 12395 12348 12348 
12340 12250 12250 12250 12258 12204 12202 
12194 12196 12189 12189 12171 12148 12129 
12121 12024 12024 12024 12034 11977 11977 
11972 11975 11951 11953 11951 11923 
11915 11853 11853 11853 11815 11815 
11810 11813 11791 11777 11789 11777 
11769 11728 11728 11732 11701 11701 
11696 11699 11676 11675 11675 11647 
11639 11633 11577 11577 11539 11539 
11534 11537 11477 11477 11513 11485 
11469 11393 11393 11393 11353 11353 
11348 11351 11346 11299 11327 11291 
11283 11207 11207 11207 11167 11167 
11162 11165 11105 11141 11141 11105 
11097 11021 11021 11021 10981 10981 
10976 10979 10865 10955 10955 10865 10865 
10857 10704 10704 10704 10704 10633 10633 
10628 10631 10606 10607 10607 10555 10555 
10547 10450 10450 10450 10460 10399 10399 
10394 10397 10373 10373 10373 10345 
10337 10275 10275 10275 10237 10237 
10232 10235 10211 10226 10211 10183 
10175 10113 10113 10113 10075 10075 
10070 10073 10049 10045 10049 
10037 10003 10003 9985 9985 
9980 9983 9959 9974 9959 
9951 9924 9924 9907 9907 
9902 9884 9881 9881 9881 
9873 9846 9846 9829 9829 
9824 9803 9803 9818 9804 
9795 9768 9768 9751 9751 
9746 9749 9725 9725 9726 
9717 9690 9690 9673 9673 
9668 9671 9647 9647 9648 
9639 9612 9612 9595 9595 
9590 9593 9569 9569 9570 
9561 9534 9534 9517 9517 
9512 9515 9491 9491 9492 
9483 9456 9456 9439 9439 
9434 9437 9413 9413 9414 
9405 9378 9378 9361 9361 
9356 9359 9335 9335 9336 
9327 9300 9300 9283 9283 
9278 9281 9279 9258 9258 
9250 9230 9223 9210 9208 
9203 9206 9203 9185 9185 
9177 9157 9157 9141 9139 
9134 9134 9135 9116 9116 
9108 9088 9088 9072 9070 
9065 9068 9066 9042 9042 
9034 9007 9007 8986 8986 
8981 8984 8982 8958 8958 
8950 8923 8930 8902 8902 
8897 8900 8898 8874 8874 
8866 8839 8846 8818 8818 
8813 8814 8814 8790 8790 
8782 8755 8762 8734 8734 
8729 8730 8723 8722 
8714 8708 8698 8698 
8693 8684 8694 8687 
8676 8670 8656 8656 
8651 8652 8652 8642 
8634 8628 8614 8614 
8609 8610 8610 8603 
8595 8589 8583 8581 
8576 8579 8577 8567 
8559 8553 8539 8539 
8534 8537 8535 8525 
8517 8511 8497 8497 
8492 8495 8493 8483 
8475 8469 8455 8455 
8450 8453 8451 8441 
8433 8427 8413 8413 
8408 8411 8409 8399 
8391 8385 8371 8371 
8366 8369 8367 8357 
8349 8343 8329 8329 
8324 8327 8325 8315 
8307 8301 8287 8287 
8282 8285 8283 8273 
8265 8259 8245 8245 
8240 8243 8241 8231 
8223 8217 8203 8203 
8198 8201 8199 8189 
8181 8175 8161 8161 
8156 8159 8157 8147 
8139 8133 8119 8119 
8114 8117 8115 8105 
8097 8091 8077 8077 
8072 8075 8073 8063 
8055 8049 8035 8035 
8030 8033 8031 8021 
8013 8007 7993 7993 
7988 7991 7989 7979 
7971 7965 7951 7951 
7946 7949 7947 7937 
7929 7923 7909 7909 
7904 7907 7905 7895 
7887 7881 7867 7867 
7862 7865 7863 7853 
7845 7839 7825 7825 
7820 7823 7821 7811 
7803 7797 7783 7783 
7778 7781 7779 7769 
7761 7755 7741 7741 
7736 7739 7737 7727 
7719 7713 7699 7699 
7694 7697 7695 7685 
7677 7671 7657 7657 
7652 7655 7653 7643 
7635 7629 7615 7615 
7610 7613 7611 7601 
7593 7587 7573 7573 
7568 7571 7569 7559 
7551 7545 7531 7531 
7526 7529 7527 7517 
7509 7503 7489 7489 
7484 7487 7485 7475 
7467 7461 7447 7447 
7442 7445 7443 7433 
7425 7419 7405 7405 
7400 7403 7401 7391 
7383 7377 7367 7363 
7358 7361 7359 7349 
7341 7335 7325 7321 
7316 7319 7317 7307 
7299 7293 7283 7279 
7274 7277 7275 7265 
7257 7251 7241 7237 
7232 7235 7233 7223 
7215 7209 7199 7195 
7190 7193 7191 7181 
7173 7167 7157 7153 
7148 7151 7149 7139 
7131 7125 7115 7111 
7106 7109 7107 7097 
7089 7083 7073 7069 
7064 7067 7065 7055 
7047 7041 7031 7027 
7022 7025 7023 7013 
7005 6999 6989 6985 
6980 6983 6981 6971 
6963 6957 6947 6943 
6938 6941 6939 6929 
6921 6915 6905 6901 
6896 6899 6897 6887 
6879 6873 6863 6859 
6854 6857 6855 6845 
6837 6831 6821 6817 
6812 6815 6813 6803 
6795 6789 6779 6775 
6770 6773 6771 6761 
6753 6747 6737 6733 
6728 6731 6729 6719 
6711 6705 6695 6691 
6686 6689 6687 6677 
6669 6663 6653 6649 
6644 6647 6645 6635 
6627 6621 6611 6607 
6602 6605 6603 6593 
6585 6579 6569 6565 
6560 6563 6561 6551 
6543 6537 6527 6523 
6518 6521 6519 6509 
6501 6495 6485 6481 
6476 6479 6477 6467 
6459 6453 6443 6439 
6434 6437 6435 6425 
6417 6411 6401 6397 
6392 6395 6393 6383 
6375 6369 6359 6355 
6350 6353 6351 6341 
6333 6327 6317 6313 
6308 6311 6309 6299 
6291 6285 6275 6271 
6266 6269 6267 6257 
6249 6243 6233 6229 
6224 6227 6225 6215 
6207 6201 6191 6187 
6182 6185 6183 6173 
6165 6159 6149 6145 
6140 6143 6141 6131 
6123 6117 6103 6103 
6098 6101 6099 6089 
6081 6075 6073 6061 
6056 6059 6057 6047 
6039 6033 6019 6019 
6014 6017 
6012 6012 
6011 
6009 
6008 
6006 
6005 
6003 
6001 6001 
5997 5997 
5995 5995 
5991 5991 
5991
