46770
32700 32700 32700 32700 32700 32700 32700 32055 29269 41842 42094 41842 
27959 27959 27959 27959 27599 27599 27599 27959 26343 26504 
25563 25563 25563 25563 25563 25563 25430 25370 25449 24684 
23904 23904 23904 23904 23904 23904 23771 23572 23877 22437 
21657 21657 21657 21657 21657 21657 21524 21325 20511 20601 
19731 20421 20421 19731 19731 19731 19598 19399 19668 18654 
18639 18549 18549 17874 17874 17874 17741 16942 17847 16620 
16515 16560 15840 15840 15840 15840 15707 15508 15813 14784 
14739 14739 14679 14004 14004 14004 13871 12976 13953 
12961 12856 12856 12196 12196 12196 12063 11880 12094 11350 
11335 11245 11230 10345 10345 10570 10345 9910 10210 
9895 9790 9790 9790 9655 9400 9079 9103 9103 
9064 8959 8974 8959 8824 8569 8524 8272 7939 
7924 7819 7834 7819 7684 7429 7420 7132 7132 
7117 7072 6877 7012 6877 6622 6250 6250 6319 
6235 6070 6145 6130 5995 5740 5731 5695 5437 
5422 5377 5182 5317 5182 4927 5215 4882 4636 
4381 4516 4441 4441 4381 4272 4432 4237 
3982 3982 3982 4117 3982 3971 4045 
3926 3911 3911 3831 3890 3866 3907 
3819 3825 3789 3795 3783 3735 
3723 3729 3717 3711 3684 
3678 3678 3672 3676 
3669 3666 3660 
3657 3654 
3653 
3651 
3651
