46770
32595 32595 32595 32595 32595 32595 32595 32055 30083 41842 42094 41842 
28099 28099 28099 28099 28099 27603 28099 27603 27947 26978 27597 
25823 25823 25823 25823 25823 25823 25823 24908 25633 24373 
24208 23218 23218 23218 23218 23218 23218 22816 23491 22537 
21382 21382 21382 21382 21382 21382 21382 20980 21619 20290 
19135 19135 19135 20125 19135 19135 19135 18733 19483 18631 
18466 18466 18466 17476 17476 17476 17476 17074 17824 16915 
16885 15760 16750 15760 15760 15760 15760 15358 16108 15079 
13924 13939 13939 13924 13924 13924 13939 13522 13939 
13462 13342 13357 12382 12382 12382 12382 11782 12640 
11617 11692 11617 11602 11362 11320 10932 10592 10975 
10460 10460 10520 10460 10448 10394 10092 9710 9572 
9440 9440 9500 9440 9428 9374 9072 8690 8678 
8666 8606 8570 8546 8534 8480 8178 8231 7796 
7664 7664 7688 7664 7652 7598 7296 6851 6902 
6719 6719 6743 6743 6707 6653 6351 6161 5957 
5825 5825 5825 5825 5813 5759 5487 5267 5114 
4982 5042 4982 4982 4970 4916 4614 4697 
4575 4554 4455 4530 4506 4497 4395 4218 
4179 4140 4179 4179 4134 4098 3966 
3927 3954 3906 3846 3897 3852 3876 
3807 3834 3795 3807 3795 3726 
3720 3714 3702 3702 3678 
3672 3672 3666 
3663 3660 
3657 
3654 
3653 
3651 
3651
