46770
32525 32525 32525 32525 32525 32525 32164 30975 31062 39702 42094 41842 
30891 30873 29553 29553 29553 28653 28653 27681 26850 24363 27679 
24268 24245 23271 23271 23271 23271 22731 21252 20853 19386 
19291 19268 18294 18294 18294 18294 17592 16826 15876 16080 
15781 15758 15720 14784 14784 14784 14108 13316 13194 14223 
13099 13076 12622 12622 12622 12232 11400 10634 10773 11541 
10539 10510 10202 10310 10202 9814 9404 9311 8213 8981 
8118 8089 7781 7781 7781 7473 7253 6701 6671 6560 
6465 6436 6128 6128 6128 5760 5525 5528 5750 
5430 5401 5425 5335 5321 5039 4787 4715 
4620 4591 4615 4525 4475 4301 4223 4205 
4110 4081 4105 4015 4013 3933 4013 
3838 3809 3837 3805 3853 3901 
3710 3701 3761 3773 3789 
3686 3683 3677 3677 
3663 3665 3665 
3657 3657 
3651 3651 
3651
