46770
32630 32630 32630 32630 32630 32630 32630 32595 30897 41844 42094 41842 
27597 27597 27597 27597 27597 27597 27597 27597 28563 27597 27601 
25761 25761 25761 25761 25761 25563 26490 26490 26493 25671 
24659 24659 24659 24659 24659 24659 24659 24659 24456 23904 
23168 23168 23168 23168 23168 23168 23168 23000 23097 22137 
22130 21401 21401 21353 21401 21401 21401 21401 21033 20211 
20204 19475 19475 19475 19307 19307 19355 19427 19329 18375 
18368 17471 17591 17639 17639 17591 17591 17591 17493 17691 
17464 16735 16655 16615 16615 16687 16687 16655 16589 16793 
16582 16197 16197 15805 15733 16197 15853 15853 15482 15905 
15475 15090 14746 15090 14626 14746 14698 14746 13967 14798 
13960 13575 13111 13183 13295 13111 13295 13231 13073 13289 
13066 12217 12217 12217 12257 12581 12289 12289 12128 12395 
12121 11392 11312 11272 11312 11708 11456 11392 10628 11528 
10621 9844 9812 9844 10232 9812 10136 9812 9488 9950 
9481 8632 8632 8752 8752 8752 8672 8672 8594 
8587 7887 7887 7887 7887 7887 7887 7849 
7257 7257 7257 7257 7257 7257 7257 6955 7042 
6948 6843 6843 6843 6843 6705 6695 6171 6148 
6036 6036 6036 6036 6036 5898 5792 5436 
5429 5324 5324 5324 5163 5163 5080 4788 
4233 4488 4488 4233 4626 4488 4488 4233 
4083 4200 4026 4200 4071 4026 4026 
3876 3876 3876 3876 3933 3864 
3771 3831 3714 3714 3771 3714 
3711 3681 3681 3681 
3678 3678 
3677 
3675 
3674 
3672 
3672
