46770
32770 32770 32770 32770 32770 32770 32566 31515 33720 41262 42094 41842 
31435 31425 29319 29319 28887 30267 28227 29919 28227 25854 28961 
25769 25746 25077 25077 25077 25077 24684 24518 24090 22320 
22235 22212 21543 21543 21543 21543 21225 20835 20556 19002 
18917 18894 18225 18225 18225 18225 17967 17070 16242 15330 
15245 15222 14553 14553 14553 14553 14160 13538 12570 
12485 12462 11793 11793 11793 11793 11430 10778 10782 
10693 10670 10001 10001 10001 10001 9758 8952 9014 
8870 8852 8900 8844 8826 8730 8400 7452 7188 
7106 7088 7136 7080 7062 6636 6636 6360 6020 
5938 5920 5952 5867 5714 5572 5147 5054 5436 
4972 4954 4986 4958 4910 4616 4634 4208 
4126 4108 4140 4112 4064 4010 3992 4063 
3910 3892 3924 3896 3848 3822 
3740 3726 3777 3766 3771 
3717 3714 3696 3702 3678 
3669 3668 3666 
3657 3656 
3651 
3651
