46770
32560 32560 32560 32560 32560 32560 32566 31785 29580 42098 42094 41842 
29306 28758 28732 28692 28455 28480 28480 28476 27641 26815 
26434 26121 25959 25911 25665 25803 25803 25527 25870 25048 
24667 24354 24192 24144 23898 23871 23970 23392 24103 23212 
22831 22518 22356 22308 22062 22134 22200 21556 21355 21178 
20797 20484 20322 20274 20028 20166 20001 19522 19321 19252 
18871 18558 18396 18348 18102 18075 18240 17596 17395 17005 
16624 16311 16149 16101 15855 15993 15828 15349 15148 15148 
14767 14454 14292 14244 13998 14136 14026 13492 14341 
13111 12730 12632 12572 12692 12638 12388 11842 12598 
11461 11080 10982 10922 10592 11347 11039 10687 10960 
10575 10490 10320 10456 10320 10207 9962 9917 9710 
9693 9659 9608 9438 9438 9215 9255 9035 8903 
8886 8835 8631 8767 8631 8540 8273 8228 7913 
7896 7590 7641 7777 7641 7418 7183 7019 6773 
6756 6705 6654 6450 6450 6278 6043 5879 5828 
5760 5675 5658 5624 5505 5333 5098 5174 4934 
4917 4611 4730 4611 4662 4439 4204 4520 
4187 4153 4136 4084 4034 4051 3982 
3965 3931 3897 3862 3812 3874 3917 
3797 3786 3780 3749 3717 3713 
3698 3687 3681 3681 3681 
3669 3671 3669 
3665 3663 3657 
3654 3655 
3651 
3651
