55837
38827 38827 38827 38827 38827 38827 38827 38827 38827 38827 38827 38827 38827 38827 38827 38827 38827 38827 38827 38827 38827 38341 38341 38341 38341 38341 38341 38341 38341 38341 38341 36844 36844 36844 36844 36844 36844 36844 36844 36844 36844 36844 36844 36844 36844 36844 36844 36844 36844 36844 36844 36844 36844 36844 36844 36844 36844 36844 36844 36844 36844 36844 36844 36844 36844 36844 36844 36844 36844 36844 36844 36844 36844 36844 36844 51609 51513 51513 51513 51513 51309 51309 51309 51309 51309 51309 52301 52301 52301 52301 52301 52301 52301 52301 52301 52301 52301 52301 52301 52977 51609 51033 50173 50173 50173 50173 50173 50173 50173 50173 50173 50149 51005 49821 49821 51033 51033 49733 49733 49733 49733 51005 51033 51033 51033 51033 49733 49733 49733 49733 49733 51033 51033 51033 51033 51033 51033 51033 51033 51033 51033 51033 51033 51033 51033 49933 49933 49933 49933 49933 49933 49933 49933 49933 49933 49933 49933 49933 49933 49933 49933 51033 51033 51033 51005 51005 51005 51005 51005 50605 50605 50605 50605 50605 51033 51033 51005 49733 49733 49733 49733 49733 49733 49733 49733 49733 49733 49733 49733 49733 49733 49933 49733 49733 52577 52577 52577 52577 51489 50147 50147 50147 50147 50147 51307 51307 51307 51307 51307 51307 51307 50171 50171 50171 50171 50147 50147 50147 50147 50171 50171 50171 50171 50171 49821 49731 49731 
34468 34468 34468 34468 34468 34468 34468 34468 34468 34468 34468 34468 34468 34468 34468 34468 34468 34468 34468 34468 34468 34468 34468 34468 34468 35092 35092 35092 35092 35092 34468 34468 34468 35092 35092 35092 35092 35092 35092 35092 35092 35092 35092 35092 35092 35092 35092 35416 34768 34768 34768 34768 34768 34768 34768 34768 32688 32688 32688 32688 32688 35416 35416 35416 35416 35416 35416 35416 35416 35416 35416 35416 35416 35416 34072 34072 34072 34072 34072 34072 34072 34072 34072 34072 34072 34072 34072 34072 34072 34768 34768 34768 34768 34768 34768 34768 34768 34768 34768 34768 34768 32688 32688 32688 32688 32688 32688 32688 32688 32688 34768 34768 34468 34468 34468 34468 34468 34468 34468 34468 34468 34468 34072 34072 34072 34072 34072 34072 34072 34072 34072 34072 34072 34072 34072 34072 34072 34072 34072 34072 34072 34072 34072 34072 34072 32688 32688 32688 32688 32688 32688 32688 32688 32688 33892 33892 33536 33536 33536 33536 33536 33536 33536 33536 33536 33536 33536 33536 33308 33308 33308 33308 33308 33308 33308 32688 32688 32688 32688 32688 32688 32688 32688 32688 32688 32688 32688 32688 32688 32688 32688 32688 32688 34428 34428 34428 34428 34428 34428 34428 34428 34428 34428 34428 34428 34428 34228 33892 33892 33892 33892 33892 33892 33892 33892 33536 33536 33536 33536 33536 33536 33536 33536 33536 33536 33536 33536 33536 33536 32686 32686 32686 32686 32686 32686 32686 32686 32686 32686 32686 32686 
32630 32630 32630 32330 32330 32330 32630 32630 32630 32630 32330 32330 32330 32330 32330 32330 32330 32330 32330 32330 32330 32330 32330 32330 32330 32330 32330 32330 32330 32330 32330 32330 32330 32330 32330 32330 32330 32330 32330 32330 32330 32330 32330 32330 32330 32330 32330 32330 32330 32330 32330 32330 32330 32330 32330 32330 32330 32330 32330 32330 32330 32330 32330 32330 32330 32330 32330 32330 32330 32330 32330 32330 32330 32330 32330 32330 32330 32330 32330 32330 32330 32330 32330 32330 32330 32330 
32314 32314 31622 31622 31622 31622 31622 31622 31622 31622 31622 31622 31622 31622 31622 31622 31622 31622 31622 31622 31622 31622 31622 31622 31622 31622 31622 31622 31622 31622 31622 31622 31622 31622 31622 31622 31622 31622 31622 31622 31622 31622 31622 31622 31622 31618 31618 31618 31618 31618 31618 31618 31618 31618 31618 31618 31618 31618 31618 31618 31618 31618 31618 31618 31618 31618 31618 31618 31618 31618 31618 31618 31618 31618 31618 31618 31618 31618 31618 31618 31618 31618 31618 31618 31618 31618 31618 31618 31618 31618 31618 31618 31618 31618 31618 31618 31618 31618 31618 31618 31618 31618 31618 31618 31618 31618 31618 31618 31618 31618 31618 31618 31618 31618 
31146 31146 31146 31146 31146 31146 31146 31146 31146 31146 31146 31146 31146 31146 31146 31146 31146 31146 31146 31146 31146 31146 31146 31146 31146 31146 31146 31146 31146 31146 31146 31146 31146 31146 31146 31146 31146 31146 31146 31146 31146 31146 31146 31146 31146 31146 31440 31440 31440 31440 31440 31440 31440 31440 31440 31440 31440 31440 31462 31440 31440 31440 31440 31440 31440 31440 31440 31440 
31141 30955 30955 31090 31134 31134 31134 31090 30955 30955 30955 30955 31090 31090 31090 31090 31090 31090 31090 30955 30955 30955 30955 30955 30955 30955 30955 30955 30955 30955 30955 30955 30955 30955 30955 30955 31090 31090 30955 30955 30955 30955 30955 30955 30955 30955 30955 30955 30955 30955 30955 30955 30955 30955 30955 30955 30955 30955 30955 30955 30955 30955 30955 30955 30955 30955 30955 30955 30955 30955 30955 30955 30955 30955 30955 30955 30955 30955 30955 30955 30955 30955 30955 30955 30955 30955 30955 30955 30955 30955 30955 30955 30955 30955 30955 30955 
30931 30931 30931 30577 30577 30577 30577 30577 30577 30577 30577 30577 30577 30577 30577 30577 30577 30577 30577 30577 30577 30577 30577 30577 30577 30577 30577 30577 30577 30577 30577 30577 30577 30577 30577 30577 30577 30577 30577 30577 30577 30577 30577 30577 30577 30577 30577 30577 30577 30577 30577 30583 30583 30583 30575 30575 30575 30575 30575 30575 30575 30575 30575 30575 30575 30575 30575 30575 30575 30573 30573 30573 30573 30573 30573 30573 30573 30583 30573 30573 30573 30573 30573 30573 30573 30573 30573 30573 30573 30573 30573 30573 30573 30573 30573 30573 30573 30573 30573 30573 30573 
30568 30321 30321 30321 30321 30321 30321 30321 30321 30321 30321 30321 30321 30321 30321 30321 30321 30321 30321 30321 30321 30321 30321 30321 30321 30321 30321 30321 30321 30321 30321 30321 30321 30321 30321 30321 30321 30321 30321 30321 30321 30321 30321 30321 30321 30321 30321 30321 30321 30382 30382 30382 30382 30382 30382 30382 30382 30382 30382 30382 30382 30382 30382 30382 30382 30382 30382 30382 30382 30382 30382 30382 30382 30382 30382 30382 30382 30382 30382 30382 30382 30382 30382 30382 30382 30382 30382 30382 30382 30382 30382 30382 30382 30382 30382 30382 30382 30382 30382 30382 30382 30382 30382 30382 
30316 30315 30290 30290 30290 30290 30290 30290 30290 30290 30290 30290 30290 30290 30290 30290 30290 30290 30290 30290 30290 30290 30290 30290 30290 30290 30290 30290 30265 30265 30265 30265 30130 30130 30130 30130 30130 30265 30265 30265 30265 30265 30265 30265 30130 30130 30130 30130 30130 30130 30130 30130 30130 30132 30130 30130 30130 30130 30130 30130 30130 30130 30130 30130 30130 30130 30130 30130 30130 30130 30130 30130 30130 30130 30130 30130 30130 30130 30130 30130 30130 30130 30130 30130 30130 30130 30130 30130 30130 30130 30130 30130 30130 30130 30130 30130 30130 30130 30130 30130 30130 30132 30132 30132 30132 30130 30130 30130 30130 30130 30130 30130 30130 30130 30130 30130 30130 30130 30130 30130 30130 
29626 29626 29626 29626 29626 29626 29626 29626 29626 29626 29626 29626 29626 29626 29626 29626 29626 29626 29626 29626 29626 29626 29626 29626 29626 29626 29626 29626 29626 29626 29626 29626 29626 29626 29626 29626 29626 29626 29626 29626 29626 29626 29626 29626 29626 29626 29626 29626 29626 29626 29626 29626 29750 29750 29750 29750 29750 29750 29750 29750 29750 29750 29750 29750 29750 29750 29750 29750 29750 29750 29750 29750 29750 29750 29750 29750 29924 29924 29748 29748 29748 29748 29748 29748 29748 29748 29748 29748 29748 29758 29758 29758 29758 29758 29758 29758 29748 29748 29748 29748 29748 29748 29748 29748 29748 29748 29748 29748 29748 29748 29748 29748 29748 29748 29748 29748 29748 29748 29748 
29612 29612 29498 29498 29498 29498 29498 29498 29582 29542 29542 29498 29498 29498 29498 29498 29498 29498 29498 29498 29498 29498 29498 29498 29498 29498 29498 29498 29498 29498 29496 29496 29496 29496 29496 29496 29496 29496 29496 29496 29496 29496 29496 29524 29496 29496 29496 29496 29496 29496 29496 29496 29496 29496 29496 29496 29496 29500 29500 29500 29500 29500 29500 29500 29500 29500 29500 29500 29500 29500 29500 29500 29500 29500 29500 29500 29500 29500 29500 29500 29500 29500 29500 29500 29500 29500 29500 29500 29500 29500 29500 29500 29500 29500 29500 29500 29500 
29491 29465 29305 29465 29490 29465 29307 29307 29307 29307 29307 29307 29307 29307 29307 29307 29307 29307 29307 29307 29307 29465 29465 29465 29465 29465 29465 29465 29465 29440 29440 29440 29440 29440 29440 29305 29305 29440 29440 29440 29440 29440 29305 29305 29305 29440 29305 29305 29305 29305 29305 29305 29305 29305 29305 29305 29305 29305 29305 29305 29305 29305 29305 29305 29305 29305 29305 29305 29305 29305 29305 29305 29305 29305 29305 29305 29305 29305 29305 29305 29305 29305 29305 29307 29307 29307 29307 29307 29307 29305 29305 29305 29305 29305 29305 29305 29305 29305 29305 29305 29305 29305 29305 29305 29307 29307 29305 29305 29305 29305 29305 29305 29305 29305 29305 29305 29305 29305 29307 29305 
28793 28793 28793 28793 28793 28793 28793 28793 28793 28793 28793 28793 28793 28793 28793 28793 28793 28793 28793 28793 28793 28793 28793 28793 28793 28793 28793 28793 28793 28793 28793 28793 28793 28793 28793 28793 28793 28793 28793 28793 28793 28793 28793 28793 28793 28793 28793 28793 28793 28793 28793 28793 28793 28793 28925 28925 28925 28925 28925 28925 28925 28925 28925 28925 28925 28925 28925 28925 28925 28925 28925 28925 28925 28925 28925 28925 28925 28923 29099 28923 28923 28923 28923 28923 28923 28923 28933 28933 28923 28923 28933 28933 28933 28933 28933 28933 28923 28923 28923 28923 28923 28923 28923 28923 28923 28923 28923 28923 28923 28933 28933 28933 28933 28933 28933 28933 28923 28923 
28786 28779 28669 28669 28669 28669 28669 28669 28669 28669 28669 28733 28733 28733 28669 28669 28669 28669 28669 28669 28669 28669 28669 28669 28669 28669 28669 28669 28667 28667 28667 28667 28667 28667 28667 28667 28667 28667 28667 28667 28667 28667 28667 28667 28667 28667 28667 28667 28667 28667 28667 28667 28667 28667 28665 28665 28665 28665 28665 28665 28665 28665 28665 28665 28665 28665 28665 28665 28665 28665 28665 28665 28665 28665 28665 28665 28665 28665 28665 28665 28665 28665 28665 28665 28665 28665 28665 28665 28665 28665 28665 28665 28665 28665 28665 
28417 28417 28417 28417 28417 28417 28417 28417 28417 28417 28417 28417 28417 28417 28417 28417 28417 28321 28417 28417 28321 28321 28417 28321 28321 28321 28321 28417 28417 28321 28321 28321 28321 28321 28321 28321 28321 28321 28321 28413 28413 28413 28413 28413 28413 28413 28413 28413 28413 28413 28413 28409 28409 28409 28413 28409 28459 28459 28459 28459 28409 28409 28409 28409 28409 28459 28409 28409 28409 28409 28409 28409 28409 28409 28409 28409 28409 28459 28459 28409 28409 28409 28409 28409 28409 28409 28409 28409 28409 28409 28409 28409 28409 28409 28409 28409 
28307 28307 28237 28237 28197 28197 28153 28197 28153 28197 28197 28197 28197 28237 28153 28237 28237 28237 28197 28153 28153 28197 28153 28197 28197 28197 28197 28197 28197 28197 28153 28153 28153 28153 28153 28153 28153 28153 28153 28195 28195 28195 28195 28195 28195 28195 28195 28195 28195 28195 28195 28195 28195 28195 28195 28235 28235 28235 28235 28235 28235 28235 28235 28235 28235 28235 28235 28235 28235 28235 28235 28235 28235 28235 28235 28235 
28139 28139 28113 28113 28133 28113 28113 28113 28113 28113 28111 28111 28111 28111 28111 28111 28111 28111 28111 28111 28111 28122 28122 28122 28122 28122 28122 28122 28122 28122 28097 28092 28097 28097 28069 28069 28092 28097 28069 28069 28069 28069 28097 28067 28067 28067 28097 28097 28097 28069 28069 28092 28092 28069 28067 28067 28067 28067 28067 28067 28067 28067 28067 28067 28067 28067 28067 28067 28067 28067 28067 28067 28067 28067 28067 28067 
27843 27843 27843 27843 27843 27843 27987 27843 27843 27843 27843 27843 27843 27899 27899 27843 27843 27899 27843 27843 27843 27843 27843 27843 27843 27843 27843 27895 27895 27895 27895 27895 27895 27895 27895 27895 27895 27895 27895 27895 27895 27895 27895 27895 27895 27895 27895 27895 27895 27895 27895 27895 27895 27895 27895 27895 27895 27895 27895 27895 27895 27895 27895 27895 27895 27895 27895 27895 27895 27895 27895 27895 27895 27895 
27829 27829 27803 27759 27759 27803 27803 27783 27803 27783 27783 27783 27759 27759 27759 27759 27759 27759 27759 27759 27759 27783 27783 27783 27783 27783 27783 27783 27783 27812 27787 27787 27782 27759 27759 27787 27787 27787 27787 27759 27759 27759 27759 27787 27787 27787 27787 27787 27787 27787 27787 27787 27787 27759 27759 27759 27759 27759 27759 27759 27759 27759 27759 27759 27759 27759 27759 27759 27759 27759 27759 27759 27759 27759 
27752 27749 27743 27743 27741 27741 27741 27741 27741 27703 27703 27703 27728 27728 27728 27728 27728 27728 27728 27728 27728 27728 27728 27728 27728 27675 27717 27728 27717 27728 27703 27703 27703 27703 27703 27703 27703 27703 27698 27675 27675 27675 27675 27703 27703 27703 27703 27703 27703 27703 27703 27703 27703 27675 27675 27675 27675 27675 27675 27675 27675 27675 27675 27675 27675 27675 27675 27675 27675 27675 27675 27675 27675 27675 
27643 27643 27451 27451 27603 27603 27451 27451 27603 27451 27451 27451 27451 27451 27451 27451 27451 27451 27451 27451 27451 27451 27451 27451 27451 27451 27451 27507 27507 27507 27507 27507 27507 27507 27507 27507 27507 27507 27507 27507 27507 27507 27507 27507 27507 27507 27507 27507 27507 27507 27507 27507 27507 27507 27507 27507 27507 27507 27507 27507 27507 27537 27507 27507 27507 27507 27507 27507 27507 27507 27507 27507 27507 27507 
27437 27437 27435 27435 27415 27415 27415 27415 27415 27407 27407 27395 27395 27395 27395 27395 27395 27395 27395 27395 27395 27395 27395 27395 27395 27395 27395 27420 27395 27420 27395 27395 27395 27395 27395 27395 27395 27395 27395 27409 27395 27395 27395 27395 27395 27395 27395 27395 27395 27395 27395 27395 
27388 27385 27379 27379 27377 27377 27377 27377 27377 27339 27339 27364 27339 27364 27364 27364 27364 27364 27364 27364 27364 27353 27364 27364 27364 27364 27364 27364 27364 27364 27339 27339 27339 27339 27339 27339 27353 27339 27353 27353 27339 27339 27311 27311 27339 27339 27339 27339 27339 27339 27339 27339 27311 27311 27311 27311 27311 27311 27311 27311 27311 27311 27311 27311 27311 27311 27311 27311 27311 27311 27311 27311 27311 27311 27311 
27279 27087 27087 27087 27087 27087 27239 27087 27087 27087 27087 27087 27087 27087 27087 27087 27087 27087 27087 27087 27087 27087 27087 27087 27087 27087 27087 27143 27143 27143 27143 27143 27143 27143 27143 27143 27143 27143 27143 27143 27143 27143 27143 27143 27143 27143 27143 27143 27143 27143 27143 27143 27143 27143 27143 27143 27143 27143 27143 27143 27143 27143 27143 27143 27143 27143 27143 27143 27143 27143 27143 27143 27143 27143 27143 
27073 27073 27051 27051 27051 27051 27051 27051 27051 27031 27031 27031 27031 27031 27031 27031 27031 27031 27031 27031 27031 27031 27031 27031 27031 27031 27031 27056 27056 27056 27045 27045 27045 27031 27031 27031 27031 27045 27045 27031 27031 27031 27031 27031 27031 27031 27031 27031 27031 27031 27031 27031 27031 
27024 27021 27015 27015 27013 27013 27013 27013 27013 26947 26947 26947 27000 27000 27000 27000 27000 27000 27000 27000 27000 27000 27000 26989 27000 27000 27000 27000 27000 27000 26989 26989 26989 26975 26975 26947 26975 26989 26975 26975 26947 26947 26947 26975 26975 26947 26947 26975 26975 26975 26975 26975 26975 26947 26947 26947 26947 26947 26947 26947 26947 26947 26947 26947 26947 26947 26947 26947 26947 26947 26947 26947 26947 26947 26947 
26723 26723 26723 26723 26723 26723 26723 26723 26723 26723 26723 26723 26723 26723 26723 26723 26723 26723 26723 26723 26723 26723 26723 26723 26723 26723 26723 26763 26763 26763 26763 26763 26763 26763 26763 26763 26763 26763 26763 26763 26763 26763 26763 26763 26763 26761 26761 26761 26761 26761 26761 26761 26761 26761 26761 26761 26761 26761 26761 26761 26761 26761 26761 26761 26761 26761 26761 26761 26761 26761 26761 26761 26761 26761 26761 26761 26761 26761 26761 26761 26761 
26709 26709 26651 26651 26651 26651 26651 26687 26687 26679 26651 26651 26651 26651 26651 26651 26651 26651 26649 26649 26649 26649 26649 26649 26649 26649 26649 26649 26649 26649 26649 26649 26649 26649 26649 26649 26667 26667 26667 26667 26667 26667 26667 26667 26667 26667 26667 26667 26667 26667 26667 
26644 26607 26556 26618 26643 26643 26588 26607 26618 26593 26593 26618 26618 26618 26618 26618 26618 26593 26618 26618 26618 26607 26618 26618 26618 26618 26618 26618 26618 26618 26593 26593 26593 26593 26593 26593 26593 26556 26593 26607 26556 26556 26593 26593 26593 26556 26556 26556 26593 26593 26593 26556 26556 26556 26556 26556 26556 26556 26556 26556 26556 26556 26556 26556 26556 26556 26556 26556 26556 26556 26556 26556 26556 26556 26556 26556 26556 26556 26556 26556 26556 26556 
26308 26308 26308 26308 26308 26308 26308 26308 26308 26308 26308 26308 26308 26308 26308 26308 26308 26308 26308 26308 26308 26308 26308 26308 26308 26308 26308 26308 26308 26308 26372 26372 26372 26372 26372 26372 26372 26372 26372 26372 26372 26372 26372 26372 26370 26370 26370 26370 26370 26370 26370 26388 26388 26370 26370 26370 26370 26370 26370 26370 26370 26370 26370 26370 26370 26370 26370 26370 26370 26370 26370 26370 26370 26370 26370 26370 26370 26370 26370 26370 26370 26370 26370 
26294 26294 26248 26248 26248 26264 26248 26248 26268 26248 26248 26248 26248 26248 26248 26246 26246 26246 26246 26246 26246 26246 26246 26246 26246 26246 26246 26246 26246 26246 26246 26246 26247 26247 26246 26246 26252 26246 26246 26246 26246 26246 26246 26246 26252 26252 26252 26252 26246 26246 26246 26246 26246 26246 26246 26246 
26241 26240 26184 26215 26240 26240 26185 26184 26215 26215 26215 26159 26215 26215 26215 26215 26215 26215 26215 26215 26215 26215 26215 26215 26215 26215 26215 26215 26215 26215 26184 26184 26185 26185 26184 26184 26190 26190 26184 26184 26184 26184 26184 26184 26190 26190 26190 26190 26184 26184 26184 26185 26185 26184 26184 26184 26159 26159 26159 26159 26159 26159 26162 26162 26162 26162 26162 26162 26162 26162 26162 26162 26162 26162 26162 26162 26159 26159 26159 
25927 25927 25927 25927 25927 25927 25927 25927 25927 25927 25927 25927 25927 25927 25927 25927 25927 25927 25927 25927 25927 25927 25927 25927 25927 25927 25927 25927 25987 25987 25987 25987 25987 25987 25987 25987 25987 25987 25987 25987 25987 25985 25985 25985 25985 25985 25985 25985 25985 25985 25985 25985 25985 25985 25985 25985 25985 25985 25985 25985 25985 25985 25985 25985 25985 25985 25985 25985 25985 25985 25985 25985 25985 25985 25985 25985 25985 25985 25985 
25913 25913 25871 25871 25871 25871 25899 25871 25871 25871 25871 25871 25871 25871 25869 25869 25869 25869 25869 25869 25869 25869 25869 25869 25869 25869 25869 25869 25885 25896 25871 25871 25871 25865 25865 25885 25885 25865 25871 25885 25866 25865 25871 25871 25871 25871 25866 25866 25871 25871 25871 25871 25871 25866 25865 25865 25865 25865 
25753 25753 25753 25753 25705 25705 25705 25705 25753 25705 25753 25705 25705 25705 25705 25705 25705 25705 25705 25705 25749 25749 25741 25741 25741 25741 25749 25749 25741 25741 25781 25741 25741 25741 25781 25741 25741 25781 25741 25765 25741 25741 25741 25741 25741 25741 25741 25741 25749 25749 25749 25741 25741 25741 25741 25741 25741 25741 
25691 25691 25661 25661 25649 25617 25649 25661 25661 25649 25661 25617 25617 25617 25617 25617 25617 25617 25617 25617 25617 25617 25647 25647 25647 25647 25647 25647 25647 25674 25674 25665 25665 25649 25665 25665 25665 25665 25649 25665 25663 25663 25649 25649 25649 25649 25649 25649 25649 25649 25649 25649 25649 25649 
25610 25605 25605 25603 25603 25603 25603 25587 25586 25587 25587 25586 25586 25561 25561 25586 25561 25561 25586 25586 25586 25586 25586 25586 25586 25575 25575 25575 25586 25586 25586 25575 25575 25573 25561 25561 25575 25575 25575 25575 25573 25573 25573 25573 25561 25561 25561 25561 25561 25561 25561 25561 25561 25561 
25547 25547 25453 25453 25453 25453 25519 25453 25453 25453 25453 25453 25453 25453 25453 25453 25453 25453 25449 25449 25449 25449 25449 25449 25449 25449 25449 25499 25449 25449 25449 25477 25449 25449 25449 25449 25449 25449 25449 25449 25449 25449 25449 25449 25449 25449 25449 25449 25449 25449 25449 25449 25449 
25442 25431 25431 25407 25407 25407 25407 25377 25377 25377 25377 25377 25377 25377 25377 25377 25377 25377 25421 25421 25421 25421 25421 25421 25421 25421 25421 25421 25418 25418 25418 25409 25409 25409 25409 25393 25409 25409 25409 25409 25405 25405 25393 25393 25393 25393 25393 25393 25393 25393 25393 25393 25393 25393 
25370 25365 25365 25363 25363 25363 25363 25346 25339 25339 25339 25335 25335 25339 25339 25337 25339 25333 25346 25346 25346 25337 25346 25346 25346 25346 25346 25346 25347 25346 25339 25333 25333 25333 25333 25333 25333 25337 25337 25333 25333 25333 
25309 25309 25309 25221 25221 25221 25221 25221 25221 25221 25221 25221 25221 25221 25245 25245 25245 25245 25245 25245 25245 25245 25245 25245 25245 25245 25245 25245 25245 25245 25245 25245 25245 25257 25245 25245 25245 25245 25245 25245 25245 25245 
25214 25207 25193 25193 25201 25189 25193 25189 25189 25189 25189 25189 25189 25189 25189 25189 25181 25190 25190 25190 25181 25190 25190 25190 25190 25190 25190 25190 25190 25190 25179 25181 25181 25181 25181 25183 25183 25181 25181 25179 25179 
25115 25067 25067 25115 25123 25123 25123 25067 25067 25067 25067 25067 25067 25067 25095 25115 25095 25095 25095 25095 25095 25095 25095 25095 25095 25095 25095 25095 25095 25095 25095 25095 25095 25095 25095 25095 25095 25095 25095 25095 25095 
25053 25053 25055 25039 25035 25043 25011 25011 25011 25011 25011 25011 25011 25011 25035 25035 25029 25039 25036 25036 25036 25027 25036 25036 25036 25029 25029 25036 25036 25036 25036 25027 25027 25027 25029 25029 25027 25027 25027 25027 
25004 25001 24999 24997 24997 24997 24997 24983 24983 24983 24971 24973 24973 24971 24973 24971 24980 24980 24971 24971 24980 24980 24980 24981 24980 24980 24980 24980 24980 24980 24980 24971 24971 24971 24973 24973 24971 24971 24971 24971 
24859 24955 24859 24859 24915 24915 24915 24859 24859 24859 24859 24859 24859 24859 24891 24891 24891 24891 24891 24891 24891 24891 24891 24891 24891 24891 24891 24891 24891 24891 24891 24891 24891 24891 24891 24895 24891 24895 24891 24891 
24845 24845 24835 24843 24835 24831 24831 24835 24835 24835 24835 24835 24821 24831 24821 24831 24828 24828 24828 24828 24828 24828 24828 24829 24828 24828 24828 24828 24829 24828 24828 24821 24821 24821 24821 24821 24821 24821 
24813 24805 24725 24765 24765 24765 24725 24725 24725 24725 24725 24725 24721 24753 24721 24737 24721 24721 24721 24721 24721 24721 24721 24721 24721 24721 24721 24721 24721 24721 24721 24721 24721 24721 24721 24721 24721 24721 24721 24721 24721 24721 24721 24721 24721 24721 24721 24721 24721 24721 
24713 24697 24697 24679 24679 24679 24679 24626 24626 24626 24626 24626 24626 24626 24626 24626 24626 24626 24626 24690 24690 24690 24690 24690 24690 24690 24690 24690 24691 24690 24690 24671 24678 24678 24678 24678 24671 24678 24671 24671 24671 24671 24671 24671 24671 24671 24671 24671 24671 24671 
24619 24612 24614 24598 24602 24598 24598 24590 24590 24588 24588 24588 24588 24588 24588 24588 24588 24588 24588 24595 24595 24595 24595 24595 24595 24595 24598 24598 24595 24595 24595 
24581 24578 24576 24574 24574 24574 24574 24560 24557 24560 24560 24557 24560 24560 24560 24560 24560 24560 24564 24557 24557 24557 24557 24557 24557 24557 24557 24560 24557 24557 24557 
24543 24543 24515 24515 24491 24515 24491 24491 24491 24491 24491 24497 24497 24497 24497 24495 24495 24495 24501 24495 24495 24495 24495 24495 24495 24495 24495 24495 24495 24495 24495 
24484 24477 24479 24463 24463 24467 24451 24451 24451 24451 24451 24451 24451 24451 24451 24451 24451 24451 24451 24451 24463 24463 24463 24463 24463 24463 24463 24463 24460 24460 24460 
24444 24441 24439 24437 24437 24439 24437 24423 24423 24423 24423 24423 24427 24423 24423 24420 24420 24423 24423 24423 24427 24423 24423 24423 24423 24423 24423 24403 24420 24420 24420 24418 24408 24403 24403 24403 24403 24403 24403 24403 24403 24403 24403 24403 24403 24403 24403 24403 
24275 24387 24379 24275 24347 24347 24347 24275 24275 24275 24275 24275 24275 24275 24275 24275 24307 24307 24307 24307 24307 24307 24307 24307 24307 24307 24307 24307 24307 24307 24307 24307 24307 24307 24307 24307 24307 24307 24307 24307 24307 24307 24307 24307 24307 24307 24307 24307 
24268 24261 24247 24247 24255 24243 24243 24243 24243 24243 24243 24243 24243 24243 24243 24243 24247 24243 24251 24247 24247 24251 24251 24247 24247 24244 24244 24244 24244 24244 24243 24243 
24236 24233 24231 24229 24229 24229 24229 24219 24219 24215 24215 24215 24215 24215 24215 24215 24215 24215 24215 24215 24215 24219 24219 24215 24215 24212 24212 24212 24212 24212 24210 24203 24203 24203 24203 24203 24203 24203 24203 24203 
24195 24179 24179 24091 24147 24147 24091 24091 24091 24091 24091 24091 24091 24091 24135 24123 24123 24123 24123 24123 24123 24123 24123 24123 24123 24123 24123 24123 24123 24123 24123 24123 24123 24123 24123 24123 24123 24123 24123 24123 
24077 24077 24063 24075 24063 24063 24063 24067 24067 24067 24067 24067 24060 24063 24063 24063 24063 24063 24067 24067 24067 24063 24063 24063 24063 24063 24060 24060 24060 24060 24060 
23980 24036 24036 23980 24004 24004 24004 23980 23980 23980 24012 24012 24000 24000 24000 23998 23998 23998 23998 23998 23998 24014 23998 23998 23998 23998 23998 24004 23998 23998 23998 
23973 23966 23936 23952 23936 23936 23952 23936 23936 23936 23936 23956 23956 23952 23960 23960 23960 23952 23952 23952 23952 23952 23952 23956 23952 23952 23952 23952 
23929 23926 23924 23922 23922 23922 23922 23914 23912 23908 23914 23908 23914 23914 23908 23908 23908 23914 23914 23912 23908 23908 23908 23912 23908 23908 23908 23908 
23884 23836 23836 23852 23836 23836 23836 23836 23836 23864 23852 23852 23852 23852 23852 23852 23852 23852 23852 23852 23852 23852 23852 23852 23852 23852 23852 23852 
23829 23822 23824 23808 23816 23808 23808 23816 23816 23816 23814 23808 23808 23808 23818 23808 23814 23808 23812 23812 23808 23808 23808 23808 23808 23808 23808 23808 
23801 23800 23802 23800 23802 23794 23794 23784 23780 23786 23794 23790 23780 23794 23790 23780 23786 23780 23784 23784 23780 23780 23780 23780 23780 23780 23780 23780 
23772 23764 23756 23708 23708 23708 23708 23708 23708 23724 23724 23724 23724 23724 23724 23724 23724 23724 23724 23724 23724 23724 23724 23724 23724 23724 23724 23724 
23701 23694 23696 23688 23688 23688 23688 23688 23688 23688 23694 23690 23680 23690 23680 23680 23680 23686 23684 23684 23686 23680 23680 23680 23680 23680 23680 23680 
23608 23656 23640 23640 23608 23608 23608 23608 23608 23640 23624 23624 23624 23624 23624 23624 23624 23624 23624 23624 23624 23624 23624 23624 23624 23624 23624 23624 
23601 23594 23596 23568 23568 23568 23568 23568 23568 23568 23594 23590 23590 23590 23580 23590 23586 23586 23588 23586 23586 23586 23580 23584 23580 23580 23580 23580 
23561 23560 23562 23550 23562 23562 23554 23544 23546 23554 23554 23550 23550 23554 23546 23550 23546 23550 23544 23544 23546 23546 23540 23544 23540 23540 23540 23540 
23532 23524 23468 23468 23468 23468 23468 23468 23468 23484 23484 23484 23484 23484 23482 23482 23482 23482 23482 23482 23494 23482 23482 23482 23482 23482 23482 23482 23482 
23454 23454 23456 23448 23448 23446 23446 23446 23446 23446 23446 23448 23454 23454 23450 23450 23450 23450 23448 23448 23444 23444 23444 23444 
23436 23420 23420 23396 23414 23396 23396 23396 23396 23400 23400 23396 23396 23396 23396 23396 23396 23396 23396 23396 23396 23396 23396 23396 
23389 23382 23384 23364 23364 23364 23364 23364 23374 23374 23374 23376 23376 23378 23374 23374 23374 23374 23376 23376 23374 23374 
23357 23350 23352 23348 23348 23348 23348 23348 23346 23342 23328 23337 23328 23346 23342 23342 23342 23342 23328 23328 23342 23342 23328 23328 23328 23328 23328 23328 23328 23328 23328 23328 23328 23328 23328 23328 
23320 23312 23296 23232 23264 23232 23232 23232 23232 23232 23232 23232 23256 23256 23256 23256 23256 23256 23256 23256 23256 23256 23256 23256 23256 23256 23256 23256 23256 23256 23256 23256 23256 23256 23256 
23225 23218 23216 23216 23200 23208 23200 23200 23208 23208 23208 23208 23208 23214 23210 23210 23210 23210 23208 23210 23210 23208 23208 
23193 23186 23188 23192 23194 23194 23191 23182 23184 23178 23180 23178 23182 23184 23184 23182 23178 23178 23176 23178 23178 23176 23176 
23168 23160 23152 23144 23112 23112 23112 23112 23128 23128 23128 23128 23130 23128 23128 23128 23128 23128 23128 23128 23128 23128 23128 
23105 23098 23100 23096 23096 23096 23096 23096 23090 23090 23090 23090 23094 23092 23096 23096 23094 23094 23090 23092 23090 23090 
23074 23034 23034 23058 23034 23034 23034 23058 23046 23046 23046 23046 23046 23046 23046 23046 23046 23046 23046 23046 23046 23046 
23027 23020 23022 23018 23002 23002 23002 23002 23020 23016 23014 23020 23016 23014 23018 23016 23014 23016 23014 
22995 22988 22990 22994 22993 22986 22986 22986 22988 22986 22984 22986 22984 22988 22986 22986 22982 22984 22982 
22934 22958 22934 22934 22934 22934 22942 22942 22942 22942 22942 22942 22942 22942 22942 22942 22942 22942 22942 
22927 22920 22922 22918 22918 22918 22918 22918 22920 22920 22920 22918 22918 22916 22918 22918 22916 22916 
22884 22884 22892 22868 22868 22868 22884 22884 22876 22876 22876 22876 22876 22876 22876 22876 22876 22876 22876 22876 
22854 22854 22840 22852 22840 22840 22840 22840 22840 22840 22840 22840 22840 22840 22852 22852 22850 22850 
22833 22826 22828 22832 22824 22826 22824 22824 22826 22812 22826 22826 22822 22824 22824 22824 22822 22822 22813 22813 22813 22813 22813 22812 22812 22812 22812 22812 
22804 22796 22788 22740 22740 22740 22740 22740 22740 22756 22756 22756 22756 22756 22756 22756 22756 22756 22756 22756 22766 22756 22756 22756 22756 22756 22756 22756 
22733 22726 22728 22720 22720 22720 22720 22720 22720 22720 22724 22726 22722 22724 22724 22724 22722 22722 
22713 22706 22708 22712 22704 22704 22704 22704 22708 22704 22704 22706 22702 22704 22704 22704 22702 22702 22693 22693 22693 22692 22693 22692 22692 22692 22692 22692 
22684 22620 22668 22620 22620 22620 22620 22620 22620 22636 22636 22636 22636 22636 22636 22636 22636 22636 22636 22636 22636 22636 22636 22636 22636 22636 22636 22636 
22613 22606 22608 22604 22600 22608 22600 22600 22600 22600 22602 22606 22604 22604 22604 22604 22602 22602 
22593 22586 22588 22592 22584 22584 22584 22586 22586 22586 22582 22586 22582 22584 22582 22582 22582 22582 
22574 22534 22534 22534 22534 22534 22546 22546 22546 22546 22546 22546 22546 22546 22546 22546 22546 22546 
22527 22520 22522 22518 22522 22522 22518 22526 22516 22518 22518 22522 22520 22520 22518 22518 22516 22516 
22508 22468 22468 22468 22468 22468 22468 22468 22468 22468 22468 22468 22468 22468 22468 22468 22468 22468 22468 22468 22468 22468 22468 22468 
22454 22454 22444 22452 22444 22444 22444 22444 22450 22444 22444 22444 22454 22454 22450 22450 22450 22450 
22437 22430 22432 22436 22428 22428 22428 22432 22432 22428 22428 22428 22426 22418 22426 22428 22426 22426 22418 22418 22418 22418 22418 22418 22418 22418 
22410 22394 22394 22354 22354 22354 22354 22354 22358 22358 22358 22358 22358 22358 22358 22358 22382 22358 22358 22358 22358 22358 22358 22358 22358 22358 22358 22358 22358 22358 
22340 22340 22342 22330 22330 22326 22326 22336 22336 22326 22326 22326 22326 22326 22336 22338 22336 22336 
22319 22318 22314 22314 22308 22318 22310 22314 22310 22310 22310 22310 22310 22310 22308 22308 22303 22303 22303 22303 22303 22303 22303 
22295 22279 22247 22247 22247 22247 22247 22259 22259 22259 22259 22257 22257 22257 22257 22257 22257 22257 22257 22257 22257 22257 22257 
22240 22233 22235 22231 22229 22229 22229 22229 22229 22231 22231 22231 22231 22231 22229 22229 22229 22229 
22222 22221 22217 22211 22213 22211 22213 22217 22213 22213 22213 22213 22204 22204 22211 22211 22204 22211 22204 22204 22204 22204 22204 22204 22204 
22196 22188 22180 22132 22132 22132 22132 22132 22132 22156 22156 22156 22154 22154 22154 22154 22154 22154 22154 22154 22154 22154 22154 22154 22154 
22125 22118 22120 22118 22118 22118 22118 22120 22116 22116 22116 22116 22114 22114 22116 22116 22114 22114 
22106 22066 22066 22066 22066 22066 22086 22074 22074 22074 22074 22074 22074 22074 22074 22074 22074 22074 22074 22074 
22059 22052 22054 22042 22038 22038 22038 22050 22054 22050 22050 22050 22052 22048 22050 22048 22048 22048 
22031 22026 22026 22026 22008 22020 22026 22022 22022 22022 22022 22022 22024 22020 22022 22020 22020 22008 22008 22008 22008 22008 22008 22008 22008 22008 22008 22008 22008 22008 
22000 21984 21984 21928 21928 21928 21928 21928 21928 21928 21964 21944 21944 21944 21944 21944 21942 21942 21942 21942 21942 21942 21942 21942 21942 21942 21942 21942 21942 21942 21942 21942 21942 
21914 21914 21916 21912 21904 21904 21902 21902 21902 21902 21902 21902 21902 21912 21912 21912 21908 21910 21908 21908 
21897 21896 21896 21890 21894 21888 21890 21890 21873 21873 21873 21873 21882 21888 21886 21886 21882 21882 21873 21882 21873 21873 21873 21873 21873 21873 21873 21873 21873 
21801 21849 21849 21801 21801 21801 21801 21801 21801 21817 21817 21817 21817 21817 21815 21815 21815 21815 21815 21815 21815 21815 21815 21815 21815 21815 21815 21815 21815 
21794 21787 21789 21781 21781 21779 21779 21779 21779 21779 21779 21789 21783 21783 21781 21781 21783 21783 21781 21781 
21774 21773 21773 21775 21756 21763 21756 21763 21767 21767 21767 21767 21756 21756 21761 21761 21761 21761 21756 21756 21756 21756 21756 
21748 21732 21732 21692 21692 21692 21692 21692 21712 21712 21712 21710 21710 21710 21710 21710 21710 21710 21716 21716 21710 21710 21710 
21685 21682 21680 21678 21678 21678 21678 21674 21674 21674 21674 21680 21676 21676 21676 21676 21674 21672 21672 21672 
21648 21648 21648 21616 21616 21616 21616 21632 21632 21632 21632 21632 21632 21632 21632 21632 21632 21632 21632 21632 
21609 21602 21592 21600 21592 21592 21590 21590 21598 21590 21590 21590 21590 21600 21598 21600 21598 21598 
21585 21584 21584 21578 21576 21572 21574 21572 21576 21561 21559 21572 21574 21574 21559 21574 21572 21561 21559 21559 21559 21559 21559 21559 21559 21559 21559 21559 21559 21559 21559 
21551 21471 21471 21471 21471 21471 21471 21471 21471 21471 21471 21491 21491 21491 21491 21491 21491 21491 21491 21491 21491 21491 21491 21491 21491 21491 21491 21491 21491 21491 21491 21491 21491 21491 
21464 21457 21459 21455 21447 21447 21447 21447 21447 21447 21447 21447 21453 21449 21455 21449 21453 21449 21449 21449 21449 21449 
21442 21433 21437 21431 21433 21431 21431 21429 21429 21431 21429 21429 21429 21425 21425 21429 21427 21429 21425 21425 21425 21425 
21369 21369 21369 21369 21369 21369 21369 21381 21381 21381 21381 21381 21381 21381 21381 21381 21381 21381 21381 21381 21381 21381 
21362 21359 21353 21353 21353 21353 21353 21353 21351 21355 21351 21351 21351 21355 21351 21349 21351 21351 21349 21349 
21341 21317 21317 21317 21301 21301 21309 21317 21309 21309 21309 21309 21309 21309 21309 21309 21309 21309 21309 21309 
21294 21287 21285 21285 21277 21269 21269 21269 21283 21287 21283 21283 21287 21287 21283 21283 21283 21283 
21264 21239 21257 21257 21255 21251 21259 21257 21251 21251 21251 21251 21255 21255 21239 21239 21251 21239 21239 21239 21239 21239 21239 21239 21239 21239 21239 21239 21239 21239 
21159 21159 21159 21159 21159 21159 21159 21159 21159 21159 21179 21179 21179 21179 21179 21179 21179 21179 21179 21179 21179 21179 21179 21179 21179 21179 21179 21179 21179 21179 
21152 21145 21143 21143 21139 21139 21139 21139 21139 21139 21141 21147 21139 21141 21139 21139 21141 21139 21139 21139 
21134 21123 21129 21127 21127 21121 21129 21129 21125 21118 21125 21125 21119 21119 21118 21121 21119 21119 21119 21119 21118 
21110 21062 21062 21062 21062 21062 21062 21078 21078 21078 21076 21076 21076 21076 21076 21076 21076 21076 21076 21076 21076 
21055 21050 21050 21048 21048 21048 21048 21048 21048 21050 21048 21048 21042 21042 21044 21042 21042 21044 21042 21042 
21018 21018 21018 20986 20986 20986 20986 21002 21002 21002 21002 21002 21002 21002 21002 21002 21002 21002 21002 21002 
20979 20972 20974 20970 20962 20962 20972 20974 20972 20974 20972 20972 20972 20972 20968 20968 20968 20968 
20957 20948 20952 20950 20950 20952 20952 20950 20948 20950 20948 20948 20948 20948 20944 20932 20944 20932 20932 20932 20932 20932 20932 20932 20932 20932 20932 20932 20932 20932 
20924 20852 20852 20852 20852 20852 20852 20852 20852 20852 20872 20872 20872 20872 20872 20872 20872 20872 20872 20872 20872 20872 20872 20872 20872 20872 20872 20872 20872 20872 
20845 20838 20840 20836 20832 20832 20832 20832 20832 20832 20838 20840 20838 20838 20832 20832 20832 20832 20832 20832 
20827 20818 20816 20820 20820 20822 20822 20820 20818 20808 20808 20808 20818 20818 20808 20808 20808 20808 20808 20808 20808 20808 20808 20808 
20744 20744 20744 20744 20744 20744 20744 20744 20760 20760 20760 20760 20758 20758 20758 20758 20758 20758 20758 20758 20758 20758 20758 20758 20758 
20737 20734 20732 20728 20726 20726 20726 20726 20726 20730 20724 20724 20730 20728 20724 20728 20724 20724 20724 20724 
20692 20676 20692 20692 20676 20676 20689 20688 20688 20684 20682 20682 20682 20682 20682 20682 20682 20682 20682 20682 20682 
20669 20662 20664 20660 20640 20640 20640 20640 20640 20664 20664 20664 20662 20662 20660 20660 20658 20658 
20635 20626 20630 20628 20628 20610 20624 20628 20628 20624 20628 20628 20626 20626 20624 20624 20610 20610 20610 20610 20610 20610 20610 20610 20610 20610 20610 20610 20610 20610 
20530 20530 20530 20530 20530 20530 20530 20530 20530 20530 20550 20550 20550 20550 20550 20550 20574 20550 20550 20550 20550 20550 20550 20550 20550 20550 20550 20550 20550 20550 
20516 20516 20518 20514 20510 20510 20510 20510 20510 20510 20518 20516 20516 20510 20514 20514 20510 20510 20510 20510 
20505 20494 20486 20494 20494 20498 20492 20498 20498 20498 20496 20496 20486 20490 20490 20486 20486 20486 20486 20486 20486 20486 20486 20486 
20422 20422 20422 20422 20422 20422 20422 20422 20438 20438 20438 20438 20438 20438 20438 20438 20438 20438 20438 20438 20438 20438 20438 20438 
20415 20412 20410 20406 20406 20406 20406 20406 20410 20410 20408 20408 20406 20402 20402 20406 20402 20402 20402 20402 
20346 20370 20370 20346 20346 20346 20346 20362 20362 20362 20362 20362 20362 20362 20370 20362 20362 20362 20362 20362 
20339 20332 20330 20330 20322 20322 20330 20330 20330 20334 20332 20332 20330 20332 20330 20330 20328 20328 
20317 20318 20296 20310 20306 20304 20296 20306 20306 20310 20308 20308 20296 20308 20306 20306 20296 20296 20296 20296 20296 20296 20296 20296 20296 20296 
20232 20232 20232 20232 20232 20232 20232 20232 20244 20244 20244 20244 20244 20244 20244 20244 20244 20244 20244 20244 20244 20244 20244 20244 20244 20244 
20218 20218 20216 20212 20212 20212 20212 20212 20212 20212 20220 20220 20216 20218 20216 20216 20214 20214 
20207 20208 20198 20200 20196 20196 20196 20196 20196 20202 20200 20200 20196 20194 20196 20196 20190 20190 20190 20190 20190 20190 
20182 20174 20126 20126 20126 20126 20126 20126 20146 20146 20146 20146 20146 20146 20146 20146 20146 20146 20146 20146 20146 20146 
20119 20116 20114 20114 20114 20114 20114 20114 20114 20116 20114 20110 20108 20108 20110 20110 20108 20108 
20060 20084 20084 20060 20060 20060 20072 20072 20072 20072 20072 20080 20072 20072 20072 20072 20072 20072 
20053 20046 20048 20036 20036 20036 20048 20048 20050 20050 20044 20044 20046 20044 20044 20044 
20031 20032 20012 20024 20026 20024 20024 20024 20026 20026 20020 20020 20022 20008 20008 20020 20008 20008 20012 20012 20008 20008 20012 20012 20008 20008 20008 20008 
19936 19936 19936 19936 19936 19936 19936 19936 19936 19952 19952 19952 19952 19952 19952 19952 19952 19952 19952 19952 19952 19952 19952 19952 19952 19952 19952 19952 
19929 19922 19916 19916 19916 19924 19916 19916 19916 19916 19924 19924 19922 19922 19920 19918 19918 19918 
19911 19912 19892 19904 19904 19904 19904 19904 19904 19900 19904 19904 19892 19892 19900 19898 19898 19898 19892 19892 19892 19892 19892 19892 
19828 19876 19828 19828 19828 19828 19828 19828 19844 19844 19844 19844 19844 19844 19844 19844 19844 19844 19844 19844 19844 19844 19844 19844 
19821 19814 19812 19812 19812 19812 19812 19812 19812 19814 19816 19816 19812 19812 19810 19810 19810 19810 
19802 19778 19762 19778 19762 19762 19774 19778 19774 19774 19774 19774 19774 19774 19774 19774 19774 19774 
19748 19748 19738 19738 19738 19738 19738 19738 19738 19738 19738 19738 19746 19746 19746 19746 
19733 19730 19726 19726 19726 19722 19722 19726 19722 19726 19726 19726 19722 19722 19722 19722 19714 19710 19710 19710 19710 19710 19714 19714 19710 19710 19710 19710 
19638 19694 19638 19638 19638 19638 19638 19638 19638 19654 19654 19654 19654 19654 19654 19654 19654 19654 19654 19654 19654 19654 19654 19654 19654 19654 19654 19654 
19631 19624 19618 19618 19618 19618 19618 19618 19618 19618 19626 19626 19622 19622 19622 19622 19620 19620 
19613 19610 19594 19606 19606 19606 19604 19602 19604 19606 19606 19606 19602 19602 19602 19602 19594 19590 19590 19590 19590 19590 19590 19594 19590 19590 19590 19590 
19582 19574 19526 19526 19526 19526 19526 19526 19534 19534 19534 19534 19534 19534 19534 19534 19534 19534 19534 19534 19534 19534 19534 19534 19534 19534 19534 19534 
19519 19512 19511 19502 19502 19502 19502 19502 19502 19502 19502 19502 19510 19510 19510 19510 
19497 19494 19488 19490 19486 19486 19488 19488 19490 19488 19488 19486 19486 19486 19486 19486 19478 19478 19478 19478 19478 19478 19478 19478 
19471 19464 19450 19450 19448 19448 19430 19430 19430 19430 19430 19430 19430 19430 19430 19430 19430 19430 19430 19430 19430 19430 19430 19430 
19425 19422 19414 19418 19416 19416 19414 19418 19414 19390 19418 19418 19414 19414 19414 19414 19390 19406 19390 19390 19390 19406 19390 19390 19390 19390 19390 19390 19390 19390 19390 19390 19390 19390 19390 19390 19390 19390 19390 19390 
19383 19376 19348 19348 19334 19348 19334 19334 19340 19340 19310 19310 19310 19310 19310 19310 19310 19310 19310 19310 19310 19310 19310 19310 19310 19310 19310 19310 19310 19310 19310 19310 19310 19310 19310 19310 19310 19310 19310 19310 
19305 19302 19298 19296 19294 19298 19294 19298 19294 19286 19286 19286 19286 19286 19286 19286 19286 19286 19258 19286 19286 19258 19258 19258 19258 19258 19258 19258 19258 19258 19258 19258 19258 19258 19258 19258 19258 19258 19258 19258 19258 19258 19258 19258 19258 19258 19258 19258 19258 19258 19258 
19244 19188 19188 19188 19188 19188 19188 19188 19188 19188 19193 19193 19193 19150 19150 19150 19150 19150 19150 19150 19150 19150 19150 19150 19150 19150 19150 19150 19150 19150 19150 19150 19150 19150 19150 19150 19150 19150 19150 19150 19150 19150 19150 19150 19150 19150 19150 19150 19150 19150 19150 19150 19150 
19146 19146 19136 19134 19138 19134 19136 19138 19134 19134 19134 19134 19134 19134 19134 19134 
19120 19120 19113 19114 19102 19102 19102 19102 19102 19102 19102 19102 19102 19102 19102 19102 
19098 19098 19090 19074 19088 19090 19086 19090 19086 19086 19086 19086 19078 19078 19074 19086 19074 19074 19078 19078 19078 19078 19078 19074 19074 19074 19074 19074 
19060 19060 19039 19039 19039 19039 19039 19018 19018 19018 19018 19018 19018 19018 19018 19018 19018 19018 19018 19018 19018 19018 19018 19018 19018 19018 19018 19018 
19014 19014 19006 19004 19004 19007 19007 19006 18974 18994 18994 18994 19004 19004 18993 18994 18994 18994 18994 18994 18994 18994 18974 18994 18974 18974 18974 18974 18974 18974 18974 18974 18974 18974 18974 18974 18974 18974 18974 18974 18974 18974 
18967 18918 18918 18918 18918 18918 18918 18918 18919 18919 18919 18886 18886 18886 18886 18886 18886 18886 18886 18886 18886 18886 18886 18886 18886 18886 18886 18886 18886 18886 18886 18886 18886 18886 18886 18886 18886 18886 18886 18886 18886 18886 
18882 18882 18861 18862 18875 18875 18874 18872 18830 18862 18862 18862 18872 18872 18830 18862 18862 18862 18862 18830 18862 18862 18830 18862 18830 18830 18830 18830 18830 18830 18830 18830 18830 18830 18830 18830 18830 18830 18830 18830 18830 18830 18830 18830 18830 18830 18830 18830 18830 18830 18830 18830 18830 
18823 18816 18753 18753 18753 18753 18753 18753 18753 18753 18753 18760 18760 18760 18718 18718 18718 18718 18718 18718 18718 18718 18718 18718 18718 18718 18718 18718 18718 18718 18718 18718 18718 18718 18718 18718 18718 18718 18718 18718 18718 18718 18718 18718 18718 18718 18718 18718 18718 18718 18718 18718 
18714 18714 18706 18707 18706 18706 18707 18704 18662 18662 18662 18662 18662 18662 18662 18662 18662 18662 18694 18694 18662 18662 18662 18694 18662 18676 18676 18662 18662 18662 18662 18662 18662 18662 18662 18662 18662 18662 18662 18662 18662 18662 18662 18662 18662 18662 18662 18662 18662 18662 18662 18662 
18655 18648 18585 18585 18585 18585 18585 18585 18585 18585 18585 18592 18592 18592 18550 18550 18550 18550 18550 18550 18550 18550 18550 18550 18550 18550 18550 18550 18550 18550 18550 18550 18550 18550 18550 18550 18550 18550 18550 18550 18550 18550 18550 18550 18550 18550 18550 18550 18550 18550 18550 18550 
18546 18546 18536 18536 18538 18538 18539 18536 18494 18536 18536 18536 18536 18536 18494 18494 18494 18494 18526 18526 18494 18494 18494 18508 18494 18494 18494 18494 18494 18494 18494 18494 18494 18494 18494 18494 18494 18494 18494 18494 18494 18494 18494 18494 18494 18494 18494 18494 18494 18494 18494 18494 
18487 18480 18417 18417 18417 18417 18417 18417 18417 18417 18417 18424 18424 18424 18382 18382 18382 18382 18382 18382 18382 18382 18382 18382 18382 18382 18382 18382 18382 18382 18382 18382 18382 18382 18382 18382 18382 18382 18382 18382 18382 18382 18382 18382 18382 18382 18382 18382 18382 18382 18382 18382 18382 
18378 18378 18368 18370 18368 18370 18368 18368 18326 18368 18368 18368 18368 18368 18326 18326 18326 18326 18358 18358 18326 18326 18326 18358 18326 18326 18326 18326 18326 18326 18326 18326 18326 18326 18326 18326 18326 18326 18326 18326 18326 18326 18326 18326 18326 18326 18326 18326 18326 18326 18326 18326 18326 
18319 18312 18249 18249 18249 18249 18249 18249 18249 18249 18249 18256 18256 18256 18214 18214 18214 18214 18214 18214 18214 18214 18214 18214 18214 18214 18214 18214 18214 18214 18214 18214 18214 18214 18214 18214 18214 18214 18214 18214 18214 18214 18214 18214 18214 18214 18214 18214 18214 18214 18214 18214 
18210 18210 18200 18202 18200 18202 18200 18200 18200 18202 18202 18200 18200 18200 18160 18160 18160 18160 18190 18190 18160 18160 18160 18190 18160 18160 18160 18160 18160 18160 18160 18160 18160 18160 18160 18160 18160 18160 18160 18160 18160 18160 18160 18160 18160 18160 18160 18160 18160 18160 18160 18160 
18153 18146 18090 18090 18090 18090 18090 18090 18090 18090 18095 18095 18095 18052 18052 18052 18052 18052 18052 18052 18052 18052 18052 18052 18052 18052 18052 18052 18052 18052 18052 18052 18052 18052 18052 18052 18052 18052 18052 18052 18052 18052 18052 18052 18052 18052 18052 18052 18052 18052 18052 
18048 18048 18040 18040 18038 18040 18040 18038 18041 17998 17998 18038 17998 17998 17998 18027 18027 18027 18028 18028 17998 17998 17998 18028 17998 17998 17998 17998 17998 17998 17998 17998 17998 17998 17998 17998 17998 17998 17998 17998 17998 17998 17998 17998 17998 17998 17998 17998 17998 17998 17998 
17991 17984 17970 17928 17928 17928 17928 17928 17928 17928 17933 17933 17933 17890 17926 17890 17890 17890 17890 17890 17890 17890 17890 17890 17890 17890 17890 17890 17890 17890 17890 17890 17890 17890 17890 17890 17890 17890 17890 17890 17890 17890 17890 17890 17890 17890 17890 17890 17890 17890 17890 
17886 17886 17879 17876 17876 17878 17878 17876 17879 17836 17836 17876 17836 17836 17836 17865 17865 17865 17866 17866 17866 17836 17836 17866 17836 17836 17836 17836 17836 17836 17836 17836 17836 17836 17836 17836 17836 17836 17836 17836 17836 17836 17836 17836 17836 17836 17836 17836 17836 17836 17836 
17829 17822 17808 17766 17766 17766 17766 17766 17766 17766 17771 17771 17771 17728 17728 17728 17728 17728 17728 17728 17728 17728 17728 17728 17728 17728 17728 17728 17728 17728 17728 17728 17728 17728 17728 17728 17728 17728 17728 17728 17728 17728 17728 17728 17728 17728 17728 17728 17728 17728 17728 
17724 17724 17714 17716 17716 17714 17714 17714 17716 17716 17716 17716 17662 17662 17662 17686 17704 17662 17662 17662 17686 17662 17686 17704 17662 17662 17662 17662 17662 17662 17662 17662 17662 17662 17662 17662 17662 17662 17662 17662 17662 17662 17662 17662 17662 17662 17662 17662 17662 17662 17662 17662 17662 17662 17662 17662 17662 17662 17662 17662 17662 17662 17662 17662 
17655 17571 17571 17571 17571 17571 17571 17571 17571 17571 17571 17571 17571 17582 17582 17582 17586 17586 17530 17530 17530 17530 17530 17530 17530 17530 17530 17530 17530 17530 17530 17530 17530 17530 17530 17530 17530 17530 17530 17530 17530 17530 17530 17530 17530 17530 17530 17530 17530 17530 17530 17530 17530 17530 17530 17530 17530 17530 17530 17530 17530 17530 17530 
17526 17526 17516 17516 17516 17516 17519 17516 17516 17464 17464 17516 17516 17516 17464 17488 17464 17464 17506 17506 17506 17506 17506 17506 17464 17464 17488 17464 17464 17464 17464 17464 17464 17464 17464 17464 17464 17464 17464 17464 17464 17464 17464 17464 17464 17464 17464 17464 17464 17464 17464 17464 17464 17464 17464 17464 17464 17464 17464 17464 17464 17464 17464 
17457 17373 17373 17373 17373 17373 17373 17373 17373 17373 17373 17373 17373 17384 17384 17384 17332 17332 17332 17332 17332 17332 17332 17332 17332 17332 17332 17332 17332 17332 17332 17332 17332 17332 17332 17332 17332 17332 17332 17332 17332 17332 17332 17332 17332 17332 17332 17332 17332 17332 17332 17332 17332 17332 17332 17332 17332 17332 17332 17332 17332 17332 17332 
17328 17328 17318 17318 17318 17299 17308 17320 17320 17299 17299 17299 17299 17299 17299 17307 17307 17307 17308 17308 17308 17308 17308 17308 17307 17299 17299 17299 17299 17299 17299 17299 17299 
17292 17285 17257 17257 17257 17257 17259 17259 17235 17235 17235 17235 17235 17235 17235 17235 17233 17233 17233 17233 17233 17233 17233 17233 17233 17233 17233 17233 17233 17233 17233 17233 17233 
17229 17229 17219 17219 17219 17221 17219 17219 17221 17200 17200 17200 17200 17200 17200 17208 17208 17208 17209 17209 17209 17209 17209 17209 17208 17200 17200 17200 17200 17200 17200 17200 17200 
17193 17158 17158 17158 17158 17158 17160 17160 17136 17136 17136 17136 17136 17136 17136 17136 17134 17134 17134 17134 17134 17134 17134 17134 17134 17134 17134 17134 17134 17134 17134 17134 17134 
17130 17130 17122 17120 17120 17122 17122 17120 17120 17101 17120 17120 17101 17101 17101 17101 17101 17109 17110 17110 17110 17110 17110 17110 17109 17101 17101 17101 17101 17101 17101 17101 17101 
17094 17087 17059 17059 17059 17059 17061 17061 17037 17037 17037 17037 17037 17037 17037 17037 17035 17035 17035 17035 17035 17035 17035 17035 17035 17035 17035 17035 17035 17035 17035 17035 17035 
17031 17031 17021 17021 17021 17021 17023 17021 16990 17021 17021 17021 17021 17021 16990 16990 16990 17011 16993 16993 16993 16993 16993 17011 17010 16990 16990 16993 16990 16990 16990 16990 16990 16990 16990 16990 16990 16990 16990 16990 16990 16990 16990 16990 
16983 16976 16927 16927 16927 16927 16927 16927 16927 16935 16935 16902 16902 16902 16902 16902 16902 16902 16902 16902 16902 16902 16900 16900 16900 16900 16900 16900 16900 16900 16900 16900 16900 16900 16900 16900 16900 16900 16900 16900 16900 16900 16900 16900 
16896 16896 16886 16886 16886 16886 16886 16886 16886 16886 16855 16855 16855 16886 16855 16855 16855 16855 16855 16855 16855 16855 16858 16876 16875 16855 16858 16858 16855 16855 16855 16855 16855 16855 16855 16855 16855 16855 16855 16855 16855 16855 16855 16855 
16848 16792 16792 16792 16792 16792 16792 16792 16792 16800 16800 16767 16767 16767 16767 16767 16767 16767 16767 16767 16767 16767 16765 16765 16765 16765 16765 16765 16765 16765 16765 16765 16765 16765 16765 16765 16765 16765 16765 16765 16765 16765 16765 16765 
16761 16761 16751 16751 16751 16751 16751 16751 16751 16751 16720 16720 16720 16751 16720 16720 16720 16720 16720 16720 16720 16720 16720 16741 16740 16720 16723 16723 16720 16720 16720 16720 16720 16720 16720 16720 16720 16720 16720 16720 16720 16720 16720 16720 
16713 16657 16657 16657 16657 16657 16657 16657 16657 16665 16665 16632 16632 16632 16632 16632 16632 16632 16632 16632 16632 16632 16630 16630 16630 16630 16630 16630 16630 16630 16630 16630 16630 16630 16630 16630 16630 16630 16630 16630 16630 16630 16630 16630 16630 
16626 16626 16616 16616 16616 16616 16616 16616 16585 16585 16616 16616 16616 16585 16585 16585 16585 16585 16585 16585 16585 16585 16585 16606 16605 16588 16585 16585 16585 16585 16585 16585 16585 16585 16585 16585 16585 16585 16585 16585 16585 16585 16585 16585 16585 
16578 16571 16522 16522 16522 16522 16522 16522 16522 16530 16530 16497 16497 16497 16497 16497 16497 16497 16497 16497 16497 16497 16495 16495 16495 16495 16495 16495 16495 16495 16495 16495 16495 16495 16495 16495 16495 16495 16495 16495 16495 16495 16495 16495 16495 
16491 16491 16481 16481 16481 16481 16481 16481 16481 16450 16481 16481 16450 16450 16450 16450 16450 16450 16450 16450 16450 16450 16450 16471 16470 16453 16453 16453 16453 16450 16450 16450 16450 16450 16453 16450 16450 16450 16450 16450 16450 16450 16450 16450 16450 
16443 16387 16387 16387 16387 16387 16387 16387 16387 16395 16395 16378 16362 16362 16362 16362 16362 16362 16362 16362 16362 16362 16360 16360 16360 16360 16360 16360 16360 16360 16360 16360 16360 16360 16360 16360 16360 16360 16360 16360 16360 16360 16360 16360 16360 
16356 16356 16335 16348 16318 16348 16301 16301 16301 16346 16301 16301 16301 16301 16301 16301 16301 16301 16301 16301 16301 16301 16301 16336 16301 16318 16301 16301 16301 16301 16301 16301 16301 16301 16318 16301 16301 16301 16301 16301 16301 16301 16301 16301 16301 16301 16301 16301 16301 16301 16301 16301 16301 16301 16301 16301 
16294 16217 16217 16273 16217 16217 16217 16217 16217 16217 16217 16217 16226 16226 16226 16181 16181 16181 16181 16181 16181 16181 16181 16181 16181 16181 16181 16181 16181 16181 16179 16179 16179 16179 16179 16179 16179 16179 16179 16179 16179 16179 16179 16179 16179 16179 16179 16179 16179 16179 16179 16179 16179 16179 16179 16179 16179 16179 
16178 16118 16167 16165 16118 16137 16118 16118 16118 16118 16118 16118 16118 16118 16118 16118 16118 16118 16118 16154 16154 16137 16137 16118 16118 16118 16118 16118 16118 16118 16118 16118 16118 16118 16118 16137 16137 16137 16137 16118 16118 16118 16118 16118 16118 16118 16118 16118 16118 16118 16118 16118 16118 16118 16118 16118 16118 16118 16118 
16111 16090 16034 16034 16034 16034 16034 16034 16034 16034 16034 16034 16043 16043 16043 15998 15998 15998 15998 15998 15998 15998 15998 15998 15998 15998 15998 15998 15998 15998 15996 15996 15996 15996 15996 15996 15996 15996 15996 15996 15996 15996 15996 15996 15996 15996 15996 15996 15996 15996 15996 15996 15996 15996 15996 15996 15996 15996 
15995 15935 15982 15982 15935 15935 15935 15935 15935 15935 15935 15935 15935 15935 15935 15935 15935 15935 15935 15935 15935 15935 15971 15935 15935 15935 15935 15935 15935 15935 15935 15935 15935 15935 15935 15935 15935 15935 15935 15935 15935 15935 15935 15935 15935 15935 15935 15935 15935 15935 15935 15935 15935 15935 15935 15935 15935 15935 
15907 15851 15851 15851 15851 15851 15851 15851 15851 15851 15851 15851 15860 15860 15860 15815 15815 15815 15815 15815 15815 15815 15815 15815 15815 15815 15815 15815 15815 15815 15813 15813 15813 15813 15813 15813 15813 15813 15813 15813 15813 15813 15813 15813 15813 15813 15813 15813 15813 15813 15813 15813 15813 15813 15813 15813 15813 
15812 15752 15799 15771 15752 15752 15752 15789 15752 15789 15799 15752 15752 15752 15771 15752 15752 15752 15752 15752 15752 15752 15788 15752 15752 15752 15752 15752 15752 15752 15752 15752 15752 15752 15752 15752 15752 15752 15752 15752 15752 15752 15752 15752 15752 15752 15752 15752 15752 15752 15752 15752 15752 15752 15752 15752 15752 
15745 15668 15668 15668 15668 15668 15668 15668 15668 15668 15668 15668 15677 15677 15677 15632 15632 15632 15632 15632 15632 15632 15632 15632 15632 15632 15632 15632 15632 15632 15630 15630 15630 15630 15630 15630 15630 15630 15630 15630 15630 15630 15630 15630 15630 15630 15630 15630 15630 15630 15630 15630 15630 15630 15630 15630 15630 
15629 15628 15618 15606 15569 15618 15606 15569 15569 15569 15569 15569 15606 15569 15569 15569 15569 15569 15569 15569 15569 15588 15606 15569 15569 15569 15569 15569 15569 15569 15569 15569 15569 15569 15569 15569 15569 15569 15569 15569 15569 15569 15569 15569 15569 15569 15569 15569 15569 15569 15569 15569 15569 15569 15569 15569 15569 
15562 15541 15485 15485 15485 15485 15485 15485 15485 15485 15485 15485 15494 15494 15494 15449 15449 15449 15449 15449 15449 15449 15449 15449 15449 15449 15449 15449 15449 15449 15447 15447 15447 15447 15447 15447 15447 15447 15447 15447 15447 15447 15447 15447 15447 15447 15447 15447 15447 15447 15447 15447 15447 15447 15447 15447 15447 
15446 15445 15386 15405 15386 15386 15429 15429 15386 15386 15386 15386 15423 15386 15386 15386 15429 15386 15386 15386 15423 15405 15422 15423 15422 15386 15386 15386 15406 15406 15406 15405 15405 15405 15406 15406 15406 15406 15406 15406 15386 15386 15386 15386 15386 15386 15386 15386 15386 15386 15386 15386 15386 15386 15386 15386 15386 
15358 15302 15302 15302 15302 15302 15302 15302 15302 15302 15302 15302 15311 15311 15311 15314 15266 15266 15266 15266 15266 15266 15266 15266 15266 15266 15266 15266 15266 15266 15264 15264 15264 15264 15264 15264 15264 15264 15264 15264 15264 15264 15264 15264 15264 15264 15264 15264 15264 15264 15264 15264 15264 15264 15264 15264 15264 
15263 15262 15239 15240 15203 15203 15222 15240 15203 15203 15203 15203 15203 15203 15203 15203 15203 15240 15240 15240 15240 15240 15240 15240 15223 15203 15203 15203 15223 15223 15223 15203 15203 15203 15223 15223 15223 15223 15223 15223 15203 15203 15203 15203 15203 15203 15203 15203 15203 15203 15203 15203 15203 15203 15203 15203 15203 
15175 15189 15119 15119 15119 15119 15119 15119 15119 15119 15119 15119 15128 15128 15128 15083 15083 15083 15083 15083 15083 15083 15083 15083 15083 15083 15083 15083 15083 15083 15081 15081 15081 15081 15081 15081 15081 15081 15081 15081 15081 15081 15081 15081 15081 15081 15081 15081 15081 15081 15081 15081 15081 15081 15081 15081 15081 15081 
15080 15069 15067 15057 15020 15020 15020 15020 15020 15020 15020 15020 15020 15039 15020 15020 15020 15039 15057 15057 15057 15057 15057 15057 15040 15020 15020 15020 15040 15040 15040 15020 15020 15020 15040 15040 15040 15040 15040 15040 15038 15038 15020 15020 15020 15020 15020 15020 15020 15020 15020 15020 15020 15020 15020 15020 15020 15020 
14936 14992 14936 14936 14936 14936 14936 14936 14936 14936 14936 14936 14945 14945 14945 14900 14900 14900 14900 14900 14900 14900 14900 14900 14900 14900 14900 14900 14900 14900 14898 14898 14898 14898 14898 14898 14898 14898 14898 14898 14898 14898 14898 14898 14898 14898 14898 14898 14898 14898 14898 14898 14898 14898 14898 14898 14898 14898 
14897 14886 14884 14874 14837 14874 14874 14874 14857 14874 14837 14837 14837 14837 14880 14837 14837 14856 14837 14837 14837 14837 14874 14874 14857 14857 14857 14857 14857 14857 14857 14857 14857 14857 14857 14857 14857 14857 14857 14857 14855 14855 14837 14837 14837 14837 14837 14837 14837 14837 14837 14837 14837 14837 14837 14837 14837 14837 
14753 14809 14753 14753 14753 14753 14753 14753 14753 14753 14753 14753 14762 14762 14762 14717 14717 14717 14717 14717 14717 14717 14717 14717 14717 14717 14717 14717 14717 14717 14715 14715 14715 14715 14715 14715 14715 14715 14715 14715 14715 14715 14715 14715 14715 14715 14715 14715 14715 14715 14715 14715 14715 14715 14715 14715 14715 14715 
14714 14690 14703 14691 14654 14654 14691 14673 14672 14654 14654 14654 14673 14673 14654 14654 14654 14654 14654 14654 14691 14691 14691 14691 14674 14674 14674 14674 14674 14674 14674 14674 14674 14674 14674 14674 14674 14674 14674 14674 14672 14672 14654 14654 14654 14654 14654 14654 14654 14654 14654 14654 14654 14654 14654 14654 14654 14654 
14570 14626 14570 14570 14570 14570 14570 14570 14570 14570 14570 14570 14579 14579 14579 14534 14534 14534 14534 14534 14534 14534 14534 14534 14534 14534 14534 14534 14534 14534 14532 14532 14532 14532 14532 14532 14532 14532 14532 14532 14532 14532 14532 14532 14532 14532 14532 14532 14532 14532 14532 14532 14532 14532 14532 14532 14532 14532 
14531 14507 14520 14508 14471 14471 14508 14490 14489 14471 14471 14471 14490 14490 14471 14471 14471 14471 14471 14471 14508 14508 14508 14508 14491 14491 14491 14491 14491 14491 14491 14491 14491 14491 14491 14491 14491 14491 14491 14491 14489 14489 14471 14471 14471 14471 14471 14471 14471 14471 14471 14471 14471 14471 14471 14471 14471 14471 
14387 14443 14387 14387 14387 14387 14387 14387 14387 14387 14387 14387 14396 14396 14396 14351 14351 14351 14351 14351 14351 14351 14351 14351 14351 14351 14351 14351 14351 14351 14349 14349 14349 14349 14349 14349 14349 14349 14349 14349 14349 14349 14349 14349 14349 14349 14349 14349 14349 14349 14349 14349 14349 14349 14349 14349 14349 14349 
14348 14324 14337 14325 14288 14288 14325 14307 14306 14288 14288 14288 14307 14307 14288 14288 14288 14288 14288 14288 14325 14325 14325 14325 14308 14308 14308 14308 14308 14308 14308 14308 14308 14308 14308 14308 14308 14308 14308 14308 14306 14306 14288 14288 14288 14288 14288 14288 14288 14288 14288 14288 14288 14288 14288 14288 14288 14288 
14204 14260 14204 14204 14204 14204 14204 14204 14204 14204 14204 14204 14213 14213 14213 14168 14168 14168 14168 14168 14168 14168 14168 14168 14168 14168 14168 14168 14168 14168 14166 14166 14166 14166 14166 14166 14166 14166 14166 14166 14166 14166 14166 14166 14166 14166 14166 14166 14166 14166 14166 14166 14166 14166 14166 14166 14166 14166 
14165 14141 14154 14142 14105 14105 14142 14124 14123 14105 14105 14105 14124 14124 14105 14105 14105 14105 14105 14105 14142 14142 14142 14142 14125 14125 14125 14125 14125 14125 14125 14125 14125 14125 14125 14125 14125 14125 14125 14125 14123 14123 14105 14105 14105 14105 14105 14105 14105 14105 14105 14105 14105 14105 14105 14105 14105 14105 
14021 14077 14021 14021 14021 14021 14021 14021 14021 14021 14021 14021 14030 14030 14030 13985 13985 13985 13985 13985 13985 13985 13985 13985 13985 13985 13985 13985 13985 13985 13983 13983 13983 13983 13983 13983 13983 13983 13983 13983 13983 13983 13983 13983 13983 13983 13983 13983 13983 13983 13983 13983 13983 13983 13983 13983 13983 13983 13983 
13982 13958 13971 13959 13945 13945 13959 13945 13945 13945 13945 13945 13945 13945 13945 13945 13945 13945 13945 13945 13959 13959 13959 13959 13945 13945 13945 13945 13945 13945 13945 13945 13945 13945 13945 13945 13945 13945 
13917 13917 13917 13896 13896 13896 13896 13900 13900 13869 13869 13869 13869 13869 13869 13869 13869 13869 13869 13869 13869 13869 13869 13869 13869 13869 13869 13869 13869 13869 13873 13869 13869 13869 13869 13869 13869 13869 
13868 13855 13855 13855 13855 13855 13855 13855 13855 13855 13855 13855 13855 13855 
13841 13841 13840 13835 13827 13827 13827 13827 13827 13827 13827 13827 13827 13827 
13817 13816 13813 13813 13813 13816 13813 13813 13813 13813 13813 13813 13813 13813 
13799 13799 13798 13785 13793 13785 13785 13785 13785 13785 13785 13785 13785 13785 
13784 13774 13771 13773 13771 13771 13771 13771 13771 13771 13771 13771 13771 13771 
13757 13757 13756 13743 13743 13743 13743 13743 13743 13743 13743 13743 13743 13743 
13742 13732 13729 13729 13733 13729 13729 13729 13729 13729 13729 13729 13729 13729 
13715 13715 13714 13709 13701 13701 13701 13701 13701 13701 13701 13701 13701 13701 
13700 13695 13695 13695 13695 13695 
13688 13683 13683 13683 13683 13683 
13682 13678 13677 13677 13677 13677 
13670 13669 13665 13665 13665 13665 
13664 
13662 
13661 
13659 
13658 
13656 
13655 
13653 
13652 
13650 
13649 
13647 
13646 
13644 
13643 
13641 
13640 
13638 
13637 
13635 
13634 
13632 
13631 
13629 
13628 
13626 
13625 
13623 
13622 
13620 
13619 
13617 
13616 
13614 
13613 
13611 
13610 
13608 
13607 
13605 
13604 
13602 
13601 
13599 
13598 
13596 
13595 
13593 
13592 
13590 
13589 
13587 
13586 
13584 
13583 
13581 
13580 
13578 
13577 
13575 
13574 
13572 
13571 
13569 
13568 
13566 
13565 
13563 
13562 
13560 
13559 
13557 
13556 
13554 
13553 
13551 
13550 
13548 
13547 
13545 
13544 
13542 
13541 
13539 
13538 
13536 
13535 
13533 
13532 
13530 
13529 
13527 
13526 
13524 
13523 
13521 
13520 
13518 
13517 
13515 
13514 
13512 
13511 
13509 
13508 
13506 
13505 
13503 
13502 
13500 
13499 
13497 
13496 
13494 
13493 
13491 
13490 
13488 
13487 
13485 
13484 
13482 
13481 
13479 
13478 
13476 
13475 
13473 
13472 
13470 
13469 
13467 
13466 
13464 
13463 
13461 
13460 
13458 
13457 
13455 
13454 
13452 
13451 
13449 
13448 
13446 
13445 
13443 
13442 
13440 
13439 
13437 
13436 
13434 
13433 
13431 
13430 
13428 
13427 
13425 
13424 
13422 
13421 
13419 
13418 
13416 
13415 
13413 
13412 
13410 
13409 
13407 
13406 
13404 
13403 
13401 
13400 
13398 
13397 
13395 
13394 
13392 
13391 
13389 
13388 
13386 
13385 
13383 
13382 
13380 
13379 
13377 
13376 
13374 
13373 
13371 
13370 
13368 
13367 
13365 
13364 
13362 
13361 
13359 
13358 
13356 
13355 
13353 
13352 
13350 
13349 
13347 
13346 
13344 
13343 
13341 
13340 
13338 
13337 
13335 
13334 
13332 
13331 
13329 
13328 
13326 
13325 
13323 
13322 
13320 
13319 
13317 
13316 
13314 
13313 
13311 
13310 
13308 
13307 
13305 
13304 
13302 
13301 
13299 
13298 
13296 
13295 
13293 
13292 
13290 
13289 
13287 
13286 
13284 
13283 
13281 
13280 
13278 
13277 
13275 
13274 
13272 
13271 
13269 
13268 
13266 
13265 
13263 
13262 
13260 
13259 
13257 
13256 
13254 
13253 
13251 
13250 
13248 
13247 
13245 
13244 
13242 
13241 
13239 
13238 
13236 
13235 
13233 
13232 
13230 
13229 
13227 
13226 
13224 
13223 
13221 
13220 
13218 
13217 
13215 
13214 
13212 
13211 
13209 
13208 
13206 
13205 
13203 
13202 
13200 
13199 
13197 
13196 
13194 
13193 
13191 
13190 
13188 
13187 
13185 
13184 
13182 
13181 
13179 
13178 
13176 
13175 
13173 
13172 
13170 
13169 
13167 
13166 
13164 
13163 
13161 
13160 
13158 
13157 
13155 
13154 
13152 
13151 
13149 
13148 
13146 
13145 
13143 
13142 
13140 
13139 
13137 
13136 
13134 
13133 
13131 
13130 
13128 
13127 
13125 
13124 
13122 
13121 
13119 
13118 
13116 
13115 
13113 
13112 
13110 
13109 
13107 
13106 
13104 
13103 
13101 
13100 
13098 
13097 
13095 
13094 
13092 
13091 
13089 
13088 
13086 
13085 
13083 
13082 
13080 
13079 
13077 
13076 
13074 
13073 
13071 
13070 
13068 
13067 
13065 
13064 
13062 
13061 
13059 
13058 
13056 
13055 
13053 
13052 
13050 
13049 
13047 
13046 
13044 
13043 
13041 
13040 
13038 
13037 
13035 
13034 
13032 
13031 
13029 
13028 
13026 
13025 
13023 
13022 
13020 
13019 
13017 
13016 
13014 
13013 
13011 
13010 
13008 
13007 
13005 
13004 
13002 
13001 
12999 
12998 
12996 
12995 
12993 
12992 
12990 
12989 
12987 
12986 
12984 
12983 
12981 
12980 
12978 
12977 
12975 
12974 
12972 
12971 
12969 
12968 
12966 
12965 
12963 
12962 
12960 
12959 
12957 
12956 
12954 
12953 
12951 
12950 
12948 
12947 
12945 
12944 
12942 
12941 
12939 
12938 
12936 
12935 
12933 
12932 
12930 
12929 
12927 
12926 
12924 
12923 
12921 
12920 
12918 
12917 
12915 
12914 
12912 
12911 
12909 
12908 
12906 
12905 
12903 
12902 
12900 
12899 
12897 
12896 
12894 
12893 
12891 
12890 
12888 
12887 
12885 
12884 
12882 
12881 
12879 
12878 
12876 
12875 
12873 
12872 
12870 
12869 
12867 
12866 
12864 
12863 
12861 
12860 
12858 
12857 
12855 
12854 
12852 
12851 
12849 
12848 
12846 
12845 
12843 
12842 
12840 
12839 
12837 
12836 
12834 
12833 
12831 
12830 
12828 
12827 
12825 
12824 
12822 
12821 
12819 
12818 
12816 
12815 
12813 
12812 
12810 
12809 
12807 
12806 
12804 
12803 
12801 
12800 
12798 
12797 
12795 
12794 
12792 
12791 
12789 
12788 
12786 
12785 
12783 
12782 
12780 
12779 
12777 
12776 
12774 
12773 
12771 
12770 
12768 
12767 
12765 
12764 
12762 
12761 
12759 
12758 
12756 
12755 
12753 
12752 
12750 
12749 
12747 
12746 
12744 
12743 
12741 
12740 
12738 
12737 
12735 
12734 
12732 
12731 
12729 
12728 
12726 
12725 
12723 
12722 
12720 
12719 
12717 
12716 
12714 
12713 
12711 
12710 
12708 
12707 
12705 
12704 
12702 
12701 
12699 
12698 
12696 
12695 
12693 
12692 
12690 
12689 
12687 
12686 
12684 
12683 
12681 
12680 
12678 
12677 
12675 
12674 
12672 
12671 
12669 
12668 
12666 
12665 
12663 
12662 
12660 
12659 
12657 
12656 
12654 
12653 
12651 
12650 
12648 
12647 
12645 
12644 
12642 
12641 
12639 
12638 
12636 
12635 
12633 
12632 
12630 
12629 
12627 
12626 
12624 
12623 
12621 
12620 
12618 
12617 
12615 
12614 
12612 
12611 
12609 
12608 
12606 
12605 
12603 
12602 
12600 
12599 
12597 
12596 
12594 
12593 
12591 
12590 
12588 
12587 
12585 
12584 
12582 
12581 
12579 
12578 
12576 
12575 
12573 
12572 
12570 
12569 
12567 
12566 
12564 
12563 
12561 
12560 
12558 
12557 
12555 
12554 
12552 
12551 
12549 
12548 
12546 
12545 
12543 
12542 
12540 
12539 
12537 
12536 
12534 
12533 
12531 
12530 
12528 
12527 
12525 
12524 
12522 
12521 
12519 
12518 
12516 
12515 
12513 
12512 
12510 
12509 
12507 
12506 
12504 
12503 
12501 
12500 
12498 
12497 
12495 
12494 
12492 
12491 
12489 
12488 
12486 
12485 
12483 
12482 
12480 
12479 
12477 
12476 
12474 
12473 
12471 
12470 
12468 
12467 
12465 
12464 
12462 
12461 
12459 
12458 
12456 
12455 
12453 
12452 
12450 
12449 
12447 
12446 
12444 
12443 
12441 
12440 
12438 
12437 
12435 
12434 
12432 
12431 
12429 
12428 
12426 
12425 
12423 
12422 
12420 
12419 
12417 
12416 
12414 
12413 
12411 
12410 
12408 
12407 
12405 
12404 
12402 
12401 
12399 
12398 
12396 
12395 
12393 
12392 
12390 
12389 
12387 
12386 
12384 
12383 
12381 
12380 
12378 
12377 
12375 
12374 
12372 
12371 
12369 
12368 
12366 
12365 
12363 
12362 
12360 
12359 
12357 
12356 
12354 
12353 
12351 
12350 
12348 
12347 
12345 
12344 
12342 
12341 
12339 
12338 
12336 
12335 
12333 
12332 
12330 
12329 
12327 
12326 
12324 
12323 
12321 
12320 
12318 
12317 
12315 
12314 
12312 
12311 
12309 
12308 
12306 
12305 
12303 
12302 
12300 
12299 
12297 
12296 
12294 
12293 
12291 
12290 
12288 
12287 
12285 
12284 
12282 
12281 
12279 
12278 
12276 
12275 
12273 
12272 
12270 
12269 
12267 
12266 
12264 
12263 
12261 
12260 
12258 
12257 
12255 
12254 
12252 
12251 
12249 
12248 
12246 
12245 
12243 
12242 
12240 
12239 
12237 
12236 
12234 
12233 
12231 
12230 
12228 
12227 
12225 
12224 
12222 
12221 
12219 
12218 
12216 
12215 
12213 
12212 
12210 
12209 
12207 
12206 
12204 
12203 
12201 
12200 
12198 
12197 
12195 
12194 
12192 
12191 
12189 
12188 
12186 
12185 
12183 
12182 
12180 
12179 
12177 
12176 
12174 
12173 
12171 
12170 
12168 
12167 
12165 
12164 
12162 
12161 
12159 
12158 
12156 
12155 
12153 
12152 
12150 
12149 
12147 
12146 
12144 
12143 
12141 
12140 
12138 
12137 
12135 
12134 
12132 
12131 
12129 
12128 
12126 
12125 
12123 
12122 
12120 
12119 
12117 
12116 
12114 
12113 
12111 
12110 
12108 
12107 
12105 
12104 
12102 
12101 
12099 
12098 
12096 
12095 
12093 
12092 
12090 
12089 
12087 
12086 
12084 
12083 
12081 
12080 
12078 
12077 
12075 
12074 
12072 
12071 
12069 
12068 
12066 
12065 
12063 
12062 
12060 
12059 
12057 
12056 
12054 
12053 
12051 
12050 
12048 
12047 
12045 
12044 
12042 
12041 
12039 
12038 
12036 
12035 
12033 
12032 
12030 
12029 
12027 
12026 
12024 
12023 
12021 
12020 
12018 
12017 
12015 
12014 
12012 
12011 
12009 
12008 
12006 
12005 
12003 
12002 
12000 
11999 
11997 
11996 
11994 
11993 
11991 
11990 
11988 
11987 
11985 
11984 
11982 
11981 
11979 
11978 
11976 
11975 
11973 
11972 
11970 
11969 
11967 
11966 
11964 
11963 
11961 
11960 
11958 
11957 
11955 
11954 
11952 
11951 
11949 
11948 
11946 
11945 
11943 
11942 
11940 
11939 
11937 
11936 
11934 
11933 
11931 
11930 
11928 
11927 
11925 
11924 
11922 
11921 
11919 
11918 
11916 
11915 
11913 
11912 
11910 
11909 
11907 
11906 
11904 
11903 
11901 
11900 
11898 
11897 
11895 
11894 
11892 
11891 
11889 
11888 
11886 
11885 
11883 
11882 
11880 
11879 
11877 
11876 
11874 
11873 
11871 
11870 
11868 
11867 
11865 
11864 
11862 
11861 
11859 
11858 
11856 
11855 
11853 
11852 
11850 
11849 
11847 
11846 
11844 
11843 
11841 
11840 
11838 
11837 
11835 
11834 
11832 
11831 
11829 
11828 
11826 
11825 
11823 
11822 
11820 
11819 
11817 
11816 
11814 
11813 
11811 
11810 
11808 
11807 
11805 
11804 
11802 
11801 
11799 
11798 
11796 
11795 
11793 
11792 
11790 
11789 
11787 
11786 
11784 
11783 
11781 
11780 
11778 
11777 
11775 
11774 
11772 
11771 
11769 
11768 
11766 
11765 
11763 
11762 
11760 
11759 
11757 
11756 
11754 
11753 
11751 
11750 
11748 
11747 
11745 
11744 
11742 
11741 
11739 
11738 
11736 
11735 
11733 
11732 
11730 
11729 
11727 
11726 
11724 
11723 
11721 
11720 
11718 
11717 
11715 
11714 
11712 
11711 
11709 
11708 
11706 
11705 
11703 
11702 
11700 
11699 
11697 
11696 
11694 
11693 
11691 
11690 
11688 
11687 
11685 
11684 
11682 
11681 
11679 
11678 
11676 
11675 
11673 
11672 
11670 
11669 
11667 
11666 
11664 
11663 
11661 
11660 
11658 
11657 
11655 
11654 
11652 
11651 
11649 
11648 
11646 
11645 
11643 
11642 
11640 
11639 
11637 
11636 
11634 
11633 
11631 
11630 
11628 
11627 
11625 
11624 
11622 
11621 
11619 
11618 
11616 
11615 
11613 
11612 
11610 
11609 
11607 
11606 
11604 
11603 
11601 
11600 
11598 
11597 
11595 
11594 
11592 
11591 
11589 
11588 
11586 
11585 
11583 
11582 
11580 
11579 
11577 
11576 
11574 
11573 
11571 
11570 
11568 
11567 
11565 
11564 
11562 
11561 
11559 
11558 
11556 
11555 
11553 
11552 
11550 
11549 
11547 
11546 
11544 
11543 
11541 
11540 
11538 
11537 
11535 
11534 
11532 
11531 
11529 
11528 
11526 
11525 
11523 
11522 
11520 
11519 
11517 
11516 
11514 
11513 
11511 
11510 
11508 
11507 
11505 
11504 
11502 
11501 
11499 
11498 
11496 
11495 
11493 
11492 
11490 
11489 
11487 
11486 
11484 
11483 
11481 
11480 
11478 
11477 
11475 
11474 
11472 
11471 
11469 
11468 
11466 
11465 
11463 
11462 
11460 
11459 
11457 
11456 
11454 
11453 
11451 
11450 
11448 
11447 
11445 
11444 
11442 
11441 
11439 
11438 
11436 
11435 
11433 
11432 
11430 
11429 
11427 
11426 
11424 
11423 
11421 
11420 
11418 
11417 
11415 
11414 
11412 
11411 
11409 
11408 
11406 
11405 
11403 
11402 
11400 
11399 
11397 
11396 
11394 
11393 
11391 
11390 
11388 
11387 
11385 
11384 
11382 
11381 
11379 
11378 
11376 
11375 
11373 
11372 
11370 
11369 
11367 
11366 
11364 
11363 
11361 
11360 
11358 
11357 
11355 
11354 
11352 
11351 
11349 
11348 
11346 
11345 
11343 
11342 
11340 
11339 
11337 
11336 
11334 
11333 
11331 
11330 
11328 
11327 
11325 
11324 
11322 
11321 
11319 
11318 
11316 
11315 
11313 
11312 
11310 
11309 
11307 
11306 
11304 
11303 
11301 
11300 
11298 
11297 
11295 
11294 
11292 
11291 
11289 
11288 
11286 
11285 
11283 
11282 
11280 
11279 
11277 
11276 
11274 
11273 
11271 
11270 
11268 
11267 
11265 
11264 
11262 
11261 
11259 
11258 
11256 
11255 
11253 
11252 
11250 
11249 
11247 
11246 
11244 
11243 
11241 
11240 
11238 
11237 
11235 
11234 
11232 
11231 
11229 
11228 
11226 
11225 
11223 
11222 
11220 
11219 
11217 
11216 
11214 
11213 
11211 
11210 
11208 
11207 
11205 
11204 
11202 
11201 
11199 
11198 
11196 
11195 
11193 
11192 
11190 
11189 
11187 
11186 
11184 
11183 
11181 
11180 
11178 
11177 
11175 
11174 
11172 
11171 
11169 
11168 
11166 
11165 
11163 
11162 
11160 
11159 
11157 
11156 
11154 
11153 
11151 
11150 
11148 
11147 
11145 
11144 
11142 
11141 
11139 
11138 
11136 
11135 
11133 
11132 
11130 
11129 
11127 
11126 
11124 
11123 
11121 
11120 
11118 
11117 
11115 
11114 
11112 
11111 
11109 
11108 
11106 
11105 
11103 
11102 
11100 
11099 
11097 
11096 
11094 
11093 
11091 
11090 
11088 
11087 
11085 
11084 
11082 
11081 
11079 
11078 
11076 
11075 
11073 
11072 
11070 
11069 
11067 
11066 
11064 
11063 
11061 
11060 
11058 
11057 
11055 
11054 
11052 
11051 
11049 
11048 
11046 
11045 
11043 
11042 
11040 
11039 
11037 
11036 
11034 
11033 
11031 
11030 
11028 
11027 
11025 
11024 
11022 
11021 
11019 
11018 
11016 
11015 
11013 
11012 
11010 
11009 
11007 
11006 
11004 
11003 
11001 
11000 
10998 
10997 
10995 
10994 
10992 
10991 
10989 
10988 
10986 
10985 
10983 
10982 
10980 
10979 
10977 
10976 
10974 
10973 
10971 
10970 
10968 
10967 
10965 
10964 
10962 
10961 
10959 
10958 
10956 
10955 
10953 
10952 
10950 
10949 
10947 
10946 
10944 
10943 
10941 
10940 
10938 
10937 
10935 
10934 
10932 
10931 
10929 
10928 
10926 
10925 
10923 
10922 
10920 
10919 
10917 
10916 
10914 
10913 
10911 
10910 
10908 
10907 
10905 
10904 
10902 
10901 
10899 
10898 
10896 
10895 
10893 
10892 
10890 
10889 
10887 
10886 
10884 
10883 
10881 
10880 
10878 
10877 
10875 
10874 
10872 
10871 
10869 
10868 
10866 
10865 
10863 
10862 
10860 
10859 
10857 
10856 
10854 
10853 
10851 
10850 
10848 
10847 
10845 
10844 
10842 
10841 
10839 
10838 
10836 
10835 
10833 
10832 
10830 
10829 
10827 
10826 
10824 
10823 
10821 
10820 
10818 
10817 
10815 
10814 
10812 
10811 
10809 
10808 
10806 
10805 
10803 
10802 
10800 
10799 
10797 
10796 
10794 
10793 
10791 
10790 
10788 
10787 
10785 
10784 
10782 
10781 
10779 
10778 
10776 
10775 
10773 
10772 
10770 
10769 
10767 
10766 
10764 
10763 
10761 
10760 
10758 
10757 
10755 
10754 
10752 
10751 
10749 
10748 
10746 
10745 
10743 
10742 
10740 
10739 
10737 
10736 
10734 
10733 
10731 
10730 
10728 
10727 
10725 
10724 
10722 
10721 
10719 
10718 
10716 
10715 
10713 
10712 
10710 
10709 
10707 
10706 
10704 
10703 
10701 
10700 
10698 
10697 
10695 
10694 
10692 
10691 
10689 
10688 
10686 
10685 
10683 
10682 
10680 
10679 
10677 
10676 
10674 
10673 
10671 
10670 
10668 
10667 
10665 
10664 
10662 
10661 
10659 
10658 
10656 
10655 
10653 
10652 
10650 
10649 
10647 
10646 
10644 
10643 
10641 
10640 
10638 
10637 
10635 
10634 
10632 
10631 
10629 
10628 
10626 
10625 
10623 
10622 
10620 
10619 
10617 
10616 
10614 
10613 
10611 
10610 
10608 
10607 
10605 
10604 
10602 
10601 
10599 
10598 
10596 
10595 
10593 
10592 
10590 
10589 
10587 
10586 
10584 
10583 
10581 
10580 
10578 
10577 
10575 
10574 
10572 
10571 
10569 
10568 
10566 
10565 
10563 
10562 
10560 
10559 
10557 
10556 
10554 
10553 
10551 
10550 
10548 
10547 
10545 
10544 
10542 
10541 
10539 
10538 
10536 
10535 
10533 
10532 
10530 
10529 
10527 
10526 
10524 
10523 
10521 
10520 
10518 
10517 
10515 
10514 
10512 
10511 
10509 
10508 
10506 
10505 
10503 
10502 
10500 
10499 
10497 
10496 
10494 
10493 
10491 
10490 
10488 
10487 
10485 
10484 
10482 
10481 
10479 
10478 
10476 
10475 
10473 
10472 
10470 
10469 
10467 
10466 
10464 
10463 
10461 
10460 
10458 
10457 
10455 
10454 
10452 
10451 
10449 
10448 
10446 
10445 
10443 
10442 
10440 
10439 
10437 
10436 
10434 
10433 
10431 
10430 
10428 
10427 
10425 
10424 
10422 
10421 
10419 
10418 
10416 
10415 
10413 
10412 
10410 
10409 
10407 
10406 
10404 
10403 
10401 
10400 
10398 
10397 
10395 
10394 
10392 
10391 
10389 
10388 
10386 
10385 
10383 
10382 
10380 
10379 
10377 
10376 
10374 
10373 
10371 
10370 
10368 
10367 
10365 
10364 
10362 
10361 
10359 
10358 
10356 
10355 
10353 
10352 
10350 
10349 
10347 
10346 
10344 
10343 
10341 
10340 
10338 
10337 
10335 
10334 
10332 
10331 
10329 
10328 
10326 
10325 
10323 
10322 
10320 
10319 
10317 
10316 
10314 
10313 
10311 
10310 
10308 
10307 
10305 
10304 
10302 
10301 
10299 
10298 
10296 
10295 
10293 
10292 
10290 
10289 
10287 
10286 
10284 
10283 
10281 
10280 
10278 
10277 
10275 
10274 
10272 
10271 
10269 
10268 
10266 
10265 
10263 
10262 
10260 
10259 
10257 
10256 
10254 
10253 
10251 
10250 
10248 
10247 
10245 
10244 
10242 
10241 
10239 
10238 
10236 
10235 
10233 
10232 
10230 
10229 
10227 
10226 
10224 
10223 
10221 
10220 
10218 
10217 
10215 
10214 
10212 
10211 
10209 
10208 
10206 
10205 
10203 
10202 
10200 
10199 
10197 
10196 
10194 
10193 
10191 
10190 
10188 
10187 
10185 
10184 
10182 
10181 
10179 
10178 
10176 
10175 
10173 
10172 
10170 
10169 
10167 
10166 
10164 
10163 
10161 
10160 
10158 
10157 
10155 
10154 
10152 
10151 
10149 
10148 
10146 
10145 
10143 
10142 
10140 
10139 
10137 
10136 
10134 
10133 
10131 
10130 
10128 
10127 
10125 
10124 
10122 
10121 
10119 
10118 
10116 
10115 
10113 
10112 
10110 
10109 
10107 
10106 
10104 
10103 
10101 
10100 
10098 
10097 
10095 
10094 
10092 
10091 
10089 
10088 
10086 
10085 
10083 
10082 
10080 
10079 
10077 
10076 
10074 
10073 
10071 
10070 
10068 
10067 
10065 
10064 
10062 
10061 
10059 
10058 
10056 
10055 
10053 
10052 
10050 
10049 
10047 
10046 
10044 
10043 
10041 
10040 
10038 
10037 
10035 
10034 
10032 
10031 
10029 
10028 
10026 
10025 
10023 
10022 
10020 
10019 
10017 
10016 
10014 
10013 
10011 
10010 
10008 
10007 
10005 
10004 
10002 
10001 
9999 
9998 
9996 
9995 
9993 
9992 
9990 
9989 
9987 
9986 
9984 
9983 
9981 
9980 
9978 
9977 
9975 
9974 
9972 
9971 
9969 
9968 
9966 
9965 
9963 
9962 
9960 
9959 
9957 
9956 
9954 
9953 
9951 
9950 
9948 
9947 
9945 
9944 
9942 
9941 
9939 
9938 
9936 
9935 
9933 
9932 
9930 
9929 
9927 
9926 
9924 
9923 
9921 
9920 
9918 
9917 
9915 
9914 
9912 
9911 
9909 
9908 
9906 
9905 
9903 
9902 
9900 
9899 
9897 
9896 
9894 
9893 
9891 
9890 
9888 
9887 
9885 
9884 
9882 
9881 
9879 
9878 
9876 
9875 
9873 
9872 
9870 
9869 
9867 
9866 
9864 
9863 
9861 
9860 
9858 
9857 
9855 
9854 
9852 
9851 
9849 
9848 
9846 
9845 
9843 
9842 
9840 
9839 
9837 
9836 
9834 
9833 
9831 
9830 
9828 
9827 
9825 
9824 
9822 
9821 
9819 
9818 
9816 
9815 
9813 
9812 
9810 
9809 
9807 
9806 
9804 
9803 
9801 
9800 
9798 
9797 
9795 
9794 
9792 
9791 
9789 
9788 
9786 
9785 
9783 
9782 
9780 
9779 
9777 
9776 
9774 
9773 
9771 
9770 
9768 
9767 
9765 
9764 
9762 
9761 
9759 
9758 
9756 
9755 
9753 
9752 
9750 
9749 
9747 
9746 
9744 
9743 
9741 
9740 
9738 
9737 
9735 
9734 
9732 
9731 
9729 
9728 
9726 
9725 
9723 
9722 
9720 
9719 
9717 
9716 
9714 
9713 
9711 
9710 
9708 
9707 
9705 
9704 
9702 
9701 
9699 
9698 
9696 
9695 
9693 
9692 
9690 
9689 
9687 
9686 
9684 
9683 
9681 
9680 
9678 
9677 
9675 
9674 
9672 
9671 
9669 
9668 
9666 
9665 
9663 
9662 
9660 
9659 
9657 
9656 
9654 
9653 
9651 
9650 
9648 
9647 
9645 
9644 
9642 
9641 
9639 
9638 
9636 
9635 
9633 
9632 
9630 
9629 
9627 
9626 
9624 
9623 
9621 
9620 
9618 
9617 
9615 
9614 
9612 
9611 
9609 
9608 
9606 
9605 
9603 
9602 
9600 
9599 
9597 
9596 
9594 
9593 
9591 
9590 
9588 
9587 
9585 
9584 
9582 
9581 
9579 
9578 
9576 
9575 
9573 
9572 
9570 
9569 
9567 
9566 
9564 
9563 
9561 
9560 
9558 
9557 
9555 
9554 
9552 
9551 
9549 
9548 
9546 
9545 
9543 
9542 
9540 
9539 
9537 
9536 
9534 
9533 
9531 
9530 
9528 
9527 
9525 
9524 
9522 
9521 
9519 
9518 
9516 
9515 
9513 
9512 
9510 
9509 
9507 
9506 
9504 
9503 
9501 
9500 
9498 
9497 
9495 
9494 
9492 
9491 
9489 
9488 
9486 
9485 
9483 
9482 
9480 
9479 
9477 
9476 
9474 
9473 
9471 
9470 
9468 
9467 
9465 
9464 
9462 
9461 
9459 
9458 
9456 
9455 
9453 
9452 
9450 
9449 
9447 
9446 
9444 
9443 
9441 
9440 
9438 
9437 
9435 
9434 
9432 
9431 
9429 
9428 
9426 
9425 
9423 
9422 
9420 
9419 
9417 
9416 
9414 
9413 
9411 
9410 
9408 
9407 
9405 
9404 
9402 
9401 
9399 
9398 
9396 
9395 
9393 
9392 
9390 
9389 
9387 
9386 
9384 
9383 
9381 
9380 
9378 
9377 
9375 
9374 
9372 
9371 
9369 
9368 
9366 
9365 
9363 
9362 
9360 
9359 
9357 
9356 
9354 
9353 
9351 
9350 
9348 
9347 
9345 
9344 
9342 
9341 
9339 
9338 
9336 
9335 
9333 
9332 
9330 
9329 
9327 
9326 
9324 
9323 
9321 
9320 
9318 
9317 
9315 
9314 
9312 
9311 
9309 
9308 
9306 
9305 
9303 
9302 
9300 
9299 
9297 
9296 
9294 
9293 
9291 
9290 
9288 
9287 
9285 
9284 
9282 
9281 
9279 
9278 
9276 
9275 
9273 
9272 
9270 
9269 
9267 
9266 
9264 
9263 
9261 
9260 
9258 
9257 
9255 
9254 
9252 
9251 
9249 
9248 
9246 
9245 
9243 
9242 
9240 
9239 
9237 
9236 
9234 
9233 
9231 
9230 
9228 
9227 
9225 
9224 
9222 
9221 
9219 
9218 
9216 
9215 
9213 
9212 
9210 
9209 
9207 
9206 
9204 
9203 
9201 
9200 
9198 
9197 
9195 
9194 
9192 
9191 
9189 
9188 
9186 
9185 
9183 
9182 
9180 
9179 
9177 
9176 
9174 
9173 
9171 
9170 
9168 
9167 
9165 
9164 
9162 
9161 
9159 
9158 
9156 
9155 
9153 
9152 
9150 
9149 
9147 
9146 
9144 
9143 
9141 
9140 
9138 
9137 
9135 
9134 
9132 
9131 
9129 
9128 
9126 
9125 
9123 
9122 
9120 
9119 
9117 
9116 
9114 
9113 
9111 
9110 
9108 
9107 
9105 
9104 
9102 
9101 
9099 
9098 
9096 
9095 
9093 
9092 
9090 
9089 
9087 
9086 
9084 
9083 
9081 
9080 
9078 
9077 
9075 
9074 
9072 
9071 
9069 
9068 
9066 
9065 
9063 
9062 
9060 
9059 
9057 
9056 
9054 
9053 
9051 
9050 
9048 
9047 
9045 
9044 
9042 
9041 
9039 
9038 
9036 
9035 
9033 
9032 
9030 
9029 
9027 
9026 
9024 
9023 
9021 
9020 
9018 
9017 
9015 
9014 
9012 
9011 
9009 
9008 
9006 
9005 
9003 
9002 
9000 
8999 
8997 
8996 
8994 
8993 
8991 
8990 
8988 
8987 
8985 
8984 
8982 
8981 
8979 
8978 
8976 
8975 
8973 
8972 
8970 
8969 
8967 
8966 
8964 
8963 
8961 
8960 
8958 
8957 
8955 
8954 
8952 
8951 
8949 
8948 
8946 
8945 
8943 
8942 
8940 
8939 
8937 
8936 
8934 
8933 
8931 
8930 
8928 
8927 
8925 
8924 
8922 
8921 
8919 
8918 
8916 
8915 
8913 
8912 
8910 
8909 
8907 
8906 
8904 
8903 
8901 
8900 
8898 
8897 
8895 
8894 
8892 
8891 
8889 
8888 
8886 
8885 
8883 
8882 
8880 
8879 
8877 
8876 
8874 
8873 
8871 
8870 
8868 
8867 
8865 
8864 
8862 
8861 
8859 
8858 
8856 
8855 
8853 
8852 
8850 
8849 
8847 
8846 
8844 
8843 
8841 
8840 
8838 
8837 
8835 
8834 
8832 
8831 
8829 
8828 
8826 
8825 
8823 
8822 
8820 
8819 
8817 
8816 
8814 
8813 
8811 
8810 
8808 
8807 
8805 
8804 
8802 
8801 
8799 
8798 
8796 
8795 
8793 
8792 
8790 
8789 
8787 
8786 
8784 
8783 
8781 
8780 
8778 
8777 
8775 
8774 
8772 
8771 
8769 
8768 
8766 
8765 
8763 
8762 
8760 
8759 
8757 
8756 
8754 
8753 
8751 
8750 
8748 
8747 
8745 
8744 
8742 
8741 
8739 
8738 
8736 
8735 
8733 
8732 
8730 
8729 
8727 
8726 
8724 
8723 
8721 
8720 
8718 
8717 
8715 
8714 
8712 
8711 
8709 
8708 
8706 
8705 
8703 
8702 
8700 
8699 
8697 
8696 
8694 
8693 
8691 
8690 
8688 
8687 
8685 
8684 
8682 
8681 
8679 
8678 
8676 
8675 
8673 
8672 
8670 
8669 
8667 
8666 
8664 
8663 
8661 
8660 
8658 
8657 
8655 
8654 
8652 
8651 
8649 
8648 
8646 
8645 
8643 
8642 
8640 
8639 
8637 
8636 
8634 
8633 
8631 
8630 
8628 
8627 
8625 
8624 
8622 
8621 
8619 
8618 
8616 
8615 
8613 
8612 
8610 
8609 
8607 
8606 
8604 
8603 
8601 
8600 
8598 
8598
