53716
38036 
37890 
36246 
33366 
32070 
32060 
32054 
32044 
32038 
32018 
30398 
29467 
29457 
29451 
29441 
29431 
27973 
27137 
27127 
27117 
27111 
27101 
27091 
27085 
27075 
27065 
27059 
27039 
27033 
27023 
27013 
27007 
26997 
26990 
26492 
26207 
26197 
24583 
23671 
23656 
23646 
23636 
23606 
23591 
23581 
23571 
23541 
23526 
23516 
23506 
23476 
23461 
23451 
23441 
23411 
23395 
23383 
23363 
23357 
23337 
22923 
22695 
22681 
22661 
22643 
22629 
22609 
22579 
22564 
22557 
22413 
22337 
22323 
22311 
22297 
22279 
22268 
21530 
21112 
21098 
21092 
21072 
21030 
21011 
20981 
20945 
20926 
20916 
19434 
18750 
18735 
18591 
18573 
18567 
16899 
16869 
15669 
14985 
14961 
14955 
14715 
12711 
12705 
12699 
11655 
11649 
10407 
8823 
6831 
6825 
6821 
6816 
6813 
6810 
6809 
6809
