53716
37966 
37890 
33002 
32250 
32066 
32060 
31490 
31370 
31349 
31304 
31295 
31280 
31270 
31195 
31186 
31171 
31161 
31146 
31135 
31128 
31065 
31035 
31024 
30964 
30934 
30927 
30920 
30902 
30891 
30828 
30813 
30798 
30787 
30772 
30761 
30743 
30732 
30060 
30045 
30015 
29655 
29643 
29633 
29624 
29592 
29587 
29491 
29431 
29425 
29418 
29364 
29334 
29327 
28232 
28202 
28184 
28154 
28142 
28112 
28103 
28088 
28078 
28003 
27994 
27979 
27969 
27894 
27873 
27828 
27810 
27780 
27768 
27738 
27729 
27714 
27704 
27629 
27615 
27559 
27529 
27514 
27507 
27503 
27497 
27287 
27167 
27156 
27045 
26985 
26974 
26959 
26948 
26945 
26930 
26919 
26646 
26481 
26474 
26369 
26309 
26295 
24123 
24063 
24054 
24039 
24029 
23954 
23940 
23910 
23901 
23886 
23876 
23801 
23792 
23777 
23767 
23707 
23692 
23685 
23670 
23658 
23628 
23619 
23604 
23594 
23519 
23510 
23495 
23485 
23410 
23401 
23386 
23376 
23301 
23294 
23279 
23270 
23255 
23245 
23170 
23009 
22979 
22709 
22698 
22691 
22688 
22681 
22678 
22673 
22668 
22661 
22658 
22649 
22642 
22639 
22632 
22428 
22308 
22294 
22207 
22162 
22151 
22115 
22100 
22086 
21894 
21774 
21771 
21764 
21284 
20984 
20453 
20438 
20123 
20012 
19982 
19975 
19960 
19951 
19941 
19926 
19915 
18301 
18256 
17955 
17880 
17865 
17565 
16653 
15891 
13797 
12963 
12840 
12720 
12711 
12114 
11850 
10368 
8343 
7935 
7278 
6825 
6822 
6819 
6816 
6813 
6810 
6810
