53716
37966 
37890 
36390 
34740 
32060 
30767 
30587 
30147 
30136 
29848 
29668 
28678 
28063 
28043 
26576 
26396 
25876 
25846 
25837 
25807 
25783 
25770 
25765 
25755 
25752 
25742 
25730 
25690 
25687 
25654 
25639 
25609 
25606 
25596 
25593 
25583 
25550 
25535 
25505 
24512 
23897 
23867 
23858 
23828 
23819 
23789 
23762 
23747 
23737 
23734 
23724 
23706 
23695 
23685 
23682 
23672 
23648 
23633 
22565 
21905 
21865 
21855 
21843 
21803 
21758 
21745 
21732 
21725 
20822 
20687 
20323 
20310 
20260 
20253 
20243 
20189 
20159 
20139 
20130 
20100 
20097 
20087 
19859 
19724 
19684 
19672 
19665 
19655 
19652 
19642 
19495 
19405 
19395 
19392 
19382 
19340 
19325 
19314 
19304 
19301 
19291 
19288 
19222 
19207 
19192 
19181 
19171 
18889 
18829 
18819 
18807 
18777 
18750 
18687 
18621 
18561 
18459 
17238 
17121 
16944 
15177 
14496 
14415 
12372 
11673 
11547 
11094 
9936 
9876 
9015 
8082 
7881 
6816 
6813 
6810 
6810
