53716
37966 
37894 
34566 
32898 
32890 
32062 
32060 
32059 
32057 
31747 
31723 
31716 
31116 
31109 
31045 
30921 
30917 
30721 
30719 
30714 
30710 
30708 
30404 
30380 
29792 
29785 
29397 
29395 
29393 
29388 
29384 
29382 
29373 
29349 
29345 
29343 
29342 
29340 
29338 
29333 
29329 
29327 
29325 
29321 
29320 
29318 
29313 
29311 
29305 
29289 
29285 
29281 
29273 
29268 
29264 
29262 
29258 
29250 
29246 
29189 
29037 
29030 
29023 
29007 
29005 
29002 
28994 
28992 
28991 
28989 
28987 
28979 
28978 
28976 
28975 
28973 
28971 
28966 
28962 
28957 
28953 
28952 
28950 
28907 
28795 
28788 
28781 
28773 
28771 
28766 
28758 
28753 
28745 
28744 
28742 
28741 
28739 
28730 
28706 
28702 
28700 
28695 
28693 
28690 
28682 
28680 
28678 
28674 
28673 
28671 
28669 
28664 
28660 
28655 
28651 
28647 
28639 
28635 
28628 
28612 
28608 
28606 
28506 
28242 
28228 
28221 
28214 
28186 
28182 
28174 
28170 
28165 
28157 
28152 
28147 
28144 
28136 
28134 
28131 
28123 
28121 
28119 
28115 
28110 
28102 
28097 
28092 
28087 
28079 
28075 
28072 
28068 
28066 
28055 
28031 
28024 
28019 
28003 
28001 
27998 
27990 
27988 
27985 
27977 
27975 
27869 
27589 
27582 
27575 
27523 
27520 
27512 
27510 
27508 
27504 
27500 
27492 
27488 
27483 
27481 
27480 
27478 
27472 
27456 
27452 
27448 
27440 
27436 
27427 
27419 
27411 
27403 
27399 
27397 
27394 
27386 
27384 
27357 
27285 
27278 
27273 
27270 
27262 
27260 
27249 
27225 
27218 
27201 
27153 
27146 
27140 
27124 
27120 
27114 
27098 
27094 
27087 
27071 
27067 
27065 
27051 
27019 
27012 
27010 
26996 
26980 
26956 
26951 
26945 
26929 
26925 
26913 
26881 
26873 
26869 
26861 
26857 
26856 
26854 
26850 
26842 
26837 
26833 
26831 
26827 
26819 
26815 
26807 
26783 
26779 
26762 
26722 
26715 
26711 
26706 
26690 
26688 
26677 
26653 
26646 
26641 
26639 
26638 
26636 
26616 
26568 
26561 
26557 
26555 
26529 
26457 
26450 
26446 
26444 
26328 
26024 
26010 
25950 
25945 
25937 
25932 
25928 
25924 
25923 
25921 
25903 
25887 
25855 
25848 
25846 
25840 
25824 
25820 
25797 
25741 
25734 
25729 
25701 
25629 
25622 
25614 
25612 
25606 
25590 
25586 
25581 
25573 
25568 
25564 
25560 
25559 
25557 
25543 
25511 
25504 
25502 
25472 
25392 
25385 
25378 
25368 
25344 
25339 
25329 
25305 
25300 
25290 
25266 
25261 
25251 
25227 
25222 
25218 
25210 
25206 
25188 
25140 
25133 
25131 
25125 
25109 
25105 
25101 
25093 
25089 
25087 
25082 
25078 
25076 
25074 
25069 
25065 
25063 
25052 
25028 
25021 
25008 
24976 
24969 
24961 
24937 
24933 
24928 
24920 
24915 
24910 
24898 
24866 
24862 
24858 
24850 
24834 
24829 
24821 
24819 
24812 
24796 
24792 
24790 
24777 
24745 
24738 
24719 
24671 
24664 
24660 
24650 
24626 
24621 
24617 
24609 
24605 
24593 
24561 
24556 
24544 
24512 
24507 
24501 
24485 
24481 
24477 
24469 
24465 
24463 
24458 
24454 
24452 
24447 
24439 
24434 
24429 
24423 
24407 
24403 
24399 
24391 
24387 
24377 
24353 
24348 
24336 
24304 
24299 
24291 
24275 
24270 
24266 
24262 
24260 
24255 
24247 
24242 
24238 
24234 
24233 
24231 
24223 
24207 
24202 
24195 
24112 
23896 
23882 
23846 
23844 
23836 
23820 
23815 
23805 
23781 
23776 
23774 
23769 
23765 
23763 
23756 
23740 
23736 
23734 
23724 
23716 
23700 
23695 
23688 
23682 
23666 
23662 
23656 
23640 
23636 
23634 
23629 
23625 
23623 
23613 
23589 
23584 
23574 
23550 
23545 
23535 
23511 
23506 
23503 
23495 
23493 
23491 
23487 
23479 
23463 
23458 
23451 
23443 
23427 
23422 
23415 
23410 
23402 
23397 
23389 
23388 
23386 
23376 
23352 
23347 
23337 
23313 
23308 
23243 
23075 
23061 
23054 
23038 
23029 
23005 
23001 
22999 
22995 
22987 
22983 
22976 
22960 
22956 
22954 
22950 
22942 
22937 
22933 
22931 
22887 
22775 
22761 
22754 
22752 
22742 
22718 
22713 
22712 
22710 
22695 
22655 
22648 
22646 
22641 
22637 
22635 
22632 
22624 
22622 
22620 
22616 
22611 
22609 
22607 
22602 
22598 
22596 
22595 
22593 
22592 
22590 
22581 
22557 
22553 
22551 
22543 
22519 
22515 
22506 
22482 
22478 
22476 
22467 
22443 
22439 
22437 
22400 
22304 
22297 
22290 
22286 
22284 
22278 
22262 
22258 
22252 
22236 
22232 
22228 
22220 
22216 
22204 
22172 
22167 
22159 
22143 
22138 
22109 
22037 
22023 
22021 
22012 
21988 
21984 
21982 
21901 
21685 
21678 
21634 
21633 
21631 
21572 
21420 
21406 
21399 
21387 
21382 
21374 
21369 
21365 
21361 
21360 
21358 
21355 
21347 
21345 
21342 
21334 
21332 
21326 
21310 
21306 
21302 
21294 
21290 
21288 
21280 
21278 
21274 
21269 
21267 
21251 
21211 
21204 
21202 
21187 
21147 
21142 
21140 
21132 
21116 
21111 
21101 
21077 
21072 
21062 
21038 
21033 
21023 
20999 
20994 
20984 
20960 
20955 
20945 
20921 
20916 
20906 
20882 
20877 
20867 
20843 
20838 
20828 
20804 
20799 
20789 
20765 
20760 
20750 
20726 
20721 
20711 
20687 
20682 
20672 
20648 
20643 
20633 
20609 
20604 
20594 
20570 
20565 
20555 
20531 
20526 
20516 
20492 
20487 
20477 
20453 
20448 
20438 
20414 
20409 
20397 
20365 
20360 
20352 
20336 
20331 
20327 
20323 
20321 
20303 
20255 
20243 
20213 
20133 
20113 
20083 
20003 
19983 
19953 
19873 
19853 
19823 
19743 
19723 
19693 
19613 
19593 
19577 
19537 
19530 
19528 
19517 
19493 
19486 
19444 
19332 
19325 
19309 
19307 
19305 
19300 
19296 
19294 
19266 
19194 
19187 
19183 
19179 
19177 
19173 
19165 
19161 
19148 
19116 
19109 
19096 
19064 
19057 
19044 
19012 
19005 
18995 
18981 
18979 
18975 
18945 
18903 
18865 
18816 
18812 
18810 
18803 
18796 
18792 
18779 
18765 
18761 
18759 
18734 
18699 
18663 
18614 
18612 
18605 
18598 
18594 
18560 
18518 
18513 
18506 
18499 
18495 
18481 
18467 
18462 
18461 
18459 
18423 
18374 
18372 
18350 
18322 
18318 
18288 
18246 
18240 
18233 
18231 
18195 
18146 
18144 
18137 
18130 
18126 
18077 
18014 
18009 
18000 
17993 
17988 
17969 
17948 
17943 
17939 
17934 
17930 
17925 
17921 
17916 
17849 
17779 
17758 
17754 
17752 
17748 
17747 
17745 
17744 
17742 
17740 
17736 
17650 
17531 
17529 
17515 
17501 
17496 
17482 
17468 
17463 
17460 
17456 
17454 
17374 
17262 
17250 
17236 
17232 
17169 
17085 
17081 
17079 
17074 
17067 
17066 
17064 
17062 
17058 
16952 
16805 
16803 
16749 
16679 
16674 
16669 
16662 
16656 
16649 
16647 
16645 
16641 
16640 
16638 
16633 
16626 
16621 
16614 
16609 
16602 
16597 
16590 
16585 
16578 
16573 
16566 
16561 
16554 
16549 
16542 
16537 
16530 
16525 
16518 
16513 
16506 
16501 
16494 
16489 
16482 
16477 
16470 
16465 
16458 
16453 
16446 
16441 
16434 
16429 
16422 
16417 
16410 
16405 
16398 
16393 
16386 
16381 
16374 
16369 
16362 
16357 
16350 
16345 
16338 
16333 
16326 
16321 
16314 
16309 
16302 
16297 
16290 
16285 
16278 
16273 
16266 
16261 
16254 
16249 
16242 
16237 
16230 
16225 
16218 
16213 
16206 
16201 
16194 
16189 
16182 
16177 
16170 
16165 
16158 
16153 
16146 
16141 
16134 
16129 
16122 
16117 
16110 
16105 
16098 
16093 
16086 
16081 
16074 
16069 
16062 
16057 
16050 
16045 
16038 
16033 
16026 
16021 
16014 
16009 
16002 
15997 
15990 
15985 
15978 
15973 
15966 
15961 
15954 
15949 
15942 
15937 
15930 
15925 
15918 
15913 
15906 
15901 
15894 
15889 
15882 
15877 
15870 
15865 
15858 
15853 
15846 
15841 
15834 
15829 
15822 
15817 
15810 
15805 
15798 
15793 
15786 
15781 
15774 
15769 
15762 
15757 
15750 
15745 
15738 
15733 
15726 
15721 
15714 
15709 
15702 
15697 
15690 
15685 
15678 
15673 
15666 
15661 
15654 
15649 
15642 
15637 
15630 
15625 
15618 
15613 
15606 
15601 
15594 
15589 
15582 
15577 
15570 
15565 
15558 
15553 
15546 
15541 
15534 
15529 
15522 
15517 
15510 
15505 
15498 
15493 
15486 
15481 
15474 
15469 
15462 
15457 
15450 
15445 
15438 
15433 
15426 
15421 
15414 
15413 
15411 
15405 
15398 
15396 
15316 
15204 
15164 
15108 
15093 
15072 
15002 
14904 
14903 
14901 
14885 
14864 
14862 
14859 
14855 
14853 
14852 
14850 
14846 
14841 
14840 
14838 
14833 
14826 
14817 
14810 
14805 
14804 
14802 
14801 
14799 
14798 
14796 
14795 
14793 
14792 
14790 
14789 
14787 
14786 
14784 
14783 
14781 
14780 
14778 
14777 
14775 
14774 
14772 
14771 
14769 
14768 
14766 
14765 
14763 
14762 
14760 
14759 
14757 
14756 
14754 
14753 
14751 
14750 
14748 
14747 
14745 
14744 
14742 
14740 
14736 
14729 
14722 
14718 
14714 
14709 
14707 
14703 
14689 
14675 
14670 
14666 
14661 
14657 
14652 
14648 
14643 
14639 
14634 
14630 
14625 
14621 
14616 
14612 
14607 
14603 
14598 
14594 
14589 
14585 
14580 
14576 
14571 
14567 
14562 
14558 
14553 
14549 
14544 
14540 
14535 
14531 
14526 
14522 
14517 
14513 
14508 
14504 
14499 
14495 
14490 
14486 
14481 
14477 
14472 
14468 
14463 
14459 
14454 
14450 
14445 
14441 
14436 
14432 
14427 
14423 
14418 
14414 
14409 
14405 
14400 
14396 
14391 
14387 
14382 
14378 
14373 
14369 
14364 
14360 
14355 
14351 
14346 
14342 
14337 
14333 
14328 
14324 
14319 
14315 
14310 
14306 
14301 
14297 
14292 
14288 
14283 
14279 
14274 
14270 
14265 
14261 
14256 
14252 
14247 
14243 
14238 
14234 
14229 
14225 
14220 
14216 
14211 
14207 
14202 
14198 
14193 
14189 
14184 
14180 
14175 
14171 
14166 
14162 
14157 
14153 
14148 
14144 
14139 
14135 
14130 
14126 
14121 
14117 
14112 
14108 
14103 
14099 
14094 
14090 
14085 
14081 
14076 
14072 
14067 
14063 
14058 
14054 
14049 
14045 
14040 
14036 
14031 
14027 
14022 
14018 
14013 
14009 
14004 
14000 
13995 
13991 
13986 
13982 
13977 
13973 
13968 
13964 
13959 
13955 
13950 
13946 
13941 
13937 
13932 
13928 
13923 
13919 
13914 
13910 
13905 
13901 
13896 
13892 
13887 
13883 
13878 
13874 
13869 
13865 
13860 
13856 
13851 
13847 
13842 
13838 
13833 
13829 
13824 
13820 
13815 
13811 
13806 
13802 
13797 
13793 
13788 
13784 
13779 
13775 
13770 
13766 
13761 
13757 
13752 
13748 
13743 
13739 
13734 
13730 
13725 
13721 
13716 
13712 
13707 
13703 
13698 
13694 
13689 
13685 
13680 
13676 
13671 
13667 
13662 
13658 
13653 
13649 
13644 
13640 
13635 
13631 
13626 
13622 
13617 
13613 
13608 
13604 
13599 
13595 
13590 
13586 
13581 
13577 
13572 
13568 
13563 
13559 
13554 
13550 
13545 
13541 
13536 
13532 
13527 
13523 
13518 
13514 
13509 
13505 
13500 
13496 
13491 
13487 
13482 
13478 
13473 
13469 
13464 
13460 
13455 
13451 
13446 
13442 
13437 
13433 
13428 
13424 
13419 
13415 
13410 
13406 
13401 
13397 
13392 
13388 
13383 
13379 
13374 
13370 
13365 
13361 
13356 
13352 
13347 
13343 
13338 
13334 
13329 
13325 
13320 
13316 
13311 
13307 
13302 
13298 
13293 
13289 
13284 
13280 
13275 
13271 
13266 
13262 
13257 
13253 
13248 
13244 
13239 
13235 
13230 
13226 
13221 
13217 
13212 
13208 
13203 
13199 
13194 
13190 
13185 
13181 
13176 
13172 
13167 
13163 
13158 
13154 
13149 
13145 
13140 
13136 
13131 
13127 
13122 
13118 
13113 
13109 
13104 
13100 
13095 
13091 
13086 
13082 
13077 
13073 
13068 
13064 
13059 
13055 
13050 
13046 
13041 
13037 
13032 
13028 
13023 
13019 
13014 
13010 
13005 
13001 
12996 
12992 
12987 
12983 
12978 
12974 
12969 
12965 
12960 
12956 
12951 
12947 
12942 
12938 
12933 
12929 
12924 
12920 
12915 
12911 
12906 
12902 
12897 
12893 
12888 
12884 
12879 
12875 
12870 
12866 
12861 
12857 
12852 
12848 
12843 
12839 
12834 
12830 
12825 
12821 
12816 
12812 
12807 
12803 
12798 
12794 
12789 
12785 
12780 
12779 
12777 
12770 
12763 
12759 
12759
