53716
38036 
37892 
36392 
33512 
32302 
32062 
32057 
32047 
31783 
31647 
31602 
31527 
31513 
31501 
31468 
31461 
31451 
31446 
31436 
31420 
31404 
31394 
31384 
31380 
31370 
31360 
31355 
31345 
31329 
31313 
31303 
31293 
31285 
31274 
31264 
31254 
31246 
31235 
31215 
31163 
31146 
31129 
31113 
31099 
31089 
31082 
31072 
31068 
31048 
31043 
31035 
31023 
31016 
31006 
31001 
30991 
30987 
30967 
30962 
30952 
30948 
30928 
30923 
30913 
30909 
30899 
30889 
30884 
30874 
30870 
30850 
30845 
30835 
30831 
30821 
30811 
30806 
30796 
30792 
30772 
30767 
30757 
30753 
30743 
30733 
30728 
30718 
30714 
30704 
30694 
30689 
30679 
30175 
29920 
29665 
29649 
29633 
29589 
29578 
29556 
29546 
29538 
29534 
29524 
29514 
29509 
29499 
29451 
29400 
29390 
29382 
29334 
29283 
29273 
29265 
29181 
29096 
29082 
29072 
29067 
29057 
29001 
28950 
28935 
28927 
28851 
28783 
28767 
28747 
28742 
28732 
28692 
28675 
28658 
28643 
28638 
28628 
28624 
28604 
28599 
28589 
28585 
28565 
28560 
28550 
28526 
28509 
28495 
28485 
28461 
28444 
28430 
28420 
28368 
28317 
28303 
28263 
28229 
28214 
28209 
28199 
28163 
28129 
28118 
28090 
28073 
28057 
28050 
28040 
28000 
27966 
27951 
27941 
27936 
27926 
27918 
27907 
27887 
27883 
27863 
27858 
27834 
27817 
27803 
27793 
27789 
27769 
27764 
27754 
27666 
27581 
27566 
27555 
27548 
27538 
27533 
27523 
27503 
27486 
27475 
27468 
27458 
27438 
27421 
27410 
27403 
27393 
27377 
27360 
27353 
27343 
27338 
27328 
27304 
27287 
27273 
27263 
27259 
27249 
27239 
27234 
27224 
27188 
27171 
27154 
27143 
27133 
27109 
27092 
27078 
27068 
27048 
27031 
27020 
27013 
27003 
26999 
26979 
26974 
26964 
26952 
26937 
26927 
26922 
26912 
26904 
26893 
26873 
26813 
26796 
26779 
26763 
26747 
26737 
26727 
26717 
26673 
26656 
26639 
26623 
26613 
26597 
26580 
26573 
26563 
26558 
26548 
26524 
26508 
26493 
26483 
26451 
26434 
26417 
26407 
26402 
26392 
26348 
26331 
26314 
26298 
26288 
26280 
26268 
26261 
26251 
26246 
26236 
26172 
26104 
26093 
26077 
26060 
26053 
26043 
26038 
26028 
26024 
26014 
26004 
25999 
25989 
25969 
25953 
25941 
25934 
25924 
25912 
25897 
25887 
25882 
25872 
25864 
25853 
25833 
25825 
25813 
25806 
25796 
25791 
25781 
25741 
25707 
25692 
25687 
25677 
25673 
25663 
25653 
25648 
25638 
25634 
25614 
25609 
25599 
25539 
25522 
25505 
25489 
25473 
25463 
25453 
25443 
25427 
25410 
25403 
25393 
25388 
25378 
25346 
25312 
25302 
25297 
25287 
25095 
24891 
24858 
24854 
24834 
24829 
24819 
24811 
24800 
24780 
24772 
24761 
24751 
24741 
24713 
24696 
24680 
24673 
24663 
24623 
24606 
24589 
24575 
24565 
24558 
24548 
24543 
24533 
24529 
24509 
24504 
24494 
24470 
24453 
24439 
24429 
24409 
24392 
24381 
24374 
24364 
24360 
24340 
24335 
24325 
24321 
24301 
24296 
24286 
24242 
24225 
24208 
24192 
24182 
24178 
24158 
24153 
24143 
24111 
24094 
24077 
24067 
24062 
24052 
24024 
24007 
23991 
23984 
23974 
23970 
23960 
23955 
23945 
23925 
23908 
23896 
23856 
23839 
23822 
23808 
23798 
23791 
23781 
23776 
23766 
23746 
23730 
23718 
23711 
23701 
23621 
23587 
23553 
23537 
23523 
23516 
23506 
23466 
23432 
23417 
23412 
23402 
23334 
23266 
23252 
23245 
23235 
23230 
23220 
23216 
23196 
23191 
23181 
23177 
23157 
23152 
23142 
23138 
23118 
23113 
23103 
23099 
23079 
23074 
23064 
23060 
23040 
23035 
23025 
23021 
23001 
22996 
22986 
22926 
22875 
22859 
22849 
22842 
22832 
22827 
22817 
22693 
22642 
22591 
22575 
22559 
22545 
22535 
22528 
22518 
22354 
22184 
22170 
22159 
22149 
22141 
22121 
22104 
22093 
22086 
22076 
22020 
21969 
21954 
21946 
21890 
21839 
21824 
21816 
21792 
21775 
21761 
21751 
21711 
21694 
21677 
21663 
21653 
21646 
21636 
21631 
21621 
21585 
21551 
21540 
21530 
21494 
21460 
21449 
21439 
21419 
21402 
21391 
21384 
21374 
21342 
21325 
21308 
21298 
21293 
21283 
21243 
21209 
21194 
21189 
21179 
21175 
21155 
21150 
21140 
21136 
21116 
21111 
21101 
21097 
21087 
21077 
21072 
21062 
21058 
21038 
21033 
21023 
21019 
20999 
20994 
20984 
20980 
20960 
20955 
20945 
20941 
20921 
20916 
20906 
20902 
20882 
20877 
20867 
20863 
20843 
20838 
20828 
20824 
20804 
20799 
20789 
20785 
20765 
20760 
20750 
20746 
20726 
20721 
20711 
20707 
20687 
20682 
20672 
20628 
20611 
20594 
20578 
20568 
20508 
20457 
20441 
20431 
20424 
20414 
20409 
20399 
20387 
20372 
20362 
20357 
20347 
20315 
20281 
20271 
20266 
20256 
20204 
20153 
20139 
20083 
20032 
20017 
20009 
19913 
19811 
19800 
19790 
19785 
19775 
19771 
19751 
19746 
19736 
19708 
19692 
19677 
19657 
19647 
19642 
19632 
19604 
19587 
19571 
19564 
19554 
19514 
19480 
19465 
19460 
19450 
19446 
19426 
19421 
19411 
19383 
19366 
19350 
19343 
19333 
19281 
19230 
19216 
19176 
19142 
19127 
19122 
19112 
19080 
19046 
19036 
19031 
19021 
18989 
18974 
18969 
18949 
18939 
18911 
18900 
18840 
18826 
18816 
18768 
18754 
18747 
18699 
18685 
18678 
18658 
18648 
18596 
18582 
18575 
18570 
18566 
18561 
18509 
18495 
18488 
18483 
18299 
18271 
18243 
18233 
18228 
18188 
18174 
18154 
18144 
18100 
18086 
18081 
18041 
18027 
17927 
17899 
17889 
17829 
17815 
17805 
17745 
17731 
17721 
17653 
17639 
17628 
17608 
17598 
17578 
17568 
17548 
17538 
17486 
17472 
17465 
17460 
17428 
17415 
17347 
17333 
17322 
17226 
17198 
17190 
17054 
17012 
17004 
16988 
16980 
16964 
16956 
16940 
16932 
16916 
16908 
16892 
16884 
16868 
16860 
16844 
16836 
16820 
16812 
16796 
16788 
16772 
16764 
16748 
16740 
16724 
16716 
16700 
16692 
16676 
16668 
16652 
16644 
16628 
16620 
16604 
16596 
16580 
16572 
16556 
16548 
16532 
16524 
16508 
16500 
16484 
16476 
16460 
16452 
16436 
16428 
16412 
16404 
16388 
16380 
16364 
16356 
16340 
16332 
16316 
16308 
16292 
16284 
16268 
16260 
16244 
16236 
16220 
16212 
16196 
16188 
16172 
16164 
16148 
16140 
16124 
16116 
16100 
16092 
16076 
16068 
16052 
16044 
16028 
16020 
16004 
15996 
15980 
15972 
15956 
15948 
15932 
15924 
15908 
15900 
15884 
15876 
15860 
15852 
15836 
15828 
15812 
15804 
15788 
15780 
15764 
15756 
15740 
15732 
15716 
15708 
15692 
15684 
15668 
15660 
15644 
15636 
15620 
15612 
15596 
15588 
15572 
15564 
15548 
15540 
15524 
15516 
15500 
15492 
15476 
15468 
15452 
15444 
15428 
15420 
15404 
15396 
15392 
15387 
15327 
15313 
15303 
15299 
15294 
15290 
15285 
15141 
15099 
15089 
15084 
15080 
15075 
15071 
15066 
15058 
15051 
14891 
14835 
14823 
14816 
14811 
14759 
14745 
14738 
14733 
14713 
14703 
14695 
14688 
14664 
14654 
14649 
14529 
14487 
14475 
14468 
14463 
14415 
14401 
14394 
14390 
14385 
14337 
14323 
14316 
14312 
14307 
14299 
14292 
14256 
14243 
14238 
14234 
14229 
14217 
14210 
14205 
14133 
14119 
14106 
14102 
14097 
14065 
14052 
14048 
14043 
14039 
14034 
13998 
13985 
13980 
13976 
13971 
13795 
13739 
13731 
13715 
13707 
13691 
13683 
13667 
13659 
13643 
13635 
13619 
13611 
13595 
13587 
13571 
13563 
13547 
13539 
13523 
13515 
13499 
13491 
13475 
13467 
13451 
13443 
13427 
13419 
13403 
13395 
13379 
13371 
13219 
13177 
13164 
13152 
13145 
13140 
13136 
13131 
13127 
13122 
13118 
13113 
13109 
13104 
13100 
13095 
13091 
13086 
13082 
13077 
13073 
13068 
13064 
13059 
13055 
13050 
13046 
13041 
13037 
13032 
13028 
13023 
13019 
13014 
13010 
13005 
13001 
12996 
12992 
12987 
12983 
12978 
12974 
12969 
12965 
12960 
12956 
12951 
12947 
12942 
12938 
12933 
12929 
12924 
12920 
12915 
12911 
12906 
12902 
12897 
12893 
12888 
12884 
12879 
12875 
12870 
12866 
12861 
12857 
12852 
12848 
12843 
12839 
12834 
12830 
12825 
12821 
12816 
12812 
12807 
12803 
12798 
12794 
12789 
12785 
12780 
12776 
12771 
12767 
12762 
12758 
12753 
12749 
12744 
12740 
12735 
12731 
12726 
12722 
12717 
12713 
12708 
12704 
12699 
12695 
12690 
12686 
12681 
12677 
12672 
12668 
12663 
12659 
12654 
12650 
12645 
12641 
12636 
12632 
12627 
12623 
12618 
12614 
12609 
12605 
12600 
12596 
12591 
12587 
12582 
12578 
12573 
12569 
12564 
12560 
12555 
12551 
12546 
12542 
12537 
12533 
12528 
12524 
12519 
12515 
12510 
12506 
12501 
12497 
12492 
12488 
12483 
12479 
12474 
12470 
12465 
12461 
12456 
12452 
12447 
12443 
12438 
12434 
12429 
12425 
12420 
12416 
12411 
12407 
12402 
12398 
12393 
12389 
12384 
12380 
12375 
12371 
12366 
12362 
12357 
12353 
12348 
12344 
12339 
12335 
12330 
12326 
12321 
12317 
12312 
12308 
12303 
12299 
12294 
12290 
12285 
12281 
12276 
12272 
12267 
12263 
12258 
12254 
12249 
12245 
12240 
12236 
12231 
12227 
12222 
12218 
12213 
12209 
12204 
12200 
12195 
12191 
12186 
12182 
12177 
12173 
12168 
12164 
12159 
12155 
12150 
12146 
12141 
12137 
12132 
12128 
12123 
12119 
12114 
12110 
12105 
12101 
12096 
12092 
12087 
12083 
12078 
12074 
12069 
12065 
12060 
12056 
12051 
12047 
12042 
12038 
12033 
12029 
12024 
12020 
12015 
12011 
12006 
12002 
11997 
11993 
11988 
11984 
11979 
11975 
11970 
11966 
11961 
11957 
11952 
11948 
11943 
11939 
11934 
11930 
11925 
11921 
11916 
11912 
11907 
11903 
11898 
11894 
11889 
11885 
11880 
11876 
11871 
11867 
11862 
11858 
11853 
11849 
11844 
11840 
11835 
11831 
11826 
11822 
11817 
11813 
11808 
11804 
11799 
11795 
11790 
11786 
11781 
11777 
11772 
11768 
11763 
11759 
11754 
11750 
11745 
11741 
11736 
11732 
11727 
11723 
11718 
11714 
11709 
11705 
11700 
11696 
11691 
11687 
11682 
11678 
11673 
11669 
11664 
11660 
11655 
11651 
11646 
11642 
11637 
11633 
11628 
11624 
11619 
11615 
11610 
11606 
11601 
11597 
11592 
11588 
11583 
11579 
11574 
11570 
11565 
11561 
11556 
11552 
11547 
11543 
11538 
11534 
11529 
11525 
11520 
11516 
11511 
11507 
11502 
11498 
11493 
11489 
11484 
11480 
11475 
11471 
11466 
11462 
11457 
11453 
11448 
11444 
11439 
11435 
11430 
11426 
11421 
11417 
11412 
11408 
11403 
11399 
11394 
11390 
11385 
11381 
11376 
11372 
11367 
11363 
11358 
11354 
11349 
11345 
11340 
11336 
11331 
11327 
11322 
11318 
11313 
11309 
11304 
11300 
11295 
11291 
11286 
11282 
11277 
11273 
11268 
11264 
11259 
11255 
11250 
11246 
11241 
11237 
11232 
11228 
11223 
11219 
11214 
11210 
11205 
11201 
11196 
11192 
11187 
11183 
11178 
11174 
11169 
11165 
11160 
11156 
11151 
11147 
11142 
11138 
11133 
11129 
11124 
11120 
11115 
11111 
11106 
11102 
11097 
10969 
10927 
10920 
10912 
10905 
10853 
10839 
10832 
10827 
10815 
10808 
10803 
10747 
10733 
10725 
10721 
10716 
10708 
10701 
10661 
10647 
10643 
10638 
10634 
10629 
10625 
10620 
10616 
10611 
10607 
10602 
10598 
10593 
10589 
10584 
10580 
10575 
10571 
10566 
10562 
10557 
10553 
10548 
10544 
10539 
10535 
10530 
10526 
10521 
10517 
10512 
10508 
10503 
10499 
10494 
10490 
10485 
10481 
10476 
10472 
10467 
10463 
10458 
10454 
10449 
10445 
10440 
10436 
10431 
10427 
10422 
10418 
10413 
10409 
10404 
10400 
10395 
10391 
10386 
10382 
10377 
10373 
10368 
10364 
10359 
10355 
10350 
10346 
10341 
10337 
10332 
10328 
10323 
10319 
10314 
10310 
10305 
10301 
10296 
10292 
10287 
10283 
10278 
10274 
10269 
10265 
10260 
10256 
10251 
10247 
10242 
10238 
10233 
10229 
10224 
10220 
10215 
10211 
10206 
10202 
10197 
10193 
10188 
10184 
10179 
10175 
10170 
10166 
10161 
10157 
10152 
10148 
10143 
10139 
10134 
10130 
10125 
10121 
10116 
10112 
10107 
10103 
10098 
10094 
10089 
10085 
10080 
10076 
10071 
10067 
10062 
10058 
10053 
10049 
10044 
10040 
10035 
10031 
10026 
10022 
10017 
10013 
10008 
9988 
9978 
9914 
9900 
9890 
9885 
9881 
9876 
9840 
9827 
9822 
9818 
9813 
9753 
9739 
9729 
9725 
9720 
9684 
9671 
9666 
9662 
9657 
9597 
9583 
9573 
9569 
9564 
9528 
9515 
9510 
9506 
9501 
9441 
9427 
9417 
9413 
9408 
9372 
9359 
9354 
9350 
9345 
9285 
9271 
9261 
9257 
9252 
9216 
9203 
9198 
9194 
9189 
9129 
9115 
9105 
9101 
9096 
9060 
9047 
9042 
9014 
9003 
8999 
8994 
8958 
8945 
8940 
8908 
8895 
8863 
8850 
8818 
8805 
8773 
8760 
8728 
8715 
8683 
8670 
8666 
8661 
8601 
8587 
8577 
8573 
8568 
8548 
8538 
8514 
8504 
8499 
8479 
8469 
8445 
8435 
8430 
8410 
8400 
8376 
8366 
8361 
8341 
8331 
8307 
8297 
8292 
8272 
8262 
8238 
8228 
8223 
8203 
8193 
8169 
8159 
8154 
8134 
8124 
8100 
8090 
8085 
8065 
8055 
8031 
8021 
8016 
7996 
7986 
7962 
7952 
7947 
7927 
7917 
7893 
7883 
7878 
7858 
7848 
7824 
7814 
7809 
7789 
7779 
7755 
7745 
7740 
7720 
7710 
7686 
7676 
7671 
7651 
7641 
7617 
7607 
7602 
7582 
7572 
7548 
7538 
7533 
7513 
7503 
7479 
7469 
7464 
7444 
7434 
7410 
7400 
7395 
7375 
7365 
7341 
7331 
7326 
7302 
7292 
7287 
7263 
7253 
7248 
7224 
7214 
7209 
7185 
7175 
7170 
7146 
7136 
7131 
7107 
7097 
7092 
7068 
7058 
7053 
7029 
7019 
7014 
6990 
6980 
6975 
6951 
6941 
6936 
6912 
6902 
6897 
6873 
6863 
6858 
6834 
6824 
6819 
6815 
6810 
6810
