53716
38596 
37884 
34364 
34320 
32076 
32036 
31814 
31774 
31108 
31067 
31030 
30882 
30842 
30324 
30283 
27915 
27871 
27827 
27787 
27269 
27228 
27006 
26966 
26448 
26407 
26259 
26222 
26184 
25370 
25326 
24512 
24468 
23654 
23610 
23462 
23425 
22537 
22492 
22344 
22307 
21530 
21488 
20711 
20669 
19707 
19662 
19440 
19400 
19141 
19101 
19027 
18998 
18975 
17757 
17694 
17673 
17652 
17295 
17274 
17253 
16497 
16476 
15300 
15279 
14838 
13326 
11352 
11331 
11310 
10596 
8517 
6858 
6837 
6818 
6809 
6809
