53716
37896 
34974 
34968 
32064 
32060 
29849 
29841 
29823 
29815 
29806 
29800 
29791 
29785 
28849 
28792 
28729 
27037 
27029 
27011 
27003 
26279 
26272 
26254 
26233 
26227 
26220 
26202 
26181 
26109 
26025 
25953 
25869 
24870 
24866 
24857 
24851 
24842 
24836 
24832 
24823 
24817 
24413 
24404 
24397 
24352 
24303 
23784 
23777 
23549 
23543 
23536 
23530 
23523 
23133 
23028 
22678 
22306 
21872 
21104 
21097 
21093 
20761 
20754 
20739 
20725 
20713 
20699 
18662 
18655 
18135 
18129 
16395 
15225 
15060 
14550 
14430 
13692 
13668 
12837 
10677 
9078 
9024 
8955 
8487 
8286 
8280 
8118 
7956 
6828 
6827 
6825 
6824 
6822 
6822
