53716
37966 
37892 
36244 
33364 
32060 
30809 
30798 
30793 
30787 
30778 
30772 
30763 
30757 
30748 
30742 
30733 
30727 
30718 
30712 
30102 
29838 
29829 
29820 
29596 
29590 
29554 
29532 
29525 
29126 
28840 
28833 
28815 
28804 
28381 
28073 
28058 
28047 
28017 
27995 
26591 
26586 
26577 
26569 
26560 
26554 
26474 
26441 
26431 
26411 
26402 
26339 
26328 
26308 
26299 
26290 
26276 
26268 
26254 
26244 
26236 
26222 
26212 
26205 
26195 
26188 
26180 
26171 
26165 
26155 
26146 
26132 
26122 
26114 
26107 
26098 
26090 
26084 
26075 
26069 
26062 
26054 
26047 
26039 
26030 
26024 
26004 
25993 
25983 
25969 
25959 
25951 
25937 
25927 
25920 
25910 
25903 
25895 
25886 
25880 
25875 
25866 
25857 
25851 
25842 
25836 
25827 
25821 
25812 
25806 
25781 
25770 
25759 
25751 
25730 
25710 
25696 
25686 
25678 
25671 
25662 
25654 
25648 
25639 
25633 
25626 
25618 
25611 
25603 
25594 
25587 
25407 
25275 
25188 
25133 
25119 
25038 
24983 
24976 
22924 
22915 
22909 
22904 
22895 
22887 
22880 
22872 
22865 
22857 
22848 
22842 
22837 
22828 
22820 
22813 
22805 
22798 
22790 
22781 
22775 
22770 
22761 
22752 
22746 
22739 
22731 
22722 
22716 
22707 
22701 
22691 
22682 
22673 
22665 
22656 
22649 
22641 
22632 
22624 
22619 
22610 
22602 
22595 
22587 
22578 
22572 
22563 
22557 
22447 
22403 
22394 
22376 
22367 
22359 
22353 
22344 
22338 
22329 
22323 
22314 
22308 
22299 
22293 
22284 
22278 
22269 
22263 
22252 
22242 
22233 
22227 
22218 
22212 
22203 
22197 
22188 
22182 
22173 
22167 
22158 
22152 
22143 
22137 
22128 
22122 
22113 
22107 
22098 
22092 
22083 
22077 
22068 
22062 
22051 
22031 
22021 
22015 
22006 
22000 
21989 
21979 
21970 
21960 
21951 
21945 
21936 
21930 
21919 
21564 
21410 
21401 
21392 
21383 
21279 
21274 
19819 
19808 
19799 
19778 
19758 
19744 
19734 
19726 
19719 
19710 
19702 
19696 
19687 
19681 
19674 
19666 
19659 
19651 
19642 
19636 
19621 
19611 
19602 
19593 
19579 
19569 
19562 
19554 
19545 
19537 
19530 
19522 
19515 
19507 
19498 
19492 
19342 
19276 
19210 
19201 
19192 
19144 
19133 
19123 
19115 
18975 
18931 
18851 
18846 
18678 
17391 
17268 
16899 
15642 
15426 
14877 
14511 
14139 
13938 
13803 
13467 
13464 
13404 
13221 
12990 
12939 
12828 
11607 
10656 
9006 
6816 
6813 
6810 
6810
