30741
25687 25687 25687 25687 25687 25687 25687 27003 25687 25935 26493 
25678 24255 24255 24255 24255 24255 24255 24975 22383 23003 21439 
21432 21262 21262 21262 21262 21262 19714 20983 20386 19786 
19686 19686 17665 17590 17590 17590 18793 18793 18853 17590 
17562 17562 17452 17452 17452 17452 16045 16669 16729 16045 
16017 16017 15124 15124 15124 15124 14500 14392 14992 14500 
14378 14364 14215 12760 12760 12760 12343 12847 13123 12343 
12315 12315 12205 12166 12166 12166 10711 11074 11074 10798 
10697 10683 9442 9442 9442 9442 9166 9166 9442 9166 
9138 9138 8245 7897 7897 7897 7897 8305 7897 
7869 7869 7804 7804 7804 
7776 7776 7664 7664 
7636 7636 7574 7574 7574 
7546 7546 7434 7434 
7406 7406 7344 7344 7344 
7316 7316 7204 7204 
7176 7176 7114 7114 7114 
7086 7086 6974 6974 
6960 6946 6884 6884 6884 
6856 6856 6744 6744 
6716 6716 6654 6654 6654 
6626 6626 6514 6514 
6486 6486 6436 6424 6424 
6396 6396 6284 6284 
6256 6256 6194 6206 6194 
6054 6166 6054 6054 
6026 6026 5964 5964 5964 
5824 5824 5824 5824 
5796 5796 5746 5734 5734 
5706 5706 5594 5594 
5566 5566 5516 5516 5504 
5476 5476 5364 5364 
5336 5336 5274 5274 5274 
5246 5246 5134 5134 
5106 5106 5056 5056 5044 
5016 5016 4904 4904 
4876 4876 4814 4814 4814 
4786 4786 4674 4674 
4646 4646 4596 4584 4584 
4444 4556 4444 4444 
4416 4416 4354 4354 4354 
4326 4214 4214 4214 
4186 4186 4124 4124 4124 
4096 3984 3984 3984 
3956 3956 3894 3894 3894 
3866 3754 3754 3754 
3726 3726 3664 3664 3664 
3636 3524 3524 3524 
3496 3496 3434 3434 3434 
3406 3294 3294 3294 
3266 3266 3222 3222 3222 
3194 3194 3204 
3166 3166 3176 
3138 3138 3148 3142 
3124 3110 3126 3114 
3096 3082 3098 3068 
3040 3012 3012 
2998 2984 2994 2958 2958 
2874 2874 2874 
2846 2846 2856 2820 2820 
2736 2736 2736 
2708 2708 2724 2664 2664 
2552 2552 2552 2552 
2524 2524 2468 2468 2468 
2440 2440 2342 2342 
2328 2314 2261 2261 2261 
2233 2233 2135 2135 
2121 2107 2117 2054 2054 
2040 2026 1928 1928 
1914 1900 1889 1847 1847 
1833 1819 1721 1721 
1707 1693 1682 1640 1640 
1626 1612 1514 1514 
1500 1486 1475 1433 1433 
1419 1405 1307 1307 
1293 1279 1268 1226 1226 
1100 1198 1100 1100 
1086 1072 1082 1019 1019 
1005 991 893 893 
879 865 812 812 812 
686 784 686 686 
672 658 605 605 605 
479 577 479 479 
465 451 398 398 398 
272 370 272 272 
258 244 191 191 191 
163 163 79 79 
72 7 7 7 7 
0 
0
