30741
25687 25687 25687 25687 25687 25687 25687 27003 25687 25680 28335 
24102 24102 24102 24102 24102 24102 24102 24102 24968 24102 23340 
21762 22386 22386 22386 22386 22386 22386 22386 21762 21432 
20908 20908 20908 20908 20908 20908 20908 20908 20908 20908 
19860 19860 19860 19860 19860 19860 19860 19860 20384 19860 
19336 19336 19336 19336 19336 19336 19336 19336 19336 19336 
18288 18288 18288 18288 18288 18288 18812 18288 18812 18288 
17779 17779 17779 17779 17779 17779 17779 17779 17779 
16761 16761 16761 16761 16761 16761 16761 16761 17067 
16252 16252 16252 16252 16252 16252 16252 16252 16252 
15234 15234 15234 15234 15234 16126 15234 15234 15540 
14725 14725 14725 14725 14725 14725 14725 14725 14725 
13707 14695 13707 13707 13707 13707 13707 13707 13707 
13497 13497 13497 13497 13497 13497 13497 13497 
13077 13077 13077 13077 13077 13077 13077 13077 
12867 12867 12867 12867 12867 12867 12867 12867 
12447 12447 12447 12447 12447 12447 12447 12447 
12300 12300 12300 12300 12300 12300 12300 12300 
12006 12006 12006 12006 12006 12174 12006 12006 
11859 11859 11859 11859 11859 11859 11859 11859 
11565 11565 11565 11565 11565 11733 11565 11565 
11418 11418 11418 11418 11418 11418 11418 11418 
11124 11124 11388 11124 11124 11124 11124 11124 
10977 10977 10977 10977 10977 10977 10977 10977 
10683 10683 10683 10683 10683 10683 10683 10683 
10536 10536 10536 10536 10536 10536 10536 10536 
10242 10242 10242 10242 10242 10242 10242 10242 
10095 10095 10095 10095 10095 10095 10095 10095 
9801 9969 9801 9801 9801 9801 9801 9801 
9654 9654 9654 9654 9654 9654 9654 9654 
9360 9360 9360 9360 9360 9360 9360 9360 
9213 9213 9213 9213 9213 9213 9213 9213 
8919 8919 8919 8919 8919 8919 8919 8919 
8772 8772 8772 8772 8772 8772 8772 8772 
8478 8746 8746 8478 8478 8478 8478 8478 
8331 8331 8331 8331 8331 8331 8331 8331 
8037 8305 8305 8037 8037 8185 8037 8037 
7976 7976 7976 7976 7976 7976 
7974 7950 7950 7946 7854 7854 
7835 7835 7835 7835 7835 
7797 7797 7797 7817 7797 
7797
