30741
27003 27003 27003 27003 27003 27003 25680 25680 25687 24234 26493 
21550 21550 21550 21550 21550 22010 23110 23110 22258 21838 21894 
21434 21434 21434 21474 21474 19426 20827 21094 20482 20008 
19398 19398 19310 19310 19310 17998 17998 17881 18565 17881 
17853 17853 17765 17765 17765 16336 16453 16453 16249 16249 
16221 16221 16133 16133 16133 15526 14704 14980 14980 14704 
14676 14676 14588 14588 14588 13162 13162 13162 13162 13165 
13134 13134 13046 13046 13046 12439 11893 11734 11623 11623 
11609 11595 11507 11547 11507 10354 10120 10120 10120 9622 
8838 8838 8838 8838 8838 8838 8119 8569 8761 
8091 8091 7335 7335 7335 7335 7915 
7307 7307 7219 7219 7219 7233 7131 6831 
6817 6803 6047 6047 6047 6047 6627 
6019 6019 5931 5931 5931 5543 5843 5543 
5515 5515 4759 4759 4759 4759 5339 
4731 4731 4643 4643 4643 4555 4555 4255 
4241 4227 3471 3471 3471 3471 4051 
3443 3443 3355 3355 3355 3267 3267 2967 
2939 2939 2183 2183 2183 2183 2763 
2155 2155 2067 2067 2067 1679 1979 1682 
1651 895 895 895 895 895 1475 
881 867 779 779 779 691 487 487 
459 459 371 371 371 322 283 
255 255 167 167 167 187 
139 139 71 71 71 71 
43 43 
29 25 25 
11 
2 2 
0 
0
