30741
27003 27003 27003 27003 27003 27003 25680 25680 24965 23756 26493 
23228 23228 23228 23228 23228 23052 22788 20216 20881 21186 
19666 20116 19666 19666 19666 18456 18456 18318 19163 18491 
17808 17808 17808 17808 17808 17457 17438 16593 17265 16269 
15759 15759 15759 15759 15759 15408 15389 15690 15216 14544 
14034 14034 14034 14034 14034 13683 13664 13005 13683 13005 
12495 12495 12495 12495 12495 12144 12125 12549 11793 11460 
10950 10950 10950 10950 10950 10599 10580 9957 10599 9807 
9297 9297 9297 9297 9297 8946 8927 9036 9036 8265 
7755 7755 7755 7755 7755 7404 7575 7758 7440 
7374 7129 7129 7129 7082 6934 6135 6948 6579 
6105 6010 6010 5860 5813 5665 5928 5364 5364 
5334 5289 5089 5089 4377 4377 4174 4908 
4144 3899 4049 3899 3852 3704 3718 3121 3121 
3091 2846 2846 2846 2799 2651 2665 2737 
2623 2441 2441 2441 2582 2285 2285 2267 
2253 2239 1679 1679 1679 1679 1901 
1469 1469 1469 1469 1220 1496 1451 1220 
1010 1010 870 1010 870 944 854 
826 644 644 504 504 647 647 
450 450 468 297 432 405 279 
225 189 72 243 72 177 72 
18 0 18 18 0 
0
