30741
25701 25701 25701 25701 25701 25701 25701 27017 24965 23756 26493 
23728 23140 23140 23140 23140 23052 22788 22052 22052 21186 
21090 21090 20676 20676 20676 20086 19426 19522 19751 19137 
19041 19041 18627 18627 18627 18037 17377 16927 17702 17598 
16831 16831 16417 16417 16417 15827 15167 15263 16066 15388 
15150 15122 14411 14411 14411 14411 14757 14432 14306 13514 
13497 13469 12758 12758 12758 12758 12461 12653 12653 11975 
11958 11930 11219 11219 11219 11219 10922 10919 11114 10433 
10416 9634 9634 9634 9634 9634 9137 9905 8969 8888 
8871 8089 8089 8089 8089 8089 7592 8393 7619 7346 
7329 5969 6547 6547 6547 6547 5969 6293 6293 
5807 5807 5807 5807 5807 5764 5559 4700 4916 
4538 4538 4538 4538 4538 4290 4290 3647 3857 
3485 3485 3485 3485 3485 3237 3237 3191 2246 
2084 2084 2084 2084 2084 1836 1836 1385 1385 
1223 1223 1223 1223 1223 1180 975 890 
728 728 728 728 728 685 480 404 
242 242 320 242 242 184 79 
49 49 49 14 45 
8 4 6 
0 0 
0
