64602
53132 53132 53132 53132 53132 53132 53132 53132 53132 53132 53132 53132 53132 53132 53132 53132 53132 53132 53132 53132 53132 53132 53132 53132 53132 53132 53132 53132 53132 53132 53132 53132 53132 53132 53132 53132 53132 53132 53132 53132 53132 53132 53132 53132 53132 53132 53132 53132 53132 53132 53132 53132 53132 53132 53132 53132 53132 53132 53132 53132 53132 56118 56118 56118 56118 56118 56118 52464 52464 55740 55740 55740 53976 53976 53976 53976 53976 51540 51540 51540 51540 52464 52464 52464 52464 52464 52464 52464 52464 52464 51540 51540 51540 51540 51540 51540 51540 51540 51540 51540 51540 51540 51540 51540 51540 61352 61352 61352 61352 61352 61352 61020 60471 60471 60471 60471 60471 60714 60471 60471 60471 60471 60471 60471 60471 60471 60471 60471 60471 60471 60471 60471 60471 60471 60471 60471 60471 60471 60471 60471 60471 60471 60471 60471 60471 60471 60471 60471 60471 60471 60471 60471 60471 60471 60471 60471 59402 59402 59402 59402 59402 59402 59402 59402 59402 59402 59402 59402 59402 59402 59402 59402 59402 59402 59402 59402 59402 59402 59402 59402 59402 59402 59402 59402 59402 59402 59402 59402 59402 59402 59402 59402 59402 59402 59402 59402 59402 59402 59402 59402 60558 60558 60468 60468 60468 60468 60468 60468 60465 60465 60465 60465 60465 60465 60465 60465 60465 60465 60465 60465 60465 60465 60465 60465 60465 60465 60465 61014 61014 61014 61014 61014 61014 61014 61014 61014 61014 61014 61014 61014 61014 61014 61014 61014 61014 61014 61014 61014 61014 61014 61014 61014 61014 61014 61014 60663 60663 60663 60663 60663 60663 60465 60465 60465 60465 60465 60465 
50820 50820 50820 50820 50820 51180 49850 49850 49850 50940 49850 49850 51030 49850 49850 49850 50940 50940 49850 49850 49850 49850 50940 50940 49850 49850 51090 50940 50940 50940 50940 50940 50940 50940 50340 50340 50820 50820 50820 49850 50820 49850 49850 49850 49850 49850 49850 49850 49850 49850 49850 49850 49850 49850 49850 49850 49850 49850 49850 49850 49850 49850 49850 49850 50340 50340 50340 50340 50340 49850 49850 49850 49850 49850 49850 49850 49850 49850 49850 49850 49850 49850 49850 49850 49850 49850 49850 49850 49850 49850 49850 49850 49850 49850 49524 49524 49524 49524 49524 49524 49524 49524 49524 49524 49524 49524 49524 49524 49524 49524 49524 49524 49524 49137 49137 49137 49137 49137 49137 49137 49137 49137 49137 49137 49137 49137 49137 49137 48507 48507 48507 48507 48507 48507 48507 48507 48507 48507 48507 48507 48336 48336 48336 48336 48336 48336 48336 48336 48336 48336 48336 48336 48336 48336 48336 48336 48336 48336 48336 48336 48336 48336 48336 48336 48336 48336 48336 48336 48336 48336 48336 48336 48336 48336 48336 48336 48336 48336 48336 48336 48336 48336 48336 48336 48336 48336 48336 48336 48336 48336 48336 48336 48336 48336 48336 48336 48336 48336 48336 48336 48336 48336 48336 48336 48336 48336 48336 48336 48336 48336 48336 48336 48336 48336 48336 48336 48336 48336 48336 48336 48336 48336 48336 48336 48336 48336 48336 48336 48336 48336 48336 48336 48336 48336 48336 48336 48336 48336 48336 48336 48336 48336 48336 48336 48336 48336 48336 48336 48336 48336 48336 48336 48336 48336 48336 48336 48336 48336 48336 48336 48336 48336 48336 48336 48336 48336 48336 48336 48336 48336 48336 48336 48336 48336 48336 48336 48336 48336 48336 48336 48336 48336 48336 48336 
47800 47800 47800 47800 47800 47976 47800 47800 47800 47976 47976 47976 47976 47976 47976 47976 47976 47976 47664 47664 47664 47856 47664 47664 47664 47664 47664 47664 47976 47976 47976 47664 47856 47856 47800 47800 47856 47856 47856 47856 47664 47664 47664 47664 47664 47664 47664 47664 47664 47658 47658 47658 47658 47658 47658 47658 47658 47658 47658 47856 47856 47856 47856 47660 47660 47684 47684 47684 47684 47684 47684 47684 47684 47684 47684 47684 47684 47684 47660 47660 47660 47660 47660 47436 47436 47436 47436 47436 47436 47436 47436 47436 47436 47436 47436 47436 47436 47436 47436 47436 47658 47658 47658 47658 47658 47658 47658 47658 47658 47714 47714 47714 47714 47714 47714 47714 47714 47714 47658 47658 47658 47658 47658 47658 47658 47658 47714 47714 47714 47714 47714 47658 47658 47658 47658 47658 47658 47658 47658 47658 47658 47658 47658 
47406 47378 45868 45868 45868 45868 45868 45868 45868 45868 45868 45868 45868 45868 45868 45868 45868 45868 45868 45868 45868 45868 45868 45868 45868 45868 45868 45868 45868 45868 45868 45868 45868 45868 45868 45868 45868 45868 45868 45868 45868 45868 45868 45868 45868 45868 46236 46236 45196 45196 45196 45196 45196 45196 45196 45196 45196 45196 45196 45196 45196 45196 45196 45196 45196 45196 45196 45196 45196 45196 45196 45196 46419 46253 46253 46253 46253 46253 46253 46253 46253 46253 46253 46253 46253 46253 46253 46253 46253 46253 46253 46253 46253 46253 46253 46253 46253 46253 46253 46311 46311 46311 46311 46311 46311 46311 46311 46311 46311 46311 46311 46311 46311 46311 46311 46311 46758 46758 46758 46758 46758 46758 46758 46758 46758 46758 46758 46758 46758 46758 46758 46758 46758 46758 46758 46758 46758 46758 46758 46758 46758 46758 46758 46758 46758 46758 46758 46758 46758 46758 46758 46758 46758 46758 
45184 45156 45076 45076 45116 45116 45116 44636 45076 45076 44636 45076 44636 44636 44636 44636 44636 44636 44636 44636 44636 44636 44636 44636 44636 44636 44636 44636 44636 44636 44636 44636 44636 44636 44636 44636 44636 44636 44636 44636 44636 44636 44636 44636 44636 44636 44636 44636 44636 44636 44636 44636 44179 44179 44179 44179 44179 44179 44179 44179 44179 44179 44179 44179 44179 44179 44179 44179 44179 44179 44179 44179 44179 44179 44179 44179 44179 44179 44179 44179 44179 44179 44179 44179 44179 44179 44520 44520 44520 44520 44520 44520 44520 44520 44520 44520 44520 44520 44520 44520 44520 44520 44520 44520 44520 44520 44520 44520 44520 44520 44520 44520 44520 44518 44518 44518 44518 44518 44518 44518 44518 44518 44518 44518 44518 44518 44574 44574 44574 44574 44518 44518 44518 44574 44574 44574 44574 44574 44574 44574 44574 44574 44574 44574 44574 44574 44574 44574 44574 44574 44574 44574 44574 44574 44574 44574 44574 44574 44574 44574 44574 44574 44574 44518 44518 44518 44518 44518 44518 44518 44518 44518 44518 44518 44518 44518 
44173 43283 44079 43283 43283 43283 44079 44079 44079 44079 44079 44079 44079 43283 43283 43283 43283 44079 44079 44079 44079 44079 44079 44079 44079 43283 43283 43283 43283 43283 43283 43283 43283 43283 43283 43283 43283 43283 43283 43283 43283 43283 43283 43283 43283 43283 43283 43283 43283 43283 43283 43283 43283 43283 43283 43283 43283 43283 43283 43283 43283 43283 43283 43283 43283 43283 43283 43283 43283 43283 43283 43283 43283 43283 43283 43283 43283 43283 43283 43283 43283 43283 43283 43283 43283 43283 43283 43283 43283 43283 43283 43283 43283 43283 43283 43283 43283 43283 43283 43283 43283 43283 43283 43283 43283 43283 43283 43283 43283 43283 43283 43283 43283 43283 43283 43283 43283 43283 43283 43283 43283 43283 43283 43283 43283 43283 43283 43283 43283 43283 43283 43283 43283 43283 43283 43283 43283 43283 43283 43283 43283 43283 
41379 41379 41379 41379 41379 41379 41379 41379 41379 41379 41379 41379 41379 41379 41379 41379 41379 41379 41379 41379 41379 41379 41379 41379 41379 41379 41379 41379 41379 41379 41379 41379 41379 41379 41379 41379 41379 41379 41379 41379 41379 41379 41379 41379 41379 41379 41379 41379 41379 41379 41379 41379 41379 41379 41043 41043 41043 41043 41043 41043 41043 41043 41043 41043 41043 41043 41043 41043 41043 41043 41043 41043 41043 41043 41043 41043 41043 41043 41043 41043 41043 41043 41043 41043 41043 41043 41043 41043 41043 41043 41043 41043 41043 41043 41043 41043 41043 41043 41043 41043 41043 41043 41043 41043 41043 41043 41043 41043 41043 41043 41043 41043 41043 41043 41043 41043 41043 41043 41043 41043 41043 41043 41043 41043 41043 41043 41043 41043 41043 41043 41043 41043 41043 41043 41043 41043 41043 41043 41043 41043 41043 41043 41043 41043 
41032 41025 40710 41007 40710 40710 40710 40710 40710 40935 40935 40935 40710 40710 40710 40710 40710 40791 40791 40791 40710 40710 40710 40710 40710 40710 40710 40710 40710 40710 40710 40710 40710 40710 40710 40710 40710 40707 40707 40707 40707 40707 40707 40707 40707 40707 40707 40707 40707 40707 40707 40707 40707 40707 40595 40595 40595 40595 40595 40595 40595 40595 40595 40595 40595 40595 40595 40595 40595 40595 40595 40595 40595 40595 40595 40595 40595 40595 40595 40595 40595 40595 40595 40595 40595 40595 40595 40595 40595 
39643 39643 39643 39643 39643 39643 39643 39643 39643 39643 39643 39643 39643 39643 39643 39643 39643 39643 39643 39643 39643 39643 39643 39643 39643 39643 39643 39643 39781 39781 39781 39781 39781 39781 39781 39781 39781 39475 39575 39575 39575 39575 39475 39475 39575 39575 39575 39575 39575 39575 39475 39475 39475 39475 39475 39475 39475 39475 39475 39475 39475 39475 39475 39475 39475 39475 39475 39475 39475 39475 39475 39475 39475 39475 39475 39475 39475 39475 39475 39475 39475 39475 39475 39475 39475 39475 39475 39475 39475 
39464 39349 39313 39439 38971 39367 39403 39313 39367 39313 39313 39313 39142 39142 39142 39142 39313 39313 39142 39223 39223 39223 39142 39142 38971 39142 39142 39142 39142 39142 39142 39142 39142 39142 39142 39142 39142 38971 38971 38971 38971 38971 38971 38971 38971 38971 38971 38971 38971 38971 38971 38971 38971 38971 39139 39139 39139 39139 39139 39139 39139 39139 39139 39139 39139 39139 39139 39139 39139 39139 39139 39139 39139 39139 39139 39139 39139 39139 39139 39139 39139 39139 39139 39139 39139 39139 39139 39139 39139 39139 39139 39139 39139 39139 
38965 38871 38871 38871 38747 38523 38747 38747 38747 38871 38871 38871 38747 38747 38871 38523 38523 38523 38747 38523 38523 38523 38523 38747 38871 38523 38523 38523 38523 38523 38523 38523 38523 38523 38747 38747 38747 38747 38747 38747 38747 38747 38523 38523 38523 38523 38523 38523 38523 38523 38523 38523 38523 38523 38523 38523 38523 38523 38523 38523 38523 38523 38523 38523 38523 38523 38523 38523 38523 38523 38523 38523 38523 38523 38523 38523 38523 38523 38523 38523 38523 38523 38523 38523 38523 38523 38523 38523 38523 38523 38523 38523 38523 38523 38523 38523 
37741 37741 37741 37741 37741 37741 37741 37741 37741 37741 37741 37741 37741 37741 37741 37741 37741 37741 37741 37741 37741 37741 37741 37879 37879 37879 37879 37879 37603 37603 37603 37603 37603 37603 37603 37603 37603 37603 37603 37603 37603 37603 37603 37603 37603 37603 37403 37403 37403 37403 37403 37403 37403 37403 37403 37403 37403 37403 37403 37403 37403 37403 37403 37403 37403 37403 37403 37403 37403 37403 37403 37403 37403 37403 37403 37403 37403 37403 37403 37403 37403 37403 37403 37403 37403 37403 37403 37403 37403 37403 37403 37403 37403 37403 
36897 36897 36897 36897 36897 36897 36897 36897 36897 36897 36897 36897 36897 36897 36897 36897 36897 36897 36897 36897 36897 36897 36897 36621 36621 36621 36621 36621 36621 36621 36621 36621 36621 36621 36621 36621 36621 36621 36621 36621 36621 36621 36621 36621 36621 36621 37067 37067 37067 37067 37067 37067 37067 37067 37067 37067 37067 37067 37067 37067 37067 37067 37067 37067 37067 37067 37067 37067 37067 37067 37067 37067 37067 37067 37067 37067 37067 37067 37067 37067 37067 37067 37067 37067 37067 37067 37067 37067 37067 37067 37067 37067 37067 37067 37067 37067 
36610 36486 36486 36567 36486 36567 36522 36549 36486 36522 36522 36441 36441 36486 36441 36441 36441 36441 36441 36441 36483 36483 36483 36521 36521 36437 36437 36437 36437 36437 36437 36437 36397 36397 36437 36437 36437 36397 36397 36397 36397 36397 36397 36397 36397 36397 36397 36397 36397 36397 36397 36397 36397 36397 
36277 36277 36229 36157 36277 36277 36229 36277 36229 36277 36229 36229 36229 36229 36157 36157 36157 36157 36061 36061 36061 36061 36061 36061 36061 36061 36061 36061 36091 36091 36091 36091 36091 36091 36091 36091 36091 36091 36091 36091 36091 36091 36091 36091 36091 36091 36091 36091 36091 36091 36173 36173 36173 36173 36091 36091 36091 36091 36091 36091 36091 36091 36091 36091 36091 36091 36091 36091 36091 36091 36091 36091 36091 36091 36091 36091 36091 36091 36091 36091 36091 36091 36091 36091 36091 36091 36091 36091 36091 36091 36091 36091 
36050 36007 36007 36007 36007 36007 35971 35971 35980 35971 35953 35953 35953 35953 35953 35953 35953 35953 35961 35961 35837 35961 35961 35961 35877 35837 35837 35837 35837 35837 35837 35837 35837 35837 35837 35837 35837 35877 35837 35837 35837 35837 35877 35877 35837 35837 35837 35837 35837 35837 35837 35837 35837 35837 35837 
35717 35669 35669 35729 35729 35729 35729 35729 35729 35669 35669 35621 35669 35669 35621 35621 35621 35621 35597 35597 35277 35277 35277 35277 35277 35277 35377 35377 35377 35377 35377 35277 35277 35377 35377 35377 35377 35377 35377 35377 35377 35377 35377 35277 35277 35277 35277 35277 35277 35277 35277 35277 35277 35277 35277 
35266 35115 35115 35115 35115 35115 35115 35187 35115 35187 35115 35115 35115 35115 35115 35097 35115 35115 35097 35097 35109 35109 35109 35109 35109 35109 35109 35109 35053 35053 35093 35093 35093 35093 35093 35093 35093 35093 35093 35093 35093 35093 35093 35093 35093 35093 35053 35053 35053 35053 35053 35053 35053 35053 35053 
34933 34933 34885 34981 34945 34885 34837 34945 34885 34885 34885 34885 34885 34885 34813 34813 34837 34837 34813 34813 34717 34717 34717 34717 34717 34717 34717 34717 34593 34593 34593 34593 34593 34593 34493 34493 34593 34593 34493 34493 34493 34493 34493 34493 34493 34493 34493 34493 34493 34493 34493 34493 34493 34493 34493 34717 34717 34717 34717 34717 34717 34717 34717 34717 34717 34717 34717 34717 34717 34717 34717 34717 34717 34717 34717 34717 34717 34717 34717 34717 34717 34717 34717 34717 34717 34717 34717 34717 34744 34744 34744 34744 34744 34744 34717 34717 34717 34717 34717 34717 34717 
34482 34331 34160 34241 34331 34403 34403 34412 34331 34358 34358 34331 34331 34331 34331 34331 34160 34331 34241 34313 34160 34160 34241 34160 34223 34241 34241 34241 34160 34160 34160 34160 34160 34160 34160 34160 34160 34157 34157 34157 34157 34157 34157 34157 34157 34157 34157 34157 34157 34157 34157 34157 34157 34157 34157 34157 34157 34157 34157 34157 34157 34157 34157 34157 34157 34157 34157 34157 34157 34157 34157 34157 34157 34157 34157 34157 34157 34157 34157 34157 34157 34157 34157 34157 34157 34157 34157 34157 34157 34157 34157 34157 34157 34157 34157 34157 34157 34157 
34146 34103 34103 34103 34103 34103 34076 34076 34076 34067 34049 34049 34049 34067 34049 34049 34049 34049 34057 33709 33973 33973 34057 34057 33973 33709 33709 33709 33709 33709 33709 33709 33709 33973 33973 33973 33973 33709 33709 33709 33709 33973 33709 33709 33973 33973 33709 33709 33709 33709 33709 33709 33709 33709 33709 33709 33709 33709 33709 33709 33709 33709 33709 33709 33709 33709 33709 33709 33709 33709 33709 33709 33709 33709 33709 33709 33709 33709 33709 33709 33709 33709 33709 33709 33709 33709 33709 33709 33709 33709 33709 33709 33709 33709 33709 33709 33709 33709 
33373 33601 33637 33601 33601 33601 33181 33601 33601 33373 33373 33433 33493 33493 33373 33493 33493 33493 33373 33373 33373 33373 33433 33373 33373 33373 33373 33373 33181 33181 33181 33181 33181 33181 33181 33181 33181 33181 33181 33181 33181 33181 33181 33181 33249 32589 32589 32589 32589 32589 32589 32589 32589 32589 32589 32589 32589 32589 32589 32589 32589 32589 32589 32589 32589 32589 32589 32589 32589 32589 32589 32589 32589 32589 32589 32589 32589 32589 32589 32589 32589 32589 32589 32589 32589 32589 32589 32589 32589 32589 32589 32589 32589 32589 32589 32589 32589 32589 32589 32589 32589 32589 33313 33313 33313 33313 33313 33313 33313 33313 33313 33313 33313 33313 33313 33313 33313 33313 33313 33313 
32578 32193 32508 32553 32193 32193 32427 32499 32292 32427 32193 32193 32427 32193 32193 32193 32292 32427 32193 32193 32193 32193 32319 32193 32292 32292 32319 32319 32193 32193 32292 32193 32292 32193 32193 32193 32193 32193 32193 32193 32193 32193 32193 32193 32193 32193 32193 32193 32193 32193 32193 32193 32193 32193 32193 32193 32193 32193 32193 32193 32193 32193 32193 32193 32193 32193 32193 32193 32193 32193 32193 32193 32193 32193 32193 32193 32193 32193 32193 32193 32193 32193 32193 32193 32193 32193 32193 32193 32193 32193 32193 32193 32193 32193 32193 32193 32193 32193 32193 32193 32193 32193 32193 32193 32193 32193 32193 32193 32193 32193 32193 32193 32193 32193 32193 32193 32193 32193 32193 
32182 32139 32139 32139 32139 32139 32139 32139 32139 32009 31665 32093 32093 32093 32093 32093 32093 32009 31665 32093 32093 32009 32093 31665 32093 32009 32009 32009 32009 32009 32009 32009 32009 32009 32009 32009 32009 32009 32009 32009 32009 32009 31665 31665 31665 31665 31665 31665 31665 31665 31665 31665 31665 31665 31665 31665 31665 31665 31665 31665 31665 31665 31665 31665 31665 31665 31665 31665 31665 31665 31665 31665 31665 31665 31665 31665 31665 31665 31665 31665 31665 31665 31665 31665 31665 31665 31665 31665 31665 31665 31665 31665 31665 31665 31665 31665 31665 31665 31665 31665 31665 31665 31665 31665 31665 31665 31665 31665 31665 31665 31665 31665 31665 31665 31665 31665 31665 31665 31665 
31269 31269 31269 31269 31269 31269 31269 31269 31269 31269 31269 31389 31389 31269 31389 31389 31389 31389 31389 31389 31389 31389 31389 31269 31113 31269 31269 31269 31269 31269 31269 31269 31269 31113 31113 31113 31113 31113 31113 31113 31113 31113 31113 31113 31065 31113 31065 31065 31065 31065 30345 30345 30345 30345 30345 30345 30345 30345 30345 30345 30345 30345 30345 30345 30345 30345 30345 30345 30345 30345 30345 30345 30345 30345 30345 30345 30345 30345 30345 30345 30345 30345 30345 30345 30345 30345 30345 30345 30345 30345 30345 30345 30345 30345 30345 30345 30345 30345 30345 30345 30345 30345 30345 30345 30345 30345 30345 30345 30345 30345 30345 30345 30345 30345 30345 30345 30345 30345 31215 31215 31215 31215 31215 31215 31215 31215 31215 31215 31215 31215 31215 31215 31215 31215 
30334 29895 29895 29895 29895 29895 29895 29895 29895 29895 29895 29895 29895 30012 29895 29895 30012 29895 30165 29895 29895 30012 30012 29895 30012 30075 30075 30075 29985 29985 30012 30012 30012 30012 30012 30012 30012 29895 29895 29895 29895 29895 29895 29895 29895 29895 29895 29895 29895 29895 29895 29895 29895 29895 29895 29895 29895 29895 29895 29895 29895 29895 29895 29895 29895 29895 29895 29895 29895 29895 29895 29895 29895 29895 29895 29895 29895 29895 29895 29895 29895 29895 29895 29895 29895 29895 30009 29895 29895 29895 29895 29895 29895 29895 29895 29895 29895 29895 29895 29895 29895 29895 29895 29895 29895 29895 29895 29895 29895 29895 29895 29895 29895 29895 29895 29895 29895 29895 29895 29895 29895 29895 29895 29895 29895 29895 29895 29895 29895 29895 29895 29895 29895 29895 29895 29895 
29891 29711 29795 29295 29871 29795 29295 29795 29711 29795 29795 29295 29711 29795 29711 29795 29295 29711 29795 29795 29795 29795 29795 29795 29795 29711 29711 29711 29295 29295 29295 29711 29711 29711 29295 29295 29295 29295 29295 29295 29295 29295 29295 29295 29295 29295 29295 29295 29295 29295 29295 29295 29295 29295 29295 29295 29295 29295 29295 29295 29295 29295 29295 29295 29295 29295 29295 29295 29295 29295 29295 29295 29295 29295 29295 29295 29295 29295 29295 29295 29295 29295 29295 29295 29295 29295 29295 29295 29295 29295 29295 29295 29295 29295 29295 29295 29295 29295 29295 29295 29295 29295 29295 29295 29295 29295 29295 29295 29295 29295 29295 29295 29295 29295 29295 29295 29295 29295 29295 29295 29295 29295 29295 29295 29295 29295 29295 29295 29295 29295 29295 29295 29295 29295 29295 29295 
29019 29019 28851 28851 28851 28851 28851 28695 28851 28851 28851 29019 29019 29019 29019 29019 29019 29019 29019 29019 29019 29019 28851 28851 28851 28851 28851 28851 28851 28851 28851 28851 28851 28851 28851 28851 28851 28815 28695 28695 28695 28695 28743 28743 28743 28743 28695 28695 28695 28695 28335 28335 28335 28335 28335 28335 28335 28335 28335 28335 28335 28335 28335 28335 28335 28335 28335 28335 28335 28335 28335 28335 28335 28335 28335 28335 28335 28335 28335 28335 28335 28335 28335 28335 28335 28335 28335 28335 28335 28335 28335 28335 28845 28845 28845 28845 28845 28845 28845 28845 28845 28845 28845 28845 28845 28845 28845 28845 28845 28845 28845 28845 28845 28845 28845 28845 28845 28845 28845 28845 28845 28845 28845 28845 28845 28845 28845 28845 28845 28845 28845 28845 28845 28845 28845 28845 28845 28845 
28179 28179 28179 28179 28179 28179 28179 28179 28179 28179 28179 28179 28179 28011 28011 28011 28011 28011 28011 28011 28011 28011 28011 28011 28011 28011 28011 28002 28002 28002 27885 28002 27975 27975 28002 28002 28002 27885 27885 27885 27885 27885 27885 27885 27921 27885 27885 27885 27885 27885 27885 27885 27885 27885 27885 27885 27885 27885 27885 27885 27885 27885 27885 27885 27885 27885 27885 27885 27885 27885 27885 27885 27885 27885 27885 27885 27885 27885 27885 27885 27885 27885 27885 27885 27885 27885 27885 27885 27885 27885 27885 27885 27885 27885 27885 27885 27885 27885 27885 27885 27885 27885 27885 27885 27885 27885 27885 27885 27885 27885 27885 27885 27885 27885 27885 27885 27885 27885 27885 27885 27885 27885 27885 27885 27885 27885 27885 27885 27885 27885 27885 27885 27885 27885 
27807 27807 27807 27807 27807 27807 27807 27807 27807 27807 27807 27807 27807 27701 27785 27785 27701 27701 27701 27501 27701 27785 27701 27785 27701 27701 27701 27701 27701 27701 27701 27701 27701 27701 27701 27701 27701 27501 27701 27701 27701 27701 27701 27701 27701 27701 27501 27589 27501 27501 27501 27501 27501 27501 27501 27589 27589 27589 27589 27589 27589 27589 27589 27501 27501 27501 27501 27501 27501 27501 27501 27501 27501 27501 27501 27501 27501 27501 27501 27501 27501 27501 27501 27501 27501 27501 27501 27501 27501 27501 
27213 27345 27213 27213 27213 27213 27345 27345 27345 27117 27177 27345 27225 27177 27117 27225 27225 27225 27225 27225 27225 27225 27225 27177 27177 27117 27117 27117 27117 27117 27117 27117 26541 27041 27041 27041 27041 27041 27041 27041 27041 27041 27041 27041 27041 27041 26541 26541 26541 26541 26541 26541 26541 26541 26541 26541 26541 26541 26541 26541 26541 26541 26541 26541 26541 26541 26541 26541 26541 26541 26541 26541 26541 26541 26541 26541 26541 26541 26541 26541 26541 26541 26541 26541 26541 26541 26541 26541 26541 26541 26541 
26385 26385 26217 26385 26385 26385 26385 26385 26385 26385 26385 26385 26385 26217 26217 26217 26217 26217 26217 26217 26217 26217 26217 26217 26217 26217 26217 26253 26253 26253 26253 26253 26253 26253 26253 26253 26253 26253 26253 26253 26253 26253 26253 26253 26253 26253 26253 26253 26325 26325 26325 26325 26325 26325 26253 26253 26253 26253 26253 26253 26253 26253 26253 26253 26253 26253 26253 26253 26253 26253 26253 26253 26253 26253 26253 26253 26253 26253 26253 26253 26253 26253 26253 26253 26253 26253 26253 26253 26253 26253 
26206 26172 26172 26172 26172 26175 26175 26001 26033 26033 26033 26001 26033 26033 26033 26033 26001 26033 26033 26033 26033 26033 26001 26001 26033 26033 26033 26033 26033 26033 26033 26033 26033 26001 26033 26033 26033 26033 26033 26033 26033 26033 26033 26033 26033 26001 26001 26001 26001 26001 26001 26001 26001 26001 
25845 25845 25845 25845 25845 25845 25845 25845 25845 25845 25845 25845 25845 25725 25725 25725 25725 25725 25725 25725 25725 25725 25725 25541 25461 25461 25541 25461 25541 25541 25541 25541 25461 25541 25541 25541 25541 25541 25461 25461 25461 25541 25461 25461 25541 25541 25461 25461 25461 25461 25461 25461 25461 25461 25794 25794 25794 25794 25794 25794 25794 25794 25794 25794 25794 25794 
25450 25443 25254 25371 25254 25254 25254 25254 25371 25254 25254 25308 25308 25308 25308 25308 25254 25254 25254 25254 25254 25254 25254 25257 25257 25257 25257 25257 25257 25257 25257 25257 25257 25257 25277 25277 25277 25277 25277 25277 25277 25277 25277 25277 25277 25277 25245 25245 25245 25245 25245 25245 25245 25245 25254 25254 25254 25254 25254 25254 25254 25254 25254 25254 
24921 25089 25089 25089 25089 25089 25089 25089 25089 25089 25089 25089 25089 24921 24921 24921 24921 24921 24921 24921 24921 24921 24921 24921 24921 24921 24921 24705 24705 24705 24785 24785 24785 24785 24785 24785 24705 24705 24785 24785 24785 24785 24785 24785 24785 24785 24705 24705 24705 24705 24705 24705 24705 24705 24879 24879 24879 24879 24879 24879 24876 24876 24876 24876 24876 24876 24876 24876 24876 24876 24876 24876 24876 24876 24876 24876 24876 24876 24876 24876 24876 24876 24876 24936 24936 24876 24876 24876 24876 24876 24876 24876 24876 24876 24876 24876 24876 24876 24876 24876 24876 24876 24876 24876 24876 24876 24876 24876 24876 24876 24876 24876 24876 24876 
24694 24336 24336 24669 24336 24336 24336 24336 24336 24336 24336 24336 24336 24336 24525 24435 24336 24336 24435 24435 24336 24435 24336 24336 24336 24336 24336 24336 24435 24435 24336 24336 24336 24336 24336 24336 24336 24336 24336 24336 24336 24339 24339 24339 24339 24339 24339 24339 24339 24339 24339 24339 24339 24339 24339 24339 24339 24339 24339 24339 24336 24336 24336 24336 24336 24336 24336 24336 24336 24336 24336 24336 24336 24336 24336 24336 24336 24336 24336 24336 24336 24336 24336 24396 24396 24396 24396 24396 24336 24336 24336 24336 24336 24336 24336 24336 24336 24336 24336 24336 24336 24336 24336 24336 24336 24336 24336 24336 24336 24336 24336 24336 24336 24336 24336 24336 
24020 24312 24152 24312 24312 24120 24120 24152 24152 24152 24152 24120 24020 24152 23872 24152 24020 24152 24152 24152 24152 24152 24152 24152 24152 24152 24020 24120 24120 24152 24152 24152 24152 24152 24152 24152 24152 24152 24152 24152 24152 24152 24152 24152 23872 24152 24020 23872 23872 23872 23872 24120 24120 24120 24020 24020 23872 24020 24020 24020 24020 23872 23872 23872 24020 23872 23872 23872 23872 23872 23872 23872 23872 23872 23872 24020 24020 23872 23872 23872 23872 23872 23872 23872 23872 23872 23872 23872 23872 23872 23872 23872 23872 23872 23872 23872 23872 23872 23872 23872 23872 23872 23872 23872 23872 23872 23872 23872 23872 
23596 23596 23596 23524 23596 23524 23524 23524 23524 23524 23524 23596 23596 23596 23596 23524 23596 23596 23524 23596 23596 23416 23596 23524 23524 23524 23524 23524 23524 23416 23416 23416 23416 23416 23416 23416 23416 23416 23458 23350 23350 23350 23350 23350 23458 23458 23350 23350 23350 23350 23350 23350 23350 23350 23350 23350 23350 23536 23524 23524 23536 23524 23524 23524 23524 23524 23524 23524 23524 23524 23524 23524 23524 23524 23524 23524 23524 23524 23524 23524 23524 23524 23524 23524 23524 23524 23533 23524 23524 23524 23524 23524 23524 23524 23524 23524 23524 23524 23524 23524 23524 23524 23524 23524 23524 23524 23524 
23326 23166 23166 23326 23118 23326 23166 23166 23118 23118 23166 23118 23118 23166 23118 23166 23166 23118 23166 23166 23166 23166 23166 23166 23166 23166 23166 23166 23166 23118 23118 23118 23166 23166 23118 23118 23118 23166 23166 23166 23166 23118 23118 23118 23118 23118 23118 23118 23118 23118 23118 23118 23118 23118 23118 23118 23118 23118 
22950 22950 22950 22890 22950 22950 22950 22950 22890 22890 22950 22950 22950 22950 22890 22890 22890 22890 22890 22538 22538 22538 22538 22658 22538 22538 22538 22538 22538 22658 22658 22658 22538 22538 22658 22658 22658 22658 22658 22538 22658 22658 22658 22658 22538 22538 22538 22538 22538 22538 22538 22538 22538 22538 22538 22538 22538 22538 
22527 22367 22367 22466 22367 22367 22367 22448 22367 22367 22421 22367 22367 22367 22367 22367 22367 22367 22367 22364 22364 22364 22364 22364 22364 22364 22364 22364 22364 22354 22354 22354 22354 22354 22354 22354 22354 22354 22354 22354 22354 22354 22354 22354 22354 22354 22364 22364 22364 22364 22364 22364 22364 22364 22364 22364 22364 22364 
22222 22222 22222 22222 22222 22222 22222 22222 22222 22222 22222 22078 22078 22078 22078 22078 22078 22078 22078 22078 22078 22078 22078 21894 21894 21894 21894 21894 21894 21894 21894 21894 21894 21894 21894 21894 21894 21894 21894 21894 21894 21894 21894 21894 21894 21894 22042 22042 22042 22042 22042 22042 22042 22042 22042 22042 22042 22042 22042 22042 22042 22042 22042 22042 22042 22042 22042 22042 22042 22042 22042 22042 22042 22042 22042 22042 22042 22042 22042 22042 22042 22042 22042 22042 22042 22042 22042 22042 22042 22042 22042 22042 22042 22042 22042 22042 22042 22042 22042 22042 
21883 21588 21588 21588 21588 21660 21588 21588 21588 21588 21588 21588 21588 21588 21588 21588 21588 21588 21588 21588 21588 21660 21588 21660 21588 21588 21588 21588 21588 21588 21588 21588 21588 21588 21582 21582 21582 21582 21582 21582 21582 21582 21582 21582 21582 21582 21582 21582 21582 21582 21582 21582 21582 21582 21582 21582 21582 21582 21582 21582 21582 21582 21582 21582 21582 21582 21582 21582 21582 21582 21582 21582 21582 21582 21582 21582 21582 21582 21582 21582 21582 21582 21582 21582 21582 21582 21582 21582 21582 21582 21582 21582 21582 21582 21582 21582 21582 21582 
21578 21394 21394 21558 21558 21558 21394 21534 21534 21394 21394 21398 21394 21394 21394 21394 21398 21398 21398 21398 21394 21394 21394 21394 21398 21398 21394 21398 21398 21398 21398 21398 21398 21394 21398 21398 21394 21394 21398 21394 21398 21394 21394 21394 21394 21394 21394 21530 21530 21530 21530 21530 
21262 21262 21262 21262 21262 21262 21262 21262 21262 21262 21262 21214 21214 21214 21214 21187 21187 21187 21187 21187 21187 21187 21187 21253 21253 21253 21313 21253 21253 21298 21253 21256 21253 21253 21253 21253 21253 21253 21253 21253 21253 21253 21253 21253 21253 21253 21253 
21181 21095 21139 21163 21139 21163 21095 21095 21095 21095 21095 21095 21095 21095 21095 21095 21095 21095 21095 21095 21095 21095 21095 
21083 21035 21011 21035 21011 21011 21011 20865 20865 20865 20865 20865 20865 20865 20865 20865 20865 20865 20865 20865 20865 20865 20865 
20854 20802 20802 20820 20802 20802 20802 20799 20799 20799 20799 20796 20796 20796 20796 20796 20796 20796 20796 20796 20796 20796 20796 
20790 20788 20760 20772 20748 20772 20704 20760 20704 20704 20704 20748 20704 20704 20704 20704 20704 20704 20704 20704 20704 20704 20704 
20644 20644 20644 20644 20644 20620 20620 20474 20474 20474 20474 20474 20474 20474 20474 20474 20474 20474 20474 20474 20474 20474 20474 
20463 20411 20411 20411 20411 20411 20411 20414 20408 20408 20408 20405 20405 20405 20405 20405 20405 20405 20405 20405 20405 20405 20405 
20399 20397 20381 20313 20313 20381 20313 20313 20313 20313 20313 20313 20313 20313 20313 20313 20313 20313 20313 20313 20313 20313 20313 
20253 20253 20253 20253 20253 20229 20229 20083 20083 20083 20083 20083 20083 20083 20083 20083 20083 20083 20083 20083 20083 20083 20083 
20072 20038 20020 20020 20020 20020 20020 20017 20017 20017 20017 20014 20014 20014 20014 20014 20014 20014 20014 20014 20014 20014 20014 
20008 19922 19978 19922 19922 19978 19978 19922 19922 19922 19922 19922 19922 19922 19922 19922 19922 19922 19922 19922 19922 19922 19922 
19862 19862 19862 19862 19862 19826 19826 19826 19692 19692 19692 19692 19692 19692 19692 19692 19692 19692 19692 19692 19692 19692 19692 19850 
19681 19620 19620 19620 19620 19620 19620 19620 19620 19620 19620 19620 19620 19620 19620 19620 19620 19620 19620 19620 19620 19620 19620 19620 
19616 19596 19596 19596 19596 19596 19612 19612 
19572 19572 19569 19578 19578 19578 
19565 19561 19557 19565 
19545 19549 19545 
19541 19537 19533 
19521 19503 19503 
19494 19495 19494 
19490 19486 19482 
19470 19452 19452 
19443 19444 19443 
19439 19435 19427 19427 
19415 19387 19387 19387 
19378 19375 19375 19375 
19371 19367 
19358 19359 
19354 19350 
19330 19330 
19324 19324 
19320 19316 
19296 19296 
19290 19290 
19286 19282 
19262 19262 
19256 19256 
19252 19248 
19228 19228 
19222 19222 
19218 19214 
19194 19194 
19188 19188 
19184 19180 
19160 19160 
19154 19154 
19150 19146 
19126 19126 
19120 19120 
19116 19112 
19092 19092 
19086 19086 
19082 19078 
19058 19058 
19052 19052 
19048 19044 
19024 19024 
19018 19018 
19014 19010 
18990 18990 
18984 18984 
18980 18976 
18956 18956 
18950 18950 
18946 18942 
18922 18922 
18916 18916 
18912 18908 
18888 18888 
18882 18882 
18878 18874 
18854 18854 
18848 18848 
18844 18840 
18820 18820 
18814 18814 
18810 18806 
18786 18786 
18780 18780 
18776 18772 
18752 18752 
18746 18746 
18742 18738 
18718 18718 
18712 18712 
18708 18704 
18684 18684 
18678 18678 
18674 18670 
18650 18650 
18644 18644 
18640 18636 
18616 18616 
18610 18610 
18606 18602 
18582 18582 
18576 18576 
18572 18568 
18548 18548 
18542 18542 
18538 
18528 
18522 
18518 
18512 
18508 
18504 
18495 18495 18495 
18483 18483 18483 
18471 18453 18453 
18444 18444 18444 
18432 18432 18432 
18420 18402 18402 
18393 18393 18393 
18393
