53716
37966 37966 37966 37966 37966 37966 37966 37366 34280 47886 47944 48828 
32060 32060 32060 32060 33380 33380 33380 32060 32064 30395 32060 
29360 29360 29360 29360 29360 29360 29360 29499 28603 28730 
28573 28573 28538 28515 27604 27604 26392 27604 27835 27067 
26287 26287 26287 26304 25627 25627 25627 24677 25624 24280 
24250 24250 24100 24100 23515 23515 23515 22408 23281 22588 
22378 22378 22348 22287 22058 22058 21409 21409 21451 20716 
20656 20686 20656 20628 20366 20366 19951 19400 19717 18532 
18502 18502 18442 18444 18182 18182 17767 17412 17578 16789 
16759 16699 16729 16668 16439 16439 16024 15669 15568 15199 
15109 15169 15109 14536 14536 14536 14434 14079 14080 
13080 12612 12675 13080 13728 13080 13521 12675 13311 
11391 11208 11910 12483 11613 12396 11208 11391 11613 
10506 10992 10089 10209 10209 10209 10209 10155 10209 
9090 9837 9741 9090 9387 9387 9036 9090 9090 
8850 8850 8334 8907 8334 8784 8037 8037 8037 
7935 7821 7785 7959 7908 7851 7785 7653 7224 
7191 7194 7194 7194 7161 7095 7005 
6975 6975 6975 6975 6927 6903 6940 
6873 6897 6873 6870 6843 6870 
6837 6837 6828 6834 
6825 6822 6816 
6813 6814 
6810 
6809 
6809
