53716
38036 38036 38036 38036 38036 38036 37908 36766 35491 48416 47944 48828 
35182 33946 33946 33880 33651 33376 33967 33847 32818 32107 
30760 30760 30575 30442 30152 29569 30777 29710 29434 27685 
26338 26338 26153 26020 25730 25147 26278 24301 25012 24199 
22852 22852 22667 22534 22244 21661 22792 21391 21598 21494 
20044 20044 19859 19726 19776 18853 19984 18853 19771 19768 
18685 17446 18748 17446 17446 17761 17446 16843 17233 17230 
16423 16423 16423 16675 16423 16331 15907 15901 15223 15220 
14800 15052 14800 14800 14800 14596 14284 13756 13210 
13105 12790 13105 12790 12790 12698 12250 12154 10768 
10600 10600 10348 10348 10348 10144 9808 9826 9769 
9349 9349 9349 9349 9349 9145 8833 8845 8944 
8814 8797 8731 8716 8599 8574 8365 8047 7828 
7809 7792 7726 7711 7648 7583 7426 7387 
7368 7351 7285 7270 7234 7156 7022 
7004 6998 6992 6974 6956 6920 
6902 6896 6890 6872 6860 
6842 6836 6840 6851 
6827 6826 6824 
6815 6814 
6810 
6810
