53716
37896 37896 37896 37896 37896 37896 37896 37966 37609 48682 47944 48828 
36349 36349 36349 36349 36241 36088 36655 33427 34747 33427 33425 33425 
32165 32165 32165 32165 32095 32060 33152 31199 31199 31313 
29957 29957 29957 29939 29793 29678 30211 30211 29015 29576 
27773 27773 27773 27755 27609 27494 28047 28047 26804 27392 
25562 25562 25562 25544 25398 25283 25980 25980 25061 25112 
23819 23819 23819 23801 23655 23540 24073 24289 23768 23438 
22196 22196 22196 22178 22032 21917 22718 22718 22145 21746 
20504 20504 20504 20486 20340 20225 20758 20974 20453 19634 
18392 18392 18392 18374 18228 18113 18654 18914 18341 
18106 17365 17341 17133 17957 17145 17801 17341 16820 
16813 16224 16664 16224 15884 16508 16508 16072 15353 
15346 14605 15197 14417 14885 14385 15041 14781 13949 
13942 13377 13793 12969 13793 13229 12969 13353 12896 
12329 12329 12329 12329 12329 12329 12329 11908 
11901 11341 11341 11341 11341 11341 11341 11160 11581 
10593 10593 10593 10593 10593 10593 10593 10388 10833 
10381 9821 9821 9821 9821 9821 9821 9808 10061 
9801 9241 9241 9241 9241 9241 9241 9184 9481 
8925 9142 8925 8925 8925 8925 8749 8749 8857 
8742 8490 8490 8490 8490 8490 8476 8221 8422 
8214 7962 7962 7962 7962 7962 7948 8051 
7689 7689 7689 7689 7689 7689 7720 
7461 7521 7512 7557 7461 7512 7467 
7284 7284 7329 7284 7284 7329 
7152 7152 7152 7152 7116 7116 
6984 6984 6984 6972 6984 6972 
6840 6840 6840 6840 6894 6840 
6831 6831 
6830 
6828 
6828
