53716
37966 37966 37966 37966 37966 37966 37780 36466 33332 46826 47944 48828 
32120 32120 32072 32045 31964 31904 29757 29939 29822 29948 
28523 28523 28497 28470 28389 28413 28847 26364 26247 26511 
25013 25013 24987 24960 24879 24903 25337 22854 22854 23001 
21620 21620 21594 21567 21486 21510 21944 20280 20856 19608 
18374 18374 18320 18213 18006 17664 18420 17359 17868 16122 
14888 14888 14834 14727 14520 14178 14934 13769 13680 
12446 12446 12392 12285 12078 11736 12492 11600 11682 
10366 10366 10312 10205 10088 9980 10604 9602 9602 
8368 8368 8314 8207 8090 7982 8948 8792 8726 
7962 7954 7934 7658 7658 7658 7490 7208 7214 
7188 7180 7176 7154 6962 6962 7010 
6942 6934 6930 6908 6866 6929 
6846 6838 6846 6858 
6828 6826 6826 
6819 6816 6822 
6810 6814 
6809 
6809
