53716
37966 37966 37966 37966 37966 37966 37966 37966 36088 49020 47944 48828 
33404 33404 33404 33404 33404 33404 33404 33404 34076 33404 33202 
32442 32442 32062 32062 32062 32062 32062 32062 32154 32060 
31489 31489 31489 31489 31489 31489 31627 31627 31489 31489 
29969 29969 29969 29969 29969 29969 29969 29969 30349 30347 
29962 29589 29717 29717 29589 29589 29589 29587 29536 
29528 28672 28672 28672 28966 28672 28672 28672 28670 
28662 28100 27806 27806 27806 27806 27806 27806 28237 
27799 27762 27746 27714 27714 27712 27670 27373 27373 
27189 26221 26221 26221 26221 26221 26221 26221 26507 
26214 26129 26125 25933 26033 26033 25933 25931 25933 
25924 25839 25839 25839 25839 25837 25643 25794 25643 
24875 25459 24875 24875 24875 24875 24875 25067 25067 
24868 24683 24683 24687 24687 24687 24683 24730 
24676 24591 24591 24591 24591 24589 24587 24538 
24154 24154 24354 24354 24354 24154 24250 24248 
24147 24058 24090 23966 23966 23966 24018 24018 
23962 23962 23830 23900 23870 23830 23870 23830 
23823 23560 23560 23560 23560 23560 23558 23558 
23546 23546 23378 23378 23378 23378 23490 23421 
23373 23374 23312 23282 23146 23146 23146 23146 
23138 23130 22530 22530 22530 22530 22530 22682 
22523 22516 22374 22374 22454 22374 22374 22386 
22369 22370 22360 22360 22356 22220 22220 22239 
21812 21812 21812 21812 21812 21812 21912 21912 
21805 21798 21760 21708 21708 21708 21710 21677 
21669 21661 21469 21469 21317 21317 21409 21407 
21310 21303 21137 21213 21229 21137 21223 
21130 21127 21123 21047 21119 21035 21035 
21027 20763 20979 20763 20763 20763 20831 
20756 20749 20735 20731 20695 20695 20695 
20688 20685 20681 20605 20677 20605 20627 20567 
20559 20551 20231 20231 20231 20231 20311 20311 
20224 20217 20203 20143 20143 20143 20163 
20136 20133 20129 20084 20125 20084 20075 
19891 20051 20019 19891 19891 19939 19939 
19884 19877 19863 19847 19847 19801 19785 
19761 19497 19697 19497 19609 19497 19573 
19490 19483 19469 19465 19409 19429 19407 
19399 19175 19351 19175 19231 19227 19227 
19168 19161 19087 19047 19107 19047 19103 
19040 19033 19019 19003 19003 19001 18971 
18964 18957 18922 18894 18838 18815 18815 
18808 18801 18787 18771 18771 18756 18749 
18651 18735 18651 18651 18623 18605 18603 
18596 18589 18575 18559 18559 18557 18525 18469 
18462 18455 18287 18287 18287 18304 18201 18201 
18173 18173 18173 18157 18157 18137 18137 
18123 18123 18053 18053 18025 18009 18009 
18002 17981 17981 17965 17965 17977 17916 
17783 17895 17888 17839 17783 17728 17726 
17698 17698 17698 17682 17682 17670 17654 
17640 17626 17626 17556 17528 17510 17510 
17482 17482 17482 17466 17466 17464 17330 17311 
17283 17038 17283 17038 17038 17038 16915 16913 
16906 16885 16885 16869 16869 16867 16656 16656 16656 
16628 16628 16628 16579 16299 16299 16336 16144 16142 
16135 16114 16114 16098 16098 16096 15885 15885 15885 
15857 15528 15528 15808 15528 15528 15565 15373 15371 
15343 15343 15343 15327 15327 15325 15100 15100 15100 
15093 15072 15072 14722 14946 14722 14765 14560 14558 
14544 14544 14530 14514 14514 14512 14287 14287 14287 
13909 13909 13909 13909 13909 13909 13952 13747 13745 
13717 13717 13717 13701 13701 13699 13442 13442 13442 
13428 13407 13414 13365 13022 13022 13067 12838 12836 
12829 12808 12808 12792 12792 12777 12656 12533 12533 
12505 12505 12505 12113 12113 12113 12198 11929 11927 
11899 11899 11899 11883 11883 11881 11790 11747 11624 
11204 11596 11596 11204 11204 11204 11249 11020 11018 
10990 10990 10990 10974 10974 10972 10884 10884 
10877 10856 10856 10702 10702 10719 10616 10616 
10588 10588 10588 10572 10572 10482 10482 10482 
10454 10454 10454 10300 10300 10317 10214 10214 
10186 10186 10186 10170 10170 10168 10080 10080 
9898 10052 10052 9898 9898 9915 9812 9812 
9784 9784 9784 9768 9768 9766 
9738 9738 9738 9703 9674 9674 
9646 9646 9646 9630 9630 9628 
9600 9600 9565 9565 9536 9536 
9508 9508 9508 9492 9492 
9478 9483 9470 9474 9470 
9442 9442 9442 9426 9426 
9424 9413 9408 9408 9408 
9387 9387 9388 9372 9372 
9370 9359 9354 9354 9354 
9333 9333 9334 9318 9318 
9300 9312 9312 9304 9300 
9279 9279 9280 9264 9264 
9262 9251 9246 9246 9246 
9239 9225 9226 9210 9210 
9201 9208 9201 9201 
9194 9191 9185 9183 
9179 9174 9174 9174 
9167 9164 9158 9156 
9152 9147 9147 9147 
9140 9137 9131 9129 
9125 9120 9120 9120 
9113 9110 9104 9102 
9098 9093 9093 9093 
9086 9083 9077 9075 
9071 9066 9066 9066 
9059 9056 9050 9048 
9044 9039 9039 9039 
9032 9029 9023 9021 
9017 9012 9012 9012 
9005 9002 8996 8994 
8990 8985 8985 8985 
8978 8975 8969 8967 
8963 8958 8958 8958 
8951 8948 8942 8940 
8936 8931 8931 8931 
8924 8921 8915 8913 
8909 8904 8904 8904 
8897 8894 8888 8886 
8882 8877 8877 8877 
8870 8867 8861 8859 
8855 8850 8850 8850 
8843 8840 8834 8832 
8828 8823 8823 8823 
8816 8813 8807 8805 
8801 8799 8799 8796 
8789 8786 8780 8778 
8774 8769 8769 8769 
8762 8759 8753 8751 
8749 8746 8746 8742 
8735 8732 8726 8724 
8720 8718 8715 8715 
8708 8705 8699 8697 
8693 8691 8688 8688 
8681 8678 8672 8670 
8668 8667 8664 8661 
8654 8651 8645 8643 
8641 8638 8638 8634 
8627 8624 8618 8616 
8612 8611 8610 8607 
8600 8597 8591 8589 
8587 8586 8583 8580 
8573 8570 8564 8562 
8560 8559 8556 8553 
8546 8543 8537 8535 
8533 8532 8529 8526 
8519 8516 8510 8508 
8504 8499 8502 8499 
8492 8489 8483 8481 
8477 8472 8475 8472 
8465 8462 8456 8454 
8450 8445 8448 8445 
8438 8435 8429 8427 
8423 8418 8421 8418 
8411 8408 8402 8400 
8396 8391 8394 8391 
8384 8381 8375 8373 
8369 8364 8367 8364 
8357 8354 8348 8346 
8342 8337 8340 8337 
8330 8327 8321 8319 
8315 8310 8313 8310 
8303 8300 8294 8292 
8288 8283 8286 8283 
8276 8273 8267 8265 
8261 8256 8259 8256 
8249 8246 8240 8238 
8234 8229 8232 8229 
8222 8219 8213 8211 
8207 8202 8205 8202 
8195 8192 8186 8184 
8180 8182 8175 8175 
8168 8165 8159 8157 
8153 8155 8148 8148 
8141 8138 8132 8130 
8126 8128 8121 8121 
8114 8111 8105 8103 
8099 8101 8094 8094 
8087 8084 8078 8076 
8072 8074 8067 8067 
8060 8057 8051 8049 
8045 8047 8040 8040 
8033 8030 8024 8022 
8020 8017 8013 8013 
8006 8003 7997 7995 
7993 7990 7986 7986 
7979 7976 7970 7968 
7966 7963 7959 7959 
7952 7949 7943 7941 
7939 7936 7932 7932 
7925 7922 7916 7914 
7912 7909 7905 7905 
7898 7895 7889 7887 
7885 7882 7878 7878 
7871 7868 7862 7860 
7858 7855 7851 7851 
7844 7841 7835 7833 
7831 7828 7824 7824 
7817 7814 7808 7806 
7804 7801 7797 7797 
7790 7787 7781 7779 
7777 7774 7770 7770 
7763 7760 7754 7752 
7750 7747 7743 7743 
7736 7733 7727 7725 
7723 7720 7716 7716 
7709 7706 7700 7698 
7696 7693 7689 7689 
7682 7679 7673 7671 
7669 7666 7662 7662 
7655 7652 7646 7644 
7642 7639 7635 7635 
7628 7625 7619 7617 
7615 7612 7608 7608 
7601 7598 7592 7590 
7588 7585 7581 7581 
7574 7571 7565 7563 
7559 7560 7554 7554 
7547 7544 7538 7536 
7532 7531 7530 
7523 7518 7518 
7515 7512 7512 
7505 7500 7500 
7497 7494 7494 
7487 7482 7482 
7479 7476 7476 
7469 7464 7464 
7461 7458 7458 
7451 7446 7446 
7443 7440 7440 
7433 7428 7428 
7425 7422 7422 
7415 7410 7410 
7407 7404 7404 
7397 7392 7392 
7389 7386 7386 
7379 7374 7374 
7371 7368 7368 
7361 7356 7356 
7353 7350 7350 
7343 7338 7338 
7335 7332 7332 
7325 7320 7320 
7317 7314 7314 
7307 7302 7302 
7299 7296 7296 
7289 7284 7284 
7281 7278 7278 
7271 7266 7266 
7263 7260 7260 
7253 7248 7248 
7245 7242 7242 
7235 7230 7230 
7227 7224 7224 
7217 7212 7212 
7209 7206 7206 
7199 7194 7194 
7191 7188 7188 
7181 7176 7176 
7173 7170 7170 
7163 7158 7158 
7155 7152 7152 
7145 7140 7140 
7137 7134 7134 
7127 7122 7122 
7119 7116 7116 
7109 7104 7104 
7101 7098 7098 
7091 7086 7086 
7083 7080 7080 
7073 7068 7068 
7065 7062 7062 
7055 7050 7050 
7047 7044 7044 
7037 7032 7032 
7029 7026 7026 
7019 7014 7014 
7011 7008 7008 
7001 6996 6996 
6994 6994 
6990 6990 
6989 
6987 
6986 
6984 
6983 
6981 
6981
