53716
37966 37966 37966 37966 37966 37966 37966 37366 42441 47884 47944 48828 
37290 37284 32934 32934 32934 32934 32934 33182 33750 32134 32130 32478 
32057 32054 31827 31827 31827 29904 30438 29919 30594 30507 
29830 29820 29844 28175 28175 28329 28329 28854 28554 28281 
28098 28083 27725 27725 27725 27636 27314 27725 26552 26063 
25986 25971 25613 25613 25613 25524 24952 24425 24527 24338 
24261 24246 24158 24158 23888 23799 23227 23288 23357 22715 
22638 22623 22535 22535 22265 22176 21604 21455 21179 21023 
20946 20931 20843 20843 20573 20484 19912 19707 19487 19472 
19395 19380 19292 19292 19022 18512 18512 17924 17666 17936 
17589 17574 17486 17486 17216 17127 16555 16350 16199 16118 
16041 16026 15668 15938 15668 15158 15158 14570 14651 
14490 14476 14390 14390 14120 13996 13646 13506 13280 
13200 13186 13100 13100 12830 12706 12428 12195 12056 
11976 11962 11876 11876 11606 11482 11240 11104 11225 
11024 11010 11014 10978 10857 10832 10674 10244 10288 
10167 10152 10154 10145 10111 9725 9725 9413 9410 
9333 9318 9320 9311 9277 8891 8993 8579 8594 
8502 8487 8489 8480 8446 8060 8060 8060 7763 
7686 7671 7673 7664 7630 7667 7433 7355 
7278 7263 7265 7256 7222 7259 7142 
7065 7050 7052 7043 7009 7043 
6936 6933 6976 6976 6955 6976 
6930 6918 6900 6903 6879 6900 
6876 6861 6858 6840 6861 
6837 6834 6828 
6825 6822 6816 
6813 6814 
6810 
6810
