53716
37966 37966 37966 37966 37966 37966 37966 37666 42441 47884 47944 48828 
37592 37584 36162 32930 32130 32130 36018 34338 34658 32130 32130 32778 
32060 32054 31611 31611 29973 31611 30492 31581 30978 29973 
29899 29895 29598 29058 29598 29598 29058 29058 28821 28335 
28261 28255 28299 27810 27810 27810 27810 27420 26151 26712 
26077 26071 26115 25626 25626 25626 25626 25236 24900 24528 
24454 24448 24492 24003 24003 24003 24003 23618 23277 22836 
22762 22756 22800 22311 22311 22311 22311 21921 21684 20793 
20719 20713 20757 20268 20268 20268 20268 19883 19794 20239 
19720 19714 19758 19269 19269 19269 19269 18884 18390 19191 
18316 18310 18354 17865 17865 17865 17865 17475 16923 17836 
16849 16843 16887 16398 16398 16398 16398 16013 15771 16369 
15697 15691 15735 15246 15246 15246 15246 14856 14478 15148 
14404 14398 14442 13953 13953 13953 13953 13763 13227 
13153 13147 13191 12702 12702 12702 12702 12312 
12236 12226 12272 12177 11952 11824 11584 11214 
11140 11130 10928 10928 10928 10752 10689 10494 
10420 10410 10208 10208 10098 10098 10032 9938 10173 
9864 9854 9652 9652 9652 9542 9476 9338 9562 
9264 9254 9173 9173 9052 8678 8876 8698 9017 
8604 8594 8513 8513 8469 8573 8159 8159 8357 
8085 8075 8060 7994 7950 7925 7715 7715 7882 
7641 7631 7550 7550 7506 7481 7481 7580 
7407 7397 7316 7316 7272 7358 7289 
7198 7188 7217 7195 7209 7149 7080 
7006 6996 7025 7010 7026 7046 
6974 6974 6952 6933 6948 6962 
6897 6912 6912 6909 6885 6899 
6882 6849 6849 6849 6837 
6834 6828 6825 
6822 6819 6821 
6818 6817 
6813 6813 
6812 
6810 
6810
