53716
38036 38036 38036 38036 38036 38036 38036 37066 33376 47886 47944 48828 
33016 33016 33016 33016 33016 33016 32476 32066 31073 30671 
30467 30467 30467 30467 30125 30125 29802 29411 28947 28928 
28860 28860 28724 28724 28522 28382 27938 26948 27768 26717 
26513 26598 26598 26513 26171 26171 25661 24737 25385 24974 
24618 24363 24652 24363 24363 24197 23567 23157 23486 22553 
22434 22519 22179 22179 22179 22013 21383 20973 21749 20441 
20067 20067 20356 20067 20067 19901 19271 18641 19190 18329 
18210 18210 18210 17955 16833 16833 16833 16811 17525 16667 
16650 15579 16582 16293 15171 15171 15171 14093 15563 
14008 13974 13974 13719 13719 13107 12949 13197 12800 
12783 12749 12681 12307 12307 11814 11656 11799 11579 
11528 11460 11375 11205 11086 10593 10435 10529 10580 
10407 10407 10391 10337 10290 10091 10091 9184 9184 
9156 9156 9140 9086 9039 9036 8840 8524 8185 
8157 8157 8141 8122 8040 8037 7841 7735 7414 
7400 7386 7370 7316 7269 7206 7222 7279 
7192 7094 7094 7094 7046 6982 7014 
6968 6956 6950 6926 6902 6883 
6869 6857 6851 6843 6849 
6830 6827 6823 6825 
6813 6815 6813 
6810 6811 
6809 
6809
