53716
37896 37896 37896 37896 37896 37896 37896 37666 37609 47884 47944 48828 
36412 36412 36412 36349 36203 36088 34471 33427 33427 34471 33425 33425 
32228 32228 32228 32165 32095 32021 33095 32897 31199 31241 
30231 30231 30231 29939 29793 29678 30211 30211 29015 29576 
28047 28047 27805 27755 27609 27494 28027 28027 26804 27323 
25594 25594 25594 25544 25398 25283 25816 25816 25511 25181 
23971 23971 23971 23921 23775 23660 24357 24201 23888 23069 
22101 22101 22101 21809 21663 21548 22089 22245 21776 21377 
20409 20409 20409 20117 19971 19856 20389 20625 20084 19634 
19150 18424 18424 18374 18228 18113 18862 18698 18341 
18106 18050 18050 18050 18033 17361 17361 17177 16820 
16757 16757 16757 16757 16740 16664 16068 16100 15353 
15290 15290 15290 15290 15273 14701 14385 14601 14126 
14119 13531 14063 13531 13531 13531 13531 13374 12905 
12310 12310 12842 12310 12310 12310 12310 12081 
12074 11486 12018 11486 11486 11486 11486 11465 11754 
11458 10926 10870 10870 10870 10870 10870 10849 11138 
10842 10436 10254 10254 10254 10254 10254 10277 10522 
9841 9841 9841 9841 9841 9841 9638 9318 9927 
9311 8905 8905 8905 8905 8905 8790 8790 8991 
8787 8628 8670 8439 8517 8271 8271 8271 8463 
8268 8109 8112 8151 8217 7998 7743 7743 7944 
7740 7581 7602 7623 7602 7470 7470 7566 
7467 7311 7416 7350 7392 7311 7260 7295 
7257 7140 7140 7206 7182 7149 
7137 6999 7029 7029 7062 7029 
6996 6945 6888 6921 6921 6888 
6885 6834 6834 6834 6834 
6831 6832 
6828 6829 
6825 
6824 
6822 
6821 
6819 
6819
