32217
24535 24535 24535 24535 24535 24535 24535 24535 24535 24535 24535 24535 24535 24535 24535 24535 24535 24535 24535 24535 24535 24535 24535 24535 24535 24535 24535 24535 24535 24535 24535 24535 24535 24535 24535 24535 24535 31373 30353 31373 31373 31373 31373 31373 31249 31249 31373 31373 30867 31249 30867 30867 30867 31249 31249 30867 30315 29869 29869 30315 29659 29659 29653 29593 29593 30315 29653 29653 29653 29653 29653 29963 30353 29869 29869 29869 29059 29059 30315 30353 30353 30353 30353 30353 30353 30353 30353 30353 29963 29963 29963 29963 29963 29659 29659 29659 29659 29963 29963 29869 29869 29869 29659 29659 29659 29659 29869 29869 29869 29653 29653 29653 29653 29653 29059 29593 29059 29059 29059 29059 29059 29059 
24153 24153 24153 24153 24153 24153 24153 21377 21377 21377 23867 23867 23867 23867 23867 23867 23867 23867 23661 23771 23771 23771 21377 21911 23661 23567 23567 23771 23771 23691 23771 23771 23771 23771 23567 23567 23567 23567 23661 22671 23691 23771 23691 23691 23691 23567 23567 23691 23185 23567 23185 23185 23185 23567 23567 23185 22633 22187 22187 22633 21977 21977 21971 21911 21911 22633 21971 21971 21971 21971 21971 22281 22671 22187 22187 21377 21377 22633 22633 22671 22671 22671 22671 22671 22671 22671 22671 22671 22281 22281 22281 22281 22281 21977 21977 21977 21977 22281 22281 22187 22187 22187 21977 21977 21977 21977 22187 22187 22187 21971 21971 21971 21971 21377 21911 21377 21377 21377 21377 21377 21377 
20995 20663 20995 20995 20995 20995 20995 20995 20995 20995 19949 19949 19949 19949 19949 19949 20663 20663 20663 20663 19949 19949 19949 19949 20663 20503 20995 20995 20995 20663 20663 20663 20663 20663 20663 20663 20663 20663 20663 20663 20663 20663 20663 20663 20663 20663 20663 20663 20663 20663 20503 20533 19949 20533 20533 20027 20027 20027 20027 20503 20503 19949 19949 19949 19949 19949 19949 19949 19949 19949 19949 19949 19949 19949 19949 19949 19949 19949 19949 19949 19949 19949 19949 19949 19949 19949 19949 19949 19949 19949 19949 19949 19949 19949 19949 19949 19949 19949 19949 19949 
19500 19500 19500 19500 19500 19500 19500 19500 19500 19500 19500 19500 19500 19500 19500 19500 19500 19500 19500 19500 19500 19500 19500 19500 19500 19500 19500 19500 19500 19500 19500 19500 19500 19500 19500 19500 19500 19500 19500 19500 19500 19500 19500 19500 19500 19500 19500 19500 19500 19500 19500 19500 19500 19500 19500 19500 19500 19500 19500 19500 19500 19500 19500 19500 19500 19500 19500 19500 19500 19500 19500 19500 19500 
19118 19118 19118 18602 19052 19052 19052 19052 18602 18602 19052 18602 19052 19052 19052 19052 19052 19118 19118 19118 19118 19118 19118 19118 19052 19052 19052 19052 19052 19052 19052 19052 19052 19052 19052 19052 19052 19118 19118 19118 18626 19052 19052 19052 19052 19052 18602 18602 18602 18602 18602 18736 18736 18736 18656 18602 18602 18602 18602 18736 18736 18602 18602 18602 18602 18602 18602 18602 18602 18602 18602 18602 18602 18602 18602 18602 18602 18602 18602 18602 18602 18602 18602 
18153 18153 18153 18153 18153 18153 18153 18153 18153 18153 18153 18153 18153 18153 18153 18153 18153 18153 18153 18153 18153 18153 18153 18153 18153 18153 18153 18153 18153 18153 18153 18153 18153 18153 18153 18153 18153 18153 18153 18153 18153 18153 18153 18153 18153 18153 18153 18153 18153 18153 18153 18153 18153 18153 18153 18153 18153 18153 18153 18153 18153 18153 18153 18153 18153 18153 18153 18153 18153 18153 18153 18153 18153 18153 18153 18153 18153 18153 18153 18153 18153 18153 18153 18153 18153 18153 18153 18153 
17689 17689 17689 17255 17255 17689 17689 17689 17705 17705 17705 17255 17255 17255 17705 17705 17255 17255 17705 17705 17705 17705 17705 17705 17705 17705 17705 17705 17705 17705 17705 17705 17705 17705 17705 17705 17705 17705 17705 17705 17705 17771 17771 17771 17771 17771 17771 17705 17255 17255 17279 17255 17255 17255 17255 17255 17255 17255 17255 17255 17255 17255 17255 17255 17255 17255 17255 17255 17255 17255 17255 17255 17255 17255 17255 17255 17255 17255 17255 17255 17255 17255 17255 17255 17255 17255 17255 17255 17255 17255 17255 17255 17255 17255 
16806 16806 16806 16806 16806 16806 16806 16806 16806 16806 16806 16806 16806 16806 16806 16806 16806 16806 16806 16806 16806 16806 16806 16806 16806 16806 16806 16806 16806 16806 16806 16806 16806 16806 16806 16806 16806 16806 16806 16806 16806 16806 16806 16806 16806 16806 16806 16806 16806 16806 16806 16806 16806 16806 16806 16806 16806 16806 16806 16806 16806 16806 16806 16806 16806 16806 16806 16806 16806 16806 16806 16806 16806 16806 16806 16806 16806 16806 16806 16806 16806 16806 16806 16806 16806 16806 16806 16806 16806 16806 16806 16806 16806 16806 16806 16806 16806 16806 16806 16806 
16336 16358 16336 15908 16358 16336 15908 16336 16336 15908 16358 15908 16358 16358 15908 15908 16358 16358 16358 16358 16358 16358 16358 16358 16358 15908 15908 15908 15908 15908 15908 15908 15908 15908 15908 15908 15908 15908 16358 16358 16358 16358 16424 16424 16424 16424 16424 16358 16358 16358 16358 16358 16358 16358 15932 16358 16358 15908 15908 15908 15908 15908 15908 15908 15908 16042 15908 15908 15908 15908 15908 15908 15908 15908 15908 16042 16042 16042 16042 15908 15908 15908 15908 15908 15908 15908 15908 15908 15908 15908 15908 15908 15908 15908 15908 15908 15908 15908 15908 15908 15908 
15518 15518 15518 15518 15518 15518 15518 15518 15518 15518 15518 15518 15518 15518 15518 15518 15518 15518 15518 15518 15518 15518 15518 15518 15518 15518 15518 15518 15518 15518 15518 15518 15518 15518 15518 15518 15518 15518 15518 15518 15518 15518 15518 15518 15518 15518 15518 15518 15518 15518 15518 15518 15518 15518 15518 15518 15518 15518 15518 15518 15518 15518 15518 15518 15518 15518 15518 15518 15518 15518 15518 15518 15518 15518 15518 15518 15518 15518 15518 15518 15518 15518 15518 15518 15518 15518 15518 15518 15518 15518 15518 15518 15518 15518 15518 
15054 15054 15128 14738 14738 14738 15128 14738 15054 15128 15048 15128 14738 15054 15054 15128 15128 14738 15128 15128 15128 15128 14738 14738 15128 15128 14738 15128 15128 15128 15128 15128 15128 15128 15054 15054 15054 14738 15128 15128 15128 15128 15128 15128 15128 15128 15128 15128 15128 15128 15128 14738 14738 14738 15128 15128 15128 15128 15128 14738 14738 14738 15128 14738 14738 14738 14738 14738 14738 14738 14738 14738 14738 14738 14738 14738 14738 14738 14738 14738 14738 14754 14738 14738 14738 14738 14738 14738 14738 14738 14738 14738 14738 14738 14738 14738 14738 14738 14738 14738 14738 14738 14738 14738 14738 14738 14738 
14348 14348 14348 14348 14348 14348 14348 14348 14348 14348 14348 14348 14348 14348 14348 14348 14348 14348 14348 14348 14348 14348 14348 14348 14348 14348 14348 14348 14348 14348 14348 14348 14348 14348 14348 14348 14348 14348 14348 14348 14348 14348 14348 14348 14348 14348 14348 14348 14348 14348 14348 14348 14348 14348 14348 14348 14348 14348 14348 14348 14348 14348 14348 14348 14348 14348 14348 14348 14348 14348 14348 14348 14348 14348 14348 14348 14348 14348 14348 14348 14348 14348 14348 14348 14348 14348 14348 14348 14348 14348 14348 14348 14348 14348 14348 14348 14348 14348 14348 14348 14348 14348 14348 14348 14348 14348 14348 14348 14348 14348 14348 14348 
13914 13914 13884 13568 13914 13914 13914 13914 13568 13568 13568 13568 13568 13958 13958 13568 13958 13958 13958 13878 13878 13958 13568 13568 13568 13914 13958 13958 13568 13568 13958 13568 13568 13568 13568 13568 13568 13568 13568 13568 13958 13958 13958 13958 13958 13958 13958 13568 13568 13568 13568 13568 13568 13568 13568 13568 13958 13584 13958 13958 13958 13958 13958 13958 13958 13568 13568 13568 13568 13568 13568 13568 13568 13568 13568 13568 13568 13568 13568 13568 13568 13568 13568 13568 13584 13584 13584 13584 13584 13568 13568 13568 13568 13568 13568 13568 13568 13568 13568 13568 13568 13568 13568 13568 13568 13568 13568 13568 13568 13568 13568 13568 13568 
13178 13178 13178 13178 13178 13178 13178 13178 13178 13178 13178 13178 13178 13178 13178 13178 13178 13178 13178 13178 13178 13178 13178 13178 13178 13178 13178 13178 13178 13178 13178 13178 13178 13178 13178 13178 13178 13178 13178 13178 13178 13178 13178 13178 13178 13178 13178 13178 13178 13178 13178 13178 13178 13178 13178 13178 13178 13178 13178 13178 13178 13178 13178 13178 13178 13178 13178 13178 13178 13178 13178 13178 13178 13178 13178 13178 13178 13178 13178 13178 13178 13178 13178 13178 13178 13178 13178 13178 13178 13178 13178 13178 13178 13178 13178 13178 13178 13178 13178 13178 13178 13178 13178 13178 13178 13178 13178 13178 13178 13178 13178 13178 13178 13178 13178 13178 13178 13178 
12650 12650 12788 12398 12708 12744 12650 12788 12398 12398 12788 12788 12650 12398 12398 12398 12788 12714 12398 12398 12788 12744 12398 12398 12398 12398 12398 12398 12788 12788 12788 12788 12788 12788 12788 12788 12788 12788 12788 12398 12398 12788 12788 12788 12788 12788 12788 12788 12788 12788 12788 12788 12788 12788 12788 12788 12398 12398 12788 12398 12398 12398 12398 12398 12398 12398 12398 12398 12398 12398 12398 12398 12398 12398 12398 12398 12398 12398 12398 12398 12398 12398 12398 12398 12398 12398 12398 12398 12398 12398 12398 12398 12398 12398 12398 12398 12398 12398 12398 12398 12398 12398 12398 12398 12398 12398 12398 12398 12398 12398 12398 12398 12398 12398 12398 12398 12398 
12008 12008 12008 12008 12008 12008 12008 12008 12008 12008 12008 12008 12008 12008 12008 12008 12008 12008 12008 12008 12008 12008 12008 12008 12008 12008 12008 12008 12008 12008 12008 12008 12008 12008 12008 12008 12008 12008 12008 12008 12008 12008 12008 12008 12008 12008 12008 12008 12008 12008 12008 12008 12008 12008 12008 12008 12008 12008 12008 12008 12008 12008 12008 12008 12008 12008 12008 12008 12008 12008 12008 12008 12008 12008 12008 12008 12008 12008 12008 12008 12008 12008 12008 12008 12008 12008 12008 12008 12008 12008 12008 12008 12008 12008 12008 12008 12008 12008 12008 12008 12008 12008 12008 12008 12008 12008 12008 12008 12008 12008 12008 12008 12008 12008 12008 12008 12008 12008 12008 12008 12008 12008 
11228 11340 11228 11228 11926 11926 11228 11228 11228 11228 11228 11228 11228 11228 11228 11618 11574 11574 11574 11574 11228 11228 11228 11228 11618 11618 11228 11228 11618 11618 11228 11228 11228 11228 11618 11618 11618 11228 11244 11228 11574 11618 11618 11618 11618 11228 11618 11618 11618 11618 11618 11618 11228 11228 11618 11228 11228 11228 11228 11228 11228 11618 11618 11618 11618 11228 11618 11618 11618 11618 11618 11618 11618 11618 11228 11228 11228 11228 11228 11228 11228 11228 11228 11228 11244 11244 11244 11244 11244 11244 11228 11244 11228 11228 11228 11228 11228 11228 11228 11228 11228 11228 11228 11228 11228 11228 11228 11228 11228 11228 11228 11228 11228 11228 11228 11228 11228 11228 11228 11228 11228 
11157 11157 11157 11157 11157 11157 11157 11157 11157 11157 11157 11157 11157 11157 11157 11157 11157 11157 11157 11157 11157 11157 11157 11157 11157 11157 11157 11157 11157 11157 11157 
11015 11015 11015 11015 11015 11087 11087 11087 11015 11015 11015 11015 11015 11015 11015 11087 11087 11087 11015 11015 11015 11015 11015 11015 11015 11015 11015 11015 11015 11015 11015 11015 11015 11015 11015 
10944 10944 10944 10944 10944 10944 10944 10944 10944 10944 10944 10944 10944 10944 10944 10944 10944 10944 10944 10944 10944 10944 10944 10944 10944 10944 10944 10944 10944 10944 10944 10944 10944 10944 10944 10944 10944 
10874 10802 10802 10802 10802 10802 10874 10802 10874 10802 10874 10874 10874 10802 10802 10874 10874 10802 10802 10802 10802 10802 10802 10802 10802 10802 10802 10802 10802 10802 10802 10802 10802 10802 10802 10802 
10731 10731 10731 10731 10731 10731 10731 10731 10731 10731 10731 10731 10731 10731 10731 10731 10731 10731 10731 10731 10731 10731 10731 10731 10731 10731 10731 10731 10731 10731 10731 10731 10731 10731 10731 10731 10731 10731 
10661 10589 10589 10589 10661 10661 10661 10661 10589 10589 10661 10661 10661 10589 10589 10589 10589 10589 10589 10589 10589 10589 10589 10589 10589 10589 10589 10589 10589 10589 10589 10589 10589 10589 10589 10589 
10518 10518 10518 10518 10518 10518 10518 10518 10518 10518 10518 10518 10518 10518 10518 10518 10518 10518 10518 10518 10518 10518 10518 10518 10518 10518 10518 10518 10518 10518 10518 10518 10518 10518 10518 10518 10518 10518 
10376 10376 10436 10376 10376 10448 10376 10448 10376 10376 10376 10376 10376 10376 10448 10448 10448 10448 10376 10376 10376 10376 10376 10376 10376 10376 10376 10376 10376 10376 10376 10376 10376 10376 10376 10376 10376 10376 
10305 10305 10305 10305 10305 10305 10305 10305 10305 10305 10305 10305 10305 10305 10305 10305 10305 10305 10305 10305 10305 10305 10305 10305 10305 10305 10305 10305 10305 10305 10305 10305 10305 10305 10305 10305 10305 10305 10305 10305 
10163 10163 10163 10235 10163 10163 10235 10235 10163 10163 10235 10163 10163 10163 10235 10235 10235 10235 10235 10235 10163 10163 10163 10163 10163 10163 10163 10163 10163 10173 10173 10163 10163 10163 10173 10163 10163 10163 10163 10163 10163 
10092 10092 10092 10092 10092 10092 10092 10092 10092 10092 10092 10092 10092 10092 10092 10092 10092 10092 10092 10092 10092 10092 10092 10092 10092 10092 10092 10092 10092 10092 10092 10092 10092 10092 10092 10092 10092 10092 10092 10092 10092 10092 10092 
9950 9950 9950 9950 9950 9950 10022 9950 9950 10022 9950 9950 9950 9950 10022 10022 10022 9950 9950 10022 9950 9950 9950 9950 9950 9950 9950 9950 9950 9950 9950 9950 9950 9950 9950 9950 9950 9950 9950 9950 9950 
9879 9879 9879 9879 9879 9879 9879 9879 9879 9879 9879 9879 9879 9879 9879 9879 9879 9879 9879 9879 9879 9879 9879 9879 9879 9879 9879 9879 9879 9879 9879 9879 9879 9879 9879 9879 9879 9879 9879 9879 9879 9879 9879 
9737 9737 9737 9829 9809 9809 9809 9737 9737 9737 9809 9737 9737 9809 9809 9737 9737 9809 9809 9809 9809 9737 9737 9737 9737 9737 9737 9737 9737 9737 9737 9737 9737 9737 9737 9737 9737 9747 9747 9737 9737 
9666 9666 9666 9666 9666 9666 9666 9666 9666 9666 9666 9666 9666 9666 9666 9666 9666 9666 9666 9666 9666 9666 9666 9666 9666 9666 9666 9666 9666 9666 9666 9666 9666 9666 9666 9666 9666 9666 9666 9666 9666 9666 9666 
9524 9596 9524 9616 9616 9524 9596 9534 9534 9524 9596 9596 9596 9596 9596 9524 9524 9524 9596 9596 9524 9524 9524 9524 9524 9524 9524 9524 9524 9524 9524 9524 9524 9524 9524 9524 9524 9524 9524 9524 9524 
9453 9453 9453 9453 9453 9453 9453 9453 9453 9453 9453 9453 9453 9453 9453 9453 9453 9453 9453 9453 9453 9453 9453 9453 9453 9453 9453 9453 9453 9453 9453 9453 9453 9453 9453 9453 9453 9453 9453 9453 9453 
9311 9311 9311 9383 9403 9311 9383 9383 9383 9311 9311 9383 9383 9383 9383 9311 9311 9311 9383 9383 9311 9311 9311 9311 9311 9311 9311 9311 9311 9311 9311 9311 9311 9311 9311 9311 9311 9311 9311 9311 9311 9311 9311 9311 
9291 9291 9291 9291 9291 9291 9291 9291 9291 9291 9291 9291 9291 9291 9291 
9251 9271 9251 9251 9251 9251 9271 9271 9251 9251 9251 9251 9251 9251 9251 9251 9251 
9231 9231 9231 9231 9231 9231 9231 9231 9231 9231 9231 9231 9231 9231 9231 9231 9231 
9211 9191 9191 9191 9211 9191 9211 9211 9211 9191 9191 9191 9191 9191 9191 9191 9191 9191 9191 
9171 9171 9171 9171 9171 9171 9171 9171 9171 9171 9171 9171 9171 9171 9171 9171 9171 9171 9171 
9151 9131 9151 9151 9131 9131 9131 9131 9131 9131 9131 9131 9131 9131 9131 9131 9131 9131 9131 
9127 9127 9127 9127 
9119 9123 9119 9119 
9115 9115 9115 9115 
9107 9107 9107 9107 
9103 9103 9103 9103 
9095 9095 9095 9095 
9091 9091 9091 9091 
9083 9083 9083 9083 
9079 9079 9079 9079 
9071 9071 9071 9071 
9067 9067 9067 9067 
9059 9059 9059 9059 
9055 9055 9055 9055 
9047 9047 9047 9047 
9043 9043 9043 9043 
9035 9035 9035 9035 
9031 9031 9031 9031 
9023 9023 9023 9023 
9019 9019 9019 9019 
9011 9011 9011 9011 
9007 9007 9007 9007 
8999 8999 8999 8999 
8995 8995 8995 8995 
8987 8987 8987 8987 
8983 8983 8983 8983 
8975 8975 8975 8975 
8971 8971 8971 8971 
8963 8963 8963 8963 
8959 8959 8959 8959 
8951 8951 8951 8951 
8947 8947 8947 8947 
8939 8939 8939 8939 
8935 8935 8935 8935 
8927 8927 8927 8927 
8923 8923 8923 8923 
8915 8915 8915 8915 
8911 8911 8911 8911 
8903 8903 8903 8903 
8899 8899 8899 8899 
8891 8891 8891 8891 
8887 8887 8887 8887 
8879 8879 8879 8879 
8875 8875 8875 8875 
8867 8867 8867 8867 
8863 8863 8863 8863 
8855 8855 8855 8855 
8855
