34058
25364 
25333 
24273 
22273 
20613 
20605 
20577 
20568 
20560 
20553 
20545 
20300 
20276 
20268 
20252 
20231 
20207 
20165 
20157 
20117 
20075 
20027 
18907 
18899 
18891 
18883 
17679 
17663 
17655 
17634 
17627 
17620 
17613 
17606 
17598 
17024 
17008 
17000 
16993 
15705 
15697 
15689 
15681 
15667 
15093 
14043 
14027 
14019 
14012 
14004 
13619 
13587 
13579 
13571 
13550 
13534 
13526 
13414 
13286 
13279 
13265 
13249 
13221 
13172 
13116 
12983 
12850 
12842 
12834 
12826 
11853 
11845 
11837 
11599 
11327 
10858 
10842 
10834 
10827 
10162 
9402 
8681 
7857 
7822 
7801 
7793 
7785 
7778 
7092 
6420 
6238 
6030 
5848 
5640 
5458 
5250 
5068 
4892 
4815 
4807 
4800 
4793 
4788 
4782 
4775 
4770 
4764 
4754 
4748 
4742 
4735 
4730 
4724 
4714 
4702 
4695 
4690 
4684 
4674 
4662 
4655 
4645 
4633 
4623 
4615 
4605 
4599 
4593 
4588 
4582 
4575 
4525 
4515 
4508 
4502 
4495 
4360 
4350 
4320 
4313 
4258 
4248 
4239 
4233 
4198 
4188 
4182 
4152 
4142 
4137 
4131 
4124 
4119 
4113 
4108 
4102 
4095 
3975 
3935 
3865 
3855 
3848 
3848
