34058
25364 
25341 
24695 
21813 
20611 
20010 
19822 
18808 
18301 
18211 
17287 
16825 
15901 
15439 
14947 
14759 
14515 
14393 
14149 
14027 
13783 
13661 
13417 
13295 
13051 
12929 
12685 
12563 
12319 
12197 
11953 
11831 
11587 
11586 
11584 
11583 
11581 
11580 
11578 
11577 
11575 
11574 
11572 
11571 
11569 
11568 
11566 
11565 
11563 
11562 
11560 
11559 
11557 
11556 
11554 
11553 
11551 
11550 
11548 
11547 
11545 
11544 
11542 
11541 
11539 
11538 
11536 
11535 
11533 
11532 
11530 
11529 
11527 
11526 
11524 
11523 
11521 
11520 
11518 
11517 
11515 
11514 
11512 
11511 
11509 
11508 
11506 
11505 
11503 
11502 
11500 
11499 
11497 
11496 
11494 
11493 
11491 
11490 
11488 
11487 
11485 
11484 
11482 
11481 
11479 
11478 
11476 
11475 
11473 
11472 
11470 
11469 
11467 
11466 
11464 
11463 
11461 
11460 
11458 
11457 
11455 
11454 
11452 
11451 
11449 
11448 
11446 
11445 
11443 
11442 
11440 
11439 
11437 
11436 
11434 
11433 
11431 
11430 
11428 
11427 
11425 
11424 
11422 
11421 
11419 
11418 
11416 
11415 
11413 
11412 
11410 
11409 
11407 
11406 
11404 
11403 
11401 
11400 
11398 
11397 
11395 
11394 
11392 
11391 
11389 
11388 
11386 
11385 
11383 
11382 
11380 
11379 
11377 
11376 
11374 
11373 
11371 
11370 
11368 
11367 
11365 
11364 
11362 
11361 
11359 
11358 
11356 
11355 
11353 
11352 
11350 
11349 
11347 
11346 
11344 
11343 
11341 
11340 
11338 
11337 
11335 
11334 
11332 
11331 
11329 
11328 
11326 
11325 
11323 
11322 
11320 
11319 
11317 
11316 
11314 
11313 
11311 
11310 
11308 
11307 
11305 
11304 
11302 
11301 
11299 
11298 
11296 
11295 
11293 
11292 
11290 
11289 
11287 
11286 
11284 
11283 
11281 
11280 
11278 
11277 
11275 
11274 
11272 
11271 
11269 
11268 
11266 
11265 
11263 
11262 
11260 
11259 
11257 
11256 
11254 
11253 
11251 
11250 
11248 
11247 
11245 
11244 
11242 
11241 
11239 
11238 
11236 
11235 
11233 
11232 
11230 
11229 
11227 
11226 
11224 
11223 
11221 
11220 
11218 
11217 
11215 
11214 
11212 
11211 
11209 
11208 
11206 
11205 
11203 
11202 
11200 
11199 
11197 
11196 
11194 
11193 
11191 
11190 
11188 
11187 
11185 
11184 
11182 
11181 
11179 
11178 
11176 
11175 
11173 
11172 
11170 
11169 
11167 
11166 
11164 
11163 
11161 
11160 
11158 
11157 
11155 
11154 
11152 
11151 
11149 
11148 
11146 
11145 
11143 
11142 
11140 
11139 
11137 
11136 
11134 
11133 
11131 
11130 
11128 
11127 
11125 
11124 
11122 
11121 
11119 
11118 
11116 
11115 
11113 
11112 
11110 
11109 
11107 
11106 
11104 
11103 
11101 
11100 
11098 
11097 
11095 
11094 
11092 
11091 
11089 
11088 
11086 
11085 
11083 
11082 
11080 
11079 
11077 
11076 
11074 
11073 
11071 
11070 
11068 
11067 
11065 
11064 
11062 
11061 
11059 
11058 
11056 
11055 
11053 
11052 
11050 
11049 
11047 
11046 
11044 
11043 
11041 
11040 
11038 
11037 
11035 
11034 
11032 
11031 
11029 
11028 
11026 
11025 
11023 
11022 
11020 
11019 
11017 
11016 
11014 
11013 
11011 
11010 
11008 
11007 
11005 
11004 
11002 
11001 
10999 
10998 
10996 
10995 
10993 
10992 
10990 
10989 
10987 
10986 
10984 
10983 
10981 
10980 
10978 
10977 
10975 
10974 
10972 
10971 
10969 
10968 
10966 
10965 
10963 
10962 
10960 
10959 
10957 
10956 
10954 
10953 
10951 
10950 
10948 
10947 
10945 
10944 
10942 
10941 
10939 
10938 
10936 
10935 
10933 
10932 
10930 
10929 
10927 
10926 
10924 
10923 
10921 
10920 
10918 
10917 
10915 
10914 
10912 
10911 
10909 
10908 
10906 
10905 
10903 
10902 
10900 
10899 
10897 
10896 
10894 
10893 
10891 
10890 
10888 
10887 
10885 
10884 
10882 
10881 
10879 
10878 
10876 
10875 
10873 
10872 
10870 
10869 
10867 
10866 
10864 
10863 
10861 
10860 
10858 
10857 
10855 
10854 
10852 
10851 
10849 
10848 
10846 
10845 
10843 
10842 
10840 
10839 
10837 
10836 
10834 
10833 
10831 
10830 
10828 
10827 
10825 
10824 
10822 
10821 
10819 
10818 
10816 
10815 
10813 
10812 
10810 
10809 
10807 
10806 
10804 
10803 
10801 
10800 
10798 
10797 
10795 
10794 
10792 
10791 
10789 
10788 
10786 
10785 
10783 
10782 
10780 
10779 
10777 
10776 
10774 
10773 
10771 
10770 
10768 
10767 
10765 
10764 
10762 
10761 
10759 
10758 
10756 
10755 
10753 
10752 
10750 
10749 
10747 
10746 
10744 
10743 
10741 
10740 
10738 
10737 
10735 
10734 
10732 
10731 
10729 
10728 
10726 
10725 
10723 
10722 
10720 
10719 
10717 
10716 
10714 
10713 
10711 
10710 
10708 
10707 
10705 
10704 
10702 
10701 
10699 
10698 
10696 
10695 
10693 
10692 
10690 
10689 
10687 
10686 
10684 
10683 
10681 
10680 
10678 
10677 
10675 
10674 
10672 
10671 
10669 
10668 
10666 
10665 
10663 
10662 
10660 
10659 
10657 
10656 
10654 
10653 
10651 
10650 
10648 
10647 
10645 
10644 
10642 
10641 
10639 
10638 
10636 
10635 
10633 
10632 
10630 
10629 
10627 
10626 
10624 
10623 
10621 
10620 
10618 
10617 
10615 
10614 
10612 
10611 
10609 
10608 
10606 
10605 
10603 
10602 
10600 
10599 
10597 
10596 
10594 
10593 
10591 
10590 
10588 
10587 
10585 
10584 
10582 
10581 
10579 
10578 
10576 
10575 
10573 
10572 
10570 
10569 
10567 
10566 
10564 
10563 
10561 
10560 
10558 
10557 
10555 
10554 
10552 
10551 
10549 
10548 
10546 
10545 
10543 
10542 
10540 
10539 
10537 
10536 
10534 
10533 
10531 
10530 
10528 
10527 
10525 
10524 
10522 
10521 
10519 
10518 
10516 
10515 
10513 
10512 
10510 
10509 
10507 
10506 
10504 
10503 
10501 
10500 
10498 
10497 
10495 
10494 
10492 
10491 
10489 
10488 
10486 
10485 
10483 
10482 
10480 
10479 
10477 
10476 
10474 
10473 
10471 
10470 
10468 
10467 
10465 
10464 
10462 
10461 
10459 
10458 
10456 
10455 
10453 
10452 
10450 
10449 
10447 
10446 
10444 
10443 
10441 
10440 
10438 
10437 
10435 
10434 
10432 
10431 
10429 
10428 
10426 
10425 
10423 
10422 
10420 
10419 
10417 
10416 
10414 
10413 
10411 
10410 
10408 
10407 
10405 
10404 
10402 
10401 
10399 
10398 
10396 
10395 
10393 
10392 
10390 
10389 
10387 
10386 
10384 
10383 
10381 
10380 
10378 
10377 
10375 
10374 
10372 
10371 
10369 
10368 
10366 
10365 
10363 
10362 
10360 
10359 
10357 
10356 
10354 
10353 
10351 
10350 
10348 
10347 
10345 
10344 
10342 
10341 
10339 
10338 
10336 
10335 
10333 
10332 
10330 
10329 
10327 
10326 
10324 
10323 
10321 
10320 
10318 
10317 
10315 
10314 
10312 
10311 
10309 
10308 
10306 
10305 
10303 
10302 
10300 
10299 
10297 
10296 
10294 
10293 
10291 
10290 
10288 
10287 
10285 
10284 
10282 
10281 
10279 
10278 
10276 
10275 
10273 
10272 
10270 
10269 
10267 
10266 
10264 
10263 
10261 
10260 
10258 
10257 
10255 
10254 
10252 
10251 
10249 
10248 
10246 
10245 
10243 
10242 
10240 
10239 
10237 
10236 
10234 
10233 
10231 
10230 
10228 
10227 
10225 
10224 
10222 
10221 
10219 
10218 
10216 
10215 
10213 
10212 
10210 
10209 
10207 
10206 
10204 
10203 
10201 
10200 
10198 
10197 
10195 
10194 
10192 
10191 
10189 
10188 
10186 
10185 
10183 
10182 
10180 
10179 
10177 
10176 
10174 
10173 
10171 
10170 
10168 
10167 
10165 
10164 
10162 
10161 
10159 
10158 
10156 
10155 
10153 
10152 
10150 
10149 
10147 
10146 
10144 
10143 
10141 
10140 
10138 
10137 
10135 
10134 
10132 
10131 
10129 
10128 
10126 
10125 
10123 
10122 
10120 
10119 
10117 
10116 
10114 
10113 
10111 
10110 
10108 
10107 
10105 
10104 
10102 
10101 
10099 
10098 
10096 
10095 
10093 
10092 
10090 
10089 
10087 
10086 
10084 
10083 
10081 
10080 
10078 
10077 
10075 
10074 
10072 
10071 
10069 
10068 
10066 
10065 
10063 
10062 
10060 
10059 
10057 
10056 
10054 
10053 
10051 
10050 
10048 
10047 
10045 
10044 
10042 
10041 
10039 
10038 
10036 
10035 
10033 
10032 
10030 
10029 
10027 
10026 
10024 
10023 
10021 
10020 
10018 
10017 
10015 
10014 
10012 
10011 
10009 
10008 
10006 
10005 
10003 
10002 
10000 
9999 
9997 
9996 
9994 
9993 
9991 
9990 
9988 
9987 
9985 
9984 
9982 
9981 
9979 
9978 
9976 
9975 
9973 
9972 
9970 
9969 
9967 
9966 
9964 
9963 
9961 
9960 
9958 
9957 
9955 
9954 
9952 
9951 
9949 
9948 
9946 
9945 
9943 
9942 
9940 
9939 
9937 
9936 
9934 
9933 
9931 
9930 
9928 
9927 
9925 
9924 
9922 
9921 
9919 
9918 
9916 
9915 
9913 
9912 
9910 
9909 
9907 
9906 
9904 
9903 
9901 
9900 
9898 
9897 
9895 
9894 
9892 
9891 
9889 
9888 
9886 
9885 
9883 
9882 
9880 
9879 
9877 
9876 
9874 
9873 
9871 
9870 
9868 
9867 
9865 
9864 
9862 
9861 
9859 
9858 
9856 
9855 
9853 
9852 
9850 
9849 
9847 
9846 
9844 
9843 
9841 
9840 
9838 
9837 
9835 
9834 
9832 
9831 
9829 
9828 
9826 
9825 
9823 
9822 
9820 
9819 
9817 
9816 
9814 
9813 
9811 
9810 
9808 
9807 
9805 
9804 
9802 
9801 
9799 
9798 
9796 
9795 
9793 
9792 
9790 
9789 
9787 
9786 
9784 
9783 
9781 
9780 
9778 
9777 
9775 
9774 
9772 
9771 
9769 
9768 
9766 
9765 
9763 
9762 
9760 
9759 
9757 
9756 
9754 
9753 
9751 
9750 
9748 
9747 
9745 
9744 
9742 
9741 
9739 
9738 
9736 
9735 
9733 
9732 
9730 
9729 
9727 
9726 
9724 
9723 
9721 
9720 
9718 
9717 
9715 
9714 
9712 
9711 
9709 
9708 
9706 
9705 
9703 
9702 
9700 
9699 
9697 
9696 
9694 
9693 
9691 
9690 
9688 
9687 
9685 
9684 
9682 
9681 
9679 
9678 
9676 
9675 
9673 
9672 
9670 
9669 
9667 
9666 
9664 
9663 
9661 
9660 
9658 
9657 
9655 
9654 
9652 
9651 
9649 
9648 
9646 
9645 
9643 
9642 
9640 
9639 
9637 
9636 
9634 
9633 
9631 
9630 
9628 
9627 
9625 
9624 
9622 
9621 
9619 
9618 
9616 
9615 
9613 
9612 
9610 
9609 
9607 
9606 
9604 
9603 
9601 
9600 
9598 
9597 
9595 
9594 
9592 
9591 
9589 
9588 
9586 
9585 
9583 
9582 
9580 
9579 
9577 
9576 
9574 
9573 
9571 
9570 
9568 
9567 
9565 
9564 
9562 
9561 
9559 
9558 
9556 
9555 
9553 
9552 
9550 
9549 
9547 
9546 
9544 
9543 
9541 
9540 
9538 
9537 
9535 
9534 
9532 
9531 
9529 
9528 
9526 
9525 
9523 
9522 
9520 
9519 
9517 
9516 
9514 
9513 
9511 
9510 
9508 
9507 
9505 
9504 
9502 
9501 
9499 
9498 
9496 
9495 
9493 
9492 
9490 
9489 
9487 
9486 
9484 
9483 
9481 
9480 
9478 
9477 
9475 
9474 
9472 
9471 
9469 
9468 
9466 
9465 
9463 
9462 
9460 
9459 
9457 
9456 
9454 
9453 
9451 
9450 
9448 
9447 
9445 
9444 
9442 
9441 
9439 
9438 
9436 
9435 
9433 
9432 
9430 
9429 
9427 
9426 
9424 
9423 
9421 
9420 
9418 
9417 
9415 
9414 
9412 
9411 
9409 
9408 
9406 
9405 
9403 
9402 
9400 
9399 
9397 
9396 
9394 
9393 
9391 
9390 
9388 
9387 
9385 
9384 
9382 
9381 
9379 
9378 
9376 
9375 
9373 
9372 
9370 
9369 
9367 
9366 
9364 
9363 
9361 
9360 
9358 
9357 
9355 
9354 
9352 
9351 
9349 
9348 
9346 
9345 
9343 
9342 
9340 
9339 
9337 
9336 
9334 
9333 
9331 
9330 
9328 
9327 
9325 
9324 
9322 
9321 
9319 
9318 
9316 
9315 
9313 
9312 
9310 
9309 
9307 
9306 
9304 
9303 
9301 
9300 
9298 
9297 
9295 
9294 
9292 
9291 
9289 
9288 
9286 
9285 
9283 
9282 
9280 
9279 
9277 
9276 
9274 
9273 
9271 
9270 
9268 
9267 
9265 
9264 
9262 
9261 
9259 
9258 
9256 
9255 
9253 
9252 
9250 
9249 
9247 
9246 
9244 
9243 
9241 
9240 
9238 
9237 
9235 
9234 
9232 
9231 
9229 
9228 
9226 
9225 
9223 
9222 
9220 
9219 
9217 
9216 
9214 
9213 
9211 
9210 
9208 
9207 
9205 
9204 
9202 
9201 
9199 
9198 
9196 
9195 
9193 
9192 
9190 
9189 
9187 
9186 
9184 
9183 
9181 
9180 
9178 
9177 
9175 
9174 
9172 
9171 
9169 
9168 
9166 
9165 
9163 
9162 
9160 
9159 
9157 
9156 
9154 
9153 
9151 
9150 
9148 
9147 
9145 
9144 
9142 
9141 
9139 
9138 
9136 
9135 
9133 
9132 
9130 
9129 
9127 
9126 
9124 
9123 
9121 
9120 
9118 
9117 
9115 
9114 
9112 
9111 
9109 
9108 
9106 
9105 
9103 
9102 
9100 
9099 
9097 
9096 
9094 
9093 
9091 
9090 
9088 
9087 
9085 
9084 
9082 
9081 
9079 
9078 
9076 
9075 
9073 
9072 
9070 
9069 
9067 
9066 
9064 
9063 
9061 
9060 
9058 
9057 
9055 
9054 
9052 
9051 
9049 
9048 
9046 
9045 
9043 
9042 
9040 
9039 
9037 
9036 
9034 
9033 
9031 
9030 
9028 
9027 
9025 
9024 
9022 
9021 
9019 
9018 
9016 
9015 
9013 
9012 
9010 
9009 
9007 
9006 
9004 
9003 
9001 
9000 
8998 
8997 
8995 
8994 
8992 
8991 
8989 
8988 
8986 
8985 
8983 
8982 
8980 
8979 
8977 
8976 
8974 
8973 
8971 
8970 
8968 
8967 
8965 
8964 
8962 
8961 
8959 
8958 
8956 
8955 
8953 
8952 
8950 
8949 
8947 
8946 
8944 
8943 
8941 
8940 
8938 
8937 
8935 
8934 
8932 
8931 
8929 
8928 
8926 
8925 
8923 
8922 
8920 
8919 
8917 
8916 
8914 
8913 
8911 
8910 
8908 
8907 
8905 
8904 
8902 
8901 
8899 
8898 
8896 
8895 
8893 
8892 
8890 
8889 
8887 
8886 
8884 
8883 
8881 
8880 
8878 
8877 
8875 
8874 
8872 
8871 
8869 
8868 
8866 
8865 
8863 
8862 
8860 
8859 
8857 
8856 
8854 
8853 
8851 
8850 
8848 
8847 
8845 
8844 
8842 
8841 
8839 
8838 
8836 
8835 
8833 
8832 
8830 
8829 
8827 
8826 
8824 
8823 
8821 
8820 
8818 
8817 
8815 
8814 
8812 
8811 
8809 
8808 
8806 
8805 
8803 
8802 
8800 
8799 
8797 
8796 
8794 
8793 
8791 
8790 
8788 
8787 
8785 
8784 
8782 
8781 
8779 
8778 
8776 
8775 
8773 
8772 
8770 
8769 
8767 
8766 
8764 
8763 
8761 
8760 
8758 
8757 
8755 
8754 
8752 
8751 
8749 
8748 
8746 
8745 
8743 
8742 
8740 
8739 
8737 
8736 
8734 
8733 
8731 
8730 
8728 
8727 
8725 
8724 
8722 
8721 
8719 
8718 
8716 
8715 
8713 
8712 
8710 
8709 
8707 
8706 
8704 
8703 
8701 
8700 
8698 
8697 
8695 
8694 
8692 
8691 
8689 
8688 
8686 
8685 
8683 
8682 
8680 
8679 
8677 
8676 
8674 
8673 
8671 
8670 
8668 
8667 
8665 
8664 
8662 
8661 
8659 
8658 
8656 
8655 
8653 
8652 
8650 
8649 
8647 
8646 
8644 
8643 
8641 
8640 
8638 
8637 
8635 
8634 
8632 
8631 
8629 
8628 
8626 
8625 
8623 
8622 
8620 
8619 
8617 
8616 
8614 
8613 
8611 
8610 
8608 
8607 
8605 
8604 
8602 
8601 
8599 
8598 
8596 
8595 
8593 
8592 
8590 
8589 
8587 
8586 
8584 
8583 
8581 
8580 
8578 
8577 
8575 
8574 
8572 
8571 
8569 
8568 
8566 
8565 
8563 
8562 
8560 
8559 
8557 
8556 
8554 
8553 
8551 
8550 
8548 
8547 
8545 
8544 
8542 
8541 
8539 
8538 
8536 
8535 
8533 
8532 
8530 
8529 
8527 
8526 
8524 
8523 
8521 
8520 
8518 
8517 
8515 
8514 
8512 
8511 
8509 
8508 
8506 
8505 
8503 
8502 
8500 
8499 
8497 
8496 
8494 
8493 
8491 
8490 
8488 
8487 
8485 
8484 
8482 
8481 
8479 
8478 
8476 
8475 
8473 
8472 
8470 
8469 
8467 
8466 
8464 
8463 
8461 
8460 
8458 
8457 
8455 
8454 
8452 
8451 
8449 
8448 
8446 
8445 
8443 
8442 
8440 
8439 
8437 
8436 
8434 
8433 
8431 
8430 
8428 
8427 
8425 
8424 
8422 
8421 
8419 
8418 
8416 
8415 
8413 
8412 
8410 
8409 
8407 
8406 
8404 
8403 
8401 
8400 
8398 
8397 
8395 
8394 
8392 
8391 
8389 
8388 
8386 
8385 
8383 
8382 
8380 
8379 
8377 
8376 
8374 
8373 
8371 
8370 
8368 
8367 
8365 
8364 
8362 
8361 
8359 
8358 
8356 
8355 
8353 
8352 
8350 
8349 
8347 
8346 
8344 
8343 
8341 
8340 
8338 
8337 
8335 
8334 
8332 
8331 
8329 
8328 
8326 
8325 
8323 
8322 
8320 
8319 
8317 
8316 
8314 
8313 
8311 
8310 
8308 
8307 
8305 
8304 
8302 
8301 
8299 
8298 
8296 
8295 
8293 
8292 
8290 
8289 
8287 
8286 
8284 
8283 
8281 
8280 
8278 
8277 
8275 
8274 
8272 
8271 
8269 
8268 
8266 
8265 
8263 
8262 
8260 
8259 
8257 
8256 
8254 
8253 
8251 
8250 
8248 
8247 
8245 
8244 
8242 
8241 
8239 
8238 
8236 
8235 
8233 
8232 
8230 
8229 
8227 
8226 
8224 
8223 
8221 
8220 
8218 
8217 
8215 
8214 
8212 
8211 
8209 
8208 
8206 
8205 
8203 
8202 
8200 
8199 
8197 
8196 
8194 
8193 
8191 
8190 
8188 
8187 
8185 
8184 
8182 
8181 
8179 
8178 
8176 
8175 
8173 
8172 
8170 
8169 
8167 
8166 
8164 
8163 
8161 
8160 
8158 
8157 
8155 
8154 
8152 
8151 
8149 
8148 
8146 
8145 
8143 
8142 
8140 
8139 
8137 
8136 
8134 
8133 
8131 
8130 
8128 
8127 
8125 
8124 
8122 
8121 
8119 
8118 
8116 
8115 
8113 
8112 
8110 
8109 
8107 
8106 
8104 
8103 
8101 
8100 
8098 
8097 
8095 
8094 
8092 
8091 
8089 
8088 
8086 
8085 
8083 
8082 
8080 
8079 
8077 
8076 
8074 
8073 
8071 
8070 
8068 
8067 
8065 
8064 
8062 
8061 
8059 
8058 
8056 
8055 
8053 
8052 
8050 
8049 
8047 
8046 
8044 
8043 
8041 
8040 
8038 
8037 
8035 
8034 
8032 
8031 
8029 
8028 
8026 
8025 
8023 
8022 
8020 
8019 
8017 
8016 
8014 
8013 
8011 
8010 
8008 
8007 
8005 
8004 
8002 
8001 
7999 
7998 
7996 
7995 
7993 
7992 
7990 
7989 
7987 
7986 
7984 
7983 
7981 
7980 
7978 
7977 
7975 
7974 
7972 
7971 
7969 
7968 
7966 
7965 
7963 
7962 
7960 
7959 
7957 
7956 
7954 
7953 
7951 
7950 
7948 
7947 
7945 
7944 
7942 
7941 
7939 
7938 
7936 
7935 
7933 
7932 
7930 
7929 
7927 
7926 
7924 
7923 
7921 
7920 
7918 
7917 
7915 
7914 
7912 
7911 
7909 
7908 
7906 
7905 
7903 
7902 
7900 
7899 
7897 
7896 
7894 
7893 
7891 
7890 
7888 
7887 
7885 
7884 
7882 
7881 
7879 
7878 
7876 
7875 
7873 
7872 
7870 
7869 
7867 
7866 
7864 
7863 
7861 
7860 
7858 
7857 
7855 
7854 
7852 
7851 
7849 
7848 
7846 
7845 
7843 
7842 
7840 
7839 
7837 
7836 
7834 
7833 
7831 
7830 
7828 
7827 
7825 
7824 
7822 
7821 
7819 
7818 
7816 
7815 
7813 
7812 
7810 
7809 
7807 
7806 
7804 
7803 
7801 
7800 
7798 
7797 
7795 
7794 
7792 
7791 
7789 
7788 
7786 
7785 
7783 
7782 
7780 
7779 
7777 
7776 
7774 
7773 
7771 
7770 
7768 
7767 
7765 
7764 
7762 
7761 
7759 
7758 
7756 
7755 
7753 
7752 
7750 
7749 
7747 
7746 
7744 
7743 
7741 
7740 
7738 
7737 
7735 
7734 
7732 
7731 
7729 
7728 
7726 
7725 
7723 
7722 
7720 
7719 
7717 
7716 
7714 
7713 
7711 
7710 
7708 
7707 
7705 
7704 
7702 
7701 
7699 
7698 
7696 
7695 
7693 
7692 
7690 
7689 
7687 
7686 
7684 
7683 
7681 
7680 
7678 
7677 
7675 
7674 
7672 
7671 
7669 
7668 
7666 
7665 
7663 
7662 
7660 
7659 
7657 
7656 
7654 
7653 
7651 
7650 
7648 
7647 
7645 
7644 
7642 
7641 
7639 
7638 
7636 
7635 
7633 
7632 
7630 
7629 
7627 
7626 
7624 
7623 
7621 
7620 
7618 
7617 
7615 
7614 
7612 
7611 
7609 
7608 
7606 
7605 
7603 
7602 
7600 
7599 
7597 
7596 
7594 
7593 
7591 
7590 
7588 
7587 
7585 
7584 
7582 
7581 
7579 
7578 
7576 
7575 
7573 
7572 
7570 
7569 
7567 
7566 
7564 
7563 
7561 
7560 
7558 
7557 
7555 
7554 
7552 
7551 
7549 
7548 
7546 
7545 
7543 
7542 
7540 
7539 
7537 
7536 
7534 
7533 
7531 
7530 
7528 
7527 
7525 
7524 
7522 
7521 
7519 
7518 
7516 
7515 
7513 
7512 
7510 
7509 
7507 
7506 
7504 
7503 
7501 
7500 
7498 
7497 
7495 
7494 
7492 
7491 
7489 
7488 
7486 
7485 
7483 
7482 
7480 
7479 
7477 
7476 
7474 
7473 
7471 
7470 
7468 
7467 
7465 
7464 
7462 
7461 
7459 
7458 
7456 
7455 
7453 
7452 
7450 
7449 
7447 
7446 
7444 
7443 
7441 
7440 
7438 
7437 
7435 
7434 
7432 
7431 
7429 
7428 
7426 
7425 
7423 
7422 
7420 
7419 
7417 
7416 
7414 
7413 
7411 
7410 
7408 
7407 
7405 
7404 
7402 
7401 
7399 
7398 
7396 
7395 
7393 
7392 
7390 
7389 
7387 
7386 
7384 
7383 
7381 
7380 
7378 
7377 
7375 
7374 
7372 
7371 
7369 
7368 
7366 
7365 
7363 
7362 
7360 
7359 
7357 
7356 
7354 
7353 
7351 
7350 
7348 
7347 
7345 
7344 
7342 
7341 
7339 
7338 
7336 
7335 
7333 
7332 
7330 
7329 
7327 
7326 
7324 
7323 
7321 
7320 
7318 
7317 
7315 
7314 
7312 
7311 
7309 
7308 
7306 
7305 
7303 
7302 
7300 
7299 
7297 
7296 
7294 
7293 
7291 
7290 
7288 
7287 
7285 
7284 
7282 
7281 
7279 
7278 
7276 
7275 
7273 
7272 
7270 
7269 
7267 
7266 
7264 
7263 
7261 
7260 
7258 
7257 
7255 
7254 
7252 
7251 
7249 
7248 
7246 
7245 
7243 
7242 
7240 
7239 
7237 
7236 
7234 
7233 
7231 
7230 
7228 
7227 
7225 
7224 
7222 
7221 
7219 
7218 
7216 
7215 
7213 
7212 
7210 
7209 
7207 
7206 
7204 
7203 
7201 
7200 
7198 
7197 
7195 
7194 
7192 
7191 
7189 
7188 
7186 
7185 
7183 
7182 
7180 
7179 
7177 
7176 
7174 
7173 
7171 
7170 
7168 
7167 
7165 
7164 
7162 
7161 
7159 
7158 
7156 
7155 
7153 
7152 
7150 
7149 
7147 
7146 
7144 
7143 
7141 
7140 
7138 
7137 
7135 
7134 
7132 
7131 
7129 
7128 
7126 
7125 
7123 
7122 
7120 
7119 
7117 
7116 
7114 
7113 
7111 
7110 
7108 
7107 
7105 
7104 
7102 
7101 
7099 
7098 
7096 
7095 
7093 
7092 
7090 
7089 
7087 
7086 
7084 
7083 
7081 
7080 
7078 
7077 
7075 
7074 
7072 
7071 
7069 
7068 
7066 
7065 
7063 
7062 
7060 
7059 
7057 
7056 
7054 
7053 
7051 
7050 
7048 
7047 
7045 
7044 
7042 
7041 
7039 
7038 
7036 
7035 
7033 
7032 
7030 
7029 
7027 
7026 
7024 
7023 
7021 
7020 
7018 
7017 
7015 
7014 
7012 
7011 
7009 
7008 
7006 
7005 
7003 
7002 
7000 
6999 
6997 
6996 
6994 
6993 
6991 
6990 
6988 
6987 
6985 
6984 
6982 
6981 
6979 
6978 
6976 
6975 
6973 
6972 
6970 
6969 
6967 
6966 
6964 
6963 
6961 
6960 
6958 
6957 
6955 
6954 
6952 
6951 
6949 
6948 
6946 
6945 
6943 
6942 
6940 
6939 
6937 
6936 
6934 
6933 
6931 
6930 
6928 
6927 
6925 
6924 
6922 
6921 
6919 
6918 
6916 
6915 
6913 
6912 
6910 
6909 
6907 
6906 
6904 
6903 
6901 
6900 
6898 
6897 
6895 
6894 
6892 
6891 
6889 
6888 
6886 
6885 
6883 
6882 
6880 
6879 
6877 
6876 
6874 
6873 
6871 
6870 
6868 
6867 
6865 
6864 
6862 
6861 
6859 
6858 
6856 
6855 
6853 
6852 
6850 
6849 
6847 
6846 
6844 
6843 
6841 
6840 
6838 
6837 
6835 
6834 
6832 
6831 
6829 
6828 
6826 
6825 
6823 
6822 
6820 
6819 
6817 
6816 
6814 
6813 
6811 
6810 
6808 
6807 
6805 
6804 
6802 
6801 
6799 
6798 
6796 
6795 
6793 
6792 
6790 
6789 
6787 
6786 
6784 
6783 
6781 
6780 
6778 
6777 
6775 
6774 
6772 
6771 
6769 
6768 
6766 
6765 
6763 
6762 
6760 
6759 
6757 
6756 
6754 
6753 
6751 
6750 
6748 
6747 
6745 
6744 
6742 
6741 
6739 
6738 
6736 
6735 
6733 
6732 
6730 
6729 
6727 
6726 
6724 
6723 
6721 
6720 
6718 
6717 
6715 
6714 
6712 
6711 
6709 
6708 
6706 
6705 
6703 
6702 
6700 
6699 
6697 
6696 
6694 
6693 
6691 
6690 
6688 
6687 
6685 
6684 
6682 
6681 
6679 
6678 
6676 
6675 
6673 
6672 
6670 
6669 
6667 
6666 
6664 
6663 
6661 
6660 
6658 
6657 
6655 
6654 
6652 
6651 
6649 
6648 
6646 
6645 
6643 
6642 
6640 
6639 
6637 
6636 
6634 
6633 
6631 
6630 
6628 
6627 
6625 
6624 
6622 
6621 
6619 
6618 
6616 
6615 
6613 
6612 
6610 
6609 
6607 
6606 
6604 
6603 
6601 
6600 
6598 
6597 
6595 
6594 
6592 
6591 
6589 
6588 
6586 
6585 
6583 
6582 
6580 
6579 
6577 
6576 
6574 
6573 
6571 
6570 
6568 
6567 
6565 
6564 
6562 
6561 
6559 
6558 
6556 
6555 
6553 
6552 
6550 
6549 
6547 
6546 
6544 
6543 
6541 
6540 
6538 
6537 
6535 
6534 
6532 
6531 
6529 
6528 
6526 
6525 
6523 
6522 
6520 
6519 
6517 
6516 
6514 
6513 
6511 
6510 
6508 
6507 
6505 
6504 
6502 
6501 
6499 
6498 
6496 
6495 
6493 
6492 
6490 
6489 
6487 
6486 
6484 
6483 
6481 
6480 
6478 
6477 
6475 
6474 
6472 
6471 
6469 
6468 
6466 
6465 
6463 
6462 
6460 
6459 
6457 
6456 
6454 
6453 
6451 
6450 
6448 
6447 
6445 
6444 
6442 
6441 
6439 
6438 
6436 
6435 
6433 
6432 
6430 
6429 
6427 
6426 
6424 
6423 
6421 
6420 
6418 
6417 
6415 
6414 
6412 
6411 
6409 
6408 
6406 
6405 
6403 
6402 
6400 
6399 
6397 
6396 
6394 
6393 
6391 
6390 
6388 
6387 
6385 
6384 
6382 
6381 
6379 
6378 
6376 
6375 
6373 
6372 
6370 
6369 
6367 
6366 
6364 
6363 
6361 
6360 
6358 
6357 
6355 
6354 
6352 
6351 
6349 
6348 
6346 
6345 
6343 
6342 
6340 
6339 
6337 
6336 
6334 
6333 
6331 
6330 
6328 
6327 
6325 
6324 
6322 
6321 
6319 
6318 
6316 
6315 
6313 
6312 
6310 
6309 
6307 
6306 
6304 
6303 
6301 
6300 
6298 
6297 
6295 
6294 
6292 
6291 
6289 
6288 
6286 
6285 
6283 
6282 
6280 
6279 
6277 
6276 
6274 
6273 
6271 
6270 
6268 
6267 
6265 
6264 
6262 
6261 
6259 
6258 
6256 
6255 
6253 
6252 
6250 
6249 
6247 
6246 
6244 
6243 
6241 
6240 
6238 
6237 
6235 
6234 
6232 
6231 
6229 
6228 
6226 
6225 
6223 
6222 
6220 
6219 
6217 
6216 
6214 
6213 
6211 
6210 
6208 
6207 
6205 
6204 
6202 
6201 
6199 
6198 
6196 
6195 
6193 
6192 
6190 
6189 
6187 
6186 
6184 
6183 
6181 
6180 
6178 
6177 
6175 
6174 
6172 
6171 
6169 
6168 
6166 
6165 
6163 
6162 
6160 
6159 
6157 
6156 
6154 
6153 
6151 
6150 
6148 
6147 
6145 
6144 
6142 
6141 
6139 
6138 
6136 
6135 
6133 
6132 
6130 
6129 
6127 
6126 
6124 
6123 
6121 
6120 
6118 
6117 
6115 
6114 
6112 
6111 
6109 
6108 
6106 
6105 
6103 
6102 
6100 
6099 
6097 
6096 
6094 
6093 
6091 
6090 
6088 
6087 
6085 
6084 
6082 
6081 
6079 
6078 
6076 
6075 
6073 
6072 
6070 
6069 
6067 
6066 
6064 
6063 
6061 
6060 
6058 
6057 
6055 
6054 
6052 
6051 
6049 
6048 
6046 
6045 
6043 
6042 
6040 
6039 
6037 
6036 
6034 
6033 
6031 
6030 
6028 
6027 
6025 
6024 
6022 
6021 
6019 
6018 
6016 
6015 
6013 
6012 
6010 
6009 
6007 
6006 
6004 
6003 
6001 
6000 
5998 
5997 
5995 
5994 
5992 
5991 
5989 
5988 
5986 
5985 
5983 
5982 
5980 
5979 
5977 
5976 
5974 
5973 
5971 
5970 
5968 
5967 
5965 
5964 
5962 
5961 
5959 
5958 
5956 
5955 
5953 
5952 
5950 
5949 
5947 
5946 
5944 
5943 
5941 
5940 
5938 
5937 
5935 
5934 
5932 
5931 
5929 
5928 
5926 
5925 
5923 
5922 
5920 
5919 
5917 
5916 
5914 
5913 
5911 
5910 
5908 
5907 
5905 
5904 
5902 
5901 
5899 
5898 
5896 
5895 
5893 
5892 
5890 
5889 
5887 
5886 
5884 
5883 
5881 
5880 
5878 
5877 
5875 
5874 
5872 
5871 
5869 
5868 
5866 
5865 
5863 
5862 
5860 
5859 
5857 
5856 
5854 
5853 
5851 
5850 
5848 
5847 
5845 
5844 
5842 
5841 
5839 
5838 
5836 
5835 
5833 
5832 
5830 
5829 
5827 
5826 
5824 
5823 
5821 
5820 
5818 
5817 
5815 
5814 
5812 
5811 
5809 
5808 
5806 
5805 
5803 
5802 
5800 
5799 
5797 
5796 
5794 
5793 
5791 
5790 
5788 
5787 
5785 
5784 
5782 
5781 
5779 
5778 
5776 
5775 
5773 
5772 
5770 
5769 
5767 
5766 
5764 
5763 
5761 
5760 
5758 
5757 
5755 
5754 
5752 
5751 
5749 
5748 
5746 
5745 
5743 
5742 
5740 
5739 
5737 
5736 
5734 
5733 
5731 
5730 
5728 
5727 
5725 
5724 
5722 
5721 
5719 
5718 
5716 
5715 
5713 
5712 
5710 
5709 
5707 
5706 
5704 
5703 
5701 
5700 
5698 
5697 
5695 
5694 
5692 
5691 
5689 
5688 
5686 
5685 
5683 
5682 
5680 
5679 
5677 
5676 
5674 
5673 
5671 
5670 
5668 
5667 
5665 
5664 
5662 
5661 
5659 
5658 
5656 
5655 
5653 
5652 
5650 
5649 
5647 
5646 
5644 
5643 
5641 
5640 
5638 
5637 
5635 
5634 
5632 
5631 
5629 
5628 
5626 
5625 
5623 
5622 
5620 
5619 
5617 
5616 
5614 
5614
