34058
25410 
25341 
24309 
22809 
22803 
21501 
20613 
20608 
18685 
17062 
16324 
14818 
14815 
13225 
11647 
9946 
9106 
7783 
6385 
5614 
5486 
5166 
5102 
4942 
4910 
4885 
4882 
4753 
4731 
4676 
4671 
4661 
4655 
4633 
4578 
4556 
4501 
4490 
4465 
4459 
4448 
4423 
4417 
4407 
4382 
4377 
4367 
4361 
4339 
4284 
4262 
4207 
4185 
4130 
4128 
4123 
4121 
4116 
4105 
4080 
4074 
4052 
3997 
3986 
3961 
3955 
3949 
3934 
3931 
3926 
3920 
3919 
3913 
3902 
3877 
3871 
3866 
3856 
3853 
3850 
3850
