34058
25433 
25341 
24813 
24805 
21821 
20613 
19023 
18099 
18093 
18087 
16467 
16461 
16455 
16449 
16443 
16437 
16431 
16425 
16419 
16413 
16407 
16401 
16395 
16389 
16383 
16377 
16371 
16365 
16359 
16353 
16347 
16341 
16335 
16329 
16323 
16317 
16311 
16305 
16299 
16293 
16287 
16281 
16275 
16269 
16263 
16257 
16251 
16245 
16239 
16233 
16227 
16221 
16215 
16209 
16203 
16197 
16191 
16185 
16179 
16173 
16167 
16161 
16155 
16149 
16143 
16137 
16131 
16125 
16119 
16113 
16107 
16101 
16095 
16089 
16083 
16077 
16071 
16065 
16059 
16053 
16047 
16041 
16035 
16029 
16023 
16017 
16011 
16005 
15999 
15993 
15987 
15981 
15975 
15969 
15963 
15957 
15951 
15945 
15939 
15933 
15927 
15921 
15915 
15909 
15903 
15897 
15891 
15885 
15879 
15873 
15867 
15861 
15855 
15849 
15843 
15837 
15831 
15825 
15819 
15813 
15807 
15801 
15795 
15789 
15783 
15777 
15771 
15765 
15759 
15753 
15747 
15741 
15735 
15729 
15723 
15717 
15711 
15705 
15699 
15693 
15687 
15681 
15675 
15669 
15663 
15657 
15651 
15645 
15639 
15633 
15627 
15621 
15615 
15609 
15603 
15597 
15591 
15585 
15579 
15573 
15567 
15561 
15555 
15549 
15543 
15537 
15531 
15525 
15519 
15513 
15507 
15501 
15495 
15489 
15483 
15477 
15471 
15465 
15459 
15453 
15447 
15441 
15435 
15429 
15423 
15417 
15411 
15405 
15399 
15393 
15387 
15381 
15375 
15369 
15363 
15357 
15351 
15345 
15339 
15333 
15327 
15321 
15315 
15309 
15303 
15297 
15291 
15285 
15279 
15273 
15267 
15261 
15255 
15249 
15243 
15237 
15231 
15225 
15219 
15213 
15207 
15201 
15195 
15189 
15183 
15177 
15171 
15165 
15159 
15153 
15147 
15141 
15135 
15129 
15123 
15117 
15111 
15105 
15099 
15093 
15087 
15081 
15075 
15069 
15063 
15057 
15051 
15045 
15039 
15033 
15027 
15021 
15015 
15009 
15003 
14997 
14991 
14985 
14979 
14973 
14967 
14961 
14955 
14949 
14943 
14937 
14931 
14925 
14919 
14913 
14907 
14901 
14895 
14889 
14883 
14877 
14871 
14865 
14859 
14853 
14847 
14841 
14835 
14829 
14823 
14817 
14811 
14805 
14799 
14793 
14787 
14781 
14775 
14769 
14763 
14757 
14751 
14745 
14739 
14733 
14727 
14721 
14715 
14709 
14703 
14697 
14691 
14685 
14679 
14673 
14667 
14661 
14655 
14649 
14643 
14637 
14631 
14625 
14619 
14613 
14607 
14601 
11781 
11487 
11481 
11475 
11469 
11463 
11457 
11451 
11445 
11439 
11433 
11427 
11421 
11415 
11409 
11403 
11397 
11391 
11385 
11379 
11373 
11367 
11361 
11355 
11349 
11343 
11337 
11331 
11325 
11319 
11313 
11307 
11301 
11295 
11289 
11283 
11277 
11271 
11265 
11259 
11253 
11247 
11241 
11235 
11229 
11223 
11217 
11211 
11205 
11199 
11193 
11187 
11181 
11175 
11169 
11163 
11157 
11151 
11145 
11139 
11133 
11127 
11121 
11115 
11109 
11103 
11097 
11091 
11085 
11079 
11073 
11067 
11061 
11055 
11049 
11043 
11037 
11031 
11025 
11019 
11013 
11007 
11001 
10995 
10989 
10983 
10977 
10971 
10965 
10959 
10953 
10947 
10941 
10935 
10929 
10923 
10917 
10911 
10905 
10899 
10893 
10887 
10881 
10875 
10869 
10863 
10857 
10851 
10845 
10839 
10833 
10827 
10821 
10815 
10809 
10803 
10797 
10791 
10785 
10779 
10773 
10767 
10761 
10755 
10749 
10743 
10737 
10731 
10725 
10719 
10713 
10707 
10701 
10695 
10689 
10683 
10677 
10671 
10665 
10659 
10653 
10647 
10641 
10635 
10629 
10623 
10617 
10611 
10605 
10599 
10593 
10587 
10581 
10575 
10569 
10563 
10557 
10551 
10545 
10539 
10533 
10527 
10521 
10515 
10509 
10503 
10497 
10491 
10485 
10479 
10473 
10467 
10461 
10455 
10449 
10443 
10437 
10431 
10425 
10419 
10413 
10407 
10401 
10395 
10389 
10383 
10377 
10371 
10365 
10359 
10353 
10347 
10341 
10335 
10329 
10323 
10317 
10311 
10305 
10299 
10293 
10287 
10281 
10275 
10269 
10263 
10257 
10251 
10245 
10239 
10233 
10227 
10221 
10215 
10209 
10203 
10197 
10191 
10185 
10179 
10173 
10167 
10161 
10155 
10149 
10143 
10137 
10131 
10125 
10119 
10113 
10107 
10101 
10095 
10089 
10083 
10077 
10071 
10065 
10059 
10053 
10047 
10041 
10035 
10029 
10023 
10017 
10011 
10005 
9999 
9993 
9987 
9981 
9975 
9969 
9963 
9957 
9951 
9945 
9939 
9933 
9927 
9921 
9915 
9909 
9903 
9897 
9891 
9885 
9879 
9873 
9867 
9861 
9855 
9849 
9843 
9837 
9831 
9825 
9819 
9813 
9807 
9801 
9795 
9789 
9783 
9777 
9771 
9765 
9759 
9753 
9747 
9741 
9735 
9729 
9723 
9717 
9711 
9705 
9699 
9693 
9687 
9681 
9675 
9669 
9663 
9657 
9651 
9645 
9639 
9633 
9627 
9621 
9615 
9609 
9603 
9597 
9591 
9585 
9579 
9573 
9567 
9561 
9555 
9549 
9543 
9537 
9531 
9525 
9519 
9513 
9507 
9501 
9495 
9489 
9483 
9477 
9471 
9465 
9459 
9453 
9447 
9441 
9435 
9429 
9423 
9417 
9411 
9405 
9399 
9393 
9387 
9381 
9375 
9369 
9363 
9357 
9351 
9345 
9339 
9333 
9327 
9321 
9315 
9309 
9303 
9297 
7899 
7893 
7887 
7881 
7875 
7869 
7863 
7857 
7851 
7845 
7839 
7833 
7827 
7821 
7815 
7809 
7803 
7797 
7791 
7785 
7779 
7773 
7767 
7761 
7755 
7749 
7743 
7737 
7731 
7725 
7719 
7713 
7707 
7701 
7695 
7689 
7683 
7677 
7671 
7665 
7659 
7653 
7647 
7641 
7635 
7629 
7623 
7617 
7611 
7605 
7599 
7593 
7587 
7581 
7575 
7569 
7563 
7557 
7551 
7545 
7539 
7533 
7527 
7521 
7515 
7509 
7503 
7497 
7491 
7485 
7479 
7473 
7467 
7461 
7455 
7449 
7443 
7437 
7431 
7425 
7419 
7413 
7407 
7401 
7395 
7389 
7383 
7377 
7371 
7365 
7359 
7353 
7347 
7341 
7335 
7329 
7323 
7317 
7311 
7305 
7299 
7293 
7287 
7281 
7275 
7269 
7263 
7257 
7251 
7245 
7239 
7233 
7227 
7221 
7215 
7209 
7203 
7197 
7191 
7185 
7179 
7173 
7167 
7161 
7155 
7149 
7143 
7137 
7131 
7125 
7119 
7113 
7107 
7101 
7095 
7089 
7083 
7077 
7071 
7065 
7059 
7053 
7047 
7041 
7035 
7029 
7023 
7017 
7011 
7005 
6999 
6993 
6987 
6981 
6975 
6969 
6963 
6957 
6951 
6945 
6939 
6933 
6927 
6921 
6915 
6909 
6903 
6897 
6891 
6885 
6879 
6873 
6867 
6861 
6855 
6849 
6843 
6837 
6831 
6825 
6819 
6813 
6807 
6801 
6795 
6789 
6783 
6777 
6771 
6765 
6759 
6753 
6747 
6741 
6735 
6729 
6723 
6717 
6711 
6705 
6699 
6693 
6687 
6681 
6675 
6669 
6663 
6657 
6651 
6645 
6639 
6633 
6627 
6621 
6615 
6609 
6603 
6597 
6591 
6585 
6579 
6573 
6567 
6561 
6555 
6549 
6543 
6537 
6531 
6525 
6519 
6513 
6507 
6501 
6495 
6489 
6483 
6477 
6471 
6465 
6459 
6453 
5715 
5709 
5703 
5697 
5691 
5685 
5679 
5673 
5667 
5619 
5614 
5474 
5372 
5040 
4794 
4788 
4596 
4452 
4260 
4116 
3924 
3894 
3888 
3882 
3877 
3871 
3866 
3860 
3855 
3850 
3850
