64602
53132 
53089 
48961 
47661 
46380 
46312 
45326 
45288 
45259 
45224 
45195 
45160 
45131 
45096 
45067 
45048 
44964 
44943 
44923 
44913 
44899 
44885 
44868 
44854 
44837 
44753 
44651 
44567 
44465 
44381 
44279 
43887 
43853 
43819 
43489 
43463 
43423 
43413 
42944 
42400 
42381 
42371 
42357 
41552 
41450 
41416 
41382 
41341 
41307 
41277 
41245 
41211 
41177 
41136 
41102 
41070 
41036 
41002 
40964 
40932 
40880 
40840 
40802 
40768 
40734 
40707 
40581 
40445 
40428 
40281 
40111 
40101 
40087 
40073 
40056 
39923 
39787 
39770 
39760 
39746 
39697 
39663 
39646 
39636 
39622 
39482 
39312 
39081 
38809 
38799 
38785 
38645 
38475 
38153 
37779 
37762 
37622 
37520 
37500 
37470 
37460 
37320 
37310 
36449 
36419 
35809 
35263 
34483 
34343 
34313 
34143 
33576 
32766 
32080 
31100 
30393 
29383 
28676 
27666 
27253 
26663 
26656 
26646 
26163 
25543 
25473 
25039 
24419 
23985 
23605 
23556 
23486 
23220 
22840 
22140 
21140 
20426 
20406 
20356 
19856 
19471 
18921 
18606 
18156 
17771 
17221 
16906 
16896 
16887 
16565 
16495 
16395 
16297 
16157 
16129 
16089 
15991 
15851 
15725 
15545 
15419 
15279 
15269 
15164 
15014 
14909 
14839 
14759 
14703 
14623 
14518 
14368 
14263 
14113 
14008 
13978 
13968 
13940 
13900 
13879 
13869 
13862 
13852 
13845 
13835 
13828 
13818 
13804 
13784 
13770 
13750 
13736 
13716 
13702 
13682 
13668 
13648 
13634 
13614 
13600 
13580 
13566 
13546 
13532 
13512 
13498 
13478 
13464 
13444 
13430 
13410 
13396 
13376 
13362 
13342 
13328 
13308 
13294 
13274 
13260 
13240 
13226 
13206 
13192 
13172 
13158 
13138 
13124 
13104 
13090 
13070 
13056 
13036 
13022 
13002 
12988 
12968 
12954 
12934 
12920 
12900 
12886 
12866 
12852 
12832 
12818 
12798 
12784 
12764 
12750 
12730 
12716 
12696 
12682 
12662 
12648 
12628 
12614 
12594 
12580 
12560 
12546 
12526 
12512 
12492 
12478 
12458 
12444 
12424 
12410 
12390 
12376 
12356 
12342 
12322 
12308 
12288 
12274 
12254 
12240 
12220 
12206 
12186 
12172 
12152 
12138 
12118 
12104 
12084 
12070 
12050 
12036 
12016 
12002 
11982 
11968 
11948 
11934 
11914 
11900 
11880 
11866 
11846 
11832 
11812 
11798 
11778 
11764 
11744 
11730 
11710 
11696 
11676 
11662 
11642 
11628 
11608 
11594 
11574 
11560 
11540 
11526 
11506 
11492 
11472 
11458 
11438 
11424 
11404 
11390 
11370 
11356 
11336 
11322 
11302 
11288 
11268 
11254 
11234 
11220 
11200 
11186 
11166 
11152 
11132 
11118 
11098 
11084 
11064 
11050 
11030 
11016 
10996 
10982 
10962 
10948 
10928 
10914 
10894 
10880 
10860 
10846 
10826 
10812 
10792 
10778 
10758 
10744 
10724 
10710 
10690 
10676 
10656 
10642 
10622 
10608 
10588 
10574 
10554 
10540 
10520 
10506 
10486 
10472 
10452 
10438 
10418 
10404 
10384 
10370 
10350 
10336 
10316 
10302 
10282 
10268 
10248 
10234 
10214 
10200 
10180 
10166 
10146 
10132 
10112 
10098 
10078 
10064 
10044 
10030 
10010 
9996 
9976 
9962 
9942 
9928 
9908 
9894 
9874 
9860 
9840 
9826 
9806 
9792 
9772 
9758 
9738 
9724 
9704 
9690 
9670 
9656 
9636 
9622 
9602 
9588 
9568 
9554 
9534 
9520 
9500 
9486 
9466 
9452 
9432 
9418 
9398 
9384 
9364 
9350 
9330 
9316 
9296 
9282 
9262 
9248 
9228 
9214 
9194 
9180 
9160 
9146 
9126 
9112 
9092 
9078 
9058 
9044 
9024 
9010 
8990 
8976 
8956 
8942 
8922 
8908 
8888 
8874 
8854 
8840 
8820 
8806 
8786 
8772 
8752 
8738 
8718 
8704 
8684 
8670 
8650 
8636 
8616 
8602 
8582 
8568 
8548 
8534 
8514 
8500 
8480 
8466 
8446 
8432 
8412 
8398 
8378 
8364 
8344 
8330 
8310 
8296 
8276 
8262 
8242 
8228 
8208 
8194 
8174 
8160 
8140 
8126 
8106 
8092 
8072 
8058 
8038 
8024 
8004 
7990 
7970 
7956 
7936 
7922 
7902 
7888 
7868 
7854 
7834 
7820 
7800 
7786 
7766 
7752 
7732 
7718 
7698 
7684 
7664 
7650 
7630 
7616 
7596 
7582 
7562 
7548 
7528 
7514 
7494 
7480 
7460 
7446 
7436 
7429 
7419 
7412 
7402 
7395 
7385 
7378 
7368 
7361 
7351 
7344 
7334 
7327 
7317 
7310 
7300 
7293 
7283 
7276 
7266 
7259 
7249 
7242 
7232 
7225 
7215 
7208 
7198 
7191 
7181 
7174 
7164 
7157 
7147 
7140 
7130 
7123 
7113 
7106 
7096 
7089 
7079 
7072 
7062 
7055 
7045 
7038 
7028 
7021 
7011 
7004 
6994 
6987 
6977 
6970 
6960 
6953 
6943 
6936 
6926 
6919 
6909 
6902 
6892 
6885 
6875 
6868 
6858 
6851 
6841 
6834 
6824 
6817 
6807 
6800 
6790 
6783 
6773 
6766 
6756 
6749 
6739 
6732 
6722 
6715 
6705 
6698 
6688 
6681 
6671 
6664 
6654 
6647 
6637 
6630 
6620 
6613 
6603 
6596 
6586 
6579 
6569 
6562 
6552 
6545 
6535 
6528 
6518 
6511 
6501 
6494 
6484 
6477 
6467 
6460 
6450 
6443 
6433 
6426 
6416 
6409 
6399 
6392 
6382 
6375 
6365 
6358 
6348 
6341 
6331 
6324 
6314 
6307 
6297 
6290 
6280 
6273 
6263 
6256 
6246 
6239 
6229 
6222 
6212 
6205 
6195 
6188 
6178 
6171 
6161 
6154 
6144 
6137 
6127 
6120 
6110 
6103 
6093 
6086 
6076 
6069 
6059 
6052 
6042 
6035 
6025 
6018 
6008 
6001 
5991 
5984 
5974 
5967 
5957 
5950 
5940 
5933 
5923 
5916 
5906 
5899 
5889 
5882 
5872 
5865 
5855 
5848 
5838 
5831 
5821 
5814 
5804 
5797 
5787 
5780 
5770 
5763 
5753 
5746 
5736 
5729 
5719 
5712 
5702 
5695 
5685 
5678 
5668 
5661 
5651 
5644 
5634 
5627 
5617 
5610 
5600 
5593 
5583 
5576 
5566 
5559 
5549 
5542 
5532 
5525 
5515 
5508 
5498 
5491 
5481 
5474 
5464 
5457 
5447 
5440 
5430 
5423 
5413 
5406 
5396 
5389 
5379 
5372 
5362 
5355 
5345 
5338 
5328 
5321 
5311 
5304 
5294 
5287 
5277 
5270 
5260 
5253 
5243 
5236 
5226 
5219 
5209 
5202 
5192 
5185 
5175 
5168 
5158 
5151 
5141 
5134 
5124 
5117 
5107 
5100 
5090 
5083 
5073 
5066 
5056 
5049 
5039 
5032 
5022 
5015 
5005 
4998 
4988 
4981 
4971 
4964 
4954 
4947 
4937 
4930 
4920 
4913 
4903 
4896 
4886 
4879 
4869 
4862 
4852 
4845 
4835 
4828 
4818 
4811 
4801 
4794 
4784 
4777 
4767 
4760 
4750 
4743 
4733 
4726 
4716 
4709 
4699 
4692 
4682 
4675 
4665 
4658 
4652 
4520 
4510 
4460 
4439 
4429 
4411 
4401 
4341 
4334 
4324 
4310 
4304 
4292 
4226 
4206 
4199 
4189 
4183 
4177 
4141 
4127 
4121 
4111 
4105 
4101 
4095 
4091 
4085 
4082 
4082
