64602
53169 
53089 
48414 
48384 
47670 
47658 
45908 
43817 
43783 
43755 
43721 
43693 
43659 
43631 
43597 
43569 
43535 
43507 
43473 
43445 
43411 
43383 
43349 
43321 
43287 
43273 
43249 
43225 
43204 
43177 
43156 
43132 
43104 
43070 
42363 
42261 
42200 
42139 
42090 
42044 
41993 
41932 
41881 
41832 
41786 
41735 
41674 
41623 
41599 
41575 
41560 
41547 
41520 
41513 
41489 
41475 
41427 
41329 
41227 
41179 
41172 
41148 
41043 
40941 
40914 
40893 
40869 
40855 
40807 
40800 
40776 
40258 
40156 
39804 
39753 
39522 
39267 
39240 
39219 
39195 
38670 
38058 
38031 
38010 
37986 
37979 
37955 
37948 
37924 
37399 
37195 
37062 
37042 
36930 
36892 
36872 
36767 
36748 
36729 
36719 
36656 
36637 
36617 
36547 
36528 
36515 
36494 
36481 
36250 
36174 
36158 
35654 
35464 
35444 
35437 
35427 
35210 
35134 
35121 
34904 
34828 
34815 
34794 
34781 
34550 
34474 
34458 
34227 
34151 
34135 
34128 
34118 
33824 
33710 
33689 
33676 
33655 
33642 
33306 
33192 
33176 
33166 
33159 
33149 
33142 
33132 
33125 
33115 
33108 
33098 
33091 
33081 
33074 
33064 
33057 
33047 
33040 
33030 
33023 
33013 
33006 
32996 
32989 
32979 
32972 
32962 
32955 
32945 
32938 
32928 
32921 
32911 
32904 
32894 
32887 
32877 
32870 
32860 
32853 
32843 
32836 
32826 
32819 
32809 
32802 
32792 
32785 
32775 
32768 
32758 
32751 
32741 
32734 
32724 
32717 
32707 
32700 
32690 
32683 
32673 
32666 
32656 
32649 
32639 
32632 
32622 
32615 
32605 
32598 
32588 
32581 
32571 
32564 
32554 
32547 
32537 
32530 
32520 
32513 
32503 
32496 
32486 
32479 
32469 
32462 
32452 
32445 
32435 
32428 
32418 
32411 
32401 
32394 
32384 
31894 
31704 
31214 
31024 
30471 
30262 
30242 
30228 
30218 
30208 
29669 
29460 
28571 
28229 
28219 
27925 
27811 
27517 
27422 
27403 
27368 
27352 
27317 
27301 
27049 
26954 
26944 
26895 
26876 
26792 
26773 
26757 
26512 
26417 
26165 
26070 
26060 
25535 
25345 
25329 
24832 
24642 
24632 
24625 
24615 
24524 
24505 
24489 
24479 
23653 
23634 
23615 
23433 
23412 
23380 
23367 
23357 
23336 
23323 
23295 
23282 
23272 
23251 
23238 
22720 
22530 
22517 
22507 
21681 
21377 
21361 
21351 
21309 
21293 
21283 
21108 
21070 
21053 
21038 
21028 
20342 
20076 
19180 
18838 
18818 
18804 
18784 
18777 
18767 
18088 
17841 
17825 
17815 
17178 
16931 
16917 
16897 
16883 
16863 
16191 
15944 
15928 
14283 
14226 
14187 
14171 
14157 
14142 
14126 
14061 
14045 
14032 
14016 
14001 
13985 
13972 
13956 
13943 
13930 
13914 
13888 
13872 
13859 
13842 
13826 
13811 
13795 
13769 
13748 
13729 
13716 
13701 
13682 
13666 
13549 
13530 
13517 
13507 
13497 
13483 
13473 
13463 
13176 
13081 
13065 
13055 
12880 
12823 
12810 
12800 
12737 
12718 
12698 
12684 
12664 
12650 
12630 
12616 
12596 
12582 
12562 
12548 
12528 
12514 
12494 
12480 
12460 
12446 
12426 
12412 
12392 
12378 
12358 
12344 
12324 
12093 
12017 
12001 
11987 
11977 
11967 
11757 
11681 
11661 
11654 
11644 
11245 
11226 
11093 
11083 
10740 
10607 
10558 
10539 
10532 
10522 
9906 
9868 
9849 
9836 
9823 
9807 
9625 
9587 
9146 
8975 
8947 
8934 
8924 
8861 
8842 
8822 
8731 
8712 
8696 
8686 
8539 
8482 
8272 
8215 
8189 
8176 
7756 
7604 
7591 
7581 
7532 
7513 
7464 
7445 
7396 
7377 
7328 
7309 
7260 
7241 
7192 
7173 
7124 
7105 
7056 
7037 
6988 
6969 
6920 
6901 
6852 
6833 
6784 
6765 
6716 
6697 
6648 
6629 
6580 
6561 
6512 
6493 
6444 
6425 
6376 
6357 
6308 
6289 
6240 
6221 
6172 
6153 
6104 
6085 
6036 
6017 
5968 
5949 
5900 
5881 
5832 
5813 
5764 
5745 
5696 
5677 
5628 
5609 
5560 
5541 
5492 
5473 
5424 
5405 
5356 
5337 
5288 
5269 
5220 
5201 
5152 
5133 
5084 
5065 
5016 
4997 
4948 
4929 
4880 
4861 
4812 
4793 
4751 
4735 
4725 
4718 
4708 
4666 
4650 
4640 
4605 
4589 
4554 
4538 
4503 
4487 
4452 
4436 
4401 
4385 
4350 
4334 
4299 
4283 
4248 
4232 
4197 
4181 
4146 
4130 
4095 
4079 
4065 
4055 
4055
