64602
52667 
52622 
48410 
47666 
47657 
47644 
47627 
46899 
46015 
46008 
45998 
45984 
45977 
45967 
45953 
45946 
45936 
45922 
45110 
44999 
44944 
44903 
44866 
44825 
44751 
44696 
44659 
44618 
44581 
44540 
44466 
44411 
44388 
44333 
44296 
44271 
44250 
44241 
44087 
43976 
43938 
43921 
43907 
43816 
43779 
43738 
43721 
43686 
43652 
43642 
43628 
43467 
43430 
43389 
43315 
43287 
43000 
42778 
42723 
42691 
42681 
42667 
42156 
41760 
41654 
41642 
41626 
41586 
41568 
41551 
41383 
41235 
41203 
41182 
41140 
41103 
41086 
40918 
40770 
40738 
40717 
40710 
40697 
40683 
40522 
40411 
40356 
40342 
40335 
40314 
40300 
40258 
40249 
40235 
40193 
39563 
39489 
39267 
39212 
39102 
38917 
38882 
38854 
38637 
38452 
38417 
38389 
38305 
38231 
38203 
38196 
38186 
38172 
38165 
38144 
38060 
37986 
37958 
37867 
37793 
37765 
37744 
37436 
37325 
37221 
37195 
36908 
36739 
36719 
36509 
36379 
36148 
36070 
36055 
36042 
35867 
35763 
35750 
35743 
35733 
35383 
35175 
35155 
34609 
34414 
34397 
34373 
33890 
33591 
33556 
33543 
33533 
33523 
32998 
32673 
32162 
31850 
31840 
31469 
31248 
31228 
31207 
31194 
30851 
30643 
30633 
30626 
30616 
30609 
30599 
30592 
30582 
30575 
30565 
30558 
30548 
30541 
30531 
30524 
30514 
30507 
30497 
30490 
30480 
30473 
30463 
30456 
30446 
30439 
30429 
30422 
30412 
30405 
30395 
30388 
30378 
30371 
30361 
30354 
30344 
30337 
30327 
30320 
30310 
30303 
30293 
30286 
30276 
30269 
30259 
30252 
30242 
30235 
30225 
30218 
30208 
30201 
30191 
30184 
30174 
30167 
30157 
30150 
30140 
30133 
30123 
30116 
30106 
30099 
30089 
30082 
30072 
30065 
30055 
30048 
30038 
30031 
30021 
30014 
30004 
29997 
29987 
29980 
29970 
29963 
29953 
29946 
29936 
29929 
29919 
29912 
29902 
29895 
29885 
29878 
29868 
29861 
29851 
29844 
29834 
29827 
29817 
29810 
29800 
29793 
29783 
29776 
29766 
29759 
29749 
29742 
29732 
29725 
29715 
29708 
29698 
29691 
29681 
29674 
29664 
29657 
29647 
29640 
29630 
29623 
29613 
29606 
29596 
29589 
29579 
29572 
29562 
29555 
29545 
29538 
29528 
29521 
29511 
29504 
29494 
29487 
29477 
29470 
29460 
29453 
29443 
29436 
29426 
29419 
29409 
29402 
29392 
29385 
29375 
29368 
29358 
29351 
29341 
29334 
29324 
29317 
29307 
29300 
29290 
29283 
29273 
29266 
29256 
29249 
29239 
29232 
29222 
29215 
29205 
29198 
29188 
29181 
29171 
29164 
29154 
29147 
29137 
29130 
29120 
29113 
29103 
29096 
29086 
29079 
29069 
29062 
29052 
29045 
29035 
29028 
29018 
29011 
29001 
28994 
28984 
28977 
28967 
28960 
28950 
28943 
28933 
28926 
28916 
28909 
28899 
28892 
28882 
28875 
28865 
28858 
28848 
28841 
28831 
28474 
28253 
27392 
26859 
26201 
26188 
26158 
26145 
26135 
26123 
26103 
25743 
25587 
25567 
25553 
25533 
25281 
25242 
25125 
25013 
24948 
24938 
24770 
24744 
24666 
24372 
24190 
24064 
23986 
23860 
23782 
23187 
22823 
22813 
22806 
22796 
22208 
21844 
21550 
21368 
20885 
20872 
20859 
20839 
20819 
20769 
20756 
20736 
20726 
20716 
20653 
20638 
20612 
20603 
20589 
20569 
20450 
20385 
20365 
20309 
20283 
20263 
20060 
19943 
19923 
19909 
19889 
19609 
19440 
19430 
19423 
19413 
18797 
18784 
18771 
18741 
18728 
18719 
18709 
18697 
18431 
18275 
18255 
17926 
17731 
17711 
17438 
17269 
16954 
16759 
16444 
16249 
15934 
15739 
15424 
15229 
14956 
14943 
14933 
14923 
14531 
14297 
14277 
14046 
13903 
13728 
13624 
13614 
13404 
13274 
13162 
13149 
13136 
13129 
13119 
12713 
12466 
12456 
12218 
12075 
12065 
11540 
11215 
10858 
10637 
10301 
10106 
10093 
9617 
9331 
9311 
8800 
8488 
8478 
8030 
7757 
7747 
7278 
6992 
6982 
6576 
6563 
6555 
6543 
6534 
6524 
6514 
6505 
6492 
6482 
6469 
6459 
6449 
6436 
6426 
6416 
6374 
6340 
6325 
6315 
6300 
6290 
6280 
6270 
6260 
5707 
5369 
5359 
5198 
5107 
5087 
5052 
5039 
5019 
4928 
4876 
4866 
4754 
4689 
4679 
4672 
4662 
4543 
4478 
4458 
4451 
4436 
4429 
4414 
4253 
4243 
4234 
4227 
4215 
4208 
4193 
4145 
4132 
4119 
4109 
4099 
4090 
4083 
4071 
4064 
4055 
4055
