64602
53132 
53090 
49850 
47663 
47658 
46990 
46956 
46924 
46895 
45831 
45807 
45582 
45096 
45087 
44871 
44429 
44407 
44254 
44248 
44240 
44220 
44192 
44158 
44136 
44127 
44115 
44093 
44065 
44031 
44009 
44000 
43960 
43892 
43872 
43854 
43845 
43829 
43795 
43786 
43478 
43446 
42942 
42931 
42769 
42661 
42607 
42599 
42577 
42553 
42519 
42499 
42490 
42481 
42277 
41869 
41847 
41712 
41706 
41702 
41692 
41675 
41671 
41661 
41644 
41588 
41486 
41466 
41430 
41378 
41276 
41265 
41247 
41241 
41225 
41191 
41182 
41130 
41028 
41017 
40999 
40993 
40969 
40935 
40915 
40906 
40900 
40856 
40788 
40766 
40748 
40740 
40720 
40714 
40690 
40656 
40636 
40627 
40621 
40597 
40563 
40543 
40534 
40528 
40452 
40316 
40294 
40249 
40233 
40199 
40190 
40174 
40140 
40131 
40125 
40101 
40067 
40047 
40038 
40032 
40020 
40000 
39990 
39973 
39957 
39923 
39914 
39908 
39892 
39858 
39849 
39777 
39641 
39621 
39612 
39567 
39507 
39405 
39383 
39356 
39350 
39326 
39292 
39272 
39263 
39257 
39249 
39229 
39225 
39215 
39198 
39194 
39184 
39167 
39131 
39063 
39052 
39043 
39035 
39015 
39009 
38941 
38805 
38794 
38767 
38761 
38757 
38747 
38730 
38726 
38716 
38699 
38679 
38645 
38635 
38618 
38609 
38521 
38351 
38331 
38268 
38224 
38156 
38134 
38116 
38110 
38054 
37952 
37932 
37896 
37892 
37882 
37865 
37853 
37831 
37791 
37723 
37703 
37676 
37592 
37524 
37512 
37500 
37488 
37477 
37459 
37450 
37430 
37418 
37408 
37399 
37351 
37339 
37315 
37297 
37285 
37273 
37263 
37255 
37235 
37229 
37225 
37215 
37091 
37079 
37007 
36995 
36984 
36957 
36933 
36921 
36909 
36805 
36793 
36721 
36685 
36657 
36645 
36633 
36623 
36617 
36557 
36521 
36509 
36498 
36466 
36442 
36433 
36309 
36297 
36225 
36213 
36202 
36175 
36123 
36087 
36076 
36044 
36020 
36011 
36005 
35957 
35921 
35903 
35791 
35707 
35671 
35665 
35613 
35577 
35566 
35518 
35482 
35464 
35384 
35324 
35297 
35291 
35267 
35255 
35243 
35163 
35103 
35094 
35085 
35076 
35070 
35002 
34954 
34943 
34934 
34886 
34850 
34841 
34832 
34812 
34800 
34790 
34781 
34773 
34753 
34747 
34699 
34663 
34645 
34617 
34605 
34593 
34583 
34577 
34505 
34457 
34445 
34427 
34399 
34387 
34375 
34365 
34356 
34336 
34324 
34314 
34305 
34297 
34277 
34271 
34215 
34179 
34167 
34158 
34152 
34116 
34092 
34082 
34073 
34067 
33911 
33803 
33791 
33780 
33744 
33736 
33716 
33710 
33654 
33618 
33606 
33597 
33591 
33583 
33563 
33557 
33513 
33489 
33477 
33467 
33458 
33414 
33402 
33390 
33378 
33368 
33359 
33353 
33277 
33229 
33217 
33206 
33200 
33192 
33172 
33166 
33118 
33082 
33064 
33040 
33028 
33016 
32936 
32852 
32792 
32772 
32760 
32750 
32741 
32677 
32617 
32557 
32521 
32497 
32486 
32454 
32430 
32421 
32397 
32385 
32373 
32367 
32279 
32219 
32207 
32180 
32132 
32096 
32078 
32070 
32050 
32044 
31976 
31928 
31917 
31908 
31744 
31624 
31613 
31568 
31564 
31554 
31542 
31530 
31520 
31372 
31264 
31253 
31217 
31211 
31199 
31187 
31177 
31173 
31163 
31143 
31131 
31121 
31112 
31080 
31056 
31047 
31041 
31013 
31001 
30989 
30979 
30973 
30885 
30825 
30813 
30786 
30738 
30702 
30684 
30676 
30656 
30650 
30582 
30534 
30523 
30514 
30434 
30374 
30347 
30299 
30287 
30263 
30245 
30165 
30105 
30078 
30072 
30052 
30040 
30030 
30021 
29997 
29985 
29973 
29965 
29953 
29949 
29939 
29871 
29823 
29812 
29803 
29795 
29783 
29747 
29723 
29713 
29704 
29698 
29694 
29684 
29664 
29652 
29642 
29633 
29541 
29481 
29469 
29458 
29449 
29443 
29439 
29429 
29309 
29225 
29213 
29177 
29171 
29159 
29147 
29137 
29125 
29113 
29103 
29071 
29047 
29038 
29030 
29018 
29010 
28990 
28984 
28964 
28952 
28942 
28933 
28901 
28877 
28868 
28812 
28776 
28764 
28755 
28746 
28726 
28714 
28704 
28695 
28691 
28681 
28605 
28557 
28545 
28534 
28525 
28465 
28429 
28417 
28406 
28398 
28378 
28372 
28260 
28176 
28140 
28134 
28114 
28102 
28092 
28083 
28059 
28047 
28035 
27951 
27891 
27880 
27871 
27862 
27838 
27826 
27814 
27770 
27746 
27734 
27724 
27715 
27709 
27689 
27677 
27667 
27658 
27630 
27618 
27606 
27596 
27590 
27574 
27562 
27556 
27528 
27504 
27474 
27398 
27350 
27338 
27327 
27318 
27290 
27278 
27266 
27256 
27250 
27230 
27218 
27208 
27199 
27191 
27171 
27165 
27157 
27137 
27131 
27099 
27075 
27066 
27022 
26998 
26986 
26976 
26967 
26961 
26917 
26893 
26881 
26871 
26862 
26706 
26598 
26586 
26575 
26539 
26519 
26507 
26497 
26488 
26436 
26424 
26400 
26389 
26383 
26375 
26355 
26349 
26325 
26313 
26301 
26245 
26233 
26209 
26197 
26188 
26179 
26103 
26055 
26043 
26032 
26026 
26014 
26002 
25992 
25984 
25964 
25958 
25950 
25930 
25924 
25864 
25828 
25816 
25805 
25801 
25791 
25771 
25759 
25749 
25740 
25724 
25712 
25703 
25691 
25679 
25669 
25657 
25645 
25635 
25551 
25491 
25480 
25471 
25465 
25409 
25373 
25361 
25352 
25346 
25334 
25322 
25312 
25304 
25284 
25278 
25194 
25134 
25123 
25114 
25108 
25100 
25080 
25074 
25066 
25046 
25040 
25024 
25012 
25006 
24862 
24754 
24700 
24680 
24668 
24659 
24623 
24599 
24589 
24580 
24574 
24538 
24514 
24504 
24495 
24489 
24409 
24349 
24338 
24329 
24249 
24189 
24162 
24156 
24116 
24092 
24080 
24071 
24043 
24031 
24019 
24009 
24003 
23931 
23859 
23799 
23727 
23679 
23667 
23649 
23577 
23529 
23517 
23499 
23493 
23465 
23453 
23441 
23431 
23425 
23389 
23365 
23355 
23346 
23340 
23328 
23316 
23306 
23294 
23282 
23272 
23256 
23244 
23238 
23234 
23224 
23176 
23140 
23122 
23046 
23034 
22998 
22986 
22975 
22966 
22950 
22938 
22932 
22900 
22876 
22867 
22851 
22839 
22830 
22758 
22710 
22698 
22680 
22644 
22620 
22609 
22581 
22569 
22557 
22547 
22541 
22513 
22501 
22489 
22479 
22473 
22453 
22441 
22431 
22422 
22402 
22390 
22380 
22371 
22291 
22231 
22204 
22124 
22064 
22037 
22031 
22023 
22003 
21997 
21933 
21885 
21867 
21861 
21821 
21797 
21785 
21776 
21736 
21712 
21700 
21691 
21663 
21651 
21639 
21629 
21623 
21603 
21591 
21581 
21572 
21548 
21536 
21524 
21444 
21384 
21357 
21351 
21307 
21283 
21271 
21261 
21252 
21128 
21044 
21032 
21021 
21003 
20994 
20982 
20970 
20960 
20944 
20932 
20926 
20882 
20858 
20846 
20836 
20827 
20815 
20803 
20793 
20721 
20697 
20673 
20661 
20643 
20637 
20625 
20613 
20603 
20551 
20515 
20504 
20468 
20444 
20433 
20389 
20365 
20353 
20343 
20334 
20326 
20314 
20294 
20282 
20272 
20263 
20243 
20231 
20221 
20212 
20204 
20184 
20178 
20086 
20026 
20014 
20003 
19994 
19970 
19958 
19946 
19940 
19932 
19912 
19906 
19802 
19730 
19718 
19691 
19685 
19605 
19545 
19518 
19442 
19394 
19382 
19371 
19362 
19302 
19242 
19192 
19148 
19124 
19112 
19102 
19093 
19073 
19061 
19051 
19042 
19022 
19010 
19000 
18991 
18955 
18931 
18920 
18860 
18824 
18812 
18801 
18741 
18705 
18693 
18682 
18622 
18586 
18574 
18563 
18503 
18467 
18455 
18444 
18384 
18348 
18336 
18325 
18301 
18289 
18277 
18201 
18153 
18141 
18130 
18121 
18065 
18029 
18017 
18008 
18002 
17990 
17978 
17968 
17928 
17904 
17892 
17883 
17879 
17869 
17857 
17845 
17835 
17795 
17783 
17771 
17759 
17750 
17622 
17526 
17481 
17475 
17355 
17271 
17259 
17232 
17223 
17215 
17203 
17195 
17175 
17169 
17141 
17129 
17117 
17107 
17101 
17021 
16961 
16934 
16922 
16910 
16878 
16866 
16854 
16845 
16839 
16751 
16691 
16679 
16668 
16659 
16579 
16519 
16492 
16388 
16316 
16304 
16295 
16268 
16180 
16120 
16108 
16090 
16081 
16029 
15993 
15982 
15906 
15858 
15846 
15835 
15826 
15766 
15730 
15718 
15707 
15619 
15559 
15547 
15520 
15468 
15432 
15421 
15337 
15277 
15266 
15248 
15196 
15160 
15149 
15101 
15065 
15056 
15047 
15019 
15007 
14995 
14985 
14976 
14920 
14884 
14872 
14863 
14857 
14781 
14733 
14721 
14710 
14704 
14632 
14584 
14572 
14554 
14478 
14466 
14430 
14418 
14407 
14398 
14338 
14302 
14290 
14279 
14219 
14183 
14171 
14160 
14124 
14100 
14090 
14081 
14075 
14059 
14047 
14041 
14037 
14027 
13951 
13903 
13891 
13880 
13871 
13807 
13759 
13741 
13735 
13675 
13639 
13627 
13616 
13552 
13504 
13486 
13480 
13468 
13456 
13446 
13434 
13422 
13412 
13400 
13388 
13378 
13366 
13354 
13344 
13332 
13320 
13310 
13298 
13286 
13276 
13264 
13252 
13242 
13230 
13218 
13208 
13196 
13184 
13174 
13162 
13150 
13140 
13128 
13116 
13106 
13094 
13082 
13072 
13060 
13048 
13038 
13026 
13014 
13004 
12992 
12980 
12970 
12958 
12946 
12936 
12924 
12912 
12902 
12890 
12878 
12868 
12856 
12844 
12834 
12822 
12810 
12800 
12788 
12776 
12766 
12754 
12742 
12732 
12720 
12708 
12698 
12686 
12674 
12664 
12652 
12640 
12630 
12618 
12606 
12596 
12584 
12572 
12562 
12550 
12538 
12528 
12516 
12504 
12494 
12482 
12470 
12460 
12396 
12348 
12330 
12324 
12256 
12208 
12197 
12188 
12168 
12156 
12146 
12137 
12117 
12105 
12095 
12086 
12066 
12054 
12044 
12035 
12015 
12003 
11993 
11984 
11964 
11952 
11942 
11933 
11913 
11901 
11891 
11882 
11862 
11850 
11840 
11831 
11811 
11799 
11789 
11780 
11760 
11748 
11738 
11729 
11709 
11697 
11687 
11678 
11658 
11646 
11636 
11627 
11607 
11595 
11585 
11576 
11556 
11544 
11534 
11525 
11505 
11493 
11483 
11474 
11454 
11442 
11432 
11423 
11403 
11391 
11381 
11372 
11352 
11340 
11330 
11321 
11301 
11289 
11279 
11270 
11250 
11238 
11228 
11219 
11199 
11187 
11177 
11168 
11148 
11136 
11126 
11117 
11097 
11085 
11075 
11066 
11046 
11034 
11024 
11015 
10995 
10983 
10973 
10964 
10944 
10932 
10922 
10913 
10893 
10881 
10871 
10862 
10842 
10830 
10820 
10811 
10791 
10779 
10769 
10760 
10740 
10728 
10718 
10709 
10689 
10677 
10667 
10658 
10638 
10626 
10616 
10607 
10587 
10575 
10565 
10556 
10536 
10524 
10514 
10505 
10485 
10473 
10463 
10454 
10434 
10422 
10412 
10403 
10383 
10371 
10361 
10352 
10332 
10320 
10310 
10301 
10281 
10269 
10259 
10250 
10230 
10218 
10208 
10199 
10179 
10167 
10157 
10148 
10128 
10116 
10106 
10097 
10077 
10065 
10055 
10046 
10026 
10014 
10004 
9995 
9975 
9963 
9953 
9944 
9924 
9912 
9902 
9893 
9873 
9861 
9851 
9842 
9822 
9810 
9800 
9791 
9771 
9759 
9749 
9740 
9720 
9708 
9698 
9689 
9669 
9657 
9647 
9638 
9634 
9630 
9621 
9565 
9529 
9517 
9508 
9502 
9430 
9382 
9370 
9352 
9332 
9320 
9310 
9301 
9229 
9181 
9169 
9160 
9151 
9145 
9137 
9117 
9111 
9051 
9015 
9003 
8992 
8904 
8844 
8832 
8823 
8805 
8733 
8685 
8673 
8655 
8591 
8543 
8516 
8448 
8400 
8389 
8380 
8332 
8296 
8278 
8258 
8246 
8236 
8227 
8203 
8191 
8179 
8079 
8007 
7996 
7978 
7972 
7952 
7940 
7930 
7921 
7897 
7885 
7873 
7801 
7753 
7741 
7723 
7717 
7601 
7517 
7506 
7479 
7447 
7423 
7414 
7290 
7206 
7194 
7183 
7156 
7036 
6952 
6940 
6904 
6816 
6756 
6744 
6717 
6617 
6545 
6534 
6525 
6516 
6510 
6438 
6390 
6378 
6369 
6360 
6256 
6184 
6172 
6136 
6060 
6012 
6000 
5989 
5983 
5887 
5815 
5779 
5731 
5695 
5677 
5653 
5641 
5629 
5537 
5477 
5465 
5454 
5445 
5439 
5391 
5355 
5346 
5337 
5289 
5253 
5244 
5235 
5179 
5143 
5131 
5122 
5116 
5092 
5080 
5068 
4996 
4948 
4936 
4918 
4912 
4860 
4824 
4813 
4765 
4729 
4711 
4663 
4627 
4609 
4569 
4545 
4533 
4524 
4424 
4412 
4352 
4341 
4323 
4317 
4209 
4137 
4125 
4114 
4096 
4080 
4068 
4062 
4062
