64602
52946 
52878 
46218 
40853 
38873 
38845 
38819 
34819 
34798 
34744 
34716 
34696 
34138 
34030 
33994 
33965 
33929 
33903 
33880 
33664 
33628 
33598 
33546 
33523 
33505 
33481 
33455 
33437 
33413 
33387 
33351 
33325 
33301 
33277 
33251 
33053 
33017 
32988 
32962 
32944 
32920 
32894 
32534 
32498 
32462 
32428 
32404 
32384 
31880 
31808 
31772 
31740 
31714 
31690 
31670 
31580 
31549 
31523 
31500 
31410 
31379 
31353 
31330 
31222 
31189 
31163 
31143 
31071 
31041 
30933 
30900 
30874 
30854 
30836 
30813 
30789 
30769 
30715 
30687 
30667 
29749 
29569 
29497 
29449 
29426 
29408 
29384 
29358 
28998 
28962 
28926 
28892 
28868 
28848 
28524 
28452 
28423 
28099 
28027 
27998 
27674 
27638 
27602 
27571 
27545 
27522 
27054 
26982 
26948 
26888 
26862 
26842 
26734 
26701 
26675 
26655 
26601 
26573 
26553 
26337 
26301 
26271 
26219 
26196 
26142 
26114 
26094 
26076 
26052 
26026 
25972 
25944 
25924 
25870 
25842 
25822 
25750 
25720 
25702 
25678 
25652 
25490 
25454 
25358 
25332 
25312 
24772 
24664 
24628 
24556 
24530 
24512 
24488 
24462 
24408 
24380 
24332 
24309 
24255 
24227 
24207 
24153 
24125 
24105 
23763 
23691 
23659 
23635 
23612 
23090 
23018 
22982 
22922 
22870 
22847 
22775 
22745 
22727 
22703 
22677 
22659 
22635 
22609 
22591 
22567 
22541 
22487 
22459 
22439 
20873 
20621 
20585 
20255 
20229 
20211 
20187 
20161 
20125 
20099 
20076 
20058 
20034 
20008 
19594 
19522 
19486 
19460 
19436 
19413 
19395 
19371 
19345 
18427 
18283 
18247 
18097 
18070 
18052 
18029 
17669 
17597 
17563 
17539 
17519 
17447 
17417 
17399 
17373 
17319 
17291 
17271 
17253 
17229 
17203 
16699 
16627 
16591 
16559 
16529 
16506 
16182 
16110 
16081 
15577 
15505 
15469 
15437 
15407 
15384 
15330 
15302 
15282 
15228 
15200 
15180 
15162 
15138 
15112 
15076 
15050 
15027 
15009 
14985 
14959 
14923 
14897 
14849 
14823 
14751 
14721 
14703 
14679 
14653 
14617 
14591 
14568 
14550 
14526 
14500 
14302 
14266 
14237 
14211 
14103 
14070 
14044 
14024 
13808 
13772 
13741 
13718 
13502 
13466 
13436 
13384 
13361 
13325 
13299 
13276 
13240 
13214 
13191 
13155 
13129 
13106 
13070 
13044 
13021 
12985 
12959 
12936 
12900 
12874 
12851 
12815 
12789 
12765 
12741 
12715 
12697 
12673 
12647 
12611 
12585 
12562 
12238 
12166 
12137 
11813 
11741 
11712 
11532 
11496 
11467 
11443 
11423 
11405 
11381 
11355 
11337 
11313 
11287 
11269 
11245 
11219 
11201 
11177 
11151 
11133 
11109 
11083 
11065 
11041 
11015 
10997 
10973 
10947 
10929 
10905 
10879 
10861 
10837 
10811 
10775 
10749 
10726 
10672 
10644 
10624 
10588 
10562 
10539 
10503 
10477 
10454 
10436 
10412 
10386 
10152 
10116 
10084 
10032 
10012 
9796 
9760 
9730 
9678 
9655 
9511 
9476 
9450 
9426 
9400 
9328 
9298 
9154 
9119 
9093 
9069 
9043 
8899 
8864 
8838 
8814 
8788 
8644 
8609 
8583 
8559 
8533 
8425 
8392 
8366 
8346 
8328 
8304 
8278 
8188 
8157 
8131 
8108 
8054 
8026 
8006 
7826 
7790 
7760 
7734 
7680 
7652 
7632 
7434 
7398 
7369 
7343 
7145 
7109 
7080 
7054 
6964 
6933 
6907 
6884 
6812 
6782 
6746 
6720 
6697 
6481 
6445 
6415 
6363 
6340 
6232 
6199 
6173 
6153 
6045 
6012 
5986 
5966 
5912 
5884 
5864 
5810 
5782 
5762 
5708 
5680 
5660 
5606 
5578 
5558 
5414 
5379 
5353 
5329 
5303 
5231 
5201 
5147 
5119 
5099 
5027 
4997 
4943 
4915 
4895 
4841 
4813 
4793 
4703 
4672 
4646 
4623 
4551 
4521 
4449 
4419 
4347 
4317 
4245 
4215 
4143 
4113 
4077 
4055 
4055
