64602
52512 
52466 
48341 
48328 
47668 
47658 
45908 
44668 
44138 
44107 
44093 
44079 
44055 
44031 
44024 
44000 
42250 
41010 
40480 
40449 
40435 
38832 
37712 
37657 
37339 
37307 
37297 
37150 
37134 
37086 
37076 
37041 
37025 
36955 
36923 
36853 
36821 
36751 
36719 
35158 
34838 
34614 
34454 
34441 
34420 
34407 
33966 
33927 
33914 
33901 
33885 
33872 
33859 
33846 
33755 
33739 
33726 
33716 
33706 
33696 
33686 
33676 
33270 
33094 
33081 
33074 
33064 
33043 
33030 
32869 
32805 
32792 
32729 
32713 
32700 
32690 
32305 
32129 
31856 
31744 
31731 
31721 
31567 
31503 
31483 
31413 
31381 
31136 
31024 
30751 
30703 
30690 
30674 
30661 
30651 
30631 
30616 
30546 
30514 
30437 
30405 
30395 
30122 
30010 
29997 
29987 
29945 
29929 
29919 
29765 
29701 
29681 
29534 
29470 
29460 
29166 
29038 
29018 
28738 
28722 
28706 
28690 
28674 
28658 
28642 
28626 
28610 
28505 
28457 
27799 
27511 
27498 
27488 
27271 
27223 
27205 
27192 
27182 
26377 
26009 
26002 
25992 
25810 
25730 
25720 
25545 
25465 
25458 
25448 
25203 
25187 
25091 
23957 
23445 
23425 
23411 
23391 
23377 
23357 
23343 
23323 
23141 
23061 
23051 
22876 
22796 
22684 
22668 
22652 
22639 
22626 
22591 
22575 
22470 
22422 
22310 
22262 
22252 
22245 
22235 
22228 
22218 
22211 
22201 
22194 
22184 
22177 
22167 
22160 
22150 
22143 
22133 
22126 
22116 
22109 
22099 
22092 
22082 
22075 
22065 
22058 
22048 
22041 
22031 
22024 
22014 
22007 
21997 
21990 
21980 
21973 
21963 
21956 
21946 
21939 
21929 
21922 
21912 
21905 
21895 
21888 
21878 
21871 
21861 
21854 
21844 
21837 
21827 
21820 
21810 
21803 
21793 
21786 
21776 
21769 
21759 
21752 
21742 
21735 
21725 
21718 
21708 
21701 
21691 
21684 
21674 
21667 
21657 
21650 
21640 
21633 
21623 
21616 
21606 
21599 
21589 
21582 
21572 
21565 
21555 
21548 
21538 
21531 
21521 
21514 
21504 
21497 
21487 
21480 
21470 
21463 
21453 
21446 
21436 
21429 
21419 
21412 
21402 
21395 
21385 
21378 
21368 
21361 
21351 
21344 
21334 
21327 
21317 
21310 
21300 
21293 
21283 
21276 
21266 
21259 
21249 
21242 
21232 
21225 
21215 
21208 
21198 
21191 
21181 
21174 
21164 
21157 
21147 
21140 
21130 
21123 
21113 
21106 
21096 
21089 
21079 
21072 
21062 
21055 
21045 
21038 
21028 
21021 
21011 
21004 
20994 
20987 
20977 
20970 
20960 
20953 
20943 
20936 
20926 
20919 
20909 
20902 
20892 
20885 
20875 
20868 
20858 
20851 
20841 
20834 
20824 
20817 
20807 
20800 
20790 
20783 
20773 
20766 
20756 
20749 
20739 
20732 
20722 
20715 
20705 
20698 
20688 
20681 
20671 
20664 
20654 
20647 
20637 
20630 
20620 
20613 
20603 
20596 
20586 
20579 
20569 
20562 
20552 
20545 
20535 
20528 
20518 
20511 
20501 
20494 
20484 
20477 
20467 
20460 
20450 
20443 
20433 
20426 
20416 
20409 
20399 
20392 
20382 
20375 
20365 
20358 
20348 
20341 
20331 
20324 
20314 
20307 
20297 
20290 
20280 
20273 
20263 
20256 
20246 
20239 
20229 
20222 
20212 
20205 
20195 
20188 
20178 
20171 
20161 
20154 
20144 
20137 
20127 
20120 
20110 
20103 
20093 
20086 
20076 
20069 
20059 
20052 
20042 
20035 
20025 
20018 
20008 
20001 
19991 
19984 
19974 
19967 
19957 
19950 
19940 
19933 
19923 
19916 
19906 
19899 
19889 
19882 
19872 
19865 
19855 
19848 
19838 
19831 
19821 
19814 
19804 
19797 
19787 
19780 
19770 
19763 
19753 
19746 
19736 
19722 
19702 
19366 
19222 
19209 
18915 
18787 
18767 
18753 
18733 
18719 
18699 
18685 
18665 
18651 
18631 
18617 
18597 
18583 
18563 
18549 
18529 
18515 
18495 
18481 
18461 
18447 
18427 
18413 
18393 
18379 
18359 
18345 
18325 
18311 
18291 
18277 
18257 
18243 
18223 
18209 
18189 
18175 
18155 
18141 
18121 
18107 
18087 
18073 
18053 
18039 
18019 
18005 
17985 
17971 
17951 
17937 
17917 
17903 
17883 
17869 
17849 
17835 
17815 
17801 
17781 
17767 
17747 
17733 
17713 
17699 
17679 
17665 
17645 
17631 
17611 
17597 
17577 
17563 
17543 
17529 
17509 
17495 
17475 
17461 
17441 
17427 
17407 
17393 
17373 
17359 
17339 
17325 
17305 
17291 
17271 
17264 
17254 
17247 
17237 
17230 
17220 
16905 
16761 
16243 
16227 
16214 
16201 
16187 
16173 
16157 
16141 
16128 
16112 
16098 
16084 
16068 
16052 
16039 
16026 
16016 
16006 
15996 
15947 
15931 
15911 
15855 
15839 
15826 
15700 
15652 
15639 
15632 
15622 
15615 
15605 
15444 
15428 
15380 
15367 
14730 
14714 
14442 
14432 
14341 
14325 
14309 
14296 
14275 
14262 
14129 
14081 
14068 
14058 
13946 
13898 
13888 
13867 
13854 
13700 
13668 
13652 
13636 
13626 
13616 
13497 
13449 
13429 
13415 
13395 
13381 
13361 
13347 
13327 
13313 
13293 
13279 
13259 
13245 
13225 
13211 
13191 
13177 
13157 
13143 
13123 
13109 
13089 
13075 
13055 
13041 
13021 
13007 
12987 
12973 
12953 
12939 
12919 
12905 
12885 
12871 
12851 
12837 
12817 
12803 
12783 
12769 
12749 
12735 
12715 
12701 
12681 
12408 
12296 
12283 
12273 
12140 
12092 
12079 
12069 
12041 
12028 
12018 
11906 
11858 
11848 
11477 
11317 
11304 
10191 
9695 
9682 
9672 
9511 
9447 
9434 
9273 
9209 
9196 
9126 
9110 
9099 
9090 
9080 
9038 
9022 
9012 
8984 
8974 
8961 
8951 
8706 
8594 
7600 
7152 
7132 
6887 
6775 
6593 
6513 
6503 
5523 
5075 
4830 
4718 
4515 
4499 
4489 
4473 
4463 
4447 
4397 
4381 
4371 
4266 
4218 
4099 
4089 
4074 
4063 
4055 
4055
