45704
34250 34250 34250 34250 34250 34250 34250 34250 34250 34250 34250 34250 34250 34250 34227 34227 34227 34227 34227 34227 34227 34227 34227 34227 34227 34227 34227 34227 34227 34227 34227 34227 34227 34227 34227 34227 34227 34227 34227 34227 34227 34227 34227 34227 34227 34227 34227 43880 43896 43910 43880 42994 42994 42994 42994 42994 42994 42994 42994 42994 42994 42994 42658 42658 42658 42658 43880 42658 42658 43834 43834 43834 43896 42436 42436 42436 42436 43880 43880 43880 43880 44198 44198 43896 42658 42658 42658 42658 43896 43910 43262 43834 43858 43858 43858 43858 43270 42562 42562 42562 42562 42562 42562 42562 42994 42994 42994 42994 42994 42994 43262 42658 42658 42658 42658 42436 42436 42436 42436 42436 42436 42436 42562 42436 42436 
32459 32459 32459 32459 32459 32459 32459 32459 32459 33343 33343 33343 33343 33343 33343 33343 32459 33343 33343 33343 33343 33343 33343 33343 33343 32459 32459 32459 32459 32737 32737 32459 32721 32459 33343 33343 33343 33343 33343 33343 33343 33343 30959 32737 32737 32737 32737 32737 31785 31785 32737 31785 32721 32357 32419 32419 32419 32419 32419 32419 32419 32419 32419 32419 32419 32737 31181 31181 31181 32403 31181 31181 32357 32357 32357 32419 30959 30959 30959 30959 32403 32403 32403 32721 32721 32419 31181 31181 31181 31181 32419 32433 32433 32227 32403 32381 32381 32381 31085 31085 31085 31085 31085 31085 31785 31785 31785 31785 31785 31785 31785 31785 31785 31181 31181 31181 31181 31181 30959 30959 30959 30959 30959 30959 30959 31085 30959 30959 
29449 29449 29449 29449 29449 29449 29449 27937 27937 27937 29449 29449 29449 27937 28249 28249 29449 29449 29449 29449 29449 29449 30075 30075 30075 30075 29449 29449 29449 29449 29449 30075 30075 29449 29449 29449 29469 29449 29449 29453 29453 29449 29449 29449 29449 29449 29449 29449 29449 29449 29449 29449 29449 29449 29469 29469 29469 29449 29449 29449 29449 29089 29135 29135 29135 28249 28249 28249 28249 28249 28249 28249 28249 28249 28249 28249 28249 27937 27937 27937 27937 27937 27937 27937 27937 27937 27937 27937 27937 27937 27937 27937 27937 27937 27937 27937 27937 27937 27937 27937 29151 29151 29151 29151 28959 28517 29151 29113 29089 29089 29089 29089 28249 28249 28249 28249 28249 28249 28249 28249 28517 28517 28517 28517 28517 28517 27937 27937 27937 27937 27937 27937 27937 27937 27937 27937 27937 27937 
27892 27892 27892 27892 27892 27892 
27802 27802 27848 27848 27848 27848 27848 27802 27802 
27757 27757 27757 27757 27757 27757 27757 27757 27757 
27667 27713 27713 27667 27713 27667 27713 27713 27667 27667 27667 27667 
27622 27622 27622 27622 27622 27622 27622 27622 27622 27622 27622 27622 
27532 27578 27578 27532 27532 27578 27532 27532 27578 27578 27532 27532 27532 27532 27532 27532 
27487 27487 27487 27487 27487 27487 27487 27487 27487 27487 27487 27487 27487 27487 27487 27487 
27397 27443 27443 27397 27397 27443 27397 27443 27443 27443 27397 27397 27397 27397 27397 27397 
27352 27352 27352 27352 27352 27352 27352 27352 27352 27352 27352 27352 27352 27352 27352 27352 
27262 27308 27308 27262 27262 27308 27262 27308 27262 27262 27262 27262 27262 27262 27262 
27217 27217 27217 27217 27217 27217 27217 27217 27217 27217 27217 27217 27217 27217 27217 
27127 27173 27173 27127 27127 27173 27127 27173 27127 27127 27127 27127 27127 27127 
27082 27082 27082 27082 27082 27082 27082 27082 27082 27082 27082 27082 27082 27082 
26992 27038 27038 26992 26992 27038 26992 27038 26992 26992 26992 26992 
26947 26947 26947 26947 26947 26947 26947 26947 26947 26947 26947 26947 
26857 26903 26903 26857 26857 26903 26857 26903 26857 26857 
26812 26812 26812 26812 26812 26812 26812 26812 26812 26812 26812 
26724 26768 26768 26722 26722 26768 26724 26768 26768 26768 26724 26722 26722 26722 
26677 26677 26677 26677 26677 26677 26677 26677 26677 26677 26677 26677 26677 26677 26677 
26587 26589 26633 26587 26587 26587 26633 26633 26587 26589 26587 26587 26587 26587 26587 
26542 26542 26542 26542 26542 26542 26542 26542 26542 26542 26542 26542 26542 26542 
26454 26454 26452 26452 26452 26452 26452 26452 26452 26498 26498 26498 26452 26452 26452 26452 26452 
26407 26407 26407 26407 26407 26407 26407 26407 26407 26407 26407 26407 26407 26407 26407 26407 26407 
26319 26319 26317 26317 26317 26317 26363 26363 26363 26363 26317 26317 26317 26317 26317 
26272 26272 26272 26272 26272 26272 26272 26272 26272 26272 26272 26272 26272 26272 26272 
26184 26184 26182 26182 26182 26182 26228 26228 26228 26228 26182 26182 26184 26182 26182 26182 26182 
26137 26137 26137 26137 26137 26137 26137 26137 26137 26137 26137 26137 26137 26137 26137 26137 26137 
26049 26049 26047 26047 26047 26047 26093 26093 26093 26093 26047 26049 26049 26049 26047 26047 26047 
26002 26002 26002 26002 26002 26002 26002 26002 26002 26002 26002 26002 26002 26002 26002 26002 26002 
25914 25914 25912 25912 25912 25912 25958 25958 25958 25958 25912 25914 25912 25912 25912 
25867 25867 25867 25867 25867 25867 25867 25867 25867 25867 25867 25867 25867 25867 25867 
25779 25779 25777 25777 25777 25777 25823 25823 25823 25823 25777 25779 25779 25777 25777 
25732 25732 25732 25732 25732 25732 25732 25732 25732 25732 25732 25732 25732 25732 25732 
25644 25644 25642 25642 25642 25642 25688 25688 25688 25688 25642 25644 25644 25642 
25597 25597 25597 25597 25597 25597 25597 25597 25597 25597 25597 25597 25597 25597 
25509 25509 25507 25507 25507 25507 25553 25553 25553 25553 25507 25509 25509 25507 
25462 25462 25462 25462 25462 25462 25462 25462 25462 25462 25462 25462 25462 25462 
25374 25374 25372 25372 25372 25372 25418 25418 25418 25418 25372 25374 25374 25372 
25327 25327 25327 25327 25327 25327 25327 25327 25327 25327 25327 25327 25327 25327 
25239 25239 25237 25237 25237 25237 25283 25283 25283 25283 25237 25239 25239 25237 
25192 25192 25192 25192 25192 25192 25192 25192 25192 25192 25192 25192 25192 25192 
25104 25104 25102 25102 25102 25102 25148 25148 25148 25148 25102 25104 25104 25102 
25057 25057 25057 25057 25057 25057 25057 25057 25057 25057 25057 25057 25057 25057 
24969 24969 24967 24967 24967 24967 25013 25013 25013 25013 24967 24969 24969 24967 
24922 24922 24922 24922 24922 24922 24922 24922 24922 24922 24922 24922 24922 24922 24922 
24834 24834 24832 24832 24832 24832 24878 24878 24878 24878 24832 24832 24834 24834 24834 24834 24832 
24826 24826 24826 24826 24826 
24814 24814 24814 24814 24814 24814 
24808 24808 24808 24808 24808 24808 
24802 24802 24802 24796 24796 24796 
24790 24790 24790 24790 24790 24790 
24784 24778 24778 24778 24778 24778 
24772 24772 24772 24772 24772 24772 
24766 24760 24766 24760 24760 24760 
24754 24754 24754 24754 24754 24754 
24748 24748 24748 24742 24742 24742 
24736 24736 24736 24736 24736 24736 
24730 24724 24724 24724 24724 24724 
24718 24718 24718 24718 24718 24718 
24706 24706 24712 24706 24706 24706 
24700 24700 24700 24700 24700 24700 
24694 24694 24694 24688 24688 24688 
24682 24682 24682 24682 24682 24682 
24676 24670 24676 24670 24670 24670 
24664 24664 24664 24664 24664 24664 
24652 24652 24652 24652 24652 24652 
24646 24646 24646 24646 24646 24646 
24640 24640 24640 24634 24634 24634 
24628 24628 24628 24628 24628 24628 
24616 24622 24616 24616 24616 24616 
24610 24610 24610 24610 24610 24610 
24604 24598 24604 24598 24598 24598 
24592 24592 24592 24592 24592 24592 
24580 24586 24580 24580 24580 24580 
24574 24574 24574 24574 24574 24574 
24562 24562 24562 24562 24562 24562 
24556 24556 24556 24556 24556 24556 
24544 24544 24544 24544 24544 24544 
24538 24538 24538 24538 24538 24538 
24526 24526 24526 24526 24526 24526 
24520 24520 24520 24520 24520 24520 
24508 24508 24508 24508 24508 24508 
24502 24502 24502 24502 24502 24502 
24490 24490 24490 24490 24490 24490 
24484 24484 24484 24484 24484 24484 
24472 24472 24472 24472 24472 24472 
24466 24466 24466 24466 24466 24466 
24454 24454 24454 24454 24454 24454 
24448 24448 24448 24448 24448 24448 
24436 24436 24436 24436 24436 24436 
24430 24430 24430 24430 24430 24430 
24418 24418 24418 24418 24418 24418 
24412 24412 24412 24412 24412 24412 
24400 24400 24400 24400 24400 24400 
24394 24394 24394 24394 24394 24394 
24382 24382 24382 24382 24382 24382 
24376 24376 24376 24376 24376 24376 
24364 24364 24364 24364 24364 24364 
24358 24358 24358 24358 24358 24358 
24346 24346 24346 24346 24346 24346 
24340 24340 24340 24340 24340 24340 
24328 24328 24328 24328 24328 24328 
24322 24322 24322 24322 24322 24322 
24310 24310 24310 24310 24310 24310 
24304 24304 24304 24304 24304 24304 
24292 24292 24292 24292 24292 24292 
24286 24286 24286 24286 24286 24286 
24274 24274 24274 24274 24274 24274 
24268 24268 24268 24268 24268 24268 
24256 24256 24256 24256 24256 24256 
24250 24250 24250 24250 24250 24250 
24238 24238 24238 24238 24238 24238 
24232 24232 24232 24232 24232 24232 
24220 24220 24220 24220 24220 24220 
24214 24214 24214 24214 24214 24214 
24202 24202 24202 24202 24202 24202 
24196 24196 24196 24196 24196 24196 
24184 24184 24184 24184 24184 24184 
24178 24178 24178 24178 24178 24178 
24166 24166 24166 24166 24166 24166 
24160 24160 24160 24160 24160 24160 
24148 24148 24148 24148 24148 24148 
24142 24142 24142 24142 24142 24142 
24130 24130 24130 24130 24130 24130 
24124 24124 24124 24124 24124 24124 
24112 24112 24112 24112 24112 24112 
24106 24106 24106 24106 24106 24106 
24094 24094 24094 24094 24094 24094 
24088 24088 24088 24088 24088 24088 
24076 24076 24076 24076 24076 24076 
24070 24070 24070 24070 24070 24070 
24058 24058 24058 24058 24058 24058 
24052 24052 24052 24052 24052 24052 
24040 24040 24040 24040 24040 24040 
24034 24034 24034 24034 24034 24034 
24022 24022 24022 24022 24022 24022 
24016 24016 24016 24016 24016 24016 
24004 24004 24004 24004 24004 24004 
23998 23998 23998 23998 23998 23998 
23986 23986 23986 23986 23986 23986 
23980 23980 23980 23980 23980 23980 
23968 23968 23968 23968 23968 23968 
23962 23962 23962 23962 23962 23962 
23950 23950 23950 23950 23950 23950 
23944 23944 23944 23944 23944 23944 
23932 23932 23932 23932 23932 23932 
23926 23926 23926 23926 23926 23926 
23914 23914 23914 23914 23914 23914 
23908 23908 23908 23908 23908 23908 
23896 23896 23896 23896 23896 23896 
23890 23890 23890 23890 23890 23890 
23878 23878 23878 23878 23878 23878 
23872 23872 23872 23872 23872 23872 
23860 23860 23860 23860 23860 23860 
23854 23854 23854 23854 23854 23854 
23842 23842 23842 23842 23842 23842 
23836 23836 23836 23836 23836 23836 
23824 23824 23824 23824 23824 23824 
23818 23818 23818 23818 23818 23818 
23806 23806 23806 23806 23806 23806 
23800 23800 23800 23800 23800 23800 
23788 23788 23788 23788 23788 23788 
23782 23782 23782 23782 23782 23782 
23770 23770 23770 23770 23770 23770 
23764 23764 23764 23764 23764 23764 
23752 23752 23752 23752 23752 23752 
23746 23746 23746 23746 23746 23746 
23734 23734 23734 23734 23734 23734 
23728 23728 23728 23728 23728 23728 
23716 23716 23716 23716 23716 23716 
23710 23710 23710 23710 23710 23710 
23698 23698 23698 23698 23698 23698 
23692 23692 23692 23692 23692 23692 
23680 23680 23680 23680 23680 23680 
23674 23674 23674 23674 23674 23674 
23662 23662 23662 23662 23662 23662 
23656 23656 23656 23656 23656 23656 
23644 23644 23644 23644 23644 23644 
23638 23638 23638 23638 23638 23638 
23626 23626 23626 23626 23626 23626 
23620 23620 23620 23620 23620 23620 
23608 23608 23608 23608 23608 23608 
23602 23602 23602 23602 23602 23602 
23590 23590 23590 23590 23590 23590 
23584 23584 23584 23584 23584 23584 
23572 23572 23572 23572 23572 23572 
23566 23566 23566 23566 23566 23566 
23554 23554 23554 23554 23554 23554 
23548 23548 23548 23548 23548 23548 
23536 23536 23536 23536 23536 23536 
23530 23530 23530 23530 23530 23530 
23518 23518 23518 23518 23518 23518 
23512 23512 23512 23512 23512 23512 
23500 23500 23500 23500 23500 23500 
23494 23494 23494 23494 23494 23494 
23482 23482 23482 23482 23482 23482 
23476 23476 23476 23476 23476 23476 
23464 23464 23464 23464 23464 23464 
23458 23458 23458 23458 23458 23458 
23446 23446 23446 23446 23446 23446 
23444 23444 
23442 23440 
23438 23438 
23436 23434 
23432 23432 
23430 23428 
23426 23426 
23422 23422 
23420 23420 
23416 23416 
23414 23414 
23410 23410 
23408 23408 
23404 23404 
23402 23402 
23398 23398 
23396 23396 
23392 23392 
23390 23390 
23386 23386 
23384 23384 
23380 23380 
23378 23378 
23374 23374 
23372 23372 
23368 23368 
23366 23366 
23362 23362 
23360 23360 
23356 23356 
23354 23354 
23350 23350 
23348 23348 
23344 23344 
23342 23342 
23338 23338 
23336 23336 
23332 23332 
23330 23330 
23326 23326 
23324 23324 
23320 23320 
23318 23318 
23314 23314 
23312 23312 
23308 23308 
23306 23306 
23302 23302 
23300 23300 
23296 23296 
23294 23294 
23290 23290 
23288 23288 
23284 23284 
23282 23282 
23278 23278 
23276 23276 
23272 23272 
23270 23270 
23266 23266 
23264 23264 
23260 23260 
23258 23258 
23254 23254 
23252 23252 
23248 23248 
23246 23246 
23242 23242 
23240 23240 
23236 23236 
23234 23234 
23230 23230 
23228 23228 
23224 23224 
23222 23222 
23218 23218 
23216 23216 
23212 23212 
23210 23210 
23206 23206 
23204 23204 
23200 23200 
23198 23198 
23194 23194 
23192 23192 
23188 23188 
23186 23186 
23182 23182 
23180 23180 
23176 23176 
23174 23174 
23170 23170 
23168 23168 
23164 23164 
23162 23162 
23158 23158 
23156 23156 
23152 23152 
23150 23150 
23146 23146 
23144 23144 
23140 23140 
23138 23138 
23134 23134 
23132 23132 
23128 23128 
23126 23126 
23122 23122 
23120 23120 
23116 23116 
23114 23114 
23110 23110 
23108 23108 
23104 23104 
23102 23102 
23098 23098 
23096 23096 
23092 23092 
23090 23090 
23086 23086 
23084 23084 
23080 23080 
23078 23078 
23074 23074 
23072 23072 
23068 23068 
23066 23066 
23062 23062 
23060 23060 
23056 23056 
23054 23054 
23050 23050 
23048 23048 
23044 23044 
23042 23042 
23038 23038 
23036 23036 
23032 23032 
23030 23030 
23026 23026 
23024 23024 
23020 23020 
23018 23018 
23014 23014 
23012 23012 
23008 23008 
23006 23006 
23002 23002 
23000 23000 
22996 22996 
22994 22994 
22990 22990 
22988 22988 
22984 22984 
22982 22982 
22978 22978 
22976 22976 
22972 22972 
22970 22970 
22966 22966 
22964 22964 
22960 22960 
22958 22958 
22954 22954 
22952 22952 
22948 22948 
22946 22946 
22942 22942 
22940 22940 
22936 22936 
22934 22934 
22930 22930 
22928 22928 
22924 22924 
22922 22922 
22918 22918 
22916 22916 
22912 22912 
22910 22910 
22906 22906 
22904 22904 
22900 22900 
22898 22898 
22894 22894 
22892 22892 
22888 22888 
22886 22886 
22882 22882 
22880 22880 
22876 22876 
22874 22874 
22870 22870 
22868 22868 
22864 22864 
22862 22862 
22858 22858 
22856 22856 
22852 22852 
22850 22850 
22846 22846 
22844 22844 
22840 22840 
22838 22838 
22834 22834 
22832 22832 
22828 22828 
22826 22826 
22822 22822 
22820 22820 
22816 22816 
22814 22814 
22810 22810 
22808 22808 
22804 22804 
22802 22802 
22798 22798 
22796 22796 
22792 22792 
22790 22790 
22786 22786 
22784 22784 
22780 22780 
22778 22778 
22774 22774 
22772 22772 
22768 22768 
22766 22766 
22762 22762 
22760 22760 
22756 22756 
22754 22754 
22750 22750 
22748 22748 
22744 22744 
22742 22742 
22738 22738 
22736 22736 
22732 22732 
22730 22730 
22726 22726 
22724 22724 
22720 22720 
22718 22718 
22714 22714 
22712 22712 
22708 22708 
22706 22706 
22702 22702 
22700 22700 
22696 22696 
22694 22694 
22690 22690 
22688 22688 
22684 22684 
22682 22682 
22678 22678 
22676 22676 
22672 22672 
22670 22670 
22666 22666 
22664 22664 
22660 22660 
22658 22658 
22654 22654 
22652 22652 
22648 22648 
22646 22646 
22642 22642 
22640 22640 
22636 22636 
22634 22634 
22630 22630 
22628 22628 
22624 22624 
22622 22622 
22618 22618 
22616 22616 
22612 22612 
22610 22610 
22606 22606 
22604 22604 
22600 22600 
22598 22598 
22594 22594 
22592 22592 
22588 22588 
22586 22586 
22582 22582 
22580 22580 
22576 22576 
22574 22574 
22570 22570 
22568 22568 
22564 22564 
22562 22562 
22558 22558 
22556 22556 
22552 22552 
22550 22550 
22546 22546 
22544 22544 
22540 22540 
22538 22538 
22534 22534 
22532 22532 
22528 22528 
22526 22526 
22522 22522 
22520 22520 
22516 22516 
22514 22514 
22510 22510 
22508 22508 
22504 22504 
22502 22502 
22498 22498 
22496 22496 
22492 22492 
22490 22490 
22486 22486 
22484 22484 
22480 22480 
22478 22478 
22474 22474 
22472 22472 
22468 22468 
22466 22466 
22462 22462 
22460 22460 
22456 22456 
22454 22454 
22450 22450 
22448 22448 
22444 22444 
22442 22442 
22438 22438 
22436 22436 
22432 22432 
22430 22430 
22426 22426 
22424 22424 
22420 22420 
22418 22418 
22414 22414 
22412 22412 
22408 22408 
22406 22406 
22402 22402 
22400 22400 
22396 22396 
22394 22394 
22390 22390 
22388 22388 
22384 22384 
22382 22382 
22378 22378 
22376 22376 
22372 22372 
22370 22370 
22366 22366 
22364 22364 
22360 22360 
22358 22358 
22354 22354 
22352 22352 
22348 22348 
22346 22346 
22342 22342 
22340 22340 
22336 22336 
22334 22334 
22330 22330 
22328 22328 
22324 22324 
22322 22322 
22318 22318 
22316 22316 
22312 22312 
22310 22310 
22306 22306 
22304 22304 
22300 22300 
22298 22298 
22294 22294 
22292 22292 
22288 22288 
22286 22286 
22282 22282 
22280 22280 
22276 22276 
22274 22274 
22270 22270 
22268 22268 
22264 22264 
22262 22262 
22258 22258 
22256 22256 
22252 22252 
22250 22250 
22246 22246 
22244 22244 
22240 22240 
22238 22238 
22234 22234 
22232 22232 
22228 22228 
22226 22226 
22222 22222 
22220 22220 
22216 22216 
22214 22214 
22210 22210 
22208 22208 
22204 22204 
22202 22202 
22198 22198 
22196 22196 
22192 22192 
22190 22190 
22186 22186 
22184 22184 
22180 22180 
22178 22178 
22174 22174 
22172 22172 
22168 22168 
22166 22166 
22162 22162 
22160 22160 
22156 22156 
22154 22154 
22150 22150 
22148 22148 
22144 22144 
22142 22142 
22138 22138 
22136 22136 
22132 22132 
22130 22130 
22126 22126 
22124 22124 
22120 22120 
22118 22118 
22114 22114 
22112 22112 
22108 22108 
22106 22106 
22102 22102 
22100 22100 
22096 22096 
22094 22094 
22090 22090 
22088 22088 
22084 22084 
22082 22082 
22078 22078 
22076 22076 
22072 22072 
22070 22070 
22066 22066 
22064 22064 
22060 22060 
22058 22058 
22054 22054 
22052 22052 
22048 22048 
22046 22046 
22042 22042 
22040 22040 
22036 22036 
22034 22034 
22030 22030 
22028 22028 
22024 22024 
22022 22022 
22018 22018 
22016 22016 
22012 22012 
22010 22010 
22006 22006 
22004 22004 
22000 22000 
21998 21998 
21994 21994 
21992 21992 
21988 21988 
21986 21986 
21982 21982 
21980 21980 
21976 21976 
21974 21974 
21970 21970 
21968 21968 
21964 21964 
21962 21962 
21958 21958 
21956 21956 
21952 21952 
21950 21950 
21946 21946 
21944 21944 
21940 21940 
21938 21938 
21934 21934 
21932 21932 
21928 21928 
21926 21926 
21922 21922 
21920 21920 
21916 21916 
21914 21914 
21910 21910 
21908 21908 
21904 21904 
21902 21902 
21898 21898 
21896 21896 
21892 21892 
21890 21890 
21886 21886 
21884 21884 
21880 21880 
21878 21878 
21874 21874 
21872 21872 
21868 21868 
21866 21866 
21862 21862 
21860 21860 
21856 21856 
21854 21854 
21850 21850 
21848 21848 
21844 21844 
21842 21842 
21838 21838 
21836 21836 
21832 21832 
21830 21830 
21826 21826 
21824 21824 
21820 21820 
21818 21818 
21814 21814 
21812 21812 
21808 21808 
21806 21806 
21802 21802 
21800 21800 
21796 21796 
21794 21794 
21790 21790 
21788 21788 
21784 21784 
21782 21782 
21778 21778 
21776 21776 
21772 21772 
21770 21770 
21766 21766 
21764 21764 
21760 21760 
21758 21758 
21754 21754 
21752 21752 
21748 21748 
21746 21746 
21742 21742 
21740 21740 
21736 21736 
21734 21734 
21730 21730 
21728 21728 
21724 21724 
21722 21722 
21718 21718 
21716 21716 
21714 21712 
21710 21710 
21706 21706 
21704 21704 
21702 21700 
21698 21698 
21694 21694 
21692 21692 
21688 21688 
21686 21686 
21682 21682 
21680 21680 
21676 21676 
21674 21674 
21670 21670 
21668 21668 
21664 21664 
21662 21662 
21658 21658 
21656 21656 
21652 21652 
21650 21650 
21646 21646 
21644 21644 
21640 21640 
21638 21638 
21634 21634 
21632 21632 
21628 21628 
21626 21626 
21622 21622 
21620 21620 
21616 21616 
21614 21614 
21610 21610 
21608 21608 
21604 21604 
21602 21602 
21598 21598 
21596 21596 
21592 21592 
21590 21590 
21586 21586 
21584 21584 
21580 21580 
21578 21578 
21574 21574 
21572 21572 
21568 21568 
21566 21566 
21562 21562 
21560 21560 
21556 21556 
21554 21554 
21550 21550 
21548 21548 
21544 21544 
21542 21542 
21538 21538 
21536 21536 
21532 21532 
21530 21530 
21526 21526 
21524 21524 
21520 21520 
21518 21518 
21514 21514 
21512 21512 
21508 21508 
21506 21506 
21502 21502 
21500 21500 
21496 21496 
21494 21494 
21490 21490 
21488 21488 
21484 21484 
21482 21482 
21478 21478 
21476 21476 
21472 21472 
21470 21470 
21466 21466 
21464 21464 
21460 21460 
21458 21458 
21454 21454 
21452 21452 
21448 21448 
21446 21446 
21442 21442 
21440 21440 
21436 21436 
21434 21434 
21430 21430 
21428 21428 
21424 21424 
21422 21422 
21418 21418 
21416 21416 
21412 21412 
21410 21410 
21406 21406 
21404 21404 
21400 21400 
21398 21398 
21394 21394 
21392 21392 
21388 21388 
21386 21386 
21382 21382 
21380 21380 
21376 21376 
21374 21374 
21370 21370 
21368 21368 
21364 21364 
21362 21362 
21358 21358 
21356 21356 
21352 21352 
21350 21350 
21346 21346 
21344 21344 
21340 21340 
21338 21338 
21334 21334 
21332 21332 
21328 21328 
21326 21326 
21322 21322 
21320 21320 
21316 21316 
21314 21314 
21310 21310 
21308 21308 
21304 21304 
21302 21302 
21298 21298 
21296 21296 
21292 21292 
21290 21290 
21286 21286 
21284 21284 
21280 21280 
21278 21278 
21274 21274 
21272 21272 
21268 21268 
21266 21266 
21262 21262 
21260 21260 
21256 21256 
21254 21254 
21250 21250 
21248 21248 
21244 21244 
21242 21242 
21238 21238 
21236 21236 
21232 21232 
21230 21230 
21226 21226 
21224 21224 
21220 21220 
21218 21218 
21214 21214 
21212 21212 
21208 21208 
21206 21206 
21202 21202 
21200 21200 
21196 21196 
21194 21194 
21190 21190 
21188 21188 
21184 21184 
21182 21182 
21178 21178 
21176 21176 
21172 21172 
21170 21170 
21166 21166 
21164 21164 
21160 21160 
21158 21158 
21154 21154 
21152 21152 
21148 21148 
21146 21146 
21142 21142 
21140 21140 
21136 21136 
21135 
21133 
21132 
21130 
21129 
21127 
21126 
21124 
21123 
21121 
21120 
21118 
21117 
21115 
21114 
21112 
21111 
21109 
21108 
21106 
21105 
21103 
21102 
21100 
21099 
21097 
21096 
21094 
21093 
21091 
21090 
21088 
21087 
21085 
21084 
21082 
21081 
21079 
21078 
21076 
21075 
21073 
21072 
21070 
21069 
21067 
21066 
21064 
21063 
21061 
21060 
21058 
21057 
21055 
21054 
21052 
21051 
21049 
21048 
21046 
21045 
21043 
21042 
21040 
21039 
21037 
21036 
21034 
21033 
21031 
21030 
21028 
21027 
21025 
21024 
21022 
21021 
21019 
21018 
21016 
21015 
21013 
21012 
21010 
21009 
21007 
21006 
21004 
21003 
21001 
21000 
20998 
20997 
20995 
20994 
20992 
20991 
20989 
20988 
20986 
20985 
20983 
20982 
20980 
20979 
20977 
20976 
20974 
20973 
20971 
20970 
20968 
20967 
20965 
20964 
20962 
20961 
20959 
20958 
20956 
20955 
20953 
20952 
20950 
20949 
20947 
20946 
20944 
20943 
20941 
20940 
20938 
20937 
20935 
20934 
20932 
20931 
20929 
20928 
20926 
20925 
20923 
20922 
20920 
20919 
20917 
20916 
20914 
20913 
20911 
20910 
20908 
20907 
20905 
20904 
20902 
20901 
20899 
20898 
20896 
20895 
20893 
20892 
20890 
20889 
20887 
20886 
20884 
20883 
20881 
20880 
20878 
20877 
20875 
20874 
20872 
20871 
20869 
20868 
20866 
20865 
20863 
20862 
20860 
20859 
20857 
20856 
20854 
20853 
20851 
20850 
20848 
20847 
20845 
20844 
20842 
20841 
20839 
20838 
20836 
20835 
20833 
20832 
20830 
20829 
20827 
20826 
20824 
20823 
20821 
20820 
20818 
20817 
20815 
20814 
20812 
20811 
20809 
20808 
20806 
20805 
20803 
20802 
20800 
20799 
20797 
20796 
20794 
20793 
20791 
20790 
20788 
20787 
20785 
20784 
20782 
20781 
20779 
20778 
20776 
20775 
20773 
20772 
20770 
20769 
20767 
20766 
20764 
20763 
20761 
20760 
20758 
20757 
20755 
20754 
20752 
20751 
20749 
20748 
20746 
20745 
20743 
20742 
20740 
20739 
20737 
20736 
20734 
20733 
20731 
20730 
20728 
20727 
20725 
20724 
20722 
20721 
20719 
20718 
20716 
20715 
20713 
20712 
20710 
20709 
20707 
20706 
20704 
20703 
20701 
20700 
20698 
20697 
20695 
20694 
20692 
20691 
20689 
20688 
20686 
20685 
20683 
20682 
20680 
20679 
20677 
20676 
20674 
20673 
20671 
20670 
20668 
20667 
20665 
20664 
20662 
20661 
20659 
20658 
20656 
20655 
20653 
20652 
20650 
20649 
20647 
20646 
20644 
20643 
20641 
20640 
20638 
20637 
20635 
20634 
20632 
20631 
20629 
20628 
20626 
20625 
20623 
20622 
20620 
20619 
20617 
20616 
20614 
20613 
20611 
20610 
20608 
20607 
20605 
20604 
20602 
20601 
20599 
20598 
20596 
20595 
20593 
20592 
20590 
20589 
20587 
20586 
20584 
20583 
20581 
20580 
20578 
20577 
20575 
20574 
20572 
20571 
20569 
20568 
20566 
20565 
20563 
20562 
20560 
20559 
20557 
20556 
20554 
20553 
20551 
20550 
20548 
20547 
20545 
20544 
20542 
20541 
20539 
20538 
20536 
20535 
20533 
20532 
20530 
20529 
20527 
20526 
20524 
20523 
20521 
20520 
20518 
20517 
20515 
20514 
20512 
20511 
20509 
20508 
20506 
20505 
20503 
20502 
20500 
20499 
20497 
20496 
20494 
20493 
20491 
20490 
20488 
20487 
20485 
20484 
20482 
20481 
20479 
20478 
20476 
20475 
20473 
20472 
20470 
20469 
20467 
20466 
20464 
20463 
20461 
20460 
20458 
20457 
20455 
20454 
20452 
20451 
20449 
20448 
20446 
20445 
20443 
20442 
20440 
20439 
20437 
20436 
20434 
20433 
20431 
20430 
20428 
20427 
20425 
20424 
20422 
20421 
20419 
20418 
20416 
20415 
20413 
20412 
20410 
20409 
20407 
20406 
20404 
20403 
20401 
20400 
20398 
20397 
20395 
20394 
20392 
20391 
20389 
20388 
20386 
20385 
20383 
20382 
20380 
20379 
20377 
20376 
20374 
20373 
20371 
20370 
20368 
20367 
20365 
20364 
20362 
20361 
20359 
20358 
20356 
20355 
20353 
20352 
20350 
20349 
20347 
20346 
20344 
20343 
20341 
20340 
20338 
20337 
20335 
20334 
20332 
20331 
20329 
20328 
20326 
20325 
20323 
20322 
20320 
20319 
20317 
20316 
20314 
20313 
20311 
20310 
20308 
20307 
20305 
20304 
20302 
20301 
20299 
20298 
20296 
20295 
20293 
20292 
20290 
20289 
20287 
20286 
20284 
20283 
20281 
20280 
20278 
20277 
20275 
20274 
20272 
20271 
20269 
20268 
20266 
20265 
20263 
20262 
20260 
20259 
20257 
20256 
20254 
20253 
20251 
20250 
20248 
20247 
20245 
20244 
20242 
20241 
20239 
20238 
20236 
20235 
20233 
20232 
20230 
20229 
20227 
20226 
20224 
20223 
20221 
20220 
20218 
20217 
20215 
20214 
20212 
20211 
20209 
20208 
20206 
20205 
20203 
20202 
20200 
20199 
20197 
20196 
20194 
20193 
20191 
20190 
20188 
20187 
20185 
20184 
20182 
20181 
20179 
20178 
20176 
20175 
20173 
20172 
20170 
20169 
20167 
20166 
20164 
20163 
20161 
20160 
20158 
20157 
20155 
20154 
20152 
20151 
20149 
20148 
20146 
20145 
20143 
20142 
20140 
20139 
20137 
20136 
20134 
20133 
20131 
20130 
20128 
20127 
20125 
20124 
20122 
20121 
20119 
20118 
20116 
20115 
20113 
20112 
20110 
20109 
20107 
20106 
20104 
20103 
20101 
20100 
20098 
20097 
20095 
20094 
20092 
20091 
20089 
20088 
20086 
20085 
20083 
20082 
20080 
20079 
20077 
20076 
20074 
20073 
20071 
20070 
20068 
20067 
20065 
20064 
20062 
20061 
20059 
20058 
20056 
20055 
20053 
20052 
20050 
20049 
20047 
20046 
20044 
20043 
20041 
20040 
20038 
20037 
20035 
20034 
20032 
20031 
20029 
20028 
20026 
20025 
20023 
20022 
20020 
20019 
20017 
20016 
20014 
20013 
20011 
20010 
20008 
20007 
20005 
20004 
20002 
20001 
19999 
19998 
19996 
19995 
19993 
19992 
19990 
19989 
19987 
19986 
19984 
19983 
19981 
19980 
19978 
19977 
19975 
19974 
19972 
19971 
19969 
19968 
19966 
19965 
19963 
19962 
19960 
19959 
19957 
19956 
19954 
19953 
19951 
19950 
19948 
19947 
19945 
19944 
19942 
19941 
19939 
19938 
19936 
19935 
19933 
19932 
19930 
19929 
19927 
19926 
19924 
19923 
19921 
19920 
19918 
19917 
19915 
19914 
19912 
19911 
19909 
19908 
19906 
19905 
19903 
19902 
19900 
19899 
19897 
19896 
19894 
19893 
19891 
19890 
19888 
19887 
19885 
19884 
19882 
19881 
19879 
19878 
19876 
19875 
19873 
19872 
19870 
19869 
19867 
19866 
19864 
19863 
19861 
19860 
19858 
19857 
19855 
19854 
19852 
19851 
19849 
19848 
19846 
19845 
19843 
19842 
19840 
19839 
19837 
19836 
19834 
19833 
19831 
19830 
19828 
19827 
19825 
19824 
19822 
19821 
19819 
19818 
19816 
19815 
19813 
19812 
19810 
19809 
19807 
19806 
19804 
19803 
19801 
19800 
19798 
19797 
19795 
19794 
19792 
19791 
19789 
19788 
19786 
19785 
19783 
19782 
19780 
19779 
19777 
19776 
19774 
19773 
19771 
19770 
19768 
19767 
19765 
19764 
19762 
19761 
19759 
19758 
19756 
19755 
19753 
19752 
19750 
19749 
19747 
19746 
19744 
19743 
19741 
19740 
19738 
19737 
19735 
19734 
19732 
19731 
19729 
19728 
19726 
19725 
19723 
19722 
19720 
19719 
19717 
19716 
19714 
19713 
19711 
19710 
19708 
19707 
19705 
19704 
19702 
19701 
19699 
19698 
19696 
19695 
19693 
19692 
19690 
19689 
19687 
19686 
19684 
19683 
19681 
19680 
19678 
19677 
19675 
19674 
19672 
19671 
19669 
19668 
19666 
19665 
19663 
19662 
19660 
19659 
19657 
19656 
19654 
19653 
19651 
19650 
19648 
19647 
19645 
19644 
19642 
19641 
19639 
19638 
19636 
19635 
19633 
19632 
19630 
19629 
19627 
19626 
19624 
19623 
19621 
19620 
19618 
19617 
19615 
19614 
19612 
19611 
19609 
19608 
19606 
19605 
19603 
19602 
19600 
19599 
19597 
19596 
19594 
19593 
19591 
19590 
19588 
19587 
19585 
19584 
19582 
19581 
19579 
19578 
19576 
19575 
19573 
19572 
19570 
19569 
19567 
19566 
19564 
19563 
19561 
19560 
19558 
19557 
19555 
19554 
19552 
19551 
19549 
19548 
19546 
19545 
19543 
19542 
19540 
19539 
19537 
19536 
19534 
19533 
19531 
19530 
19528 
19527 
19525 
19524 
19522 
19521 
19519 
19518 
19516 
19515 
19513 
19512 
19510 
19509 
19507 
19506 
19504 
19503 
19501 
19500 
19498 
19497 
19495 
19494 
19492 
19491 
19489 
19488 
19486 
19485 
19483 
19482 
19480 
19479 
19477 
19476 
19474 
19473 
19471 
19470 
19468 
19467 
19465 
19464 
19462 
19461 
19459 
19458 
19456 
19455 
19453 
19452 
19450 
19449 
19447 
19446 
19444 
19443 
19441 
19440 
19438 
19437 
19435 
19434 
19432 
19431 
19429 
19428 
19426 
19425 
19423 
19422 
19420 
19419 
19417 
19416 
19414 
19413 
19411 
19410 
19408 
19407 
19405 
19404 
19402 
19401 
19399 
19398 
19396 
19395 
19393 
19392 
19390 
19389 
19387 
19386 
19384 
19383 
19381 
19380 
19378 
19377 
19375 
19374 
19372 
19371 
19369 
19368 
19366 
19365 
19363 
19362 
19360 
19359 
19357 
19356 
19354 
19353 
19351 
19350 
19348 
19347 
19345 
19344 
19342 
19341 
19339 
19338 
19336 
19335 
19333 
19332 
19330 
19329 
19327 
19326 
19324 
19323 
19321 
19320 
19318 
19317 
19315 
19314 
19312 
19311 
19309 
19308 
19306 
19305 
19303 
19302 
19300 
19299 
19297 
19296 
19294 
19293 
19291 
19290 
19288 
19287 
19285 
19284 
19282 
19281 
19279 
19278 
19276 
19275 
19273 
19272 
19270 
19269 
19267 
19266 
19264 
19263 
19261 
19260 
19258 
19257 
19255 
19254 
19252 
19251 
19249 
19248 
19246 
19245 
19243 
19242 
19240 
19239 
19237 
19236 
19234 
19233 
19231 
19230 
19228 
19227 
19225 
19224 
19222 
19221 
19219 
19218 
19216 
19215 
19213 
19212 
19210 
19209 
19207 
19206 
19204 
19203 
19201 
19200 
19198 
19197 
19195 
19194 
19192 
19191 
19189 
19188 
19186 
19185 
19183 
19182 
19180 
19179 
19177 
19176 
19174 
19173 
19171 
19170 
19168 
19167 
19165 
19164 
19162 
19161 
19159 
19158 
19156 
19155 
19153 
19152 
19150 
19149 
19147 
19146 
19144 
19143 
19141 
19140 
19138 
19137 
19135 
19134 
19132 
19131 
19129 
19128 
19126 
19125 
19123 
19122 
19120 
19119 
19117 
19116 
19114 
19113 
19111 
19110 
19108 
19107 
19105 
19104 
19102 
19101 
19099 
19098 
19096 
19095 
19093 
19092 
19090 
19089 
19087 
19086 
19084 
19083 
19081 
19080 
19078 
19077 
19075 
19074 
19072 
19071 
19069 
19068 
19066 
19065 
19063 
19062 
19060 
19059 
19057 
19056 
19054 
19053 
19051 
19050 
19048 
19047 
19045 
19044 
19042 
19041 
19039 
19038 
19036 
19035 
19033 
19032 
19030 
19029 
19027 
19026 
19024 
19023 
19021 
19020 
19018 
19017 
19015 
19014 
19012 
19011 
19009 
19008 
19006 
19005 
19003 
19002 
19000 
18999 
18997 
18996 
18994 
18993 
18991 
18990 
18988 
18987 
18985 
18984 
18982 
18981 
18979 
18978 
18976 
18975 
18973 
18972 
18970 
18969 
18967 
18966 
18964 
18963 
18961 
18960 
18958 
18957 
18955 
18954 
18952 
18951 
18949 
18948 
18946 
18945 
18943 
18942 
18940 
18939 
18937 
18936 
18934 
18933 
18931 
18930 
18928 
18927 
18925 
18924 
18922 
18921 
18919 
18918 
18916 
18915 
18913 
18912 
18910 
18909 
18907 
18906 
18904 
18903 
18901 
18900 
18898 
18897 
18895 
18894 
18892 
18891 
18889 
18888 
18886 
18885 
18883 
18882 
18880 
18879 
18877 
18876 
18874 
18873 
18871 
18870 
18868 
18867 
18865 
18864 
18862 
18861 
18859 
18858 
18856 
18855 
18853 
18852 
18850 
18849 
18847 
18846 
18844 
18843 
18841 
18840 
18838 
18837 
18835 
18834 
18832 
18831 
18829 
18828 
18826 
18825 
18823 
18822 
18820 
18819 
18817 
18816 
18814 
18813 
18811 
18810 
18808 
18807 
18805 
18804 
18802 
18801 
18799 
18798 
18796 
18795 
18793 
18792 
18790 
18789 
18787 
18786 
18784 
18783 
18781 
18780 
18778 
18777 
18775 
18774 
18772 
18771 
18769 
18768 
18766 
18765 
18763 
18762 
18760 
18759 
18757 
18756 
18754 
18753 
18751 
18750 
18748 
18747 
18745 
18744 
18742 
18741 
18739 
18738 
18736 
18735 
18733 
18732 
18730 
18729 
18727 
18726 
18724 
18723 
18721 
18720 
18718 
18717 
18715 
18714 
18712 
18711 
18709 
18708 
18706 
18705 
18703 
18702 
18700 
18699 
18697 
18696 
18694 
18693 
18691 
18690 
18688 
18687 
18685 
18684 
18682 
18681 
18679 
18678 
18676 
18675 
18673 
18672 
18670 
18669 
18667 
18666 
18664 
18663 
18661 
18660 
18658 
18657 
18655 
18654 
18652 
18651 
18649 
18648 
18646 
18645 
18643 
18642 
18640 
18639 
18637 
18636 
18634 
18633 
18631 
18630 
18628 
18627 
18625 
18624 
18622 
18621 
18619 
18618 
18616 
18615 
18613 
18612 
18610 
18609 
18607 
18606 
18604 
18603 
18601 
18600 
18598 
18597 
18595 
18594 
18592 
18591 
18589 
18588 
18586 
18585 
18583 
18582 
18580 
18579 
18577 
18576 
18574 
18573 
18571 
18570 
18568 
18567 
18565 
18564 
18562 
18561 
18559 
18558 
18556 
18555 
18553 
18552 
18550 
18549 
18547 
18546 
18544 
18543 
18541 
18540 
18538 
18537 
18535 
18534 
18532 
18531 
18529 
18528 
18526 
18525 
18523 
18522 
18520 
18519 
18517 
18516 
18514 
18513 
18511 
18510 
18508 
18507 
18505 
18504 
18502 
18501 
18499 
18498 
18496 
18495 
18493 
18492 
18490 
18489 
18487 
18486 
18484 
18483 
18481 
18480 
18478 
18477 
18475 
18474 
18472 
18471 
18469 
18468 
18466 
18465 
18463 
18462 
18460 
18459 
18457 
18456 
18454 
18453 
18451 
18450 
18448 
18447 
18445 
18444 
18442 
18441 
18439 
18438 
18436 
18435 
18433 
18432 
18430 
18429 
18427 
18426 
18424 
18423 
18421 
18420 
18418 
18417 
18415 
18414 
18412 
18411 
18409 
18408 
18406 
18405 
18403 
18402 
18400 
18399 
18397 
18396 
18394 
18393 
18391 
18390 
18388 
18387 
18385 
18384 
18382 
18381 
18379 
18378 
18376 
18375 
18373 
18372 
18370 
18369 
18367 
18366 
18364 
18363 
18361 
18360 
18358 
18357 
18355 
18354 
18352 
18351 
18349 
18348 
18346 
18345 
18343 
18342 
18340 
18339 
18337 
18336 
18334 
18333 
18331 
18330 
18328 
18327 
18325 
18324 
18322 
18321 
18319 
18318 
18316 
18315 
18313 
18312 
18310 
18309 
18307 
18306 
18304 
18303 
18301 
18300 
18298 
18297 
18295 
18294 
18292 
18291 
18289 
18288 
18286 
18285 
18283 
18282 
18280 
18279 
18277 
18276 
18274 
18273 
18271 
18270 
18268 
18267 
18265 
18264 
18262 
18261 
18259 
18258 
18256 
18255 
18253 
18252 
18250 
18249 
18247 
18246 
18244 
18243 
18241 
18240 
18238 
18237 
18235 
18234 
18232 
18231 
18229 
18228 
18226 
18225 
18223 
18222 
18220 
18219 
18217 
18216 
18214 
18213 
18211 
18210 
18208 
18207 
18205 
18204 
18202 
18201 
18199 
18198 
18196 
18195 
18193 
18192 
18190 
18189 
18187 
18186 
18184 
18183 
18181 
18180 
18178 
18177 
18175 
18174 
18172 
18171 
18169 
18168 
18166 
18165 
18163 
18162 
18160 
18159 
18157 
18156 
18154 
18153 
18151 
18150 
18148 
18147 
18145 
18144 
18142 
18141 
18139 
18138 
18136 
18135 
18133 
18132 
18130 
18129 
18127 
18126 
18124 
18123 
18121 
18120 
18118 
18117 
18115 
18114 
18112 
18111 
18109 
18108 
18106 
18105 
18103 
18102 
18100 
18099 
18097 
18096 
18094 
18093 
18091 
18090 
18088 
18087 
18085 
18084 
18082 
18081 
18079 
18078 
18076 
18075 
18073 
18072 
18070 
18069 
18067 
18066 
18064 
18063 
18061 
18060 
18058 
18057 
18055 
18054 
18052 
18051 
18049 
18048 
18046 
18045 
18043 
18042 
18040 
18039 
18037 
18036 
18034 
18033 
18031 
18030 
18028 
18027 
18025 
18024 
18022 
18021 
18019 
18018 
18016 
18015 
18013 
18012 
18010 
18009 
18007 
18006 
18004 
18003 
18001 
18000 
17998 
17997 
17995 
17994 
17992 
17991 
17989 
17988 
17986 
17985 
17983 
17982 
17980 
17979 
17977 
17976 
17974 
17973 
17971 
17970 
17968 
17967 
17965 
17964 
17962 
17961 
17959 
17958 
17956 
17955 
17953 
17952 
17950 
17949 
17947 
17946 
17944 
17943 
17941 
17940 
17938 
17937 
17935 
17934 
17932 
17931 
17929 
17928 
17926 
17925 
17923 
17922 
17920 
17919 
17917 
17916 
17914 
17913 
17911 
17910 
17908 
17907 
17905 
17904 
17902 
17901 
17899 
17898 
17896 
17895 
17893 
17893
