36565
30790 30790 30790 30790 30790 30790 30790 30790 30790 30790 30790 30790 30790 30790 30790 30790 30790 30790 30790 30790 30790 30790 30790 30790 30790 30790 30790 30790 30790 30790 30790 30790 30790 30790 30790 30790 30790 30790 30790 30790 30790 30790 30790 30790 30790 30790 30790 30790 30790 30790 30783 30783 30783 30783 30783 30783 30783 30783 30783 30783 30783 30783 30783 30783 30783 30783 30783 30783 30783 30783 30783 30783 30783 30783 30783 30783 30783 30783 30783 30783 30783 30783 30783 30783 30783 30783 30783 30783 30783 30783 30783 30783 31255 31255 31255 31255 31255 31255 30481 30481 31255 31255 31255 31255 31255 30697 30697 31255 31255 31255 31255 31255 29131 29131 29131 29131 29131 29131 29131 29131 29131 29131 29131 29131 29131 29131 29131 29131 29131 29131 29131 29131 29131 29131 29131 29131 29131 29131 29878 29878 29131 29131 29131 29131 29131 29131 29131 29131 29131 29131 33033 32833 32833 32833 32833 32833 32833 32833 32833 32573 31813 31813 31813 31501 31501 31501 31501 31501 31501 31501 31501 31501 31501 31501 33743 33743 33743 33743 33613 33235 33235 33339 33339 33339 33235 
29063 25803 25803 26855 29063 25803 29063 29027 25803 28991 28991 28711 28711 28711 28711 28711 25803 25803 25803 25803 25803 25803 25803 25803 25803 25803 25803 25803 25803 25803 25803 27951 27951 27951 27951 27827 27951 27951 27951 27951 27647 27647 27647 27647 27647 27647 27647 27647 27647 27827 27827 27827 27367 27367 27647 27367 27367 27827 27827 27827 26179 27367 27367 27367 27367 27951 27951 27951 26755 26755 26307 26307 26307 27779 27779 27015 27015 27367 27367 27367 27267 27235 27235 27267 27267 27267 27267 27267 27267 27267 27267 27267 26755 26755 26755 27015 27015 27015 27235 27235 27235 26179 26179 26179 26179 26179 27135 27135 27135 26755 26755 27135 27235 27015 27015 27015 27015 26771 26771 26307 26307 26307 26307 26307 26159 26159 26159 25907 25907 25719 25719 25719 25719 25719 25803 25803 25803 25907 25907 26307 25907 25907 25907 25907 25907 25907 26179 25907 25719 25719 26179 25803 25803 25803 25907 25907 25719 25803 25803 25907 25907 25907 25907 25907 25803 25803 25719 25719 25719 25719 25719 25719 25719 25719 25719 25719 25719 27265 27265 27265 27265 27265 27265 27235 27135 27135 27135 26179 26179 26179 26179 26755 26755 26755 26755 26179 26179 26179 26179 26179 26179 26179 26179 25801 25801 25905 25905 25905 25801 
25680 23580 23646 25674 25680 25674 23580 25617 25617 23580 23580 25641 25617 25617 25539 23580 23580 23580 23823 23580 23580 23580 23580 23580 23580 23580 23580 23580 23580 23580 23580 23580 23580 23580 23823 23823 23823 23823 23823 23823 23823 23823 23823 23823 23580 23580 23580 23580 23580 23580 24963 24963 24963 24963 24882 24882 24882 23823 24852 24852 24852 24852 24852 24852 24852 24852 24852 23646 23646 23646 24882 24882 24882 24882 24882 24882 24882 23646 23646 23646 23646 23646 23646 23646 23646 23646 23646 23646 23580 23580 24765 24765 23646 23646 23646 24357 24357 24357 24357 24192 24192 24192 24192 24192 24192 24192 24192 24192 24192 24192 24192 24192 23904 23904 23904 23904 23904 23904 23580 23580 23580 23580 23580 23580 23580 23580 23580 23580 23580 23580 23580 23580 23580 23580 23580 23580 24438 24357 24357 24357 23823 23823 23580 23904 23904 23904 23904 24192 24192 24192 24192 24192 24192 24192 24192 23580 23580 23580 23580 23580 23580 23580 23580 23580 23580 23580 23646 23646 23904 23823 23823 23823 23580 23580 23646 23646 23646 23646 23646 23646 23580 23580 23580 
23552 23552 23541 23541 21765 23478 23478 23478 23478 23478 23478 23478 23478 22299 22299 22218 21684 21507 21507 21684 21507 22218 22218 21684 21684 21684 21684 21684 21684 21684 21684 22218 22218 22218 22218 21684 21684 21684 21684 21507 21507 21507 21507 21507 21507 21684 21684 21507 21684 21684 21507 21507 21507 21507 21507 21507 22824 22824 22824 22824 22824 22743 22743 22824 22743 22743 22743 22743 22743 22743 22743 22743 22743 22743 22743 22743 22743 21765 21765 21765 21765 21765 21765 21765 22299 22299 22824 22824 22824 22824 21684 22743 22743 22743 22743 21765 21765 22713 22713 22713 22713 22713 22218 22218 22626 22218 22626 22626 22626 22626 22053 22053 22053 22053 22053 22053 22362 22362 22362 22299 22299 22299 22299 22299 22299 22362 22299 22299 22299 22299 22299 21507 21765 21765 22362 22299 22299 22299 22299 22299 22299 22299 22299 22299 22218 21684 21684 21684 21684 21684 21507 21507 22053 22053 22053 22053 22053 22053 21765 21765 22053 22053 22053 22053 22053 21684 21684 21684 21684 21507 21507 21507 21507 21507 21507 21684 21765 21507 21507 21507 21684 21684 21684 21507 21507 21507 21507 21507 21507 21507 21507 21507 
21493 21479 20145 19980 19980 19692 19611 20145 19611 21429 20145 19611 21405 21405 21444 21405 19692 20145 19611 21405 21405 19692 19611 19611 19611 19611 19611 19611 19611 19611 19611 19611 19611 19611 19611 19980 19980 19980 19611 19611 19611 19611 19611 19611 19611 19611 19611 19611 19692 19692 19692 19692 19692 20145 19611 19611 19611 19611 19611 19611 19611 19611 19611 19611 19611 19611 19611 19611 19611 19611 19611 19980 19611 19611 20553 20553 20670 20670 20670 19611 19611 19611 19611 19611 19611 19611 19611 19611 19611 19611 19611 19611 19611 19611 19611 19611 20751 20751 20751 20751 20751 20289 20289 20289 20289 20553 20670 20670 20670 20670 19611 19611 19611 19611 19611 19611 19611 19611 19611 20553 20553 19692 19692 19692 19692 20289 20289 20289 20289 20289 20289 20289 19611 19611 19611 19611 19611 20226 20289 20289 20289 20289 20289 19980 19980 19980 19980 19980 19980 19980 19692 19692 19692 19692 19692 19980 19980 20226 20226 19611 19611 19611 19611 19611 19692 19692 19692 19692 19692 19692 19692 19692 19692 19692 19692 19980 19980 19980 19980 19692 19611 19611 19611 19611 19611 19611 19611 19611 19611 19611 19611 19692 19692 19692 19692 19692 19692 19692 19692 19692 19692 19692 19692 19692 19692 19692 19692 19692 19692 19692 19611 19611 19611 
19569 19583 19569 17796 19509 18249 18084 19548 17796 19572 17796 19509 19545 17796 17796 19509 19509 19509 19509 17796 19509 18249 18084 19431 19431 17796 17796 17796 17796 17796 19431 19431 19431 17796 17796 17796 17796 17796 17796 17796 17796 17796 17796 17796 17796 17796 18330 18330 18330 18330 18330 18330 17796 17796 17796 17796 17796 17796 18084 18084 18084 17796 17796 17796 17796 18084 17796 17796 17796 17796 17796 17796 17796 17796 17796 18774 18774 18855 18855 18855 18855 17796 17796 17796 17796 17796 17796 17796 17796 17796 18393 18855 18855 18855 18855 18855 18855 18855 18855 18393 18393 18855 18855 18393 18393 18393 18393 18330 18084 18774 18774 18774 18774 18249 18249 18744 18744 18744 18744 18744 18744 18330 18330 18249 18249 18084 18393 18393 18249 17796 17796 17796 17796 17796 17796 17796 17796 17796 17796 17796 17796 17796 17796 18393 18393 18393 18393 18393 18393 18393 18393 18393 18393 18393 18393 18393 18393 18393 18393 18393 18393 17796 17796 17796 17796 18084 18084 18084 18084 18084 18084 18084 18084 18084 18084 18084 18084 18084 18084 17796 17796 18084 18084 18084 18084 18084 18084 18084 18084 18084 18084 18084 18084 18084 18084 18084 17796 17796 17796 17796 17796 17796 17796 17796 17796 17796 17796 17796 17796 17796 17796 17796 17796 17796 17796 17796 
17754 17754 17754 16434 16434 16515 16269 16515 16269 16269 16515 17751 17730 16515 16515 17694 17694 16434 16269 16434 16269 16578 16578 16269 16269 16269 16269 17616 17616 17616 17616 16269 16269 17616 16269 16269 16269 16269 16515 16269 16269 16269 16434 16434 16434 16434 16434 16269 16269 16269 16269 16269 16269 16515 16515 16515 16515 16515 16515 16515 16515 16434 16269 16269 16269 16269 16269 16269 16269 16269 16269 16269 16434 16434 16434 16269 16269 17040 16578 16578 16269 16269 17040 17040 16269 16269 16578 16578 16578 16578 16578 16578 16578 16269 16269 16269 16269 16269 16269 16269 16269 16269 16269 16269 16434 16929 16929 16515 16515 16515 16515 16269 16269 16269 16269 16269 16269 16269 16269 16842 16842 16842 16842 16842 16515 16434 16434 16434 16434 16578 16434 16434 16842 16842 16434 16434 16269 16269 16269 16434 16434 16434 16434 16434 16434 16434 16434 16434 16434 16269 16269 16578 16578 16578 16578 16434 16434 16434 16434 16434 16269 16269 16269 16269 16269 16269 16515 16515 16515 16515 16515 16515 16515 16515 16269 16434 16434 16434 16434 16434 16434 16434 16434 16434 16269 16269 16269 16269 16269 16269 16269 16269 16269 16269 16269 16269 16269 16269 16269 16269 16269 
16255 16227 16227 14907 15513 16167 15051 14907 14907 15051 16203 14907 15051 14907 14907 14907 14907 16167 16191 15051 16167 14907 14907 14907 14907 14907 14907 14907 14907 14907 16089 16089 16089 16089 16089 16089 16089 14907 14907 14907 14907 14988 15513 15513 15513 14907 14907 14907 14907 14907 14907 15051 15051 15051 15051 15051 15051 15051 14907 14907 14907 14907 14907 14907 15402 14907 14907 14907 14907 14907 14907 14907 14907 14907 14907 14907 14907 14988 15402 15402 15402 14907 14907 14907 14907 14907 15513 15432 14988 14988 15402 15402 15402 15402 15402 15051 15051 15051 15051 15051 15402 15402 15402 15402 15402 15402 15402 15402 14907 14907 15513 15513 15402 15402 15402 15402 15513 15432 15432 14907 14907 14907 14907 15432 15432 15432 15432 15402 15402 15402 15402 15402 15402 15315 15315 15315 15315 15315 15315 15315 14907 14907 14988 14988 14988 15051 15051 15051 15051 15051 15051 15051 15051 15051 15051 14988 14988 15051 15051 15051 15051 14907 14907 14907 14907 15051 15051 15051 15051 15051 15051 15051 15051 15051 15051 15051 14988 14988 14988 14988 14988 14988 14988 14907 14907 14907 14907 14907 14907 14907 14907 14907 14907 14907 
14893 14865 14865 13626 13626 13626 14868 13626 13626 13689 13626 13626 13689 13626 13626 13626 13626 13953 14805 14817 14805 14805 13689 14727 14727 13626 14151 14151 14151 14151 14151 14151 14151 14151 14151 14151 14151 14151 14151 13626 13626 13626 13626 13626 13626 13626 13626 14070 14070 14070 14070 14070 14070 13689 13689 13689 13689 13689 13689 13689 13626 13626 13626 13626 13626 13626 13626 13626 13626 13626 13626 13626 13626 13626 13626 13626 13626 13626 13626 13626 13626 13953 13953 13689 13689 13689 13626 13689 13689 13626 13626 13953 13953 13689 13689 13689 13689 13689 13689 13689 13689 13689 13689 13626 13626 13626 13626 13626 13626 13626 13626 13626 13626 13626 13626 13626 13626 13626 14040 14040 14040 14040 13626 13953 13953 13953 13953 13953 13953 14070 14070 14070 14070 14040 14040 14040 14040 14040 13953 13953 13953 13953 13953 13953 13689 13689 13689 13689 13689 13689 13689 13689 13689 13689 13689 13689 13689 13689 13689 13689 13689 13689 13689 13689 13689 13689 13689 13626 13626 13626 13626 13626 13626 13626 13626 13626 13626 13626 13626 13689 13689 13626 13626 13626 13626 13626 13626 13626 13626 
13612 13584 13584 12672 12759 13581 12672 12408 12672 12759 12408 13581 12759 12408 12408 12408 13548 13524 12672 12759 13524 13524 12672 12672 12672 12672 12672 12408 12408 12408 12408 12408 12408 12408 12408 12408 12408 12408 12408 12408 12408 12408 12672 12672 12672 12672 12672 12672 12408 12408 12408 12408 12408 12408 12408 12408 12408 12408 12408 12408 12408 12408 12408 12408 12408 12408 12408 12408 12408 12408 12408 12408 12789 12789 12789 12672 12672 12672 12672 12672 12672 12672 12672 12672 12672 12672 12759 12408 12408 12408 12408 12408 12408 12408 12408 12408 12408 12672 12672 12408 12408 12408 12408 12408 12408 12408 12408 12408 12408 12408 12408 12408 12759 12759 12759 12759 12759 12408 12408 12408 12870 12870 12759 12759 12759 12759 12759 12672 12672 12672 12672 12672 12672 12672 12672 12672 12672 12672 12672 12759 12408 12672 12672 12672 12672 12672 12672 12672 12408 12408 12408 12408 12408 12408 12408 12408 12408 12408 12408 12408 12408 12408 12408 12408 12408 12408 12408 12408 12408 12408 12408 12408 12408 12408 12408 12408 12408 12408 12408 12408 12408 13213 
12394 12366 12366 11571 11571 11571 11571 12363 11541 11652 11454 11541 11652 11454 11454 11454 11454 11454 12306 11652 11541 11541 11652 11652 11652 11652 11652 11652 11652 11652 11652 11652 11652 11652 11652 11652 11652 11652 11652 11652 11652 11652 11652 11652 11652 11652 11652 11652 11652 11652 11652 11652 11571 11571 11571 11571 11571 11571 11454 11454 11454 11454 11454 11454 11454 11454 11454 11454 11454 11454 11571 11571 11541 11652 11652 11652 11652 11454 11454 11454 11454 11454 11454 11454 11454 11454 11454 11454 11541 11541 11454 11454 11454 11454 11454 11454 11541 11541 11454 11454 11454 11454 11454 11652 11652 11571 11571 11571 11571 11571 11652 11652 11652 11652 11652 11571 11571 11652 11652 11652 11652 11652 11652 11571 11571 11571 11571 11571 11571 11571 11571 11571 11571 11571 11571 11571 11571 11571 11571 11571 11571 11571 11571 11541 11541 11541 11454 11454 11454 11454 11454 11454 11454 11454 11454 11454 11995 11995 11995 11995 11995 11995 11995 11995 11995 11995 11995 11995 11995 11995 11995 11995 11995 11995 11995 11995 11995 11995 11995 11995 11995 11995 11995 11995 11995 11995 11995 11995 11995 11995 
11426 11412 11412 10617 11352 10587 10587 10698 10587 10617 10698 10587 10617 10698 11352 10587 11352 11352 10587 11352 10587 10587 10617 10617 10587 11274 10698 10698 10698 10698 10698 10587 10587 10587 10587 10587 10587 10587 10587 10587 10587 11274 10587 10587 10587 10587 10587 10617 10617 10617 10617 10617 10617 10617 10698 10698 10698 10617 10617 10617 10617 10617 10698 10698 10698 10698 10698 10698 10698 10698 10698 10587 10587 10587 10587 10617 10617 10617 10587 10698 10698 10698 10698 10617 10617 10617 10587 10587 10587 10587 10587 10587 10587 10587 10587 10587 10587 10587 10587 10617 10617 10587 10587 10587 10587 10617 10698 10698 10698 10698 10698 10698 10698 10698 10698 10698 10698 10698 10698 10698 10698 10698 10698 10698 10698 10698 10698 10698 10698 10698 10698 10698 10698 10698 10698 10698 10698 10698 10617 10617 10587 10587 10587 10587 10587 10587 10587 10587 10587 10587 10587 10587 11041 11041 11041 11041 11041 11041 11041 11041 11041 11041 11041 11041 11041 11041 11041 11041 11041 11041 11041 11041 11041 11041 11041 11041 11041 11041 11041 11041 11041 11041 11041 11041 11041 11041 11041 11041 11041 11041 11041 11041 11041 
10559 10559 10545 10485 9750 9831 9831 9831 10548 9942 9831 9750 9942 9831 9750 9750 9750 9750 9750 9750 9831 10485 9750 9750 10407 10482 9831 9831 9831 9831 9831 9831 9831 9831 9831 9831 9831 9831 9831 9831 9831 9831 9831 9831 9831 9831 9831 9831 9831 9831 9831 9831 9831 9831 9831 9831 9831 9831 9831 9750 9750 9750 9750 9831 9831 9831 9831 9831 9831 9831 9831 9831 9750 9750 9750 9750 9750 9750 9750 9750 9831 9831 9831 9831 9831 9750 9750 9750 9831 9831 9831 9831 9831 9831 9831 9831 9831 9750 9750 9750 9750 9750 9750 9750 9831 9750 9750 9831 9831 9831 9831 9831 9831 9831 9831 9831 9831 9831 9831 9831 9831 9831 9831 9831 9831 9831 9831 9831 9831 9831 9831 9831 9831 9831 9831 9831 9831 9831 9831 9831 9831 9750 9750 9750 9750 9750 9750 9750 9750 9750 10174 10174 10174 10174 10174 10174 10174 10174 10174 10174 10174 10174 10174 10174 10174 10174 10174 10174 10174 10174 10174 10174 10174 10174 10174 10174 10174 10174 10174 10174 10174 10174 10174 10174 10174 10174 10174 10174 10174 10174 10174 10174 10174 10174 10174 
9722 9722 9708 9294 9294 9294 9294 9294 9294 9294 9522 9294 9294 9294 9294 9294 9294 9522 9522 9648 9294 9294 9294 9294 9294 9294 9294 9294 9294 9294 9294 9294 9294 9294 9294 9294 9294 9294 9294 9294 9294 9294 9570 9294 9294 9294 9294 9294 9294 9294 9294 9294 9522 9522 9294 9294 9294 9294 9294 9294 9294 9294 9294 9294 9294 9294 9294 9294 9294 9294 9294 9294 9294 9294 9294 9294 9294 9294 9294 9294 9294 9294 9294 9294 9294 9294 9294 9294 9294 9294 9294 9294 9294 9294 9294 9294 9294 9294 9294 9294 9294 9294 9294 9294 
9266 9252 9252 8594 8594 8594 8594 8594 8594 8594 8594 8594 8594 8594 8594 8594 8594 8594 8594 8594 8594 8594 8594 8594 8594 8594 8594 8594 8594 8594 8594 8594 8594 8594 8594 8594 8594 8594 8594 8594 8594 8594 8594 8594 8594 8594 
8552 8566 8552 8336 8336 8492 8336 8492 8492 8555 8492 8492 8492 8492 8492 8492 8492 8492 8492 8528 8492 8492 8492 8492 8492 8492 8492 8492 8336 8336 8336 8336 8336 8414 8414 8414 8414 8414 8414 8414 8414 8414 8414 8414 8414 8414 8336 8336 8336 8336 8336 8336 8336 8336 8336 8336 8336 8336 8336 8336 8336 8336 8336 8336 8336 8336 8336 8336 8336 8336 8336 8336 8336 8336 8503 8503 8503 8503 8444 8444 8444 8444 8444 8444 8489 8489 8489 8444 8444 8444 8444 8444 8444 8444 8444 8444 8444 8444 8444 8444 8444 8444 8444 8444 8444 8444 8444 
8294 8308 8294 8291 8291 8297 8297 8234 8297 8291 8297 8291 8291 8234 8234 8234 8234 8234 8234 8270 8270 8258 8258 8234 8234 8234 8234 8234 8234 8234 8234 8234 8234 8231 8272 8272 8272 8272 8276 8272 8276 8276 8276 8272 8272 8272 8272 8272 8276 8276 8276 8276 8276 8276 8276 8272 8272 8272 8272 
8217 8077 8189 8077 8077 8077 8077 8077 8077 8077 8077 8044 8044 8044 8044 8044 8044 8156 8156 8156 8156 8156 8156 8202 8202 8202 8202 
8030 8002 8002 7944 7980 7984 7984 7984 7944 7980 7984 7984 7984 7980 7984 7980 7944 7944 7944 7944 7944 7944 7944 7944 7984 7984 7984 7978 7984 7978 7978 7978 7954 7954 7954 7954 7954 7954 7954 7954 7954 7954 7954 7954 
7916 7902 7902 7932 7929 7936 7936 7936 
7874 7874 7860 7890 7887 7896 7894 7894 
7832 7832 7851 7848 7845 7854 7852 7852 
7818 7804 7823 7820 7817 7826 7824 7824 
7776 7776 7795 7789 7789 7798 7796 7796 
7762 7748 7767 7764 7761 7770 7768 7768 
7734 7720 7739 7736 7733 7742 7740 7740 
7706 7714 7711 7708 7705 7714 7712 7712 
7691 7677 7672 
7658 7666 7668 7668 
7644 7652 7654 7654 
7630 7638 7640 7640 
7616 7624 7627 7626 
7612 7610 7612 7612 
7596 7562 7562 7562 
7520 7520 7520 
7517 7518 7517 
7489 7489 7445 7445 7445 7445 
7375 7375 7375 7375 7375 
7374 7372 7372 
7358 7300 7300 7300 7300 7300 
7244 7244 7244 7244 
7243 7241 7241 
7213 7213 7169 7169 7169 7169 
7099 7099 7099 7099 7099 
7098 7096 7096 
7082 7024 7024 7024 7024 7024 
6968 6968 6968 6968 
6967 6965 6965 
6951 6893 6893 6893 6893 6893 
6837 6837 6837 6837 
6836 6834 6834 
6820 6806 6762 6762 6762 6762 
6692 6692 6692 6692 6692 
6691 6689 6689 
6675 6617 6617 6617 6617 6617 
6561 6561 6561 6561 
6559 6558 6558 
6544 6486 6486 6486 6486 6486 
6430 6430 6430 6430 
6429 6427 6427 
6399 6399 6355 6355 6355 6355 
6285 6285 6285 6285 6285 
6282 6282 6282 
6254 6254 6210 6210 6210 6210 
6140 6140 6140 6140 6140 
6139 6137 6137 
6109 6109 6065 6065 6065 6065 
5995 5995 5995 5995 5995 
5992 5992 5992 
5964 5964 5920 5920 5920 5920 
5850 5850 5850 5850 5850 
5848 5847 5847 
5833 5775 5775 5775 5775 5775 
5719 5719 5719 5719 
5717 5716 5716 
5702 5644 5644 5644 5644 5644 
5588 5588 5588 5588 
5587 5585 5585 
5557 5557 5513 5513 5513 5513 
5499 5507 5507 
5495 5493 5496 
5479 5445 5445 5445 
5403 5403 5403 
5400 5401 
5399 
5375 5375 
5361 
5360 
5336 5336 
5322 
5321 
5307 5297 
5283 5269 
5268 
5254 5244 
5230 5216 
5215 
5201 5191 
5177 5163 
5162 
5148 5138 
5124 5110 
5108 5108 
5094 5060 5060 5060 
5046 5018 5018 
5016 5016 
5002 4968 4968 4968 
4954 4926 4926 
4924 4924 
4910 4876 4876 4876 
4862 4834 4834 
4832 4832 
4818 4784 4784 4784 
4770 4742 4742 
4740 4740 
4726 4692 4692 4692 
4678 4650 4650 
4648 4648 
4634 4600 4600 4600 
4586 4558 4558 
4556 4556 
4542 4508 4508 4508 
4494 4466 4466 
4464 4464 
4450 4416 4416 4416 
4402 4374 4374 
4372 4372 
4358 4324 4324 4324 
4310 4282 4282 
4280 4280 
4266 4232 4232 4232 
4218 4190 4190 
4189 4188 
4174 4164 
4162 
4151 
4150 
4149 
4125 4125 
4111 
4110 
4096 4086 
4058 4058 
4057 
4033 4033 
4019 
4018 
4004 3994 
3966 3966 
3965 
3941 3941 
3927 
3926 
3902 3902 
3888 
3887 
3863 3863 
3849 
3848 
3824 3824 
3810 
3809 
3795 3785 
3757 3757 
3756 
3742 3732 
3718 3704 
3703 
3689 3679 
3665 3651 
3650 
3636 3636 
3624 
3617 
3610 
3586 3586 
3572 
3565 
3557 
3545 3533 
3519 
3512 
3504 
3492 
3480 
3477 
3477
