36565
30783 30783 30783 30783 30783 30783 30783 30783 30783 30783 30783 30783 30783 30783 30783 30783 30783 30783 30783 30783 30783 30783 30783 30783 30783 30783 30783 30783 30783 30783 30783 30783 30783 30783 30783 30783 30783 30783 30783 30783 30783 30783 30783 30783 30783 30783 30783 30783 30783 30783 30783 30783 30783 30783 30783 30783 30783 30783 30783 30783 30783 30783 30783 30481 30697 29131 29131 29131 29131 29131 29131 29131 29131 29131 29131 29131 29131 29131 29131 29131 29131 29131 31255 31255 29131 29131 29131 29131 29131 29131 30148 29131 29131 30697 30697 29131 29131 29131 29131 29131 29131 29131 29131 29131 29131 29131 29131 29131 29131 29131 29131 29131 29131 29131 29131 29131 29131 33033 32833 32833 32833 32833 32833 32833 32833 32833 32573 31813 31813 31813 31501 31501 31501 31501 31501 31501 31501 31501 31501 31501 31501 33743 33743 33743 33743 33613 33235 33235 33339 33339 33339 33235 
25803 25803 25803 29059 29059 28987 28987 28987 25803 25803 25803 25803 25907 25907 25907 25907 25803 25803 25803 25803 25803 25803 25803 25803 25803 25803 27951 27951 27827 27951 27951 27951 27951 27827 27827 27779 27779 27779 27779 27647 27647 27647 27647 27779 27779 27779 27647 27647 27779 27647 27367 27367 27647 27647 27235 27235 27367 27235 27367 27367 27367 26755 26755 26755 26755 26755 26755 26755 26755 26755 26755 26755 26755 26755 26755 26755 26755 27235 26311 26311 26755 26523 26523 26523 26523 27235 27235 26179 27235 27235 27135 27135 26523 26523 26523 26523 25803 25803 25803 25907 25907 25907 25907 25907 25907 25907 25907 25907 26179 25719 25719 25719 26179 25803 25803 25803 25907 25907 25719 25803 25803 25907 25907 25907 25907 25907 25803 25803 25803 25803 25803 25803 25803 25803 25803 25719 25719 25719 25719 27265 27265 27265 27265 27265 27265 27235 27135 27135 27135 26179 26179 26179 26179 26179 26309 26309 26309 26309 26179 26179 26179 26179 26179 26179 26179 26179 25801 25801 25905 25905 25905 25801 
23580 25599 25674 25674 25617 23580 25599 25599 25599 23580 25617 23580 25617 25599 25599 25599 25599 23580 23580 23580 23580 23580 23580 23580 23580 23580 23823 23823 23580 23580 23580 23580 23823 23823 23823 23823 23823 23823 23823 23580 23580 23580 23580 23580 23580 23580 23580 23580 23580 23580 23580 23580 23646 24852 24852 24852 24852 24852 23580 23580 23580 23580 23580 23580 23580 23646 23646 23646 24882 24882 24882 23646 23646 23646 23580 24585 24585 24585 24585 24438 24438 24357 24357 24357 24357 24357 24357 24357 24357 24357 24357 24357 24192 24192 24192 24192 24192 24192 24192 24192 24192 24192 24192 24192 24192 24192 23904 23904 23904 23904 23904 23823 23823 23823 23823 23823 23823 23646 23646 23646 23823 23823 23823 23904 23904 23904 23580 23823 23823 23904 23904 23904 23904 23904 23904 23646 23646 23580 23823 23823 23823 23580 23580 23580 23580 23580 23580 23646 23646 23646 23580 23580 
23552 23552 23535 23478 23478 23460 23535 21507 21684 23478 23460 22713 23460 21507 23478 23478 21507 21507 23460 21507 21507 21684 21684 21684 21765 21765 21684 21684 21507 21507 21507 21507 21507 21507 21507 21507 21507 21684 21684 21684 21507 21507 21684 21507 21507 21507 21507 21507 21507 21507 21507 21507 22824 22824 22824 22743 22743 22743 22743 22743 22743 22743 22743 22743 22743 22743 22743 22626 22626 22626 22626 22713 22713 22713 22743 21684 21684 21507 21507 21507 21684 22713 21684 21684 22626 22218 22218 22626 21507 21507 21507 21507 21507 21507 21507 21507 21507 21507 22053 22053 22053 22446 22446 21507 21507 21507 21507 22053 22053 22053 22053 22053 21765 21765 21765 21765 21765 21684 21684 21684 21684 21684 21684 21684 21765 21765 21507 21684 21684 21684 21684 21684 21684 21507 21684 21684 21684 21684 21684 21684 21684 21684 21507 21507 21507 21684 21684 21684 21684 21507 21507 21507 21507 21507 21507 21507 21507 21507 21507 
21479 21479 21405 20226 19692 19692 19611 19611 21405 21405 21405 21387 21387 21387 21387 21387 21387 19692 19692 19611 19611 19611 19611 19611 19611 20226 20226 19611 19611 19611 19611 19611 19611 19692 19692 19611 19611 19611 19611 19611 19611 19611 19611 19611 19611 19980 19980 19980 20373 19980 19980 19980 19980 19980 19980 19980 19980 19692 19692 19692 19980 19980 20553 20751 20751 20751 20670 20670 20670 20670 20670 20670 20670 20670 20670 20751 20751 20751 20751 20751 20751 20751 20751 20751 20751 20373 20373 20373 19611 19611 19611 20640 20640 20640 20553 19611 19611 19611 19611 19611 19611 20553 19611 19611 19611 19611 19611 19611 19611 19611 19611 19611 19611 20373 20373 20373 20373 20373 20373 20226 20226 20226 20226 19980 19980 19611 20145 20145 20145 20226 19611 19692 19692 19692 19611 20145 20145 20145 19692 19692 19692 19692 19692 19692 19692 19692 19692 19980 19980 19980 19611 19692 19692 19692 19692 19692 19692 19692 19692 19692 19692 19692 19692 19692 19692 19692 19692 19692 19692 19692 19692 19611 19611 19611 
19583 19583 19569 17796 19509 17796 17796 19566 18330 17796 17796 18330 18477 18330 17796 18084 19509 19509 19491 19491 17796 17796 17796 18084 18084 18084 17796 17796 17796 17796 17796 17796 17796 18249 18249 18249 17796 17796 17796 17796 17796 17796 17796 17796 18084 18084 18084 18084 18084 18084 18249 18249 18249 17796 17796 17796 17796 17796 17796 18084 18084 18084 18084 18084 18084 17796 17796 18855 18855 18855 18855 18855 18774 18774 17796 18774 18774 18774 18774 18855 18855 18855 18855 18855 18855 17796 17796 17796 17796 17796 17796 17796 17796 18330 18744 18330 18744 18744 18744 18744 18744 18477 18477 18477 18084 18249 18249 18657 18330 18330 18330 18330 18330 18330 18330 18330 18330 18249 18249 18249 18249 18249 18249 18249 18249 18084 18330 18330 18330 18330 18330 17796 17796 17796 18249 18249 18249 18084 18330 17796 17796 17796 17796 18249 18249 17796 17796 17796 17796 17796 17796 17796 17796 18084 18084 18084 18084 17796 17796 17796 17796 17796 17796 17796 17796 17796 17796 17796 17796 17796 17796 17796 17796 17796 17796 17796 17796 17796 
17782 17768 17754 16269 16269 16434 17676 16269 16434 17676 17694 17694 17676 16269 16434 16515 16515 16269 16515 16515 17676 16515 16515 16269 16269 16269 16515 16515 16269 16269 16269 16269 16269 16269 16269 16269 16269 16269 16515 16269 16269 16269 16269 16269 16269 16269 16269 16269 16269 16269 16269 16269 16434 16434 16434 16434 16269 16269 16269 16269 16269 16269 16269 16269 16269 16269 16269 16269 16269 16269 16269 16269 16269 16269 16269 16269 16434 16434 16959 16929 16929 16929 17040 17040 17040 17040 17040 16434 16434 16434 16434 16269 16269 16269 16269 16434 16959 16959 16929 16929 16929 16929 16929 16662 16662 16662 16662 16434 16662 16269 16269 16662 16434 16515 16515 16515 16515 16434 16515 16515 16515 16515 16515 16434 16269 16269 16269 16269 16434 16434 16434 16515 16515 16515 16515 16515 16515 16434 16434 16434 16434 16515 16434 16434 16434 16434 16434 16434 16269 16269 16269 16269 16269 16269 16269 16269 16269 16269 16269 16269 16269 16269 
16255 16241 16227 14907 14907 14907 14907 15135 16167 16149 16149 16149 14907 16149 16149 15432 16167 16149 14907 16149 14988 14988 14988 15135 15135 15135 14907 14907 14907 14907 14907 14907 14907 14907 15135 15135 15135 15135 15135 14988 14907 14907 15513 15513 15315 15513 15513 15513 14907 14907 14907 14907 14907 14907 14907 14988 14988 14988 15135 14907 14907 14988 14988 14988 14988 14988 14988 14907 14907 14907 14907 14907 14907 14907 15135 14988 14988 14988 14988 14988 14988 14988 14988 14988 15402 15402 15402 15402 15402 15135 14907 14907 14907 14907 14907 14907 14907 15315 15315 14907 14907 14907 14907 14907 14907 15135 15135 15135 15402 15135 15135 15135 15135 14907 15135 15135 15135 15135 14988 15135 15135 14907 14907 14907 14907 14907 14907 15135 15135 15135 15135 15135 15135 15135 15135 15135 14988 14988 14988 14988 14988 14988 14988 14988 14988 14988 14988 14988 14988 14907 14907 14907 14907 14907 14907 
14865 14879 14865 14805 14151 14862 13626 13626 13626 14805 14805 13626 13953 13626 13626 13626 13626 14151 13626 14787 14787 13626 13626 13626 13626 13626 13626 14040 14040 14040 14151 14151 14151 14151 14151 14151 13626 13626 13626 13626 13626 13773 13773 13773 14070 14070 14070 14070 14070 14070 13626 13626 13626 13626 13626 13626 13626 13626 13773 13773 13773 14151 13953 13953 13626 13626 13626 13626 13626 13626 13626 13626 13773 13773 13773 13773 14040 13773 14151 14151 14151 14151 13773 13773 13773 14040 13626 13626 14040 13626 13626 13626 13626 13626 13626 13626 13626 13626 13626 14151 14151 14151 13626 13626 13626 13626 13626 13626 13626 13626 13626 13626 13626 13626 13626 13773 13773 13773 13626 13953 13953 13953 13953 13953 13773 13773 13773 13773 13773 13773 13773 13773 13773 13773 13773 13773 13773 13773 13773 13773 13773 13626 13626 13626 13626 13626 13626 13626 13626 13626 13626 13626 13626 
13598 13584 13584 13581 12672 13581 12492 13524 13581 12492 13524 13524 12492 12492 12870 12492 12492 12870 12492 13506 12492 12492 12492 12492 12492 12492 12492 12492 12492 12492 12492 12492 12492 12492 12492 12492 12492 12492 12492 12870 12870 12870 12870 12870 12759 12870 12870 12870 12870 12870 12870 12870 12870 12870 12870 12870 12870 12870 12870 12870 12492 12672 12672 12672 12492 12870 12870 12492 12492 12492 12492 12492 12492 12492 12672 12492 12492 12672 12672 12672 12672 12492 12492 12870 12870 12870 12870 12492 12492 12870 12492 12492 12492 12672 12672 12672 12492 12492 12492 12492 12492 12492 12870 12870 12870 12492 12789 12492 12789 12789 12759 12789 12789 12759 12759 12759 12759 12672 12672 12672 12672 12672 12672 12672 12672 12672 12492 12492 12492 12492 12492 12492 12492 12492 12492 12492 12492 12492 12492 12492 12492 12492 
12450 12450 12450 11736 11625 11538 11538 11625 11625 12447 11625 11625 11538 12372 11538 11625 11538 11538 12390 11538 12372 12372 12372 11538 11538 11538 11538 11625 11625 11625 11625 11538 11538 11538 11736 11736 11736 11736 11736 11736 11736 11538 11538 11538 11538 11538 11538 11736 11736 11625 11625 11625 11625 11625 11625 11538 11538 11538 11538 11538 11538 11625 11625 11538 11538 11538 11736 11538 11538 11538 11538 11538 11538 11538 11538 11538 11538 11538 11538 11538 11538 11538 11538 11625 11736 11736 11736 11625 11625 11625 11736 11538 11736 11538 11538 11538 11538 11625 11625 11625 11655 11655 11655 11655 11655 11655 11655 11655 11655 11655 11655 11655 11655 11655 11655 11625 11625 11625 11625 11538 11538 11538 11538 11538 11538 11538 11538 
11496 11496 11496 10701 10671 10671 11418 10671 10671 10671 10671 10671 10671 10701 10701 10701 10701 10701 10701 10671 11418 10782 10782 10782 10782 10782 10782 10782 10671 10671 10671 10671 10701 10701 10701 10782 10782 10782 10782 10782 10782 10782 10782 10782 10671 10671 10671 10701 10782 10671 10671 10671 10671 10671 10671 10671 10671 10671 10671 10701 10701 10701 10701 10701 10701 10671 10671 10782 10782 10782 10782 10671 10671 10671 10671 10671 10671 10671 10671 10671 10671 10671 10671 10782 10782 10782 10782 10782 10701 10701 10671 10671 10671 10671 10671 10671 10671 10782 10782 10782 10782 10782 10782 10782 10782 10782 10782 10782 10782 10782 10782 10782 10782 10782 10701 10701 10701 10701 10701 10671 10671 10671 10671 10671 10671 10671 
10629 10629 10629 9834 9834 10551 9915 9915 9915 9834 9915 9915 9834 9915 9915 9834 9834 9834 9915 9915 9834 9834 9915 9915 9915 9915 9915 9915 9915 9915 9834 9834 9834 9834 9834 9915 9915 9915 9915 9915 9915 9915 9915 9915 9915 9915 9915 9834 9834 9834 9834 9915 9915 9915 9915 9915 9915 9915 9915 9834 9834 9834 9834 9834 9834 9834 9834 9915 9915 9915 9915 9915 9915 9915 9834 9834 9834 9834 9834 9834 9834 9834 9834 9915 9915 9915 9915 9915 9915 9915 9915 9834 9834 9834 9834 9834 9915 9915 9915 9915 9915 9915 9915 9915 9915 9915 9915 9915 9915 9915 9915 9915 9915 9915 9915 9915 9834 9834 9834 9834 9834 9834 9834 10385 10385 10385 10385 
9806 9806 9792 9294 9294 9789 9294 9294 9294 9789 9294 9714 9714 9714 9714 9294 9294 9294 9294 9294 9294 9294 9294 9294 9294 9294 9294 9294 9294 9294 9294 9294 9294 9294 9294 9294 9294 9294 9294 9294 9294 9294 9294 9294 9294 9294 9294 9294 9294 9294 9294 9294 9294 9294 9294 9294 9294 9294 9294 9294 9294 9294 9294 9294 9294 9294 9294 9294 9294 9294 9294 9294 9294 9294 9294 9294 9294 9294 9294 9294 9294 9294 9294 9294 9294 9294 9294 9294 9294 9294 9294 9294 9294 9294 9294 9294 9294 
9266 9266 9252 8454 8454 8454 8454 8454 8454 8454 8454 8454 8454 8454 8454 8454 8454 8454 8454 8454 8454 8454 8454 8454 8454 8454 8454 8454 8454 8454 8454 8454 8454 8454 8454 8454 8454 8454 8454 8454 8454 8454 8454 
8426 8426 8412 8409 8409 8409 8409 8409 8409 8409 8409 8409 8334 8352 8352 8289 8289 8352 8352 8352 8334 8352 8352 8334 8334 8289 8334 8334 8334 8334 8334 8289 8289 8289 8289 8289 8289 8289 8289 8289 8289 8289 8289 8289 8394 8394 8383 8383 8383 8383 8383 8383 8383 8383 8383 8374 8374 8374 8374 8374 8374 8374 8359 8359 8359 8359 8359 8359 8324 8324 8324 8359 8324 8324 8324 8324 8324 8324 8324 8324 8324 8324 8324 8324 8324 8324 8324 8324 8324 8324 
8261 8247 8247 8244 8244 8244 8244 8244 8244 8244 8169 8169 8187 8244 8169 8169 8169 8169 8187 8169 8169 8169 8169 8169 8169 8187 8187 8169 8169 8169 8169 8169 8169 8194 8229 8229 8229 8229 8194 8194 8194 8194 8194 8194 8194 8218 8218 8218 8218 8218 8218 8194 8194 8194 8194 8194 8218 8218 8194 8194 8194 8194 8209 8194 8194 8194 8194 8194 8194 8194 8194 8194 8194 
8155 8127 8127 8124 8124 8124 8124 8124 8124 8124 8067 8067 8067 8067 8067 8067 8067 8067 8067 8067 8067 8067 8067 8067 8067 8067 8067 8109 8109 8109 8109 8109 8109 8109 8109 8109 8109 8109 8109 8109 8109 8109 8109 8109 8109 8109 8109 8109 8109 8089 8089 8089 8089 8089 8089 8089 8089 8089 8089 8089 8089 8089 
8053 8025 8025 8022 8022 8022 8022 8022 8022 8022 8022 8022 8022 8022 8040 8040 8040 8040 8040 8040 
8008 7994 7980 7987 7987 
7966 7952 7938 7945 7945 
7924 7910 7896 7903 7903 
7882 7868 7861 7861 7861 
7843 7833 7840 7836 7836 
7815 7805 7812 7808 7808 
7787 7777 7784 7780 7780 
7759 7749 7756 7752 7752 
7731 7721 7728 7724 7724 
7703 7693 7700 7696 7696 
7675 7669 7672 7668 7668 
7654 7612 7612 7612 7633 
7598 7577 7577 7577 7577 
7559 7551 7556 7547 7547 
7533 7519 7512 7512 7512 
7494 7484 7491 7477 7477 
7463 7456 7456 
7438 7442 7435 
7421 7414 7414 
7396 7399 7399 
7382 
7375 
7368 
7361 
7355 
7341 
7334 
7329 
7329
