24745
22105 22105 22105 22105 22105 22105 22105 22105 22105 22105 22105 22105 23501 23501 23501 23501 23501 23501 23501 23501 23425 23425 21409 21409 21409 21409 21617 21617 21409 21409 21409 21409 21409 21409 21409 21409 21409 21409 21409 21409 21409 21409 21409 21409 21409 21409 21409 21409 21409 21409 21409 21409 21409 21409 21409 21409 21409 21409 21409 21409 21409 21409 21409 21409 22073 22073 22073 22073 22073 22073 22073 22073 22073 21409 21409 21409 21409 21409 21409 21409 21409 21409 21409 21409 22073 22073 21409 21409 21409 21409 21409 21409 21409 21409 21409 21409 21409 21409 21409 21409 21409 21409 21409 21409 21409 21865 21865 21865 20656 20656 20656 20167 19858 19858 19858 19858 19858 19858 19858 19858 19858 19858 19858 19858 19858 19858 19858 19858 19840 19840 19840 19840 21407 
19817 18520 18520 18520 18520 18520 18596 18596 18596 18596 17352 17352 17352 17352 16960 16504 17352 17352 17352 16504 16504 16504 16504 16504 16504 16504 16504 16504 16504 16504 16504 16504 16504 18276 18276 18276 18276 18276 18276 18276 18596 17352 17352 17352 17352 17352 17352 17352 17352 16504 16504 16504 18276 18276 18276 17352 16504 16504 16504 16504 16504 16504 16504 16504 16504 16504 16504 16504 16504 16504 16504 16504 17896 16504 16504 16504 16504 16504 16504 16504 16504 16504 16504 16504 16504 17564 17168 17168 17168 17200 17168 17168 16504 16504 16504 16504 16504 17168 17168 17168 17168 17168 16504 16504 16504 16504 16504 16960 16960 16504 16504 16504 16504 16504 16504 16504 16504 16504 17248 15265 16960 16960 15751 15751 15265 15265 15265 15265 15265 15265 15265 15265 15265 15265 15265 15265 15265 15265 15265 15265 15265 16502 16502 16502 16502 16502 16502 
15239 15173 15173 12385 12385 12385 12385 12385 12385 12385 12385 12385 12385 12385 12385 11929 11929 11929 11929 11929 11929 11929 11929 11929 11929 11929 11929 11929 11929 11929 13945 13701 14021 14021 13213 13321 13321 13321 14021 14021 14021 14021 14021 14021 14021 14021 14021 14021 14021 11929 11929 11929 11929 11929 11929 12593 12593 12593 12593 12593 12593 12593 12593 12593 12593 12593 12593 12593 12593 12593 12989 12593 12593 12593 12593 12593 12989 12989 12989 12989 12989 12989 12989 12989 12673 12673 12673 12673 12673 12673 12673 12593 12593 12593 12593 12593 12593 12593 12593 12593 12593 12593 12593 12593 12137 12137 11929 11929 11929 11929 12137 12137 11929 11929 11929 11929 11929 11929 11929 12593 12593 13321 13321 11927 11927 13117 13117 13117 12385 12385 12987 12673 12673 12673 12673 12673 11927 11927 12385 11927 12385 11927 11927 11927 11927 11927 11927 
11901 11835 11835 
11812 11811 11811 11811 
11603 11603 11603 11603 11603 11603 
11580 11579 11579 11579 11579 11579 11579 
11371 11371 11371 11371 11371 11371 11371 
11348 11347 11347 11347 11347 11347 11347 11347 
11139 11139 11139 11139 11139 11139 11139 11139 
11116 11127 11115 11115 11115 11115 11115 
10907 10907 10907 10907 10907 10907 10907 10907 
10884 10883 10883 10883 10883 10883 10883 
10675 10675 10675 10675 10675 10675 10675 10675 
10652 10651 10651 10651 10651 10651 10651 
10443 10443 10443 10443 10443 10443 10443 10443 
10420 10419 10419 10419 10419 10419 
10211 10211 10211 10211 10211 10211 10211 
10188 10187 10187 10187 10187 
9979 9979 9979 9979 9979 
9956 9955 9955 9955 9955 9955 9955 
9747 9747 9747 9747 9747 9747 9747 9747 
9724 9735 9723 9723 9723 9723 9723 
9515 9515 9515 9515 9515 9515 9515 9515 
9492 9491 9491 9491 9491 9491 9491 
9283 9283 9283 9283 9283 9283 9283 9283 
9260 9259 9259 9259 9259 9259 9259 
9051 9051 9051 9051 9051 9051 9051 
9028 9027 9039 9027 9027 9027 9027 
8819 8819 8819 8819 8819 8819 8819 8819 
8796 8795 8795 8795 8795 8795 8795 
8587 8587 8587 8587 8587 8587 8587 8587 
8564 8563 8563 8563 8563 8563 8563 
8355 8355 8355 8355 8355 8355 8355 
8332 8331 8331 8331 8331 8331 8331 
8123 8123 8123 8123 8123 8123 8123 
8100 8099 8099 8099 8099 8099 8099 
7891 7891 7891 7891 7891 7891 7891 
7868 7867 7867 7867 7867 7867 7867 7867 
7659 7659 7659 7659 7659 7659 7659 7659 
7636 7635 7635 7635 7635 7635 7635 7635 
7427 7427 7427 7427 7427 7427 7427 7427 
7404 7403 7403 7403 7403 7403 7403 7403 
7195 7195 7195 7195 7195 7195 7195 7195 
7172 7171 7171 7171 7171 7171 7171 7171 
6963 6963 6963 6963 6963 6963 6963 6963 
6940 6939 6939 6939 6939 6939 6939 
6731 6731 6731 6731 6731 6731 6731 
6708 6707 6707 6707 6707 6707 6707 
6499 6499 6499 6499 6499 6499 6499 
6476 6475 6475 6475 6475 6475 6475 
6267 6267 6267 6267 6267 6267 6267 
6244 6243 6243 6243 6243 6243 6243 
6035 6035 6035 6035 6035 6035 6035 
6012 6011 6011 6011 6011 6011 6011 
5803 5803 5803 5803 5803 5803 5803 
5780 5779 5779 5779 5779 5779 5779 
5571 5571 5571 5571 5571 5571 5571 
5548 5547 5547 5547 5547 5547 5547 
5339 5339 5339 5339 5339 5339 5339 
5316 5315 5315 5315 5315 5315 5315 5315 
5107 5107 5107 5107 5107 5107 5107 5107 
5084 5083 5083 5083 5083 5083 5083 5083 
4875 4875 4875 4875 4875 4875 4875 4875 
4852 4851 4851 4851 4851 4851 4851 
4643 4643 4643 4643 4643 4643 4643 
4620 4619 4619 4619 4619 4619 4619 4619 
4411 4411 4411 4411 4411 4411 4411 4411 
4388 4387 4387 4387 4387 4387 4387 4387 
4179 4179 4179 4179 4179 4179 4179 4179 
4156 4155 4155 4155 4155 4155 4155 
3947 3947 3947 3947 3947 3947 3947 
3924 3935 3938 3923 3923 3923 3923 
3845 3845 3845 
3842 3836 3836 
3836
