24745
18307 18307 18307 18307 18307 18307 18307 18307 18307 16654 16654 16654 16654 16654 16654 16654 16654 16654 16654 16654 16654 16654 16654 16654 16654 16654 16654 16654 16654 19351 16654 16654 16654 16654 16654 16654 16654 16654 16654 18742 18742 16654 16654 16654 16654 16654 16654 16654 16654 17089 17089 17089 17089 17089 18307 18307 16654 16654 16654 16654 16654 16654 16654 16654 16654 16654 16654 16654 16654 16654 16654 16654 16654 15849 15849 15849 15849 17641 17641 17641 17641 17641 17641 17641 17641 17641 17641 17641 15849 15849 15849 15849 15849 15849 15849 15849 15849 15849 15849 15849 15849 15849 15849 15849 15849 15849 15849 15849 15849 15849 15849 15849 15849 15849 15849 15849 13306 13306 13306 13306 13306 13306 13306 13306 13306 13306 13306 13306 13306 13306 13306 13306 13306 13306 13306 13306 13306 13306 13306 13306 16258 16258 17488 17488 17488 17488 15151 15151 15930 15930 15930 15930 15930 15930 15930 15930 15930 15930 14167 14167 14167 14167 14167 14167 14167 14167 14167 14167 14167 14167 14167 16094 14372 14372 14372 14372 14372 14372 14372 14372 14372 14372 14372 14372 13306 13306 13306 13306 13306 13306 13306 13306 13306 13306 13306 13306 13306 13306 13306 13306 13306 13306 13306 13306 13306 13306 13306 13306 13306 13306 13306 13306 13306 13306 13306 13306 13306 13306 18659 18659 18659 19220 19220 19220 19220 19220 19220 18659 19220 19220 17826 17826 17826 17826 17826 19220 18659 17826 17826 17826 17826 17826 17826 18659 18659 17826 17826 17707 17707 17707 17707 17707 15514 15514 17707 17707 17401 17401 17180 17707 17401 17401 17707 17265 17265 16109 16109 16109 16109 17027 17027 17027 17027 17027 16109 16109 16109 16109 16109 16109 16109 14171 14171 14171 14171 14171 15514 15514 15514 15514 14375 14375 14375 14001 14001 14001 14001 14001 14001 14001 14001 14281 13577 13577 13577 13577 13577 12537 12537 12537 12105 12537 12537 12537 12105 12105 14163 14124 13903 13903 15241 14944 14680 14185 13998 13998 13954 13162 13162 13162 13841 16153 13841 14377 14377 14377 14377 14377 13841 13841 13841 13225 12537 12105 12105 16600 16570 21407 
9920 9920 9920 9920 9920 10110 9920 5550 9920 5550 9920 10110 10110 10110 9920 9920 5550 9920 5550 5550 5740 5550 5550 5550 5740 5740 5740 5550 5550 5550 5550 5740 5550 5740 5550 5550 5550 5550 5550 5740 5740 5740 5740 5740 5740 5740 5550 5550 5740 5740 5740 5740 5550 5550 5550 5550 5550 5550 5550 5550 5550 5550 5550 5550 5550 5550 5550 4014 4014 4014 4014 4014 4014 4014 4014 4449 4449 4449 4449 4449 4449 4449 4449 4449 4362 4014 4014 4014 4043 4101 4101 4101 5957 4101 4043 4043 4043 4043 4043 4043 4043 4043 4043 4043 4043 4043 4043 4043 4043 4043 4043 4043 4043 4043 4043 4043 4043 4043 4043 4043 4043 4043 4043 4043 4043 4043 4043 4043 4043 4043 4043 4014 4014 4014 4014 4014 4014 4014 4014 4478 4478 4478 4478 4478 4478 4478 4478 7523 6392 6392 6392 6392 6392 6392 6392 6392 6392 6392 6392 6392 6392 6392 6392 6392 6392 6392 6392 6392 6392 6392 6392 6392 6392 6392 5725 5725 5725 5261 5261 5261 5261 5261 5261 5261 5261 5261 5261 5261 5261 5261 5261 5261 5261 5261 5261 5145 5145 5145 4014 4768 4478 4478 4478 4478 4478 4478 4478 4478 4478 4014 4014 4014 4014 4014 4014 4014 4014 4014 4014 
3846 3846 3846 3846 3846 3846 3846 3846 3846 3860 3846 3846 3846 3846 3844 3844 3844 3838 3838 3838 3838 3838 3840 3840 3840 3840 3840 3840 3840 3838 3838 3838 3838 3838 3838 3838 3838 3838 3838 3838 3838 3838 3838 3838 3848 3848 3904 3836 3836 3848 3848 3848 3836 3836 3836 3836 3836 3836 3836 3880 3836 3836 3836 3836 3836 3836 3836 3836 3836 3836 3836 3836 3836 3836 3836 3836 3836 3836 3848 3848 3848 3836 3836 3836 3836 3836 3836 3836 
3829 3829 3830 3830 3830 3830 3829 
3803 3799 3793 3793 3787 3787 3787 3787 3787 3787 3787 3787 3787 3787 
3780 3781 3780 3781 3780 3780 3780 
3754 3750 3744 3744 3738 3738 3738 3738 3738 3738 3738 3738 3738 3738 
3733 3724 3733 3733 3733 3724 3724 3724 3724 3724 3724 3724 3724 3724 
3672 3672 3664 3649 3649 3640 3640 3643 3643 3640 3640 3640 3640 3640 3640 3640 3640 3640 3640 3640 3640 3640 3640 3640 3640 3640 3640 3640 
3637 3626 3637 3635 3635 3626 3626 3626 3626 3626 3626 3626 3626 3626 
3574 3574 3566 3566 3551 3542 3542 3545 3545 3542 3542 3542 3542 3542 3542 3542 3542 3542 3542 3542 3542 3542 3542 3542 3542 3542 3542 3542 
3539 3537 3539 3528 3537 3528 3528 3528 3528 3528 3528 3528 3528 3528 
3476 3476 3468 3453 3453 3444 3444 3447 3447 3444 3444 3444 3444 3444 3444 3444 3444 3444 3444 3444 3444 3444 3444 3444 3444 3444 3444 3444 
3437 3437 3437 3437 3437 3437 3437 
3411 3407 3401 3401 3395 3395 3395 3395 3395 3395 3395 3395 3395 3395 
3388 3388 3388 3388 3388 3388 3388 
3362 3358 3352 3352 3346 3346 3346 3346 3346 3346 3346 3346 3346 3346 
3341 3339 3339 3341 3339 3339 3339 
3313 3309 3303 3303 3297 3297 3297 3297 3297 3297 3297 3297 3297 3297 
3292 3290 3290 3292 3290 3290 3290 
3264 3260 3254 3254 3248 3248 3248 3248 3248 3248 3248 3248 3248 3248 
3241 3241 3243 3241 3241 3241 3241 
3215 3211 3205 3205 3199 3199 3199 3199 3199 3199 3199 3199 3199 3199 
3194 3192 3192 3192 3192 3192 3192 
3166 3162 3156 3156 3150 3150 3150 3150 3165 3150 3150 3150 3150 3150 
3143 3143 3143 3143 3143 3143 3143 
3117 3113 3107 3107 3101 3101 3101 3101 3101 3101 3101 3101 3101 3101 
3094 3096 3096 3094 3094 3094 3094 
3068 3064 3058 3058 3052 3052 3052 3052 3052 3052 3052 3052 3052 3052 
3045 3047 3045 3045 3045 3045 3045 
3019 3015 3009 3009 3003 3003 3003 3003 3003 3003 3003 3003 3003 3003 
2996 2998 2998 2996 2996 2996 2996 
2970 2966 2960 2960 2954 2954 2954 2954 2954 2954 2954 2954 2954 2954 
2947 2949 2947 2947 2947 2947 2947 
2921 2917 2911 2911 2905 2905 2905 2905 2905 2905 2905 2905 2905 2905 
2898 2900 2900 2898 2898 2898 2898 
2872 2868 2862 2862 2856 2856 2856 2856 2856 2856 2856 2856 2856 2856 
2849 2851 2851 2849 2849 2849 2849 
2823 2819 2813 2813 2807 2807 2807 2807 2807 2807 2807 2807 2807 2807 
2800 2802 2802 2800 2800 2800 2800 
2774 2770 2764 2764 2758 2758 2758 2758 2758 2758 2758 2758 2758 2758 
2751 2753 2751 2751 2751 2751 2751 
2725 2721 2715 2715 2709 2709 2709 2709 2709 2709 2709 2709 2709 2709 
2702 2704 2704 2702 2702 2702 2702 
2676 2672 2666 2666 2660 2660 2660 2660 2660 2660 2660 2660 2660 2660 
2653 2655 2655 2653 2653 2653 2653 
2627 2623 2617 2617 2611 2611 2611 2611 2611 2611 2611 2611 2611 2611 
2604 2606 2606 2604 2604 2604 2604 
2578 2574 2568 2568 2562 2562 2562 2562 2562 2562 2562 2562 2562 2562 
2557 2557 2557 2555 2557 2555 2555 
2529 2525 2519 2519 2513 2513 2513 2513 2513 2513 2513 2513 2513 2513 
2508 2506 2506 2506 2506 2506 2506 
2480 2476 2470 2470 2464 2464 2464 2464 2464 2464 2464 2464 2464 2464 
2459 2457 2457 2457 2457 2457 2457 
2431 2427 2421 2421 2415 2415 2415 2415 2415 2415 2415 2415 2415 2415 
2408 2408 2408 2408 2408 2408 2408 
2382 2378 2372 2372 2366 2366 2366 2366 2366 2366 2366 2366 2366 2366 
2361 2359 2359 2359 2359 2359 2359 
2333 2329 2323 2323 2317 2317 2317 2317 2317 2317 2317 2317 2317 2317 
2312 2310 2312 2310 2312 2310 2310 
2284 2280 2274 2274 2268 2268 2268 2268 2268 2268 2268 2268 2268 2268 
2263 2261 2261 2263 2263 2261 2261 
2235 2231 2225 2225 2219 2219 2219 2219 2219 2219 2219 2219 2219 2219 
2214 2212 2212 2214 2214 2212 2212 
2186 2182 2176 2176 2170 2170 2170 2170 2170 2170 2170 2170 2170 2170 
2165 2163 2163 2165 2165 2163 2163 
2137 2133 2127 2127 2121 2121 2121 2121 2121 2121 2121 2121 2121 2121 
2116 2114 2116 2116 2116 2114 2114 
2088 2084 2078 2078 2072 2072 2072 2072 2072 2072 2072 2072 2072 2072 
2067 2065 2067 2067 2067 2065 2065 
2039 2035 2029 2029 2023 2023 2023 2023 2023 2023 2023 2023 2023 2023 
2018 2016 2018 2018 2018 2016 2016 
1990 1986 1980 1980 1974 1974 1974 1974 1974 1974 1974 1974 1974 1974 
1969 1967 1969 1969 1969 1967 1967 
1941 1937 1931 1931 1925 1925 1925 1925 1925 1925 1925 1925 1925 1925 
1920 1922 1922 1920 1920 
1897 1890 1893 1890 1890 1890 1893 1890 1890 1890 
1887 1885 1885 1885 1885 
1862 1855 1858 1855 1855 1855 1858 1855 1855 1855 
1852 1850 1850 1850 1850 
1827 1820 1823 1820 1820 1820 1829 1820 1820 1820 
1815 1815 1815 1815 1815 
1792 1785 1788 1785 1785 1785 1785 1785 1785 1785 
1782 1780 1780 1780 1780 
1757 1750 1753 1750 1750 1750 1750 1750 1750 1750 
1745 1745 1745 1745 1745 
1722 1715 1718 1715 1715 1715 1715 1715 1715 1715 
1713 1713 
1701 1701 1701 1701 
1699 1699 
1687 1687 1687 1687 
1686 
1680 1680 
1679 
1673 1673 
1673
