53716
37966 37966 37966 37966 37966 37966 37966 37966 37966 37966 37966 37966 37966 37966 37966 37966 37966 37966 37966 37966 37444 37444 37444 37444 37444 37444 37444 37444 37444 37444 37444 37444 37444 36088 36088 36088 36088 36088 36088 36088 36088 36088 36088 36088 36088 36088 36088 36088 36088 36088 36088 36088 36088 36088 36088 36088 36088 36088 36088 36088 36088 36088 36088 36088 50708 50708 50708 49472 49472 49472 49472 49472 49472 49472 49472 49020 49020 49020 49020 49020 49020 49020 50708 48828 48828 48828 48828 50708 50708 50708 50708 50708 50708 50708 50708 50708 50708 50708 50708 50708 50708 50708 50708 50708 47880 47880 47880 47880 47880 47880 47880 47880 47880 47880 47880 50412 50412 50412 50412 50412 50412 50412 50412 50412 50412 50412 50412 50412 50412 50412 50412 50412 50412 50412 50412 50188 50188 50188 50188 50188 50188 50188 50188 50188 47944 47944 47944 47944 47944 47880 47880 47880 47880 47880 47880 47944 47944 47944 47944 47944 47944 47944 47944 47880 47880 47880 47880 47880 47880 47880 47880 47880 47944 47944 47944 47944 47944 47944 47944 47880 47880 47880 47880 47880 47880 47880 47880 47880 47880 47880 47880 50098 50098 50098 50098 50098 50098 50098 50098 50098 50098 50098 49492 49492 49492 49492 47880 47880 47880 47880 47880 48828 48828 48678 48678 48678 48678 47880 47880 47880 47880 48678 48678 47880 47880 47880 47880 
33404 33404 33404 33404 33404 33404 33404 33404 33404 33404 33404 33404 33404 33404 33404 33404 33404 33404 33404 33404 33404 33404 33404 33404 33404 33200 33200 33404 33404 33200 33200 33200 33200 33200 34584 34584 34584 34584 34584 34584 34584 34584 34584 34584 34584 34076 34076 34076 34076 34076 34076 34076 34076 34076 34584 34584 34584 34584 34584 34584 34584 34584 34584 33404 33404 33404 33404 33404 33404 33404 33404 33404 33404 34076 34076 34076 34076 34076 34076 34076 34076 34076 32060 32060 32060 32060 32060 32060 32060 32060 32060 32060 33404 33404 33404 33404 33404 33404 33404 33404 33404 33404 33404 33404 33404 33404 33404 33404 33404 33404 33404 33404 33404 33404 33404 33404 33404 33404 33404 33404 33404 33404 33404 32060 32060 32060 32060 32060 32060 32060 32060 32060 32060 32060 32060 32060 32060 32560 32472 32348 32348 32348 32348 32348 32348 32348 32348 32348 32348 32348 32348 32348 32348 32348 32348 32348 32348 32348 32348 32348 32348 32060 32060 32060 32060 32060 32060 32060 32060 32060 32060 32060 33202 33202 33202 33202 33202 33202 33202 33202 33202 33202 33202 33202 33202 33202 33202 33202 33202 33202 33202 33202 33202 33202 33202 33202 33202 33202 33202 33202 33202 33202 33202 33202 32470 32920 32920 32920 32920 32920 32920 32920 32920 32470 32470 32470 32470 32346 32346 32346 32346 32060 32060 32060 32060 32060 
31629 31629 31629 31629 31629 31629 31629 31629 31629 31629 31629 31629 31629 31629 31629 31629 31629 31629 31929 31929 31929 31629 31629 31629 31629 31629 31629 31629 31629 31629 31629 31629 31629 31629 31629 31629 31629 31629 31629 31629 31629 31629 31629 31629 31629 31629 31629 31629 31629 31629 31629 31629 31629 31629 31629 31629 31629 31629 31629 31629 31629 31629 31629 31629 31629 31629 31629 31629 31629 31629 31629 31629 31629 31629 31629 31629 31629 31629 31629 31629 31629 31629 31629 31629 31629 31629 31629 31629 31629 31629 31629 31629 31629 31629 
31621 30771 30771 30771 30771 30771 30771 30771 30771 30771 30771 30771 30771 30771 30771 30771 30771 30771 30771 30771 30771 30771 30771 30771 30771 30771 30771 30771 30771 30771 30771 30771 30771 30771 30771 30771 30771 30771 30771 30771 30771 30771 30771 30771 30771 30771 30771 30771 30769 30769 30769 30769 30769 30769 30769 30769 30769 30769 30769 30769 30769 30769 30769 30769 30769 30769 30769 30769 30769 30769 30769 30769 30769 30769 30767 30767 30767 30767 30877 30877 30877 30877 30877 30767 30767 30767 30767 30767 30767 30767 30877 30877 30877 30877 30877 30877 30877 30877 30767 30767 30767 30767 30767 30767 30767 30767 30767 30767 30767 30767 30767 30767 30767 30767 30767 30767 30767 30767 30767 30767 30767 
30195 30195 30195 30195 30195 30195 30195 30195 30195 30195 30195 30195 30195 30195 30195 30195 30195 30195 30195 30195 30195 30195 30195 30195 30195 30195 30195 30195 30195 30195 30195 30195 30195 30195 30195 30195 30195 30195 30195 30195 30195 30195 30195 30195 30195 30195 30195 30195 30195 30195 30195 30575 30575 30575 30575 30575 30575 30575 30575 30575 30575 30575 30575 30575 30575 30575 30575 30575 30575 30336 30336 30336 30336 30336 30336 30336 30336 30336 30336 30336 30336 30336 30336 30336 30336 30336 30336 30336 30336 30336 30336 30336 30336 30336 30336 30336 30336 30336 30336 30336 30336 30336 30336 30336 30336 30336 30336 30336 30336 30336 30336 30336 30336 30336 30336 30336 30336 30336 30336 30336 30336 30336 30336 30336 30336 30336 30336 
30190 30181 29907 29907 29907 29907 29907 29907 29907 29907 29907 29907 30064 30064 30064 30064 30064 30064 30064 30064 30064 30064 30064 30064 30064 30064 30064 30064 30064 30064 30064 30064 29907 29907 29907 29907 29907 29907 29907 29907 29907 29907 30064 30064 30064 30064 30064 30064 30064 30064 30064 30064 30064 30064 30064 30064 30064 30064 30064 29907 29907 29907 29907 29907 29907 29907 29907 29907 29907 29907 29907 30064 30064 30064 30064 29907 29907 29907 29907 29907 29907 29907 29907 29907 29907 29907 29907 29907 29907 29907 29907 29907 29907 29907 29907 29907 29907 29907 29907 29907 29907 29907 29907 29907 29907 29907 29907 29907 29907 29907 29907 29907 29907 29907 29907 29907 29907 29907 29907 29907 29907 29907 29907 29907 29907 29907 29907 
29139 29139 29139 29139 29139 29139 29139 29139 29139 29139 29139 29139 29139 29139 29139 29139 29139 29139 29139 29139 29139 29139 29139 29139 29139 29139 29139 29139 29139 29139 29139 29139 29139 29139 29139 29139 29139 29139 29139 29139 29139 29139 29139 29139 29139 29139 29139 29139 29139 29139 29139 29139 29139 29139 29139 29139 29139 29139 29139 29139 29331 29331 29331 29331 29331 29331 29331 29331 29331 29331 29331 29331 29331 29331 29331 29331 29331 29331 29331 29331 29331 29331 29331 29331 29331 29331 29331 29331 29455 29331 29331 29331 29331 29331 29331 29331 29331 29331 29331 29331 29331 29331 29331 29331 29331 29331 29331 29331 29331 29331 29331 29331 29331 29331 29331 29331 29331 29331 29331 29331 29331 29331 29331 29331 29331 
29125 29125 28947 29043 28947 28947 28947 28947 28947 28947 28947 28947 28947 28947 28947 28947 29043 29043 29043 29043 29043 28947 28947 28947 28947 28947 28947 28947 28947 28947 28947 28947 28947 28947 28947 28947 28947 28947 28947 28947 28947 28947 28947 28947 28947 28947 28947 28947 28947 28947 28947 28947 28947 28947 28947 28947 28947 28947 28947 28947 28947 28947 28947 28947 28947 28947 28947 28947 28947 28947 28947 28947 28947 28947 28947 28947 28947 28947 28947 28947 28947 29008 29008 29008 29008 29008 28947 28947 28947 28947 28947 28947 28947 28947 28947 28947 28947 28947 28947 28947 28947 28947 28947 28947 28947 28947 28947 28947 28947 28947 28947 28947 
28942 28851 28933 28755 28755 28755 28755 28755 28755 28933 28933 28755 28755 28755 28755 28755 28755 28851 28851 28851 28851 28755 28755 28851 28851 28816 28816 28851 28851 28851 28851 28851 28851 28851 28851 28851 28851 28851 28851 28851 28851 28816 28816 28755 28755 28755 28755 28755 28755 28755 28755 28755 28851 28851 28851 28755 28755 28755 28755 28755 28755 28755 28755 28755 28755 28755 28755 28755 28816 28816 28755 28755 28755 28755 28755 28755 28816 28816 28816 28755 28755 28755 28755 28816 28816 28816 28816 28816 28816 28755 28755 28755 28755 28755 28755 28755 28755 28755 28755 28755 28755 28755 28755 28755 28755 28755 28755 28755 28755 28755 28755 28755 28755 28755 28755 28755 28755 28755 
28243 28243 28243 28243 28243 28243 28243 28243 28243 28243 28243 28243 28243 28243 28243 28243 28243 28243 28243 28243 28243 28243 28243 28243 28243 28243 28243 28243 28243 28243 28243 28243 28243 28243 28243 28243 28243 28243 28243 28243 28243 28243 28243 28243 28243 28243 28243 28243 28243 28371 28371 28371 28463 28371 28371 28371 28371 28371 28371 28371 28371 28371 28371 28371 28371 28371 28371 28371 28371 28371 28371 28371 28371 28371 28371 28371 28371 28371 28371 28371 28371 28371 28371 28371 28371 28371 28371 28371 28371 28371 28371 28371 28371 28371 28371 28371 28371 28371 28371 28371 28371 28371 28371 28371 28371 28371 28371 28371 28371 28371 28371 28371 28371 28371 
28229 28229 28115 28115 28115 28115 28115 28115 28115 28115 28115 28179 28179 28179 28179 28115 28115 28159 28159 28115 28115 28115 28115 28115 28115 28115 28115 28115 28115 28115 28115 28115 28115 28115 28147 28147 28147 28147 28147 28147 28147 28147 28147 28147 28115 28115 28115 28115 28115 28115 28115 28115 28115 28115 28115 28147 28147 28147 28147 28112 28112 28112 28112 28112 28112 28112 28112 28112 28112 28112 28112 28112 28112 28112 28112 28115 28115 28115 28115 28115 28115 28115 28115 28115 28115 28115 28112 28112 28112 28112 28112 28112 28112 28112 28112 
28104 28098 27854 27854 27854 27854 27854 27920 27920 27920 27854 27854 27854 27854 27854 27854 27854 27854 27854 27854 27854 27854 27854 27854 27854 27854 27854 27854 27854 27920 27854 27854 27854 27854 27854 27854 27854 27854 27854 27854 27854 27856 27856 27856 27856 27856 27856 27856 27856 27856 27856 27856 27856 27856 27856 27852 27920 27920 27850 27850 27850 27850 27850 27850 27850 27850 27920 27920 27920 27920 27850 27850 27850 27850 27850 27850 27850 27850 27850 27850 27850 27850 27850 27850 27850 27850 27850 27850 27850 27850 27850 27850 27850 27850 27850 27850 27850 27850 27850 27850 27850 
27842 27836 27592 27658 27658 27658 27658 27592 27658 27658 27658 27592 27658 27592 27658 27658 27658 27592 27658 27592 27592 27592 27592 27658 27592 27658 27658 27592 27592 27592 27592 27592 27592 27592 27592 27592 27592 27592 27592 27592 27592 27722 27722 27722 27722 27722 27722 27722 27722 27722 27722 27722 27722 27722 27722 27785 27591 27591 27754 27591 27591 27754 27754 27754 27754 27754 27754 27754 27754 27754 27754 27754 27754 27754 27591 27754 27754 27754 27754 27658 27658 27658 27658 27658 27658 27658 27658 27658 27658 27658 27658 27658 27658 27658 27658 27658 27658 27658 27658 27658 27658 27658 27591 27591 27591 27591 27591 27591 27591 27658 27658 27658 27658 27658 27658 27591 27591 27591 27591 27591 27591 27591 27591 27591 27591 27591 27591 27591 27591 27591 27591 27591 27591 27591 27591 27591 27591 27591 27591 27591 27591 27591 27591 27591 27591 27591 27591 27591 27591 27591 27591 27591 27591 27591 27591 27591 27591 27591 27591 27591 27591 27591 27591 27591 27591 27591 
26903 26903 26903 26903 26903 26903 26903 26903 26903 26903 26903 26903 26903 26903 26903 26903 26903 26903 26903 26903 26903 26903 26903 26903 26903 26903 26903 26903 26903 26903 26903 26903 26903 26903 26903 26903 26903 26903 26903 26903 26903 26903 26903 26903 26903 26903 26903 26903 26903 26903 26903 26903 26903 26903 26903 26903 26903 26903 26903 26903 26903 26903 26903 26903 26903 26903 26903 26903 26903 26903 26947 26947 26947 27163 26947 26947 26947 26947 26947 26947 26947 26947 26947 26947 26947 26947 26947 26947 26947 26947 26947 26947 26947 26947 26947 26947 26947 26947 26947 26947 26947 26947 26947 26947 26947 26947 26947 26947 26947 26947 26947 26947 26947 26947 26947 26945 26945 26945 26945 26945 26945 26945 26945 26945 26945 26945 26945 26945 26945 26945 26945 26945 26945 26945 26945 26945 26945 26945 26945 26945 26945 26945 26945 26945 26945 26945 26945 26945 26945 26945 26945 26945 26945 26945 26945 26945 26945 26945 26945 26945 26945 26945 26945 26945 26945 26945 26945 26945 26945 26945 26945 26945 26945 26945 26945 26945 26945 26945 26945 
26895 26889 26645 26645 26645 26645 26645 26645 26645 26645 26645 26645 26645 26645 26645 26645 26645 26645 26645 26645 26645 26645 26645 26645 26645 26645 26645 26645 26645 26645 26645 26645 26645 26645 26645 26645 26645 26645 26683 26603 26611 26603 26603 26603 26603 26603 26603 26603 26603 26603 26603 26603 26603 26603 26603 26603 26603 26603 26603 26603 26603 26601 26601 26601 26601 26601 26601 26601 26601 26601 26601 26601 26601 26601 26601 26601 26601 26601 26601 26601 26601 26601 26601 26601 26601 26601 26601 26601 26601 26601 26601 26601 26601 26601 26601 26601 26601 26601 26601 26601 26601 26601 26601 26601 26601 26601 26601 26601 26601 26601 26601 
26596 26429 26429 26429 26429 26429 26429 26429 26429 26429 26429 26429 26429 26429 26429 26429 26429 26429 26429 26429 26429 26429 26429 26429 26429 26429 26429 26429 26429 26429 26429 26429 26429 26429 26429 26429 26429 26429 26536 26536 26536 26536 26536 26536 26536 26536 26536 26536 26536 26536 26536 26536 26536 26536 26536 26450 26450 26450 26450 26450 26505 26505 26505 26505 26505 26505 26505 26505 26505 26505 26505 26505 26505 26505 26505 26450 26450 26450 26450 26450 26450 26450 26450 26450 26450 26450 26450 26450 26450 26450 26450 26450 26450 26450 26450 26450 26450 26450 26450 26450 26450 26450 26450 26450 26450 26450 26450 26450 26450 26450 26450 
26424 26333 26333 26333 26333 26333 26333 26333 26412 26412 26415 26415 26415 26415 26396 26396 26412 26396 26396 26396 26278 26333 26333 26333 26333 26333 26333 26278 26333 26333 26333 26300 26333 26333 26333 26333 26333 26333 26333 26333 26278 26278 26278 26278 26333 26333 26278 26333 26333 26333 26333 26333 26333 26333 26333 26333 26333 26333 26333 26333 26333 26333 26333 26333 26333 26333 26333 26333 26333 26333 26333 26333 26333 26333 26333 26333 26333 26333 26333 26333 26278 26278 26278 26278 26278 26278 26278 26278 26278 26278 26278 26278 26278 26278 26278 26278 26278 26278 26278 26278 26278 26278 26278 26278 26278 26278 26278 26278 26278 26278 26278 26278 26278 26278 26278 26278 26278 26278 
25878 25878 25878 25878 25878 25878 25878 25878 25878 25878 25878 25878 25878 25878 25878 25878 25878 25878 25878 25878 25878 25878 25878 25878 25878 25878 25878 25878 25878 25878 25878 25878 25878 25878 25878 25878 25878 25878 25878 25878 25878 25878 25878 25878 25878 25978 25978 25978 25978 25978 25978 25978 25978 25978 25978 25978 25978 25978 25978 25978 25978 25978 25986 25986 25978 25976 25976 25976 25976 25976 25976 25976 25976 25976 25976 25976 25976 25976 25976 25976 25976 25976 25976 25976 25976 25976 25976 25976 25976 25976 25976 25976 25976 25976 25976 25976 25976 25976 25976 25976 26020 26020 26020 25976 25976 25976 25976 25976 25976 25976 25976 25976 25976 25976 25976 25976 25976 25976 
25871 25864 25778 25778 25778 25778 25778 25782 25778 25782 25830 25830 25778 25778 25778 25778 25778 25778 25778 25778 25778 25778 25778 25778 25778 25776 25776 25776 25776 25776 25776 25782 25776 25776 25782 25776 25782 25782 25776 25776 25776 25776 25776 25776 25778 25778 25778 25778 25778 25778 25778 25782 25782 25782 25782 25782 25782 25782 25782 25782 25782 25782 25782 25782 25782 25782 25782 25782 25782 25782 25782 25782 25782 25782 25782 25782 25782 25782 25782 25782 25782 25778 25778 25778 
25771 25762 25757 25757 25757 25757 25680 25743 25743 25676 25680 25762 25762 25762 25680 25743 25743 25743 25743 25743 25743 25680 25680 25743 25743 25743 25743 25680 25743 25743 25743 25676 25676 25676 25676 25680 25680 25680 25680 25680 25680 25676 25676 25680 25676 25676 25676 25676 25676 25676 25676 25676 25676 25676 25680 25680 25680 25680 25680 25680 25680 25680 25680 25680 25680 25680 25680 25680 25680 25680 25680 25680 25680 25676 25676 25676 25680 25676 25676 25676 25676 25676 25676 
25412 25412 25412 25412 25412 25412 25412 25412 25412 25412 25412 25412 25412 25412 25412 25412 25412 25412 25412 25412 25412 25412 25412 25412 25412 25412 25412 25412 25412 25412 25412 25476 25476 25476 25476 25476 25476 25484 25476 25476 25476 25476 25476 25476 25476 25476 25476 25476 25476 25476 25476 25476 25476 25476 25476 25476 25476 25476 25476 25476 25476 25476 25476 25476 25476 25476 25476 25476 25476 25476 25476 25476 25476 25476 25476 25476 25476 25476 25476 25476 25476 25476 25476 
25398 25398 25344 25344 25344 25344 25380 25380 25344 25344 25344 25344 25344 25344 25344 25344 25344 25344 25344 25344 25344 25344 25344 25344 25344 25344 25344 25344 25348 25344 25344 25344 25346 25346 25346 25346 25346 25346 25346 25346 25346 25346 25346 25346 25346 25346 25346 25316 25346 25346 25346 25346 25346 25346 25346 25346 25316 25316 25316 25316 25316 25316 25316 25316 25316 25316 25316 25316 25316 25316 25316 25316 25316 25316 25316 25316 25316 25316 25316 25316 25316 25316 25316 25316 25316 
25060 25060 25180 25180 25180 25180 25060 25060 25060 25060 25060 25060 25180 25180 25180 25180 25180 25060 25060 25060 25060 25060 25060 25060 25060 25060 25060 25060 25060 25060 25180 25180 25124 25124 25124 25124 25124 25124 25124 25124 25124 25124 25124 25124 25124 25124 25124 25124 25124 25124 25124 25124 25124 25124 25124 25124 25124 25124 25124 25124 25124 25124 25124 25124 25124 25124 25124 25124 25124 25124 25124 25124 25124 25124 25124 25124 25124 25124 25124 25124 25124 25124 25124 25124 25124 
25046 25046 24932 24992 24996 24992 24992 24992 24992 24992 24932 24996 24996 24992 24992 24996 24964 24932 24932 24932 24932 24932 24932 24932 24932 24932 24932 24932 24932 24932 24932 24992 24992 24994 24994 24994 24994 24994 24994 24994 24994 24994 24994 24994 24994 24994 24994 24994 24994 24994 24994 24994 24994 24994 24994 24994 24994 24994 24994 24994 24994 24994 
24927 24928 24903 24903 24903 24903 24903 24918 24906 24899 24866 24918 24918 24918 24899 24868 24899 24899 24906 24866 24906 24906 24906 24899 24906 24899 24899 24899 24899 24899 24899 24868 24868 24868 24866 24866 24868 24868 24868 24868 24868 24868 24868 24866 24866 24866 24866 24866 24866 24866 24866 24866 24866 24866 24868 24868 24866 24866 24866 24866 24866 24866 
24858 24850 24690 24690 24690 24690 24690 24690 24690 24690 24690 24690 24690 24690 24690 24690 24690 24690 24690 24690 24690 24690 24734 24734 24734 24734 24734 24734 24734 24734 24734 24734 24734 24734 24734 24734 24770 24770 24770 24770 24770 24734 24770 24770 24734 24734 24734 24734 24734 24734 24734 24734 24734 24734 24734 24734 24734 24734 24734 24734 24734 
24683 24676 24646 24662 24670 24662 24646 24646 24646 24646 24646 24646 24646 24646 24646 24646 24646 24646 24646 24646 24646 24646 24664 24657 24646 24646 24646 24646 24646 24646 24646 24646 24626 24626 24626 24626 24646 24626 24626 24626 24626 24626 24626 24626 24626 24626 24626 24626 24626 24626 24626 24626 24626 24626 24626 24626 24626 24626 24626 24626 24626 24626 
24458 24538 24538 24458 24458 24458 24538 24538 24458 24538 24458 24458 24458 24458 24458 24458 24458 24458 24458 24458 24458 24516 24494 24494 24494 24494 24494 24494 24494 24494 24494 24494 24494 24494 24494 24494 24530 24530 24530 24530 24530 24530 24530 24530 24530 24530 24494 24494 24494 24494 24494 24494 24494 24494 24494 24494 24494 24494 24494 24494 24494 24494 24494 
24444 24444 24414 24370 24370 24370 24426 24370 24414 24370 24370 24370 24370 24370 24370 24370 24370 24370 24370 24370 24370 24370 24410 24410 24416 24416 24416 24414 24414 24416 24416 24416 24425 24416 24416 24416 24416 24414 24416 24414 24414 24414 
24365 24366 24363 24363 24356 24356 24363 24344 24356 24337 24344 24337 24356 24356 24326 24326 24326 24326 24337 24344 24337 24344 24344 24326 24337 24326 24326 24326 24326 24326 24326 24326 24326 24326 24326 24326 24326 24326 24326 24326 24326 24326 
24214 24214 24214 24214 24214 24214 24214 24214 24214 24214 24214 24214 24214 24214 24238 24238 24238 24238 24238 24238 24238 24238 24238 24238 24238 24238 24238 24238 24238 24238 24238 24238 24238 24238 24238 24238 24238 24238 24238 24238 24238 24238 24238 
24200 24200 24182 24198 24182 24182 24182 24182 24182 24182 24182 24182 24182 24182 24182 24182 24186 24186 24181 24188 24181 24188 24186 24188 24186 24186 24186 24186 24170 24172 24172 24172 24170 24170 24170 24172 24170 24170 24170 24170 24170 24170 24170 
24106 24050 24050 24106 24050 24050 24050 24050 24050 24050 24050 24050 24050 24050 24050 24078 24078 24078 24078 24078 24078 24078 24078 24122 24078 24078 24078 24078 24078 24078 24078 24078 24078 24078 24078 24078 24078 24078 24078 24078 24078 24078 24078 24078 24078 
24036 24036 24018 23986 24018 24018 24018 24018 23986 23986 23986 23986 23986 23986 23986 23986 24022 24022 24017 24017 24022 24022 24022 24017 24022 24022 24022 24017 24020 24008 24008 24008 24008 24008 24008 24008 24008 24008 24008 24008 
23981 23984 23956 23979 23960 23960 23972 23960 23960 23972 23960 23972 23953 23972 23953 23953 23953 23953 23960 23960 23953 23960 23960 23953 23954 23954 23954 23954 23956 23956 23954 23944 23944 23944 23944 23944 23944 23944 23944 23944 
23832 23832 23832 23832 23832 23832 23832 23832 23832 23832 23832 23832 23832 23832 23860 23860 23860 23860 23860 23860 23860 23860 23860 23860 23860 23860 23860 23860 23884 23860 23860 23860 23860 23860 23860 23860 23860 23860 23860 23860 
23818 23818 23820 23804 23804 23804 23804 23804 23804 23804 23804 23804 23804 23804 23799 23799 23799 23799 23806 23806 23799 23800 23802 23799 23804 23804 23804 23804 23802 23802 23800 23799 
23785 23785 23733 23733 23733 23757 23733 23733 23733 23733 23733 23743 23735 23735 23735 23735 23733 23733 23733 23733 23733 23733 23733 23733 23733 23733 23733 23733 23733 23733 23733 23733 
23719 23719 23713 23689 23713 23689 23689 23689 23689 23685 23689 23685 23683 23683 23683 23683 23683 23683 23683 23689 23689 23683 23683 23683 23683 23705 23705 23701 23701 23701 23701 
23669 23669 23671 23663 23663 23661 23661 23661 23661 23661 23661 23657 23669 23669 23661 23661 23665 23665 23651 23651 23651 23655 23658 23657 23653 23655 23655 23651 23651 23651 23651 
23571 23611 23611 23611 23611 23571 23571 23571 23571 23571 23607 23587 23587 23587 23587 23587 23603 23587 23587 23587 23587 23603 23603 23603 23587 23587 23587 23587 23587 23587 23587 
23557 23557 23527 23527 23527 23527 23527 23527 23527 23527 23527 23547 23557 23557 23549 23551 23553 23553 23545 23545 23549 23549 23546 23545 23541 23543 23543 23543 23541 23541 
23522 23505 23501 23505 23499 23501 23501 23501 23501 23501 23501 23507 23505 23513 23502 23502 23502 23505 23497 23501 23505 23499 23502 23501 23497 23499 23499 23499 23497 23497 
23417 23417 23417 23417 23417 23417 23417 23417 23417 23417 23437 23437 23437 23437 23437 23437 23437 23437 23437 23437 23437 23449 23437 23437 23447 23441 23437 23441 23437 23437 
23403 23403 23397 23397 23397 23397 23397 23397 23397 23397 23391 23391 23395 23403 23392 23392 23399 23395 23397 23397 23392 23389 23391 23391 23389 23389 23389 23389 
23349 23349 23317 23317 23317 23317 23317 23317 23317 23349 23333 23333 23333 23333 23333 23333 23333 23333 23333 23333 23333 23333 23333 23333 23333 23333 23333 23333 
23303 23303 23305 23277 23277 23277 23277 23277 23277 23277 23292 23297 23297 23303 23292 23292 23292 23297 23297 23297 23295 23289 23291 23289 23292 23289 23289 23289 
23272 23257 23249 23259 23259 23257 23257 23251 23259 23251 23251 23257 23263 23263 23257 23257 23257 23257 23255 23255 23255 23249 23251 23249 23252 23249 23249 23249 
23241 23169 23169 23169 23169 23169 23169 23169 23169 23169 23193 23193 23193 23193 23205 23193 23193 23213 23193 23193 23193 23193 23201 23193 23193 23193 23193 23193 
23162 23159 23153 23153 23153 23153 23153 23153 23151 23143 23143 23149 23155 23155 23149 23149 23147 23147 23149 23149 23143 23147 23143 23143 23144 23143 
23135 23129 23095 23095 23095 23095 23095 23095 23075 23075 23075 23075 23075 23075 23075 23075 23075 23075 23075 23075 23075 23075 23075 23095 23075 23075 23075 23075 23075 23075 23075 23075 23075 23075 
23069 23043 23043 23043 23043 23043 23043 23043 23063 23063 23063 23063 23055 23061 23055 23057 23055 23055 23055 23055 23050 23041 23050 23050 23050 23041 23041 23041 23041 23041 23041 23041 23041 23041 
23033 22953 22953 22953 22953 22953 22953 22953 22953 22953 22953 22973 22973 22973 22973 22973 22973 22973 22973 22973 22973 22973 22973 22973 22973 22973 22973 22973 22973 22973 22973 22973 22973 22973 
22945 22939 22905 22905 22905 22905 22905 22905 22929 22929 22929 22929 22935 22939 22933 22931 22933 22933 22933 22933 22931 22928 22928 22928 22928 
22898 22897 22897 22897 22885 22891 22880 22891 22891 22885 22885 22880 22885 22883 22885 22883 22883 22883 22885 22885 22883 22883 22880 22880 22880 
22864 22816 22816 22816 22816 22816 22816 22816 22832 22832 22832 22832 22830 22830 22830 22830 22830 22830 22830 22830 22830 22832 22830 22830 22830 
22809 22802 22800 22800 22802 22798 22798 22798 22798 22796 22796 22800 22796 22794 22796 22794 22794 22794 22796 22796 22794 22794 
22738 22762 22762 22762 22738 22738 22738 22750 22750 22750 22750 22750 22750 22750 22750 22750 22750 22750 22750 22750 22750 22750 
22731 22724 22722 22722 22706 22706 22706 22706 22720 22718 22718 22716 22718 22724 22718 22718 22718 22720 22718 22718 22716 22716 
22699 22698 22698 22698 22686 22672 22692 22692 22684 22686 22686 22684 22692 22692 22686 22686 22686 22672 22686 22686 22684 22672 22672 22672 22672 22677 22677 22677 22672 22672 22672 22672 22672 
22576 22576 22576 22576 22576 22576 22576 22576 22576 22576 22576 22576 22604 22604 22604 22604 22604 22604 22604 22604 22604 22604 22604 22604 22604 22604 22604 22604 22604 22604 22604 22604 22604 
22569 22562 22560 22560 22556 22556 22556 22556 22556 22556 22556 22554 22562 22562 22556 22556 22554 22556 22554 22556 22552 22552 22552 22552 
22512 22536 22488 22488 22488 22488 22488 22488 22504 22512 22504 22504 22504 22504 22504 22504 22504 22504 22504 22504 22504 22504 22504 22504 
22481 22474 22472 22472 22456 22456 22456 22456 22468 22468 22468 22466 22472 22474 22468 22468 22468 22468 22466 22468 22466 22466 
22449 22448 22448 22448 22436 22436 22440 22436 22442 22442 22436 22434 22440 22440 22436 22420 22434 22434 22434 22420 22420 22420 22420 22420 22420 22420 22420 22420 22420 22420 22420 22420 22420 22420 22420 
22412 22404 22324 22324 22324 22324 22324 22324 22324 22324 22324 22324 22348 22348 22348 22348 22348 22348 22348 22348 22348 22348 22348 22348 22348 22348 22348 22348 22348 22348 22348 22348 22348 22348 22348 
22317 22310 22308 22308 22300 22300 22300 22300 22300 22300 22300 22300 22310 22310 22304 22304 22300 22300 22300 22300 22300 22302 22300 22300 
22293 22292 22292 22292 22280 22280 22284 22284 22286 22280 22284 22278 22286 22286 22284 22274 22280 22280 22280 22280 22276 22278 22276 22274 22274 22274 
22266 22202 22202 22242 22202 22202 22202 22202 22202 22222 22222 22222 22222 22222 22222 22222 22222 22222 22222 22222 22222 22226 22222 22222 22222 22222 
22195 22188 22186 22186 22186 22186 22186 22186 22184 22184 22186 22180 22180 22188 22178 22180 22182 22182 22182 22182 22180 22180 22178 22178 
22170 22146 22146 22114 22114 22114 22114 22114 22130 22130 22130 22130 22130 22130 22130 22130 22130 22130 22130 22130 22130 22130 22130 22130 
22107 22100 22098 22098 22082 22082 22082 22082 22094 22096 22096 22094 22098 22100 22094 22096 22094 22096 22094 22094 22092 22092 
22075 22074 22074 22074 22050 22068 22066 22060 22062 22064 22062 22062 22066 22068 22062 22064 22064 22062 22062 22062 22060 22050 22050 22050 22050 22050 22050 22050 22050 22050 22050 22050 
22042 22034 21962 22018 21962 21962 21962 21962 21962 21962 21962 21986 21986 21986 21986 21986 21986 21986 21986 21986 21986 21986 21986 21986 21986 21986 21986 21986 21986 21986 21986 21986 
21955 21948 21946 21946 21942 21942 21942 21942 21942 21942 21942 21942 21940 21948 21940 21944 21944 21944 21942 21942 21940 21940 
21932 21924 21908 21908 21884 21884 21884 21900 21900 21896 21896 21894 21894 21894 21894 21894 21894 21894 21894 21894 21894 21894 21894 
21877 21870 21868 21868 21852 21852 21852 21852 21852 21852 21852 21852 21852 21852 21852 21852 21864 21864 21864 21864 21862 21862 
21845 21842 21840 21844 21834 21836 21836 21830 21830 21834 21832 21832 21838 21830 21834 21836 21832 21832 21832 21832 21830 21816 21816 21816 21826 21826 21816 21816 21816 21816 21816 21816 21816 21816 21816 21816 
21808 21720 21720 21720 21720 21720 21720 21720 21720 21720 21720 21720 21744 21744 21744 21744 21744 21744 21744 21744 21744 21744 21744 21744 21744 21744 21744 21744 21744 21744 21744 21744 21744 21744 21744 21744 
21713 21706 21708 21704 21696 21696 21696 21696 21696 21696 21696 21696 21700 21706 21702 21698 21696 21696 21700 21700 21698 21696 21696 21696 
21689 21686 21684 21688 21672 21672 21676 21666 21666 21670 21682 21676 21682 21682 21680 21674 21672 21672 21674 21674 21674 21666 21672 21672 21666 21666 21666 21666 21666 21666 
21650 21650 21586 21634 21586 21586 21586 21586 21586 21586 21602 21602 21602 21602 21602 21602 21600 21600 21600 21600 21618 21600 21618 21600 21600 21600 21600 21600 21600 21600 21600 21600 21600 
21579 21572 21570 21570 21562 21562 21560 21560 21560 21560 21560 21560 21560 21564 21566 21570 21562 21562 21564 21564 21562 21562 21562 21562 
21553 21552 21552 21552 21536 21544 21527 21540 21544 21540 21540 21544 21546 21538 21540 21544 21536 21536 21538 21538 21536 21538 21536 21536 21527 21534 21527 21527 21527 21527 21527 21527 21527 
21439 21511 21495 21495 21439 21439 21439 21439 21439 21439 21439 21463 21463 21463 21463 21463 21461 21461 21461 21461 21461 21461 21461 21461 21461 21461 21461 21461 21461 21461 21461 21461 21461 
21432 21425 21423 21423 21419 21417 21417 21417 21417 21417 21417 21425 21423 21425 21415 21423 21419 21415 21417 21417 21415 21417 21415 21415 
21351 21399 21351 21375 21351 21351 21351 21351 21371 21371 21371 21367 21367 21367 21367 21367 21367 21367 21367 21367 21367 21367 21367 21367 
21344 21337 21335 21331 21331 21319 21319 21319 21329 21329 21329 21337 21329 21337 21335 21335 21331 21331 21329 21329 21329 21329 
21312 21309 21307 21311 21281 21303 21303 21299 21305 21305 21299 21305 21303 21305 21303 21303 21299 21299 21297 21297 21297 21281 21281 21281 21281 21281 21281 21281 21281 21281 21281 21281 21281 21281 21281 21281 21281 
21273 21265 21185 21185 21185 21185 21185 21185 21185 21185 21185 21185 21201 21201 21201 21201 21201 21201 21201 21201 21201 21201 21201 21201 21201 21201 21201 21201 21201 21201 21201 21201 21201 21201 21201 21201 21201 21201 21201 
21178 21171 21169 21169 21153 21153 21153 21153 21153 21153 21153 21153 21153 21153 21153 21153 21165 21161 21163 21163 21163 21161 21161 21161 
21146 21145 21141 21145 21144 21139 21137 21139 21139 21131 21139 21139 21137 21137 21137 21137 21133 21133 21131 21131 21131 21113 21113 21113 21113 21113 21113 21113 21113 21113 21113 21113 21113 21113 21113 21113 21113 21113 
21001 21097 21001 21081 21001 21001 21001 21001 21001 21001 21001 21001 21001 21001 21029 21029 21029 21029 21029 21029 21029 21027 21027 21027 21027 21027 21027 21027 21027 21027 21027 21027 21027 21027 21027 21027 21027 21027 21027 21027 21027 21027 
20994 20987 20985 20985 20973 20973 20973 20971 20971 20971 20971 20971 20971 20971 20971 20985 20981 20981 20981 20981 20979 20973 20973 20973 20973 20973 20973 20973 
20964 20963 20963 20963 20957 20951 20955 20951 20955 20949 20957 20957 20949 20957 20951 20955 20951 20951 20951 20951 20949 20940 20928 20928 20928 20928 20928 20928 20928 20928 20928 20928 20928 20928 20928 20928 20928 20928 20928 20928 20928 20928 
20816 20912 20816 20896 20816 20816 20816 20816 20816 20816 20816 20816 20816 20816 20844 20844 20844 20844 20844 20844 20844 20880 20842 20842 20842 20842 20842 20842 20842 20842 20842 20842 20842 20842 20842 20842 20842 20842 20842 20842 20842 20842 
20802 20802 20796 20800 20788 20788 20788 20786 20786 20786 20786 20786 20786 20786 20786 20796 20788 20796 20796 20796 20794 20794 20788 20788 20788 20788 20788 20788 
20779 20778 20778 20778 20766 20770 20772 20772 20772 20758 20770 20772 20766 20766 20766 20766 20758 20766 20766 20766 20764 20764 20758 20758 20758 20758 20758 20758 
20750 20742 20686 20686 20686 20686 20686 20686 20686 20702 20702 20702 20702 20702 20702 20702 20702 20702 20702 20702 20702 20702 20702 20702 20702 20702 20702 20702 
20672 20672 20670 20666 20666 20666 20666 20666 20666 20666 20670 20664 20668 20666 20671 20670 20666 20666 20666 20666 20664 20664 
20608 20648 20624 20632 20608 20608 20608 20624 20620 20624 20620 20620 20620 20620 20620 20620 20620 20620 20620 20620 20620 20620 
20601 20594 20592 20592 20576 20576 20576 20576 20588 20588 20592 20594 20590 20590 20590 20592 20588 20588 20588 20588 
20569 20568 20568 20568 20562 20560 20562 20558 20562 20558 20562 20561 20561 20562 20560 20556 20556 20556 20556 20556 
20540 20540 20524 20524 20500 20500 20500 20516 20516 20516 20516 20516 20516 20516 20516 20516 20516 20516 20516 20516 
20493 20486 20484 20484 20488 20488 20486 20482 20485 20486 20485 20485 20485 20480 20484 20484 20482 20482 20480 20480 
20472 20432 20456 20448 20432 20432 20440 20440 20440 20440 20440 20444 20440 20440 20440 20440 20444 20444 20440 20440 
20425 20418 20416 20416 20408 20408 20416 20416 20417 20414 20417 20418 20418 20418 20416 20416 20414 20414 
20401 20398 20400 20400 20399 20396 20394 20381 20381 20390 20381 20381 20392 20394 20392 20390 20390 20390 20381 20381 20381 20381 20381 20381 20381 20381 20381 
20365 20365 20349 20349 20309 20309 20309 20309 20309 20325 20325 20325 20325 20325 20323 20349 20323 20323 20323 20323 20323 20333 20333 20333 20323 20323 20323 20323 20323 
20295 20295 20293 20293 20289 20287 20287 20287 20287 20287 20287 20293 20293 20293 20293 20293 20291 20291 
20280 20279 20279 20279 20275 20271 20269 20269 20269 20269 20269 20273 20271 20271 20262 20271 20269 20269 20266 20266 20262 20262 20262 20262 20262 
20254 20246 20230 20230 20198 20198 20198 20198 20214 20214 20214 20214 20212 20212 20212 20212 20212 20212 20212 20212 20214 20212 20212 20212 20212 
20191 20184 20182 20182 20180 20180 20180 20180 20180 20184 20180 20180 20182 20182 20180 20180 20180 20180 
20173 20172 20172 20172 20162 20164 20166 20166 20166 20166 20162 20162 20164 20164 20162 20162 20162 20155 20155 20155 20159 20155 20155 20155 20155 
20147 20139 20123 20123 20091 20091 20091 20091 20107 20107 20107 20107 20105 20105 20105 20123 20105 20105 20105 20105 20105 20107 20105 20107 20105 
20084 20077 20075 20075 20073 20073 20073 20073 20073 20073 20073 20077 20075 20075 20075 20075 20073 20073 
20066 20065 20065 20065 20057 20057 20059 20059 20055 20055 20055 20059 20057 20048 20052 20048 20055 20048 20048 20048 20052 20048 20048 20048 20048 
19976 20032 20016 20016 19976 19976 19976 19976 19976 20000 20000 20000 19998 19998 19998 19998 19998 19998 19998 19998 19998 19998 19998 19998 19998 
19969 19962 19960 19960 19962 19962 19962 19958 19962 19958 19958 19962 19958 19962 19958 19960 19958 19958 
19950 19942 19926 19910 19910 19910 19910 19910 19910 19910 19910 19910 19908 19908 19908 19908 19908 19908 19908 19908 19908 19908 19908 19908 19908 
19900 19892 19884 19884 19884 19884 19894 19894 19894 19894 19890 19894 19894 19894 19883 19883 19883 19883 19883 19883 19883 19883 19883 19883 19883 
19867 19819 19835 19835 19835 19835 19819 19819 19835 19835 19835 19835 19833 19833 19833 19833 19833 19833 19833 19833 19833 19833 19833 19833 19833 
19811 19787 19787 19787 19783 19783 19801 19801 19801 19805 19801 19805 19805 19805 19803 19803 19801 19801 
19776 19773 19771 19775 19769 19767 19765 19769 19769 19769 19765 19765 19767 19769 19767 19767 19765 19765 
19749 19749 19733 19717 19717 19717 19737 19729 19729 19729 19729 19729 19729 19733 19729 19729 19729 19729 
19710 19703 19705 19701 19705 19705 19705 19703 19705 19703 19705 19699 19701 19703 19701 19701 19699 19699 
19691 19683 19675 19667 19651 19651 19663 19663 19663 19663 19663 19663 19663 19663 19663 19663 19663 19663 
19644 19637 19639 19635 19627 19627 19639 19637 19639 19637 19637 19639 19637 19637 19635 19635 
19620 19617 19615 19619 19603 19615 19615 19611 19615 19613 19613 19603 19611 19611 19611 19611 19603 19603 19606 19606 19603 19603 19603 19603 
19595 19587 19571 19539 19539 19539 19539 19539 19555 19555 19555 19555 19555 19555 19555 19555 19555 19555 19555 19555 19555 19555 19555 19555 
19532 19525 19527 19523 19523 19523 19523 19523 19527 19523 19527 19527 19523 19523 19523 19523 
19516 19513 19511 19515 19507 19507 19507 19503 19503 19507 19503 19503 19507 19507 19507 19507 19503 19503 19503 19503 
19487 19487 19479 19471 19455 19455 19463 19463 19463 19463 19463 19463 19463 19463 19463 19463 19463 19463 19463 19463 
19448 19441 19439 19439 19439 19439 19439 19439 19443 19439 19443 19443 19439 19441 19439 19439 
19432 19429 19427 19431 19423 19423 19425 19427 19427 19423 19427 19427 19423 19425 19423 19423 19415 19415 19418 19418 19418 19415 19415 19415 
19407 19391 19391 19351 19351 19351 19351 19351 19359 19359 19359 19359 19359 19359 19359 19383 19359 19359 19359 19359 19359 19359 19359 19367 19359 19359 19359 19359 
19337 19337 19339 19327 19327 19327 19327 19327 19327 19327 19327 19327 19335 19337 19335 19335 
19320 19319 19321 19313 19311 19311 19313 19315 19315 19311 19315 19311 19311 19313 19311 19311 19303 19303 19306 19306 19306 19303 19303 19303 
19239 19279 19239 19239 19239 19239 19239 19239 19255 19255 19255 19255 19255 19255 19255 19255 19255 19255 19255 19255 19255 19255 19255 19255 
19232 19225 19223 19223 19223 19223 19223 19223 19223 19227 19227 19223 19225 19225 19223 19223 
19216 19215 19217 19209 19207 19207 19207 19207 19207 19211 19211 19207 19209 19209 19207 19207 19199 19199 19202 19202 19199 19199 19199 19199 
19135 19183 19175 19135 19135 19135 19135 19135 19151 19151 19151 19151 19151 19151 19151 19151 19151 19151 19151 19151 19151 19151 19151 19151 
19128 19121 19119 19119 19119 19119 19119 19119 19119 19119 19119 19119 19121 19121 19119 19119 
19112 19111 19113 19103 19103 19103 19105 19095 19095 19095 19103 19103 19105 19105 19103 19103 19095 19095 19095 19095 19095 19095 19095 19095 
19087 19079 19031 19031 19031 19031 19031 19031 19047 19047 19047 19047 19047 19047 19047 19047 19047 19047 19047 19047 19047 19047 19047 19047 
19024 19017 19015 19015 19015 19015 19015 19015 19015 19015 19015 19015 19017 19015 19015 19015 
19008 19007 19009 19001 18999 18999 18999 18999 18999 18999 18999 18999 18999 18999 18999 18999 18995 18995 18995 18995 
18987 18979 18963 18963 18970 18955 18955 18955 18955 18955 18955 18955 18955 18955 18955 18955 18955 18955 18955 18955 
18947 18939 18937 18939 18941 18949 18939 18939 18939 18939 18939 18939 18939 18939 18939 18939 18919 18919 18934 18919 18934 18919 18919 18919 18919 18919 18919 18919 18919 18919 18919 18919 18919 18919 18919 
18911 18903 18895 18887 18870 18870 18870 18874 18874 18847 18847 18847 18847 18847 18847 18847 18847 18847 18847 18847 18847 18847 18847 18847 18847 18847 18847 18847 18847 18847 18847 18847 18847 18847 18847 
18839 18831 18829 18831 18831 18841 18831 18831 18831 18831 18831 18831 18831 18831 18831 18831 18806 18795 18806 18795 18795 18806 18795 18795 18795 18795 18795 18795 18795 18795 18795 18795 18795 18795 18795 18795 18806 18806 18795 18806 18795 18795 18795 18795 18795 18795 18795 18795 18795 18795 
18787 18763 18763 18763 18725 18725 18725 18725 18725 18725 18730 18730 18730 18691 18691 18691 18691 18691 18691 18691 18691 18691 18691 18691 18691 18691 18691 18691 18691 18691 18691 18691 18691 18691 18691 18691 18691 18691 18691 18691 18691 18691 18691 18691 18691 18691 18691 18691 18691 18691 
18683 18675 18673 18675 18677 18675 18675 18677 18675 18649 18675 18675 18649 18623 18649 18649 18649 18649 18649 18623 18623 18649 18623 18649 18623 18623 18623 18623 18623 18623 18623 18623 18623 18623 18623 18649 18623 18649 18649 18649 18649 18623 18623 18623 18623 18623 18623 18623 18623 18623 18623 18623 18623 18623 18623 18623 18623 18623 18623 18623 18623 18623 18623 18623 
18615 18607 18591 18591 18525 18525 18525 18525 18525 18525 18525 18525 18525 18525 18538 18538 18538 18483 18483 18483 18483 18483 18483 18483 18483 18483 18483 18483 18483 18483 18483 18483 18483 18483 18527 18481 18481 18481 18481 18481 18481 18481 18481 18481 18481 18481 18481 18481 18481 18481 18481 18481 18481 18481 18481 18481 18481 18481 18481 18481 18481 18481 18481 18481 18481 18481 18481 
18473 18469 18465 18465 18465 18465 18465 18465 18467 18465 18467 18465 18465 18465 18465 18465 18394 18394 18394 18440 18409 18439 18439 18439 18439 18439 18439 18439 18439 18439 18439 18439 18439 18439 18439 18439 18439 18439 18439 18394 18408 18409 18409 18409 18394 18394 18394 18394 18394 18409 18409 18409 18409 18409 18409 18409 18409 18409 18409 18409 18409 18409 18409 18409 18409 18394 18394 18394 18394 18394 18394 18394 18394 18394 18394 18394 18394 18394 18394 18394 18394 18394 18394 
18386 18362 18362 18362 18275 18275 18275 18275 18275 18275 18275 18275 18275 18275 18275 18275 18275 18289 18289 18289 18289 18278 18222 18222 18278 18278 18222 18278 18278 18222 18222 18222 18222 18222 18222 18222 18222 18222 18222 18222 18222 18222 18220 18298 18220 18220 18220 18220 18220 18220 18220 18220 18220 18220 18220 18220 18220 18220 18220 18220 18220 18220 18220 18220 18220 18220 18220 18220 18220 18220 18220 18220 18220 18220 18220 18220 18220 18220 18220 18220 18220 18220 18220 18220 
18212 18208 18204 18204 18206 18204 18204 18204 18119 18119 18204 18119 18204 18204 18204 18204 18119 18119 18119 18119 18178 18148 18147 18178 18178 18178 18178 18178 18178 18178 18119 18119 18147 18147 18178 18178 18178 18178 18178 18178 18119 18148 18119 18148 18148 18148 18148 18119 18119 18119 18119 18148 18148 18148 18141 18141 18141 18141 18141 18141 18119 18119 18148 18119 18119 18119 18119 18119 18119 18148 18119 18119 18119 18119 18119 18119 18119 18119 18119 18119 18119 18119 18119 18119 18119 18119 18119 18119 18119 18119 18119 18119 18119 18119 18119 18119 18119 18119 18119 
18087 18103 18087 18087 17979 17979 17979 17979 17979 17979 17979 17979 17979 17979 17979 17979 17979 17979 17979 17979 17994 18009 17994 17994 17994 17919 17919 17919 17919 17919 17919 17919 17919 17919 17951 17919 17951 17919 17919 17919 17919 17919 17919 17919 17919 17919 17919 17919 17919 17919 17917 17917 17917 17917 17917 17917 17917 17917 17917 17917 17917 17917 17917 17917 17917 17917 17917 17917 17917 17917 17917 17917 17917 17917 17917 17917 17917 17917 17917 17917 17917 17917 17917 17917 17917 17917 17917 17917 17917 17917 17917 17917 17917 17917 17917 17917 17917 17917 17917 
17909 17905 17897 17897 17901 17901 17898 17901 17901 17901 17903 17901 17901 17901 17901 17901 17816 17816 17816 17816 17816 17875 17875 17875 17876 17835 17875 17875 17875 17875 17816 17816 17875 17845 17816 17816 17875 17875 17875 17875 17845 17875 17816 17845 17845 17845 17835 17835 17835 17835 17835 17835 17835 17835 17835 17835 17835 17835 17835 17835 17835 17835 17835 17816 17816 17816 17816 17816 17816 17816 17816 17816 17816 17816 17816 17816 17816 17816 17816 17816 17816 17816 17816 17816 17816 17816 17816 17816 17816 17816 17816 17816 17816 17816 17816 17816 17816 17816 17816 
17808 17800 17784 17784 17676 17676 17676 17676 17676 17676 17676 17676 17676 17676 17676 17676 17676 17676 17676 17676 17691 17706 17691 17691 17691 17616 17616 17684 17684 17684 17616 17616 17684 17616 17616 17616 17616 17616 17616 17616 17616 17616 17616 17616 17616 17616 17616 17616 17616 17616 17614 17614 17614 17614 17614 17614 17614 17614 17614 17614 17614 17614 17614 17614 17614 17614 17614 17614 17614 17614 17614 17614 17614 17614 17614 17614 17614 17614 17614 17614 17614 17614 17614 17614 17614 17614 17614 17614 17614 17614 17614 17614 17614 17614 17614 17614 17614 17614 17614 
17606 17602 17594 17594 17598 17573 17598 17598 17598 17598 17600 17598 17598 17598 17598 17598 17513 17513 17513 17513 17513 17572 17572 17572 17573 17573 17572 17572 17572 17572 17513 17513 17572 17572 17572 17572 17513 17572 17572 17572 17542 17513 17513 17532 17532 17532 17532 17532 17532 17532 17542 17532 17532 17532 17532 17532 17532 17532 17532 17532 17532 17532 17532 17513 17513 17513 17513 17513 17513 17513 17513 17513 17513 17513 17513 17513 17513 17513 17513 17513 17513 17513 17513 17513 17513 17513 17513 17513 17513 17513 17513 17513 17513 17513 17513 17513 17513 17513 17513 
17505 17497 17481 17481 17373 17373 17373 17373 17373 17373 17373 17373 17373 17373 17373 17373 17373 17373 17373 17373 17403 17403 17388 17388 17388 17313 17313 17381 17381 17381 17313 17313 17381 17313 17313 17313 17313 17313 17313 17313 17313 17313 17313 17313 17313 17313 17313 17313 17313 17313 17311 17311 17311 17311 17311 17311 17311 17311 17311 17311 17311 17311 17311 17311 17311 17311 17311 17311 17311 17311 17311 17311 17311 17311 17311 17311 17311 17311 17311 17311 17311 17311 17311 17311 17311 17311 17311 17311 17311 17311 17311 17311 17311 17311 17311 17311 17311 17311 17311 
17303 17299 17295 17295 17297 17297 17295 17295 17194 17229 17295 17295 17295 17295 17295 17270 17194 17194 17194 17194 17194 17194 17194 17269 17269 17269 17194 17269 17269 17269 17269 17269 17269 17269 17269 17269 17269 17269 17269 17269 17194 17194 17229 17238 17229 17229 17229 17229 17229 17229 17229 17229 17229 17229 17229 17229 17229 17229 17229 17194 17194 17194 17229 17239 17239 17239 17239 17229 17229 17229 17194 17194 17194 17194 17194 17194 17194 17194 17194 17194 17194 17194 17194 17194 17194 17194 17194 17194 17194 17194 17194 17194 17194 17194 17194 17194 17194 17194 17194 17194 17194 17194 17194 17194 17194 17194 17194 17194 17194 17194 17194 17194 17194 
17186 17162 17162 17162 17033 17033 17033 17033 17033 17033 17033 17033 17033 17033 17033 17033 17033 17033 17033 17033 17033 17033 17033 17049 17049 17049 17049 17049 17049 16962 16962 16962 17038 16962 16962 16962 16962 16962 16962 16962 16962 16962 16962 16962 16962 16962 16962 16962 16962 16962 16962 16962 16962 16962 16962 16962 16962 16960 16960 16960 16960 16960 16960 16960 16960 16960 16960 16960 16960 16960 16960 16960 16960 16960 16960 16960 16960 16960 16960 16960 16960 16960 16960 16960 16960 16960 16960 16960 16960 16960 16960 16960 16960 16960 16960 16960 16960 16960 16960 16960 16960 16960 16960 16960 16960 16960 16960 16960 16960 16960 16960 16960 
16952 16948 16940 16940 16946 16944 16946 16944 16944 16944 16944 16918 16944 16944 16944 16944 16919 16919 16843 16888 16919 16878 16888 16888 16843 16843 16843 16888 16888 16888 16878 16878 16919 16887 16843 16843 16843 16843 16843 16918 16843 16843 16878 16878 16878 16868 16868 16868 16868 16868 16868 16868 16868 16868 16868 16868 16868 16887 16887 16887 16887 16887 16868 16881 16881 16881 16881 16887 16887 16843 16843 16843 16843 16843 16843 16843 16843 16843 16843 16843 16868 16868 16868 16868 16868 16868 16868 16868 16868 16868 16843 16843 16843 16843 16843 16843 16843 16843 16843 16843 16843 16843 16843 16843 16843 16843 16843 16843 16843 16843 16843 16843 
16811 16811 16811 16811 16682 16682 16682 16682 16682 16689 16682 16682 16682 16682 16682 16682 16682 16682 16689 16689 16682 16682 16682 16698 16698 16698 16698 16698 16698 16611 16611 16611 16611 16687 16611 16611 16611 16611 16611 16611 16611 16611 16611 16611 16611 16611 16611 16611 16611 16611 16611 16611 16611 16611 16611 16611 16611 16609 16609 16609 16609 16609 16609 16609 16609 16609 16609 16609 16609 16609 16609 16609 16609 16609 16609 16609 16609 16609 16609 16609 16609 16609 16609 16609 16609 16609 16609 16609 16609 16609 16609 16609 16609 16609 16609 16609 16609 16609 16609 16609 16609 16609 16609 16609 16609 16609 16609 16609 16609 16609 16609 
16601 16597 16593 16593 16593 16568 16593 16478 16593 16593 16593 16593 16593 16593 16593 16478 16478 16478 16567 16478 16478 16478 16478 16478 16478 16478 16478 16537 16537 16537 16527 16527 16527 16537 16537 16537 16537 16537 16537 16478 16567 16537 16527 16527 16527 16517 16517 16517 16517 16517 16517 16517 16517 16517 16517 16517 16536 16536 16536 16536 16536 16517 16517 16517 16517 16517 16478 16478 16478 16478 16478 16478 16478 16478 16478 16478 16478 16478 16478 16517 16517 16517 16517 16517 16517 16517 16517 16517 16517 16478 16478 16478 16478 16478 16478 16478 16478 16478 16478 16478 16478 16478 16478 16478 16478 16478 16478 16478 16478 16478 16478 16478 16478 16478 16478 16478 16478 16478 16478 16478 
16470 16446 16446 16446 16296 16296 16296 16296 16296 16296 16296 16296 16296 16296 16296 16324 16296 16296 16296 16296 16296 16296 16296 16296 16296 16296 16318 16318 16318 16318 16318 16318 16218 16218 16306 16218 16218 16218 16218 16218 16218 16218 16218 16218 16218 16218 16218 16218 16218 16218 16218 16218 16218 16218 16218 16218 16218 16218 16218 16218 16218 16218 16218 16216 16216 16216 16216 16216 16216 16216 16216 16216 16216 16216 16216 16216 16216 16216 16216 16216 16216 16216 16216 16216 16216 16216 16216 16216 16216 16216 16216 16216 16216 16216 16216 16216 16216 16216 16216 16216 16216 16216 16216 16216 16216 16216 16216 16216 16216 16216 16216 16216 16216 16216 16216 16216 16216 16216 16216 16216 
16208 16204 16200 16200 16210 16210 16200 16200 16200 16200 16200 16200 16200 16200 16200 16069 16069 16069 16069 16144 16192 16174 16069 16069 16069 16069 16069 16069 16069 16069 16069 16069 16174 16174 16069 16069 16069 16069 16069 16069 16174 16069 16124 16134 16134 16134 16144 16144 16124 16144 16144 16124 16124 16144 16124 16144 16144 16134 16134 16134 16134 16134 16134 16124 16134 16069 16069 16069 16069 16069 16069 16069 16069 16069 16069 16069 16069 16069 16069 16069 16069 16124 16124 16124 16124 16124 16124 16124 16124 16069 16069 16069 16069 16069 16069 16069 16069 16069 16069 16069 16069 16069 16069 16069 16069 16069 16069 16069 16069 16069 16069 16069 16069 16069 16069 16069 16069 16069 16069 16069 16069 16069 16069 16069 16069 16069 16069 16069 16069 16069 16069 16069 16069 16069 
16037 16037 16037 16037 15866 15866 15866 15866 15866 15866 15866 15866 15866 15866 15866 15866 15866 15866 15866 15866 15866 15866 15866 15866 15866 15866 15866 15866 15866 15889 15889 15889 15889 15889 15889 15889 15777 15777 15777 15777 15777 15777 15777 15777 15873 15873 15873 15777 15777 15777 15777 15777 15777 15777 15777 15777 15777 15777 15777 15777 15777 15777 15777 15777 15777 15777 15777 15777 15777 15777 15777 15775 15775 15775 15775 15775 15775 15905 15905 15775 15775 15775 15775 15775 15775 15775 15775 15775 15775 15775 15775 15775 15775 15775 15775 15775 15775 15775 15775 15775 15775 15775 15775 15775 15775 15775 15775 15775 15775 15775 15775 15775 15775 15775 15775 15775 15775 15775 15775 15775 15775 15775 15775 15775 15775 15775 15775 15775 15775 15775 15775 15775 15775 
15767 15763 15755 15755 15769 15734 15759 15759 15759 15759 15759 15759 15759 15759 15759 15759 15733 15733 15481 15693 15703 15733 15481 15481 15481 15481 15733 15703 15481 15481 15733 15733 15481 15481 15733 15733 15481 15481 15481 15481 15733 15696 15481 15693 15693 15693 15703 15683 15693 15693 15693 15693 15693 15683 15683 15481 15481 15703 15703 15703 15703 15703 15481 15696 15696 15696 15696 15702 15702 15683 15481 15481 15481 15481 15481 15481 15481 15481 15481 15481 15683 15683 15683 15683 15683 15683 15683 15683 15683 15683 15481 15481 15481 15481 15481 15481 15481 15481 15481 15481 15481 15481 15481 15481 15481 15481 15481 15481 15481 15481 15481 15481 15481 15481 15481 15481 15481 15481 15481 15481 15481 15481 15481 15481 15481 15481 15481 15481 15481 15481 15481 15481 15481 15481 15481 15481 15481 15481 15481 15481 15481 15481 15481 15481 15481 15481 15481 15481 15481 15481 15481 15481 15481 15481 15481 15481 15481 15481 15481 15481 15481 15481 15481 15481 15481 15481 15481 15481 15481 15481 15481 15481 15481 15481 15481 15481 15481 15481 15481 15481 15481 15481 15481 15481 15481 15481 15481 15481 15481 15481 15481 15481 15481 15481 15481 15481 15481 15481 15481 15481 15481 15481 15481 15481 15481 15481 15481 15481 15481 15481 15481 15481 15481 15481 15481 15481 15481 15481 15481 15481 15481 15481 15481 15481 15481 15481 15481 15481 15481 15481 15481 15481 15481 15481 15481 15481 
15449 15449 15449 15449 15075 15075 15075 15075 15075 15075 15075 15075 15075 15075 15075 15075 15075 15075 15327 15103 15103 15103 15075 15075 15075 15075 15075 15075 15075 15075 15075 15075 15075 15075 15075 15075 15075 15075 15075 15103 15075 15075 15075 15075 15075 15075 15075 15075 15075 15075 15075 15103 15103 15075 15075 15075 15075 15116 15116 15116 15116 15116 15116 15116 15116 15116 15116 15116 15116 15116 15116 15116 14893 14893 15089 15089 15089 15089 14893 14893 15089 14893 14893 14893 15089 15089 15089 15089 14893 14893 14893 14893 14893 14893 14893 14893 14893 14893 14893 14893 15013 15013 15013 15013 15013 15013 15013 15013 15013 15013 15013 14893 14893 14893 14893 14893 14893 14893 14893 14893 14893 14893 14893 14893 14893 14893 14893 14893 14893 14893 14893 14893 14893 14893 14893 14893 14893 14893 14893 14893 14893 14893 14893 14893 14893 14893 14893 14893 14893 14893 14893 14893 14893 14893 14893 14893 14893 14893 14893 14893 14893 14893 14893 14893 14893 14893 14893 14893 14893 14893 14893 14893 14893 14893 14893 14893 14893 14893 14893 14893 14893 14893 14893 14893 14893 14893 14893 14893 14893 14893 14893 14893 14893 14893 14893 14893 14893 14893 14893 14893 14893 14893 14893 14893 14893 14893 14893 14893 14893 14893 14893 14893 14893 14893 14893 14893 14893 14893 14893 14893 14893 14893 14893 14893 14893 14893 14893 14893 14893 14893 14893 14893 
14885 14881 14873 14873 14877 14877 14852 14877 14877 14877 14877 14877 14877 14877 14877 14739 14852 14852 14851 14811 14821 14739 14739 14739 14739 14739 14851 14739 14739 14739 14739 14851 14851 14851 14801 14801 14801 14814 14814 14811 14821 14851 14821 14814 14821 14821 14820 14821 14821 14811 14739 14801 14801 14821 14814 14814 14814 14821 14821 14821 14821 14821 14821 14821 14801 14821 14821 14821 14801 14801 14811 14801 14811 14811 14811 14811 14811 14811 14739 14739 14739 14801 14801 14801 14801 14801 14801 14801 14801 14801 14801 14739 14739 14739 14739 14739 14739 14739 14739 14739 14739 14739 14739 14739 14739 14739 14739 14739 14739 14739 14739 14739 14739 14739 14739 14739 14739 14739 14739 14739 14739 14739 14739 14739 14739 14739 14739 14739 14739 14739 14739 14739 14739 14739 14739 14739 14739 14739 14739 14739 14739 
14707 14707 14707 14707 14585 14529 14529 14529 14529 14529 14529 14529 14529 14529 14529 14529 14529 14529 14529 14529 14529 14585 14529 14529 14529 14529 14529 14529 14529 14529 14549 14549 14549 14549 14549 14549 14549 14549 14431 14507 14535 14431 14507 14431 14431 14431 14431 14431 14431 14431 14431 14431 14431 14431 14431 14431 14431 14431 14431 14431 14431 14431 14431 14431 14431 14431 14431 14431 14431 14431 14431 14431 14431 14431 14431 14431 14431 14431 14431 14431 14431 14431 14431 14431 14431 14431 14431 14431 14431 14431 14431 14431 14431 14431 14431 14431 14431 14431 14431 14431 14431 14431 14431 14431 14431 14431 14431 14431 14431 14431 14459 14459 14459 14431 14431 14431 14431 14431 14431 14431 14431 14431 14431 14431 14431 14431 14431 14431 14431 14431 14431 14431 14431 14431 14431 14431 14431 14431 14437 14431 14431 14431 
14423 14419 14411 14411 14415 14425 14415 14415 14415 14415 14415 14415 14415 14415 14415 14415 14412 14412 14389 14277 14277 14358 14358 14358 14277 14339 14358 14359 14352 14359 14277 14277 14277 14358 14277 14277 14277 14277 14277 14277 14277 14277 14277 14277 14359 14359 14339 14352 14352 14352 14352 14359 14359 14359 14359 14359 14359 14359 14277 14277 14277 14277 14277 14277 14339 14277 14358 14358 14358 14358 14358 14358 14277 14277 14277 14277 14277 14277 14277 14339 14339 14349 14277 14277 14277 14277 14277 14277 14277 14277 14277 14277 14277 14277 14277 14277 14277 14277 14277 14277 14277 14277 14277 14277 14277 14277 14277 14277 14277 14277 14277 14277 14277 14277 14277 14277 14277 14277 14277 14277 14277 14277 14277 14277 14277 14277 14277 14277 14277 14277 14277 14277 14277 14277 14277 14277 14277 14277 14277 14277 14277 14277 
14245 14245 14245 14245 14123 14067 14067 14123 14067 14123 14067 14067 14067 14067 14067 14067 14067 14067 14067 14067 14067 14067 14067 14067 14067 14067 14067 14067 14067 14067 14087 14087 14087 14087 14087 14087 14087 14087 13969 13969 14073 14073 13969 14085 13969 13969 13969 13969 13969 13969 13969 13969 13969 13969 13969 13969 13969 13969 13969 13969 13969 13969 13969 13969 13969 13969 13977 13977 13977 13969 13969 13969 13969 13969 13969 13969 13969 13969 13969 13969 13969 13969 13969 13969 13969 13969 13969 13969 13969 13969 13969 13969 13969 13969 13969 13969 13969 13969 13969 13969 13969 13969 13969 13969 13969 13969 13969 13969 13969 13969 13969 13969 13969 13969 13969 13969 13969 13969 13969 13969 13969 13969 13969 13969 13969 13969 13969 13969 13969 13969 13969 13969 13969 13969 13969 13969 13969 13969 13969 13969 13969 13969 
13961 13957 13953 13953 13963 13963 13950 13824 13824 13824 13824 13824 13824 13927 13927 13890 13824 13824 13824 13824 13897 13824 13824 13945 13824 13824 13824 13824 13824 13824 13824 13824 13824 13824 13824 13824 13824 13824 13824 13824 13877 13897 13877 13824 13897 13897 13890 13890 13890 13824 13824 13824 13824 13824 13824 13897 13897 13897 13887 13887 13887 13887 13887 13887 13887 13877 13877 13877 13877 13877 13877 13877 13877 13877 13877 13877 13877 13877 13877 13877 13877 13877 13877 13877 13877 13877 13877 13877 13877 13877 13877 13877 13824 13824 13824 13824 13824 13824 13824 13824 13824 13824 13824 13824 13824 13824 13824 13824 13824 13824 13824 13824 13824 13824 13824 13824 13824 13824 13824 13824 13824 13824 13824 13824 13824 13824 13824 13824 13824 13824 13824 13824 13824 13824 13824 13824 
13816 13808 13792 13792 13621 13670 13670 13621 13670 13670 13621 13670 13670 13670 13670 13621 13670 13670 13670 13670 13621 13670 13621 13621 13621 13621 13621 13621 13621 13644 13644 13644 13644 13644 13644 13644 13536 13536 13536 13536 13536 13536 13536 13632 13632 13632 13536 13536 13536 13536 13536 13536 13536 13536 13536 13536 13536 13536 13536 13536 13536 13536 13536 13536 13536 13536 13536 13536 13536 13536 13536 13536 13534 13534 13534 13534 13534 13534 13534 13534 13534 13534 13534 13534 13534 13534 13534 13534 13534 13534 13534 13534 13534 13534 13534 13534 13534 13534 13534 13534 13534 13534 13534 13534 13534 13534 13534 13534 13534 13534 13534 13534 13534 13534 13534 13534 13534 13534 13534 13534 13534 13534 13534 13534 13534 13534 13534 13534 13534 13534 13534 13534 13534 13534 13534 
13526 13522 13518 13518 13462 13493 13515 13515 13383 13383 13383 13383 13462 13383 13515 13383 13383 13383 13383 13383 13383 13383 13383 13383 13492 13492 13492 13492 13492 13492 13492 13492 13492 13492 13492 13492 13492 13492 13492 13383 13383 13383 13442 13442 13442 13442 13442 13442 13442 13442 13442 13442 13442 13442 13442 13442 13442 13442 13442 13442 13442 13383 13442 13442 13442 13442 13442 13442 13442 13442 13442 13442 13442 13442 13442 13442 13442 13442 13442 13383 13383 13383 13383 13442 13442 13442 13442 13383 13383 13383 13383 13383 13383 13383 13383 13383 13383 13383 13383 13383 13383 13383 13383 13383 13383 13383 13383 13383 13383 13383 13383 13383 13383 13383 13383 13383 13383 13383 13383 13383 13383 13383 13383 13383 13383 13383 13383 13383 13383 13383 13383 13383 13383 13383 13383 13383 
13375 13367 13351 13351 13229 13229 13229 13229 13173 13173 13173 13173 13173 13173 13173 13173 13173 13173 13173 13173 13229 13229 13173 13173 13173 13173 13173 13173 13173 13173 13198 13198 13198 13198 13198 13198 13198 13083 13083 13083 13083 13083 13083 13083 13083 13083 13083 13083 13083 13083 13083 13083 13083 13083 13083 13083 13083 13083 13083 13083 13083 13083 13083 13083 13083 13083 13083 13083 13083 13083 13083 13083 13081 13081 13081 13081 13081 13081 13081 13081 13081 13081 13081 13081 13081 13081 13081 13081 13081 13081 13081 13081 13081 13081 13081 13081 13081 13081 13081 13081 13103 13103 13103 13103 13103 13081 13081 13081 13081 13081 13103 13103 13103 13103 13103 13103 13103 13103 13103 13081 13081 13081 13081 13081 13081 13081 13081 13081 13081 13081 13081 13081 13081 13081 13081 13081 
13073 13069 13061 13061 13006 13040 13062 13006 13067 13006 13006 13006 13006 13006 13006 13006 13006 13006 13006 13006 13006 13006 13006 13006 13039 13039 13039 13039 13039 13039 13039 13039 13039 13039 13039 13039 13039 13039 13039 13039 13039 13006 13006 13006 13006 13006 13006 13006 13006 13006 13006 13006 13006 13006 13006 13006 13006 13006 13006 13006 13006 13006 13006 13006 13006 13006 13006 13006 13008 13006 13006 13006 13006 
12974 12990 12982 12974 12901 12901 12901 12901 12901 12901 12901 12901 12901 12901 12901 12916 12916 12916 12858 12858 12858 12858 12858 12858 12858 12858 12858 12858 12858 12858 12858 12858 12858 12858 12858 12858 12858 12856 12856 12856 12856 12856 12856 12856 12856 12856 12856 12856 12856 12856 12856 12856 12856 12856 12856 12856 12856 12856 12856 12856 12856 12856 12856 12856 12856 12856 12856 12856 12856 12856 12856 12856 12856 
12848 12844 12836 12836 12837 12784 12781 12781 12842 12781 12781 12781 12781 12781 12781 12781 12781 12781 12781 12781 12781 12781 12781 12781 12815 12815 12814 12814 12814 12814 12814 12814 12814 12814 12814 12814 12814 12814 12814 12814 12814 12814 12781 12781 12784 12784 12781 12781 12781 12781 12781 12781 12781 12781 12781 12781 12781 12781 12781 12781 12781 12781 12781 12784 12781 12781 12781 12781 12784 12781 12781 12781 12781 
12773 12749 12749 12749 12676 12676 12676 12676 12676 12676 12676 12676 12676 12676 12676 12691 12691 12691 12633 12633 12633 12633 12633 12633 12633 12633 12633 12633 12633 12633 12633 12633 12633 12633 12633 12633 12633 12631 12631 12631 12631 12631 12631 12631 12631 12631 12631 12631 12631 12631 12631 12631 12631 12631 12631 12631 12631 12631 12631 12631 12631 12631 12631 12631 12631 12631 12631 12631 12631 12631 12631 12631 12631 
12623 12619 12611 12611 12612 12559 12556 12556 12617 12556 12556 12556 12556 12556 12556 12556 12556 12556 12556 12556 12556 12556 12556 12556 12590 12590 12589 12589 12589 12589 12589 12589 12589 12589 12589 12589 12589 12589 12589 12589 12589 12589 12556 12556 12559 12559 12556 12556 12556 12556 12556 12556 12556 12556 12556 12556 12556 12556 12556 12556 12556 12556 12556 12556 12556 12556 12556 12556 12559 12556 12556 12556 12556 
12548 12524 12524 12524 12451 12451 12451 12451 12451 12451 12451 12451 12451 12451 12451 12466 12466 12466 12408 12408 12408 12408 12408 12408 12408 12408 12408 12408 12408 12408 12408 12408 12408 12408 12408 12408 12408 12406 12406 12406 12406 12406 12406 12406 12406 12406 12406 12406 12406 12406 12406 12406 12406 12406 12406 12406 12406 12406 12406 12406 12406 12406 12406 12406 12406 12406 12406 12406 12406 12406 12406 12406 12406 12406 
12398 12394 12386 12386 12387 12334 12331 12331 12392 12331 12331 12331 12331 12331 12331 12331 12331 12331 12331 12331 12331 12331 12331 12331 12365 12365 12364 12364 12364 12364 12364 12364 12364 12364 12364 12364 12364 12364 12364 12364 12364 12364 12331 12331 12334 12334 12331 12331 12331 12331 12331 12331 12331 12331 12331 12331 12331 12331 12331 12331 12331 12331 12331 12331 12331 12331 12331 12331 12331 12331 12331 12331 12331 12331 12331 
12323 12299 12299 12299 12226 12226 12226 12226 12226 12226 12226 12226 12226 12226 12226 12241 12241 12241 12183 12183 12183 12183 12183 12183 12183 12183 12183 12183 12183 12183 12183 12183 12183 12183 12183 12183 12183 12181 12181 12181 12181 12181 12181 12181 12181 12181 12181 12181 12181 12181 12181 12181 12181 12181 12181 12181 12181 12181 12181 12181 12181 12181 12181 12181 12181 12181 12181 12181 12181 12181 12181 12181 12181 
12173 12169 12161 12161 12167 12167 12106 12167 12167 12167 12167 12106 12108 12167 12106 12106 12157 12157 12106 12106 12106 12106 12106 12106 12108 12139 12139 12106 12140 12139 12106 12106 12139 12106 12139 12139 12139 12139 12139 12139 12139 12139 12106 12106 12106 12106 12106 12106 12106 12106 12106 12106 12106 12106 12106 12106 12106 12106 12106 12106 12106 12106 12106 12106 12106 12106 12106 12106 12106 12106 12106 12106 12106 
12074 12090 12074 12074 12001 12001 12001 12001 12001 12001 12001 12001 12001 12001 12001 12011 12011 12011 12011 11954 11954 11954 11954 11954 11954 11954 11954 11954 11954 11954 11954 11954 11954 11954 11954 11954 11954 11954 11952 11952 11952 11952 11952 11952 11952 11952 11952 11952 11952 11952 11952 11952 11952 11952 11952 11952 11952 11952 11952 11952 11952 11952 11952 11952 11952 11952 11952 11952 11952 11952 11952 11952 11952 11952 11952 
11946 11932 11932 11932 11938 11938 11938 11875 11875 11875 11879 11910 11879 11938 11875 11875 11910 11910 11875 11910 11879 11875 11875 11879 11911 11910 11910 11910 11910 11910 11910 11910 11910 11910 11910 11910 11910 11910 11910 11910 11910 11910 11875 11875 11875 11875 11875 11875 11875 11875 11875 11875 11875 11875 11875 11875 11875 11875 11875 11875 11875 11875 11875 11875 11875 11875 11875 11875 11875 11875 11875 11875 11875 11875 11875 
11867 11843 11843 11843 11770 11770 11826 11770 11770 11770 11770 11770 11770 11770 11770 11780 11780 11780 11780 11723 11723 11723 11723 11723 11723 11723 11723 11723 11723 11723 11723 11723 11723 11723 11723 11723 11723 11723 11721 11721 11721 11721 11721 11721 11721 11721 11721 11721 11721 11721 11721 11721 11721 11721 11721 11721 11721 11721 11721 11721 11721 11721 11721 11721 11721 11721 11721 11721 11721 11721 11721 11721 11721 11721 11721 11721 
11715 11701 11701 11701 11707 11707 11707 11644 11644 11644 11648 11679 11648 11707 11644 11644 11679 11679 11644 11679 11648 11644 11644 11648 11680 11679 11679 11679 11679 11679 11679 11679 11679 11679 11679 11679 11679 11679 11679 11679 11679 11679 11644 11644 11644 11644 11644 11644 11644 11644 11644 11644 11644 11644 11644 11644 11644 11644 11644 11644 11644 11644 11644 11644 11644 11649 11649 11649 11644 11644 11644 11644 11644 11644 11644 11644 
11636 11612 11612 11612 11539 11539 11595 11539 11539 11539 11539 11539 11539 11539 11539 11549 11549 11549 11549 11492 11492 11492 11492 11492 11492 11492 11492 11492 11492 11492 11492 11492 11492 11492 11492 11492 11492 11492 11490 11490 11490 11490 11490 11490 11490 11490 11490 11490 11490 11490 11490 11490 11490 11490 11490 11490 11490 11490 11490 11490 11490 11490 11490 11490 11490 11490 11490 11490 11490 11490 11490 11490 11490 11490 11490 
11484 11470 11470 11470 11476 11476 11476 11422 11422 11422 11422 11448 11422 11476 11422 11422 11448 11448 11422 11448 11422 11422 11422 11422 11449 11448 11448 11448 11448 11448 11448 11448 11448 11448 11448 11448 11448 11448 11448 11448 11448 11448 11422 11422 11422 11422 11422 11422 11422 11422 11422 11422 11422 11422 11422 11422 11422 11422 11422 11422 11422 11422 11422 11422 11422 11422 
11414 11390 11398 11390 11331 11373 11331 11331 11331 11331 11331 11331 11331 11337 11337 11337 11337 11286 11286 11286 11286 11286 11286 11286 11286 11286 11286 11286 11286 11286 11286 11286 11286 11286 11286 11286 11286 11286 11286 11286 11286 11286 11286 11286 11286 11286 11286 11286 11286 11286 11286 11286 11286 11286 11286 11286 11286 11286 11286 11286 11286 11286 11286 11286 11286 11286 
11280 11266 11266 11266 11272 11272 11272 11272 11272 11272 11272 11272 11272 11272 
11259 11258 11258 11258 11254 11252 11254 11252 11252 11252 11252 11254 11252 11252 
11245 11238 11231 11232 11224 11224 11224 11224 11224 11224 11224 11224 11224 11224 
11217 11216 11216 11216 11216 11216 11216 11216 
11214 11209 11209 11209 11209 11209 11208 11208 
11201 11198 11192 11192 11192 11192 11192 11192 
11190 11190 11177 11177 11177 11177 11177 11177 11177 11177 11177 11177 11177 11177 11177 
11170 11156 11156 11149 11149 11149 11149 11147 11147 11147 11147 11147 11147 11147 11147 
11145 11145 11132 11132 11132 11132 11132 11132 11132 11132 11132 11132 11132 11132 11132 
11118 11118 11111 11104 11104 11104 11104 11102 11102 11102 11102 11102 11102 11102 11102 
11100 11087 11087 11087 11087 11087 11087 11087 11087 11087 11087 11087 11087 11087 11087 
11073 11073 11066 11059 11059 11059 11059 11057 11057 11057 11057 11057 11057 11057 11057 
11055 11053 11042 11042 11042 11042 11042 11042 11042 11042 11042 11042 11042 11042 11042 
11035 11028 11021 11014 11014 11014 11014 11012 11012 11012 11012 11012 11012 11012 11012 
11010 11008 11008 10997 10997 10997 10997 10997 10997 10997 10997 10997 10997 10997 10997 
10990 10983 10976 10969 10969 10969 10969 10967 10967 10967 10967 10967 10967 10967 10967 
10965 10952 10952 10952 10952 10952 10952 10952 10952 10952 10952 10952 10952 10952 10952 
10938 10938 10931 10924 10924 10924 10924 10922 10922 10922 10922 10922 10922 10922 10922 
10920 10907 10907 10907 10907 10907 10907 10907 10907 10907 10907 10907 10907 10907 10907 
10893 10886 10886 10879 10879 10879 10879 10877 10877 10877 10877 10877 10877 10877 10877 
10875 10862 10862 10862 10862 10862 10862 10862 10862 10862 10862 10862 10862 10862 10862 
10848 10841 10841 10834 10834 10834 10834 10832 10832 10832 10832 10832 10832 10832 10832 
10830 10817 10817 10817 10817 10817 10817 10817 10817 10817 10817 10817 10817 10817 10817 
10803 10803 10796 10789 10789 10789 10789 10787 10787 10787 10787 10787 10787 10787 10787 
10785 10772 10772 10772 10772 10772 10772 10772 10772 10772 10772 10772 10772 10772 10772 
10765 10758 10751 10744 10744 10744 10744 10742 10742 10742 10742 10742 10742 10742 10742 
10740 10740 10738 10738 10727 10727 10727 10727 10727 10727 10727 10727 10727 10727 10727 
10706 10706 10706 10699 10699 10699 10699 10697 10697 10697 10697 10697 10697 10697 10697 
10695 10693 10693 10690 10682 10682 10682 10682 10682 10682 10682 10682 10682 10682 10682 
10668 10668 10661 10654 10654 10654 10654 10652 10652 10652 10652 10652 10652 10652 10652 
10650 10637 10637 10637 10637 10637 10637 10637 10637 10637 10637 10637 10637 10637 10637 
10616 10616 10616 10609 10609 10609 10609 10607 10607 10607 10607 10607 10607 10607 10607 
10605 10603 10592 10592 10592 10592 10592 10595 10595 10592 10592 10592 10592 10592 10592 
10571 10571 10571 10564 10564 10564 10564 10562 10562 10562 10562 10562 10562 10562 10562 
10560 10558 10547 10547 10550 10547 10547 10550 10547 10547 10547 10547 10547 10547 10547 
10526 10526 10526 10519 10519 10519 10519 10517 10517 10517 10517 10517 10517 10517 10517 
10515 10513 10502 10502 10502 10502 10502 10505 10502 10502 10502 10502 10502 10502 10502 
10481 10481 10481 10474 10474 10474 10474 10472 10472 10472 10472 10472 10472 10472 10472 
10470 10468 10457 10457 10457 10457 10457 10457 10457 10457 10457 10457 10457 10457 10457 
10436 10443 10436 10429 10429 10429 10429 10427 10427 10427 10427 10427 10427 10427 10427 
10425 10415 10412 10412 10412 10412 10412 10412 10412 10412 10412 10412 10412 10412 10412 
10391 10391 10391 10384 10384 10384 10384 10382 10382 10382 10382 10382 10382 10382 10382 
10380 10380 10367 10367 10367 10367 10367 10367 10367 10367 10367 10367 10367 10367 10367 
10360 10353 10346 10339 10339 10339 10339 10337 10337 10337 10337 10337 10337 10337 10337 
10335 10325 10322 10322 10322 10322 10322 10322 10322 10322 10322 10322 10322 10322 10322 
10315 10308 10301 10294 10294 10294 10294 10292 10292 10292 10292 10292 10292 10292 10292 
10290 10280 10277 10277 10277 10277 10277 10277 10277 10277 10277 10277 10277 10277 10277 
10270 10263 10256 10249 10249 10249 10249 10247 10247 10247 10247 10247 10247 10247 10247 
10245 10235 10232 10232 10232 10232 10232 10232 10232 10232 10232 10232 10232 10232 10232 
10225 10218 10211 10204 10204 10204 10204 10202 10202 10202 10202 10202 10202 10202 10202 
10200 10190 10187 10187 10187 10187 10187 10187 10187 10187 10187 10187 10187 10187 10187 
10180 10173 10166 10159 10159 10159 10159 10157 10157 10157 10157 10157 10157 10157 10157 
10155 10145 10150 10142 10142 10142 10142 10142 10142 10142 10142 10142 10142 10142 10142 
10128 10128 10121 10122 10110 10110 10110 10110 10110 10110 10110 10110 10110 10110 10110 10110 
10108 10108 
10104 10104 
10102 10102 
10098 10098 
10096 10096 
10092 10092 
10090 10090 
10086 10086 
10084 10084 
10080 10080 
10078 10078 
10074 10074 
10073 10072 
10068 10068 
10067 10066 
10062 10062 
10061 10060 
10056 10056 
10055 10054 
10050 10050 
10049 10048 
10044 10044 
10043 10042 
10038 10038 
10037 
10035 
10034 
10032 
10030 10030 
10026 10026 
10024 10024 
10020 10020 
10018 10018 
10014 10014 
10012 10012 
10008 10008 
10006 10006 
10002 10002 
10000 10000 
9996 9996 
9994 9994 
9990 9990 
9988 9988 
9984 9984 
9982 9982 
9978 9978 
9976 9976 
9972 9972 
9970 9970 
9966 9966 
9964 9964 
9960 9960 
9958 9958 
9954 9954 
9952 9952 
9948 9948 
9946 9946 
9942 9942 
9940 9940 
9936 9936 
9934 9934 
9930 9930 
9928 9928 
9924 9924 
9924
