30741
25687 25687 25687 25687 25687 25687 27003 27003 27003 27003 27003 27003 27003 27003 27003 25687 25687 25687 25687 25687 25687 25687 25687 25687 25687 25687 25687 25687 25687 25687 25687 25687 25687 27003 25680 25680 25680 25680 25680 25680 25680 25680 25680 25680 25680 25680 25680 25680 25680 25680 25680 25680 25680 25680 25680 25680 25680 25680 25680 25680 25680 25680 25680 25680 25680 25680 25680 25680 25680 25680 25680 25680 25680 25680 25680 25680 25680 25680 25680 28335 28335 28335 28335 28335 29101 29101 28199 27553 27553 27553 27553 27553 27553 27553 27553 27553 27553 28335 28335 28335 28335 28335 28335 28335 28171 28171 28335 28199 28171 28199 28199 28199 28055 27435 27553 27553 27553 27435 
24668 24668 24668 24668 24668 24668 24668 24668 24668 24668 24968 24968 24968 24968 24968 22374 22994 22994 22994 22374 22374 24234 24234 24234 24234 24234 24234 24234 24234 24234 24234 24234 24234 24234 22374 22374 22492 22492 22374 24536 24536 24668 24340 24340 24340 24536 23284 23280 23274 23280 23280 23110 23110 22994 23110 23110 23110 23274 23274 23110 22994 23110 23110 22994 23110 23110 22492 22492 22492 23110 23110 24040 24340 24040 24040 22994 24040 22492 23340 23340 23340 23340 23274 22994 22994 22994 22994 22994 23138 23138 23340 23274 23274 23274 23274 23274 23274 23274 23274 23274 23274 23274 23274 23274 23274 23274 23274 23110 23110 23274 23138 23110 23138 23138 23138 22994 22374 22492 22492 22492 22492 22374 
21904 21904 21432 21432 21432 21904 21904 21904 21904 21904 21904 21432 21432 21432 21904 21904 21904 21904 21904 21904 21904 21432 21432 21432 21432 21432 21432 21432 21432 21432 21432 21432 21432 21432 21432 21432 21432 21432 21432 21432 21432 21432 21432 21432 21432 21432 21432 21432 21432 21432 21432 21432 21432 21432 21432 21432 21432 21432 21432 21432 
21406 21406 21406 21406 21406 21406 
21404 21354 21354 21354 21354 21354 21354 21354 
21328 21328 21328 21328 21328 21328 21328 21328 21328 21328 21328 21328 
21326 21276 21276 21276 21276 21276 21276 21276 21276 21276 21276 21276 
21250 21250 21250 21250 21250 21250 21250 21250 21250 21250 21250 21250 21250 21250 21250 21250 
21198 21224 21198 21198 21198 21198 21198 21198 21198 21198 21198 21198 21198 
21172 21172 21172 21172 21172 21172 21172 21172 21172 21172 21172 21172 21172 
21120 21120 21120 21120 21120 21120 21120 21120 21120 21120 21120 21120 
21094 21094 21094 21094 21094 21094 21094 21094 21094 21094 21094 21094 21094 21094 21094 21094 
21042 21042 21042 21042 21042 21042 21042 21042 21042 21042 21042 21042 
21016 21016 21016 21016 21016 21016 21016 21016 21016 21016 21016 21016 21016 21016 21016 21016 
20964 20964 20964 20964 20964 20964 20964 20964 20964 20964 
20938 20938 20938 20938 20938 20938 20938 20938 20938 20938 20938 20938 20938 
20886 20886 20886 20886 20886 20886 20886 20886 20886 
20860 20860 20860 20860 20860 20860 20860 20860 20860 20860 20860 20860 20860 
20834 20808 20808 20808 20808 20808 20808 20808 20808 
20782 20782 20782 20782 20782 20782 20782 20782 20782 20782 20782 20782 20782 
20730 20730 20730 20730 20730 20730 20730 20730 20730 
20704 20704 20704 20704 20704 20704 20704 20704 20704 
20652 20652 20652 20652 20652 20652 20652 20652 20652 20652 20652 20652 
20626 20626 20626 20626 20626 20626 20626 20626 20626 20626 20626 20626 20626 20626 20626 20626 
20574 20574 20574 20574 20574 20574 20574 20574 20574 20574 20574 20574 
20548 20548 20548 20548 20548 20548 20548 20548 20548 20548 20548 20548 20548 20548 20548 20548 
20522 20496 20496 20496 20496 20496 20496 20496 20496 20496 20496 20496 
20470 20470 20470 20470 20470 20470 20470 20470 20470 20470 20470 20470 20470 20470 20470 20470 
20468 20418 20418 20418 20418 20418 20418 20418 20418 20418 20418 20418 
20392 20392 20392 20392 20392 20392 20392 20392 20392 20392 20392 20392 20392 20392 20392 20392 
20390 20340 20340 20340 20340 20340 20340 20340 20340 20340 20340 20340 
20314 20314 20314 20314 20314 20314 20314 20314 20314 20314 20314 20314 20314 20314 20314 20314 
20262 20262 20262 20262 20262 20262 20262 20288 20262 20262 20262 20262 
20236 20236 20236 20236 20236 20236 20236 20236 20236 20236 20236 20236 
20184 20184 20184 20184 20184 20184 20184 20184 20184 20184 20184 20184 
20158 20158 20158 20158 20158 20158 20158 20158 20158 20158 20158 20158 
20106 20106 20106 20106 20106 20106 20106 20106 20106 20106 20106 20106 20106 20106 20106 20106 
20080 20080 20080 20080 20080 20080 20080 20080 20080 20080 20080 20080 20080 20080 20080 20080 
20028 20028 20028 20028 20028 20028 20028 20028 20028 20028 20028 20028 20028 20028 
20002 20002 20002 20002 20002 20002 20002 20002 20002 20002 20002 20002 20002 20002 
19950 19950 19950 19950 19950 19950 19950 19950 19950 19950 19950 19950 19950 19950 19950 
19924 19924 19924 19924 19924 19924 19924 19924 19924 19924 19924 19924 19924 19924 19924 
19872 19872 19872 19872 19872 19872 19872 19872 19872 19872 19872 19872 19872 
19846 19846 19846 19846 19846 19846 19846 19846 19846 19846 19846 19846 19846 
19794 19794 19794 19794 19794 19794 19794 19794 19794 19794 19794 19794 
19768 19768 19768 19768 19768 19768 19768 19768 19768 19768 19768 19768 
19716 19716 19716 19716 19716 19716 19716 19716 19716 19716 19716 19716 
19690 19690 19690 19690 19690 19690 19690 19690 19690 19690 19690 19690 
19638 19638 19638 19638 19638 19638 19638 19638 19638 19638 19638 19638 19638 19638 19638 19638 
19638
