32217
24558 24558 24558 24558 24558 24558 24558 24345 23199 28832 27633 
23079 23079 23079 23079 23079 22344 22799 22379 21089 19814 20851 
19644 19644 19644 19644 19644 18594 17779 18054 17739 17004 
15074 15074 15074 16104 16104 15074 15074 15094 15074 15357 
15011 15011 15011 14972 15011 14930 14735 14453 13877 
12368 12368 12368 13775 13103 12725 12368 13256 12725 
12266 12266 12266 12266 12029 11123 11636 11123 11123 
10562 10391 11021 10391 10502 10562 10391 10580 10349 
10286 10247 10109 9728 10247 9197 9617 9962 9197 
9053 9053 8576 8636 8576 8636 8465 8810 8354 
8291 8153 7862 8252 7811 7811 7622 7967 7580 
7319 7319 7070 7478 7421 7070 7070 7130 
6809 6809 6911 6968 6869 6749 6869 6620 
6359 6557 6359 6359 6419 6359 6419 6164 
6062 6101 6134 6101 6062 6062 6090 
6056 5999 6032 5990 5999 6012 
5966 5966 5966 5966 5971 
5945 5960 5945 5939 
5936 5937 
5933 5934 
5930 5931 
5927 5928 
5926 
5924 
5924
