32217
24581 24581 24581 24581 24581 24581 24581 23867 22865 28281 27633 
22145 22145 22145 22145 22079 22079 22385 20153 20843 19019 20611 
18965 18965 18947 18965 18005 17381 17573 17279 17285 15647 
15575 15575 15593 15593 14633 14405 15143 14453 13253 
13199 13181 13199 13181 12749 11615 12437 11807 10811 
10805 10739 10757 10757 10307 10607 10355 9827 9173 
8555 9101 9119 9119 8555 8159 8669 8189 8839 
7601 8087 8087 8105 7619 7601 7601 7175 7777 
7103 7103 6617 7103 6617 6947 6617 6614 
6542 6542 6542 6560 6386 6410 6386 6209 
6203 6143 6137 6137 6113 6034 
5998 5986 5986 5986 5970 6001 
5952 5958 5946 5952 
5940 5938 5938 
5933 5936 
5930 5931 
5927 5928 
5926 
5926
