32217
24535 24535 24535 24535 24535 24535 24535 24535 24535 29659 29659 
24153 24153 24153 24153 24153 24153 24153 23867 23691 21977 21977 
21595 21595 21595 21595 21595 21595 21595 20963 20963 19949 
19725 19725 19725 19725 19725 19725 19725 19725 
19343 19343 19501 19501 19501 19501 19277 19277 
19053 19053 19053 19053 19053 19053 19053 19053 
18605 18605 18671 18671 18671 18829 18829 18605 
18381 18381 18381 18381 18381 18381 18381 18381 
18125 18125 18125 18125 18125 18157 18157 18125 
17933 17933 17933 17933 18029 18029 17933 
17862 17862 17862 17862 17862 17862 17862 
17720 17720 17720 17720 17792 17720 17720 
17649 17649 17649 17649 17649 17649 17649 
17579 17507 17507 17507 17507 17579 17507 
17436 17436 17436 17436 17436 17436 17436 
17294 17294 17294 17294 17366 17294 17294 
17223 17223 17223 17223 17223 17223 17223 
17153 17153 17081 17081 17081 17153 17081 
17010 17010 17010 17010 17010 17010 17010 
16868 16940 16868 16868 16940 16868 16868 
16797 16797 16797 16797 16797 16797 16797 
16655 16655 16655 16655 16655 16655 16655 
16584 16584 16584 16584 16584 16584 16584 
16442 16514 16442 16442 16442 16514 16442 
16371 16371 16371 16371 16371 16371 16371 
16229 16229 16229 16229 16301 16229 16229 
16158 16158 16158 16158 16158 16158 16158 
16016 16016 16016 16016 16088 16016 16016 
15945 15945 15945 15945 15945 15945 15945 
15803 15803 15803 15803 15875 15803 15803 
15732 15732 15732 15732 15732 15732 15732 
15590 15590 15590 15590 15662 15590 15590 
15551 15551 15551 15551 15551 15551 
15473 15473 15513 15473 15473 15473 
15434 15434 15434 15434 15434 15434 
15356 15356 15356 15356 15396 15356 
15317 15317 15317 15317 15317 15317 
15239 15239 15279 15239 15279 15239 
15200 15200 15200 15200 15200 15200 
15122 15122 15162 15162 15162 15122 
15083 15083 15083 15083 15083 15083 
15045 15045 15005 15005 15005 15005 
14966 14966 14966 14966 14966 14966 
14888 14888 14888 14888 14928 14888 
14849 14849 14849 14849 14849 14849 
14771 14771 14771 14771 14811 14771 
14732 14732 14732 14732 14732 14732 
14654 14654 14654 14654 14694 14654 
14615 14615 14615 14615 14615 14615 
14537 14537 14537 14537 14577 14537 
14498 14498 14498 14498 14498 14498 
14420 14420 14420 14420 14460 14420 
14381 14381 14381 14381 14381 14381 
14303 14303 14303 14303 14343 14303 
14264 14264 14264 14264 14264 14264 
14186 14186 14186 14186 14226 14186 
14147 14147 14147 14147 14147 14147 
14069 14069 14069 14069 14109 14069 
14030 14030 14030 14030 14030 14030 
13952 13952 13952 13952 13992 13952 
13913 13913 13913 13913 13913 13913 
13835 13835 13835 13835 13875 13835 
13796 13796 13796 13796 13796 13796 
13718 13718 13718 13718 13758 13718 
13679 13679 13679 13679 13679 13679 
13601 13601 13601 13601 13641 13601 
13562 13562 13562 13562 13562 13562 
13484 13484 13484 13484 13524 13484 
13445 13445 13445 13445 13445 13445 
13367 13367 13367 13367 13407 13367 
13360 13360 13360 
13354 13354 13346 
13339 13339 13339 
13333 13333 13325 
13318 13318 13318 
13304 13312 13304 
13297 13297 13297 
13283 13291 13283 
13276 13276 13276 
13270 13270 13262 
13255 13255 13255 
13249 13241 13241 
13234 13234 13234 
13220 13228 13220 
13213 13213 13213 
13199 13199 13199 
13192 13192 13192 
13178 13178 13178 
13171 13171 13171 
13157 13157 13157 
13150 13150 13150 
13136 13136 13136 
13129 13129 13129 
13115 13115 13115 
13108 13108 13108 
13094 13094 13094 
13087 13087 13087 
13073 13073 13073 
13066 13066 13066 
13052 13052 13052 
13045 13045 13045 
13031 13031 13031 
13024 13024 13024 
13010 13010 13010 
13003 13003 13003 
12989 12989 12989 
12982 12982 12982 
12968 12968 12968 
12961 12961 12961 
12947 12947 12947 
12940 12940 12940 
12926 12926 12926 
12919 12919 12919 
12905 12905 12905 
12898 12898 12898 
12884 12884 12884 
12877 12877 12877 
12863 12863 12863 
12856 12856 12856 
12842 12842 12842 
12835 12835 12835 
12821 12821 12821 
12814 12814 12814 
12800 12800 12800 
12793 12793 12793 
12779 12779 12779 
12779
