32217
24535 24535 24535 24535 24535 24535 24535 24535 23867 29661 27633 
23707 23707 23707 23707 23707 23707 23467 23103 22519 21243 21309 
20843 20843 20843 20843 20843 20843 20843 20479 19951 19596 
19436 19436 19436 19436 19436 18304 18304 18304 18304 17565 
16273 16273 17165 17405 17405 17165 16273 16273 16273 15921 
15761 15761 15521 15761 15761 15761 14629 14629 14629 14627 
14525 13118 13118 14012 14012 13118 14012 14012 13430 
12503 12863 13016 13016 13016 11873 12503 12626 11873 
10652 10652 11618 11771 11771 11381 11006 11381 10652 
10091 9455 10550 10397 10397 10397 10031 10160 9455 
8840 9200 8840 9353 9353 9200 8963 8834 8588 
8333 7973 8486 8096 8096 8096 8027 8027 8228 
7352 7718 7871 7718 7718 7352 7481 7352 
7250 6791 6860 6791 6791 7097 6860 6791 
6689 6299 6299 6299 6299 6299 6299 6299 
6044 6197 6044 6044 6044 6197 6044 6132 
5942 5942 5942 5942 5942 5942 
5941 
5939 
5938 
5936 
5935 
5933 
5932 
5930 
5929 
5927 
5927
