32217
24581 24581 24581 24581 24581 24581 24581 24201 23199 28281 27633 
22731 22731 22731 22731 22731 20043 22731 22053 20637 19953 20851 
19943 19943 19650 19650 19650 19452 18267 18309 17922 18306 
17912 17912 17421 17421 17421 17619 17619 17379 16236 16278 
16231 16226 15933 15936 15936 15735 15735 15615 14592 14589 
14584 14579 14088 14286 14286 14088 14088 13344 13080 12945 
12940 12935 12444 12774 12774 11436 12453 11436 11700 
11431 11426 11133 11133 11133 10935 10911 10191 10557 
10186 10181 9630 9630 9630 9630 9666 9630 9312 
9307 9302 8781 8751 8787 8751 8691 8769 8502 
8492 8492 7959 7959 7971 7971 8262 7959 7692 
7687 7682 7497 7281 7281 7281 7452 7281 6813 
6808 6803 6600 6699 6699 6600 6618 6408 
6403 6398 6351 6282 6282 6285 6207 6274 
6202 6197 6174 6150 6135 6111 6141 
6101 6101 6054 6054 6054 5991 6045 
5981 5981 5970 5964 5973 
5959 5954 5946 5940 
5935 5934 5936 
5930 5930 
5927 
5926 
5924 
5924
