32217
24558 24558 24558 24558 24558 24558 24558 24535 23867 29653 27633 
21967 21967 21967 21967 21967 21967 23515 21967 22519 21615 21613 
19949 19949 19949 19949 19949 21437 19949 19949 20085 19966 
19835 19835 19835 19835 19835 17918 18302 18263 18704 18302 
17765 17765 17765 17765 17765 16271 16697 17297 17051 16232 
16118 16118 16118 16079 16079 14987 14585 15740 15365 14585 
14432 14432 14432 14471 14471 14024 12941 12941 13718 12941 
12788 12788 12788 12827 12827 11696 12728 12449 12074 
11543 11543 10499 11582 11582 10829 10475 11075 10829 
10361 10361 10361 9278 9278 9278 9278 9608 9608 
8657 9164 8411 8411 8411 8411 8411 8717 8411 
7790 7790 8297 8258 8258 7850 7850 7790 8053 
7676 7259 7229 7298 7298 7676 7259 7229 7432 
7076 6698 7115 7115 7115 6698 6737 6698 6871 
6206 6206 6206 6206 6206 6206 6206 6206 6340 
6053 6053 6053 6053 6053 6092 5993 6073 
5942 5942 5942 5942 5942 
5939 5940 
5938 5937 
5933 5933 
5932 
5930 
5929 
5927 
5926 
5924 
5924
