32217
24627 24627 24627 24627 24627 24627 24627 23867 22531 27633 27633 
21979 21979 21979 21979 21979 21979 21691 21003 20187 18016 20095 
18010 17920 17662 16798 17662 17662 17032 16930 15574 16369 
15568 15220 15220 15220 15286 15286 15082 14332 13930 13927 
13921 12733 12733 13873 13831 13639 13435 12943 12193 
12187 10999 12169 12097 12097 12001 11653 11209 9871 
9865 9493 9835 9313 9253 9583 9253 8809 8629 
8623 8593 8137 8137 8071 8089 8137 7543 7483 
7417 7417 7417 7309 7309 7105 6907 7066 
6901 6841 6733 6841 6733 6553 6487 6490 
6421 6397 6433 6397 6343 6295 6277 
6211 6241 6229 6211 6175 6085 6070 
6052 6040 6034 6022 6016 6036 
6010 5998 5980 5962 5965 
5956 5950 5946 5938 
5933 5932 
5927 5930 
5924 
5924
