34058
25410 25410 25410 25410 25410 25410 25410 24986 23825 30086 29706 
23675 23675 23675 23675 23675 23597 23363 22523 22271 20615 21327 
20610 20605 20387 20387 18692 19724 19724 19874 19775 18764 
18687 18682 17801 18461 18563 18593 17801 18026 17402 17135 
17130 17125 15284 15284 16100 15512 15512 16394 15284 15284 
15274 15274 15185 14249 15155 13961 13661 14618 13694 13694 
13651 13651 13532 13532 12995 13559 13433 12338 12071 12104 
12061 12061 11036 11843 11036 11036 11843 11231 10661 10514 
10504 10504 10370 10385 10286 9104 10286 9104 9224 
9099 9094 8960 8876 8876 8399 7706 8180 7706 
7696 7696 6965 7592 7478 6782 6383 6782 6416 
6378 6373 6371 6239 6254 5858 5858 5858 
5848 5848 5744 5630 5630 5630 5630 
5620 5620 5618 5592 5543 5543 5543 
5537 5533 5328 5328 5328 5328 5021 5105 
5015 5011 5009 4965 4983 4965 
4959 4955 4825 4825 4825 4629 4737 
4623 4619 4617 4591 4591 4591 
4585 4581 4571 4496 4496 4363 4363 
4357 4353 4351 4347 4339 4326 
4320 4316 4306 4236 4236 4227 4104 
4098 4094 4092 4088 4080 
4074 4070 4060 4020 4017 3981 
3975 3971 3961 3936 3965 
3930 3926 3924 3920 3920 
3914 3910 3896 3896 3904 
3890 3886 3884 3880 
3874 3870 3868 
3864 3864 
3863 
3860 3857 
3857
