34058
25364 25364 25364 25364 25364 25364 25208 27092 25346 28107 29706 
25112 25100 25076 24317 24317 24317 22766 23789 20082 18971 20856 
18875 18863 18839 18707 18707 18491 18386 17711 16604 15289 
15193 15181 15157 14827 14321 14761 14222 13848 12659 14237 
12563 12551 12527 12395 12395 12179 11993 10724 8465 
8369 8357 8333 8201 8201 7985 7628 7205 5945 
5849 5837 5813 5780 5755 5567 5406 5028 
4930 4918 4892 4911 4868 4804 4538 4766 
4440 4428 4402 4421 4348 4314 4274 
4176 4164 4138 4157 4098 4082 4144 
3986 3976 3958 4026 4002 
3948 3931 3922 3910 3910 
3898 3888 3874 3886 
3864 3862 3870 
3856 3858 
3850 3850 
3849 
3848 
3848
