34058
25433 25433 25433 25433 25433 25433 25433 24608 23589 29330 29706 
23199 23199 23221 23139 23067 21029 21029 22285 21069 19781 21245 
19471 19471 19413 19331 19259 19397 19102 18617 18191 16535 
16225 16225 16167 16085 16013 16151 15856 15371 14945 13379 
13069 13069 13011 12929 12857 12995 12700 12539 11699 
11389 11389 11331 11249 11177 11315 11020 10535 8879 
8569 8569 8511 8429 8357 8495 8200 7481 6419 
6109 6109 6051 5969 5897 6035 6035 6059 
5617 5617 5617 5617 5617 5617 5617 5617 
5357 5565 5357 5489 5357 5357 5357 5437 
5261 5165 5261 5165 5249 5165 5162 5176 
4938 4938 4938 5034 4938 4986 5062 4981 
4770 4770 4770 4770 4770 4762 4860 4802 
4546 4546 4666 4564 4576 4546 4459 4626 
4403 4311 4331 4331 4311 4311 4373 4323 
4305 4221 4203 4239 4203 4183 4238 
4171 4093 4093 4093 3997 3991 3988 
3982 3976 3936 3936 3964 3956 
3924 3912 3888 3888 3888 
3880 3880 3883 3880 
3874 3874 3876 
3870 3872 3870 
3864 3864 
3860 3862 
3857 
3856 
3852 3854 
3850 
3850
