34058
25410 25410 25410 25410 25410 25410 25410 24608 26218 30086 29706 
24580 22370 22370 22370 22370 22988 21392 21728 22652 20900 22110 
20872 20636 20120 20636 20636 19394 19490 19418 19220 17654 
17626 17390 17390 16220 16220 17456 16244 16280 14900 
14872 14636 14702 14702 14702 14702 13502 12080 12254 
12052 10682 11882 11882 11882 10760 10790 10748 9284 
9256 9020 9242 9086 9086 8444 7964 7952 7604 
7576 6938 7340 7406 7406 6284 6284 6272 6038 
6010 5774 5774 5906 5774 5774 5774 5772 
5746 5748 5640 5640 5640 5637 5642 5642 
5614 5578 5604 5556 5578 5556 5507 5457 
5431 5145 4791 5331 4791 4791 4791 4377 5097 
4354 4370 4344 4344 4344 4342 4296 
4270 4272 4170 4170 4146 4044 4095 
4018 4020 3972 3972 3949 3939 3977 
3913 3915 3915 3912 3923 
3886 3906 3900 3890 
3881 3880 3874 3864 
3862 3862 
3856 3856 3858 
3853 3854 
3850 
3850
