34058
25364 25364 25364 25364 25364 25364 25283 24230 25285 29189 29706 
24199 23700 23700 23700 23700 21240 23570 22780 21560 19334 21732 
19303 19004 19004 19004 19004 19004 18670 18006 17374 16178 
16147 15848 15848 15848 15848 15848 15514 14874 14218 12776 
12745 12446 12446 12446 12446 12446 11448 11448 10935 11198 
10904 10415 10415 10415 10415 10605 10105 9756 8831 
8800 8501 8501 8501 8501 8501 7847 7503 6962 
6931 6892 6432 6432 6632 6632 6132 5765 6436 
5734 5705 5705 5666 5653 5324 5315 5241 
5209 5208 5161 5161 5097 4977 4851 4848 
4816 4815 4788 4776 4736 4610 4584 4717 
4552 4551 4534 4504 4440 4320 4386 
4290 4288 4288 4243 4225 4160 4251 
4130 4096 4096 4080 4046 4043 
4013 4011 4011 3989 3975 4010 
3945 3959 3927 3927 3927 
3897 3913 3911 3919 
3890 3885 3881 3889 
3873 3867 3857 
3853 3855 
3850 
3849 
3848 
3848
