34058
25433 25433 25433 25433 25433 25433 25433 25062 22688 29330 29706 
22280 22280 22280 22280 22280 22280 20168 21536 20120 17752 20378 
16464 16464 16464 16464 16464 15632 16464 16168 15632 13544 
13528 12616 12616 13136 12616 12616 12616 11768 10912 
10648 10648 9832 10648 10648 9832 9832 9832 8332 
8068 8068 8068 7252 8116 8068 7348 7260 6700 
5812 5716 5972 6484 6436 5812 5996 5620 5884 
5614 5468 5468 5468 5468 5420 5264 5352 
5250 5250 5180 5180 5000 5000 4992 5008 
4978 4978 4908 4908 4873 4788 4584 4736 
4570 4570 4542 4524 4448 4440 4450 4448 
4433 4419 4412 4380 4314 4304 4306 4306 
4290 4290 4276 4248 4202 4100 4176 
4086 4086 4046 4040 4024 4036 
4010 4010 3989 3928 3928 3928 
3921 3916 3904 3896 3912 
3882 3882 3872 3872 
3865 3860 3860 
3853 3850 
3849 
3848 
3848
