34058
25364 25364 25364 25364 25364 25364 25364 25364 25341 31602 31176 
23391 23391 23391 23391 23391 23391 23391 23391 24035 24035 23165 
21215 21889 21889 21889 21889 21889 21889 21215 22013 20691 20691 
20651 20611 20611 20651 20651 20611 
20571 20571 20571 20571 20571 20571 
20491 20491 20491 20531 20531 20491 
20451 20451 20451 20451 20451 20451 
20411 20371 20371 20371 20411 20371 
20331 20331 20331 20331 20331 20331 
20251 20251 20251 20251 20251 20251 
20211 20211 20211 20211 20211 20211 
20171 20131 20131 20131 20171 20131 
20091 20091 20091 20091 20091 20091 
20011 20051 20051 20051 20011 20011 
19971 19971 19971 19971 19971 19971 
19891 19891 19891 19931 19891 19891 
19851 19851 19851 19851 19851 19851 
19771 19811 19811 19811 19771 19771 
19731 19731 19731 19731 19731 19731 
19651 19651 19651 19691 19651 19651 
19611 19611 19611 19611 19611 19611 
19531 19571 19571 19571 19531 19531 
19491 19491 19491 19491 19491 19491 
19411 19411 19411 19451 19411 19411 
19371 19371 19371 19371 19371 19371 
19291 19331 19331 19331 19291 19291 
19251 19251 19251 19251 19251 19251 
19171 19171 19171 19211 19171 19171 
19131 19131 19131 19131 19131 19131 
19051 19091 19091 19091 19051 19051 
19011 19011 19011 19011 19011 19011 
18931 18931 18931 18971 18931 18931 
18891 18891 18891 18891 18891 18891 
18811 18851 18851 18851 18811 18811 
18771 18771 18771 18771 18771 18771 
18691 18691 18691 18731 18691 18691 
18651 18651 18651 18651 18651 18651 
18571 18611 18611 18611 18571 18571 
18531 18531 18531 18531 18531 18531 
18451 18451 18451 18491 18451 18451 
18411 18411 18411 18411 18411 18411 
18331 18371 18371 18371 18331 18331 
18291 18291 18291 18291 18291 18291 
18211 18211 18211 18251 18211 18211 
18171 18171 18171 18171 18171 18171 
18091 18131 18131 18131 18091 18091 
18051 18051 18051 18051 18051 18051 
17971 17971 17971 18011 17971 17971 
17931 17931 17931 17931 17931 17931 
17851 17891 17891 17891 17851 17851 
17811 17811 17811 17811 17811 17811 
17731 17731 17731 17771 17731 17731 
17691 17691 17691 17691 17691 17691 
17611 17651 17651 17651 17611 17611 
17571 17571 17571 17571 17571 17571 
17491 17491 17491 17531 17491 17491 
17482 17482 17482 17482 
17474 17474 17464 17464 
17455 17455 17455 17455 
17447 17447 17447 17437 
17428 17428 17428 17428 
17410 17410 17420 17410 
17401 17401 17401 17401 
17383 17393 17383 17383 
17374 17374 17374 17374 
17356 17356 17356 17356 
17347 17347 17347 17347 
17339 17339 17339 17329 
17320 17320 17320 17320 
17302 17302 17312 17302 
17293 17293 17293 17293 
17275 17275 17275 17275 
17266 17266 17266 17266 
17248 17248 17258 17248 
17239 17239 17239 17239 
17221 17221 17231 17221 
17212 17212 17212 17212 
17194 17194 17204 17194 
17185 17185 17185 17185 
17167 17167 17177 17167 
17158 17158 17158 17158 
17140 17140 17150 17140 
17131 17131 17131 17131 
17113 17113 17123 17113 
17104 17104 17104 17104 
17086 17086 17096 17086 
17077 17077 17077 17077 
17059 17059 17069 17059 
17050 17050 17050 17050 
17032 17032 17042 17032 
17023 17023 17023 17023 
17005 17005 17015 17005 
16996 16996 16996 16996 
16978 16978 16988 16978 
16969 16969 16969 16969 
16951 16951 16961 16951 
16942 16942 16942 16942 
16924 16924 16934 16924 
16915 16915 16915 16915 
16897 16897 16907 16897 
16888 16888 16888 16888 
16870 16870 16880 16870 
16861 16861 16861 16861 
16843 16843 16853 16843 
16834 16834 16834 16834 
16816 16816 16826 16816 
16807 16807 16807 16807 
16789 16789 16799 16789 
16780 16780 16780 16780 
16762 16762 16772 16762 
16753 16753 16753 16753 
16735 16735 16745 16735 
16726 16726 16726 16726 
16708 16708 16718 16708 
16699 16699 16699 16699 
16681 16681 16691 16681 
16672 16672 16672 16672 
16654 16654 16664 16654 
16645 16645 16645 16645 
16627 16627 16637 16627 
16618 16618 16618 16618 
16600 16600 16610 16600 
16591 16591 16591 16591 
16573 16573 16583 16573 
16564 16564 16564 16564 
16546 16546 16556 16546 
16537 16537 16537 16537 
16519 16519 16529 16519 
16510 16510 16510 16510 
16492 16492 16502 16492 
16483 16483 16483 16483 
16465 16465 16475 16465 
16456 16456 16456 16456 
16438 16438 16448 16438 
16429 16429 16429 16429 
16411 16411 16421 16411 
16402 16402 16402 16402 
16384 16384 16394 16384 
16375 16375 16375 16375 
16357 16357 16367 16357 
16348 16348 16348 16348 
16330 16330 16340 16330 
16321 16321 16321 16321 
16303 16303 16313 16303 
16294 16294 16294 16294 
16276 16276 16286 16276 
16267 16267 16267 16267 
16249 16249 16259 16249 
16240 16240 16240 16240 
16222 16222 16232 16222 
16213 16213 16213 16213 
16195 16195 16205 16195 
16186 16186 16186 16186 
16168 16168 16178 16168 
16159 16159 16159 16159 
16141 16141 16151 16141 
16132 16132 16132 16132 
16114 16114 16124 16114 
16105 16105 16105 16105 
16087 16087 16097 16087 
16078 16078 16078 16078 
16060 16060 16070 16060 
16051 16051 16051 16051 
16033 16033 16043 16033 
16024 16024 16024 16024 
16006 16006 16016 16006 
15997 15997 15997 15997 
15979 15979 15989 15979 
15970 15970 15970 15970 
15952 15952 15962 15952 
15943 15943 15943 15943 
15925 15925 15935 15925 
15916 15916 15916 15916 
15898 15898 15908 15898 
15889 15889 15889 15889 
15871 15871 15881 15871 
15862 15862 15862 15862 
15844 15844 15854 15844 
15835 15835 15835 15835 
15817 15817 15827 15817 
15808 15808 15808 15808 
15790 15790 15800 15790 
15781 15781 15781 15781 
15763 15763 15773 15763 
15754 15754 15754 15754 
15750 15746 15746 15736 
15727 15727 15727 15727 
15709 15719 15719 15709 
15700 15700 15700 15700 
15682 15692 15682 15682 
15673 15673 15673 15673 
15669 15655 15655 15655 
15646 15646 15646 15646 
15628 15638 15628 15628 
15619 15619 15619 15619 
15601 15601 15601 15601 
15592 15592 15592 15592 
15574 15574 15574 15574 
15565 15565 15565 15565 
15547 15547 15547 15547 
15538 15538 15538 15538 
15520 15520 15520 15520 
15511 15511 15511 15511 
15493 15493 15493 15493 
15484 15484 15484 15484 
15466 15466 15466 15466 
15457 15457 15457 15457 
15439 15439 15439 15439 
15430 15430 15430 15430 
15412 15412 15412 15412 
15403 15403 15403 15403 
15385 15385 15385 15385 
15376 15376 15376 15376 
15358 15358 15358 15358 
15349 15349 15349 15349 
15331 15331 15331 15331 
15322 15322 15322 15322 
15304 15304 15304 15304 
15295 15295 15295 15295 
15277 15277 15277 15277 
15268 15268 15268 15268 
15250 15250 15250 15250 
15241 15241 15241 15241 
15223 15223 15223 15223 
15214 15214 15214 15214 
15196 15196 15196 15196 
15187 15187 15187 15187 
15169 15169 15169 15169 
15160 15160 15160 15160 
15142 15142 15142 15142 
15133 15133 15133 15133 
15115 15115 15115 15115 
15106 15106 15106 15106 
15088 15088 15088 15088 
15079 15079 15079 15079 
15061 15061 15061 15061 
15052 15052 15052 15052 
15034 15034 15034 15034 
15025 15025 15025 15025 
15007 15007 15007 15007 
14998 14998 14998 14998 
14980 14980 14980 14980 
14971 14971 14971 14971 
14953 14953 14953 14953 
14944 14944 14944 14944 
14926 14926 14926 14926 
14917 14917 14917 14917 
14899 14899 14899 14899 
14890 14890 14890 14890 
14872 14872 14872 14872 
14863 14863 14863 14863 
14845 14845 14845 14845 
14836 14836 14836 14836 
14818 14818 14818 14818 
14809 14809 14809 14809 
14791 14791 14791 14791 
14782 14782 14782 14782 
14764 14764 14764 14764 
14755 14755 14755 14755 
14737 14737 14737 14737 
14728 14728 14728 14728 
14710 14710 14710 14710 
14701 14701 14701 14701 
14683 14683 14683 14683 
14674 14674 14674 14674 
14656 14656 14656 14656 
14647 14647 14647 14647 
14629 14629 14629 14629 
14620 14620 14620 14620 
14602 14602 14602 14602 
14593 14593 14593 14593 
14575 14575 14575 14575 
14566 14566 14566 14566 
14548 14548 14548 14548 
14539 14539 14539 14539 
14521 14521 14521 14521 
14512 14512 14512 14512 
14494 14494 14494 14494 
14485 14485 14485 14485 
14467 14467 14467 14467 
14458 14458 14458 14458 
14440 14440 14440 14440 
14431 14431 14431 14431 
14413 14413 14413 14413 
14404 14404 14404 14404 
14386 14386 14386 14386 
14377 14377 14377 14377 
14359 14359 14359 14359 
14350 14350 14350 14350 
14342 14332 14342 14332 
14323 14323 14323 14323 
14305 14315 14305 14305 
14296 14296 14296 14296 
14278 14288 14278 14278 
14269 14269 14269 14269 
14261 14261 14261 14251 
14242 14242 14242 14242 
14224 14224 14224 14224 
14215 14215 14215 14215 
14207 14207 14197 14197 
14188 14188 14188 14188 
14184 14170 14170 14170 
14161 14161 14161 14161 
14143 14153 14153 14143 
14134 14134 14134 14134 
14130 14116 14126 14116 
14107 14107 14107 14107 
14089 14099 14099 14089 
14080 14080 14080 14080 
14076 14062 14072 14062 
14053 14053 14053 14053 
14035 14045 14045 14035 
14026 14026 14026 14026 
14022 14008 14018 14008 
13999 13999 13999 13999 
13981 13991 13991 13981 
13972 13972 13972 13972 
13968 13954 13964 13954 
13945 13945 13945 13945 
13927 13937 13937 13927 
13918 13918 13918 13918 
13914 13900 13910 13900 
13891 13891 13891 13891 
13873 13883 13883 13873 
13864 13864 13864 13864 
13860 13846 13856 13846 
13837 13837 13837 13837 
13819 13829 13829 13819 
13810 13810 13810 13810 
13806 13792 13802 13792 
13783 13783 13783 13783 
13765 13775 13775 13765 
13756 13756 13756 13756 
13752 13738 13748 13738 
13729 13729 13729 13729 
13711 13721 13721 13711 
13702 13702 13702 13702 
13698 13684 13694 13684 
13675 13675 13675 13675 
13657 13667 13667 13657 
13648 13648 13648 13648 
13644 13630 13640 13630 
13621 13621 13621 13621 
13603 13613 13613 13603 
13594 13594 13594 13594 
13590 13576 13586 13576 
13567 13567 13567 13567 
13549 13559 13559 13549 
13540 13540 13540 13540 
13536 13522 13532 13522 
13513 13513 13513 13513 
13495 13505 13505 13495 
13486 13486 13486 13486 
13482 13468 13478 13468 
13459 13459 13459 13459 
13441 13451 13451 13441 
13432 13432 13432 13432 
13428 13414 13424 13414 
13405 13405 13405 13405 
13387 13397 13397 13387 
13378 13378 13378 13378 
13374 13360 13370 13360 
13351 13351 13351 13351 
13333 13343 13343 13333 
13324 13324 13324 13324 
13320 13306 13316 13306 
13297 13297 13297 13297 
13279 13289 13289 13279 
13270 13270 13270 13270 
13266 13252 13262 13252 
13243 13243 13243 13243 
13225 13235 13235 13225 
13216 13216 13216 13216 
13212 13198 13208 13198 
13189 13189 13189 13189 
13171 13181 13181 13171 
13162 13162 13162 13162 
13158 13144 13154 13144 
13135 13135 13135 13135 
13117 13127 13127 13117 
13108 13108 13108 13108 
13104 13090 13100 13090 
13081 13081 13081 13081 
13063 13073 13073 13063 
13054 13054 13054 13054 
13050 13036 13046 13036 
13027 13027 13027 13027 
13009 13019 13019 13009 
13005 13005 13005 
13001 13001 12997 
12993 12993 12993 
12989 12989 12985 
12981 12981 12981 
12977 12977 12973 
12969 12969 12969 
12965 12965 12961 
12957 12957 12957 
12953 12953 12949 
12945 12945 12945 
12941 12941 12937 
12933 12933 12933 
12929 12929 12925 
12921 12921 12921 
12917 12917 12913 
12909 12909 12909 
12905 12905 12901 
12897 12897 12897 
12893 12893 12889 
12885 12885 12885 
12881 12881 12877 
12873 12873 12873 
12869 12869 12865 
12861 12861 12861 
12857 12857 12853 
12849 12849 12849 
12845 12845 12841 
12837 12837 12837 
12833 12833 12829 
12825 12825 12825 
12821 12821 12817 
12813 12813 12813 
12809 12809 12805 
12801 12801 12801 
12797 12797 12793 
12789 12789 12789 
12785 12785 12781 
12777 12777 12777 
12773 12773 12769 
12765 12765 12765 
12761 12761 12757 
12753 12753 12753 
12749 12749 12745 
12741 12741 12741 
12737 12737 12733 
12729 12729 12729 
12725 12725 12721 
12717 12717 12717 
12713 12713 12709 
12705 12705 12705 
12701 12701 12697 
12693 12693 12693 
12689 12689 12685 
12681 12681 12681 
12677 12677 12673 
12669 12669 12669 
12665 12665 12661 
12657 12657 12657 
12653 12653 12649 
12645 12645 12645 
12641 12641 12637 
12633 12633 12633 
12629 12629 12625 
12621 12621 12621 
12617 12617 12613 
12609 12609 12609 
12605 12605 12601 
12597 12597 12597 
12593 12593 12589 
12585 12585 12585 
12581 12581 12577 
12573 12573 12573 
12569 12569 12565 
12561 12561 12561 
12557 12557 12553 
12549 12549 12549 
12545 12545 12541 
12537 12537 12537 
12533 12533 12529 
12525 12525 12525 
12521 12521 12517 
12513 12513 12513 
12509 12509 12505 
12501 12501 12501 
12497 12497 12493 
12489 12489 12489 
12485 12485 12481 
12477 12477 12477 
12473 12473 12469 
12465 12465 12465 
12461 12461 12457 
12453 12453 12453 
12449 12449 12445 
12441 12441 12441 
12437 12437 12433 
12429 12429 12429 
12425 12425 12421 
12417 12417 12417 
12413 12413 12409 
12405 12405 12405 
12401 12401 12397 
12393 12393 12393 
12389 12389 12385 
12381 12381 12381 
12377 12377 12373 
12369 12369 12369 
12365 12365 12361 
12357 12357 12357 
12353 12353 12349 
12345 12345 12345 
12341 12341 12337 
12333 12333 12333 
12329 12329 12325 
12321 12321 12321 
12317 12317 12313 
12309 12309 12309 
12305 12305 12301 
12297 12297 12297 
12293 12293 12289 
12285 12285 12285 
12281 12281 12277 
12273 12273 12273 
12269 12269 12265 
12261 12261 12261 
12257 12257 12253 
12249 12249 12249 
12245 12245 12241 
12237 12237 12237 
12233 12233 12229 
12225 12225 12225 
12221 12221 12217 
12213 12213 12213 
12209 12209 12205 
12201 12201 12201 
12197 12197 12193 
12189 12189 12189 
12185 12185 12181 
12177 12177 12177 
12173 12173 12169 
12165 12165 12165 
12161 12161 12157 
12153 12153 12153 
12149 12149 12145 
12141 12141 12141 
12137 12137 12133 
12129 12129 12129 
12125 12125 12121 
12117 12117 12117 
12113 12113 12109 
12105 12105 12105 
12101 12101 12097 
12093 12093 12093 
12089 12089 12085 
12081 12081 12081 
12077 12077 12073 
12069 12069 12069 
12065 12065 12061 
12057 12057 12057 
12053 12053 12049 
12045 12045 12045 
12041 12041 12037 
12033 12033 12033 
12029 12029 12025 
12021 12021 12021 
12017 12017 12013 
12009 12009 12009 
12005 12005 12001 
11997 11997 11997 
11993 11993 11989 
11985 11985 11985 
11981 11981 11977 
11973 11973 11973 
11969 11969 11965 
11961 11961 11961 
11957 11957 11953 
11949 11949 11949 
11945 11945 11941 
11937 11937 11937 
11933 11933 11929 
11925 11925 11925 
11921 11921 11917 
11913 11913 11913 
11909 11909 11905 
11901 11901 11901 
11897 11897 11893 
11889 11889 11889 
11885 11885 11881 
11877 11877 11877 
11873 11873 11869 
11865 11865 11865 
11861 11861 11857 
11853 11853 11853 
11849 11849 11845 
11841 11841 11841 
11837 11837 11833 
11829 11829 11829 
11825 11825 11821 
11817 11817 11817 
11813 11813 11809 
11805 11805 11805 
11801 11801 11797 
11793 11793 11793 
11789 11789 11785 
11781 11781 11781 
11777 11777 11773 
11769 11769 11769 
11765 11765 11761 
11757 11757 11757 
11753 11753 11749 
11745 11745 11745 
11741 11741 11737 
11733 11733 11733 
11729 11729 11725 
11721 11721 11721 
11717 11717 11713 
11709 11709 11709 
11705 11705 11701 
11697 11697 11697 
11693 11693 11689 
11685 11685 11685 
11681 11681 11677 
11673 11673 11673 
11669 11669 11665 
11661 11661 11661 
11657 11657 11653 
11649 11649 11649 
11645 11645 11641 
11637 11637 11637 
11633 11633 11629 
11625 11625 11625 
11621 11621 11617 
11613 11613 11613 
11609 11609 11605 
11601 11601 11601 
11597 11597 11593 
11589 11589 11589 
11585 11585 11581 
11577 11577 11577 
11573 11573 11569 
11565 11565 11565 
11561 11561 11557 
11553 11553 11553 
11549 11549 11545 
11541 11541 11541 
11537 11537 11533 
11529 11529 11529 
11525 11525 11521 
11517 11517 11517 
11513 11513 11509 
11505 11505 11505 
11501 11501 11497 
11493 11493 11493 
11489 11489 11485 
11481 11481 11481 
11477 11477 11473 
11469 11469 11469 
11465 11465 11461 
11457 11457 11457 
11453 11453 11449 
11445 11445 11445 
11441 11441 11437 
11433 11433 11433 
11429 11429 11425 
11421 11421 11421 
11417 11417 11413 
11409 11409 11409 
11405 11405 11401 
11397 11397 11397 
11393 11393 11389 
11385 11385 11385 
11381 11381 11377 
11373 11373 11373 
11369 11369 11365 
11361 11361 11361 
11357 11357 11353 
11349 11349 11349 
11345 11345 11341 
11337 11337 11337 
11333 11333 11329 
11325 11325 11325 
11321 11321 11317 
11313 11313 11313 
11309 11309 11305 
11301 11301 11301 
11297 11297 11293 
11289 11289 11289 
11285 11285 11281 
11277 11277 11277 
11273 11273 11269 
11265 11265 11265 
11261 11261 11257 
11253 11253 11253 
11249 11249 11245 
11241 11241 11241 
11237 11237 11233 
11229 11229 11229 
11225 11225 11221 
11217 11217 11217 
11213 11213 11209 
11205 11205 11205 
11201 11201 11197 
11193 11193 11193 
11189 11189 11185 
11181 11181 11181 
11177 11177 11173 
11169 11169 11169 
11165 11165 11161 
11157 11157 11157 
11153 11153 11149 
11145 11145 11145 
11141 11141 11137 
11133 11133 11133 
11129 11129 11125 
11121 11121 11121 
11117 11117 11113 
11109 11109 11109 
11105 11105 11101 
11097 11097 11097 
11093 11093 11089 
11085 11085 11085 
11081 11081 11077 
11073 11073 11073 
11069 11069 11065 
11061 11061 11061 
11057 11057 11053 
11049 11049 11049 
11045 11045 11041 
11037 11037 11037 
11033 11033 11029 
11025 11025 11025 
11021 11021 11017 
11013 11013 11013 
11009 11009 11005 
11001 11001 11001 
10997 10997 10993 
10989 10989 10989 
10985 10985 10981 
10977 10977 10977 
10973 10973 10969 
10965 10965 10965 
10961 10961 10957 
10953 10953 10953 
10949 10949 10945 
10941 10941 10941 
10937 10937 10933 
10929 10929 10929 
10925 10925 10921 
10917 10917 10917 
10913 10913 10909 
10905 10905 10905 
10901 10901 10897 
10893 10893 10893 
10889 10889 10885 
10881 10881 10881 
10877 10877 10873 
10869 10869 10869 
10865 10865 10861 
10857 10857 10857 
10853 10853 10849 
10845 10845 10845 
10841 10841 10837 
10833 10833 10833 
10829 10829 10825 
10821 10821 10821 
10817 10817 10813 
10809 10809 10809 
10805 10805 10801 
10797 10797 10797 
10793 10793 10789 
10785 10785 10785 
10781 10781 10777 
10773 10773 10773 
10769 10769 10765 
10761 10761 10761 
10757 10757 10753 
10749 10749 10749 
10745 10745 10741 
10737 10737 10737 
10733 10733 10729 
10725 10725 10725 
10721 10721 10717 
10713 10713 10713 
10709 10709 10705 
10701 10701 10701 
10697 10697 10693 
10689 10689 10689 
10685 10685 10681 
10677 10677 10677 
10673 10673 10669 
10665 10665 10665 
10661 10661 10657 
10653 10653 10653 
10649 10649 10645 
10641 10641 10641 
10637 10637 10633 
10629 10629 10629 
10625 10625 10621 
10617 10617 10617 
10613 10613 10609 
10605 10605 10605 
10601 10597 10597 
10593 10593 10593 
10589 10585 10585 
10581 10581 10581 
10577 10573 10573 
10569 10569 10569 
10565 10561 10561 
10557 10557 10557 
10553 10549 10549 
10545 10545 10545 
10541 10537 10537 
10533 10533 10533 
10529 10525 10525 
10521 10521 10521 
10517 10513 10513 
10509 10509 10509 
10505 10501 10501 
10497 10497 10497 
10493 10489 10489 
10485 10485 10485 
10481 10477 10477 
10473 10473 10473 
10469 10465 10465 
10461 10461 10461 
10457 10453 10453 
10449 10449 10449 
10445 10441 10441 
10437 10437 10437 
10433 10429 10429 
10425 10425 10425 
10421 10417 10417 
10413 10413 10413 
10409 10405 10405 
10401 10401 10401 
10397 10393 10393 
10389 10389 10389 
10385 10381 10381 
10377 10377 10377 
10373 10369 10369 
10365 10365 10365 
10361 10357 10357 
10353 10353 10353 
10349 10345 10345 
10341 10341 10341 
10337 10333 10333 
10329 10329 10329 
10325 10321 10321 
10317 10317 10317 
10313 10309 10309 
10305 10305 10305 
10301 10297 10297 
10293 10293 10293 
10289 10285 10285 
10281 10281 10281 
10277 10273 10273 
10269 10269 10269 
10265 10261 10261 
10257 10257 10257 
10253 10249 10249 
10245 10245 10245 
10241 10237 10237 
10233 10233 10233 
10229 10225 10225 
10221 10221 10221 
10217 10213 10213 
10209 10209 10209 
10205 10201 10201 
10197 10197 10197 
10193 10189 10189 
10185 10185 10185 
10181 10177 10177 
10173 10173 10173 
10169 10165 10165 
10161 10161 10161 
10157 10153 10153 
10149 10149 10149 
10145 10141 10141 
10137 10137 10137 
10133 10129 10129 
10125 10125 10125 
10121 10117 10117 
10113 10113 10113 
10109 10105 10105 
10101 10101 10101 
10097 10093 10093 
10089 10089 10089 
10085 10081 10081 
10077 10077 10077 
10073 10069 10069 
10065 10065 10065 
10061 10057 10057 
10053 10053 10053 
10049 10045 10045 
10041 10041 10041 
10037 10033 10033 
10029 10029 10029 
10025 10021 10021 
10017 10017 10017 
10013 10009 10009 
10005 10005 10005 
10001 9997 9997 
9993 9993 9993 
9989 9985 9985 
9981 9981 9981 
9977 9973 9973 
9969 9969 9969 
9965 9961 9961 
9957 9957 9957 
9953 9949 9949 
9945 9945 9945 
9941 9937 9937 
9933 9933 9933 
9929 9925 9925 
9921 9921 9921 
9917 9913 9913 
9909 9909 9909 
9905 9901 9901 
9897 9897 9897 
9893 9889 9889 
9885 9885 9885 
9881 9877 9877 
9873 9873 9873 
9869 9865 9865 
9861 9861 9861 
9857 9853 9853 
9849 9849 9849 
9845 9841 9841 
9837 9837 9837 
9833 9829 9829 
9825 9825 9825 
9821 9817 9817 
9813 9813 9813 
9809 9805 9805 
9801 9801 9801 
9797 9793 9793 
9789 9789 9789 
9785 9781 9781 
9777 9777 9777 
9773 9769 9769 
9765 9765 9765 
9761 9757 9757 
9753 9753 9753 
9749 9745 9745 
9741 9741 9741 
9737 9733 9733 
9729 9729 9729 
9725 9721 9721 
9717 9717 9717 
9713 9709 9709 
9705 9705 9705 
9701 9697 9697 
9693 9693 9693 
9689 9685 9685 
9681 9681 9681 
9677 9673 9673 
9669 9669 9669 
9665 9661 9661 
9657 9657 9657 
9653 9649 9649 
9645 9645 9645 
9641 9637 9637 
9633 9633 9633 
9629 9625 9625 
9621 9621 9621 
9617 9613 9613 
9609 9609 9609 
9605 9601 9601 
9597 9597 9597 
9593 9589 9589 
9585 9585 9585 
9581 9577 9577 
9573 9573 9573 
9569 9565 9565 
9561 9561 9561 
9557 9553 9553 
9549 9549 9549 
9545 9541 9541 
9537 9537 9537 
9533 9529 9529 
9525 9525 9525 
9521 9517 9517 
9513 9513 9513 
9509 9505 9505 
9501 9501 9501 
9497 9493 9493 
9489 9489 9489 
9485 9481 9481 
9477 9477 9477 
9473 9469 9469 
9465 9465 9465 
9461 9457 9457 
9453 9453 9453 
9449 9445 9445 
9441 9441 9441 
9437 9433 9433 
9429 9429 9429 
9425 9421 9421 
9417 9417 9417 
9413 9409 9409 
9405 9405 9405 
9401 9397 9397 
9393 9393 9393 
9389 9385 9385 
9381 9381 9381 
9377 9373 9373 
9369 9369 9369 
9365 9361 9361 
9357 9357 9357 
9353 9349 9349 
9345 9345 9345 
9341 9337 9337 
9333 9333 9333 
9329 9325 9325 
9321 9321 9321 
9317 9313 9313 
9309 9309 9309 
9305 9301 9301 
9297 9297 9297 
9293 9289 9289 
9285 9285 9285 
9281 9277 9277 
9273 9273 9273 
9269 9265 9265 
9261 9261 9261 
9257 9253 9253 
9249 9249 9249 
9245 9241 9241 
9237 9237 9237 
9233 9229 9229 
9225 9225 9225 
9221 9217 9217 
9213 9213 9213 
9209 9205 9205 
9201 9201 9201 
9197 9193 9193 
9189 9189 9189 
9185 9181 9181 
9177 9177 9177 
9173 9169 9169 
9165 9165 9165 
9161 9157 9157 
9153 9153 9153 
9149 9145 9145 
9141 9141 9141 
9137 9133 9133 
9129 9129 9129 
9125 9121 9121 
9117 9117 9117 
9113 9109 9109 
9105 9105 9105 
9101 9097 9097 
9093 9093 9093 
9089 9085 9085 
9081 9081 9081 
9077 9073 9073 
9069 9069 9069 
9065 9061 9061 
9057 9057 9057 
9053 9049 9049 
9045 9045 9045 
9041 9037 9037 
9033 9033 9033 
9029 9025 9025 
9021 9021 9021 
9017 9013 9013 
9009 9009 9009 
9005 9001 9001 
8997 8997 8997 
8993 8989 8989 
8985 8985 8985 
8981 8977 8977 
8973 8973 8973 
8969 8965 8965 
8961 8961 8961 
8957 8953 8953 
8949 8949 8949 
8945 8941 8941 
8937 8937 8937 
8933 8929 8929 
8925 8925 8925 
8921 8917 8917 
8913 8913 8913 
8909 8905 8905 
8901 8901 8901 
8897 8893 8893 
8889 8889 8889 
8885 8881 8881 
8877 8877 8877 
8873 8869 8869 
8865 8865 8865 
8861 8857 8857 
8853 8853 8853 
8849 8845 8845 
8841 8841 8841 
8837 8833 8833 
8829 8829 8829 
8825 8821 8821 
8817 8817 8817 
8813 8809 8809 
8805 8805 8805 
8801 8797 8797 
8793 8793 8793 
8789 8785 8785 
8781 8781 8781 
8777 8773 8773 
8769 8769 8769 
8765 8761 8761 
8757 8757 8757 
8753 8749 8749 
8745 8745 8745 
8741 8737 8737 
8733 8733 8733 
8729 8725 8725 
8721 8721 8721 
8717 8713 8713 
8709 8709 8709 
8705 8701 8701 
8697 8697 8697 
8693 8689 8689 
8685 8685 8685 
8681 8677 8677 
8673 8673 8673 
8669 8665 8665 
8661 8661 8661 
8657 8653 8653 
8649 8649 8649 
8645 8641 8641 
8637 8637 8637 
8633 8629 8629 
8625 8625 8625 
8621 8617 8617 
8613 8613 8613 
8609 8605 8605 
8601 8601 8601 
8597 8593 8593 
8589 8589 8589 
8585 8581 8581 
8577 8577 8577 
8573 8569 8569 
8565 8565 8565 
8561 8557 8557 
8553 8553 8553 
8549 8545 8545 
8541 8541 8541 
8537 8533 8533 
8529 8529 8529 
8525 8521 8521 
8517 8517 8517 
8513 8509 8509 
8505 8505 8505 
8501 8497 8497 
8493 8493 8493 
8489 8485 8485 
8481 8481 8481 
8477 8473 8473 
8469 8469 8469 
8465 8461 8461 
8457 8457 8457 
8453 8449 8449 
8445 8445 8445 
8441 8437 8437 
8433 8433 8433 
8429 8425 8425 
8421 8421 8421 
8417 8413 8413 
8409 8409 8409 
8405 8401 8401 
8397 8397 8397 
8393 8389 8389 
8385 8385 8385 
8381 8377 8377 
8373 8373 8373 
8369 8365 8365 
8361 8361 8361 
8357 8353 8353 
8349 8349 8349 
8345 8341 8341 
8337 8337 8337 
8333 8329 8329 
8325 8325 8325 
8321 8317 8317 
8313 8313 8313 
8309 8305 8305 
8301 8301 8301 
8297 8293 8293 
8289 8289 8289 
8285 8281 8281 
8277 8277 8277 
8273 8269 8269 
8265 8265 8265 
8261 8257 8257 
8253 8253 8253 
8249 8245 8245 
8241 8241 8241 
8237 8233 8233 
8229 8229 8229 
8225 8221 8221 
8217 8217 8217 
8213 8209 8209 
8205 8205 8205 
8201 8197 8197 
8193 8193 8193 
8189 8185 8185 
8181 8181 8181 
8177 8173 8173 
8169 8169 8169 
8165 8161 8161 
8157 8157 8157 
8153 8149 8149 
8145 8145 8145 
8141 8137 8137 
8133 8133 8133 
8129 8125 8125 
8121 8121 8121 
8117 8113 8113 
8109 8109 8109 
8105 8101 8101 
8097 8097 8097 
8093 8089 8089 
8085 8085 8085 
8081 8077 8077 
8074 8074 
8072 8068 
8065 8065 
8059 8059 
8056 8056 
8054 8050 
8047 8047 
8045 8041 
8038 8038 
8036 8032 
8029 8029 
8027 8023 
8020 8020 
8018 8014 
8011 8011 
8009 8005 
8002 8002 
8000 7996 
7993 7993 
7991 7987 
7984 7984 
7982 7978 
7975 7975 
7973 7969 
7966 7966 
7964 7960 
7957 7957 
7955 7951 
7948 7948 
7946 7942 
7939 7939 
7937 7933 
7930 7930 
7928 7924 
7921 7921 
7919 7915 
7912 7912 
7910 7906 
7903 7903 
7901 7897 
7894 7894 
7892 7888 
7885 7885 
7883 7879 
7876 7876 
7874 7870 
7867 7867 
7865 7861 
7858 7858 
7856 7852 
7849 7849 
7847 7843 
7840 7840 
7838 7834 
7831 7831 
7829 7825 
7822 7822 
7820 7816 
7813 7813 
7811 7807 
7804 7804 
7802 7798 
7795 7795 
7793 7789 
7786 7786 
7784 7780 
7777 7777 
7775 7771 
7768 7768 
7766 7762 
7759 7759 
7757 7753 
7750 7750 
7748 7744 
7741 7741 
7739 7735 
7732 7732 
7730 7726 
7723 7723 
7721 7717 
7714 7714 
7712 7708 
7705 7705 
7703 7699 
7696 7696 
7694 7690 
7687 7687 
7685 7681 
7678 7678 
7676 7672 
7669 7669 
7667 7663 
7660 7660 
7658 7654 
7651 7651 
7649 7645 
7642 7642 
7640 7636 
7633 7633 
7631 7627 
7624 7624 
7622 7618 
7615 7615 
7613 7609 
7606 7606 
7604 7600 
7597 7597 
7595 7591 
7588 7588 
7586 7582 
7579 7579 
7577 7573 
7570 7570 
7568 7564 
7561 7561 
7559 7555 
7552 7552 
7550 7546 
7543 7543 
7541 7537 
7535 7535 
7533 7531 
7529 7529 
7527 7525 
7523 7523 
7521 7519 
7517 7517 
7515 7513 
7511 7511 
7509 7507 
7505 7505 
7503 7501 
7499 7499 
7497 7495 
7493 7493 
7491 7489 
7487 7487 
7485 7483 
7481 7481 
7479 7477 
7475 7475 
7473 7471 
7469 7469 
7467 7465 
7463 7463 
7461 7459 
7457 7457 
7455 7453 
7451 7451 
7449 7447 
7445 7445 
7443 7441 
7439 7439 
7437 7435 
7433 7433 
7431 7429 
7427 7427 
7425 7423 
7421 7421 
7419 7417 
7415 7415 
7413 7411 
7409 7409 
7407 7405 
7403 7403 
7401 7399 
7397 7397 
7395 7393 
7391 7391 
7389 7387 
7385 7385 
7383 7381 
7379 7379 
7377 7375 
7373 7373 
7371 7369 
7367 7367 
7365 7363 
7361 7361 
7359 7357 
7355 7355 
7353 7351 
7349 7349 
7347 7345 
7343 7343 
7341 7339 
7337 7337 
7335 7333 
7331 7331 
7329 7327 
7325 7325 
7323 7321 
7319 7319 
7317 7315 
7313 7313 
7311 7309 
7307 7307 
7305 7303 
7301 7301 
7299 7297 
7295 7295 
7293 7291 
7289 7289 
7287 7285 
7283 7283 
7281 7279 
7277 7277 
7275 7273 
7271 7271 
7269 7267 
7265 7265 
7263 7261 
7259 7259 
7257 7255 
7253 7253 
7251 7249 
7247 7247 
7245 7243 
7241 7241 
7239 7237 
7235 7235 
7233 7231 
7229 7229 
7227 7225 
7223 7223 
7221 7219 
7217 7217 
7215 7213 
7211 7211 
7209 7207 
7205 7205 
7203 7201 
7199 7199 
7197 7195 
7193 7193 
7191 7189 
7187 7187 
7185 7183 
7181 7181 
7179 7177 
7175 7175 
7173 7171 
7169 7169 
7167 7165 
7163 7163 
7161 7159 
7157 7157 
7155 7153 
7151 7151 
7149 7147 
7145 7145 
7143 7141 
7139 7139 
7137 7135 
7133 7133 
7131 7129 
7127 7127 
7125 7123 
7121 7121 
7119 7117 
7115 7115 
7113 7111 
7109 7109 
7107 7105 
7103 7103 
7101 7099 
7097 7097 
7095 7093 
7091 7091 
7089 7087 
7085 7085 
7083 7081 
7079 7079 
7077 7075 
7073 7073 
7071 7069 
7067 7067 
7065 7063 
7061 7061 
7059 7057 
7055 7055 
7053 7051 
7049 7049 
7047 7045 
7043 7043 
7041 7039 
7037 7037 
7035 7033 
7031 7031 
7029 7027 
7025 7025 
7023 7021 
7019 7019 
7017 7015 
7013 7013 
7011 7009 
7007 7007 
7005 7003 
7001 7001 
6999 6997 
6995 6995 
6993 6991 
6989 6989 
6987 6985 
6983 6983 
6981 6979 
6977 6977 
6975 6973 
6971 6971 
6969 6967 
6965 6965 
6963 6961 
6959 6959 
6957 6955 
6953 6953 
6951 6949 
6947 6947 
6945 6943 
6941 6941 
6939 6937 
6935 6935 
6933 6931 
6929 6929 
6927 6925 
6923 6923 
6921 6919 
6917 6917 
6915 6913 
6911 6911 
6909 6907 
6905 6905 
6903 6901 
6899 6899 
6897 6895 
6893 6893 
6891 6889 
6887 6887 
6885 6883 
6881 6881 
6879 6877 
6875 6875 
6873 6871 
6869 6869 
6867 6865 
6863 6863 
6861 6859 
6857 6857 
6855 6853 
6851 6851 
6849 6847 
6845 6845 
6843 6841 
6839 6839 
6837 6835 
6833 6833 
6831 6829 
6827 6827 
6825 6823 
6821 6821 
6819 6817 
6815 6815 
6813 6811 
6809 6809 
6807 6805 
6803 6803 
6801 6799 
6797 6797 
6795 6793 
6791 6791 
6789 6787 
6785 6785 
6783 6781 
6779 6779 
6777 6775 
6773 6773 
6771 6769 
6767 6767 
6765 6763 
6761 6761 
6759 6757 
6755 6755 
6753 6751 
6749 6749 
6747 6745 
6743 6743 
6741 6739 
6737 6737 
6735 6733 
6731 6731 
6729 6727 
6725 6725 
6723 6721 
6719 6719 
6717 6715 
6713 6713 
6711 6709 
6707 6707 
6705 6703 
6701 6701 
6699 6697 
6695 6695 
6693 6691 
6689 6689 
6687 6685 
6683 6683 
6681 6679 
6677 6677 
6675 6673 
6671 6671 
6669 6667 
6665 6665 
6663 6661 
6659 6659 
6657 6655 
6653 6653 
6651 6649 
6647 6647 
6645 6643 
6641 6641 
6639 6637 
6635 6635 
6633 6631 
6629 6629 
6627 6625 
6623 6623 
6621 6619 
6617 6617 
6615 6613 
6611 6611 
6609 6607 
6605 6605 
6603 6601 
6599 6599 
6597 6595 
6593 6593 
6591 6589 
6587 6587 
6585 6583 
6581 6581 
6579 6577 
6575 6575 
6573 6571 
6569 6569 
6567 6565 
6563 6563 
6561 6559 
6557 6557 
6555 6553 
6551 6551 
6549 6547 
6545 6545 
6543 6541 
6539 6539 
6537 6535 
6533 6533 
6531 6529 
6527 6527 
6525 6523 
6521 6521 
6519 6517 
6515 6515 
6513 6511 
6509 6509 
6507 6505 
6503 6503 
6501 6499 
6497 6497 
6495 6493 
6491 6491 
6489 6487 
6485 6485 
6483 6481 
6479 6479 
6477 6475 
6473 6473 
6471 6469 
6467 6467 
6465 6463 
6461 6461 
6459 6457 
6455 6455 
6453 6451 
6449 6449 
6447 6445 
6443 6443 
6441 6439 
6437 6437 
6435 6433 
6431 6431 
6429 6427 
6425 6425 
6423 6421 
6419 6419 
6417 6415 
6413 6413 
6411 6409 
6407 6407 
6405 6403 
6401 6401 
6399 6397 
6395 6395 
6393 6391 
6389 6389 
6387 6385 
6383 6383 
6381 6379 
6377 6377 
6375 6373 
6371 6371 
6369 6367 
6365 6365 
6363 6361 
6359 6359 
6357 6355 
6353 6353 
6351 6349 
6347 6347 
6345 6343 
6341 6341 
6339 6337 
6335 6335 
6333 6331 
6329 6329 
6327 6325 
6323 6323 
6321 6319 
6317 6317 
6315 6313 
6311 6311 
6309 6307 
6305 6305 
6303 6301 
6299 6299 
6297 6295 
6293 6293 
6291 6289 
6287 6287 
6285 6283 
6281 6281 
6279 6277 
6275 6275 
6273 6271 
6269 6269 
6267 6265 
6263 6263 
6261 6259 
6257 6257 
6255 6253 
6251 6251 
6249 6247 
6245 6245 
6243 6241 
6239 6239 
6237 6235 
6233 6233 
6231 6229 
6227 6227 
6225 6223 
6221 6221 
6219 6217 
6215 6215 
6213 6211 
6209 6209 
6207 6205 
6203 6203 
6201 6199 
6197 6197 
6195 6193 
6191 6191 
6189 6187 
6185 6185 
6183 6181 
6179 6179 
6177 6175 
6173 6173 
6171 6169 
6167 6167 
6165 6163 
6161 6161 
6159 6157 
6155 6155 
6153 6151 
6149 6149 
6147 6145 
6143 6143 
6141 6139 
6137 6137 
6135 6133 
6131 6131 
6129 6127 
6125 6125 
6123 6121 
6119 6119 
6117 6115 
6113 6113 
6111 6109 
6107 6107 
6105 6103 
6101 6101 
6099 6097 
6095 6095 
6093 6091 
6089 6089 
6087 6085 
6083 6083 
6081 6079 
6077 6077 
6075 6073 
6071 6071 
6069 6067 
6065 6065 
6063 6061 
6059 6059 
6057 6055 
6053 6053 
6051 6049 
6047 6047 
6045 6043 
6041 6041 
6039 6037 
6035 6035 
6033 6031 
6029 6029 
6027 6025 
6023 6023 
6021 6019 
6017 6017 
6015 6013 
6011 6011 
6009 6007 
6005 6005 
6003 6001 
5999 5999 
5997 5995 
5993 5993 
5991 5989 
5987 5987 
5985 5983 
5981 5981 
5979 5977 
5975 5975 
5973 5971 
5969 5969 
5967 5965 
5963 5963 
5961 5959 
5957 5957 
5955 5953 
5951 5951 
5949 5947 
5945 5945 
5943 5941 
5939 5939 
5937 5935 
5933 5933 
5931 5929 
5927 5927 
5925 5923 
5921 5921 
5919 5917 
5915 5915 
5913 5911 
5909 5909 
5907 5905 
5903 5903 
5901 5899 
5897 5897 
5895 5893 
5891 5891 
5889 5887 
5885 5885 
5883 5881 
5879 5879 
5877 5875 
5873 5873 
5871 5869 
5867 5867 
5865 5863 
5861 5861 
5859 5857 
5855 5855 
5853 5851 
5849 5849 
5847 5845 
5843 5843 
5841 5839 
5837 5837 
5835 5833 
5831 5831 
5829 5827 
5825 5825 
5823 5821 
5819 5819 
5817 5815 
5813 5813 
5811 5809 
5807 5807 
5805 5803 
5801 5801 
5799 5797 
5795 5795 
5793 5791 
5789 5789 
5787 5785 
5783 5783 
5781 5779 
5777 5777 
5775 5773 
5771 5771 
5769 5767 
5765 5765 
5763 5761 
5759 5759 
5757 5755 
5753 5753 
5751 5749 
5747 5747 
5745 5743 
5741 5741 
5739 5737 
5735 5735 
5733 5731 
5729 5729 
5727 5725 
5723 5723 
5721 5719 
5717 5717 
5715 5713 
5711 5711 
5709 5707 
5705 5705 
5703 5701 
5699 5699 
5697 5695 
5693 5693 
5691 5689 
5687 5687 
5685 5683 
5681 5681 
5679 5677 
5675 5675 
5673 5671 
5669 5669 
5667 5665 
5663 5663 
5661 5659 
5657 5657 
5655 5653 
5651 5651 
5649 5647 
5645 5645 
5643 5641 
5639 5639 
5637 5635 
5633 5633 
5629 5629 
5627 5627 
5625 5623 
5621 5621 
5619 5617 
5616 
5614 
5614
