36565
30797 
30781 
29479 
28129 
26365 
25717 
24499 
24484 
24470 
24442 
24426 
24398 
24381 
24367 
24353 
24311 
24297 
24283 
24269 
24255 
24238 
24210 
24195 
24181 
24164 
24150 
24136 
24122 
24094 
24078 
23198 
23195 
23150 
23014 
23005 
22988 
22973 
22939 
22897 
22778 
20966 
20952 
20938 
20924 
20910 
20893 
20879 
20865 
20851 
20823 
20806 
20778 
20750 
20735 
20722 
20707 
20690 
20676 
20662 
20634 
20618 
19144 
19120 
19052 
18881 
18867 
18850 
18822 
18807 
18779 
18762 
18734 
18718 
18690 
18635 
18618 
18600 
18549 
17550 
15969 
15963 
15918 
15876 
15870 
15831 
14163 
14112 
13995 
13725 
11934 
11727 
10224 
10149 
10086 
8733 
8685 
8682 
8340 
7605 
6444 
6369 
5592 
5589 
3492 
3489 
3486 
3483 
3480 
3477 
3477
