36565
30790 
30777 
27449 
27431 
27407 
27381 
25653 
25562 
25553 
25521 
25482 
25442 
25390 
25350 
25298 
25258 
25206 
25166 
25114 
25050 
24972 
24916 
24851 
24843 
24795 
24743 
24703 
24651 
24611 
24559 
24519 
24467 
24427 
24375 
24335 
24283 
24243 
24191 
24151 
24099 
24059 
24007 
23967 
23915 
23907 
23867 
23815 
23807 
23743 
23665 
23601 
23523 
23515 
23506 
23458 
23406 
23398 
23385 
23345 
23293 
23285 
23237 
23172 
23124 
23059 
23011 
22946 
22898 
22833 
22785 
22720 
22672 
22607 
22559 
22507 
22499 
22486 
22478 
22465 
22457 
22449 
22436 
22420 
22394 
22370 
22344 
22296 
22231 
22183 
22118 
22070 
22018 
21978 
21926 
21894 
21855 
21847 
21834 
21794 
21742 
21710 
21671 
21663 
21650 
21610 
21558 
21526 
21487 
21479 
21466 
21426 
21374 
21366 
21353 
21321 
21282 
21242 
21190 
21182 
21169 
21137 
21098 
21058 
21006 
20998 
20985 
20953 
20914 
20874 
20822 
20814 
20801 
20769 
20730 
20690 
20638 
20630 
20617 
20585 
20546 
20506 
20454 
20446 
20433 
20401 
20362 
20322 
20270 
20262 
20249 
20217 
20178 
20138 
20086 
20078 
20065 
20033 
19994 
19954 
19902 
19894 
19881 
19849 
19810 
19770 
19718 
19710 
19697 
19665 
19626 
19586 
19534 
19526 
19513 
19481 
19442 
19402 
19350 
19342 
19329 
19297 
19258 
19218 
19166 
19158 
19145 
19113 
19074 
19034 
18982 
18974 
18961 
18929 
18890 
18850 
18798 
18790 
18777 
18745 
18706 
18666 
18614 
18606 
18593 
18561 
18522 
18482 
18430 
18422 
18409 
18377 
18338 
18298 
18246 
18238 
18225 
18193 
18154 
18114 
18062 
18054 
18041 
18009 
17970 
17930 
17878 
17870 
17857 
17825 
17786 
17746 
17694 
17686 
17673 
17641 
17602 
17562 
17510 
17502 
17489 
17457 
17418 
17402 
17393 
17385 
17372 
17348 
17309 
17253 
17188 
17140 
17075 
17027 
16962 
16914 
16862 
16822 
16770 
16762 
16749 
16717 
16678 
16670 
16657 
16633 
16607 
16599 
16586 
16578 
16565 
16557 
16525 
16486 
16478 
16465 
16441 
16433 
16425 
15255 
15117 
13467 
11997 
11175 
11169 
10545 
10539 
9897 
9891 
9885 
9879 
7905 
6825 
5265 
5259 
5253 
3489 
3483 
3480 
3479 
3477 
3477
