36565
30783 
30581 
27355 
25717 
25083 
23815 
23183 
21919 
21335 
20167 
19583 
18415 
17962 
17960 
17958 
17056 
16732 
16084 
15759 
15279 
15109 
15024 
15022 
14854 
14770 
14602 
14518 
14350 
14266 
14098 
14014 
13846 
13762 
13678 
13594 
13552 
13510 
13468 
13447 
13405 
13384 
13342 
13321 
13279 
13258 
13216 
13195 
13153 
13132 
13090 
13069 
13049 
13039 
13027 
12985 
12981 
12901 
12855 
12763 
12712 
12610 
12559 
12457 
12406 
12304 
12253 
12151 
12136 
12106 
12081 
12057 
12033 
12031 
12030 
12028 
12027 
12025 
12024 
12022 
12021 
12019 
12018 
12016 
12015 
12013 
12012 
12010 
12009 
12007 
12006 
12004 
12003 
12001 
12000 
11998 
11997 
11995 
11994 
11992 
11991 
11989 
11988 
11986 
11985 
11983 
11982 
11980 
11979 
11977 
11976 
11974 
11973 
11971 
11970 
11968 
11967 
11965 
11964 
11962 
11961 
11959 
11958 
11956 
11955 
11953 
11952 
11950 
11949 
11947 
11946 
11944 
11943 
11941 
11940 
11938 
11937 
11935 
11934 
11932 
11931 
11929 
11928 
11926 
11925 
11923 
11922 
11920 
11919 
11917 
11916 
11914 
11913 
11911 
11910 
11908 
11907 
11905 
11904 
11902 
11901 
11899 
11898 
11896 
11895 
11893 
11892 
11890 
11889 
11887 
11886 
11884 
11883 
11881 
11880 
11878 
11877 
11875 
11874 
11872 
11871 
11869 
11868 
11866 
11865 
11863 
11862 
11860 
11859 
11857 
11856 
11854 
11853 
11851 
11850 
11848 
11847 
11845 
11844 
11842 
11841 
11839 
11838 
11836 
11835 
11833 
11832 
11830 
11829 
11827 
11826 
11824 
11823 
11821 
11820 
11818 
11817 
11815 
11814 
11812 
11811 
11809 
11808 
11806 
11805 
11803 
11802 
11800 
11799 
11797 
11796 
11794 
11793 
11791 
11790 
11788 
11787 
11785 
11784 
11782 
11781 
11779 
11778 
11776 
11775 
11773 
11772 
11770 
11769 
11767 
11766 
11764 
11763 
11761 
11760 
11758 
11757 
11755 
11754 
11752 
11751 
11749 
11748 
11746 
11745 
11743 
11742 
11740 
11739 
11737 
11736 
11734 
11733 
11731 
11730 
11728 
11727 
11725 
11724 
11722 
11721 
11719 
11718 
11716 
11715 
11713 
11712 
11710 
11709 
11707 
11706 
11704 
11703 
11701 
11700 
11698 
11697 
11695 
11694 
11692 
11691 
11689 
11688 
11686 
11685 
11683 
11682 
11680 
11679 
11677 
11676 
11674 
11673 
11671 
11670 
11668 
11667 
11665 
11664 
11662 
11661 
11659 
11658 
11656 
11655 
11653 
11652 
11650 
11649 
11647 
11646 
11644 
11643 
11641 
11640 
11638 
11637 
11635 
11634 
11632 
11631 
11629 
11628 
11626 
11625 
11623 
11622 
11620 
11619 
11617 
11616 
11614 
11613 
11611 
11610 
11608 
11607 
11605 
11604 
11602 
11601 
11599 
11598 
11596 
11595 
11593 
11592 
11590 
11589 
11587 
11586 
11584 
11583 
11581 
11580 
11578 
11577 
11575 
11574 
11572 
11571 
11569 
11568 
11566 
11565 
11563 
11562 
11560 
11559 
11557 
11556 
11554 
11553 
11551 
11550 
11548 
11547 
11545 
11544 
11542 
11541 
11539 
11538 
11536 
11535 
11533 
11532 
11530 
11529 
11527 
11526 
11524 
11523 
11521 
11520 
11518 
11517 
11515 
11514 
11512 
11511 
11509 
11508 
11506 
11505 
11503 
11502 
11500 
11499 
11497 
11496 
11494 
11493 
11491 
11490 
11488 
11487 
11485 
11484 
11482 
11481 
11479 
11478 
11476 
11475 
11473 
11472 
11470 
11469 
11467 
11466 
11464 
11463 
11461 
11460 
11458 
11457 
11455 
11454 
11452 
11451 
11449 
11448 
11446 
11445 
11443 
11442 
11440 
11439 
11437 
11436 
11434 
11433 
11431 
11430 
11428 
11427 
11425 
11424 
11422 
11421 
11419 
11418 
11416 
11415 
11413 
11412 
11410 
11409 
11407 
11406 
11404 
11403 
11401 
11400 
11398 
11397 
11395 
11394 
11392 
11391 
11389 
11388 
11386 
11385 
11383 
11382 
11380 
11379 
11377 
11376 
11374 
11373 
11371 
11370 
11368 
11367 
11365 
11364 
11362 
11361 
11359 
11358 
11356 
11355 
11353 
11352 
11350 
11349 
11347 
11346 
11344 
11343 
11341 
11340 
11338 
11337 
11335 
11334 
11332 
11331 
11329 
11328 
11326 
11325 
11323 
11322 
11320 
11319 
11317 
11316 
11314 
11313 
11311 
11310 
11308 
11307 
11305 
11304 
11302 
11301 
11299 
11298 
11296 
11295 
11293 
11292 
11290 
11289 
11287 
11286 
11284 
11283 
11281 
11280 
11278 
11277 
11275 
11274 
11272 
11271 
11269 
11268 
11266 
11265 
11263 
11262 
11260 
11259 
11257 
11256 
11254 
11253 
11251 
11250 
11248 
11247 
11245 
11244 
11242 
11241 
11239 
11238 
11236 
11235 
11233 
11232 
11230 
11229 
11227 
11226 
11224 
11223 
11221 
11220 
11218 
11217 
11215 
11214 
11212 
11211 
11209 
11208 
11206 
11205 
11203 
11202 
11200 
11199 
11197 
11196 
11194 
11193 
11191 
11190 
11188 
11187 
11185 
11184 
11182 
11181 
11179 
11178 
11176 
11175 
11173 
11172 
11170 
11169 
11167 
11166 
11164 
11163 
11161 
11160 
11158 
11157 
11155 
11154 
11152 
11151 
11149 
11148 
11146 
11145 
11143 
11142 
11140 
11127 
11101 
11076 
11052 
11028 
11026 
11014 
10990 
10965 
10941 
10917 
10915 
10903 
10879 
10854 
10830 
10806 
10804 
10792 
10768 
10743 
10719 
10695 
10693 
10681 
10657 
10632 
10608 
10584 
10582 
10570 
10546 
10521 
10497 
10473 
10471 
10459 
10441 
10435 
10411 
10409 
10363 
10340 
10294 
10271 
10225 
10202 
10156 
10133 
10087 
10064 
10018 
9995 
9949 
9926 
9880 
9857 
9811 
9788 
9742 
9719 
9673 
9650 
9604 
9601 
9595 
9592 
9586 
9583 
9577 
9574 
9568 
9565 
9559 
9556 
9550 
9547 
9541 
9538 
9532 
9529 
9523 
9520 
9514 
9511 
9505 
9502 
9496 
9493 
9487 
9484 
9478 
9475 
9469 
9466 
9460 
9457 
9451 
9448 
9442 
9439 
9433 
9430 
9424 
9421 
9415 
9412 
9406 
9403 
9397 
9394 
9388 
9385 
9379 
9376 
9370 
9367 
9361 
9358 
9352 
9349 
9343 
9340 
9334 
9331 
9325 
9322 
9316 
9313 
9307 
9304 
9302 
9300 
9298 
9297 
9295 
9294 
9292 
9292
