36565
30797 
30779 
28967 
28950 
28935 
28905 
28888 
28871 
28856 
28840 
28825 
28810 
28780 
28763 
28746 
28729 
28714 
28698 
28683 
28666 
28651 
28621 
28604 
28587 
28572 
28556 
28541 
28526 
28496 
28479 
28462 
28447 
28431 
28416 
28400 
28384 
28354 
28337 
28303 
26443 
26432 
26279 
26039 
25931 
25886 
25802 
25784 
25766 
25748 
25694 
25667 
25625 
25598 
25592 
25575 
25527 
25391 
25355 
25253 
25217 
25115 
25103 
25069 
24985 
24747 
24579 
24471 
24459 
24425 
24419 
24402 
24396 
24379 
24373 
24356 
24350 
24333 
24327 
24310 
24304 
24287 
24281 
24264 
24258 
24241 
24235 
24218 
24212 
24195 
24189 
24172 
24166 
24149 
24143 
24126 
24120 
24103 
24097 
24080 
24074 
24057 
24051 
24034 
24028 
24011 
24005 
23988 
23982 
23965 
23959 
23942 
23936 
23919 
23913 
23896 
23890 
23873 
23867 
23850 
23844 
23827 
23821 
23804 
23798 
23781 
23775 
23758 
23752 
23735 
23729 
23712 
23706 
23689 
23683 
23666 
23660 
23643 
23637 
23620 
23614 
23597 
23591 
23574 
23568 
23551 
23545 
23528 
23522 
23505 
23499 
23482 
23476 
23459 
23453 
23436 
23430 
23413 
23407 
23390 
23384 
23367 
23361 
23344 
23338 
23321 
23315 
23298 
23292 
23275 
23269 
23252 
23246 
23229 
23223 
23206 
23200 
23183 
23177 
23160 
23154 
23137 
23131 
23114 
23108 
23091 
23085 
23068 
23062 
23045 
23039 
23022 
23016 
22999 
22993 
22976 
22970 
22953 
22947 
22930 
22924 
22907 
22865 
22746 
22704 
22585 
22543 
22424 
22382 
22263 
22221 
22102 
22060 
21941 
21899 
21780 
21768 
21751 
21743 
21701 
21692 
21683 
21674 
21488 
21371 
20357 
20340 
20244 
20238 
20226 
20220 
18738 
17448 
15660 
15522 
15516 
15474 
15468 
15432 
15408 
15372 
14226 
14106 
13074 
13068 
13062 
12090 
11568 
10098 
8820 
8814 
8028 
8010 
8004 
7962 
7926 
7920 
6060 
5616 
3492 
3488 
3483 
3480 
3479 
3477 
3477
