36565
30790 
30776 
30756 
30737 
28977 
28962 
28951 
27979 
27941 
26915 
26899 
26880 
26823 
26807 
26731 
26587 
26419 
26248 
26216 
26064 
24088 
24075 
24064 
24045 
22956 
21816 
21759 
21751 
21713 
21705 
21667 
21659 
21621 
21597 
21483 
21475 
19787 
19779 
19731 
19723 
17747 
17499 
16651 
16443 
16435 
16427 
16419 
16317 
16311 
16305 
14691 
14649 
14643 
14625 
14427 
14421 
13257 
12531 
11847 
11841 
10059 
9027 
6975 
6945 
6033 
6027 
5397 
3501 
3495 
3489 
3483 
3479 
3477 
3477
