36565
30790 
30781 
29429 
28129 
26645 
25717 
24517 
22378 
22350 
21132 
21118 
21109 
21095 
21086 
21072 
21063 
21049 
21040 
21026 
21017 
21003 
20994 
20980 
20443 
20415 
19731 
19720 
19716 
19636 
19604 
19600 
19594 
19583 
19579 
19573 
19562 
19554 
19548 
19537 
19533 
18261 
18233 
16430 
16402 
16378 
16350 
16332 
16304 
16286 
16258 
15718 
14878 
13072 
13054 
13026 
12486 
11646 
11628 
11600 
9584 
9570 
9498 
9456 
9444 
9441 
9438 
9424 
8884 
8044 
8026 
7998 
7980 
7952 
7934 
7906 
7888 
7860 
7842 
7814 
7796 
7768 
7750 
7722 
7704 
7676 
7658 
7630 
7612 
7584 
7566 
7538 
7520 
7492 
7474 
7446 
7428 
7400 
7382 
7354 
7336 
7308 
7290 
7262 
7244 
7216 
7198 
7170 
7152 
7124 
7106 
7078 
7060 
7032 
7014 
6986 
6968 
6940 
6922 
6894 
6876 
6848 
6830 
6802 
6784 
6756 
6738 
6710 
6692 
6664 
6646 
6618 
6600 
6572 
6272 
6244 
6230 
6212 
6184 
6139 
6069 
6042 
6014 
6000 
5925 
5813 
5810 
5804 
5793 
5789 
5785 
5254 
4680 
4674 
4629 
4119 
4029 
3483 
3482 
3480 
3480
