36565
30811 
30779 
28571 
26570 
23925 
21487 
19597 
17607 
17347 
16427 
16419 
16412 
16404 
16397 
16389 
16382 
16374 
16360 
16344 
16232 
16222 
16212 
16202 
16194 
16180 
16172 
16164 
16150 
16134 
16120 
16104 
16076 
16067 
16059 
16052 
16044 
16009 
15999 
15964 
15954 
15940 
15924 
15875 
15865 
15849 
15814 
15804 
15769 
15759 
15724 
15714 
15679 
15669 
15634 
15624 
15589 
15579 
15544 
15534 
15499 
15489 
15454 
15444 
15409 
15399 
15364 
15354 
15319 
15309 
15274 
15264 
15229 
15219 
15184 
15174 
15139 
15129 
15094 
15084 
15049 
15039 
15004 
14994 
14959 
14949 
14914 
14904 
14869 
14859 
14824 
14814 
14779 
14769 
14734 
14724 
14689 
14679 
14644 
14634 
14599 
14589 
14554 
14544 
14516 
14507 
14499 
14478 
14469 
14420 
14410 
14394 
14345 
14335 
14319 
14270 
14260 
14244 
14195 
14185 
14169 
14120 
14110 
14094 
14045 
14035 
14019 
13970 
13960 
13944 
13895 
13885 
13869 
13820 
13810 
13794 
13745 
13735 
13719 
13670 
13660 
13644 
13595 
13585 
13569 
13520 
13510 
13494 
13445 
13435 
13419 
13370 
13360 
13344 
13295 
13285 
13269 
13220 
13210 
13194 
13145 
13135 
13119 
13070 
13060 
13044 
13030 
13014 
11208 
9408 
7362 
5322 
3498 
3492 
3486 
3480 
3477 
3477
