42286
28636 
24156 
24149 
24139 
24134 
24124 
24121 
24111 
24108 
24098 
22601 
22421 
21818 
21698 
21685 
21565 
21560 
21550 
21538 
21498 
21486 
21446 
21143 
20963 
20952 
19560 
19410 
19365 
19351 
19338 
19182 
18822 
18808 
18794 
18766 
18714 
18702 
18697 
18687 
18684 
18677 
18653 
18638 
18635 
18625 
18616 
18586 
18550 
18535 
18495 
18465 
18450 
18430 
18367 
18337 
18326 
18323 
18313 
18295 
18284 
18274 
18268 
18248 
18239 
18209 
18167 
18152 
18141 
18131 
17567 
17552 
17222 
17182 
16864 
16669 
16649 
16643 
16623 
16509 
16449 
16438 
16428 
16341 
16296 
16285 
16270 
16259 
15731 
15401 
14192 
14057 
13940 
13928 
13920 
13905 
13599 
13503 
13299 
12414 
11676 
11148 
10884 
9963 
8358 
8055 
8052 
7581 
6981 
6096 
4302 
4299 
4023 
2742 
636 
633 
630 
627 
624 
624
