42286
28846 
28634 
26270 
24794 
24554 
24170 
24158 
24149 
24137 
23489 
23128 
23112 
23106 
23094 
23088 
23078 
23068 
22438 
22077 
22067 
22061 
22051 
22041 
21627 
21399 
21385 
21375 
21365 
19751 
18839 
18824 
18804 
18786 
18772 
18752 
18746 
18736 
18729 
18687 
18668 
18638 
18602 
18583 
18573 
18561 
18547 
18541 
18521 
17027 
16818 
16172 
16142 
16118 
16103 
15743 
15553 
15537 
15525 
15515 
15505 
15487 
15473 
15463 
14449 
14183 
14169 
14133 
14109 
14103 
14097 
14037 
13329 
12663 
12657 
12195 
12189 
12183 
12057 
12051 
10623 
10617 
8775 
7215 
7209 
6063 
6057 
4143 
4137 
3219 
3213 
2109 
645 
641 
636 
633 
630 
627 
624 
624
