42286
28636 
24172 
24150 
21190 
20840 
20813 
20777 
20757 
20725 
20705 
20673 
20653 
20573 
20549 
20469 
20445 
17853 
17785 
17715 
17677 
17607 
17569 
17540 
17520 
17088 
17053 
17025 
17007 
16987 
16875 
16851 
16831 
16799 
16779 
16747 
16727 
16711 
16279 
16245 
16217 
15913 
15879 
15863 
15735 
15707 
15387 
15353 
15336 
15317 
15189 
15161 
14601 
14577 
14409 
13233 
13221 
12801 
12621 
12609 
12597 
12537 
12237 
12225 
11145 
9345 
7881 
7869 
6477 
6465 
5745 
4317 
3765 
3753 
2205 
657 
645 
636 
629 
624 
624
