42286
28706 
28632 
26268 
25272 
25266 
24432 
24426 
24156 
24150 
22758 
22751 
22135 
20743 
20568 
20560 
20542 
20534 
20525 
20519 
20510 
20504 
20500 
20491 
20485 
19997 
19990 
19981 
19974 
19938 
19920 
19913 
19909 
19891 
19870 
19813 
19750 
18247 
18227 
18209 
18200 
18192 
18186 
18181 
18175 
18166 
18160 
18156 
18147 
18141 
18132 
18126 
18117 
18111 
18102 
18096 
17540 
17516 
17488 
17443 
17394 
17352 
17303 
17261 
17212 
17170 
17121 
17076 
17027 
16973 
16910 
16337 
16310 
16302 
16293 
16285 
16065 
16056 
16042 
15733 
15553 
15545 
15538 
15531 
15524 
15518 
15470 
15461 
15443 
15437 
15428 
15421 
15379 
15370 
15361 
15353 
15251 
15188 
15181 
15177 
14466 
14214 
12744 
12720 
12648 
11841 
11739 
9918 
9792 
9024 
8748 
6720 
6048 
5994 
5130 
3015 
1923 
1920 
1629 
639 
636 
635 
633 
632 
630 
629 
627 
627
