42286
28636 
24156 
24150 
22269 
22262 
22247 
21134 
21014 
20759 
20550 
20543 
20539 
20533 
20529 
20523 
20520 
19920 
19545 
19260 
19095 
19084 
19077 
19029 
18999 
18984 
18973 
18958 
18947 
18932 
18921 
18306 
17931 
17920 
17905 
17894 
17651 
17501 
16514 
16499 
15899 
15875 
15860 
15836 
15821 
15005 
14900 
14891 
14876 
14866 
14791 
14782 
14767 
14757 
14682 
14668 
14638 
14629 
14614 
14603 
14588 
14578 
14571 
14568 
14424 
14346 
14343 
14325 
13989 
12915 
12264 
12120 
11493 
11388 
10719 
10551 
9507 
8988 
8985 
7737 
6963 
6633 
4851 
3489 
2010 
2007 
2004 
1989 
639 
636 
633 
630 
629 
627 
626 
624 
624
