42286
28636 
24156 
24150 
23781 
23565 
23557 
23517 
23507 
23500 
23491 
23484 
22242 
22231 
22226 
22217 
22209 
22164 
22142 
22120 
22111 
22103 
22068 
22057 
22041 
22033 
22024 
22016 
22009 
22001 
21994 
21986 
21977 
21971 
21966 
21957 
21949 
21940 
21934 
21925 
21919 
21910 
21904 
21899 
21890 
21882 
21875 
21867 
21860 
21852 
21843 
21837 
21832 
21823 
21815 
21806 
21800 
21791 
21785 
21776 
21770 
21765 
21754 
21745 
21725 
21715 
21697 
21689 
21675 
21665 
21657 
21648 
21641 
21633 
21624 
21616 
21611 
21602 
21594 
21585 
21579 
21570 
21564 
21555 
21549 
21544 
21535 
21526 
21520 
21513 
21505 
21496 
21490 
21481 
21475 
21465 
21456 
21446 
21439 
21431 
21422 
21416 
21407 
21401 
21391 
21382 
21373 
21368 
21359 
21284 
21229 
21223 
21216 
21213 
21201 
21187 
21175 
21164 
21161 
21158 
21116 
21094 
21080 
21008 
20964 
20950 
20590 
20381 
20370 
20326 
20263 
20219 
20099 
20011 
19945 
19901 
19894 
19798 
19787 
19778 
19769 
19761 
19754 
19746 
19739 
19729 
19722 
19641 
19586 
19579 
19498 
19443 
19436 
19304 
19205 
19196 
19189 
19099 
19033 
18685 
18432 
18425 
18323 
18257 
18243 
18033 
17879 
17669 
17515 
17305 
17151 
16941 
16787 
16577 
16423 
16213 
16059 
15849 
15695 
15593 
15582 
15577 
15568 
15559 
15553 
15546 
15538 
15531 
15523 
15520 
15513 
15459 
15426 
15419 
14615 
14593 
14579 
14569 
14562 
14554 
14545 
14537 
14528 
14522 
14513 
14507 
14498 
14492 
14482 
14473 
14464 
14456 
14447 
14440 
14432 
14426 
14417 
14411 
14402 
14396 
14387 
14381 
14372 
14366 
14357 
14351 
14346 
14337 
14329 
14324 
14319 
13533 
13512 
13497 
13320 
13242 
12753 
12024 
11958 
11778 
11151 
9126 
9051 
8313 
8151 
6636 
5559 
4650 
3345 
3282 
2007 
636 
633 
632 
630 
629 
627 
627
