42286
28636 
27100 
25136 
24732 
24528 
24524 
24152 
24150 
23862 
23094 
23090 
22902 
22894 
22882 
22875 
22873 
22872 
22870 
22863 
22847 
22843 
22841 
22835 
22819 
22815 
22725 
22485 
22478 
22471 
22466 
22438 
22434 
22431 
22423 
22421 
22356 
22188 
22174 
22162 
22158 
22154 
22150 
22148 
22142 
22126 
22122 
22116 
22100 
22096 
22090 
22074 
22070 
22064 
22048 
22044 
22031 
21999 
21992 
21980 
21948 
21944 
21940 
21928 
21896 
21892 
21888 
21887 
21885 
21883 
21879 
21874 
21872 
21832 
21728 
21714 
21710 
21706 
21670 
21574 
21550 
21528 
21472 
21465 
21461 
21459 
21438 
21382 
21370 
21368 
21356 
21324 
21316 
21308 
21292 
21287 
21286 
21281 
21277 
21254 
21198 
21191 
21186 
21180 
21164 
21160 
21151 
21127 
21123 
21121 
21095 
21031 
21017 
21014 
21006 
21004 
20978 
20914 
20900 
20897 
20889 
20887 
20860 
20788 
20772 
20770 
20767 
20759 
20757 
20750 
20734 
20730 
20728 
20703 
20639 
20632 
20627 
20626 
20624 
20607 
20559 
20551 
20549 
20542 
20526 
20522 
20520 
20513 
20497 
20492 
20484 
20482 
20477 
20473 
20471 
20455 
20415 
20408 
20406 
20391 
20351 
20343 
20341 
20327 
20295 
20288 
20286 
20273 
20241 
20234 
20222 
20190 
20185 
20174 
20150 
20143 
20133 
20109 
20104 
20092 
20060 
20055 
20046 
20022 
20018 
20016 
20006 
19982 
19977 
19967 
19943 
19938 
19928 
19904 
19899 
19898 
19896 
19887 
19863 
19859 
19857 
19851 
19835 
19831 
19827 
19819 
19814 
19810 
19808 
19792 
19752 
19745 
19743 
19741 
19737 
19732 
19730 
19728 
19724 
19719 
19717 
19715 
19711 
19706 
19704 
19702 
19698 
19668 
19588 
19574 
19564 
19540 
19535 
19525 
19501 
19496 
19486 
19462 
19457 
19448 
19424 
19420 
19418 
19415 
19407 
19405 
19397 
19381 
19376 
19368 
19344 
19340 
19334 
19318 
19314 
19311 
19303 
19301 
19297 
19289 
19285 
19281 
19273 
19268 
19264 
19262 
19257 
19249 
19244 
19240 
19236 
19233 
19225 
19223 
19213 
19205 
19193 
19186 
19184 
19183 
19181 
19178 
19170 
19168 
19166 
19162 
19157 
19155 
19154 
19152 
19151 
19149 
19144 
19142 
19137 
19129 
19124 
19119 
19093 
19029 
19015 
19010 
19002 
18997 
18993 
18989 
18967 
18911 
18904 
18900 
18898 
18889 
18865 
18861 
18859 
18858 
18856 
18855 
18853 
18843 
18819 
18814 
18795 
18747 
18740 
18736 
18729 
18713 
18709 
18704 
18700 
18694 
18678 
18674 
18668 
18652 
18648 
18645 
18637 
18635 
18632 
18624 
18622 
18619 
18611 
18609 
18606 
18598 
18596 
18593 
18585 
18583 
18580 
18572 
18570 
18567 
18559 
18557 
18554 
18546 
18544 
18541 
18533 
18531 
18528 
18520 
18518 
18515 
18507 
18505 
18502 
18494 
18492 
18489 
18481 
18479 
18476 
18468 
18466 
18463 
18455 
18453 
18450 
18442 
18440 
18437 
18429 
18427 
18424 
18416 
18414 
18411 
18403 
18401 
18398 
18390 
18388 
18385 
18377 
18375 
18372 
18364 
18362 
18359 
18351 
18349 
18346 
18338 
18336 
18333 
18325 
18323 
18320 
18312 
18310 
18307 
18299 
18297 
18294 
18286 
18284 
18281 
18273 
18271 
18268 
18260 
18258 
18255 
18247 
18245 
18242 
18234 
18232 
18229 
18221 
18219 
18216 
18208 
18206 
18203 
18195 
18193 
18190 
18182 
18180 
18177 
18169 
18167 
18164 
18156 
18154 
18151 
18143 
18141 
18138 
18130 
18128 
18125 
18117 
18115 
18112 
18104 
18102 
18099 
18091 
18089 
18086 
18078 
18076 
18073 
18065 
18063 
18060 
18052 
18050 
18047 
18039 
18037 
18034 
18026 
18024 
18021 
18013 
18011 
18008 
18000 
17998 
17995 
17987 
17985 
17982 
17974 
17972 
17969 
17961 
17959 
17956 
17948 
17946 
17943 
17935 
17933 
17930 
17922 
17920 
17917 
17909 
17907 
17904 
17896 
17894 
17891 
17883 
17881 
17878 
17870 
17868 
17865 
17857 
17855 
17852 
17844 
17842 
17839 
17831 
17829 
17826 
17820 
17816 
17814 
17809 
17805 
17803 
17794 
17770 
17766 
17764 
17756 
17740 
17735 
17728 
17722 
17706 
17702 
17700 
17696 
17690 
17674 
17670 
17663 
17647 
17643 
17638 
17634 
17630 
17622 
17618 
17617 
17615 
17605 
17581 
17576 
17569 
17568 
17566 
17565 
17563 
17552 
17528 
17521 
17512 
17488 
17484 
17482 
17473 
17449 
17445 
17443 
17438 
17436 
17427 
17403 
17399 
17397 
17388 
17364 
17360 
17358 
17347 
17315 
17311 
17309 
17308 
17306 
17304 
17299 
17295 
17293 
17280 
17248 
17241 
17240 
17238 
17229 
17205 
17201 
17199 
17194 
17192 
17180 
17148 
17143 
17137 
17121 
17117 
17116 
17114 
17102 
17070 
17065 
17061 
17053 
17049 
17044 
17036 
17031 
17026 
17018 
17002 
16997 
16992 
16984 
16979 
16974 
16951 
16895 
16888 
16883 
16871 
16839 
16831 
16825 
16809 
16805 
16803 
16798 
16794 
16792 
16785 
16769 
16765 
16763 
16753 
16729 
16724 
16719 
16711 
16706 
16701 
16693 
16677 
16672 
16666 
16650 
16646 
16638 
16622 
16617 
16609 
16585 
16581 
16580 
16578 
16570 
16546 
16542 
16536 
16520 
16516 
16512 
16504 
16500 
16496 
16488 
16483 
16479 
16477 
16468 
16444 
16440 
16438 
16429 
16405 
16401 
16399 
16392 
16376 
16372 
16370 
16363 
16355 
16347 
16342 
16337 
16333 
16325 
16321 
16318 
16310 
16308 
16306 
16302 
16297 
16295 
16294 
16292 
16287 
16271 
16269 
16247 
16191 
16184 
16180 
16178 
16159 
16111 
16104 
16100 
16090 
16066 
16061 
16051 
16027 
16022 
16012 
15988 
15983 
15973 
15949 
15944 
15935 
15911 
15907 
15905 
15899 
15883 
15879 
15873 
15857 
15853 
15846 
15830 
15826 
15824 
15819 
15811 
15803 
15801 
15796 
15788 
15783 
15778 
15762 
15722 
15715 
15713 
15710 
15702 
15700 
15685 
15645 
15637 
15635 
15615 
15567 
15560 
15556 
15554 
15543 
15519 
15512 
15509 
15501 
15499 
15496 
15488 
15486 
15483 
15475 
15473 
15470 
15462 
15460 
15457 
15449 
15447 
15444 
15436 
15434 
15431 
15423 
15421 
15418 
15410 
15408 
15405 
15397 
15395 
15392 
15384 
15382 
15379 
15371 
15369 
15366 
15358 
15356 
15353 
15345 
15343 
15340 
15332 
15330 
15327 
15319 
15317 
15314 
15306 
15304 
15301 
15293 
15291 
15288 
15280 
15278 
15275 
15267 
15265 
15262 
15254 
15252 
15249 
15241 
15239 
15236 
15228 
15226 
15223 
15215 
15213 
15210 
15202 
15200 
15197 
15189 
15187 
15184 
15176 
15174 
15171 
15163 
15161 
15158 
15150 
15148 
15145 
15137 
15135 
15132 
15124 
15122 
15119 
15111 
15109 
15106 
15098 
15096 
15093 
15085 
15083 
15080 
15072 
15070 
15067 
15059 
15057 
15054 
15046 
15044 
15041 
15033 
15031 
15028 
15020 
15018 
15015 
15007 
15005 
15002 
14994 
14992 
14989 
14981 
14979 
14976 
14968 
14966 
14963 
14955 
14953 
14950 
14942 
14940 
14937 
14929 
14927 
14924 
14916 
14914 
14911 
14903 
14901 
14898 
14890 
14888 
14885 
14877 
14875 
14872 
14864 
14862 
14860 
14852 
14846 
14830 
14826 
14820 
14804 
14800 
14790 
14766 
14761 
14739 
14707 
14700 
14693 
14688 
14686 
14682 
14676 
14669 
14667 
14660 
14653 
14649 
14640 
14633 
14628 
14627 
14625 
14604 
14597 
14576 
14574 
14570 
14565 
14554 
14540 
14538 
14536 
14532 
14521 
14507 
14505 
14501 
14496 
14495 
14493 
14490 
14486 
14484 
14474 
14460 
14459 
14457 
14448 
14441 
14436 
14435 
14433 
14429 
14424 
14423 
14421 
14409 
14395 
14391 
14360 
14318 
14316 
14310 
14303 
14301 
14294 
14287 
14283 
14282 
14280 
14279 
14277 
14270 
14263 
14259 
14258 
14256 
14234 
14227 
14206 
14202 
14187 
14166 
14159 
14152 
14148 
14147 
14145 
14138 
14131 
14127 
14120 
14113 
14109 
14102 
14095 
14091 
14084 
14077 
14073 
14066 
14059 
14055 
14048 
14041 
14037 
14030 
14023 
14019 
14012 
14005 
14001 
13994 
13987 
13983 
13976 
13969 
13965 
13958 
13951 
13947 
13940 
13933 
13929 
13922 
13915 
13911 
13904 
13897 
13893 
13886 
13879 
13875 
13868 
13861 
13857 
13850 
13843 
13839 
13832 
13825 
13821 
13814 
13807 
13803 
13796 
13789 
13785 
13778 
13771 
13767 
13760 
13753 
13749 
13742 
13735 
13731 
13724 
13717 
13713 
13706 
13699 
13695 
13688 
13681 
13677 
13670 
13663 
13659 
13652 
13645 
13641 
13634 
13627 
13623 
13616 
13609 
13605 
13598 
13591 
13587 
13580 
13573 
13569 
13562 
13555 
13551 
13544 
13537 
13533 
13526 
13519 
13515 
13508 
13501 
13497 
13490 
13483 
13479 
13472 
13465 
13461 
13454 
13447 
13443 
13436 
13429 
13425 
13418 
13411 
13407 
13400 
13393 
13389 
13382 
13375 
13371 
13364 
13357 
13353 
13346 
13339 
13335 
13328 
13321 
13317 
13310 
13303 
13299 
13292 
13285 
13281 
13274 
13267 
13263 
13256 
13249 
13245 
13238 
13231 
13227 
13220 
13213 
13209 
13202 
13195 
13191 
13184 
13177 
13173 
13166 
13159 
13155 
13148 
13141 
13137 
13130 
13123 
13119 
13112 
13105 
13101 
13094 
13087 
13083 
13076 
13069 
13065 
13058 
13051 
13047 
13040 
13033 
13029 
13022 
13015 
13011 
13004 
12997 
12993 
12986 
12979 
12975 
12968 
12961 
12957 
12950 
12943 
12939 
12932 
12925 
12921 
12914 
12907 
12903 
12896 
12889 
12885 
12878 
12871 
12867 
12860 
12853 
12849 
12842 
12835 
12831 
12824 
12817 
12813 
12806 
12799 
12795 
12788 
12781 
12777 
12770 
12763 
12759 
12752 
12745 
12741 
12734 
12727 
12723 
12716 
12709 
12705 
12698 
12691 
12687 
12680 
12673 
12669 
12662 
12655 
12651 
12644 
12637 
12633 
12626 
12619 
12615 
12608 
12601 
12597 
12590 
12583 
12579 
12572 
12565 
12561 
12554 
12547 
12543 
12536 
12529 
12525 
12518 
12511 
12507 
12500 
12493 
12489 
12485 
12480 
12479 
12477 
12473 
12468 
12464 
12459 
12444 
12423 
12419 
12414 
12390 
12362 
12357 
12343 
12329 
12324 
12318 
12311 
12309 
12308 
12306 
12305 
12303 
12302 
12300 
12299 
12297 
12296 
12294 
12293 
12291 
12290 
12288 
12287 
12285 
12284 
12282 
12281 
12279 
12278 
12276 
12275 
12273 
12272 
12270 
12269 
12267 
12266 
12264 
12263 
12261 
12260 
12258 
12257 
12255 
12254 
12252 
12251 
12249 
12248 
12246 
12245 
12243 
12242 
12240 
12239 
12237 
12236 
12234 
12233 
12231 
12230 
12228 
12227 
12225 
12224 
12222 
12221 
12219 
12218 
12216 
12215 
12213 
12212 
12210 
12209 
12207 
12206 
12204 
12203 
12201 
12200 
12198 
12197 
12195 
12194 
12192 
12191 
12189 
12188 
12186 
12185 
12183 
12182 
12180 
12179 
12177 
12176 
12174 
12173 
12171 
12170 
12168 
12167 
12165 
12164 
12162 
12161 
12159 
12158 
12156 
12155 
12153 
12152 
12150 
12149 
12147 
12146 
12144 
12143 
12141 
12140 
12138 
12137 
12135 
12134 
12132 
12131 
12129 
12128 
12126 
12125 
12123 
12122 
12120 
12119 
12117 
12116 
12114 
12113 
12111 
12110 
12108 
12107 
12105 
12104 
12102 
12101 
12099 
12098 
12096 
12095 
12093 
12092 
12090 
12089 
12087 
12086 
12084 
12083 
12081 
12080 
12078 
12077 
12075 
12074 
12072 
12071 
12069 
12068 
12066 
12065 
12063 
12062 
12060 
12059 
12057 
12056 
12054 
12053 
12051 
12050 
12048 
12047 
12045 
12044 
12042 
12041 
12039 
12038 
12036 
12035 
12033 
12032 
12030 
12029 
12027 
12026 
12024 
12023 
12021 
12020 
12018 
12017 
12015 
12014 
12012 
12011 
12009 
12008 
12006 
12005 
12003 
12002 
12000 
11999 
11997 
11996 
11994 
11993 
11991 
11990 
11988 
11987 
11985 
11984 
11982 
11981 
11979 
11978 
11976 
11975 
11973 
11972 
11970 
11969 
11967 
11966 
11964 
11963 
11961 
11960 
11958 
11957 
11955 
11954 
11952 
11951 
11949 
11948 
11946 
11945 
11943 
11942 
11940 
11939 
11937 
11936 
11934 
11933 
11931 
11930 
11928 
11927 
11925 
11924 
11922 
11921 
11919 
11918 
11916 
11915 
11913 
11912 
11910 
11909 
11907 
11906 
11904 
11903 
11901 
11900 
11898 
11897 
11895 
11894 
11892 
11891 
11889 
11888 
11886 
11885 
11883 
11882 
11880 
11879 
11877 
11876 
11874 
11873 
11871 
11870 
11868 
11867 
11865 
11864 
11862 
11861 
11859 
11858 
11856 
11855 
11853 
11852 
11850 
11849 
11847 
11846 
11844 
11843 
11841 
11840 
11838 
11837 
11835 
11834 
11832 
11831 
11829 
11828 
11826 
11825 
11823 
11822 
11820 
11819 
11817 
11816 
11814 
11813 
11811 
11810 
11808 
11807 
11805 
11804 
11802 
11801 
11799 
11798 
11796 
11795 
11793 
11792 
11790 
11789 
11787 
11786 
11784 
11783 
11781 
11780 
11778 
11777 
11775 
11774 
11772 
11771 
11769 
11768 
11766 
11765 
11763 
11762 
11760 
11759 
11757 
11756 
11754 
11753 
11751 
11750 
11748 
11747 
11745 
11744 
11742 
11741 
11739 
11738 
11736 
11735 
11733 
11732 
11730 
11729 
11727 
11726 
11724 
11723 
11721 
11720 
11718 
11717 
11715 
11714 
11712 
11711 
11709 
11708 
11706 
11705 
11703 
11702 
11700 
11699 
11697 
11696 
11694 
11693 
11691 
11690 
11688 
11687 
11685 
11684 
11682 
11681 
11679 
11678 
11676 
11675 
11673 
11672 
11670 
11669 
11667 
11666 
11664 
11663 
11661 
11660 
11658 
11657 
11655 
11654 
11652 
11651 
11649 
11648 
11646 
11645 
11643 
11642 
11640 
11639 
11637 
11636 
11634 
11633 
11631 
11630 
11628 
11615 
11601 
11597 
11595 
11592 
11588 
11586 
11583 
11579 
11577 
11576 
11574 
11573 
11571 
11570 
11568 
11567 
11565 
11564 
11562 
11561 
11559 
11558 
11556 
11555 
11553 
11552 
11550 
11549 
11547 
11546 
11544 
11543 
11541 
11540 
11538 
11537 
11535 
11534 
11532 
11531 
11529 
11528 
11526 
11525 
11523 
11522 
11520 
11519 
11517 
11516 
11514 
11513 
11511 
11510 
11508 
11507 
11505 
11504 
11502 
11501 
11499 
11498 
11496 
11495 
11493 
11492 
11490 
11489 
11487 
11486 
11484 
11483 
11481 
11480 
11478 
11477 
11475 
11474 
11472 
11471 
11469 
11468 
11466 
11462 
11457 
11452 
11445 
11444 
11442 
11436 
11429 
11427 
11426 
11424 
11401 
11373 
11369 
11367 
11359 
11352 
11348 
11346 
11340 
11333 
11331 
11330 
11328 
11327 
11325 
11324 
11322 
11321 
11319 
11318 
11316 
11315 
11313 
11312 
11310 
11309 
11307 
11306 
11304 
11303 
11301 
11300 
11298 
11297 
11295 
11294 
11292 
11291 
11289 
11288 
11286 
11285 
11283 
11282 
11280 
11279 
11277 
11276 
11274 
11273 
11271 
11270 
11268 
11267 
11265 
11264 
11262 
11261 
11259 
11258 
11256 
11255 
11253 
11252 
11250 
11249 
11247 
11246 
11244 
11243 
11241 
11240 
11238 
11237 
11235 
11234 
11232 
11231 
11229 
11228 
11226 
11225 
11223 
11222 
11220 
11219 
11217 
11216 
11214 
11213 
11211 
11210 
11208 
11207 
11205 
11204 
11202 
11201 
11199 
11198 
11196 
11195 
11193 
11192 
11190 
11189 
11187 
11186 
11184 
11183 
11181 
11180 
11178 
11177 
11175 
11174 
11172 
11171 
11169 
11168 
11166 
11165 
11163 
11162 
11160 
11159 
11157 
11156 
11154 
11153 
11151 
11150 
11148 
11147 
11145 
11144 
11142 
11141 
11139 
11138 
11136 
11135 
11133 
11132 
11130 
11129 
11127 
11126 
11124 
11123 
11121 
11120 
11118 
11117 
11115 
11114 
11112 
11111 
11109 
11108 
11106 
11105 
11103 
11102 
11100 
11099 
11097 
11096 
11094 
11093 
11091 
11090 
11088 
11087 
11085 
11084 
11082 
11081 
11079 
11078 
11076 
11075 
11073 
11072 
11070 
11069 
11067 
11066 
11064 
11063 
11061 
11060 
11058 
11057 
11055 
11054 
11052 
11051 
11049 
11048 
11046 
11045 
11043 
11042 
11040 
11039 
11037 
11036 
11034 
11033 
11031 
11030 
11028 
11027 
11025 
11024 
11022 
11021 
11019 
11018 
11016 
11015 
11013 
11012 
11010 
11009 
11007 
11006 
11004 
11003 
11001 
11000 
10998 
10997 
10995 
10994 
10992 
10991 
10989 
10988 
10986 
10985 
10983 
10982 
10980 
10979 
10977 
10976 
10974 
10973 
10971 
10970 
10968 
10967 
10965 
10964 
10962 
10961 
10959 
10958 
10956 
10955 
10953 
10952 
10950 
10949 
10947 
10946 
10944 
10943 
10941 
10940 
10938 
10937 
10935 
10934 
10932 
10931 
10929 
10928 
10926 
10925 
10923 
10922 
10920 
10919 
10917 
10916 
10914 
10913 
10911 
10910 
10908 
10907 
10905 
10904 
10902 
10901 
10899 
10898 
10896 
10895 
10893 
10892 
10890 
10889 
10887 
10886 
10884 
10883 
10881 
10880 
10878 
10877 
10875 
10874 
10872 
10871 
10869 
10868 
10866 
10865 
10863 
10862 
10860 
10859 
10857 
10856 
10854 
10853 
10851 
10850 
10848 
10847 
10845 
10844 
10842 
10841 
10839 
10838 
10836 
10835 
10833 
10832 
10830 
10829 
10827 
10826 
10824 
10823 
10821 
10820 
10818 
10817 
10815 
10814 
10812 
10811 
10809 
10808 
10806 
10805 
10803 
10802 
10800 
10799 
10797 
10796 
10794 
10793 
10791 
10790 
10788 
10787 
10785 
10784 
10782 
10781 
10779 
10778 
10776 
10775 
10773 
10772 
10770 
10769 
10767 
10766 
10764 
10763 
10761 
10760 
10758 
10757 
10755 
10754 
10752 
10751 
10749 
10748 
10746 
10745 
10743 
10742 
10740 
10739 
10737 
10736 
10734 
10733 
10731 
10730 
10728 
10727 
10725 
10724 
10722 
10721 
10719 
10718 
10716 
10715 
10713 
10712 
10710 
10709 
10707 
10706 
10704 
10703 
10701 
10700 
10698 
10697 
10695 
10694 
10692 
10691 
10689 
10688 
10686 
10685 
10683 
10682 
10680 
10679 
10677 
10676 
10674 
10673 
10671 
10670 
10668 
10667 
10665 
10664 
10662 
10661 
10659 
10658 
10656 
10655 
10653 
10652 
10650 
10649 
10647 
10646 
10644 
10643 
10641 
10640 
10638 
10637 
10635 
10634 
10632 
10631 
10629 
10628 
10626 
10625 
10623 
10622 
10620 
10619 
10617 
10616 
10614 
10613 
10611 
10610 
10608 
10607 
10605 
10604 
10602 
10601 
10599 
10598 
10596 
10595 
10593 
10592 
10590 
10589 
10587 
10586 
10584 
10583 
10581 
10580 
10578 
10577 
10575 
10574 
10572 
10571 
10569 
10568 
10566 
10565 
10563 
10562 
10560 
10559 
10557 
10556 
10554 
10553 
10551 
10550 
10548 
10547 
10545 
10544 
10542 
10541 
10539 
10538 
10536 
10535 
10533 
10532 
10530 
10529 
10527 
10526 
10524 
10523 
10521 
10520 
10518 
10517 
10515 
10514 
10512 
10511 
10509 
10508 
10506 
10505 
10503 
10502 
10500 
10499 
10497 
10496 
10494 
10493 
10491 
10490 
10488 
10487 
10485 
10484 
10482 
10481 
10479 
10478 
10476 
10475 
10473 
10472 
10470 
10469 
10467 
10466 
10464 
10463 
10461 
10460 
10458 
10457 
10455 
10454 
10452 
10451 
10449 
10448 
10446 
10445 
10443 
10442 
10440 
10439 
10437 
10436 
10434 
10433 
10431 
10430 
10428 
10427 
10425 
10424 
10422 
10421 
10419 
10418 
10416 
10415 
10413 
10412 
10410 
10409 
10407 
10406 
10404 
10403 
10401 
10400 
10398 
10397 
10395 
10394 
10392 
10391 
10389 
10388 
10386 
10385 
10383 
10382 
10380 
10379 
10377 
10376 
10374 
10373 
10371 
10370 
10368 
10367 
10365 
10364 
10362 
10361 
10359 
10358 
10356 
10355 
10353 
10352 
10350 
10349 
10347 
10346 
10344 
10343 
10341 
10340 
10338 
10337 
10335 
10334 
10332 
10331 
10329 
10328 
10326 
10325 
10323 
10322 
10320 
10319 
10317 
10316 
10314 
10313 
10311 
10310 
10308 
10307 
10305 
10304 
10302 
10301 
10299 
10298 
10296 
10295 
10293 
10292 
10290 
10289 
10287 
10286 
10284 
10283 
10281 
10280 
10278 
10277 
10275 
10274 
10272 
10271 
10269 
10268 
10266 
10265 
10263 
10262 
10260 
10259 
10257 
10256 
10254 
10253 
10251 
10250 
10248 
10247 
10245 
10244 
10242 
10241 
10239 
10238 
10236 
10235 
10233 
10232 
10230 
10229 
10227 
10226 
10224 
10223 
10221 
10220 
10218 
10217 
10215 
10214 
10212 
10211 
10209 
10208 
10206 
10205 
10203 
10202 
10200 
10199 
10197 
10196 
10194 
10193 
10191 
10190 
10188 
10187 
10185 
10184 
10182 
10181 
10179 
10178 
10176 
10175 
10173 
10172 
10170 
10169 
10167 
10166 
10164 
10163 
10161 
10160 
10158 
10157 
10155 
10154 
10152 
10151 
10149 
10148 
10146 
10145 
10143 
10142 
10140 
10139 
10137 
10136 
10134 
10133 
10131 
10130 
10128 
10127 
10125 
10124 
10122 
10121 
10119 
10118 
10116 
10115 
10113 
10112 
10110 
10109 
10107 
10106 
10104 
10103 
10101 
10100 
10098 
10097 
10095 
10094 
10092 
10091 
10089 
10088 
10086 
10085 
10083 
10082 
10080 
10079 
10077 
10076 
10074 
10073 
10071 
10070 
10068 
10067 
10065 
10064 
10062 
10061 
10059 
10058 
10056 
10055 
10053 
10052 
10050 
10049 
10047 
10046 
10044 
10043 
10041 
10040 
10038 
10037 
10035 
10034 
10032 
10031 
10029 
10028 
10026 
10025 
10023 
10022 
10020 
10019 
10017 
10016 
10014 
10013 
10011 
10010 
10008 
10007 
10005 
10004 
10002 
10001 
9999 
9998 
9996 
9995 
9993 
9992 
9990 
9989 
9987 
9986 
9984 
9983 
9981 
9980 
9978 
9977 
9975 
9974 
9972 
9971 
9969 
9968 
9966 
9965 
9963 
9962 
9960 
9959 
9957 
9956 
9954 
9953 
9951 
9950 
9948 
9947 
9945 
9944 
9942 
9941 
9939 
9938 
9936 
9935 
9933 
9932 
9930 
9929 
9927 
9926 
9924 
9923 
9921 
9920 
9918 
9917 
9915 
9914 
9912 
9911 
9909 
9908 
9906 
9905 
9903 
9902 
9900 
9899 
9897 
9896 
9894 
9893 
9891 
9890 
9888 
9887 
9885 
9884 
9882 
9881 
9879 
9878 
9876 
9875 
9873 
9872 
9870 
9869 
9867 
9866 
9864 
9863 
9861 
9860 
9858 
9857 
9855 
9854 
9852 
9851 
9849 
9848 
9846 
9845 
9843 
9842 
9840 
9839 
9837 
9836 
9834 
9833 
9831 
9830 
9828 
9827 
9825 
9824 
9822 
9821 
9819 
9818 
9816 
9815 
9813 
9812 
9810 
9809 
9807 
9806 
9804 
9803 
9801 
9800 
9798 
9797 
9795 
9794 
9792 
9791 
9789 
9788 
9786 
9785 
9783 
9782 
9780 
9779 
9777 
9776 
9774 
9773 
9771 
9770 
9768 
9767 
9765 
9764 
9762 
9761 
9759 
9758 
9756 
9755 
9753 
9752 
9750 
9749 
9747 
9746 
9744 
9743 
9741 
9740 
9738 
9737 
9735 
9734 
9732 
9731 
9729 
9728 
9726 
9725 
9723 
9722 
9720 
9719 
9717 
9716 
9714 
9713 
9711 
9710 
9708 
9707 
9705 
9704 
9702 
9701 
9699 
9698 
9696 
9695 
9693 
9692 
9690 
9689 
9687 
9686 
9684 
9683 
9681 
9680 
9678 
9677 
9675 
9661 
9647 
9642 
9640 
9636 
9628 
9621 
9617 
9615 
9614 
9612 
9599 
9585 
9581 
9579 
9554 
9519 
9506 
9492 
9488 
9486 
9484 
9480 
9463 
9442 
9438 
9435 
9431 
9429 
9426 
9422 
9420 
9415 
9408 
9404 
9399 
9377 
9349 
9345 
9339 
9332 
9330 
9280 
9210 
9208 
9204 
9203 
9201 
9198 
9194 
9192 
9190 
9186 
9184 
9180 
9178 
9174 
9172 
9168 
9166 
9162 
9160 
9156 
9154 
9150 
9148 
9144 
9142 
9138 
9136 
9132 
9130 
9126 
9124 
9120 
9118 
9114 
9112 
9108 
9106 
9102 
9100 
9096 
9094 
9090 
9088 
9084 
9082 
9078 
9076 
9072 
9070 
9066 
9064 
9060 
9058 
9054 
9052 
9048 
9046 
9042 
9040 
9036 
9034 
9030 
9028 
9024 
9022 
9018 
9016 
9012 
9010 
9006 
9004 
9000 
8998 
8994 
8992 
8988 
8986 
8982 
8980 
8976 
8974 
8970 
8968 
8964 
8962 
8958 
8956 
8952 
8950 
8946 
8944 
8940 
8938 
8934 
8932 
8928 
8926 
8922 
8920 
8916 
8914 
8910 
8908 
8904 
8902 
8898 
8896 
8892 
8890 
8886 
8884 
8880 
8878 
8874 
8872 
8868 
8866 
8862 
8860 
8856 
8854 
8850 
8848 
8844 
8842 
8838 
8836 
8832 
8830 
8826 
8824 
8820 
8818 
8814 
8812 
8808 
8806 
8802 
8800 
8796 
8794 
8790 
8788 
8784 
8782 
8778 
8776 
8772 
8770 
8766 
8764 
8760 
8758 
8754 
8752 
8748 
8746 
8742 
8740 
8736 
8734 
8730 
8728 
8724 
8722 
8718 
8716 
8712 
8710 
8706 
8704 
8700 
8698 
8694 
8646 
8583 
8579 
8577 
8575 
8571 
8569 
8565 
8563 
8559 
8557 
8553 
8551 
8547 
8545 
8541 
8539 
8535 
8533 
8529 
8527 
8523 
8521 
8517 
8515 
8511 
8509 
8505 
8503 
8499 
8497 
8493 
8491 
8487 
8485 
8481 
8479 
8475 
8473 
8469 
8467 
8463 
8461 
8457 
8455 
8451 
8449 
8445 
8443 
8439 
8437 
8433 
8431 
8427 
8425 
8421 
8419 
8415 
8413 
8409 
8407 
8403 
8401 
8397 
8395 
8391 
8389 
8385 
8383 
8379 
8377 
8373 
8371 
8367 
8365 
8361 
8359 
8355 
8353 
8349 
8347 
8343 
8341 
8337 
8335 
8331 
8329 
8325 
8323 
8319 
8317 
8313 
8311 
8307 
8305 
8301 
8299 
8295 
8293 
8289 
8287 
8283 
8281 
8277 
8275 
8271 
8269 
8265 
8263 
8259 
8257 
8253 
8251 
8247 
8245 
8241 
8239 
8235 
8233 
8229 
8227 
8223 
8221 
8217 
8215 
8211 
8209 
8205 
8203 
8199 
8197 
8193 
8191 
8187 
8185 
8181 
8179 
8175 
8173 
8169 
8167 
8163 
8161 
8157 
8155 
8151 
8150 
8148 
8146 
8142 
8140 
8136 
8134 
8130 
8128 
8124 
8122 
8118 
8116 
8112 
8110 
8106 
8104 
8100 
8098 
8094 
8092 
8088 
8086 
8082 
8080 
8076 
8074 
8070 
8068 
8064 
8062 
8058 
8056 
8052 
8050 
8046 
8044 
8040 
8038 
8034 
8032 
8028 
8026 
8022 
8020 
8016 
8014 
8010 
8008 
8004 
8002 
7998 
7996 
7992 
7990 
7986 
7984 
7980 
7978 
7974 
7972 
7968 
7966 
7962 
7960 
7956 
7954 
7950 
7948 
7944 
7942 
7938 
7936 
7932 
7930 
7926 
7924 
7920 
7918 
7914 
7912 
7908 
7906 
7902 
7900 
7896 
7894 
7890 
7888 
7884 
7882 
7878 
7876 
7872 
7870 
7866 
7864 
7860 
7858 
7854 
7852 
7848 
7846 
7842 
7840 
7836 
7834 
7830 
7828 
7824 
7822 
7818 
7816 
7812 
7810 
7806 
7804 
7800 
7798 
7794 
7792 
7788 
7786 
7782 
7780 
7776 
7774 
7770 
7768 
7764 
7762 
7758 
7756 
7752 
7750 
7746 
7744 
7740 
7738 
7734 
7732 
7728 
7726 
7722 
7720 
7716 
7714 
7710 
7708 
7704 
7702 
7698 
7696 
7692 
7690 
7686 
7684 
7680 
7678 
7674 
7672 
7668 
7666 
7662 
7660 
7656 
7654 
7650 
7648 
7644 
7642 
7638 
7636 
7632 
7630 
7626 
7624 
7620 
7618 
7614 
7612 
7608 
7606 
7602 
7600 
7596 
7594 
7590 
7588 
7584 
7582 
7578 
7576 
7572 
7570 
7566 
7564 
7560 
7558 
7554 
7552 
7548 
7546 
7542 
7540 
7536 
7534 
7530 
7528 
7524 
7522 
7518 
7516 
7512 
7510 
7506 
7504 
7500 
7498 
7494 
7492 
7488 
7486 
7482 
7480 
7476 
7474 
7470 
7468 
7464 
7462 
7458 
7457 
7455 
7454 
7452 
7450 
7446 
7431 
7410 
7401 
7394 
7389 
7385 
7380 
7376 
7371 
7369 
7365 
7354 
7340 
7338 
7334 
7329 
7325 
7320 
7315 
7308 
7253 
7176 
7171 
7164 
7162 
7158 
7153 
7146 
7141 
7134 
7125 
7118 
7113 
7057 
6980 
6978 
6977 
6975 
6972 
6968 
6966 
6957 
6950 
6945 
6893 
6823 
6819 
6814 
6807 
6802 
6795 
6790 
6783 
6778 
6771 
6766 
6759 
6754 
6747 
6742 
6735 
6730 
6723 
6718 
6711 
6706 
6699 
6694 
6687 
6682 
6675 
6670 
6663 
6658 
6651 
6646 
6639 
6589 
6519 
6469 
6399 
6388 
6374 
6372 
6371 
6369 
6368 
6366 
6365 
6363 
6362 
6360 
6359 
6357 
6356 
6354 
6353 
6351 
6350 
6348 
6347 
6345 
6344 
6342 
6341 
6339 
6338 
6336 
6335 
6333 
6332 
6330 
6329 
6327 
6326 
6324 
6323 
6321 
6320 
6318 
6317 
6315 
6314 
6312 
6311 
6309 
6308 
6306 
6305 
6303 
6302 
6300 
6299 
6297 
6296 
6294 
6293 
6291 
6290 
6288 
6287 
6285 
6284 
6282 
6281 
6279 
6278 
6276 
6275 
6273 
6272 
6270 
6269 
6267 
6266 
6264 
6263 
6261 
6260 
6258 
6257 
6255 
6254 
6252 
6251 
6249 
6248 
6246 
6245 
6243 
6242 
6240 
6239 
6237 
6236 
6234 
6233 
6231 
6230 
6228 
6227 
6225 
6224 
6222 
6221 
6219 
6218 
6216 
6215 
6213 
6212 
6210 
6209 
6207 
6206 
6204 
6203 
6201 
6200 
6198 
6197 
6195 
6194 
6192 
6191 
6189 
6188 
6186 
6185 
6183 
6182 
6180 
6179 
6177 
6176 
6174 
6173 
6171 
6170 
6168 
6167 
6165 
6164 
6162 
6161 
6159 
6158 
6156 
6155 
6153 
6152 
6150 
6149 
6147 
6146 
6144 
6143 
6141 
6140 
6138 
6137 
6135 
6134 
6132 
6131 
6129 
6128 
6126 
6125 
6123 
6122 
6120 
6119 
6117 
6116 
6114 
6113 
6111 
6110 
6108 
6107 
6105 
6104 
6102 
6101 
6099 
6098 
6096 
6095 
6093 
6092 
6090 
6089 
6087 
6086 
6084 
6083 
6081 
6080 
6078 
6077 
6075 
6074 
6072 
6071 
6069 
6068 
6066 
6065 
6063 
6062 
6060 
6059 
6057 
6056 
6054 
6053 
6051 
6050 
6048 
6047 
6045 
6044 
6042 
6041 
6039 
6038 
6036 
6035 
6033 
6032 
6030 
6029 
6027 
6026 
6024 
6023 
6021 
6020 
6018 
6017 
6015 
6014 
6012 
6011 
6009 
6008 
6006 
6005 
6003 
6002 
6000 
5999 
5997 
5996 
5994 
5993 
5991 
5990 
5988 
5987 
5985 
5984 
5982 
5981 
5979 
5978 
5976 
5975 
5973 
5972 
5970 
5969 
5967 
5966 
5964 
5963 
5961 
5960 
5958 
5957 
5955 
5954 
5952 
5951 
5949 
5948 
5946 
5945 
5943 
5942 
5940 
5939 
5937 
5936 
5934 
5933 
5931 
5930 
5928 
5927 
5925 
5924 
5922 
5921 
5919 
5918 
5916 
5915 
5913 
5912 
5910 
5909 
5907 
5906 
5904 
5903 
5901 
5900 
5898 
5897 
5895 
5894 
5892 
5891 
5889 
5888 
5886 
5885 
5883 
5882 
5880 
5879 
5877 
5876 
5874 
5873 
5871 
5870 
5868 
5867 
5865 
5864 
5862 
5861 
5859 
5858 
5856 
5855 
5853 
5852 
5850 
5849 
5847 
5846 
5844 
5843 
5841 
5840 
5838 
5837 
5835 
5834 
5832 
5831 
5829 
5828 
5826 
5825 
5823 
5822 
5820 
5819 
5817 
5816 
5814 
5813 
5811 
5810 
5808 
5807 
5805 
5804 
5802 
5801 
5799 
5798 
5796 
5795 
5793 
5792 
5790 
5789 
5787 
5786 
5784 
5783 
5781 
5780 
5778 
5777 
5775 
5774 
5772 
5771 
5769 
5768 
5766 
5765 
5763 
5762 
5760 
5759 
5757 
5756 
5754 
5753 
5751 
5750 
5748 
5747 
5745 
5744 
5742 
5741 
5739 
5738 
5736 
5735 
5733 
5732 
5730 
5729 
5727 
5726 
5724 
5723 
5721 
5720 
5718 
5717 
5715 
5714 
5712 
5711 
5709 
5708 
5706 
5705 
5703 
5702 
5700 
5699 
5697 
5696 
5694 
5693 
5691 
5690 
5688 
5687 
5685 
5684 
5682 
5681 
5679 
5678 
5676 
5675 
5673 
5672 
5670 
5669 
5667 
5666 
5664 
5663 
5661 
5660 
5658 
5657 
5655 
5654 
5652 
5651 
5649 
5648 
5646 
5645 
5643 
5642 
5640 
5639 
5637 
5636 
5634 
5633 
5631 
5630 
5628 
5627 
5625 
5624 
5622 
5621 
5619 
5618 
5616 
5615 
5613 
5612 
5610 
5609 
5607 
5606 
5604 
5603 
5601 
5600 
5598 
5597 
5595 
5594 
5592 
5591 
5589 
5588 
5586 
5585 
5583 
5582 
5580 
5579 
5577 
5576 
5574 
5573 
5571 
5570 
5568 
5567 
5565 
5564 
5562 
5561 
5559 
5558 
5556 
5555 
5553 
5552 
5550 
5549 
5547 
5546 
5544 
5543 
5541 
5540 
5538 
5537 
5535 
5534 
5532 
5531 
5529 
5528 
5526 
5525 
5523 
5522 
5520 
5519 
5517 
5516 
5514 
5513 
5511 
5510 
5508 
5507 
5505 
5504 
5502 
5501 
5499 
5498 
5496 
5495 
5493 
5492 
5490 
5489 
5487 
5486 
5484 
5483 
5481 
5480 
5478 
5477 
5475 
5474 
5472 
5471 
5469 
5468 
5466 
5465 
5463 
5462 
5460 
5459 
5457 
5456 
5454 
5453 
5451 
5450 
5448 
5447 
5445 
5444 
5442 
5441 
5439 
5438 
5436 
5435 
5433 
5432 
5430 
5429 
5427 
5426 
5424 
5423 
5421 
5420 
5418 
5417 
5415 
5414 
5412 
5411 
5409 
5408 
5406 
5405 
5403 
5402 
5400 
5399 
5397 
5396 
5394 
5393 
5391 
5390 
5388 
5387 
5385 
5384 
5382 
5381 
5379 
5378 
5376 
5375 
5373 
5372 
5370 
5369 
5367 
5366 
5364 
5363 
5361 
5360 
5358 
5357 
5355 
5354 
5352 
5351 
5349 
5348 
5346 
5345 
5343 
5342 
5340 
5339 
5337 
5336 
5334 
5275 
5198 
5193 
5192 
5190 
5189 
5187 
5186 
5184 
5183 
5181 
5180 
5178 
5177 
5175 
5174 
5172 
5171 
5169 
5168 
5166 
5165 
5163 
5162 
5160 
5159 
5157 
5156 
5154 
5153 
5151 
5150 
5148 
5147 
5145 
5144 
5142 
5141 
5139 
5138 
5136 
5135 
5133 
5132 
5130 
5129 
5127 
5126 
5124 
5123 
5121 
5120 
5118 
5117 
5115 
5114 
5112 
5111 
5109 
5108 
5106 
5105 
5103 
5102 
5100 
5099 
5097 
5096 
5094 
5093 
5091 
5090 
5088 
5087 
5085 
5084 
5082 
5081 
5079 
5078 
5076 
5075 
5073 
5072 
5070 
5069 
5067 
5066 
5064 
5063 
5061 
5060 
5058 
5057 
5055 
5054 
5052 
5051 
5049 
5048 
5046 
5045 
5043 
5042 
5040 
5039 
5037 
5036 
5034 
5033 
5031 
5030 
5028 
5027 
5025 
5024 
5022 
5021 
5019 
5018 
5016 
5015 
5013 
5012 
5010 
5009 
5007 
5006 
5004 
5003 
5001 
5000 
4998 
4997 
4995 
4994 
4992 
4991 
4989 
4988 
4986 
4985 
4983 
4982 
4980 
4979 
4977 
4976 
4974 
4973 
4971 
4970 
4968 
4967 
4965 
4964 
4962 
4961 
4959 
4958 
4956 
4955 
4953 
4952 
4950 
4949 
4947 
4946 
4944 
4943 
4941 
4940 
4938 
4937 
4935 
4934 
4932 
4931 
4929 
4928 
4926 
4925 
4923 
4922 
4920 
4919 
4917 
4916 
4914 
4913 
4911 
4910 
4908 
4907 
4905 
4904 
4902 
4901 
4899 
4898 
4896 
4895 
4893 
4892 
4890 
4889 
4887 
4886 
4884 
4883 
4881 
4880 
4878 
4877 
4875 
4874 
4872 
4871 
4869 
4868 
4866 
4865 
4863 
4862 
4860 
4859 
4857 
4856 
4854 
4853 
4851 
4850 
4848 
4847 
4845 
4844 
4842 
4841 
4839 
4838 
4836 
4835 
4833 
4832 
4830 
4829 
4827 
4826 
4824 
4823 
4821 
4820 
4818 
4817 
4815 
4814 
4812 
4811 
4809 
4808 
4806 
4805 
4803 
4802 
4800 
4799 
4797 
4796 
4794 
4793 
4791 
4790 
4788 
4787 
4785 
4784 
4782 
4781 
4779 
4778 
4776 
4775 
4773 
4772 
4770 
4769 
4767 
4766 
4764 
4763 
4761 
4760 
4758 
4757 
4755 
4754 
4752 
4751 
4749 
4748 
4746 
4745 
4743 
4742 
4740 
4739 
4737 
4736 
4734 
4733 
4731 
4730 
4728 
4727 
4725 
4724 
4722 
4721 
4719 
4718 
4716 
4715 
4713 
4712 
4710 
4709 
4707 
4706 
4704 
4703 
4701 
4700 
4698 
4697 
4695 
4694 
4692 
4691 
4689 
4688 
4686 
4685 
4683 
4682 
4680 
4679 
4677 
4676 
4674 
4673 
4671 
4670 
4668 
4667 
4665 
4664 
4662 
4661 
4659 
4658 
4656 
4655 
4653 
4652 
4650 
4649 
4647 
4646 
4644 
4643 
4641 
4640 
4638 
4637 
4635 
4634 
4632 
4631 
4629 
4628 
4626 
4625 
4623 
4622 
4620 
4619 
4617 
4616 
4614 
4613 
4611 
4610 
4608 
4607 
4605 
4604 
4602 
4601 
4599 
4598 
4596 
4595 
4593 
4592 
4590 
4589 
4587 
4586 
4584 
4583 
4581 
4580 
4578 
4577 
4575 
4574 
4572 
4571 
4569 
4568 
4566 
4565 
4563 
4562 
4560 
4559 
4557 
4556 
4554 
4553 
4551 
4550 
4548 
4547 
4545 
4544 
4542 
4541 
4539 
4538 
4536 
4535 
4533 
4532 
4530 
4529 
4527 
4526 
4524 
4523 
4521 
4520 
4518 
4517 
4515 
4514 
4512 
4511 
4509 
4508 
4506 
4505 
4503 
4502 
4500 
4499 
4497 
4496 
4494 
4493 
4491 
4490 
4488 
4487 
4485 
4484 
4482 
4481 
4479 
4478 
4476 
4475 
4473 
4472 
4470 
4469 
4467 
4466 
4464 
4463 
4461 
4460 
4458 
4457 
4455 
4396 
4361 
4319 
4314 
4310 
4305 
4301 
4296 
4292 
4287 
4253 
4211 
4206 
4199 
4192 
4188 
4185 
4181 
4179 
4176 
4172 
4170 
4167 
4163 
4161 
4158 
4154 
4152 
4149 
4145 
4143 
4140 
4136 
4134 
4132 
4128 
4125 
4121 
4119 
4118 
4116 
4115 
4113 
4112 
4110 
4109 
4107 
4106 
4104 
4103 
4101 
4100 
4098 
4097 
4095 
4094 
4092 
4091 
4089 
4088 
4086 
4085 
4083 
4082 
4080 
4079 
4077 
4076 
4074 
4073 
4071 
4070 
4068 
4067 
4065 
4064 
4062 
4061 
4059 
4058 
4056 
4055 
4053 
4052 
4050 
4049 
4047 
4046 
4044 
4043 
4041 
4040 
4038 
4037 
4035 
4034 
4032 
4031 
4029 
4028 
4026 
4025 
4023 
4022 
4020 
4019 
4017 
4016 
4014 
4013 
4011 
4010 
4008 
4007 
4005 
4004 
4002 
4001 
3999 
3998 
3996 
3995 
3993 
3992 
3990 
3989 
3987 
3986 
3984 
3983 
3981 
3980 
3978 
3977 
3975 
3974 
3972 
3971 
3969 
3968 
3966 
3965 
3963 
3962 
3960 
3959 
3957 
3956 
3954 
3953 
3951 
3950 
3948 
3947 
3945 
3944 
3942 
3941 
3939 
3938 
3936 
3935 
3933 
3932 
3930 
3929 
3927 
3926 
3924 
3923 
3921 
3920 
3918 
3917 
3915 
3914 
3912 
3911 
3909 
3908 
3906 
3905 
3903 
3902 
3900 
3899 
3897 
3896 
3894 
3893 
3891 
3890 
3888 
3887 
3885 
3884 
3882 
3881 
3879 
3878 
3876 
3875 
3873 
3872 
3870 
3869 
3867 
3866 
3864 
3863 
3861 
3860 
3858 
3857 
3855 
3854 
3852 
3851 
3849 
3848 
3846 
3845 
3843 
3842 
3840 
3839 
3837 
3836 
3834 
3833 
3831 
3830 
3828 
3827 
3825 
3824 
3822 
3821 
3819 
3818 
3816 
3815 
3813 
3812 
3810 
3809 
3807 
3806 
3804 
3803 
3801 
3800 
3798 
3797 
3795 
3794 
3792 
3791 
3789 
3788 
3786 
3785 
3783 
3782 
3780 
3779 
3777 
3776 
3774 
3773 
3771 
3770 
3768 
3767 
3765 
3764 
3762 
3761 
3759 
3758 
3756 
3755 
3753 
3752 
3750 
3749 
3747 
3746 
3744 
3743 
3741 
3740 
3738 
3737 
3735 
3734 
3732 
3731 
3729 
3728 
3726 
3725 
3723 
3722 
3720 
3719 
3717 
3716 
3714 
3713 
3711 
3710 
3708 
3707 
3705 
3704 
3702 
3701 
3699 
3698 
3696 
3695 
3693 
3692 
3690 
3689 
3687 
3686 
3684 
3683 
3681 
3680 
3678 
3677 
3675 
3674 
3672 
3671 
3669 
3668 
3666 
3665 
3663 
3662 
3660 
3659 
3657 
3656 
3654 
3653 
3651 
3650 
3648 
3647 
3645 
3644 
3642 
3641 
3639 
3638 
3636 
3635 
3633 
3632 
3630 
3629 
3627 
3626 
3624 
3623 
3621 
3620 
3618 
3617 
3615 
3614 
3612 
3611 
3609 
3608 
3606 
3605 
3603 
3602 
3600 
3599 
3597 
3596 
3594 
3593 
3591 
3590 
3588 
3587 
3585 
3584 
3582 
3581 
3579 
3578 
3576 
3575 
3573 
3572 
3570 
3569 
3567 
3566 
3564 
3563 
3561 
3560 
3558 
3557 
3555 
3554 
3552 
3551 
3549 
3548 
3546 
3545 
3543 
3542 
3540 
3539 
3537 
3536 
3534 
3533 
3531 
3530 
3528 
3527 
3525 
3524 
3522 
3521 
3519 
3518 
3516 
3515 
3513 
3512 
3510 
3509 
3507 
3506 
3504 
3503 
3501 
3500 
3498 
3497 
3495 
3494 
3492 
3491 
3489 
3488 
3486 
3485 
3483 
3482 
3480 
3479 
3477 
3476 
3474 
3473 
3471 
3470 
3468 
3467 
3465 
3464 
3462 
3461 
3459 
3458 
3456 
3455 
3453 
3452 
3450 
3449 
3447 
3446 
3444 
3443 
3441 
3440 
3438 
3437 
3435 
3434 
3432 
3431 
3429 
3428 
3426 
3425 
3423 
3422 
3420 
3419 
3417 
3416 
3414 
3413 
3411 
3410 
3408 
3407 
3405 
3404 
3402 
3401 
3399 
3398 
3396 
3395 
3393 
3392 
3390 
3389 
3387 
3386 
3384 
3383 
3381 
3380 
3378 
3377 
3375 
3374 
3372 
3371 
3369 
3368 
3366 
3365 
3363 
3362 
3360 
3359 
3357 
3356 
3354 
3353 
3351 
3350 
3348 
3347 
3345 
3344 
3342 
3341 
3339 
3338 
3336 
3335 
3333 
3332 
3330 
3329 
3327 
3326 
3324 
3323 
3321 
3320 
3318 
3317 
3315 
3314 
3312 
3311 
3309 
3308 
3306 
3305 
3303 
3302 
3300 
3299 
3297 
3296 
3294 
3293 
3291 
3257 
3215 
3210 
3206 
3201 
3197 
3192 
3188 
3183 
3179 
3174 
3170 
3165 
3164 
3162 
3158 
3153 
3152 
3150 
3145 
3138 
3133 
3126 
3121 
3114 
3109 
3102 
3097 
3090 
3085 
3078 
3073 
3066 
3061 
3054 
3049 
3042 
3037 
3030 
3025 
3018 
3013 
3006 
3001 
2994 
2989 
2982 
2977 
2970 
2965 
2958 
2953 
2946 
2941 
2934 
2929 
2922 
2917 
2910 
2905 
2898 
2893 
2886 
2881 
2874 
2869 
2862 
2857 
2850 
2845 
2838 
2833 
2826 
2821 
2814 
2809 
2802 
2797 
2790 
2785 
2778 
2773 
2766 
2761 
2754 
2749 
2742 
2737 
2730 
2725 
2718 
2713 
2706 
2701 
2694 
2689 
2682 
2677 
2670 
2665 
2658 
2653 
2646 
2641 
2634 
2629 
2622 
2617 
2610 
2605 
2598 
2593 
2586 
2581 
2574 
2569 
2562 
2557 
2550 
2545 
2538 
2533 
2526 
2521 
2514 
2509 
2502 
2497 
2490 
2485 
2478 
2473 
2466 
2461 
2454 
2449 
2442 
2437 
2430 
2425 
2418 
2413 
2406 
2401 
2394 
2389 
2382 
2377 
2370 
2365 
2358 
2353 
2346 
2341 
2334 
2329 
2322 
2317 
2310 
2305 
2298 
2293 
2286 
2281 
2274 
2269 
2262 
2257 
2250 
2245 
2238 
2233 
2226 
2221 
2214 
2209 
2202 
2197 
2190 
2185 
2178 
2173 
2166 
2161 
2154 
2149 
2142 
2137 
2130 
2125 
2118 
2113 
2106 
2101 
2094 
2089 
2082 
2077 
2070 
2065 
2058 
2053 
2046 
2041 
2034 
2029 
2022 
2017 
2010 
2005 
1998 
1993 
1986 
1981 
1974 
1969 
1962 
1957 
1950 
1945 
1938 
1933 
1926 
1921 
1914 
1909 
1902 
1897 
1890 
1885 
1878 
1873 
1866 
1864 
1860 
1844 
1823 
1821 
1790 
1748 
1746 
1715 
1673 
1671 
1661 
1647 
1630 
1609 
1605 
1574 
1532 
1530 
1524 
1517 
1515 
1484 
1442 
1440 
1434 
1427 
1425 
1394 
1352 
1350 
1344 
1337 
1335 
1304 
1262 
1260 
1254 
1247 
1245 
1214 
1172 
1170 
1164 
1157 
1155 
1124 
1082 
1080 
1074 
1067 
1065 
1034 
992 
990 
984 
977 
975 
944 
902 
900 
894 
887 
885 
854 
812 
810 
804 
797 
795 
764 
722 
720 
714 
707 
705 
674 
660 
632 
630 
629 
627 
627
