42286
28811 
28634 
26754 
26744 
24154 
24147 
24137 
24133 
24123 
24113 
24108 
24098 
24086 
24071 
24061 
24056 
24046 
24042 
24032 
24022 
24017 
24007 
24003 
23993 
23983 
23978 
23968 
23964 
23954 
23944 
23939 
23929 
23925 
23915 
23905 
23900 
23890 
23886 
23876 
23866 
23861 
23851 
23847 
23827 
23822 
23812 
23808 
23798 
23788 
23783 
23779 
23769 
23759 
23754 
23744 
23740 
23720 
23715 
23705 
23701 
23681 
23676 
23666 
23662 
23642 
23637 
23627 
23623 
23603 
23598 
23588 
23568 
23551 
23539 
23535 
23515 
23510 
23498 
23483 
23473 
23468 
23458 
23454 
23434 
23429 
23419 
23411 
23399 
23392 
23382 
23377 
23367 
23359 
23348 
23328 
23324 
23304 
23299 
23289 
23269 
23253 
23241 
23234 
23224 
23216 
23205 
23185 
23177 
23166 
23156 
23146 
23134 
23119 
23109 
23104 
23094 
23090 
23070 
23065 
23055 
23039 
23022 
23015 
23005 
23000 
22990 
22974 
22957 
22950 
22940 
22935 
22925 
22921 
22901 
22896 
22886 
22870 
22853 
22846 
22836 
22831 
22821 
22789 
22755 
22745 
22740 
22730 
22718 
22703 
22693 
22688 
22678 
22666 
22651 
22641 
22636 
22626 
22622 
22612 
22602 
22597 
22587 
22583 
22563 
22558 
22548 
22540 
22529 
22509 
22505 
22485 
22480 
22470 
22466 
22446 
22441 
22431 
22427 
22407 
22402 
22392 
22388 
22368 
22363 
22353 
22349 
22329 
22324 
22314 
22310 
22290 
22285 
22275 
22267 
22256 
22246 
22236 
22224 
22209 
22199 
22194 
22184 
22176 
22165 
22145 
22129 
22113 
22103 
22093 
22085 
22074 
22054 
22050 
22030 
22025 
22015 
21991 
21974 
21960 
21950 
21926 
21909 
21895 
21885 
21881 
21861 
21856 
21846 
21818 
21801 
21785 
21778 
21768 
21764 
21744 
21739 
21729 
21717 
21702 
21692 
21687 
21677 
21673 
21653 
21648 
21638 
21626 
21611 
21601 
21596 
21586 
21578 
21567 
21557 
21547 
21539 
21528 
21508 
21496 
21481 
21471 
21466 
21456 
21452 
21432 
21427 
21417 
21401 
21384 
21377 
21367 
21362 
21352 
21344 
21333 
21323 
21313 
21309 
21289 
21284 
21274 
21262 
21247 
21237 
21232 
21222 
21218 
21198 
21193 
21183 
21179 
21159 
21154 
21144 
21132 
21117 
21107 
21102 
21092 
21084 
21073 
21053 
21045 
21034 
21014 
21010 
20990 
20985 
20975 
20967 
20956 
20936 
20924 
20909 
20899 
20894 
20884 
20876 
20865 
20845 
20833 
20818 
20808 
20803 
20793 
20785 
20773 
20766 
20756 
20751 
20741 
20733 
20722 
20702 
20698 
20678 
20673 
20663 
20659 
20639 
20634 
20624 
20620 
20600 
20595 
20585 
20581 
20561 
20556 
20546 
20542 
20532 
20522 
20517 
20507 
20503 
20483 
20478 
20468 
20464 
20444 
20439 
20429 
20421 
20409 
20402 
20392 
20387 
20377 
20365 
20350 
20340 
20335 
20325 
20317 
20306 
20296 
20286 
20278 
20267 
20257 
20247 
20243 
20223 
20218 
20208 
20192 
20175 
20168 
20158 
20153 
20143 
20111 
20077 
20067 
20062 
20052 
20024 
20007 
19991 
19984 
19974 
19966 
19955 
19935 
19927 
19916 
19896 
19892 
19872 
19867 
19857 
19853 
19833 
19828 
19818 
19814 
19804 
19794 
19789 
19779 
19771 
19760 
19740 
19736 
19716 
19711 
19701 
19689 
19674 
19664 
19659 
19649 
19645 
19625 
19620 
19610 
19602 
19591 
19571 
19567 
19547 
19542 
19532 
19504 
19487 
19471 
19464 
19454 
19450 
19430 
19425 
19415 
19411 
19391 
19386 
19376 
18692 
18335 
18305 
18020 
18006 
17874 
17867 
17857 
17852 
17842 
17834 
17823 
17803 
17791 
17776 
17766 
17761 
17751 
17727 
17711 
17696 
17686 
17670 
17653 
17646 
17636 
17631 
17621 
17593 
17576 
17560 
17553 
17543 
17519 
17502 
17488 
17478 
17474 
17454 
17449 
17439 
17431 
17420 
17400 
17392 
17381 
17361 
17353 
17342 
17322 
17310 
17295 
17285 
17280 
17270 
17258 
17243 
17233 
17228 
17218 
17214 
17204 
17194 
17189 
17179 
17143 
17109 
17097 
17090 
17080 
17075 
17065 
17049 
17032 
17025 
17015 
17010 
17000 
16996 
16976 
16971 
16961 
16953 
16942 
16922 
16914 
16903 
16883 
16863 
16846 
16835 
16828 
16818 
16810 
16799 
16779 
16771 
16759 
16752 
16742 
16737 
16727 
16719 
16707 
16700 
16690 
16685 
16675 
16671 
16651 
16646 
16636 
16620 
16604 
16594 
16584 
16552 
16535 
16518 
16508 
16503 
16493 
16485 
16474 
16454 
16442 
16427 
16417 
16412 
16402 
16374 
16357 
16341 
16334 
16324 
16296 
16279 
16263 
16256 
16246 
16218 
16201 
16185 
16178 
16168 
16140 
16123 
16107 
16100 
16090 
16062 
16045 
16029 
16022 
16012 
15984 
15967 
15951 
15944 
15934 
15902 
15885 
15868 
15858 
15853 
15843 
15839 
15829 
15819 
15814 
15804 
15768 
15751 
15734 
15723 
15713 
15697 
15680 
15673 
15663 
15658 
15648 
15636 
15621 
15611 
15606 
15598 
15587 
15567 
15555 
15540 
15530 
15525 
15515 
15499 
15483 
15473 
15463 
15451 
15436 
15426 
15421 
15411 
15407 
15387 
15382 
15372 
15364 
15353 
15333 
15325 
15314 
15294 
15286 
15275 
15255 
15247 
15236 
15216 
15192 
15175 
15161 
15151 
15135 
15118 
15111 
15101 
15096 
15086 
15082 
15062 
15057 
15047 
15043 
15033 
15023 
15018 
15008 
14940 
14872 
14858 
14851 
14841 
14836 
14826 
14822 
14812 
14802 
14797 
14787 
14783 
14763 
14758 
14748 
14732 
14715 
14708 
14703 
14699 
14694 
14678 
14670 
14658 
14651 
14646 
14402 
14346 
14318 
14313 
14277 
14264 
14259 
14223 
14210 
14205 
14185 
14175 
14115 
14101 
14091 
14087 
14082 
13982 
13954 
13944 
13936 
13929 
13697 
13627 
13614 
13534 
13506 
13482 
13472 
13467 
13395 
13381 
13368 
13364 
13359 
13235 
13193 
13188 
13164 
13154 
13149 
13077 
13063 
13050 
13038 
13031 
13026 
13002 
12992 
12987 
12951 
12938 
12933 
12613 
12501 
12437 
12423 
12413 
12408 
12404 
12399 
12395 
12390 
12386 
12381 
12377 
12372 
12368 
12363 
12359 
12354 
12350 
12345 
12341 
12336 
12332 
12327 
12323 
12318 
12314 
12309 
12305 
12300 
12296 
12291 
12287 
12282 
12278 
12273 
12269 
12264 
12260 
12255 
12251 
12246 
12242 
12237 
12233 
12228 
12224 
12219 
12215 
12210 
12206 
12201 
12197 
12192 
12188 
12183 
12179 
12174 
12170 
12165 
12161 
12156 
12152 
12147 
12143 
12138 
12134 
12129 
12125 
12120 
12116 
12111 
12107 
12102 
12098 
12093 
12089 
12084 
12080 
12075 
12071 
12066 
12062 
12057 
12053 
12048 
12044 
12039 
12035 
12030 
12026 
12021 
12017 
12012 
12008 
12003 
11999 
11994 
11702 
11604 
11597 
11592 
11576 
11568 
11552 
11544 
11540 
11535 
11531 
11526 
11522 
11517 
11513 
11508 
11460 
11446 
11439 
11431 
11424 
11400 
11390 
11385 
11381 
11376 
11336 
11322 
11318 
11313 
11245 
11231 
11220 
11216 
11211 
11207 
11202 
11198 
11193 
11189 
11184 
11180 
11175 
11171 
11166 
11162 
11157 
11153 
11148 
11144 
11139 
11135 
11130 
11126 
11121 
11117 
11112 
10596 
10428 
10415 
10410 
10362 
10348 
10341 
10309 
10296 
10292 
10287 
10283 
10278 
10238 
10224 
10220 
10215 
10167 
10153 
10146 
10142 
10137 
10093 
10079 
10074 
10070 
10065 
9637 
9497 
9486 
9454 
9441 
9381 
9367 
9357 
9349 
9342 
9334 
9327 
9319 
9312 
9304 
9297 
9289 
9282 
9274 
9267 
9259 
9252 
9244 
9237 
9229 
9222 
9214 
9207 
9199 
9192 
9184 
9177 
9169 
9162 
9154 
9147 
9139 
9132 
9124 
9117 
9109 
9102 
9094 
9087 
9079 
9072 
9064 
9057 
9049 
9042 
9034 
9027 
9019 
9012 
9004 
8997 
8989 
8982 
8974 
8967 
8959 
8952 
8944 
8937 
8929 
8922 
8914 
8907 
8899 
8892 
8884 
8877 
8869 
8862 
8854 
8847 
8839 
8832 
8824 
8817 
8809 
8802 
8794 
8787 
8779 
8772 
8764 
8757 
8749 
8742 
8734 
8727 
8719 
8712 
8704 
8697 
8689 
8682 
8674 
8667 
8659 
8652 
8644 
8637 
8629 
8622 
8614 
8607 
8599 
8592 
8584 
8577 
8569 
8562 
8554 
8547 
8539 
8532 
8524 
8517 
8509 
8502 
8494 
8487 
8479 
8472 
8464 
8457 
8449 
8442 
8434 
8427 
8419 
8412 
8404 
8397 
8389 
8382 
8374 
8367 
8359 
8352 
8344 
8337 
8329 
8322 
8314 
8307 
8299 
8292 
8284 
8277 
8269 
8262 
8254 
8247 
8239 
8232 
8224 
8217 
8209 
8202 
8194 
8187 
8179 
8172 
8164 
8157 
8149 
8142 
8134 
8127 
8083 
8069 
8064 
8056 
8049 
7961 
7933 
7926 
7442 
7274 
7269 
7265 
7260 
7252 
7245 
7237 
7230 
7170 
7156 
7146 
7142 
7137 
7097 
7083 
7055 
7044 
7016 
7005 
6977 
6966 
6938 
6927 
6899 
6888 
6860 
6849 
6821 
6810 
6802 
6795 
6787 
6780 
6772 
6765 
6689 
6675 
6662 
6657 
6645 
6638 
6633 
6621 
6614 
6609 
6597 
6590 
6585 
6573 
6566 
6561 
6549 
6542 
6537 
6525 
6518 
6513 
6501 
6494 
6489 
6477 
6470 
6465 
6453 
6446 
6441 
6429 
6422 
6417 
6405 
6398 
6393 
6381 
6374 
6369 
6357 
6350 
6345 
6333 
6326 
6321 
6309 
6302 
6297 
6285 
6278 
6273 
6261 
6254 
6249 
6237 
6230 
6225 
6213 
6206 
6201 
6189 
6182 
6177 
6165 
6158 
6153 
6141 
6134 
6129 
6117 
6110 
6105 
6093 
6086 
6081 
6069 
6062 
6057 
6045 
6038 
6033 
6021 
6014 
6009 
5997 
5990 
5985 
5973 
5966 
5961 
5949 
5942 
5937 
5925 
5918 
5913 
5901 
5894 
5889 
5877 
5870 
5865 
5853 
5846 
5841 
5829 
5822 
5817 
5805 
5798 
5793 
5781 
5774 
5769 
5757 
5750 
5745 
5733 
5726 
5721 
5709 
5702 
5697 
5685 
5678 
5673 
5661 
5654 
5649 
5637 
5630 
5625 
5613 
5606 
5601 
5589 
5582 
5577 
5565 
5558 
5553 
5541 
5534 
5529 
5517 
5510 
5505 
5493 
5486 
5481 
5469 
5462 
5457 
5445 
5438 
5433 
5421 
5414 
5409 
5397 
5390 
5385 
5373 
5366 
5361 
5349 
5342 
5337 
5325 
5318 
5313 
5301 
5294 
5289 
5277 
5270 
5265 
5253 
5246 
5241 
5229 
5222 
5217 
5205 
5198 
5193 
5181 
5174 
5169 
5157 
5150 
5145 
5133 
5126 
5121 
5109 
5102 
5097 
5085 
5078 
5073 
5061 
5054 
5049 
5037 
5030 
5025 
5013 
5006 
5001 
4997 
4992 
4964 
4953 
4941 
4934 
4929 
4925 
4920 
4912 
4905 
4901 
4896 
4860 
4847 
4842 
4806 
4793 
4788 
4784 
4779 
4735 
4721 
4716 
4688 
4677 
4649 
4638 
4594 
4580 
4575 
4571 
4566 
4562 
4557 
4553 
4548 
4544 
4539 
4535 
4530 
4526 
4521 
4517 
4512 
4508 
4503 
4499 
4494 
4490 
4485 
4481 
4476 
4472 
4467 
4463 
4458 
4454 
4449 
4445 
4440 
4436 
4431 
4427 
4422 
4418 
4413 
4409 
4404 
4400 
4395 
4391 
4386 
4382 
4377 
4373 
4368 
4364 
4359 
4355 
4350 
4346 
4341 
4337 
4332 
4328 
4323 
4319 
4314 
4310 
4305 
4301 
4296 
4292 
4287 
4283 
4278 
4274 
4269 
4265 
4260 
4256 
4251 
4247 
4242 
4238 
4233 
4229 
4224 
4220 
4215 
4211 
4206 
4202 
4197 
4193 
4188 
4184 
4179 
4175 
4170 
4166 
4161 
4157 
4152 
4148 
4143 
4139 
4134 
4130 
4125 
4121 
4116 
4112 
4107 
4103 
4098 
4094 
4089 
4085 
4080 
4076 
4071 
4067 
4062 
4058 
4053 
4049 
4044 
4040 
4035 
4031 
4026 
4022 
4017 
4013 
4008 
4004 
3999 
3995 
3990 
3986 
3981 
3977 
3972 
3968 
3963 
3959 
3954 
3950 
3945 
3941 
3936 
3932 
3927 
3923 
3918 
3914 
3909 
3905 
3900 
3896 
3891 
3887 
3882 
3878 
3873 
3869 
3864 
3860 
3855 
3851 
3846 
3842 
3837 
3833 
3828 
3824 
3819 
3815 
3810 
3806 
3801 
3797 
3792 
3788 
3783 
3779 
3774 
3770 
3765 
3761 
3756 
3752 
3747 
3743 
3738 
3734 
3729 
3725 
3720 
3716 
3711 
3707 
3702 
3698 
3693 
3689 
3684 
3680 
3675 
3671 
3666 
3662 
3657 
3653 
3648 
3644 
3639 
3635 
3630 
3626 
3621 
3617 
3612 
3608 
3603 
3599 
3594 
3590 
3585 
3581 
3576 
3572 
3567 
3563 
3558 
3554 
3549 
3545 
3540 
3536 
3531 
3527 
3522 
3518 
3513 
3509 
3504 
3500 
3495 
3491 
3486 
3482 
3477 
3473 
3468 
3464 
3459 
3455 
3450 
3446 
3441 
3437 
3432 
3428 
3423 
3419 
3414 
3410 
3405 
3401 
3396 
3392 
3387 
3383 
3378 
3374 
3369 
3365 
3360 
3356 
3351 
3347 
3342 
3338 
3333 
3329 
3324 
3320 
3315 
3311 
3306 
3302 
3297 
3293 
3288 
3284 
3279 
3275 
3270 
3266 
3261 
3257 
3252 
3248 
3243 
3239 
3234 
3230 
3225 
3221 
3216 
3212 
3207 
3203 
3198 
3194 
3189 
3185 
3180 
3176 
3171 
3167 
3162 
3158 
3153 
3149 
3144 
3140 
3135 
3131 
3126 
3122 
3117 
3113 
3108 
3104 
3099 
3095 
3090 
3086 
3081 
3077 
3072 
3068 
3063 
3059 
3054 
3050 
3045 
3041 
3036 
3032 
3027 
3023 
3018 
3014 
3009 
3005 
3000 
2996 
2991 
2983 
2976 
2968 
2961 
2953 
2946 
2938 
2931 
2923 
2916 
2908 
2901 
2893 
2886 
2878 
2871 
2863 
2856 
2848 
2841 
2833 
2826 
2818 
2811 
2803 
2796 
2788 
2781 
2773 
2766 
2758 
2751 
2743 
2736 
2728 
2721 
2713 
2706 
2698 
2691 
2683 
2676 
2668 
2661 
2653 
2646 
2638 
2631 
2623 
2616 
2608 
2601 
2593 
2586 
2578 
2571 
2563 
2556 
2548 
2541 
2533 
2526 
2518 
2511 
2503 
2496 
2488 
2481 
2473 
2466 
2458 
2451 
2443 
2436 
2428 
2421 
2413 
2406 
2398 
2391 
2383 
2376 
2368 
2361 
2353 
2346 
2338 
2331 
1188 
1182 
1155 
633 
630 
627 
626 
624 
624
