42286
28811 28811 28811 28811 28811 28811 28506 27856 24736 37806 37802 37800 
24296 24296 24296 24296 24156 24296 24152 23714 23271 23113 
22943 22943 22943 22943 21853 22091 21853 21507 21648 21013 
20996 20843 20843 20843 19753 19753 19991 19261 19548 19207 
19037 19037 19139 19037 17849 17849 18185 17455 17742 17020 
16986 16986 16850 16850 15760 15998 15998 15268 15555 15139 
14969 15105 15054 14969 13879 14117 13879 13387 13774 
13370 13312 13087 13207 13087 12907 12320 11827 11944 
11810 11752 11617 11617 11563 11397 11176 11008 10903 
10886 10828 10723 10723 10639 10473 10252 10393 10084 
10067 10009 9904 9874 9832 9644 9499 9061 8587 
8570 8512 8407 8407 8335 8147 7936 7936 7564 
7547 7384 7354 7384 7300 7124 6913 6322 6322 
6305 6247 6112 6202 6058 5882 5737 5812 4852 
4835 4777 4762 4642 4588 4412 4201 4201 3829 
3812 3619 3619 3619 3565 3389 3178 3178 2437 
2420 2227 2227 2227 2173 1997 1786 2017 1525 
1508 1315 1435 1345 1261 1155 1333 1135 
1118 925 925 985 915 695 937 
690 683 679 668 679 
663 660 656 641 
636 635 637 
630 629 
626 
624 
624
