42286
28636 28636 28636 28636 28636 28636 28636 28636 27076 37802 37802 37800 
25128 25128 25128 25128 25128 25128 25128 25228 25128 24152 24400 
24150 23940 23940 23940 23940 23940 23940 23940 23737 
23705 23705 23705 22909 22909 22909 22909 22909 22907 
22901 22355 22355 22355 22355 22355 22355 22355 22492 
22353 22341 22341 22341 22143 22078 22078 22143 22078 
22070 21342 21342 21342 21342 21342 21342 21526 21524 
21335 21246 21246 21250 21218 21158 21156 21130 
21122 21098 21098 20710 20710 20710 20710 20522 20520 
20514 20240 20240 20240 20240 20240 20240 20134 20134 
20126 20110 20102 19360 19360 19360 19360 19360 19362 
19328 19328 19328 18940 18940 18940 18940 18848 18846 
18840 18566 18566 18566 18566 18566 18566 18589 18589 
18561 18559 18559 18553 18439 18439 18439 18309 18309 
17629 17629 17629 17629 17629 17629 17629 17793 17793 
17622 17615 17513 17513 17453 17453 17453 17459 
17448 17339 17409 17283 17339 17339 17339 17283 
16827 16827 16827 16827 16827 16827 16943 16943 
16820 16813 16715 16715 16715 16715 16713 
16489 16489 16409 16489 16489 16409 16485 
16402 16395 16257 16333 16321 16257 16295 
16250 16243 16241 16221 16221 16181 16181 
16109 15981 16109 16109 16037 16029 16029 
15967 15967 15909 15945 15909 15905 15867 
15860 15853 15813 15639 15759 15639 15639 
15632 15625 15587 15603 15567 15487 15487 
15473 15473 15435 15415 15415 15373 15335 15335 
15263 14927 14927 15263 15191 14927 15031 15031 
14920 14913 14863 14891 14855 14827 14856 
14820 14813 14755 14791 14755 14783 
14748 14745 14739 14739 14711 14711 
14687 14687 14655 14655 14623 14623 
14599 14599 14607 14607 14596 14587 
14563 14563 14531 14531 14515 14515 
14491 14491 14499 14499 14488 14476 14435 
14411 14411 14379 14323 14323 14275 14275 
14251 14251 14259 14259 14235 14219 
14195 14195 14163 14142 14107 14107 
14083 14083 14091 14091 14080 14057 14011 
13987 13987 13878 13878 13878 13819 13819 
13795 13795 13803 13803 13779 13779 13673 13673 
13649 13649 13645 13470 13470 13493 13381 13381 
13357 13357 13365 13365 13308 13308 13268 
13244 13244 13240 13114 13114 13120 13042 
13018 13018 13026 13026 12969 12969 12929 
12905 12905 12873 12873 12775 12705 12703 
12679 12679 12687 12687 12630 12630 12630 
12606 12606 12602 12574 12540 12486 12484 
12460 12460 12468 12468 12371 12411 12411 
12347 12347 12217 12217 12217 12147 12145 
12121 12121 12129 12129 12072 12048 12032 
12008 12008 11878 11878 11878 11808 11806 
11782 11782 11790 11790 11733 11733 11693 
11669 11669 11539 11539 11539 11469 11467 
11443 11443 11451 11451 11394 11370 11354 
11330 11330 11326 11200 11200 11130 11128 
11120 11104 11112 11112 11015 11055 11055 
10991 10991 10959 10861 10861 10791 10789 
10765 10765 10773 10773 10698 10698 10698 
10674 10674 10670 10572 10572 10518 10516 
10492 10492 10500 10500 10425 10425 10425 
10401 10401 10397 10369 10299 10245 10243 
10219 10219 10227 10227 10170 10152 10152 
10128 10128 10026 10026 10026 9972 9970 
9946 9946 9954 9954 9897 9897 9894 
9870 9870 9789 9789 9799 9742 9742 
9734 9718 9726 9726 9715 9669 9666 
9642 9642 9561 9561 9571 9514 9514 
9490 9490 9498 9498 9487 9438 9438 
9414 9414 9333 9333 9343 9286 9286 
9262 9262 9270 9270 9259 9210 9210 
9186 9186 9105 9105 9115 9058 9058 
9034 9034 9042 9042 9020 9020 8985 
8961 8961 8887 8887 8895 8841 8839 
8815 8815 8823 8823 8801 8801 8766 
8742 8742 8738 8668 8676 8622 8620 
8596 8596 8604 8604 8582 8582 8547 
8523 8523 8435 8435 8435 8387 8385 
8380 8370 8379 8358 8347 8347 8266 
8242 8242 8105 8105 8105 8030 8028 
8013 8013 8022 8018 
8009 8007 8001 8000 
7986 7986 7976 7974 
7970 7970 7966 7961 
7954 7940 7937 7935 
7931 7929 7923 7922 
7908 7908 7898 7896 
7892 7890 7884 7883 
7869 7869 7859 7857 
7853 7851 7845 7844 
7830 7830 7820 7818 
7814 7812 7806 7805 
7791 7791 7781 7779 
7775 7773 7767 7766 
7752 7752 7742 7740 
7736 7734 7728 7727 
7713 7713 7703 7701 
7697 7695 7689 7688 
7674 7674 7664 7662 
7658 7656 7650 7649 
7635 7635 7625 7623 
7619 7617 7611 7610 
7596 7596 7586 7584 
7580 7578 7572 7571 
7557 7557 7547 7545 
7541 7539 7533 7532 
7518 7518 7508 7506 
7502 7502 7498 7498 
7491 7484 7482 7482 
7478 7476 7478 7474 
7467 7460 7458 7458 
7454 7452 7454 7437 7437 
7430 7416 7409 7397 7395 
7391 7389 7374 7374 7374 
7367 7346 7346 7334 7332 
7328 7326 7314 7311 7311 
7290 7283 7283 7271 7269 
7265 7263 7251 7248 7248 
7220 7227 7220 7208 7206 
7202 7200 7185 7196 7185 
7157 7157 7157 7137 7137 
7113 7134 7127 7127 7113 
7106 7085 7085 7065 7065 
7041 7062 7055 7055 7041 
7034 7013 7013 6993 6993 
6969 6990 6983 6983 6969 
6962 6941 6941 6921 6921 
6897 6918 6911 6911 6897 
6890 6869 6869 6849 6849 
6825 6846 6839 6839 6825 
6818 6797 6797 6777 6777 
6753 6774 6767 6767 6753 
6746 6725 6725 6705 6705 
6681 6702 6695 6695 6681 
6674 6653 6653 6633 6633 
6609 6630 6623 6623 6609 
6602 6581 6581 6561 6561 
6537 6558 6551 6551 6537 
6530 6509 6509 6489 6489 
6465 6486 6479 6479 6465 
6458 6437 6437 6417 6417 
6405 6414 6407 6407 
6391 6391 6381 6381 
6371 6374 6371 6371 
6357 6357 6351 6351 
6349 6349 6341 6341 
6327 6327 6321 6321 
6319 6319 6311 6311 
6297 6297 6291 6291 
6289 6289 6281 6281 
6267 6267 6261 6261 
6259 6259 6251 6251 
6237 6237 6231 6231 
6229 6229 6221 6221 
6207 6207 6201 6201 
6199 6199 6191 6191 
6177 6177 6171 6171 
6169 6169 6161 6161 
6147 6147 6141 6141 
6137 6129 6134 6129 
6115 6115 6105 6105 
6101 6093 6098 6093 
6079 6079 6069 6069 
6057 6066 6057 6057 
6043 6043 6033 6033 
6030 6026 6021 6021 
6014 6007 5997 5997 
5994 5985 5993 5985 
5978 5971 5961 5961 
5958 5949 5957 5949 
5935 5935 5925 5925 
5922 5913 5921 5913 
5906 5899 5889 5889 
5886 5877 5885 5877 
5863 5863 5853 5853 
5850 5841 5849 5841 
5834 5827 5817 5817 
5814 5805 5813 5805 
5791 5791 5781 5781 
5778 5769 5777 5769 
5762 5755 5745 5745 
5742 5733 5741 5733 
5719 5719 5709 5709 
5706 5697 5705 5697 
5690 5683 5673 5673 
5670 5661 5669 5661 
5647 5647 5637 5637 
5634 5625 5633 5625 
5618 5611 5601 5601 
5598 5589 5597 5589 
5575 5575 5565 5565 
5562 5562 5561 5553 
5539 5539 5529 5529 
5526 5526 5522 5517 
5510 5503 5493 5493 
5486 5486 5488 5481 
5467 5467 5457 5457 
5450 5445 5453 5445 
5431 5431 5421 5421 
5418 5418 5416 5409 
5395 5395 5385 5385 
5378 5373 5381 5373 
5359 5359 5349 5349 
5346 5346 5344 5337 
5323 5323 5313 5313 
5306 5301 5309 5301 
5287 5287 5277 5277 
5274 5274 5272 5265 
5251 5251 5241 5241 
5234 5229 5237 5229 
5215 5215 5205 5205 
5202 5202 5200 5193 
5179 5179 5169 5169 
5162 5157 5165 5157 
5143 5143 5133 5133 
5130 5130 5128 5121 
5107 5107 5097 5097 
5090 5085 5093 5085 
5071 5071 5061 5061 
5058 5058 5056 5049 
5035 5035 5025 5025 
5018 5013 5021 5013 
4999 4999 4989 4989 
4986 4986 4984 4977 
4963 4963 4953 4953 
4946 4941 4949 4941 
4927 4927 4917 4917 
4914 4914 4912 4905 
4891 4891 4881 4881 
4878 4878 4876 4869 
4855 4855 4845 4845 
4842 4842 4840 4833 
4819 4819 4809 4809 
4806 4806 4804 4797 
4783 4783 4773 4773 
4770 4770 4768 4761 
4747 4747 4737 4737 
4734 4734 4732 4725 
4711 4711 4701 4701 
4698 4698 4696 4689 
4675 4675 4665 4665 
4662 4662 4660 4653 
4639 4639 4629 4629 
4626 4626 4624 4617 
4603 4603 4593 4593 
4590 4590 4588 4581 
4567 4567 4557 4557 
4554 4554 4552 4545 
4531 4531 4521 4521 
4518 4518 4516 4509 
4495 4495 4485 4485 
4482 4482 4480 4473 
4459 4459 4449 4449 
4446 4446 4444 4437 
4423 4423 4413 4413 
4410 4410 4408 4401 
4387 4387 4377 4377 
4374 4374 4372 4365 
4351 4351 4341 4341 
4338 4338 4336 4329 
4315 4315 4305 4305 
4302 4302 4300 4293 
4279 4279 4269 4269 
4266 4266 4264 4257 
4243 4243 4233 4233 
4230 4230 4228 4221 
4207 4207 4197 4197 
4194 4194 4192 4185 
4171 4171 4161 4161 
4158 4158 4156 4149 
4135 4135 4125 4125 
4122 4122 4120 4113 
4099 4099 4089 4089 
4086 4086 4084 4077 
4063 4063 4053 4053 
4050 4050 4048 4041 
4027 4027 4017 4017 
4014 4014 4012 4005 
3991 3991 3981 3981 
3978 3978 3976 3969 
3955 3955 3945 3945 
3942 3942 3940 3933 
3919 3919 3909 3909 
3906 3906 3904 3897 
3883 3883 3873 3873 
3870 3870 3868 3861 
3847 3847 3837 3837 
3834 3834 3832 3825 
3811 3811 3801 3801 
3798 3798 3796 3789 
3775 3775 3765 3765 
3762 3762 3760 3753 
3739 3739 3729 3729 
3726 3726 3724 3717 
3703 3703 3693 3693 
3690 3690 3688 3684 
3677 3674 3668 3666 
3659 3657 3661 3657 
3650 3647 3641 3639 
3632 3630 3634 3630 
3623 3620 3614 3612 
3605 3603 3607 3603 
3596 3593 3587 3585 
3578 3576 3580 3576 
3569 3566 3560 3558 
3551 3549 3553 3549 
3542 3539 3533 3531 
3528 3522 3525 3522 
3515 3512 3506 3504 
3501 3501 3500 3495 
3488 3485 3479 3477 
3474 3474 3473 3468 
3461 3458 3452 3450 
3447 3447 3446 3441 
3434 3431 3425 3423 
3420 3419 3419 3414 
3407 3404 3398 3396 
3389 3392 3389 3387 
3380 3377 3371 3369 
3366 3365 3362 3360 
3353 3350 3344 3342 
3339 3335 3335 3333 
3326 3323 3317 3315 
3312 3308 3308 3306 
3299 3296 3290 3288 
3281 3285 3281 3279 
3272 3269 3263 3261 
3254 3258 3254 3252 
3245 3242 3236 3234 
3227 3231 3227 3225 
3218 3215 3209 3207 
3200 3204 3200 3198 
3191 3188 3182 3180 
3173 3177 3173 3171 
3164 3161 3155 3153 
3146 3150 3146 3144 
3137 3134 3128 3126 
3119 3123 3119 3117 
3110 3107 3101 3099 
3092 3096 3092 3090 
3083 3080 3074 3072 
3065 3069 3065 3063 
3056 3053 3047 3045 
3038 3042 3038 3036 
3029 3026 3020 3018 
3011 3015 3011 3009 
3002 2999 2993 2991 
2984 2988 2984 2982 
2975 2972 2966 2964 
2957 2961 2957 2955 
2948 2945 2939 2937 
2930 2934 2930 2928 
2921 2918 2912 2910 
2903 2907 2903 2901 
2894 2891 2885 2883 
2876 2880 2876 2874 
2867 2864 2858 2856 
2849 2853 2849 2847 
2840 2837 2831 2829 
2822 2826 2822 2820 
2813 2810 2804 2802 
2795 2799 2795 2793 
2786 2783 2777 2775 
2768 2772 2768 2766 
2759 2756 2750 2748 
2741 2745 2741 2739 
2732 2729 2723 2721 
2714 2718 2714 2712 
2705 2702 2696 2694 
2687 2691 2687 2685 
2678 2675 2669 2667 
2660 2664 2660 2658 
2651 2648 2642 2640 
2633 2637 2633 2631 
2624 2621 2615 2613 
2606 2610 2606 2604 
2597 2594 2588 2586 
2579 2583 2579 2577 
2570 2567 2561 2559 
2552 2556 2552 2550 
2543 2540 2534 2532 
2525 2529 2525 2523 
2516 2513 2507 2505 
2498 2502 2498 2496 
2489 2486 2480 2478 
2471 2475 2471 2469 
2462 2459 2453 2451 
2444 2448 2444 2442 
2435 2432 2426 2424 
2417 2421 2417 
2410 2405 2403 
2400 2400 2396 
2389 2384 2382 
2379 2379 2375 
2368 2363 2361 
2358 2358 2354 
2347 2342 2340 
2337 2337 2333 
2326 2321 2319 
2316 2316 2312 
2305 2300 2298 
2295 2295 2291 
2284 2279 2277 
2274 2274 2270 
2263 2258 2256 
2253 2253 2249 
2242 2237 2235 
2232 2232 2228 
2221 2216 2214 
2211 2211 2207 
2200 2195 2193 
2190 2190 2186 
2179 2174 2172 
2169 2169 2165 
2158 2153 2151 
2148 2148 2144 
2137 2132 2130 
2127 2127 2123 
2116 2111 2109 
2106 2106 2102 
2095 2090 2088 
2085 2085 2081 
2074 2069 2067 
2064 2064 2060 
2053 2048 2046 
2043 2043 2039 
2032 2027 2025 
2022 2022 2018 
2011 2006 2004 
2001 2001 1997 
1990 1985 1983 
1980 1980 1976 
1969 1964 1962 
1959 1959 1955 
1948 1943 1941 
1938 1938 1934 
1927 1922 1920 
1917 1917 1913 
1906 1901 1899 
1896 1896 1892 
1885 1880 1878 
1875 1875 1871 
1864 1859 1857 
1854 1854 1850 
1843 1838 1836 
1833 1833 1829 
1822 1817 1815 
1812 1812 1808 
1801 1796 1794 
1791 1791 1787 
1780 1775 1773 
1770 1770 1766 
1759 1754 1752 
1749 1749 1745 
1738 1733 1731 
1728 1728 1724 
1717 1712 1710 
1707 1707 1703 
1696 1691 1689 
1686 1686 1682 
1675 1670 1668 
1665 1665 1661 
1654 1649 1647 
1644 1644 1640 
1633 1628 1626 
1623 1623 1619 
1612 1607 1605 
1598 1599 1598 
1591 1590 1584 
1577 1578 1577 
1570 1569 1563 
1556 1557 1556 
1549 1548 1542 
1535 1536 1535 
1528 1527 1521 
1514 1515 1514 
1507 1506 1500 
1493 1494 1493 
1486 1485 1479 
1472 1473 1472 
1465 1464 1458 
1451 1452 1451 
1444 1443 1437 
1430 1431 1430 
1423 1422 1416 
1409 1410 1409 
1402 1401 1395 
1388 1389 1388 
1381 1380 1374 
1367 1368 1367 
1360 1359 1353 
1346 1347 1346 
1339 1338 1332 
1325 1326 1325 
1318 1317 1311 
1304 1305 1304 
1297 1296 1290 
1283 1284 1283 
1276 1275 1269 
1262 1263 1262 
1255 1254 1248 
1241 1242 1241 
1234 1233 1227 
1220 1221 1220 
1213 1212 1206 
1199 1200 1199 
1192 1191 1185 
1178 1179 1178 
1171 1170 1164 
1157 1158 1157 
1150 1149 1143 
1136 1137 1136 
1129 1128 1122 
1115 1116 1115 
1108 1107 1101 
1094 1095 1094 
1087 1086 1080 
1073 1074 1073 
1066 1065 1059 
1052 1053 1052 
1045 1044 1038 
1031 1032 1031 
1024 1023 1017 
1010 1011 1010 
1003 1002 996 
989 990 989 
982 981 975 
968 969 968 
961 960 954 
947 948 947 
940 939 933 
926 927 926 
919 918 912 
905 906 905 
898 897 891 
884 885 884 
877 876 870 
863 864 863 
856 855 849 
842 843 842 
835 834 828 
821 822 821 
814 813 807 
800 801 800 
793 792 786 
779 780 779 
772 771 765 
758 759 758 
751 750 744 
737 738 737 
730 729 723 
716 717 716 
709 708 702 
695 696 695 
688 687 681 
675 675 677 
668 663 663 
660 660 
656 654 
651 651 
647 645 
644 
642 
641 
639 
638 
636 
636
