42286
28636 28636 28636 28636 28636 28636 28636 28116 25516 37806 37802 37800 
24156 24156 24156 24156 24156 24156 24156 24156 23129 22811 
22661 22661 22661 22661 22153 22153 21959 21542 22025 21005 
20855 20975 20855 20855 20347 20347 20153 19585 19508 18905 
18875 18755 18845 18755 18247 18247 18053 17485 17462 16718 
16643 16688 16658 16568 16060 16060 15866 15298 15899 14837 
14762 14762 14762 14687 14179 14179 13985 13417 13667 
12862 12862 12862 13087 13087 12862 12609 11745 12292 
11655 11655 11655 11625 11505 10248 10728 10248 10467 
10158 10158 10158 10128 10008 8805 9843 8805 8970 
8685 8715 8715 8685 8565 7881 7515 7986 7563 
7425 7425 7425 7395 7275 6273 6390 6390 6273 
6153 6183 6183 6153 6033 5349 5454 5622 5256 
5166 5166 5136 5136 5016 4959 4131 4131 4437 
4041 4041 4041 4011 3891 3939 3312 3480 3207 
3087 3087 3117 3087 2967 3015 2556 2556 2421 
2301 2301 2331 2301 2181 1602 1602 1602 1635 
1497 1482 1482 1482 1362 1410 1395 1209 
1104 1089 1089 1089 969 1017 1017 1078 
960 960 936 945 777 777 777 
768 699 699 699 699 678 
669 669 666 654 
651 648 642 
639 636 638 
633 630 
627 628 
626 
624 
624
