42286
28636 28636 28636 28636 28636 28636 28636 28376 31749 37806 37802 37800 
24152 24152 24152 24152 24152 24152 24152 24152 25704 24152 24152 24150 
22653 22653 22653 21963 21963 21963 21963 21963 22320 22527 
21952 21953 20903 21638 20903 21638 21638 20903 20133 20133 
20122 20115 19035 19035 19035 19035 19035 19483 19008 18510 
18499 18488 17412 17412 17412 17412 17412 17610 16629 16629 
16618 16607 16584 15531 15531 15531 15531 15729 15504 16101 
15482 15482 14406 14406 14406 14406 14406 14604 14685 14976 
14384 14384 14356 13918 13918 14086 13830 13346 13164 13878 
13153 13142 13114 12924 12924 12676 12432 12264 12240 12636 
12229 12218 12190 12000 12000 11920 11508 11340 11421 11712 
11329 10944 10944 10944 10944 10944 10620 10512 10521 
10501 10490 10116 10116 10116 10116 9980 9976 9693 
9682 9297 9297 9297 9297 9297 9161 9037 8247 
8236 8225 7851 7851 7851 7851 7715 7591 6750 
6739 6728 6354 6354 6354 6354 6218 6094 5358 
5336 4962 4962 4962 4962 4962 4826 4702 3984 
3973 3962 3588 3588 3588 3588 3452 3344 3177 
2594 2594 2594 2594 2594 2781 2079 2239 
2057 2024 2024 1848 1848 1813 1695 1512 
1490 1490 1457 1281 1281 1246 1128 1128 
1106 1106 897 897 897 862 
840 840 822 798 692 692 
681 670 660 676 
645 645 645 652 
642 639 
636 637 
635 634 
630 630 
629 
627 
627
