42286
28636 28636 28636 28636 28636 28636 28636 28116 27813 37806 37802 37800 
27189 26565 26565 26535 26445 26296 25925 25925 25445 24853 25445 
23745 23745 23745 23557 23413 23114 23677 23373 23373 21893 
20785 20785 20785 20597 20561 20339 20783 20514 19793 20270 
18685 18685 18685 18497 18461 18239 18683 18414 18323 18170 
17062 17616 17062 16874 16838 16616 17060 16791 17360 16547 
16270 15439 15439 15251 15161 14845 15542 14927 15044 
14785 14785 14785 13735 14185 13735 13735 13466 13921 
13316 12806 13316 13316 12806 12806 12621 11918 11926 
11738 11798 11738 11738 11748 11646 11238 11238 10808 
10688 10688 10628 10628 10638 10536 10128 10128 9365 
9353 9185 9185 9245 9195 9093 8685 8685 8441 
8429 8261 8321 8261 8271 8169 7761 7761 7412 
7232 7232 7232 7232 7242 7140 6732 6732 6353 
6341 6173 6173 6173 6183 6081 5673 5673 5534 
5438 5354 5354 5414 5364 5262 4854 4854 4517 
4337 4337 4337 4337 4347 4245 4177 3837 3293 
3149 3113 3113 3113 3123 3021 2613 2613 2369 
2189 2333 2189 2189 2199 2097 2019 1689 
1659 1665 1614 1485 1479 1479 1479 1535 
1428 1428 1449 1395 1428 1281 1281 1315 
1251 1251 1251 1251 1035 1083 1083 1136 
984 984 1005 1005 870 870 795 
765 765 765 765 744 693 
663 678 678 663 677 
660 648 648 655 
645 642 644 
639 636 638 
633 630 
627 
626 
624 
624
