2736
2499 2499 2499 2499 2499 2499 2523 2526 2526 2526 2526 2526 2493 2490 2499 2490 2499 2499 2493 2493 2523 2523 2523 2523 2523 2523 2493 2493 2493 2493 2493 2493 2493 2493 2493 2493 2493 2493 2493 2493 2493 2493 2493 2493 2493 2493 2523 2493 2493 2487 2487 2382 2382 2382 2382 2361 2361 2361 2361 2361 2022 2022 2022 2025 2025 2025 2007 2007 2001 2244 2485 2485 
1998 1995 1992 1983 1983 1983 1764 1764 1758 1758 1758 1758 1764 1764 1764 1764 1764 1764 1758 1758 1758 1758 1758 1758 1758 1758 1764 1764 1764 1764 1764 1764 1764 1764 1764 1764 1764 1764 1764 1764 1758 1758 1758 1758 1683 1638 1638 1638 1638 1638 1638 1638 1290 1362 1362 1362 1362 1362 1362 1362 1362 1290 1290 1290 1287 1272 1756 
1269 1266 1263 1254 1254 1254 1035 1035 1035 1035 1035 1035 1035 1035 1035 1035 1035 1035 1035 1035 1035 1035 1035 1035 1035 1035 1035 1035 1035 1035 1035 1035 1035 1035 1035 1035 1035 1035 1035 1035 1035 1035 1059 954 954 954 954 954 918 918 636 636 636 636 636 636 636 636 636 636 636 636 636 636 636 636 636 636 636 633 798 798 798 798 1034 
609 627 609 615 615 609 609 609 597 597 597 597 561 561 561 561 561 561 561 561 561 561 561 558 423 423 423 423 423 423 423 423 423 423 423 423 423 423 421 421 421 421 421 421 421 421 421 421 421 421 421 421 421 421 421 421 421 421 421 421 421 421 421 
418 397 397 403 397 397 397 397 385 385 385 385 385 373 373 385 373 373 373 373 373 373 373 371 393 393 393 
368 365 347 353 353 347 347 347 347 347 347 347 339 337 337 337 337 329 329 329 327 323 323 
320 317 317 311 311 311 309 305 295 295 295 295 295 295 293 287 289 287 283 281 279 
276 273 273 267 267 267 265 249 249 249 249 249 245 251 249 245 243 243 239 237 
234 231 201 225 225 225 223 209 207 207 203 203 203 209 207 203 203 201 217 
198 195 195 189 183 173 183 183 183 171 171 171 171 171 171 167 167 183 
161 161 161 155 155 155 151 151 139 137 137 143 135 135 135 135 133 
130 127 127 121 121 121 117 117 103 103 109 109 101 103 101 101 116 
95 95 95 89 89 89 85 75 71 71 77 77 75 71 71 85 
68 65 65 59 59 59 47 45 47 45 43 47 45 43 56 
37 37 37 31 31 31 19 19 19 19 19 19 30 
16 13 13 13 13 13 
10 9 10 
7 6 6 
4 
2 
0 
0
