2736
2524 2524 2524 2524 2524 2524 2524 2524 2524 2524 2524 2524 2492 2494 2492 2498 2524 2492 2492 2492 2492 2492 2524 2494 2494 2494 2494 2494 2494 2494 2494 2494 2494 2494 2494 2494 2494 2494 2494 2494 2494 2494 2494 2494 2494 2494 2494 2494 2492 2492 2494 2486 2486 2486 2262 2262 2262 2262 2262 2250 2250 2246 2244 2485 
2000 2240 2234 2234 2234 2008 2008 2008 2008 2008 2008 2008 2008 2008 2008 2008 2008 2008 2008 2008 2008 2008 2006 2032 2032 2032 2032 2032 2032 2032 2002 2032 2032 2032 2032 2032 2032 2032 2032 2032 2032 2032 2002 2002 2002 1818 1818 2002 1818 1770 1770 1770 1770 1770 1770 1770 1770 1770 1758 1758 1754 
1516 1512 1512 1512 1512 1518 1518 1518 1518 1518 1518 1518 1518 1518 1516 1516 1516 1516 1542 1512 1512 1512 1512 1512 1512 1512 1512 1512 1512 1512 1512 1512 1512 1512 1512 1512 1512 1512 1512 1512 1512 1512 1512 1512 1512 1328 1328 1328 1328 1328 1328 1328 1328 1328 1328 1328 1280 1280 1268 1268 
1032 1264 1258 1258 1258 1032 1032 1032 1032 1032 1032 1032 1030 1032 1032 1030 1032 1032 1032 1032 1030 1030 1030 1056 1056 1056 1030 1030 1030 1030 1030 1030 1030 1030 1030 1030 1030 1056 1056 1056 1056 1056 1056 1056 1056 842 842 842 842 842 842 842 842 842 842 842 842 842 794 794 794 1030 
792 790 784 784 784 582 582 582 582 582 582 582 582 582 582 582 582 582 582 582 582 582 582 582 582 582 582 582 582 582 582 582 582 582 582 582 582 582 582 582 582 582 582 582 582 370 370 370 370 370 370 370 370 370 370 581 
366 366 360 360 360 353 353 353 353 353 353 353 350 353 353 352 353 346 350 348 346 346 342 
340 338 332 332 332 328 327 325 327 329 327 325 318 318 327 325 325 320 320 318 320 318 
316 314 308 308 308 297 304 303 305 304 304 304 304 301 301 296 301 296 296 297 296 
294 292 286 286 286 279 275 275 281 281 281 281 281 274 276 275 278 275 275 275 274 
264 270 264 264 264 257 261 259 259 259 260 257 260 256 259 257 257 256 253 253 
251 249 243 243 243 237 237 239 239 239 238 238 239 236 236 236 236 233 233 232 
230 228 222 222 222 216 215 218 219 219 212 215 218 215 212 214 212 212 212 
210 208 202 202 202 199 194 196 194 194 195 194 197 197 194 195 195 194 
192 184 184 184 184 178 179 176 176 178 176 177 177 177 177 178 177 176 
174 172 166 166 166 160 160 161 160 161 161 163 160 159 159 159 159 
157 155 149 149 149 143 143 142 146 143 144 144 143 142 142 142 142 
138 138 132 132 132 126 129 125 126 127 127 129 127 126 127 125 125 
121 121 115 115 115 109 112 109 110 111 109 109 108 110 109 109 108 
98 98 98 98 98 92 92 92 96 96 93 96 94 94 93 92 
82 88 82 82 82 78 80 80 80 77 78 80 78 78 76 76 
74 66 66 66 66 62 64 64 63 64 64 64 61 61 61 
51 57 51 51 51 49 46 47 46 47 49 48 46 47 46 
36 42 36 36 36 33 33 32 34 34 34 34 32 32 
28 28 22 22 22 19 20 20 20 20 19 19 19 
9 15 9 9 9 7 7 7 7 7 7 7 
5 3 2 2 2 
0 
0
