2736
2500 2500 2500 2500 2500 2500 2500 2486 2486 2500 2524 2494 2486 2492 2492 2498 2524 2500 2500 2500 2492 2492 2492 2492 2494 2494 2494 2494 2494 2494 2494 2494 2494 2494 2494 2494 2494 2494 2494 2494 2494 2494 2494 2494 2494 2494 2494 2494 2494 2494 2494 2494 2492 2492 2494 2486 2486 2486 2262 2262 2262 2262 2262 2250 2250 2246 2244 2485 2485 
2240 2240 2008 2008 2008 1770 1770 1770 1770 1770 1770 1770 1770 1770 1770 2032 2000 2032 2032 2006 2006 1770 2006 2006 2032 2032 2032 2032 2032 2032 2032 2032 2002 2032 2032 2032 2032 2032 2032 2032 2032 2032 2032 2032 1768 1768 1768 1768 1818 1818 2002 1770 1770 1770 1770 1770 1770 1770 1770 1758 1770 1770 1758 1758 1754 
1744 1750 1744 1744 1744 1512 1328 1512 1330 1328 1512 1328 1330 1328 1512 1518 1512 1518 1518 1512 1278 1512 1278 1278 1512 1512 1512 1512 1512 1512 1512 1512 1512 1512 1512 1512 1512 1512 1512 1512 1512 1512 1512 1278 1278 1278 1278 1278 1512 1512 1512 1280 1330 1328 1328 1328 1328 1328 1328 1328 1278 1278 1268 1268 
1258 1264 1258 1258 1258 794 844 844 1030 1030 1032 844 844 844 1030 1032 1030 1030 1032 1030 1030 794 794 794 1056 842 794 794 794 794 794 794 794 794 794 842 842 842 842 842 842 842 842 842 842 1032 1032 1032 1032 844 844 842 842 842 842 842 842 842 842 842 844 844 844 794 794 794 794 1030 
792 790 784 784 784 758 760 750 758 760 746 760 754 754 738 746 758 754 754 746 738 738 738 738 582 582 582 582 582 582 582 582 582 582 582 582 582 582 582 582 582 582 582 582 582 582 582 582 370 370 370 370 370 370 370 370 370 370 370 370 370 581 
368 366 360 360 360 354 354 354 348 344 344 336 344 336 336 336 336 328 328 328 326 322 342 342 
320 318 314 312 312 306 304 304 304 286 292 286 292 286 286 286 286 286 278 278 278 
276 274 270 268 268 262 254 248 250 250 250 250 250 250 248 244 244 242 238 236 
234 232 228 226 226 220 210 208 208 208 206 210 208 208 206 204 200 200 216 
196 196 190 192 190 186 176 184 170 176 166 170 174 172 168 168 166 182 
164 162 156 158 156 150 142 148 136 142 142 142 138 138 134 134 132 148 
130 128 122 124 122 114 114 108 108 108 108 100 100 100 102 100 114 114 
98 96 90 92 90 88 74 70 74 76 76 76 70 72 70 82 82 82 
68 66 62 60 60 58 46 46 46 46 46 46 44 42 55 
40 38 32 32 32 30 18 18 18 18 18 18 29 
14 14 12 10 13 
8 6 7 
4 
2 
0 
0
