2736
2499 2499 2499 2499 2499 2499 2499 2499 2499 2499 2499 2493 2485 2485 2499 2485 2485 2485 2485 2499 2499 2485 2499 2499 2499 2499 2499 2499 2499 2499 2499 2499 2499 2499 2499 2499 2499 2499 2499 2499 2499 2499 2499 2499 2499 2499 2499 2499 2499 2485 2493 2485 2485 2485 2485 
2247 2247 2247 2247 2247 2247 2467 2467 2247 2247 2247 2247 2242 2247 2247 2247 2247 2247 2247 2247 2247 2247 2247 2247 2247 2247 2247 2247 2247 2247 2247 2247 2247 2247 2247 2247 2247 2247 2247 2247 2247 2247 2247 2247 2247 2248 2248 2248 2248 2247 2247 2247 2242 2239 2239 
2223 2223 2223 2223 2223 2223 2223 2223 2223 2223 2223 2215 2223 2215 2223 2002 2002 2002 2002 2002 2002 2002 2002 2002 2002 2002 2002 1996 2002 2002 2002 2002 1996 2002 2002 2002 2002 2002 2002 2002 2002 2002 2002 2002 2002 2002 2002 2002 2002 2002 2002 2002 2001 1996 1994 
1757 1757 1757 1757 1757 1757 1757 1757 1757 1757 1757 1751 1751 1751 1751 1751 1751 1757 1757 1757 1751 1757 1757 1757 1757 1757 1757 1757 1757 1757 1757 1757 1757 1757 1757 1757 1757 1757 1757 1781 1781 1781 1781 1757 1757 1751 1751 1751 1751 1751 1757 1751 1756 1751 1749 
1506 1506 1506 1506 1506 1506 1506 1506 1506 1506 1506 1512 1512 1506 1506 1506 1512 1506 1506 1506 1506 1506 1506 1506 1506 1506 1506 1506 1506 1506 1506 1506 1506 1506 1506 1506 1506 1506 1506 1506 1506 1506 1506 1506 1506 1511 1511 1511 1511 1511 1511 1506 1511 1506 
1263 1263 1263 1263 1263 1263 1263 1263 1263 1263 1263 1268 1484 1489 1489 1489 1263 1486 1484 1482 1482 1268 1269 1269 1269 1269 1269 1269 1269 1269 1269 1269 1269 1269 1269 1269 1293 1293 1293 1269 1269 1269 1269 1269 1269 1269 1269 1269 1269 1269 1268 1269 1263 1263 
1246 1246 1246 1246 1246 1246 1246 1246 1246 1246 1246 1245 1246 1242 1246 1246 1242 1243 1239 1241 1239 1026 1026 1026 1026 1026 1026 1026 1026 1026 1026 1026 1026 1026 1026 1026 1050 1050 1026 1026 1026 1026 1026 1026 1026 1050 1050 1050 1050 1050 1026 1026 1025 
1008 1008 1008 1008 1008 1008 1008 1008 1008 1008 1008 1008 1004 1007 1008 1008 1007 1005 1004 1001 1001 788 788 788 788 812 788 788 788 812 812 788 788 788 788 788 812 812 812 788 788 812 812 812 788 813 813 813 813 788 788 
771 771 771 771 771 771 771 771 771 771 771 775 771 771 771 771 766 768 767 764 764 760 576 576 576 576 576 576 576 576 576 576 576 576 576 576 576 575 575 576 576 576 576 576 576 576 576 576 575 
558 558 553 558 558 558 558 558 558 558 558 558 558 555 558 558 554 553 553 551 551 547 363 363 363 363 363 363 363 363 363 363 363 363 363 363 363 363 363 363 363 363 363 363 363 363 363 
346 346 346 346 346 346 346 346 346 346 346 343 346 346 345 346 339 343 341 339 339 335 
314 314 314 314 319 318 313 313 322 322 322 314 321 315 317 318 314 314 313 311 311 
291 295 291 291 295 293 293 299 289 293 293 294 293 295 294 290 290 291 289 289 
271 271 271 271 271 268 272 273 268 268 268 268 274 271 268 272 268 269 268 267 
250 250 250 250 250 253 252 246 252 249 249 252 246 252 246 250 246 247 246 
231 231 231 231 231 232 232 233 228 232 234 231 229 230 230 228 228 226 225 
208 208 208 208 208 208 211 211 212 208 208 212 208 210 209 208 205 205 
190 190 190 190 190 187 188 191 187 187 187 191 187 190 187 187 187 
170 170 170 170 170 170 172 171 171 170 172 169 170 170 170 170 169 
153 153 153 153 153 152 154 153 154 156 154 154 155 154 153 152 
135 135 135 135 135 136 137 136 136 135 135 136 137 136 136 135 
118 118 119 118 119 122 120 119 119 119 118 119 119 119 118 118 
106 106 106 106 103 102 102 102 106 103 104 102 102 102 102 101 
89 89 89 89 85 85 86 85 85 85 86 85 87 85 85 
73 73 73 69 70 69 71 69 70 69 69 69 71 69 69 
57 57 57 57 55 57 54 54 57 55 57 54 54 54 
39 39 39 39 39 41 42 40 42 40 42 41 39 39 
27 27 27 27 27 26 25 27 27 27 27 26 25 
13 13 13 13 13 12 12 13 13 13 13 12 
0 0 0 0 0 0 0 0 0 0 0 
0
