2736
2524 2524 2524 2524 2524 2524 2524 2524 2524 2524 2524 2498 2494 2498 2490 2498 2498 2494 2494 2524 2524 2524 2494 2494 2494 2494 2494 2494 2494 2494 2494 2494 2494 2494 2494 2494 2494 2494 2494 2494 2494 2494 2494 2492 2492 2494 2486 2486 2486 2262 2262 2262 2262 2250 2246 2250 2246 2244 2485 
2240 2240 2234 2234 2234 2008 2008 2008 2008 2008 2008 2008 2008 2008 2008 2008 2008 2008 2008 2008 2008 2008 2008 2008 2008 2008 2008 2032 2008 2008 2008 2032 2008 2008 2008 2008 2008 2008 2008 2002 2002 2008 1770 1770 1770 1770 1770 1770 1770 1770 1770 1758 1770 1758 1758 1754 
1750 1750 1744 1744 1744 1512 1512 1512 1512 1512 1512 1512 1512 1512 1512 1512 1512 1512 1512 1518 1512 1512 1512 1512 1512 1512 1512 1512 1512 1512 1512 1512 1512 1512 1512 1512 1512 1512 1512 1512 1512 1328 1328 1328 1280 1268 1268 1268 1268 1268 1268 1278 1278 1268 1268 
1264 1264 1258 1258 1258 1030 1030 1030 1030 1030 1030 1030 1032 1032 1032 1032 1030 1032 1032 1032 1032 1030 1030 1056 1056 1056 1032 1032 1032 1056 1032 1032 1032 1032 1056 1056 1056 1056 1056 1056 1056 842 842 842 842 844 842 842 842 842 842 842 794 794 1030 
792 790 784 784 784 582 582 582 582 582 582 582 582 582 582 582 582 582 582 582 582 582 582 582 582 582 582 582 582 582 582 582 582 582 582 582 582 582 582 582 582 370 370 370 370 370 370 370 370 370 581 
368 366 365 365 365 353 353 353 353 353 353 353 350 353 353 352 353 346 350 348 346 346 342 
340 338 337 337 327 326 318 321 329 320 320 328 320 327 320 325 325 321 321 321 318 318 
316 314 313 313 313 302 301 305 302 303 302 300 303 304 301 301 301 297 297 297 296 
294 292 291 291 291 280 278 279 281 280 274 281 281 278 278 279 278 275 275 275 274 
272 270 269 269 269 262 259 257 261 259 259 254 257 259 258 257 257 253 253 253 
251 249 248 248 248 237 237 233 236 237 235 236 236 236 236 235 232 232 232 232 
228 228 227 227 227 214 217 215 219 217 212 212 216 215 214 216 212 212 212 
210 208 207 207 207 195 200 200 198 198 199 195 195 195 196 195 195 194 
190 190 189 189 189 179 177 178 178 176 181 178 179 177 178 178 177 176 
174 172 171 171 171 159 161 161 161 160 160 161 163 160 160 159 159 
157 155 154 154 154 143 142 147 143 144 143 147 142 143 142 143 142 
140 138 137 137 137 130 126 126 125 126 126 128 126 128 126 126 125 
123 121 120 120 120 109 113 109 109 109 109 109 109 109 109 109 108 
106 104 103 103 103 96 96 93 92 92 93 92 92 93 92 92 
90 88 87 87 87 77 80 76 77 80 76 77 76 76 77 76 
74 72 71 71 71 63 63 64 64 61 64 64 63 61 61 
59 57 56 56 56 49 49 49 49 48 46 49 48 46 46 
44 42 41 41 41 34 34 33 32 34 34 34 33 32 
30 28 27 27 27 20 19 20 20 20 20 19 19 
17 15 14 14 14 7 7 7 7 7 7 7 
5 3 2 2 2 
0 
0
