2736
2499 2499 2499 2499 2499 2499 2499 2499 2499 2499 2493 2485 2485 2485 2491 2485 2485 2491 2499 2524 2491 2499 2499 2499 2499 2499 2499 2499 2499 2499 2499 2499 2499 2499 2499 2499 2499 2499 2499 2499 2499 2499 2485 2493 2485 2485 2485 2485 
2247 2247 2247 2247 2247 2247 2247 2247 2247 2247 2247 2247 2247 2247 2247 2247 2247 2247 2247 2247 2247 2247 2247 2247 2247 2247 2247 2247 2247 2247 2247 2247 2247 2247 2247 2247 2247 2247 2247 2273 2273 2247 2247 2247 2239 2240 2239 
2002 2002 2002 2002 2002 2002 2002 2002 2002 2002 2002 2002 2002 2002 2002 2002 2002 2002 2002 2002 2002 2002 2002 2001 2001 2002 1996 2002 2002 2002 2002 2002 2002 2002 2002 2002 2002 2002 2002 2002 2002 2002 2002 2001 1996 1994 
1751 1751 1751 1751 1751 1751 1751 1751 1751 1751 1751 1751 1757 1757 1757 1757 1757 1757 1751 1751 1757 1751 1751 1751 1751 1751 1751 1751 1751 1751 1751 1751 1751 1751 1751 1751 1751 1751 1751 1757 1757 1757 1751 1756 1751 1749 
1506 1506 1506 1506 1506 1506 1506 1506 1506 1506 1736 1732 1506 1506 1506 1512 1512 1512 1512 1512 1506 1506 1506 1506 1506 1506 1506 1506 1506 1506 1506 1506 1506 1506 1506 1506 1506 1506 1506 1506 1506 1506 1511 1506 1506 
1268 1268 1268 1268 1268 1268 1268 1268 1268 1268 1269 1263 1269 1263 1268 1293 1293 1293 1293 1269 1263 1263 1263 1263 1263 1263 1263 1263 1263 1263 1263 1263 1263 1263 1263 1263 1263 1263 1263 1263 1263 1263 1268 1263 1263 
1051 1051 1051 1051 1051 1051 1051 1051 1051 1051 1050 1025 1025 1025 1050 1051 1025 1050 1050 1026 1025 1026 1026 1026 1026 1026 1026 1026 1026 1026 1026 1026 1026 1026 1026 1026 1026 1026 1026 1026 1026 1026 1026 1025 
812 812 812 812 812 812 812 812 812 812 788 812 813 788 1008 812 813 812 813 788 788 788 788 788 812 788 788 788 788 788 788 788 788 788 788 812 812 812 812 813 813 812 788 
576 576 576 576 576 576 576 576 576 576 576 575 576 576 576 575 576 767 764 576 576 576 576 576 576 576 576 576 576 576 576 575 575 576 576 576 576 576 576 575 575 575 
363 363 363 363 363 363 363 363 363 363 363 363 363 363 363 363 363 363 363 363 363 363 363 363 363 363 363 363 363 363 363 363 363 363 363 363 363 363 363 363 
346 346 346 346 346 346 346 346 346 346 342 346 342 346 346 345 341 341 339 339 335 
318 318 318 318 318 318 323 323 323 323 322 318 317 317 318 315 315 313 313 311 
293 293 293 293 293 293 293 291 298 295 298 290 294 290 293 293 291 290 289 
269 269 269 269 269 268 274 274 271 276 273 274 272 269 268 271 269 268 267 
247 247 247 247 247 250 252 252 251 251 251 251 252 250 246 249 246 246 
232 232 232 232 232 233 231 225 229 230 233 230 229 229 226 225 225 225 
208 208 208 208 207 212 212 212 208 208 208 209 205 209 207 207 205 
188 188 188 188 188 192 188 187 188 187 187 189 189 189 187 187 
169 169 169 169 170 170 172 170 172 170 170 172 172 169 170 169 
152 152 152 152 152 153 152 152 152 152 152 155 154 153 152 
138 138 138 138 137 135 137 137 136 139 137 138 136 136 135 
120 120 119 119 118 118 122 123 120 119 119 119 119 119 118 
101 101 101 101 102 102 101 103 104 102 101 104 102 102 101 
89 89 88 86 89 89 86 87 85 85 85 85 85 85 
72 72 72 73 73 70 69 71 69 70 72 71 69 69 
54 54 54 54 57 57 54 54 54 54 54 55 54 
39 39 39 39 42 40 39 39 39 39 39 39 39 
27 27 27 27 25 25 25 27 27 26 26 25 
13 13 13 12 12 12 12 12 12 12 12 
0 0 0 0 0 0 0 0 0 0 
0
