2736
2526 2526 2526 2526 2526 2526 2526 2526 2526 2526 2526 2526 2493 2493 2499 2493 2526 2499 2499 2499 2499 2493 2493 2493 2493 2493 2493 2493 2493 2493 2493 2493 2493 2493 2493 2493 2493 2493 2493 2493 2493 2493 2493 2493 2493 2493 2493 2523 2493 2493 2493 2487 2487 2382 2382 2382 2382 2361 2361 2361 2361 2361 2025 2025 2025 2022 2025 2025 2025 2007 2007 2001 2244 2485 2485 2485 2485 
1998 1764 1992 1983 1983 1983 1791 1791 1791 1791 1791 1791 1758 1791 1791 1791 1791 1758 1791 1764 1758 1758 1758 1758 1758 1758 1758 1758 1758 1758 1758 1758 1758 1758 1758 1758 1758 1758 1758 1758 1758 1758 1758 1758 1758 1683 1683 1683 1683 1683 1638 1638 1638 1638 1362 1290 1290 1290 1290 1290 1290 1290 1290 1362 1362 1290 1290 1290 1287 1272 1756 
1269 1266 1263 1254 1254 1254 1062 1062 1062 1062 1062 1062 1035 1059 1062 1059 1035 1059 1059 1062 1035 1035 1035 1035 1035 1035 1035 1035 1035 1035 1035 1035 1035 1035 1035 1035 1035 1035 1035 1035 1035 1035 1059 954 954 954 954 954 954 954 918 918 636 633 636 633 633 633 633 633 633 633 633 633 633 633 633 633 636 636 636 636 636 636 633 798 798 798 798 1034 
609 627 624 615 609 423 423 609 597 597 597 597 561 561 561 561 561 561 561 561 561 561 561 558 423 423 423 423 423 423 423 423 423 423 423 423 423 423 421 421 421 421 421 421 421 421 421 421 421 421 421 421 421 421 421 421 421 421 421 421 421 421 421 421 421 421 421 421 
418 415 397 403 397 397 397 397 385 385 385 385 367 367 367 349 358 355 355 349 349 349 349 371 393 393 393 
346 343 340 337 337 337 321 321 321 321 321 321 317 317 315 305 315 307 309 307 305 321 321 321 321 321 
302 299 296 293 293 293 279 273 281 281 273 275 273 275 273 271 271 263 263 263 277 277 277 277 277 277 
260 257 254 251 251 249 239 235 231 233 235 231 227 229 229 231 227 223 223 242 
220 217 214 211 211 211 205 199 193 193 193 197 189 193 191 191 189 187 
184 181 178 175 175 175 173 171 155 155 159 155 155 155 155 155 153 
150 147 144 141 141 141 137 123 129 121 129 121 121 121 121 121 119 
116 113 110 107 107 107 105 93 95 95 89 95 89 87 87 87 
84 81 78 75 75 75 73 63 63 63 63 63 59 57 57 
54 51 48 45 45 45 43 33 33 33 33 33 31 43 
25 25 22 19 19 19 17 19 19 19 19 19 
14 11 8 7 7 11 
4 5 
1 
0 
0
