55888
38458 38458 38458 38458 38458 38458 38458 37794 41397 50018 51264 51520 
37751 32584 32584 32584 32584 34244 32754 36274 33354 32584 33170 33426 
32544 32574 32254 32254 32254 30361 30361 32086 31471 30841 
30314 30271 30271 29377 29377 29377 29377 28632 28150 28150 
28103 28060 28075 26190 26190 27166 27174 26190 27037 26056 
26009 25981 25981 25072 24200 24200 25072 24200 24724 24313 
24152 24125 24125 24101 23958 23224 23400 22975 22457 22457 
22409 22307 22382 22307 22215 21557 21557 20913 21227 20504 
20456 19289 20429 20354 19289 19289 19289 19074 19415 
19026 18999 18999 18924 18832 18075 18030 18010 18147 
17966 18000 17611 17092 17938 17611 17611 16780 17083 
16736 16770 15691 16381 15718 16657 16381 15982 15889 
15647 15681 15568 15562 15292 15292 15292 14893 14764 
14720 14754 14365 14365 14365 14365 14566 13846 13966 
13802 13836 13048 13447 12892 13447 13447 13447 13048 
12848 12882 12094 12601 12493 12493 12094 12379 12094 
12050 12084 11695 12040 11695 11965 11203 11203 11269 
11159 11193 10912 10912 11074 11080 10912 10804 
10760 10794 10750 10693 10669 10669 10573 10405 
10361 10395 10369 10375 10351 10309 10341 
10265 10299 10285 10285 10237 10189 
10145 10179 10165 10165 
10140 10124 10124 10118 
10113 10112 10106 
10101 10100 10094 
10091 
10089 
10089
