55888
38528 38528 38528 38528 38528 38528 38351 37130 34063 50018 51264 51520 
33754 33569 33611 33433 33043 33187 33187 32911 32264 29707 
29258 29207 29239 28951 28321 28321 28321 27659 27908 26629 
26180 26129 26161 25873 25243 25663 25243 23551 23813 24064 
23102 23053 23087 22795 22297 22297 22297 21857 21427 21457 
20978 20929 20963 20671 20819 20819 20173 19733 19591 19333 
18884 18835 18869 18577 18079 18079 18079 16781 17737 
16332 16283 16317 16151 15827 15827 16079 15827 15185 
14736 14687 14721 14555 14663 14297 14267 14267 13403 
12954 12905 12939 12773 12881 12755 12701 12353 12485 
11904 11855 11889 11723 12233 11651 11651 11405 11435 
10956 10907 10941 10775 11285 11177 11097 10973 
10769 10547 10547 10709 10655 10547 10544 10322 
10304 10292 10292 10274 10254 10217 
10193 10199 10193 10169 10157 10183 
10133 10145 10133 10125 10106 
10101 10100 10102 
10095 10094 
10091 
10089 
10089
