55888
38493 38493 38493 38493 38493 38493 38493 37462 43423 50018 51264 51520 
37417 32702 32702 32702 32702 32702 32702 32702 33912 32582 32838 33094 
32542 31342 31342 31342 31342 32394 31342 31342 30942 30404 
30354 30374 29073 29073 29073 29073 29073 29242 29340 28430 
28380 28355 28355 27099 27099 27099 27231 26021 27206 26336 
25971 25616 25901 25616 25616 25373 24931 23831 24905 24380 
23781 23801 23711 23711 23677 23593 23543 23306 23033 21620 
21570 21545 21545 21500 20278 20872 20278 20087 20531 19526 
19476 19496 19451 19406 18866 18250 18778 18052 18296 
18002 18022 17722 17722 17722 17689 17590 17395 16963 
16913 16723 16633 16633 16633 16600 16501 15937 16045 
15887 15907 15817 15817 15607 15574 15475 15454 15139 
15089 15019 15019 15019 14809 14776 14677 13909 14050 
13859 13729 13579 13759 13579 13546 13447 13384 12991 
12941 12841 12661 12871 12661 12628 12529 12100 12100 
12050 11770 11980 11980 11770 11748 11638 11452 11185 
11135 10855 10855 10855 10945 10822 10723 10762 
10683 10647 10699 10647 10647 10563 10489 10327 
10287 10291 10307 10287 10276 10222 10261 
10182 10214 10198 10190 10171 
10131 10163 10159 10147 
10123 10123 10119 10107 
10104 10101 10103 
10098 10095 
10092 
10089 
10089
