55888
38458 38458 38458 38458 38458 38458 38458 38458 36427 52840 51264 51520 
34435 34435 34435 34435 34435 34435 33839 35851 34431 33839 34115 
32979 32979 32979 32979 32979 32979 32547 33263 32683 32545 
31975 31975 31975 31975 31975 31975 31975 32264 31975 31975 
31959 31959 30835 30835 30835 30835 30835 30835 30835 30835 
30075 30075 30075 30075 30707 30075 30579 30075 30075 
30056 30056 30056 30056 30056 29794 29794 29794 29794 
29236 29236 29236 29236 29236 29236 29236 29234 29232 
28860 28860 28860 28860 28860 28860 28860 29042 28951 
28855 28581 28772 28823 28841 28772 28670 28670 28579 
27835 27835 27835 27835 27835 27835 27835 28019 28017 
27821 27821 27647 27647 27647 27707 27645 27645 
27640 27608 27608 27598 27459 27459 27455 27459 
26951 26951 26951 26951 26951 26951 27075 27075 
26944 26937 26823 26823 26887 26823 26823 26761 
26505 26257 26505 26257 26257 26505 26505 26381 
26250 26243 26129 26129 26001 26129 26001 26071 
25996 25815 25954 25954 25875 25913 25873 25873 
25319 25319 25319 25319 25319 25319 25443 25443 
25305 25305 25195 25195 25195 25195 25193 25191 
24943 24943 24943 24855 24855 24855 24935 24935 
24848 24841 24679 24679 24767 24679 24771 
24665 24665 24663 24643 24643 24555 24595 
24483 24219 24219 24483 24411 24219 24307 
24205 24205 24183 24147 24147 24139 24093 
23757 24021 24021 24021 23757 23773 23841 
23750 23743 23721 23677 23685 23597 23673 
23590 23583 23581 23561 23561 23471 23513 
23135 23399 23399 23399 23327 23135 23219 
23128 23121 23099 23099 23063 23051 23047 
23039 23023 22921 22873 22921 22871 22871 
22847 22847 22763 22745 22745 22787 22787 22703 
22695 22687 22255 22535 22559 22255 22367 22367 
22239 22239 22129 22081 22129 22087 22171 
22074 22067 22009 22009 21997 21997 21997 
21990 21983 21961 21925 21925 21950 21871 
21863 21855 21535 21799 21727 21535 21647 
21528 21521 21451 21463 21463 21451 21451 
21437 21437 21415 21415 21379 21404 21367 
21295 21351 21143 21151 21223 21199 21199 
21129 21129 21087 21071 21071 21096 21055 
21039 20951 20823 20983 20823 20879 20879 
20816 20809 20751 20767 20751 20739 20736 
20632 20664 20632 20504 20512 20564 20562 
20497 20490 20468 20432 20392 20457 20420 
20385 20378 20332 20320 20320 20334 20308 
20300 20188 20164 20236 20164 20088 20086 
19966 20070 20014 20014 19942 19876 20003 
19869 19862 19820 19804 19756 19792 19793 
19749 19742 19732 19708 19720 19698 19678 
19670 19662 19654 19588 19588 19498 19498 
19490 19482 19474 19462 19462 19436 19415 
19407 19383 19383 19352 19289 19251 19249 
19217 19233 19217 19213 19213 19212 19076 19120 
19068 19060 19044 18950 18950 18838 18732 18730 
18722 18714 18698 18694 18694 18668 18646 
18638 18630 18614 18534 18534 18478 18478 
18470 18446 18446 18442 18442 18444 18406 
18374 18374 18374 18308 18280 18262 18262 
18254 18246 18230 18226 18226 18228 18190 
18182 18174 18158 18092 18064 18046 18046 
18038 18030 18014 18010 18010 18002 
17994 17970 17970 17946 17918 17914 
17906 17882 17882 17878 17878 17872 
17864 17840 17840 17816 17800 17788 
17780 17756 17756 17752 17752 17744 
17736 17712 17712 17688 17672 17656 
17624 17640 17624 17620 17620 17614 
17606 17582 17582 17551 17542 17530 
17498 17514 17498 17494 17494 17489 
17481 17473 17457 17412 17373 17371 
17363 17359 17351 17329 17353 17329 17268 
17260 17236 17236 17128 17128 17064 17062 
17054 17050 17042 17020 17025 17020 16903 16903 
16871 16871 16871 16679 16679 16679 16583 16583 
16575 16571 16563 16541 16541 16541 
16509 16509 16509 16485 16457 16457 
16449 16445 16437 16441 16420 16420 
16388 16404 16388 16375 16348 16346 
16338 16334 16326 16330 16330 16309 
16277 16293 16277 16264 16237 16235 
16227 16223 16215 16219 16219 16198 
16166 16182 16166 16153 16126 16124 
16116 16112 16104 16108 16108 16087 
16055 16071 16055 16042 16015 16013 
16005 16001 15993 15976 15995 15976 
15960 15960 15944 15931 15904 15902 
15894 15890 15882 15886 15855 15855 
15847 15839 15823 15792 15763 15761 
15753 15749 15741 15745 15745 15717 15677 
15661 15661 15645 15565 15565 15509 15509 
15501 15497 15489 15493 15493 15425 15425 
15393 15393 15393 15313 15313 15257 15257 
15249 15245 15237 15241 15241 15213 15173 
15141 15157 15141 15061 15061 15005 15005 
14997 14993 14985 14989 14989 14961 
14945 14945 14929 14905 14873 14873 
14865 14861 14853 14829 14857 14829 
14813 14797 14797 14766 14737 14737 
14732 14717 14717 14721 14691 14691 
14675 14675 14659 14628 14599 14599 
14594 14579 14579 14553 14583 14553 
14521 14537 14521 14490 14461 14461 
14456 14441 14441 14445 14445 14415 
14383 14383 14383 14352 14323 14323 
14318 14303 14303 14277 14307 14277 
14261 14245 14245 14214 14185 14185 
14180 14165 14165 14169 14139 14139 
14123 14107 14107 14076 14047 14047 
14042 14027 14027 14001 14031 14001 
13985 13969 13969 13938 13909 13909 
13904 13889 13889 13863 13893 13863 
13847 13831 13831 13800 13771 13771 
13766 13751 13751 13725 13755 13725 
13709 13693 13693 13662 13633 13633 
13628 13613 13613 13587 13617 13587 
13571 13555 13555 13524 13495 13495 
13490 13475 13475 13449 13479 13449 
13433 13417 13417 13386 13357 13357 
13352 13337 13337 13311 13341 13311 
13295 13279 13279 13248 13219 13219 
13214 13199 13199 13186 13203 13186 
13154 13154 13154 13146 13122 13120 
13115 13100 13100 13104 13104 13087 
13071 13055 13055 13047 13023 13021 
13001 13001 13001 12988 13005 12988 
12956 12956 12956 12948 12924 12922 
12917 12902 12902 12906 12906 12889 
12857 12873 12857 12849 12825 12823 
12803 12803 12803 12790 12790 12790 
12758 12766 12758 12750 12726 12724 
12704 12704 12704 12708 12691 12691 
12659 12667 12659 12651 12627 12625 
12605 12605 12605 12609 12592 12592 
12560 12568 12560 12552 12528 12526 
12506 12506 12506 12510 12493 12493 
12461 12469 12461 12453 12429 12427 
12407 12407 12407 12411 12394 12394 
12362 12370 12362 12354 12330 12328 
12308 12308 12308 
12303 12300 12300 
12296 12296 12296 
12291 12288 12288 
12280 12280 12280 12280 
12273 12270 12264 12264 
12263 12261 12256 12256 
12249 12246 12240 12240 
12233 12233 12233 
12226 12221 12219 
12216 12216 12212 
12205 12200 12198 
12195 12195 12191 
12184 12179 12177 
12174 12174 12170 
12163 12158 12156 
12153 12153 12149 
12142 12137 12135 
12132 12129 12129 
12122 12117 12117 
12111 12111 12111 
12104 12099 12099 
12093 12093 12093 
12086 12081 12081 
12075 12075 12075 
12068 12063 12063 
12057 12057 12057 
12050 12045 12045 
12039 12039 12039 
12032 12027 12027 
12024 12024 
12020 12018 
12016 12016 
12012 12012 
12009 12009 
12005 12003 
12000 12000 
11996 11994 
11991 11991 
11987 11985 
11982 11982 
11978 11976 
11973 11973 
11969 11967 
11964 11964 
11960 11958 
11955 11955 
11951 11949 
11946 11946 
11942 11940 
11937 11937 
11933 11931 
11928 11928 
11924 11922 
11919 11919 
11915 11913 
11910 11910 
11906 11904 
11901 11901 
11897 11895 
11892 11892 
11888 11886 
11883 11883 
11879 11877 
11874 11874 
11870 11868 
11865 11865 
11861 11859 
11856 11856 
11852 11850 
11847 11847 
11843 11841 
11838 11838 
11834 11832 
11829 11829 
11825 11823 
11820 11820 
11816 11814 
11811 11811 
11807 11805 
11802 11802 
11798 11796 
11793 11793 
11789 11787 
11784 11784 
11780 11778 
11775 11775 
11771 11769 
11766 11766 
11762 11760 
11757 11757 
11753 11751 
11748 11748 
11744 11742 
11739 11739 
11735 11733 
11730 11730 
11726 11724 
11721 11721 
11717 11715 
11712 11712 
11708 11706 
11703 11703 
11699 11697 
11694 11694 
11690 11688 
11685 11685 
11681 11679 
11676 11676 
11672 11670 
11667 11667 
11663 11661 
11658 11658 
11654 11652 
11649 11649 
11645 11643 
11640 11640 
11636 11634 
11631 11631 
11627 11625 
11622 11622 
11618 11616 
11613 11613 
11609 11607 
11604 11604 
11600 11598 
11595 11595 
11591 11589 
11586 11586 
11582 11580 
11577 11577 
11573 11571 
11568 11568 
11564 11562 
11559 11559 
11555 11553 
11550 11550 
11546 11544 
11541 11541 
11537 11535 
11532 11532 
11528 11526 
11523 11523 
11519 11517 
11514 11514 
11510 11508 
11505 11505 
11501 11499 
11496 11496 
11492 11490 
11487 11487 
11483 11481 
11478 11478 
11474 11472 
11469 11469 
11465 11463 
11460 11460 
11456 11454 
11451 11451 
11447 11445 
11442 11442 
11438 11436 
11433 11433 
11429 11427 
11424 11424 
11420 11418 
11415 11415 
11411 11409 
11406 11406 
11402 11400 
11397 11397 
11393 11391 
11388 11388 
11384 11382 
11379 11379 
11375 11373 
11370 11370 
11366 11364 
11361 11361 
11357 11355 
11352 11352 
11348 11346 
11343 11343 
11339 11337 
11334 11334 
11330 11328 
11325 11325 
11321 11319 
11316 11316 
11312 11310 
11307 11307 
11303 11301 
11298 11298 
11294 11292 
11289 11289 
11285 11283 
11280 11280 
11276 11274 
11271 11271 
11267 11265 
11262 11262 
11258 11256 
11253 11253 
11249 11247 
11244 11244 
11240 11238 
11235 11235 
11231 11229 
11226 11226 
11222 11220 
11217 11217 
11213 11211 
11208 11208 
11204 11202 
11199 11199 
11195 11193 
11190 11190 
11186 11184 
11181 11181 
11177 11175 
11172 11172 
11168 11166 
11163 11163 
11159 11157 
11154 11154 
11150 11148 
11145 11145 
11141 11139 
11136 11136 
11132 11130 
11127 11127 
11123 11121 
11118 11118 
11114 11112 
11109 11109 
11105 11103 
11100 11100 
11096 11094 
11091 11091 
11087 11085 
11082 11082 
11078 11076 
11073 11073 
11069 11067 
11064 11064 
11060 11058 
11055 11055 
11051 11049 
11046 11046 
11042 11040 
11037 11037 
11033 11031 
11028 11028 
11024 11022 
11019 11019 
11015 11013 
11010 11010 
11006 11004 
11001 11001 
10997 10995 
10992 10992 
10988 10986 
10983 10983 
10979 10977 
10974 10974 
10970 10968 
10965 10965 
10961 10959 
10956 10956 
10952 10950 
10947 10947 
10943 10941 
10938 10938 
10934 10932 
10929 10929 
10925 10923 
10920 10920 
10916 10914 
10911 10911 
10907 10905 
10902 10902 
10898 10896 
10893 10893 
10889 10887 
10884 10884 
10880 10878 
10875 10875 
10871 10869 
10866 10866 
10862 10860 
10857 10857 
10853 10851 
10848 10848 
10844 10842 
10839 10839 
10835 10833 
10830 10830 
10826 10824 
10821 10821 
10817 10815 
10812 10812 
10808 10806 
10803 10803 
10799 10797 
10794 10794 
10790 10788 
10785 10785 
10781 10779 
10776 10776 
10772 10770 
10767 10767 
10763 10761 
10758 10758 
10754 10752 
10749 10749 
10745 10743 
10740 10740 
10736 10734 
10731 10731 
10727 10725 
10722 10722 
10718 10716 
10713 10713 
10709 10707 
10704 10704 
10700 10698 
10695 10695 
10691 10689 
10686 10686 
10682 10680 
10677 10677 
10673 10671 
10668 10668 
10664 10662 
10659 10659 
10655 10653 
10650 10650 
10646 10644 
10641 10641 
10637 10635 
10632 10632 
10628 10626 
10623 10623 
10619 10617 
10614 10614 
10610 10608 
10605 10605 
10601 10599 
10596 10596 
10592 10590 
10587 10587 
10583 10581 
10578 10578 
10574 10572 
10569 10569 
10565 10563 
10560 10560 
10556 10554 
10551 10551 
10547 10545 
10542 10542 
10538 10536 
10533 10533 
10529 10527 
10524 10524 
10520 10518 
10515 10515 
10511 10509 
10506 10506 
10502 10500 
10497 10497 
10493 10491 
10488 10488 
10484 10482 
10479 10479 
10475 10473 
10470 10470 
10466 10464 
10461 10461 
10457 10455 
10452 10452 
10448 10446 
10443 10443 
10439 10437 
10434 10434 
10430 10428 
10425 10425 
10421 10419 
10416 10416 
10412 10410 
10407 10407 
10403 10401 
10398 10398 
10394 10392 
10389 10389 
10385 10383 
10380 10380 
10376 10374 
10371 10371 
10367 10365 
10362 10362 
10358 10356 
10353 10353 
10349 10347 
10344 10344 
10340 10338 
10335 10335 
10331 10329 
10326 10326 
10322 10320 
10317 10317 
10313 10311 
10308 10308 
10304 10302 
10299 10299 
10295 10293 
10290 10290 
10286 10284 
10281 10281 
10277 10275 
10272 10272 
10268 10266 
10263 10263 
10259 10257 
10254 10254 
10250 10248 
10245 10245 
10241 10239 
10236 10236 
10232 10230 
10227 10227 
10223 10221 
10218 10218 
10214 10212 
10209 10209 
10205 10203 
10200 10200 
10196 10194 
10191 10191 
10187 10185 
10182 10182 
10178 10176 
10173 10173 
10169 10167 
10164 10164 
10160 10158 
10155 10155 
10151 10149 
10146 10146 
10142 10140 
10137 10137 
10133 10131 
10128 10128 
10124 10122 
10119 10119 
10115 10113 
10110 10110 
10106 10106 
10104 
10104
