55888
38563 38563 38563 38563 38563 38563 38563 37794 43055 50376 51264 51520 
37753 32754 32754 32754 32754 32754 32754 33626 34714 33602 32582 33426 
32544 30359 30359 30359 30359 30359 30359 30371 30839 30404 
30313 30269 30269 28630 28630 29792 28630 28630 29441 28616 
28570 28526 28526 28466 27572 27572 27572 26887 26438 26522 
26392 26348 26288 26288 25394 25394 25394 25087 25658 24344 
24298 24194 24194 24194 23300 23300 23300 22993 23546 22133 
22087 21983 21983 21983 21089 21089 21089 20782 20903 
20736 20692 20692 20422 20422 20364 20110 19767 19552 
19506 19462 19462 19192 19192 19134 18880 18537 18490 
18444 18370 18400 18130 18130 18072 17818 17810 17692 
17646 17602 17512 17332 17332 17274 17125 17012 16774 
16728 16684 16414 16414 16414 16356 16102 15864 15856 
15810 15766 15766 15496 15496 15286 15184 15176 14917 
14871 14842 14827 14557 14557 14347 14206 13929 
13883 13854 13809 13569 13344 13359 13065 13397 
13018 12945 12930 12885 12480 12480 12105 12097 
12050 12022 11962 11977 11512 11512 11558 11572 
11467 11416 11452 11404 11368 11320 11032 10987 
10942 10867 10879 10879 10843 10795 10617 10492 
10447 10384 10384 10384 10348 10300 10332 
10262 10255 10273 10273 10243 10204 
10166 10192 10183 10177 10147 
10109 10141 10135 
10104 10103 10105 
10100 10097 10099 
10094 
10092 
10091 
10089 
10089
