55888
38528 38528 38528 38528 38528 38528 38528 38458 37558 51316 51264 51520 
36578 36578 36578 36613 36427 35614 35614 35614 34900 34414 33560 
32580 32580 32580 32615 32545 32969 31382 32888 32762 31466 
30554 30554 30554 30401 30251 30442 30414 30442 30464 29159 
28331 28331 28331 28178 28028 28191 28191 28171 26948 26948 
26120 26120 26120 25967 25817 25968 26008 25968 25886 24854 
24026 24026 24026 23873 23723 23926 23926 23866 23792 
23632 23632 23632 23632 22795 22755 22851 22851 22661 
22570 22570 22570 22570 21733 21789 21693 21733 21743 
21602 21602 21602 21602 21221 20821 21221 20821 20895 
20765 19881 20349 19841 19841 20349 19841 19841 20023 
19834 19369 18913 18913 18913 19369 18913 18913 18923 19277 
18906 18813 18813 18813 18813 18004 17683 17683 17839 18349 
17676 17583 17583 17583 17583 17011 16825 16825 16609 17119 
16602 16509 16509 16509 16509 15751 15655 15700 15655 16045 
15648 15555 15555 15555 15555 14746 14746 14746 14629 15091 
14622 14529 14529 14529 14529 13957 13720 13771 13720 14065 
13713 13710 13700 13620 13620 12862 13195 12802 12922 
12795 12792 12782 12702 12702 12643 12277 12277 12004 
11997 11984 11984 11904 11904 11479 11479 11479 
11472 11459 11459 11379 11379 10807 11269 10807 
10800 10787 10787 10707 10707 10648 10585 
10578 10575 10565 10485 10485 10426 10516 
10419 10406 10406 10326 10326 10392 
10275 10305 10305 10248 10248 10278 
10191 10197 10197 10191 10197 10214 
10140 10140 10140 10140 10140 10158 
10119 10119 10119 
10118 
10116 
10115 
10113 
10112 
10110 
10110
