55888
38563 38563 38563 38563 38563 38563 38563 38126 43055 50376 51264 51520 
38085 35566 35566 35566 35566 35566 35566 35566 32582 32614 33502 33758 
32544 32279 32279 32279 30371 30371 30371 32057 30488 30608 
30330 30361 29956 29956 29956 29426 29956 29426 29282 28193 
28152 28183 27778 27248 27778 27248 27778 27248 26219 26219 
26178 25274 25274 25804 25804 25804 25804 25389 24125 24125 
24084 23710 23180 23180 23180 23180 23710 23180 23234 23461 
23137 22894 22894 22894 22894 22750 22428 22046 22262 
22004 21639 21639 21639 21760 21639 21388 21216 21161 21495 
21119 20875 20963 20963 20963 20754 20503 20426 20072 20610 
20030 19786 19874 19786 19874 19665 19414 19337 19274 19521 
19232 19252 18988 19076 18988 18867 18616 18569 18383 18723 
18341 18185 18185 18185 17976 17976 17725 17678 17465 17832 
17423 17443 17179 17058 17058 17058 16807 16730 16511 16914 
16469 16489 16104 16104 16225 16104 15853 15776 15581 15960 
15539 15174 15174 15174 15174 15174 15133 14846 14606 15030 
14564 14584 14100 14100 14199 14199 13948 13901 14293 
13858 13395 13395 13395 13703 13395 13341 13055 
13013 12549 12769 12549 12549 12549 12735 12491 
12449 12293 11985 11985 11831 11985 12021 12068 
11789 11446 11446 11446 11545 11446 11481 11306 
11264 10921 10921 10921 11108 10921 10986 10721 
10679 10336 10402 10336 10336 10336 10401 
10298 10294 10294 10294 10282 10289 
10244 10222 10249 10240 10222 10246 
10184 10180 10180 10180 10168 
10130 10147 10156 10159 
10125 10115 10115 10122 
10110 10109 10111 
10106 10107 10105 
10097 10097 10097 
10095 
10094 
10092 
10091 
10089 
10089
