55888
38528 38528 38528 38528 38528 38528 38528 38126 37558 51316 51264 51520 
36703 36703 36703 36595 36427 35614 34564 33562 34738 33562 35374 
32707 32707 32707 32617 32518 32890 32890 33037 31339 31588 
30371 30371 30371 30358 30208 30351 30351 30351 30544 29161 
28677 28677 28193 28180 28030 28193 28193 28173 28135 27187 
26219 26219 26219 26206 26056 26219 26219 26311 25093 25093 
24125 24125 24125 24112 23962 24125 24165 24125 24067 24580 
23871 23871 23871 23871 23086 22994 23022 22994 22936 23449 
22845 22845 22845 22845 22480 21968 22480 21996 22018 22423 
21961 21877 21877 21877 21512 21096 21096 21092 20894 21455 
20887 20803 20803 20803 20018 20022 19966 20018 19664 20381 
19657 19573 19573 19573 18788 19188 19176 18792 18866 19151 
18781 18697 18697 18697 17860 17916 17916 18244 17870 18275 
17853 17769 17769 17769 16988 17404 16988 17324 16906 17347 
16899 16815 16815 16815 16362 16482 16034 16370 15988 16393 
15981 15897 15897 15897 15532 15580 15452 15452 14926 15475 
14919 14835 14835 14835 14450 14054 14570 14382 14131 14413 
14047 14044 13850 13850 13938 13850 13256 13226 13226 13541 
13208 13208 13206 12971 12971 12971 12965 12701 12428 
12410 12410 12173 12173 12238 12173 11903 11903 11633 
11615 11615 11613 11378 11378 11443 11228 11228 
11210 11210 10973 10973 10973 11038 10967 10823 
10805 10805 10568 10568 10633 10633 10601 
10561 10526 10526 10512 10466 10346 10346 
10304 10332 10318 10276 10244 10244 
10226 10205 10205 10166 10166 10142 
10124 10124 10124 10131 
10109 10109 10109 
10106 
10104 
10103 
10101 
10101
