55888
38738 38738 38738 38738 38738 38738 38209 36798 43344 48257 51264 51520 
36749 32590 32590 32590 32590 34894 34894 34366 32590 31001 32582 32580 
30945 30121 30121 29857 29857 30121 29831 29167 27634 27053 
26997 26173 26173 25909 26173 25909 25249 24749 23556 23513 
23457 22369 22369 22523 22369 22369 21709 20188 20913 
20132 20078 19968 19836 19792 19067 18988 18485 18352 
18296 18242 18132 18066 17692 17648 17164 16376 16774 
16320 16178 16244 15672 15716 15628 15416 14673 14816 
14617 14629 14613 14569 14025 14151 14247 13647 13113 
13057 13069 13053 13009 12555 12465 11817 12087 11535 
11479 11491 11475 11431 11373 11301 11109 10755 
10699 10711 10695 10651 10653 10551 10371 10627 
10315 10327 10311 10283 10275 10275 
10219 10231 10215 10195 10224 
10152 10183 10171 
10146 10140 10128 10125 
10119 10113 10105 10101 
10095 10095 
10092 10093 
10089 
10089
