38595
28521 
28490 
27380 
26100 
24790 
23320 
23250 
23242 
23235 
23227 
23199 
23190 
23182 
22069 
22061 
21333 
21325 
21318 
21310 
21303 
21295 
20651 
19915 
19684 
18676 
18668 
18660 
18612 
18605 
18591 
18575 
18561 
18545 
18531 
18515 
18501 
18485 
18471 
18455 
18441 
18425 
18411 
18395 
18381 
18365 
18351 
18335 
18321 
18305 
18291 
18275 
18261 
18245 
18231 
18215 
18201 
18185 
18171 
18155 
18141 
18125 
18111 
18095 
18081 
18065 
18051 
18035 
18021 
18005 
17991 
17975 
17961 
17945 
17931 
17915 
17901 
17885 
17871 
17855 
17841 
17825 
17811 
17795 
17781 
17765 
17751 
17735 
17721 
17705 
17691 
17675 
17661 
17645 
17631 
17615 
17601 
17585 
17571 
17555 
17541 
17525 
17511 
17495 
17481 
17465 
17451 
17435 
17421 
17405 
17391 
17375 
17361 
17345 
17331 
17315 
17301 
17285 
17271 
17255 
17241 
17225 
17211 
17195 
17181 
17165 
17151 
17135 
17121 
17105 
17091 
17075 
17061 
17045 
17031 
17015 
17001 
16985 
16971 
16955 
16941 
16925 
16911 
16895 
16881 
16865 
16851 
16835 
16821 
16805 
16791 
16775 
16761 
16745 
16731 
16715 
16701 
16685 
16671 
16655 
16641 
16625 
16611 
16595 
16581 
16565 
16551 
16535 
16521 
16505 
16491 
16475 
16461 
16445 
16431 
16415 
16401 
16385 
16371 
16355 
16341 
16325 
16304 
16296 
16288 
15812 
15268 
15051 
15043 
15035 
15019 
15012 
15005 
14997 
14990 
14982 
14933 
14877 
14870 
14856 
14849 
14492 
14484 
14460 
13809 
13545 
13517 
13509 
13501 
12549 
12541 
12525 
12238 
11910 
11896 
11749 
11741 
11733 
11717 
11710 
11702 
11408 
11072 
10687 
10247 
10233 
10225 
10197 
10162 
10122 
10045 
10037 
9925 
9797 
9734 
9727 
9720 
9700 
9693 
9687 
9680 
9670 
9658 
9568 
9538 
9533 
9527 
9522 
9516 
9509 
9499 
9487 
9482 
9476 
9461 
9453 
9447 
9427 
9418 
9413 
9407 
9392 
9385 
9378 
9373 
9367 
9352 
9345 
9338 
9298 
9288 
9276 
9266 
9258 
9253 
9247 
9237 
9229 
9204 
9196 
9189 
9119 
9099 
9087 
9062 
9053 
9047 
8952 
8922 
8916 
8909 
8889 
8880 
8875 
8869 
8844 
8835 
8829 
8704 
8694 
8664 
8658 
8628 
8620 
8620
