38595
28521 
28498 
27876 
24614 
23248 
22692 
22136 
21580 
21043 
19969 
19517 
19515 
18613 
18162 
17822 
17260 
16979 
16699 
16579 
16499 
16419 
16417 
16337 
16257 
16255 
16177 
16098 
15940 
15861 
15703 
15624 
15466 
15465 
15463 
15384 
15226 
15147 
14989 
14910 
14752 
14746 
14734 
14728 
14722 
14716 
14713 
14707 
14704 
14698 
14695 
14689 
14686 
14680 
14677 
14671 
14668 
14662 
14659 
14653 
14650 
14644 
14641 
14635 
14632 
14626 
14623 
14617 
14614 
14608 
14605 
14599 
14596 
14590 
14587 
14581 
14578 
14572 
14569 
14563 
14560 
14554 
14551 
14545 
14542 
14536 
14533 
14527 
14524 
14518 
14515 
14509 
14506 
14500 
14497 
14491 
14488 
14482 
14479 
14473 
14470 
14464 
14461 
14455 
14452 
14446 
14443 
14437 
14434 
14432 
14430 
14428 
14424 
14416 
14413 
14407 
14400 
14394 
14392 
14390 
14388 
14386 
14385 
14383 
14379 
14371 
14367 
14359 
14355 
14351 
14349 
14347 
14345 
14341 
14339 
14335 
14333 
14329 
14327 
14323 
14321 
14317 
14315 
14311 
14309 
14305 
14303 
14299 
14297 
14293 
14291 
14287 
14285 
14281 
14279 
14275 
14273 
14269 
14267 
14263 
14261 
14257 
14255 
14251 
14249 
14245 
14243 
14239 
14237 
14233 
14231 
14227 
14225 
14221 
14219 
14215 
14213 
14209 
14207 
14203 
14201 
14197 
14195 
14191 
14189 
14185 
14183 
14179 
14177 
14173 
14171 
14167 
14165 
14161 
14159 
14155 
14153 
14149 
14147 
14143 
14141 
14137 
14135 
14131 
14129 
14125 
14123 
14119 
14117 
14113 
14111 
14107 
14105 
14101 
14099 
14095 
14093 
14089 
14087 
14083 
14081 
14077 
14075 
14071 
14069 
14065 
14063 
14059 
14057 
14053 
14051 
14047 
14045 
14041 
14039 
14035 
14033 
14029 
14027 
14023 
14021 
14017 
14015 
14011 
14009 
14005 
14003 
13999 
13997 
13993 
13991 
13987 
13985 
13981 
13979 
13975 
13973 
13969 
13967 
13963 
13961 
13957 
13955 
13951 
13949 
13945 
13943 
13939 
13937 
13933 
13931 
13927 
13925 
13921 
13919 
13915 
13913 
13909 
13907 
13903 
13901 
13897 
13895 
13891 
13889 
13885 
13883 
13879 
13877 
13873 
13871 
13867 
13865 
13861 
13859 
13855 
13853 
13849 
13847 
13843 
13841 
13837 
13835 
13831 
13829 
13825 
13823 
13819 
13817 
13813 
13811 
13807 
13805 
13801 
13799 
13795 
13793 
13789 
13787 
13783 
13781 
13777 
13775 
13771 
13769 
13765 
13763 
13759 
13757 
13753 
13751 
13747 
13743 
13735 
13731 
13727 
13723 
13721 
13717 
13713 
13709 
13705 
13703 
13699 
13695 
13691 
13687 
13685 
13681 
13677 
13673 
13669 
13667 
13663 
13659 
13655 
13651 
13649 
13645 
13641 
13637 
13633 
13631 
13627 
13623 
13619 
13615 
13613 
13609 
13605 
13601 
13597 
13595 
13591 
13587 
13583 
13579 
13577 
13573 
13569 
13565 
13561 
13559 
13555 
13551 
13547 
13543 
13541 
13537 
13533 
13529 
13525 
13523 
13519 
13515 
13511 
13507 
13505 
13501 
13497 
13493 
13489 
13487 
13483 
13479 
13475 
13471 
13469 
13465 
13461 
13457 
13453 
13451 
13447 
13443 
13439 
13435 
13433 
13429 
13425 
13421 
13417 
13415 
13411 
13407 
13403 
13399 
13397 
13393 
13389 
13385 
13381 
13379 
13375 
13371 
13367 
13363 
13361 
13357 
13353 
13349 
13345 
13343 
13339 
13335 
13331 
13327 
13325 
13321 
13317 
13313 
13309 
13307 
13303 
13299 
13295 
13291 
13289 
13285 
13281 
13277 
13273 
13271 
13267 
13263 
13259 
13255 
13253 
13249 
13245 
13241 
13237 
13235 
13231 
13227 
13223 
13219 
13217 
13213 
13209 
13205 
13201 
13199 
13195 
13191 
13187 
13183 
13181 
13177 
13173 
13169 
13165 
13163 
13159 
13155 
13151 
13147 
13145 
13141 
13137 
13133 
13129 
13127 
13123 
13119 
13115 
13111 
13109 
13105 
13101 
13097 
13093 
13091 
13087 
13083 
13079 
13075 
13073 
13069 
13065 
13061 
13057 
13055 
13051 
13047 
13043 
13039 
13037 
13033 
13029 
13025 
13021 
13019 
13015 
13011 
13007 
13003 
13001 
12997 
12993 
12989 
12985 
12983 
12979 
12975 
12971 
12967 
12965 
12961 
12957 
12953 
12949 
12947 
12943 
12939 
12935 
12931 
12929 
12925 
12921 
12917 
12913 
12911 
12907 
12903 
12899 
12895 
12893 
12889 
12885 
12881 
12877 
12875 
12871 
12867 
12863 
12859 
12857 
12853 
12849 
12845 
12841 
12839 
12835 
12831 
12827 
12823 
12821 
12817 
12813 
12809 
12805 
12803 
12799 
12795 
12791 
12787 
12785 
12781 
12777 
12773 
12769 
12767 
12763 
12759 
12755 
12751 
12749 
12745 
12741 
12737 
12733 
12731 
12727 
12723 
12719 
12715 
12713 
12709 
12706 
12704 
12702 
12700 
12699 
12697 
12694 
12688 
12687 
12685 
12681 
12673 
12669 
12661 
12657 
12649 
12645 
12637 
12633 
12625 
12621 
12613 
12609 
12601 
12597 
12589 
12585 
12577 
12573 
12565 
12561 
12553 
12549 
12541 
12537 
12529 
12525 
12517 
12513 
12505 
12501 
12493 
12489 
12481 
12477 
12469 
12465 
12457 
12453 
12445 
12441 
12433 
12429 
12421 
12417 
12409 
12405 
12397 
12393 
12385 
12381 
12373 
12369 
12361 
12357 
12349 
12345 
12337 
12333 
12325 
12321 
12313 
12309 
12301 
12297 
12289 
12285 
12277 
12273 
12265 
12261 
12253 
12249 
12241 
12237 
12229 
12225 
12217 
12213 
12205 
12201 
12193 
12189 
12181 
12177 
12169 
12165 
12157 
12153 
12145 
12141 
12133 
12129 
12121 
12117 
12109 
12105 
12097 
12093 
12085 
12081 
12073 
12069 
12061 
12057 
12049 
12045 
12037 
12033 
12025 
12021 
12013 
12009 
12001 
11997 
11989 
11985 
11977 
11973 
11965 
11961 
11953 
11949 
11941 
11937 
11929 
11925 
11917 
11913 
11905 
11901 
11893 
11889 
11881 
11877 
11869 
11865 
11857 
11853 
11845 
11841 
11833 
11829 
11821 
11817 
11809 
11805 
11797 
11793 
11785 
11781 
11773 
11769 
11761 
11757 
11749 
11745 
11737 
11733 
11725 
11721 
11713 
11709 
11701 
11697 
11689 
11685 
11677 
11673 
11665 
11661 
11653 
11649 
11641 
11637 
11629 
11625 
11617 
11613 
11605 
11601 
11593 
11589 
11581 
11577 
11569 
11565 
11557 
11555 
11551 
11549 
11547 
11545 
11543 
11539 
11537 
11535 
11533 
11531 
11527 
11525 
11523 
11521 
11519 
11515 
11513 
11511 
11509 
11507 
11503 
11501 
11499 
11497 
11495 
11491 
11489 
11487 
11485 
11483 
11479 
11477 
11475 
11473 
11471 
11467 
11465 
11463 
11461 
11459 
11455 
11453 
11451 
11449 
11447 
11443 
11441 
11439 
11437 
11435 
11431 
11429 
11427 
11425 
11423 
11419 
11417 
11415 
11413 
11411 
11407 
11405 
11403 
11401 
11399 
11395 
11393 
11391 
11389 
11387 
11383 
11381 
11379 
11377 
11375 
11371 
11369 
11367 
11365 
11363 
11359 
11357 
11355 
11353 
11351 
11347 
11345 
11343 
11341 
11339 
11335 
11333 
11331 
11329 
11327 
11323 
11321 
11319 
11317 
11315 
11311 
11309 
11307 
11305 
11303 
11299 
11297 
11295 
11293 
11291 
11287 
11285 
11283 
11281 
11279 
11275 
11273 
11271 
11269 
11267 
11263 
11261 
11259 
11257 
11255 
11251 
11249 
11247 
11245 
11243 
11239 
11237 
11235 
11233 
11231 
11227 
11225 
11223 
11221 
11219 
11215 
11213 
11211 
11209 
11207 
11203 
11201 
11199 
11197 
11195 
11191 
11189 
11187 
11185 
11183 
11179 
11177 
11175 
11173 
11171 
11167 
11165 
11163 
11161 
11159 
11155 
11153 
11151 
11149 
11147 
11143 
11141 
11139 
11137 
11135 
11131 
11129 
11127 
11125 
11123 
11119 
11117 
11115 
11113 
11111 
11107 
11105 
11103 
11101 
11099 
11095 
11093 
11091 
11089 
11087 
11083 
11081 
11079 
11077 
11075 
11071 
11069 
11067 
11065 
11063 
11059 
11057 
11055 
11053 
11051 
11047 
11045 
11043 
11041 
11039 
11035 
11033 
11031 
11029 
11027 
11023 
11021 
11019 
11017 
11015 
11011 
11009 
11007 
11005 
11003 
10999 
10997 
10995 
10993 
10991 
10987 
10985 
10983 
10981 
10979 
10975 
10973 
10971 
10969 
10967 
10963 
10961 
10959 
10957 
10955 
10951 
10949 
10947 
10945 
10943 
10939 
10937 
10935 
10933 
10931 
10927 
10925 
10923 
10921 
10919 
10915 
10913 
10911 
10909 
10907 
10903 
10901 
10899 
10897 
10895 
10891 
10889 
10887 
10885 
10883 
10879 
10877 
10875 
10873 
10871 
10867 
10865 
10863 
10861 
10859 
10855 
10853 
10851 
10849 
10847 
10843 
10841 
10839 
10837 
10835 
10831 
10829 
10827 
10825 
10823 
10819 
10817 
10815 
10813 
10811 
10807 
10805 
10803 
10801 
10799 
10795 
10793 
10791 
10789 
10787 
10783 
10781 
10779 
10777 
10775 
10771 
10769 
10767 
10765 
10763 
10759 
10757 
10755 
10753 
10751 
10747 
10745 
10743 
10741 
10739 
10735 
10733 
10731 
10729 
10727 
10723 
10722 
10720 
10719 
10717 
10716 
10714 
10713 
10711 
10710 
10708 
10707 
10705 
10704 
10702 
10701 
10699 
10698 
10696 
10695 
10693 
10692 
10690 
10689 
10687 
10686 
10684 
10683 
10681 
10680 
10678 
10677 
10675 
10674 
10672 
10671 
10669 
10668 
10666 
10665 
10663 
10662 
10660 
10659 
10657 
10656 
10654 
10653 
10651 
10650 
10648 
10647 
10645 
10644 
10642 
10641 
10639 
10638 
10636 
10635 
10633 
10632 
10630 
10629 
10627 
10626 
10624 
10623 
10621 
10620 
10618 
10617 
10615 
10614 
10612 
10611 
10609 
10608 
10606 
10605 
10603 
10602 
10600 
10599 
10597 
10596 
10594 
10593 
10591 
10590 
10588 
10587 
10585 
10584 
10582 
10581 
10579 
10578 
10576 
10575 
10573 
10572 
10570 
10569 
10567 
10566 
10564 
10563 
10561 
10560 
10558 
10557 
10555 
10554 
10552 
10551 
10549 
10548 
10546 
10545 
10543 
10542 
10540 
10539 
10537 
10536 
10534 
10533 
10531 
10530 
10528 
10527 
10525 
10524 
10522 
10521 
10519 
10518 
10516 
10515 
10513 
10512 
10510 
10509 
10507 
10506 
10504 
10503 
10501 
10500 
10498 
10497 
10495 
10494 
10492 
10491 
10489 
10488 
10486 
10485 
10483 
10482 
10480 
10479 
10477 
10476 
10474 
10473 
10471 
10470 
10468 
10467 
10465 
10464 
10462 
10461 
10459 
10458 
10456 
10455 
10453 
10452 
10450 
10449 
10447 
10446 
10444 
10443 
10441 
10440 
10438 
10437 
10435 
10434 
10432 
10431 
10429 
10428 
10426 
10425 
10423 
10422 
10420 
10419 
10417 
10416 
10414 
10413 
10411 
10410 
10408 
10407 
10405 
10404 
10402 
10401 
10399 
10398 
10396 
10395 
10393 
10392 
10390 
10389 
10387 
10386 
10384 
10383 
10381 
10380 
10378 
10377 
10375 
10374 
10372 
10371 
10369 
10368 
10366 
10365 
10363 
10362 
10360 
10359 
10357 
10356 
10354 
10353 
10351 
10350 
10348 
10347 
10345 
10344 
10342 
10341 
10339 
10338 
10336 
10335 
10333 
10332 
10330 
10329 
10327 
10326 
10324 
10323 
10321 
10320 
10318 
10317 
10315 
10314 
10312 
10311 
10309 
10308 
10306 
10305 
10303 
10302 
10300 
10299 
10297 
10296 
10294 
10293 
10291 
10290 
10288 
10287 
10285 
10284 
10282 
10281 
10279 
10278 
10276 
10275 
10273 
10272 
10270 
10269 
10267 
10266 
10264 
10263 
10261 
10260 
10258 
10257 
10255 
10254 
10252 
10251 
10249 
10248 
10246 
10245 
10243 
10242 
10240 
10239 
10237 
10236 
10234 
10233 
10231 
10230 
10228 
10227 
10225 
10224 
10222 
10221 
10219 
10218 
10216 
10215 
10213 
10212 
10210 
10209 
10207 
10206 
10204 
10203 
10201 
10200 
10198 
10197 
10195 
10194 
10192 
10191 
10189 
10188 
10186 
10185 
10183 
10182 
10180 
10179 
10177 
10176 
10174 
10173 
10171 
10170 
10168 
10167 
10165 
10164 
10162 
10161 
10159 
10158 
10156 
10155 
10153 
10152 
10150 
10149 
10147 
10146 
10144 
10143 
10141 
10140 
10138 
10137 
10135 
10134 
10132 
10131 
10129 
10128 
10126 
10125 
10123 
10122 
10120 
10119 
10117 
10116 
10114 
10113 
10111 
10110 
10108 
10107 
10105 
10104 
10102 
10101 
10099 
10098 
10096 
10095 
10093 
10092 
10090 
10089 
10087 
10086 
10084 
10083 
10081 
10080 
10078 
10077 
10075 
10074 
10072 
10071 
10069 
10068 
10066 
10065 
10063 
10062 
10060 
10059 
10057 
10056 
10054 
10053 
10051 
10050 
10048 
10047 
10045 
10044 
10042 
10041 
10039 
10038 
10036 
10035 
10033 
10032 
10030 
10029 
10027 
10026 
10024 
10023 
10021 
10020 
10018 
10017 
10015 
10014 
10012 
10011 
10009 
10008 
10006 
10005 
10003 
10002 
10000 
9999 
9997 
9996 
9994 
9993 
9991 
9990 
9988 
9987 
9985 
9984 
9982 
9981 
9979 
9978 
9976 
9975 
9973 
9972 
9970 
9969 
9967 
9966 
9964 
9963 
9961 
9960 
9958 
9957 
9955 
9954 
9952 
9951 
9949 
9948 
9946 
9945 
9943 
9942 
9940 
9939 
9937 
9936 
9934 
9933 
9931 
9930 
9928 
9927 
9925 
9924 
9922 
9921 
9919 
9918 
9916 
9915 
9913 
9912 
9910 
9909 
9907 
9906 
9904 
9903 
9901 
9900 
9898 
9897 
9895 
9894 
9892 
9891 
9889 
9888 
9886 
9885 
9883 
9882 
9880 
9879 
9877 
9876 
9874 
9873 
9871 
9870 
9868 
9867 
9865 
9864 
9862 
9861 
9859 
9858 
9856 
9855 
9853 
9852 
9850 
9849 
9847 
9846 
9844 
9843 
9841 
9840 
9838 
9837 
9835 
9834 
9832 
9831 
9829 
9828 
9826 
9825 
9823 
9822 
9820 
9819 
9817 
9816 
9814 
9813 
9811 
9810 
9808 
9807 
9805 
9804 
9802 
9801 
9799 
9798 
9796 
9795 
9793 
9792 
9790 
9789 
9787 
9786 
9784 
9783 
9781 
9780 
9778 
9777 
9775 
9774 
9772 
9771 
9769 
9768 
9766 
9765 
9763 
9762 
9760 
9759 
9757 
9756 
9754 
9753 
9751 
9750 
9748 
9747 
9745 
9744 
9742 
9741 
9739 
9738 
9736 
9735 
9733 
9732 
9730 
9729 
9727 
9726 
9724 
9723 
9721 
9720 
9718 
9717 
9715 
9714 
9712 
9711 
9709 
9708 
9706 
9705 
9703 
9702 
9700 
9699 
9697 
9696 
9694 
9693 
9691 
9690 
9688 
9687 
9685 
9684 
9682 
9681 
9679 
9678 
9676 
9675 
9673 
9672 
9670 
9669 
9667 
9666 
9664 
9663 
9661 
9660 
9658 
9657 
9655 
9654 
9652 
9651 
9649 
9648 
9646 
9645 
9643 
9642 
9640 
9639 
9637 
9636 
9634 
9633 
9631 
9630 
9628 
9627 
9625 
9624 
9622 
9621 
9619 
9618 
9616 
9615 
9613 
9612 
9610 
9609 
9607 
9606 
9604 
9603 
9601 
9600 
9598 
9597 
9595 
9594 
9592 
9591 
9589 
9588 
9586 
9585 
9583 
9582 
9580 
9579 
9577 
9576 
9574 
9573 
9571 
9570 
9568 
9567 
9565 
9564 
9562 
9561 
9559 
9558 
9556 
9555 
9553 
9552 
9550 
9549 
9547 
9546 
9544 
9543 
9541 
9540 
9538 
9537 
9535 
9534 
9532 
9531 
9529 
9528 
9526 
9525 
9523 
9522 
9520 
9519 
9517 
9516 
9514 
9513 
9511 
9510 
9508 
9507 
9505 
9504 
9502 
9501 
9499 
9498 
9496 
9495 
9493 
9492 
9490 
9489 
9487 
9486 
9484 
9483 
9481 
9480 
9478 
9477 
9475 
9474 
9472 
9471 
9469 
9468 
9466 
9465 
9463 
9462 
9460 
9459 
9457 
9456 
9454 
9453 
9451 
9450 
9448 
9447 
9445 
9444 
9442 
9441 
9439 
9438 
9436 
9435 
9433 
9432 
9430 
9429 
9427 
9426 
9424 
9423 
9421 
9420 
9418 
9417 
9415 
9414 
9412 
9411 
9409 
9408 
9406 
9405 
9403 
9402 
9400 
9399 
9397 
9396 
9394 
9393 
9391 
9390 
9388 
9387 
9385 
9384 
9382 
9381 
9379 
9378 
9376 
9375 
9373 
9372 
9370 
9369 
9367 
9366 
9364 
9363 
9361 
9360 
9358 
9357 
9355 
9354 
9352 
9351 
9349 
9348 
9346 
9345 
9343 
9342 
9340 
9339 
9337 
9336 
9334 
9333 
9331 
9330 
9328 
9327 
9325 
9324 
9322 
9321 
9319 
9318 
9316 
9315 
9313 
9312 
9310 
9309 
9307 
9306 
9304 
9303 
9301 
9300 
9298 
9297 
9295 
9294 
9292 
9291 
9289 
9288 
9286 
9285 
9283 
9282 
9280 
9279 
9277 
9276 
9274 
9273 
9271 
9270 
9268 
9267 
9265 
9264 
9262 
9261 
9259 
9258 
9256 
9255 
9253 
9252 
9250 
9249 
9247 
9246 
9244 
9243 
9241 
9240 
9238 
9237 
9235 
9234 
9232 
9231 
9229 
9228 
9226 
9225 
9223 
9222 
9220 
9219 
9217 
9216 
9214 
9213 
9211 
9210 
9208 
9207 
9205 
9204 
9202 
9201 
9199 
9198 
9196 
9195 
9193 
9192 
9190 
9189 
9187 
9186 
9184 
9183 
9181 
9180 
9178 
9177 
9175 
9174 
9172 
9171 
9169 
9168 
9166 
9165 
9163 
9162 
9160 
9159 
9157 
9156 
9154 
9153 
9151 
9150 
9148 
9147 
9145 
9144 
9142 
9141 
9139 
9138 
9136 
9135 
9133 
9132 
9130 
9129 
9127 
9126 
9124 
9123 
9121 
9120 
9118 
9117 
9115 
9114 
9112 
9111 
9109 
9108 
9106 
9105 
9103 
9102 
9100 
9099 
9097 
9096 
9094 
9093 
9091 
9090 
9088 
9087 
9085 
9084 
9082 
9081 
9079 
9078 
9076 
9075 
9073 
9072 
9070 
9069 
9067 
9066 
9064 
9063 
9061 
9060 
9058 
9057 
9055 
9054 
9052 
9051 
9049 
9048 
9046 
9045 
9043 
9042 
9040 
9039 
9037 
9036 
9034 
9033 
9031 
9030 
9028 
9027 
9025 
9024 
9022 
9021 
9019 
9018 
9016 
9015 
9013 
9012 
9010 
9009 
9007 
9006 
9004 
9003 
9001 
9000 
8998 
8997 
8995 
8994 
8992 
8991 
8989 
8988 
8986 
8985 
8983 
8982 
8980 
8979 
8977 
8976 
8974 
8973 
8971 
8970 
8968 
8967 
8965 
8964 
8962 
8961 
8959 
8958 
8956 
8955 
8953 
8952 
8950 
8949 
8947 
8946 
8944 
8943 
8941 
8940 
8938 
8937 
8935 
8934 
8932 
8931 
8929 
8928 
8926 
8925 
8923 
8922 
8920 
8919 
8917 
8916 
8914 
8913 
8911 
8910 
8908 
8907 
8905 
8904 
8902 
8901 
8899 
8898 
8896 
8895 
8893 
8892 
8890 
8889 
8887 
8886 
8884 
8883 
8881 
8880 
8878 
8877 
8875 
8874 
8872 
8871 
8869 
8868 
8866 
8865 
8863 
8862 
8860 
8859 
8857 
8856 
8854 
8853 
8851 
8850 
8848 
8847 
8845 
8844 
8842 
8841 
8839 
8838 
8836 
8835 
8833 
8832 
8830 
8829 
8827 
8826 
8824 
8823 
8821 
8820 
8818 
8817 
8815 
8814 
8812 
8811 
8809 
8808 
8806 
8805 
8803 
8802 
8800 
8799 
8797 
8796 
8794 
8793 
8791 
8790 
8788 
8787 
8785 
8784 
8782 
8781 
8779 
8778 
8776 
8775 
8773 
8772 
8770 
8769 
8767 
8766 
8764 
8763 
8761 
8760 
8758 
8757 
8755 
8754 
8752 
8751 
8749 
8748 
8746 
8745 
8743 
8742 
8740 
8739 
8737 
8736 
8734 
8733 
8731 
8730 
8728 
8727 
8725 
8724 
8722 
8721 
8719 
8718 
8716 
8715 
8713 
8712 
8710 
8709 
8707 
8706 
8704 
8703 
8701 
8700 
8698 
8697 
8695 
8694 
8692 
8691 
8689 
8688 
8686 
8685 
8683 
8682 
8680 
8679 
8677 
8676 
8674 
8673 
8671 
8670 
8668 
8667 
8665 
8664 
8662 
8661 
8659 
8658 
8656 
8655 
8653 
8652 
8650 
8649 
8647 
8646 
8644 
8643 
8641 
8640 
8638 
8637 
8635 
8634 
8632 
8632
