38595
28590 
28498 
28266 
25010 
23250 
21678 
21348 
21342 
21336 
19050 
17688 
17682 
17676 
17670 
17664 
17658 
16884 
16878 
16872 
16866 
16860 
16854 
16848 
16842 
16836 
16830 
16824 
16818 
16812 
16806 
16800 
16794 
16788 
16782 
16776 
16770 
16764 
16758 
16752 
16746 
16740 
16734 
16728 
16722 
16716 
16710 
16704 
16698 
16692 
16686 
16680 
16674 
16668 
16662 
16656 
16650 
16644 
16638 
16632 
16626 
16620 
16614 
16608 
16602 
16596 
16590 
16584 
16578 
16572 
16566 
16560 
16554 
16548 
16542 
16536 
16530 
16524 
16518 
16512 
16506 
16500 
16494 
16488 
16482 
16476 
16470 
16464 
16458 
16452 
16446 
16440 
16434 
16428 
16422 
16416 
16410 
16404 
16398 
16392 
16386 
16380 
16374 
16368 
16362 
16356 
16350 
16344 
16338 
16332 
16326 
16320 
16314 
16308 
16302 
16296 
16290 
16284 
16278 
16272 
16266 
16260 
16254 
16248 
16242 
16236 
16230 
16224 
16218 
16212 
16206 
16200 
16194 
16188 
16182 
16176 
16170 
16164 
16158 
16152 
16146 
16140 
16134 
16128 
16122 
16116 
16110 
16104 
16098 
16092 
16086 
16080 
16074 
16068 
16062 
16056 
16050 
16044 
16038 
16032 
16026 
16020 
16014 
16008 
16002 
15996 
15990 
15984 
15978 
15972 
15966 
15960 
15954 
15948 
15942 
15936 
15930 
15924 
15918 
15912 
15906 
15900 
15894 
15888 
15882 
15876 
15870 
15864 
15858 
15852 
15846 
15840 
15834 
15828 
15822 
15816 
15810 
15804 
15798 
15792 
15786 
15780 
15774 
15768 
15762 
15756 
15750 
15744 
15738 
15732 
15726 
15720 
15714 
15708 
15702 
15696 
15690 
15684 
15678 
15672 
15666 
15660 
15654 
15648 
15642 
15636 
15630 
15624 
15618 
15612 
15606 
15600 
15594 
15588 
15582 
15576 
15570 
15564 
15558 
15552 
15546 
15540 
15534 
15528 
15522 
15516 
15510 
15504 
15498 
15492 
15486 
15480 
15474 
15468 
15462 
15456 
15450 
15444 
15438 
15432 
15426 
15420 
15414 
15408 
15402 
15396 
15390 
15384 
15378 
15372 
15366 
15360 
15354 
15348 
15342 
15336 
15330 
15324 
15318 
15312 
15306 
15300 
15294 
15288 
15282 
15276 
15270 
15264 
15258 
15252 
15246 
15240 
15234 
15228 
15222 
15216 
15210 
15204 
15198 
15192 
15186 
15180 
15174 
15168 
15162 
15156 
15150 
15144 
15138 
15132 
15126 
15120 
15114 
15108 
15102 
15096 
15090 
15084 
15078 
15072 
15066 
15060 
15054 
15048 
15042 
15036 
15030 
15024 
15018 
15012 
15006 
15000 
14994 
14988 
14982 
14976 
14970 
14964 
14958 
14952 
14946 
14940 
14934 
14928 
14922 
14916 
14910 
14904 
14898 
14892 
14886 
14880 
14874 
14868 
14862 
14856 
14850 
14844 
14838 
14832 
14826 
14820 
14814 
14808 
14802 
14796 
14790 
14784 
14778 
14772 
14766 
14760 
14754 
14748 
14742 
14736 
14730 
14724 
14718 
14712 
14706 
14700 
14694 
14688 
14682 
14676 
14670 
14664 
14658 
14652 
14646 
14640 
14634 
14628 
14622 
14616 
14610 
14604 
14598 
14592 
14586 
14580 
14574 
14568 
14562 
14556 
14550 
14544 
14538 
14532 
14526 
14520 
14514 
14508 
14502 
14496 
14490 
14484 
14478 
14472 
14466 
14460 
14454 
14448 
14442 
14436 
14430 
14424 
14418 
14412 
14406 
14400 
14394 
14388 
14382 
14376 
14370 
14364 
14358 
14352 
14346 
14340 
14334 
14328 
14322 
14316 
14310 
14304 
14298 
14292 
14286 
14280 
14274 
14268 
14262 
14256 
14250 
14244 
14238 
14232 
14226 
14220 
14214 
14208 
14202 
14196 
14190 
14184 
14178 
14172 
14166 
14160 
14154 
14148 
14142 
14136 
14130 
14124 
14118 
14112 
14106 
14100 
14094 
14088 
14082 
14076 
14070 
14064 
14058 
14052 
14046 
14040 
14034 
14028 
14022 
14016 
14010 
14004 
13998 
13992 
13986 
13980 
13974 
13968 
13962 
13956 
13950 
13944 
13938 
13932 
13926 
13920 
13914 
13908 
13902 
13896 
13890 
13884 
13878 
13872 
13866 
13860 
13854 
13848 
13842 
13836 
13830 
13824 
13818 
13812 
13806 
13800 
13794 
13788 
13782 
13776 
13770 
13764 
13758 
13752 
13746 
13740 
13734 
13728 
13722 
13716 
13710 
13704 
13698 
13692 
13686 
13680 
13674 
13668 
13662 
13656 
13650 
13644 
13638 
13632 
13626 
13620 
13614 
13608 
13602 
13596 
13590 
13584 
13578 
13572 
13566 
13560 
13554 
13548 
13542 
13536 
13530 
13524 
13518 
13512 
13506 
13500 
13494 
13488 
13482 
13476 
13470 
13464 
13458 
13452 
13446 
13440 
13434 
13428 
13422 
13416 
13410 
13404 
13398 
13392 
13386 
13380 
13374 
13368 
13362 
13356 
13350 
13344 
13338 
13332 
13326 
13320 
13314 
13308 
13302 
13296 
13290 
13284 
13278 
13272 
13266 
13260 
13254 
13248 
13242 
13236 
13230 
13224 
13218 
13212 
13206 
13200 
13194 
13188 
13182 
13176 
13170 
13164 
13158 
13152 
13146 
13140 
13134 
13128 
13122 
13116 
13110 
13104 
13098 
13092 
13086 
13080 
13074 
13068 
13062 
13056 
13050 
13044 
13038 
13032 
13026 
13020 
13014 
13008 
13002 
12996 
12990 
12984 
12978 
12972 
12966 
12960 
12954 
12948 
12942 
12936 
12930 
12924 
12918 
12912 
12906 
12900 
12894 
12888 
12882 
12876 
12870 
12864 
12858 
12852 
12846 
12840 
12834 
12828 
12822 
12816 
12810 
12804 
12798 
12792 
12786 
12780 
12774 
12768 
12762 
12756 
12750 
12744 
12738 
12732 
12726 
12720 
12714 
12708 
12702 
12696 
12690 
12684 
12678 
12672 
12666 
12660 
12654 
12648 
11802 
11796 
11790 
11784 
11778 
11772 
11022 
11016 
11010 
11004 
10998 
10992 
10986 
10980 
10974 
10968 
10962 
10956 
10950 
10944 
10938 
10932 
10926 
10920 
10914 
10908 
10902 
10896 
10890 
10884 
10878 
10872 
10866 
10860 
10854 
10848 
10842 
10836 
10830 
10824 
10818 
10812 
10806 
10800 
10794 
10788 
10782 
10776 
10770 
10764 
10758 
10752 
10746 
10740 
10734 
10728 
10722 
10716 
10710 
10704 
10698 
10692 
10686 
10680 
10674 
10668 
10662 
10656 
10650 
10644 
10638 
10632 
10626 
10620 
10614 
10608 
10602 
10596 
10590 
10584 
10578 
10572 
10566 
10560 
10554 
10548 
10542 
10536 
10530 
10524 
10518 
10512 
10506 
10500 
10494 
10488 
10482 
10476 
10470 
10464 
10458 
10452 
10446 
10440 
10434 
10428 
10422 
10416 
10410 
10404 
10398 
10392 
10386 
10380 
10374 
10368 
10362 
10356 
10350 
10344 
10338 
10332 
10326 
10320 
10314 
10308 
10302 
10296 
10290 
10284 
10278 
10272 
10266 
10260 
10254 
10248 
10242 
10236 
10230 
10224 
10218 
10212 
10206 
10200 
10194 
10188 
10182 
10176 
10170 
10164 
10158 
10152 
10146 
10140 
10134 
10128 
10122 
10116 
10110 
10104 
10098 
10092 
10086 
10080 
10074 
10068 
10062 
10056 
10050 
10044 
10038 
10032 
10026 
10020 
10014 
10008 
10002 
9996 
9990 
9984 
9978 
9972 
9966 
9960 
9954 
9948 
9942 
9936 
9930 
9924 
9918 
9912 
9906 
9900 
9894 
9888 
9882 
9876 
9870 
9864 
9858 
9852 
9846 
9840 
9834 
9828 
9822 
9816 
9810 
9804 
9798 
9792 
9786 
9780 
9774 
9768 
9762 
9756 
9750 
9744 
8832 
8826 
8820 
8814 
8808 
8802 
8796 
8790 
8784 
8778 
8772 
8766 
8760 
8754 
8748 
8742 
8736 
8730 
8724 
8718 
8712 
8706 
8700 
8694 
8688 
8682 
8676 
8670 
8664 
8658 
8652 
8646 
8640 
8635 
8632 
8629 
8626 
8623 
8622 
8622
