38595
28613 
28495 
26504 
24513 
24183 
23072 
21928 
21279 
21270 
21261 
20433 
20424 
20415 
20406 
20397 
20388 
20379 
20370 
20361 
20352 
20343 
20334 
20325 
20316 
20307 
20298 
20289 
20280 
20271 
20262 
20253 
20244 
20235 
20226 
20217 
20208 
20199 
20190 
20181 
20172 
20163 
20154 
20145 
20136 
20127 
20118 
20109 
20100 
20091 
20082 
20073 
20064 
20055 
20046 
20037 
20028 
20019 
20010 
20001 
19992 
19983 
19974 
19965 
19956 
19947 
19938 
19929 
19920 
19911 
19902 
19893 
19884 
19875 
19866 
19857 
19848 
19839 
19830 
19821 
19812 
19803 
19794 
19785 
19776 
19767 
19758 
19749 
19740 
19731 
19722 
19713 
19704 
19695 
19686 
19677 
19668 
19659 
19650 
19641 
19578 
19569 
18885 
18876 
18867 
18858 
18849 
18840 
18831 
18822 
18813 
18804 
18795 
18786 
18777 
18768 
18759 
18750 
18741 
18732 
18723 
18714 
18705 
18696 
18687 
18678 
18669 
18660 
18651 
18642 
18633 
18624 
18615 
18606 
18597 
18588 
18579 
18570 
18561 
18552 
18543 
18534 
18525 
18516 
18507 
18498 
18489 
18480 
18471 
18462 
18453 
18444 
18435 
18426 
18417 
18408 
18399 
18390 
18381 
18372 
18363 
18354 
18345 
18336 
18327 
18318 
18309 
18300 
18291 
18282 
18273 
18264 
18255 
18246 
18237 
18228 
18219 
18210 
18201 
18192 
18183 
18174 
18165 
18156 
18147 
18138 
18129 
18120 
18111 
18102 
18093 
18084 
18075 
18066 
18057 
18048 
18039 
18030 
18021 
18012 
18003 
17994 
17985 
17976 
17967 
17958 
17949 
17940 
17931 
17922 
17913 
17904 
17895 
17886 
17877 
17868 
17859 
17850 
17841 
17832 
17823 
17814 
17805 
17796 
17787 
17778 
17769 
17760 
17751 
17742 
17733 
17724 
17715 
17706 
17697 
17688 
17679 
17670 
17661 
17652 
17643 
17634 
17625 
17616 
17607 
17598 
17589 
17580 
17571 
17562 
17553 
17544 
17535 
17526 
17517 
17508 
17499 
17490 
17481 
17472 
17463 
17454 
17445 
17436 
17427 
17418 
17409 
17400 
17391 
17382 
17373 
17364 
17355 
17346 
17337 
17328 
17319 
17310 
17301 
17292 
17283 
17274 
17265 
17256 
17247 
17238 
17229 
17220 
17211 
17202 
17193 
17184 
17175 
17166 
17157 
17148 
17139 
17130 
17121 
17112 
17103 
17094 
17085 
17076 
17067 
17058 
17049 
17040 
17031 
17022 
17013 
17004 
16995 
16986 
16977 
16968 
16959 
16950 
16941 
16932 
16923 
16914 
16905 
16896 
16887 
16878 
16869 
16860 
16851 
16842 
16833 
16824 
16815 
16806 
16797 
16788 
16779 
16770 
16761 
16752 
16743 
16734 
16725 
16716 
16707 
16698 
16689 
16680 
16671 
16662 
16653 
16644 
16635 
16626 
16617 
16608 
16599 
16590 
16581 
16572 
16563 
16554 
16545 
16536 
16527 
16518 
16509 
16500 
16491 
16482 
16473 
16464 
16455 
16446 
16437 
16428 
16419 
16410 
16401 
16392 
16383 
16374 
16365 
16356 
16347 
16338 
16329 
16320 
16311 
16302 
16293 
16284 
16275 
16266 
16257 
16248 
16239 
16230 
16221 
16212 
16203 
16194 
16185 
16176 
16167 
16158 
16149 
16140 
16131 
16122 
16113 
16104 
16095 
16086 
16077 
16068 
16059 
16050 
16041 
16032 
16023 
16014 
16005 
15996 
15987 
15978 
15969 
15960 
15951 
15942 
15933 
15924 
15915 
15906 
15897 
15888 
15879 
15870 
15861 
15852 
15843 
15834 
15825 
15816 
15807 
15798 
15789 
15780 
15771 
15762 
15753 
15744 
15735 
15726 
15717 
15708 
15699 
15690 
15681 
15672 
15663 
15654 
15645 
15636 
15627 
15618 
15609 
15600 
15591 
15582 
15573 
15564 
15555 
15546 
15537 
15528 
15519 
15510 
15501 
15492 
15483 
15474 
15465 
15456 
15447 
15438 
15429 
15420 
15411 
15402 
15393 
15384 
15375 
15366 
15357 
15348 
15339 
15330 
15321 
15312 
15303 
15294 
15285 
15276 
15267 
15258 
15249 
15240 
15231 
15222 
15213 
15204 
15195 
15186 
15177 
15168 
15159 
15150 
15141 
15132 
15123 
15114 
15105 
15096 
15087 
15078 
15069 
15060 
15051 
15042 
15033 
15024 
15015 
15006 
14997 
14988 
14979 
14970 
14961 
14952 
14943 
14934 
14925 
14916 
14907 
14898 
14889 
14880 
14871 
14862 
14853 
14844 
14835 
14826 
14817 
14808 
14799 
14790 
14781 
14772 
14763 
14754 
14745 
14736 
14727 
14718 
14709 
14700 
14691 
14682 
14673 
14664 
14655 
14646 
14637 
14628 
14619 
14610 
14601 
14592 
14583 
14574 
14565 
14556 
14547 
14538 
14529 
14520 
14511 
14502 
14493 
14484 
14475 
14466 
14457 
14448 
14439 
14430 
14421 
14412 
14403 
14394 
14385 
14376 
14367 
14358 
14349 
14340 
14331 
14322 
14313 
14304 
14295 
14286 
14277 
14268 
14259 
14250 
14241 
14232 
14223 
14214 
14205 
14196 
14187 
14178 
14169 
14160 
14151 
14142 
14133 
14124 
14115 
14106 
14097 
14088 
14079 
14070 
14061 
14052 
14043 
14034 
14025 
14016 
14007 
13998 
13989 
13980 
13971 
13962 
13953 
13944 
13935 
13926 
13917 
13908 
13899 
13890 
13881 
13872 
13863 
13854 
13845 
13836 
13827 
13818 
13809 
13800 
13791 
13782 
13773 
13764 
13755 
13746 
13737 
13728 
13719 
13710 
13701 
13692 
13683 
13674 
13665 
13656 
13647 
13638 
13629 
13620 
13611 
13602 
13593 
13584 
13575 
13566 
13557 
13548 
13539 
13530 
13521 
13512 
13503 
13494 
13485 
13476 
13467 
13458 
13449 
13440 
13431 
13422 
13413 
13404 
13395 
13386 
13377 
13368 
13359 
13350 
13341 
13332 
13323 
13314 
13305 
13296 
13287 
13278 
13269 
13260 
13251 
13242 
13233 
13224 
13215 
13206 
13197 
13188 
13179 
13170 
13161 
13152 
13143 
13134 
13125 
13116 
13107 
13098 
13089 
13080 
13071 
13062 
13053 
13044 
13035 
13026 
13017 
13008 
12999 
12990 
12981 
12972 
12963 
12954 
12945 
12936 
12927 
12918 
12909 
12900 
12891 
12882 
12873 
12864 
12855 
12846 
12837 
12828 
12819 
12810 
12801 
12792 
12783 
12774 
12765 
12756 
12747 
12738 
12729 
12720 
12711 
12702 
12693 
12684 
12675 
12666 
12657 
12648 
12639 
12630 
12621 
12612 
12603 
12594 
12585 
12576 
12567 
12558 
12549 
12540 
12531 
12522 
12513 
12504 
12495 
12486 
12477 
12468 
12459 
12450 
12441 
12432 
12423 
12414 
12405 
12396 
12387 
12378 
12369 
12360 
12351 
12342 
12333 
10956 
10947 
10938 
10929 
10920 
10911 
10902 
10893 
10884 
10875 
9138 
9129 
9120 
9111 
9102 
9093 
9084 
9075 
9066 
9057 
9048 
9039 
9030 
9021 
9012 
9003 
8994 
8985 
8976 
8967 
8958 
8949 
8940 
8931 
8922 
8913 
8904 
8895 
8886 
8877 
8868 
8859 
8850 
8841 
8832 
8823 
8814 
8805 
8796 
8787 
8778 
8769 
8760 
8751 
8742 
8733 
8724 
8715 
8706 
8697 
8688 
8679 
8670 
8661 
8652 
8643 
8635 
8629 
8623 
8620 
8620
