62901
50982 50982 50982 50982 50982 50982 42804 50199 40757 37399 45442 30117 
13682 13682 13682 13682 13682 13682 13682 13682 10049 15066 
10008 9794 9899 9794 9749 9743 9740 
9709 9689 9689 9673 9691 9667 9673 
9618 9459 9459 9459 9347 9235 9229 9229 
9198 9162 9162 9156 9178 9180 9156 
9107 8818 8818 8818 8836 8724 8718 8718 
8687 8682 8712 8678 8682 8682 8651 
8602 8339 8339 8339 8379 8255 8249 8249 
8218 8243 8243 8201 8201 8201 8169 
8120 8117 7961 7805 7801 7689 7689 7773 
7658 7683 7683 7641 7609 7638 7609 
7560 7401 7245 7245 7241 7129 7129 7171 
7098 7049 7081 7078 7081 7081 7049 
7000 6997 6685 6685 6681 6569 6569 6569 
6538 6521 6489 6521 6521 6489 6489 
6440 6437 6385 6125 6121 6009 6009 6009 
5978 5929 6003 5961 5961 5961 5929 
5880 5565 5721 5565 5561 5449 5449 5449 
5418 5398 5369 5369 5401 5401 5369 
5320 5005 5161 5005 5001 4889 4889 4889 
4858 4838 4870 4870 4841 4841 
4789 4604 4604 4604 4538 4532 4532 
4501 4481 4481 4481 4484 4484 
4432 4429 4247 4247 4226 4175 4289 
4144 4156 4127 4156 4127 4127 
4078 3919 3919 3919 3887 3839 3839 
3808 3791 3820 3820 3791 3791 
3742 3583 3583 3583 3506 3503 3503 
3472 3497 3476 3476 3476 
3465 3466 3445 3445 3445 
3393 3341 3341 3295 3283 3283 
3256 3256 3256 3256 3256 
3204 3152 3152 3106 3094 3094 
3087 3067 3087 3067 3067 
3015 2963 2963 2917 2905 2905 
2899 2878 2878 2878 2878 
2774 2800 2774 2728 2716 2716 
2710 2689 2689 2689 2689 
2585 2611 2585 2539 2527 2527 
2521 2513 2513 2513 
2487 2461 2453 2432 2429 
2423 2415 2422 2415 
2363 2363 2355 2334 2331 
2325 2325 2325 2317 
2265 2265 2257 2236 2233 
2227 2227 2219 2219 
2167 2167 2159 2138 2135 
2129 2129 2129 2121 
2069 2069 2046 2040 2037 
2031 2031 2023 2023 
1971 1971 1963 1942 1939 
1933 1933 1933 1925 
1873 1873 1850 1844 1841 
1835 1834 1834 1827 
1775 1775 1767 1746 1743 
1737 1737 1736 1729 
1677 1677 1669 1648 1645 
1638 1638 1638 
1612 1608 1602 1596 
1589 1589 1589 
1563 1559 1553 1547 
1540 1540 1540 
1514 1510 1504 1498 
1491 1491 1491 
1465 1461 1455 1449 
1442 1442 1442 
1416 1412 1406 1400 
1393 1393 1393 
1367 1363 1357 1351 
1344 1344 1344 
1318 1314 1308 1302 
1301 1295 1295 
1269 1265 1259 1253 
1250 1246 1246 
1220 1216 1210 1204 
1201 1201 
1186 1183 1189 
1182 1180 
1165 1162 1162 
1161 1159 
1144 1141 1141 
1140 1138 
1123 1120 1120 
1119 1117 
1102 1099 1099 
1098 1096 
1081 1078 1078 
1077 1075 
1060 1057 1057 
1056 1054 
1039 1036 1036 
1035 1033 
1018 1015 1015 
1014 1012 
997 994 994 
993 991 
976 973 973 
972 970 
955 952 952 
951 949 
934 931 931 
930 928 
913 910 910 
909 907 
892 889 889 
888 886 
871 868 868 
867 865 
850 847 847 
846 844 
829 826 826 
825 823 
808 805 805 
804 802 
787 784 784 
783 781 
766 763 763 
762 760 
745 742 742 
741 739 
724 721 721 
720 718 
703 700 700 
699 697 
682 679 679 
678 676 
661 658 658 
657 656 
644 644 644 
643 
637 637 
636 
630 630 
629 
623 623 
622 
616 616 
615 
609 609 
608 
602 602 
601 
595 595 
594 
588 588 
587 
581 581 
580 
574 574 
573 
567 567 
566 
560 560 
559 
553 553 
552 
546 546 
545 
539 539 
538 
532 532 
531 
525 525 
524 
518 518 
517 
511 511 
510 
504 504 
503 
497 497 
496 
490 490 
489 
483 483 
482 
476 476 
475 
469 469 
468 
462 462 
461 
455 455 
454 
448 448 
447 
441 441 
440 
434 434 
433 
427 427 
426 
420 420 
419 
413 413 
412 
406 406 
405 
399 399 
398 
392 392 
391 
385 385 
384 
378 378 
377 
371 371 
370 
364 364 
363 
357 357 
356 
350 350 
349 
343 343 
342 
336 336 
335 
329 329 
328 
322 322 
321 
315 315 
314 
308 308 
307 
301 301 
300 
294 294 
293 
287 287 
286 
280 280 
279 
273 273 
272 
266 266 
265 
259 259 
258 
252 252 
251 
245 245 
244 
238 238 
237 
231 231 
230 
224 224 
223 
217 217 
216 
210 210 
209 
203 203 
202 
196 196 
195 
189 189 
188 
182 182 
181 
175 175 
174 
168 168 
167 
161 161 
160 
154 154 
153 
147 147 
146 
140 140 
139 
133 133 
132 
126 126 
125 
119 119 
118 
112 112 
111 
105 105 
104 
98 98 
97 
91 91 
90 
84 84 
83 
77 77 
76 
70 70 
69 
63 63 
62 
56 56 
55 
49 49 
48 
42 42 
41 
35 35 
34 
28 28 
27 
21 21 
21
