24745
18307 18307 18307 18307 18307 16654 16654 15849 13306 14171 13162 
6607 6607 6607 6607 6607 6607 6607 4544 3955 11930 
3940 3843 3843 3843 3841 3839 3880 
3836 3799 3778 3799 3778 3799 3764 
3686 3686 3419 3465 3444 3320 3362 3338 
3311 3311 3280 3259 3259 3259 
3233 3181 2973 2973 3004 2899 2893 
2884 2884 2833 2833 2833 2832 
2806 2754 2546 2546 2592 2472 2622 
2457 2460 2428 2428 2428 2428 
2350 2350 2220 2220 2173 2164 2164 
2149 2152 2135 2135 2135 
2109 2057 2005 2015 1964 1961 
1946 1949 1932 1932 1932 
1906 1880 1802 1812 1761 1758 
1743 1746 1729 1729 1729 
1703 1677 1599 1609 1558 1555 
1540 1543 1526 1526 1526 
1500 1474 1396 1406 1355 1352 
1337 1340 1323 1323 1323 
1297 1245 1193 1203 1143 1143 
1134 1134 1113 1113 1113 
1035 1035 983 993 933 933 
924 924 903 903 903 
877 825 773 723 723 723 
714 714 693 693 693 
563 615 563 573 513 513 
504 504 483 483 483 
457 405 353 363 303 303 
294 294 273 273 273 
247 195 143 123 93 171 
84 84 85 85 
83 76 76 76 
50 42 28 28 28 
24 24 24 
7 0 0 0 
0
