64602
60708 60708 60708 60708 60708 60708 60708 62067 62580 62067 61014 
60677 60588 60588 60588 60465 60465 60465 59408 59408 59408 
59377 59165 59165 59165 59165 59165 59165 
57925 57925 57925 57925 57925 57925 
57894 57685 57685 57685 57685 57685 57685 
57654 56445 56445 56445 56445 56445 
56414 56205 56205 56325 56205 56205 56205 
56174 54965 54965 54965 54965 54965 
54934 54725 54725 54725 54725 54725 54725 
53485 53485 53485 53485 53485 53485 
53454 53245 53245 53245 53245 53245 53245 
52005 52005 52005 52005 52005 52005 
51974 51885 51885 51765 51765 51765 51765 
51734 50525 50525 50525 50525 50525 
50494 50285 50285 50285 50285 50285 50285 
50254 49045 49045 49045 49045 49045 
49014 48952 48952 48805 48805 48805 48805 
48774 47844 47844 47844 47844 
47658 47658 47751 47658 47658 47658 
47658
