64602
53132 53132 53132 53132 53132 53132 53132 53132 52464 59402 61014 
51650 51650 51650 51650 51540 50664 50664 50664 50016 49194 49194 
48380 48380 48380 48380 48292 48474 48562 48474 48616 
47660 47660 47788 47660 47788 47660 47660 47660 47742 
47408 47408 47408 47408 47408 47408 47512 
47340 47340 47284 47060 46788 47260 
46777 46716 46752 46698 46692 46540 
46030 46030 46030 46030 46100 45920 46258 
45500 45500 45500 45500 45500 44866 45638 
44855 44776 44794 44794 44770 44618 
44108 44108 44108 44108 44178 43998 44336 
43578 43578 43578 43578 43578 42944 43716 
42933 42854 42854 42854 42848 42696 
42186 42186 42186 42186 42256 42076 42414 
41656 41656 41656 41656 41656 41022 41794 
41011 40932 40986 40932 40926 40774 
40264 40264 40264 40264 40334 40154 40492 
39734 39734 39734 39734 39734 39100 39872 
39089 39010 39028 39010 39004 38852 
38342 38342 38342 38342 38500 38232 
38211 37812 37812 37812 37812 37688 
37541 37541 37541 37433 37508 37560 
37422 37370 37343 37298 37337 37305 
37290 37222 37222 37118 37118 37170 
37106 37094 37034 36986 36668 36668 
36657 36650 36533 36569 36536 36540 
36525 36493 36493 36405 36405 36405 
36393 36309 36309 36309 36085 36085 
36074 36067 35995 35995 35989 35989 
35981 35949 35861 35929 35861 35861 
35765 35765 35777 35765 35541 35541 
35530 35469 35451 35451 35445 35445 
35437 35405 35317 35393 35317 35317 
35221 35293 35221 35221 34997 34997 
34986 34907 34907 34907 34901 34901 
34893 34861 34773 34841 34773 34773 
34761 34749 34677 34653 34453 34453 
34442 34363 34381 34363 34357 34357 
34349 34317 34305 34229 34229 34229 
34109 34109 34109 34133 33909 33909 
33898 33891 33837 33819 33813 33813 
33805 33773 33773 33685 33685 33685 
33589 33565 33589 33589 33365 33365 
33354 33275 33275 33293 33269 33269 
33261 33229 33141 33229 33141 33141 
33129 33045 33045 33045 32821 32821 
32810 32731 32731 32749 32725 32725 
32717 32665 32685 32685 32597 32597 
32585 32573 32501 32501 32277 32277 
32266 32187 32187 32205 32181 32181 
32173 32129 32121 32141 32053 32053 
31957 31957 31957 31957 31733 31733 
31722 31643 31643 31643 31637 31637 
31629 31509 31509 31509 31517 31509 
31413 31413 31425 31413 31189 31189 
31178 31090 31090 31090 31087 31087 
31079 31047 30959 30967 30891 30891 
30747 30747 30747 30747 30699 30401 
30390 30257 30293 30257 30257 30254 
30246 30214 30134 30058 30058 30058 
29974 29914 29914 29914 29866 29568 
29557 29424 29424 29460 29424 29421 
29413 29381 29381 29381 29225 29225 
29141 29081 29141 29081 29033 28905 
28857 28857 28857 28809 28735 28758 
28724 28591 28591 28591 28591 28588 
28580 28536 28408 28400 28400 28392 
28308 28248 28248 28248 28200 27902 
27891 27758 27758 27758 27758 27755 
27747 27703 27715 27715 27559 27567 
27415 27415 27415 27415 27367 27069 
27058 26925 26925 26925 26925 26922 
26914 26726 26882 26882 26734 26742 
26642 26582 26582 26582 26534 26236 
26225 26092 26092 26101 26092 26089 
26081 25961 25909 25901 25893 25901 
25701 25749 25749 25749 25701 25403 
25392 25259 25268 25295 25259 25256 
25248 25204 25076 25076 25068 25068 
24936 24936 24984 24936 24628 24628 
24616 24595 24493 24493 24490 24487 
24479 24447 24447 24447 24299 24299 
24167 24119 24215 24167 23829 23829 
23817 23796 23694 23694 23691 23688 
23680 23648 23648 23636 23508 23500 
23488 23320 23416 23368 23030 23030 
23018 22997 22895 22931 22892 22889 
22881 22849 22849 22709 22709 22701 
22689 22521 22569 22569 22291 22291 
22279 22255 22225 22156 22153 22150 
22142 22098 22110 22110 21962 21962 
21950 21878 21782 21830 21492 21492 
21468 21456 21426 21357 21354 21351 
21343 21311 21171 21171 21163 21163 
21151 21127 20983 21031 20693 20693 
20681 20657 20627 20558 20555 20552 
20544 20512 20512 20372 20488 20364 
20352 20280 20184 20232 19894 19894 
19882 19858 19828 19759 19756 19753 
19743 19713 19713 19713 
19701 19689 19668 19669 
19660 19648 19648 19628 
19616 19604 19583 19598 
19575 19563 19563 
19551 19539 19513 
19501 19495 19493 
19469 19469 19443 19463 
19431 19407 19413 19413 
19399 19395 19383 
19371 19359 19323 
19311 19305 19305 
19297 19293 19289 
19277 19249 19249 
19237 19237 19237 
19228 19229 
19224 19220 
19209 19200 
19192 19194 
19188 19184 
19164 19164 
19158 19158 
19150 19150 
19130 19130 
19124 19124 
19116 19116 
19096 19096 
19090 19090 
19082 19082 
19062 19062 
19056 19056 
19048 19048 
19028 19028 
19022 19022 
19014 19014 
18994 18994 
18988 18988 
18980 18980 
18960 18960 
18954 18954 
18946 18946 
18926 18926 
18920 18920 
18912 18912 
18892 18892 
18886 18886 
18878 18878 
18858 18858 
18852 18852 
18844 18844 
18824 18824 
18818 18818 
18810 18810 
18790 18790 
18784 18784 
18776 18776 
18756 18756 
18750 18750 
18742 18742 
18722 18722 
18716 18716 
18708 18708 
18688 18688 
18682 18682 
18674 18674 
18654 18654 
18648 18648 
18640 18640 
18620 18620 
18614 18614 
18606 18606 
18586 18586 
18580 18580 
18572 18572 
18552 18552 
18546 18546 
18538 18538 
18518 18518 
18512 18512 
18504 18504 
18484 18484 
18478 18478 
18470 18470 
18450 18450 
18444 18444 
18436 18436 
18416 18416 
18410 18410 
18402 18402 
18382 18382 
18376 18376 
18368 18368 
18348 18348 
18342 18342 
18334 18334 
18314 18314 
18308 18308 
18300 18300 
18280 18280 
18274 18274 
18266 18266 
18246 18246 
18240 18240 
18232 18232 
18212 18212 
18206 18206 
18198 18198 
18178 18178 
18172 18172 
18164 18164 
18144 18144 
18138 18138 
18130 18130 
18110 18110 
18104 18104 
18096 18096 
18076 18076 
18070 18070 
18062 18062 
18042 18042 
18036 18036 
18028 18028 
18008 18008 
18002 18002 
17994 17994 
17974 17974 
17968 17968 
17960 17960 
17940 17940 
17934 17934 
17926 17926 
17906 17906 
17900 17900 
17892 17892 
17872 17872 
17866 17866 
17858 17858 
17838 17838 
17832 17832 
17824 17824 
17804 17804 
17798 17798 
17790 17790 
17770 17770 
17764 17764 
17763 
17757 17757 
17749 17749 
17729 17729 
17723 17723 
17722 
17716 17716 
17712 17708 
17688 17688 
17682 17682 
17678 17674 
17654 17654 
17648 17648 
17644 17640 
17620 17620 
17614 17614 
17614
