64602
53132 53132 53132 53132 53132 53946 53946 53132 51229 59402 61014 
50185 50185 50185 50185 50185 48961 48961 49129 47979 48119 
47907 47907 47667 47667 47691 47664 46229 47041 
44121 44121 44121 44121 44121 44121 44089 44249 
43783 43783 43783 43783 43783 43729 42591 42591 
41979 42285 42285 40789 40789 40789 40772 40451 
40145 40145 40145 40145 38755 38755 37483 37483 
37381 37381 37343 37123 37123 37123 35985 35985 
35883 35883 35845 33865 35625 35625 33845 33865 
33743 33743 33705 33485 33485 33485 32347 32347 
32245 32245 32207 30227 31987 31987 30207 30207 
30105 30105 30067 29847 29847 29847 28709 28709 
28607 28607 28569 26589 28349 28349 26569 26569 
26501 26467 26429 26209 26209 26209 25071 25071 
24969 24969 24931 23011 24711 24711 23011 23011 
22973 22935 22871 22651 22651 22651 22073 21569 
21493 21493 21429 19859 21209 21209 19859 19859 
19783 19783 19719 19499 19499 19499 18816 18662 
18586 18586 18522 18252 16952 18302 16952 16952 
16876 16876 16812 16592 16592 16592 15909 15755 
15717 15679 15615 15395 14415 15395 14415 14415 
14339 14339 14275 14055 14055 14055 13477 13477 
13439 13401 13337 12297 12297 13117 12297 
12221 12221 12157 11937 11937 11937 11471 
11433 11395 11331 11101 11111 11101 
11063 11025 10961 10741 10741 10741 
10665 10665 10661 10482 10482 10482 
10444 10406 10342 10112 10112 10112 
10036 10036 9972 9860 9853 9853 
9777 9777 9713 9493 9493 9493 
9417 9417 9353 9241 9241 9241 
9203 9165 9101 8881 8881 8881 
8843 8805 8741 8629 8629 8629 
8591 8553 8489 8479 8377 8377 
8339 8301 8277 8227 8017 8017 
7979 7941 7877 7867 7765 7765 
7727 7689 7665 7405 7405 7405 
7367 7329 7265 7255 7153 7153 
7077 7077 7013 6893 6893 7009 
6817 6817 6753 6743 6711 6733 
6635 6635 6571 6511 6511 6567 
6435 6435 6371 6411 6371 6391 
6291 6291 6291 6291 6231 6251 
6151 6131 6151 6131 6031 6111 
5951 5981 5951 5951 5891 5911 
5811 5791 5811 5791 5691 5771 
5611 5611 5611 5611 5530 5355 
5305 5255 5305 5105 5105 5075 
4979 5039 5027 4967 4905 4900 
4850 4850 4820 4820 4739 4795 
4689 4659 4659 4659 4637 4634 
4554 4554 4584 4554 4586 
4504 4504 4504 4491 4506 
4441 4441 4441 4437 4443 
4425 4377 4389 4357 4357 
4347 4341 4315 4313 
4299 4285 4265 4265 
4251 4243 4241 4241 
4227 4219 4221 
4209 4203 4203 
4190 4187 4187 
4177 4167 
4157 4153 
4141 4141 
4131 4133 
4121 4123 
4109 4109 
4105 4105 
4096 4099 
4092 
4088 
4082 
4078 
4072 
4072
