64602
53169 53169 53169 53169 53169 53946 53169 52202 49363 59402 61014 
48904 48904 48904 48904 48904 48835 47743 47673 48119 48119 
47658 47647 47623 45923 46952 45923 45923 46714 
45870 43832 43832 43832 43832 43832 43682 41531 
41478 41431 41296 41135 41035 40970 40861 40250 
40197 38720 38720 38720 38720 39029 38546 36818 
36797 36723 36723 36571 36562 36389 36148 35817 
35796 35722 35722 35437 35437 35257 34387 34387 
34366 34292 34292 34140 34131 33958 33717 33428 
33407 33333 33333 33181 33105 32884 32748 32469 
32448 32343 32364 32238 32133 31941 31585 31099 
31078 30738 30738 30738 30738 30555 30419 30379 
30043 29917 30274 29917 30043 29686 29155 28819 28819 28699 
28678 28615 28594 28395 28395 28155 27589 27999 
27505 27547 27505 27437 27333 27160 26919 26889 
26868 26847 26658 26616 26553 26229 25750 25329 25329 25209 
25188 25167 25125 25057 24953 24780 24539 
24455 24497 24434 24387 24331 24209 24070 
24049 23986 23986 23899 23766 23641 23400 
23379 23316 23316 23153 23192 23050 22154 22154 
22133 22070 22070 21907 21679 21594 20374 20374 
20353 20332 20290 20127 20166 19974 19128 19289 
19107 19086 19023 18653 18653 18568 17818 17348 
17327 17306 17264 17228 17140 17018 16767 16389 
16305 16347 16305 16028 16085 15861 15019 15019 
14935 14977 14914 14899 14811 14689 14256 14060 
14039 14018 13976 13699 13699 13532 12690 12690 
12606 12606 12606 12570 12482 12360 12039 11731 
11710 11689 11626 11427 11427 11203 11051 
11030 11009 10946 10880 10747 10622 10371 
10350 10329 10287 10251 10163 10041 9755 9447 
9426 9405 9342 9223 9239 9018 8797 
8776 8755 8713 8626 8493 8381 8147 
8126 8105 8042 8027 7939 7817 7545 
7461 7503 7440 7425 7324 7116 
7095 7074 7011 6986 6908 6885 6500 
6416 6458 6416 6380 6292 6170 
6086 6086 6065 5980 5914 5840 
5819 5777 5756 5712 5632 5581 
5560 5497 5476 5453 5373 5251 
5230 5209 5167 5123 5091 5020 4761 
4740 4719 4656 4591 4553 4505 
4484 4442 4421 4353 4297 4441 
4276 4259 4233 4225 4265 
4204 4187 4169 4193 4193 
4150 4137 4129 
4108 4103 4109 
4085 4081 
4065 4067 
4055 
4055
