64602
52946 52946 52946 52946 52946 53886 52590 50342 49202 59402 61014 
48102 48102 48102 47816 47618 46754 47024 44738 
43630 43630 43522 43352 43154 42290 42560 40491 
39905 39383 39275 39105 38907 38043 38591 37449 
36839 36241 36009 35469 35497 34941 35181 33562 36435 
32952 32354 32122 31627 31438 31252 31714 31233 
30623 30025 29793 29289 29227 28961 29601 27945 
27335 26737 26505 26313 26153 25705 26195 25185 
24575 23977 23749 23569 23441 22737 23893 21615 
21005 20407 20179 19999 19871 19167 20323 17773 
17163 16565 16337 16157 16029 15325 16481 16814 
15209 15165 15117 15013 14909 14566 14033 14366 
13917 13873 13825 13721 13649 13425 12809 13074 
12693 12649 12577 12377 12281 11913 11245 12401 
11129 11085 11021 10901 10797 10453 10021 
9905 9861 9789 9589 9445 9035 8457 9613 
8341 8297 8233 8089 7977 7657 7301 
7185 7141 7077 6887 6821 6501 6621 
6385 6341 6301 6205 6181 5532 5591 5605 
5416 5372 5332 5236 5212 4937 4988 5276 
4821 4777 4737 4641 4617 4393 4607 
4277 4233 4193 4177 4297 
4132 4125 4105 4121 
4068 4079 4085 
4055 4064 
4055
