64602
52860 52860 52860 52860 52860 52860 52860 51737 50271 59402 61014 
50132 49298 49298 49131 48741 49302 48826 46106 49533 
45380 45380 45078 44676 43406 43746 43595 43250 45368 
42468 42468 42206 41650 41006 41278 40802 40938 42688 
40076 40076 39774 39412 39542 39777 37368 38490 40240 
36642 36642 36340 35938 36018 36018 35413 33033 36806 
32307 32307 32005 31603 31683 32008 30126 29191 32471 
28465 28465 28163 27761 27841 28266 27236 26879 28629 
26153 26153 25851 25449 25529 25421 23649 23649 26317 
22923 22923 22621 22219 22299 22191 21694 21031 23087 
20305 20305 20003 19601 19681 19573 19076 17308 20469 
16582 16582 16280 15878 15958 15850 15353 14401 16746 
13675 13675 13373 12971 13051 12943 12446 12497 13839 
11720 11720 11418 11016 11096 10988 10321 10542 11844 
9595 9595 9293 8891 8971 8863 8162 8417 9759 
7436 7436 7134 6732 6812 6704 6904 6258 7600 
5476 5476 5214 4658 4692 5476 6054 
4591 4566 4518 4370 4318 4370 
4262 4244 4222 4230 4254 
4171 4171 4170 4150 
4129 4116 4102 4094 
4075 4062 4062 4086 
4055 
4055
