64602
53052 53052 53052 53052 54552 54552 53802 51272 49752 59402 61014 
48672 48672 48672 48402 48240 47916 45226 43242 49002 
42244 42244 42098 41892 41730 41406 39646 39917 42492 
38648 38648 38502 38296 38134 37810 35618 36530 38896 
34620 34620 34386 34268 34106 33818 32521 32521 
31523 31523 31313 31189 31063 30793 30702 29546 
28548 28548 28338 28214 28088 27818 27727 26758 
25760 25760 25550 25426 25300 25030 23851 24140 
22853 22853 22643 22519 22393 22123 22763 21233 
20235 20235 20025 19901 19775 19505 19414 17510 
16512 16512 16302 16178 16052 15782 15691 14280 
13282 13282 13072 12948 12822 12552 13192 12677 
12528 12336 12456 12360 11812 11112 11112 11411 
11032 11032 11032 10500 9293 9293 9599 9747 
9213 9213 9213 8681 8205 7780 8205 8334 
7700 7700 7700 7168 7168 6692 6692 6856 
6612 6612 6612 5604 5604 6063 5604 5768 
5524 5564 5524 4975 4975 4992 4666 4708 
4638 4610 4554 4441 4362 4303 4474 
4219 4247 4199 4151 4191 
4123 4107 4095 4133 
4072 4075 4083 
4062 4066 
4055 
4055
