64602
52512 52512 52512 52512 52512 52512 53682 53682 50296 59402 61014 
48961 48961 48961 48961 48961 48961 48961 48028 48021 48996 
47661 47661 47661 47661 47661 46811 46811 46271 
44521 44521 44521 44521 44521 44521 41879 41879 
41429 41429 41429 41429 41319 41219 40669 40598 
39298 39298 39298 40148 39298 39278 37166 37166 
36968 37058 36878 36968 36878 36638 35956 36165 
35828 35828 35828 35476 35572 35436 34746 
34618 34618 34618 34618 34490 34346 34076 
33948 33948 33948 33948 33676 33676 33607 32851 
32723 32723 32723 32723 32211 32211 32111 
31983 32015 32015 31983 31823 31630 31593 
31465 31465 31497 31369 31305 31112 30853 
30837 30725 30725 30725 30565 30372 30335 
30111 30207 30207 30207 30047 29854 29595 
29579 29499 29499 29467 29307 29114 29077 
28981 28981 28981 28949 28789 28596 28337 
28321 28241 28209 28209 28049 27856 27819 
27691 27595 27723 27595 27531 27338 27079 
26951 26951 26951 26951 26791 26598 26561 
26465 26433 26465 26337 26273 26080 25821 
25805 25725 25725 25693 25533 25340 25149 
25021 25053 25021 24845 24845 24733 24189 
24061 24093 24093 24061 23901 23708 23517 
23213 23421 23421 23213 23213 23101 22557 
22541 22493 22429 22429 22269 22076 21885 
21757 21757 21757 21581 21581 21469 20925 
20797 20829 20797 20797 20637 20444 20253 
20157 20125 19949 20125 19949 19837 19985 
19821 19773 19709 19709 19549 19356 19165 
18829 19069 18829 18829 18829 18723 18485 
18469 18341 18277 18341 18133 18004 17805 
17709 17709 17709 17610 17625 17435 17329 
17233 17121 17233 17121 17043 16959 16853 
16645 16645 16645 16645 16567 16173 16173 
16077 15965 16077 15965 15887 15833 15697 
15489 15489 15489 15489 15411 15277 
15181 15181 15069 15069 14991 14937 
14919 14865 14847 14793 14716 14597 13929 13929 
13731 13857 13839 13731 13385 13385 13209 
13119 13065 13011 13011 12825 12767 12489 
12471 12417 12417 12345 12268 12149 11481 11481 
11463 11409 11391 11283 11033 10937 10691 
10619 10511 10601 10547 10451 10275 10138 
10066 9994 9940 9994 9866 9626 9348 
9258 9258 9240 9150 9108 8932 8795 
8705 8597 8705 8651 8283 8283 8005 
7825 7825 7915 7825 7765 7589 7452 
7362 7380 7380 7254 7212 7010 
6978 6978 6914 6867 6802 6690 
6658 6594 6594 6547 6530 6370 
6338 6274 6274 6227 6210 6132 
6100 6036 6036 5989 5792 5792 
5760 5760 5696 5649 5632 5561 5330 
5298 5298 5234 5187 5122 5010 
4978 4914 4946 4850 4802 4690 
4674 4658 4625 4600 4554 4588 
4536 4518 4464 4426 4418 4455 
4402 4386 4366 4338 4354 
4320 4302 4273 4258 4306 
4240 4222 4206 4202 
4184 4166 4146 4138 
4122 4112 4098 
4085 4084 
4067 4068 
4059 
4055 
4055
