64602
52667 52667 52667 52667 52667 52667 52667 52667 50607 59402 61014 
48410 48410 48410 48410 48410 48410 48410 48410 47911 48741 
47898 47719 47719 47719 47671 46161 46161 46868 
45381 45381 45381 45381 45381 43867 44501 43661 
41488 41488 41488 41488 41488 41488 41918 42618 
41451 41432 41408 41296 41248 40417 39738 39738 
39697 38958 38958 38958 38958 38221 38078 37918 
37863 36646 36646 36646 36646 36811 36609 36644 
36554 36185 36185 36185 36031 36031 35929 35335 
35280 34911 34911 34911 34706 34553 33515 33515 
33460 33091 33091 33091 32937 32937 32835 32241 
32186 31817 31817 31817 31612 31505 31601 30421 
30366 29997 29997 29997 29843 29843 29741 29378 
29323 28954 28954 28954 28564 28642 28738 
28548 28534 28444 28264 28324 27640 27640 27640 
27624 27610 27068 27068 27146 27224 27000 26320 
26304 26290 26020 26020 26080 25396 25396 25396 
25380 25366 24824 24824 24824 24980 24756 
24740 24726 24678 24470 24470 24186 24308 
24170 24156 24066 24066 23946 23556 23738 
23540 23526 23166 23166 23166 22786 22656 
22640 22626 22416 22416 22416 21578 21578 21578 
21562 21548 20915 20915 20915 21084 20808 20038 
20022 20008 19798 19798 19798 18960 18960 18967 
18944 18930 18882 18297 18297 18466 18270 
18254 18240 17970 18030 18030 17850 17787 
17771 17757 17735 17683 17488 17097 17097 
17081 17067 17017 17017 16677 16677 16614 
16598 16584 16315 16315 16315 15924 15924 
15908 15894 15844 15844 15704 15504 15441 
15425 15411 15389 15337 15142 15031 
15015 15001 14951 14951 14811 14611 
14595 14581 14507 14507 14221 14191 14030 
14014 14000 13978 13497 13497 13497 13270 
13254 13240 13030 13190 13050 12738 12738 
12722 12708 12413 12634 12413 11978 11978 
11962 11948 11678 11758 11758 11712 11446 
11430 11416 11121 11121 11121 10686 10686 
10670 10656 10446 10606 10446 10322 10154 
10138 10124 9829 9829 9764 9784 9504 
9488 9474 
9463 
9448 
9438 
9426 
9206 9206 9206 9186 9206 9118 8971 
8698 8698 8893 8698 8698 8321 8321 
8311 
8201 8101 8251 8101 8101 8073 7835 
7549 7549 7770 7549 7549 7155 7155 
7135 6945 6945 7035 6945 6917 6679 
6393 6393 6614 6393 6393 5999 5999 
5979 5789 5789 5879 5789 5712 5679 
5664 5637 5595 5455 5455 5455 5551 
5245 
5235 5185 5145 5145 5133 4881 
4871 4781 4781 4781 4755 4661 
4593 4576 4593 4496 4353 4309 
4296 4289 4269 4229 4229 
4216 4209 4189 4189 
4174 4165 4144 4156 
4131 4118 4124 
4108 4104 4113 
4094 4090 
4075 4078 4078 
4068 
4062 
4059 
4055 
4055
