64602
53132 53132 53132 53132 54057 54057 53586 50807 49202 59402 61014 
48032 48032 48032 47834 47826 47078 45902 44955 
43951 43951 43759 43587 43579 42831 42711 39499 
38495 38495 38303 38131 38123 37555 38245 35657 
34619 34619 34333 34385 34281 33713 34403 32750 
31712 31712 31426 31319 31374 30806 31515 29095 
28057 28057 27771 27664 27719 27151 27841 25865 
24827 24827 24541 24434 24489 23921 24326 22142 
21104 21104 20818 20711 20766 20198 20888 17977 
16939 16939 16653 16546 16601 16033 16077 15359 
14321 14321 14035 13928 13983 13415 14124 13115 
12077 12077 11791 11843 11739 11171 11215 12191 
11084 11021 10975 10742 10412 10412 9271 10030 
9186 9125 9091 8868 7894 7894 7758 8130 
7673 7612 7578 7355 7197 6381 6381 6834 
6296 6235 6201 6071 5140 5140 5140 5450 
5055 4994 4960 4737 4545 4545 4564 5011 
4460 4399 4365 4235 4353 4481 
4184 4181 4179 4179 
4128 4125 4127 4155 
4092 4091 4093 
4061 4071 4079 
4055 4055 
4055
