55837
38932 
38788 
37358 
33128 
32688 
32683 
32673 
32669 
32659 
32649 
32644 
32634 
32630 
32620 
32610 
32605 
32595 
32591 
32581 
32571 
32566 
32556 
32552 
32542 
32532 
32527 
32517 
32513 
32503 
32493 
32488 
32478 
32474 
32464 
32454 
32449 
32439 
32435 
32425 
32415 
32410 
32400 
32388 
32373 
32363 
32358 
32348 
31864 
31830 
31796 
31781 
31406 
31394 
31383 
31372 
31328 
31317 
31306 
31295 
31263 
31246 
31229 
31219 
31214 
31030 
30843 
30828 
30817 
30806 
30798 
30774 
30757 
30743 
30733 
30717 
30700 
30693 
30683 
30678 
30668 
30632 
30615 
30598 
30587 
30577 
30561 
30544 
30537 
30527 
30522 
30512 
30496 
30480 
30470 
30460 
30424 
30390 
30378 
30371 
30361 
30356 
30346 
30342 
30322 
30317 
30307 
30303 
30283 
30278 
30146 
30078 
30010 
29996 
29985 
29978 
29968 
29963 
29953 
29945 
29933 
29926 
29916 
29911 
29901 
29893 
29882 
29862 
29858 
29838 
29833 
29823 
29811 
29796 
29786 
29781 
29771 
29699 
29665 
29631 
29617 
29605 
29561 
29527 
29511 
29501 
29497 
29477 
29472 
29462 
29458 
29448 
29438 
29433 
29423 
29419 
29409 
29399 
29394 
29384 
29348 
29331 
29314 
29303 
29293 
29285 
29273 
29266 
29256 
29251 
29241 
29233 
29221 
29214 
29204 
29199 
29189 
29185 
29175 
29165 
29160 
29150 
29126 
29110 
29095 
29085 
29057 
29041 
29026 
29006 
28996 
28991 
28981 
28977 
28957 
28952 
28942 
28938 
28928 
28918 
28913 
28903 
28899 
28889 
28879 
28874 
28864 
28860 
28840 
28835 
28825 
28821 
28811 
28801 
28796 
28786 
28782 
28762 
28757 
28747 
28743 
28723 
28718 
28708 
28704 
28684 
28679 
28669 
28665 
28645 
28640 
28630 
28582 
28531 
28521 
28513 
28501 
28486 
28476 
28471 
28461 
28453 
28442 
28422 
28410 
28395 
28385 
28380 
28370 
28366 
28356 
28346 
28341 
28331 
28327 
28307 
28302 
28292 
28288 
28268 
28263 
28253 
28249 
28239 
28229 
28224 
28214 
28202 
28187 
28177 
28172 
28162 
28142 
28125 
28114 
28107 
28097 
28089 
28077 
28070 
28060 
28055 
28045 
28025 
28009 
27997 
27990 
27980 
27972 
27960 
27953 
27943 
27938 
27928 
27920 
27909 
27889 
27861 
27844 
27828 
27821 
27811 
27807 
27787 
27782 
27772 
27768 
27758 
27748 
27743 
27733 
27729 
27719 
27709 
27704 
27694 
27690 
27680 
27670 
27665 
27655 
27575 
27490 
27479 
27472 
27462 
27457 
27447 
27443 
27423 
27418 
27408 
27404 
27394 
27384 
27379 
27369 
27365 
27345 
27340 
27330 
27306 
27289 
27275 
27265 
27261 
27251 
27241 
27236 
27226 
27206 
27190 
27178 
27171 
27161 
27157 
27137 
27132 
27122 
27118 
27098 
27093 
27083 
27067 
27050 
27043 
27033 
27028 
27018 
27014 
27004 
26994 
26989 
26969 
26953 
26941 
26934 
26930 
26910 
26905 
26895 
26887 
26875 
26868 
26858 
26853 
26843 
26747 
26696 
26645 
26631 
26621 
26614 
26604 
26599 
26589 
26569 
26552 
26541 
26534 
26524 
26520 
26510 
26500 
26495 
26485 
26473 
26458 
26448 
26443 
26433 
26429 
26419 
26409 
26404 
26394 
26390 
26380 
26370 
26365 
26355 
26347 
26335 
26328 
26318 
26313 
26303 
26247 
26196 
26181 
26173 
26149 
26133 
26118 
26108 
26056 
26005 
25991 
25971 
25954 
25943 
25936 
25926 
25910 
25893 
25886 
25876 
25871 
25861 
25841 
25824 
25813 
25806 
25796 
25760 
25726 
25715 
25705 
25689 
25672 
25665 
25655 
25650 
25640 
25632 
25621 
25601 
25589 
25574 
25564 
25559 
25549 
25533 
25517 
25507 
25497 
25489 
25477 
25470 
25460 
25455 
25445 
25441 
25421 
25416 
25406 
25402 
25392 
25382 
25377 
25367 
25339 
25322 
25306 
25299 
25289 
25285 
25265 
25260 
25250 
25246 
25226 
25221 
25211 
25195 
25179 
25169 
25159 
25135 
25118 
25104 
25094 
25090 
25070 
25065 
25055 
24971 
24937 
24903 
24887 
24873 
24862 
24857 
24847 
24839 
24828 
24808 
24792 
24775 
24768 
24758 
24753 
24743 
24727 
24711 
24701 
24691 
24667 
24651 
24636 
24626 
24614 
24599 
24589 
24584 
24564 
24547 
24535 
24519 
24502 
24495 
24485 
24480 
24472 
24460 
24453 
24443 
24438 
24428 
24380 
24329 
24318 
24311 
24301 
24269 
24252 
24235 
24225 
24220 
24210 
24194 
24178 
24168 
24158 
24154 
24144 
24134 
24129 
24119 
24111 
24100 
24080 
24076 
24056 
24051 
24041 
24001 
23984 
23967 
23953 
23943 
23936 
23926 
23921 
23911 
23895 
23879 
23869 
23859 
23851 
23840 
23820 
23812 
23800 
23793 
23783 
23778 
23768 
23760 
23749 
23729 
23717 
23702 
23692 
23687 
23677 
23669 
23658 
23648 
23638 
23622 
23606 
23596 
23586 
23558 
23542 
23527 
23517 
23497 
23492 
23482 
23442 
23425 
23408 
23394 
23384 
23377 
23367 
23362 
23352 
23320 
23303 
23286 
23276 
23271 
23261 
23257 
23237 
23232 
23222 
23202 
23185 
23174 
23167 
23157 
23153 
23143 
23133 
23128 
23118 
23082 
23065 
23048 
23037 
23027 
22987 
22970 
22953 
22939 
22929 
22922 
22912 
22907 
22897 
22837 
22786 
22770 
22760 
22753 
22743 
22738 
22728 
22704 
22688 
22673 
22663 
22651 
22636 
22626 
22621 
22611 
22587 
22570 
22556 
22546 
22534 
22519 
22509 
22504 
22494 
22482 
22467 
22457 
22452 
22442 
22438 
22428 
22418 
22413 
22403 
22399 
22389 
22379 
22374 
22364 
22292 
22224 
22209 
22199 
22192 
22182 
22178 
22158 
22153 
22133 
22117 
22105 
22098 
22088 
22024 
21990 
21956 
21945 
21885 
21868 
21834 
21818 
21807 
21802 
21792 
21756 
21722 
21711 
21699 
21684 
21674 
21669 
21662 
21650 
21635 
21625 
21620 
21610 
21594 
21578 
21568 
21558 
21506 
21455 
21441 
21389 
21338 
21324 
21272 
21221 
21207 
21199 
21188 
21168 
21160 
21148 
21141 
21131 
21126 
21094 
21077 
21060 
21050 
21045 
21035 
20983 
20932 
20918 
20834 
20749 
20735 
20725 
20720 
20710 
20666 
20649 
20632 
20616 
20606 
20594 
20579 
20569 
20564 
20554 
20550 
20530 
20525 
20515 
20463 
20412 
20398 
20346 
20295 
20281 
20225 
20174 
20159 
20151 
20111 
20094 
20077 
20063 
20053 
20046 
20036 
20031 
20021 
20005 
19989 
19979 
19969 
19961 
19950 
19930 
19834 
19783 
19732 
19721 
19701 
19696 
19648 
19631 
19614 
19598 
19588 
19578 
19568 
19563 
19515 
19501 
19494 
19382 
19368 
19354 
19341 
19273 
19259 
19248 
19196 
19182 
19175 
19170 
19142 
19131 
19087 
19073 
19068 
19064 
19059 
19039 
19029 
18953 
18939 
18926 
18921 
18845 
18831 
18818 
18813 
18773 
18759 
18615 
18573 
18563 
18558 
18550 
18543 
18515 
18504 
18484 
18474 
18454 
18444 
18424 
18414 
18394 
18384 
18380 
18375 
18331 
18317 
18312 
18248 
18234 
18224 
18219 
18163 
18149 
18141 
18125 
18117 
18101 
18093 
18077 
18069 
18053 
18045 
18029 
18021 
18005 
17997 
17981 
17973 
17957 
17949 
17933 
17925 
17909 
17901 
17885 
17877 
17861 
17853 
17837 
17829 
17813 
17805 
17789 
17781 
17765 
17757 
17741 
17733 
17717 
17709 
17693 
17685 
17669 
17661 
17645 
17637 
17621 
17613 
17597 
17589 
17573 
17565 
17549 
17541 
17525 
17517 
17501 
17493 
17477 
17469 
17453 
17445 
17429 
17421 
17405 
17397 
17381 
17373 
17357 
17349 
17333 
17325 
17309 
17301 
17285 
17277 
17261 
17253 
17237 
17229 
17213 
17205 
17189 
17181 
17165 
17157 
17141 
17133 
17117 
17109 
17093 
17085 
17069 
17061 
17045 
17037 
17021 
17013 
16997 
16989 
16973 
16965 
16949 
16941 
16925 
16917 
16901 
16893 
16877 
16869 
16853 
16845 
16829 
16821 
16805 
16797 
16781 
16773 
16757 
16749 
16733 
16725 
16709 
16701 
16697 
16692 
16688 
16683 
16667 
16659 
16651 
16644 
16640 
16635 
16631 
16626 
16582 
16568 
16563 
16431 
16417 
16389 
16382 
16377 
16365 
16358 
16353 
16325 
16314 
16286 
16275 
16227 
16213 
16206 
16202 
16197 
16193 
16188 
16184 
16179 
16175 
16170 
16166 
16161 
16157 
16152 
16148 
16143 
16139 
16134 
16130 
16125 
16121 
16116 
16112 
16107 
16103 
16098 
16094 
16089 
16085 
16080 
16076 
16071 
16067 
16062 
16058 
16053 
16049 
16044 
16040 
16035 
16031 
16026 
16022 
16017 
16013 
16008 
16004 
15999 
15995 
15990 
15986 
15981 
15977 
15972 
15968 
15963 
15959 
15954 
15950 
15945 
15941 
15936 
15932 
15927 
15923 
15918 
15914 
15909 
15905 
15900 
15896 
15891 
15887 
15882 
15878 
15873 
15869 
15864 
15860 
15855 
15851 
15846 
15842 
15837 
15833 
15828 
15824 
15819 
15815 
15810 
15806 
15801 
15797 
15792 
15788 
15783 
15779 
15774 
15770 
15765 
15761 
15756 
15752 
15747 
15743 
15738 
15734 
15729 
15725 
15720 
15716 
15711 
15707 
15702 
15698 
15693 
15689 
15684 
15680 
15675 
15671 
15666 
15662 
15657 
15653 
15648 
15644 
15639 
15635 
15630 
15626 
15621 
15617 
15612 
15608 
15603 
15599 
15594 
15590 
15585 
15581 
15576 
15572 
15567 
15563 
15558 
15554 
15549 
15545 
15540 
15536 
15531 
15527 
15522 
15518 
15513 
15509 
15504 
15500 
15495 
15491 
15486 
15482 
15477 
15473 
15468 
15464 
15459 
15455 
15450 
15446 
15441 
15437 
15432 
15428 
15423 
15419 
15414 
15410 
15405 
15401 
15396 
15392 
15387 
15383 
15378 
15374 
15369 
15365 
15360 
15356 
15351 
15347 
15342 
15338 
15333 
15329 
15324 
15320 
15315 
15311 
15306 
15266 
15252 
15212 
15198 
15158 
15144 
15104 
15090 
15050 
15036 
15028 
15021 
15005 
14997 
14981 
14973 
14957 
14949 
14933 
14925 
14909 
14901 
14885 
14877 
14861 
14853 
14837 
14829 
14813 
14805 
14789 
14781 
14765 
14757 
14753 
14748 
14740 
14733 
14725 
14718 
14554 
14498 
14493 
14489 
14484 
14468 
14460 
14456 
14451 
14447 
14442 
14438 
14433 
14429 
14424 
14420 
14415 
14411 
14406 
14402 
14397 
14237 
14209 
14195 
14181 
14173 
14166 
14158 
14151 
14143 
14136 
14128 
14121 
14113 
14106 
14098 
14091 
14083 
14076 
14068 
14061 
14053 
14046 
14038 
14031 
14023 
14016 
14008 
14001 
13993 
13986 
13978 
13971 
13963 
13956 
13948 
13941 
13933 
13926 
13918 
13911 
13903 
13896 
13888 
13881 
13873 
13866 
13858 
13851 
13843 
13836 
13828 
13821 
13813 
13806 
13798 
13791 
13783 
13776 
13768 
13761 
13753 
13746 
13738 
13731 
13723 
13716 
13708 
13701 
13693 
13686 
13678 
13671 
13663 
13656 
13648 
13641 
13633 
13626 
13618 
13611 
13603 
13596 
13588 
13581 
13573 
13566 
13558 
13551 
13543 
13536 
13528 
13521 
13513 
13506 
13498 
13491 
13483 
13476 
13468 
13461 
13453 
13446 
13438 
13431 
13423 
13416 
13408 
13401 
13393 
13386 
13378 
13371 
13367 
13362 
13358 
13353 
13313 
13299 
13259 
13245 
13205 
13191 
13151 
13137 
13093 
13079 
13074 
13030 
13016 
13011 
13007 
13002 
12994 
12987 
12979 
12972 
12964 
12957 
12949 
12942 
12934 
12927 
12919 
12912 
12904 
12897 
12889 
12882 
12874 
12867 
12859 
12852 
12844 
12837 
12829 
12822 
12814 
12807 
12799 
12792 
12784 
12777 
12769 
12762 
12754 
12747 
12739 
12732 
12724 
12717 
12709 
12702 
12694 
12687 
12679 
12672 
12664 
12657 
12649 
12642 
12634 
12627 
12619 
12612 
12604 
12597 
12589 
12582 
12574 
12567 
12559 
12552 
12544 
12537 
12529 
12522 
12514 
12507 
12499 
12492 
12484 
12477 
12469 
12462 
12454 
12447 
12439 
12432 
12424 
12417 
12409 
12402 
12394 
12387 
12379 
12372 
12364 
12357 
12349 
12342 
12334 
12327 
12319 
12312 
12304 
12297 
12289 
12282 
12274 
12267 
12259 
12252 
12244 
12237 
12229 
12222 
12214 
12207 
12199 
12192 
12184 
12177 
12169 
12162 
12154 
12147 
12139 
12132 
12124 
12117 
12109 
12102 
12094 
12087 
12079 
12072 
12064 
12057 
12049 
12042 
12034 
12027 
12019 
12012 
12004 
11997 
11993 
11988 
11984 
11979 
11975 
11970 
11966 
11961 
11957 
11952 
11948 
11943 
11939 
11934 
11930 
11925 
11921 
11916 
11912 
11907 
11903 
11898 
11894 
11889 
11885 
11880 
11876 
11871 
11867 
11862 
11858 
11853 
11849 
11844 
11840 
11835 
11831 
11826 
11822 
11817 
11813 
11808 
11804 
11799 
11795 
11790 
11786 
11781 
11777 
11772 
11768 
11763 
11759 
11754 
11750 
11745 
11741 
11736 
11732 
11727 
11723 
11718 
11714 
11709 
11705 
11700 
11696 
11691 
11687 
11682 
11678 
11673 
11669 
11664 
11660 
11655 
11651 
11646 
11642 
11637 
11633 
11628 
11624 
11619 
11615 
11610 
11606 
11601 
11597 
11592 
11588 
11583 
11579 
11574 
11570 
11565 
11561 
11556 
11552 
11547 
11543 
11538 
11534 
11529 
11525 
11520 
11516 
11511 
11507 
11502 
11498 
11493 
11489 
11484 
11480 
11475 
11471 
11466 
11462 
11457 
11453 
11448 
11444 
11439 
11435 
11430 
11426 
11421 
11417 
11412 
11408 
11403 
11399 
11394 
11390 
11385 
11381 
11376 
11372 
11367 
11363 
11358 
11354 
11349 
11345 
11340 
11336 
11331 
11327 
11322 
11318 
11313 
11309 
11304 
11300 
11295 
11291 
11286 
11282 
11277 
11273 
11268 
11264 
11259 
11255 
11250 
11246 
11241 
11237 
11232 
11228 
11223 
11219 
11214 
11210 
11205 
11201 
11196 
11192 
11187 
11183 
11178 
11174 
11169 
11165 
11160 
11156 
11151 
11147 
11142 
11138 
11133 
11129 
11124 
11120 
11115 
11111 
11106 
11102 
11097 
11093 
11088 
11084 
11079 
11075 
11070 
11066 
11061 
11057 
11052 
11048 
11043 
11039 
11034 
11030 
11025 
11021 
11016 
11012 
11007 
11003 
10998 
10994 
10989 
10985 
10980 
10976 
10971 
10967 
10962 
10958 
10953 
10949 
10944 
10940 
10935 
10931 
10926 
10922 
10917 
10913 
10908 
10904 
10899 
10895 
10890 
10886 
10881 
10877 
10872 
10868 
10863 
10859 
10854 
10850 
10845 
10841 
10836 
10832 
10827 
10823 
10818 
10814 
10809 
10805 
10800 
10796 
10791 
10787 
10782 
10778 
10773 
10769 
10764 
10760 
10755 
10751 
10746 
10742 
10737 
10733 
10728 
10724 
10719 
10715 
10710 
10706 
10701 
10697 
10692 
10688 
10683 
10679 
10674 
10670 
10665 
10661 
10656 
10652 
10647 
10643 
10638 
10634 
10629 
10625 
10620 
10616 
10611 
10607 
10602 
10598 
10593 
10589 
10584 
10580 
10575 
10571 
10566 
10562 
10557 
10553 
10548 
10544 
10539 
10535 
10530 
10526 
10521 
10477 
10463 
10458 
10414 
10400 
10395 
10391 
10386 
10382 
10377 
10373 
10368 
10364 
10359 
10355 
10350 
10346 
10341 
10337 
10332 
10328 
10323 
10319 
10314 
10310 
10305 
10301 
10296 
10292 
10287 
10283 
10278 
10274 
10269 
10265 
10260 
10256 
10251 
10247 
10242 
10238 
10233 
10229 
10224 
10220 
10215 
10211 
10206 
10202 
10197 
10193 
10188 
10184 
10179 
10175 
10170 
10166 
10161 
10157 
10152 
10148 
10143 
10139 
10134 
10130 
10125 
10121 
10116 
10112 
10107 
10103 
10098 
10094 
10089 
10085 
10080 
10076 
10071 
10067 
10062 
10058 
10053 
10049 
10044 
10040 
10035 
10031 
10026 
10022 
10017 
10013 
10008 
10004 
9999 
9995 
9990 
9986 
9981 
9977 
9972 
9968 
9963 
9959 
9954 
9950 
9945 
9941 
9936 
9932 
9927 
9923 
9918 
9914 
9909 
9905 
9900 
9896 
9891 
9887 
9882 
9878 
9873 
9869 
9864 
9860 
9855 
9851 
9846 
9842 
9837 
9833 
9828 
9824 
9819 
9815 
9810 
9806 
9801 
9797 
9792 
9788 
9783 
9779 
9774 
9770 
9765 
9761 
9756 
9752 
9747 
9743 
9738 
9734 
9729 
9725 
9720 
9716 
9711 
9707 
9702 
9698 
9693 
9689 
9684 
9680 
9675 
9671 
9666 
9662 
9657 
9653 
9648 
9644 
9639 
9635 
9630 
9626 
9621 
9617 
9612 
9608 
9603 
9599 
9594 
9590 
9585 
9581 
9576 
9572 
9567 
9563 
9558 
9554 
9549 
9545 
9540 
9536 
9531 
9527 
9522 
9518 
9513 
9509 
9504 
9500 
9495 
9491 
9486 
9482 
9477 
9473 
9468 
9464 
9459 
9455 
9450 
9446 
9441 
9437 
9432 
9428 
9423 
9419 
9414 
9410 
9405 
9401 
9396 
9392 
9387 
9383 
9378 
9374 
9369 
9365 
9360 
9356 
9351 
9347 
9342 
9338 
9333 
9329 
9324 
9320 
9315 
9311 
9306 
9302 
9297 
9293 
9288 
9284 
9279 
9275 
9270 
9266 
9261 
9257 
9252 
9248 
9243 
9239 
9234 
9230 
9225 
9221 
9216 
9212 
9207 
9203 
9198 
9194 
9189 
9185 
9180 
9176 
9171 
9167 
9162 
9158 
9153 
9149 
9144 
9140 
9135 
9131 
9126 
9122 
9117 
9113 
9108 
9104 
9099 
9095 
9090 
9086 
9081 
9077 
9072 
9068 
9063 
9059 
9054 
9050 
9045 
9041 
9036 
9032 
9027 
9023 
9018 
9014 
9009 
9005 
9000 
8996 
8991 
8987 
8982 
8978 
8973 
8969 
8964 
8960 
8955 
8951 
8946 
8942 
8937 
8933 
8928 
8924 
8919 
8915 
8910 
8906 
8901 
8897 
8892 
8888 
8883 
8879 
8874 
8870 
8865 
8861 
8856 
8852 
8847 
8843 
8838 
8834 
8829 
8825 
8820 
8816 
8811 
8807 
8802 
8798 
8793 
8789 
8784 
8780 
8775 
8771 
8766 
8762 
8757 
8753 
8748 
8744 
8739 
8735 
8730 
8726 
8721 
8717 
8712 
8708 
8703 
8699 
8694 
8690 
8685 
8681 
8676 
8672 
8667 
8663 
8658 
8654 
8649 
8645 
8640 
8636 
8631 
8627 
8622 
8618 
8613 
8609 
8604 
8600 
8595 
8591 
8586 
8582 
8579 
8579
