55837
38862 
38788 
36388 
33972 
32692 
32686 
31543 
31521 
31516 
31510 
31499 
31494 
31485 
31477 
31468 
31462 
31453 
31447 
31442 
31433 
31424 
31418 
31411 
31403 
31396 
31388 
31379 
31373 
31368 
31359 
31350 
31344 
31337 
31329 
31320 
31314 
31303 
30863 
30676 
30666 
30657 
30489 
30444 
30411 
30366 
30333 
30288 
30255 
29943 
29723 
29709 
29658 
29625 
29618 
29321 
29310 
29292 
29284 
29172 
29163 
29115 
29105 
29098 
28567 
28182 
28175 
27875 
27655 
27652 
27619 
27597 
27594 
27549 
27516 
27513 
27506 
25997 
25992 
25986 
25977 
25971 
25964 
25956 
25947 
25941 
25932 
25926 
25871 
25849 
25839 
25829 
25821 
25814 
25806 
25757 
25746 
25736 
25727 
25718 
25711 
25703 
25694 
25688 
25673 
25663 
25649 
25639 
25632 
25622 
25615 
25607 
25598 
25592 
25585 
25577 
25570 
25562 
25442 
25398 
25388 
25379 
25323 
25197 
25173 
25165 
25156 
25148 
25130 
25122 
25113 
25107 
25098 
25092 
25083 
25077 
25068 
25062 
25053 
25047 
25038 
25032 
25023 
25017 
25008 
25002 
24993 
24987 
24978 
24972 
24963 
24957 
24948 
24942 
24933 
24927 
24918 
24912 
24720 
24588 
24574 
24469 
24392 
24314 
24259 
24106 
24095 
24023 
24014 
24006 
24001 
23996 
23989 
23971 
23960 
23948 
23937 
22722 
22711 
22671 
22660 
22638 
22628 
22612 
22603 
22595 
22586 
22558 
22538 
22530 
22509 
22489 
22475 
22465 
22457 
22450 
22441 
22433 
22427 
22418 
22412 
22405 
22397 
22390 
22382 
22373 
22367 
22137 
22038 
21939 
21929 
21920 
21800 
21791 
21786 
20817 
20808 
20802 
20793 
20787 
20778 
20772 
20763 
20757 
20748 
20742 
20733 
20727 
20718 
20712 
20703 
20697 
20688 
20682 
20673 
20667 
20658 
20652 
20643 
20637 
20628 
20622 
20613 
20607 
20598 
20592 
20583 
20577 
20568 
20562 
20553 
20547 
20538 
20532 
20527 
20521 
20512 
20506 
20497 
20491 
20482 
20476 
20467 
20461 
20452 
20446 
20437 
20431 
20422 
20416 
20407 
20401 
20392 
20386 
20377 
20371 
20362 
20356 
20347 
20341 
20332 
20326 
20317 
20311 
20302 
20296 
20291 
20282 
20274 
20267 
20259 
20252 
20244 
20235 
20229 
20215 
20205 
20200 
20068 
19980 
19966 
19591 
19426 
19419 
19338 
18753 
18486 
18399 
17505 
17256 
16887 
16695 
16692 
15963 
15303 
15186 
14919 
14739 
14736 
14310 
13509 
13203 
12288 
10470 
8589 
8586 
8583 
8580 
8580
