55837
38897 
38790 
36390 
33978 
33612 
33522 
33516 
33510 
33498 
32718 
32706 
32688 
32685 
31119 
31112 
31106 
31097 
31091 
31082 
31076 
31064 
31046 
31038 
31033 
31027 
31018 
31012 
31000 
30991 
30985 
30976 
30970 
30961 
30955 
30946 
30940 
30931 
30925 
30916 
30910 
30890 
30863 
30855 
30849 
30844 
30838 
30833 
30827 
30818 
30812 
30807 
30801 
30789 
30771 
30763 
30758 
30752 
30743 
30737 
30317 
30266 
30210 
30156 
30100 
30093 
30003 
29898 
29832 
29755 
29701 
29638 
29569 
29492 
29396 
29378 
29370 
29361 
29355 
29343 
29336 
29180 
29090 
29083 
29076 
29069 
27059 
27050 
27044 
27035 
27029 
27020 
27014 
27010 
27005 
26999 
26147 
26117 
26099 
26095 
26029 
25952 
25886 
25850 
25843 
25837 
25816 
25807 
25800 
25796 
25730 
25694 
25687 
25681 
25672 
25665 
25530 
25369 
25312 
25285 
25277 
25273 
25270 
25132 
25114 
25106 
25097 
25020 
24999 
24846 
24664 
24172 
24145 
24137 
24129 
24120 
24114 
23799 
23775 
23768 
23666 
23606 
23570 
23564 
23560 
23491 
23455 
23447 
23443 
23377 
23368 
23312 
23303 
23289 
23274 
23265 
23261 
23246 
23232 
23217 
23208 
23160 
23133 
23127 
23118 
23104 
23092 
23083 
23079 
22254 
22236 
22228 
22219 
22213 
22204 
22198 
22189 
22183 
22174 
22168 
21864 
21857 
21761 
21734 
21726 
21720 
21711 
21705 
21700 
21628 
21601 
21592 
21584 
21578 
21458 
21449 
21386 
21379 
21373 
21358 
21349 
21292 
21265 
21257 
21253 
21163 
21109 
21102 
21090 
21076 
21073 
21061 
21052 
21048 
20991 
20955 
20949 
20886 
20868 
20860 
20854 
20849 
20843 
20819 
20810 
20803 
20758 
20731 
20725 
20665 
20629 
20622 
20619 
20514 
20451 
20444 
20440 
20335 
20272 
20260 
20047 
20005 
19802 
19799 
19592 
19466 
17645 
17594 
16991 
16931 
16823 
16700 
16592 
16499 
16358 
15359 
13742 
13028 
13025 
11945 
10697 
8588 
8586 
8585 
8583 
8582 
8580 
8580
