55837
38827 
38788 
36388 
35396 
32688 
32686 
32459 
32435 
32003 
31989 
31985 
31981 
31861 
31789 
31777 
31713 
31711 
31709 
31704 
31700 
31698 
31696 
31691 
31687 
31685 
31683 
31678 
31674 
31672 
31597 
31397 
31349 
31347 
31345 
31340 
31336 
31334 
31328 
31312 
31308 
31306 
31302 
31297 
31295 
31291 
31283 
31279 
31271 
31255 
31250 
31245 
31243 
31209 
31121 
31114 
31102 
31100 
31094 
31078 
31074 
31067 
31059 
31051 
31047 
31045 
31041 
31033 
31029 
31027 
31019 
31016 
31008 
31006 
31001 
30993 
30988 
30983 
30952 
30872 
30865 
30857 
30853 
30851 
30847 
30845 
30841 
30835 
30827 
30819 
30815 
30792 
30736 
30729 
30724 
30717 
30716 
30714 
30702 
30670 
30665 
30661 
30653 
30648 
30644 
30642 
30638 
30630 
30625 
30621 
30619 
30614 
30606 
30601 
30597 
30593 
30590 
30582 
30580 
30578 
30573 
30569 
30567 
30565 
30560 
30556 
30554 
30542 
30510 
30506 
30502 
30494 
30478 
30473 
30465 
30441 
30437 
30435 
30430 
30426 
30424 
30415 
30391 
30387 
30385 
30376 
30352 
30348 
30346 
30337 
30313 
30309 
30307 
30286 
30230 
30218 
30216 
30197 
30149 
30142 
30138 
30128 
30104 
30099 
30081 
30033 
30021 
29988 
29900 
29880 
29878 
29877 
29875 
29874 
29872 
29851 
29843 
29795 
29788 
29784 
29772 
29740 
29735 
29734 
29732 
29731 
29726 
29722 
29660 
29500 
29486 
29462 
29447 
29407 
29399 
29397 
29383 
29351 
29344 
29342 
29328 
29288 
29284 
29280 
29276 
29268 
29264 
29259 
29251 
29246 
29241 
29235 
29219 
29215 
29209 
29193 
29189 
29173 
29133 
29126 
29124 
29118 
29102 
29098 
29086 
29054 
29050 
29046 
29038 
29022 
29017 
29009 
28985 
28981 
28975 
28959 
28955 
28952 
28944 
28942 
28940 
28936 
28931 
28929 
28927 
28923 
28870 
28734 
28720 
28713 
28708 
28702 
28686 
28682 
28673 
28649 
28645 
28643 
28637 
28621 
28617 
28608 
28584 
28580 
28578 
28569 
28545 
28541 
28539 
28533 
28517 
28513 
28497 
28457 
28450 
28448 
28441 
28425 
28421 
28419 
28413 
28405 
28397 
28393 
28381 
28349 
28344 
28340 
28332 
28328 
28311 
28263 
28255 
28253 
28248 
28240 
28235 
28231 
28227 
28222 
28214 
28209 
28205 
28201 
28196 
28188 
28183 
28179 
28175 
28170 
28162 
28157 
28153 
28149 
28144 
28136 
28131 
28127 
28123 
28118 
28110 
28105 
28101 
28097 
28092 
28084 
28079 
28075 
28071 
28066 
28058 
28053 
28049 
28045 
28040 
28032 
28027 
28023 
28019 
28014 
28006 
28001 
27997 
27993 
27988 
27980 
27975 
27971 
27967 
27962 
27954 
27949 
27945 
27941 
27936 
27928 
27923 
27919 
27915 
27910 
27902 
27897 
27893 
27889 
27884 
27876 
27871 
27867 
27863 
27858 
27850 
27845 
27841 
27837 
27832 
27824 
27819 
27815 
27811 
27806 
27798 
27793 
27789 
27785 
27780 
27772 
27767 
27763 
27759 
27754 
27746 
27741 
27737 
27733 
27728 
27720 
27715 
27711 
27707 
27702 
27694 
27689 
27685 
27681 
27676 
27668 
27663 
27659 
27655 
27650 
27642 
27637 
27633 
27629 
27624 
27616 
27611 
27607 
27603 
27598 
27590 
27585 
27581 
27577 
27572 
27564 
27559 
27555 
27551 
27546 
27538 
27533 
27529 
27525 
27520 
27512 
27507 
27503 
27499 
27494 
27486 
27481 
27477 
27473 
27468 
27460 
27455 
27451 
27447 
27442 
27434 
27429 
27425 
27421 
27416 
27408 
27403 
27399 
27395 
27390 
27382 
27377 
27373 
27369 
27364 
27356 
27351 
27347 
27343 
27338 
27330 
27325 
27321 
27317 
27312 
27304 
27299 
27295 
27291 
27286 
27278 
27273 
27269 
27265 
27260 
27252 
27247 
27243 
27239 
27234 
27226 
27221 
27217 
27213 
27208 
27200 
27195 
27191 
27187 
27182 
27174 
27169 
27165 
27161 
27156 
27148 
27143 
27139 
27135 
27130 
27122 
27117 
27113 
27109 
27104 
27096 
27091 
27087 
27083 
27078 
27070 
27065 
27061 
27057 
27052 
27044 
27039 
27035 
27031 
27030 
27028 
27021 
27005 
27001 
26999 
26995 
26987 
26982 
26978 
26976 
26966 
26942 
26937 
26931 
26915 
26911 
26907 
26899 
26894 
26890 
26888 
26886 
26881 
26877 
26875 
26867 
26851 
26846 
26838 
26836 
26809 
26737 
26721 
26719 
26715 
26707 
26703 
26699 
26691 
26686 
26682 
26680 
26678 
26673 
26669 
26667 
26666 
26664 
26629 
26541 
26534 
26527 
26523 
26521 
26520 
26515 
26511 
26509 
26504 
26500 
26498 
26483 
26443 
26435 
26433 
26425 
26409 
26404 
26396 
26372 
26368 
26361 
26345 
26341 
26339 
26333 
26317 
26313 
26299 
26259 
26251 
26245 
26229 
26225 
26214 
26190 
26183 
26179 
26171 
26166 
26162 
26160 
26152 
26136 
26131 
26127 
26119 
26114 
26110 
26108 
26096 
26064 
26056 
26022 
25934 
25927 
25915 
25913 
25910 
25902 
25900 
25897 
25889 
25887 
25878 
25854 
25850 
25848 
25839 
25815 
25811 
25809 
25797 
25765 
25761 
25757 
25747 
25723 
25718 
25710 
25694 
25689 
25687 
25679 
25675 
25667 
25663 
25660 
25652 
25650 
25641 
25617 
25613 
25611 
25604 
25588 
25583 
25579 
25575 
25567 
25551 
25546 
25538 
25536 
25533 
25525 
25523 
25515 
25499 
25494 
25486 
25484 
25478 
25462 
25458 
25452 
25436 
25432 
25426 
25410 
25406 
25400 
25384 
25380 
25374 
25358 
25354 
25348 
25332 
25328 
25322 
25306 
25302 
25296 
25280 
25276 
25270 
25254 
25250 
25244 
25228 
25224 
25218 
25202 
25198 
25192 
25176 
25172 
25166 
25150 
25146 
25140 
25124 
25120 
25114 
25098 
25094 
25088 
25072 
25068 
25067 
25065 
25058 
25042 
25037 
25029 
25020 
24996 
24992 
24990 
24984 
24968 
24964 
24958 
24942 
24938 
24932 
24916 
24912 
24909 
24901 
24899 
24894 
24886 
24881 
24877 
24873 
24855 
24807 
24795 
24792 
24784 
24782 
24776 
24760 
24756 
24747 
24723 
24719 
24717 
24705 
24673 
24669 
24665 
24646 
24598 
24591 
24587 
24569 
24521 
24509 
24492 
24452 
24445 
24441 
24431 
24407 
24402 
24383 
24335 
24328 
24324 
24301 
24237 
24225 
24223 
24219 
24211 
24207 
24205 
24197 
24193 
24185 
24181 
24177 
24169 
24164 
24160 
24158 
24136 
24080 
24073 
24069 
24067 
24065 
24061 
24040 
23984 
23977 
23973 
23966 
23950 
23945 
23941 
23937 
23926 
23902 
23895 
23891 
23883 
23878 
23874 
23872 
23869 
23861 
23859 
23854 
23846 
23841 
23833 
23830 
23822 
23820 
23819 
23817 
23806 
23782 
23775 
23765 
23741 
23736 
23729 
23719 
23695 
23690 
23679 
23655 
23648 
23637 
23605 
23601 
23599 
23591 
23575 
23570 
23562 
23538 
23534 
23527 
23511 
23507 
23505 
23481 
23417 
23410 
23406 
23404 
23398 
23382 
23378 
23374 
23366 
23362 
23358 
23350 
23345 
23341 
23339 
23327 
23295 
23287 
23284 
23276 
23274 
23271 
23263 
23261 
23260 
23258 
23236 
23180 
23173 
23169 
23167 
23163 
23155 
23150 
23146 
23144 
23130 
23098 
23091 
23089 
23086 
23078 
23076 
23064 
23032 
23027 
23022 
23014 
23009 
23001 
22991 
22967 
22962 
22957 
22949 
22944 
22940 
22936 
22914 
22858 
22851 
22847 
22845 
22842 
22834 
22832 
22822 
22798 
22793 
22771 
22715 
22708 
22704 
22702 
22678 
22614 
22598 
22595 
22587 
22585 
22584 
22582 
22567 
22527 
22520 
22517 
22509 
22507 
22495 
22463 
22455 
22447 
22431 
22426 
22418 
22394 
22390 
22375 
22335 
22327 
22325 
22313 
22281 
22273 
22261 
22229 
22225 
22221 
22209 
22177 
22169 
22161 
22145 
22140 
22139 
22134 
22130 
22112 
22064 
22052 
21991 
21831 
21824 
21792 
21764 
21692 
21685 
21681 
21677 
21675 
21672 
21664 
21662 
21656 
21640 
21636 
21634 
21629 
21625 
21623 
21608 
21600 
21576 
21572 
21560 
21558 
21546 
21514 
21506 
21494 
21462 
21454 
21442 
21410 
21402 
21390 
21358 
21350 
21338 
21306 
21298 
21286 
21254 
21246 
21234 
21202 
21194 
21182 
21150 
21142 
21130 
21098 
21090 
21078 
21046 
21038 
21026 
20994 
20986 
20974 
20942 
20934 
20922 
20890 
20882 
20880 
20875 
20871 
20869 
20866 
20858 
20856 
20809 
20689 
20675 
20663 
20661 
20649 
20617 
20609 
20597 
20565 
20557 
20545 
20513 
20505 
20493 
20461 
20453 
20441 
20409 
20401 
20389 
20357 
20349 
20337 
20305 
20297 
20285 
20253 
20245 
20233 
20201 
20193 
20181 
20149 
20141 
20129 
20097 
20089 
20077 
20045 
20037 
20025 
19993 
19985 
19973 
19941 
19933 
19921 
19889 
19881 
19869 
19837 
19829 
19817 
19785 
19777 
19765 
19733 
19725 
19713 
19681 
19677 
19673 
19670 
19662 
19660 
19657 
19649 
19647 
19646 
19644 
19641 
19633 
19631 
19621 
19597 
19592 
19552 
19536 
19529 
19487 
19485 
19484 
19482 
19470 
19456 
19452 
19450 
19446 
19434 
19420 
19416 
19414 
19410 
19389 
19361 
19359 
19355 
19350 
19349 
19347 
19341 
19334 
19332 
19331 
19329 
19328 
19326 
19325 
19323 
19322 
19320 
19319 
19317 
19316 
19314 
19313 
19311 
19310 
19308 
19307 
19305 
19304 
19302 
19301 
19299 
19296 
19292 
19290 
19280 
19266 
19251 
19230 
19183 
19176 
19120 
19116 
19107 
19100 
19095 
19085 
19071 
19057 
19043 
19038 
19026 
19012 
19008 
18998 
18984 
18940 
18884 
18879 
18875 
18870 
18860 
18846 
18843 
18839 
18837 
18827 
18813 
18811 
18807 
18798 
18791 
18786 
18785 
18783 
18781 
18777 
18745 
18703 
18699 
18696 
18692 
18690 
18685 
18678 
18676 
18672 
18646 
18611 
18609 
18608 
18606 
18605 
18603 
18600 
18596 
18594 
18589 
18582 
18564 
18543 
18539 
18537 
18535 
18531 
18526 
18519 
18512 
18505 
18501 
18474 
18439 
18435 
18430 
18423 
18421 
18417 
18366 
18296 
18294 
18292 
18288 
18286 
18282 
18280 
18276 
18274 
18270 
18268 
18264 
18262 
18258 
18256 
18252 
18250 
18246 
18244 
18240 
18238 
18234 
18232 
18228 
18226 
18222 
18220 
18216 
18214 
18210 
18208 
18204 
18202 
18198 
18196 
18192 
18190 
18186 
18184 
18180 
18178 
18174 
18172 
18168 
18166 
18162 
18160 
18156 
18154 
18150 
18148 
18144 
18142 
18138 
18136 
18132 
18130 
18126 
18124 
18120 
18118 
18114 
18112 
18108 
18106 
18102 
18100 
18096 
18094 
18090 
18088 
18084 
18082 
18078 
18076 
18072 
18070 
18066 
18064 
18060 
18058 
18054 
18052 
18048 
18046 
18042 
18040 
18036 
18034 
18030 
18028 
18024 
18022 
18018 
18016 
18012 
18010 
18006 
18004 
18000 
17998 
17994 
17992 
17988 
17986 
17982 
17980 
17976 
17974 
17970 
17968 
17964 
17962 
17958 
17956 
17952 
17950 
17946 
17944 
17940 
17938 
17934 
17932 
17928 
17926 
17922 
17920 
17916 
17914 
17910 
17908 
17904 
17902 
17898 
17896 
17892 
17890 
17886 
17884 
17880 
17878 
17874 
17872 
17868 
17866 
17862 
17860 
17856 
17854 
17850 
17848 
17844 
17842 
17838 
17836 
17832 
17830 
17826 
17824 
17820 
17818 
17814 
17812 
17808 
17806 
17802 
17800 
17796 
17794 
17790 
17788 
17784 
17782 
17778 
17777 
17775 
17774 
17772 
17747 
17712 
17695 
17674 
17670 
17669 
17667 
17651 
17630 
17628 
17627 
17625 
17616 
17609 
17604 
17592 
17578 
17574 
17572 
17568 
17550 
17529 
17525 
17523 
17521 
17517 
17515 
17511 
17496 
17475 
17445 
17403 
17399 
17394 
17370 
17356 
17342 
17337 
17333 
17328 
17315 
17301 
17297 
17295 
17283 
17269 
17265 
17211 
17141 
17136 
17134 
17130 
17120 
17106 
17084 
17056 
17052 
17050 
17046 
17044 
17040 
17038 
17034 
17032 
17028 
17026 
17022 
17020 
17016 
17014 
17010 
17008 
17004 
17002 
16998 
16996 
16992 
16990 
16986 
16984 
16980 
16978 
16974 
16972 
16968 
16966 
16962 
16960 
16956 
16955 
16953 
16933 
16905 
16903 
16899 
16897 
16893 
16875 
16854 
16850 
16848 
16783 
16769 
16748 
16692 
16691 
16689 
16681 
16674 
16670 
16668 
16665 
16661 
16659 
16657 
16653 
16651 
16647 
16645 
16641 
16639 
16635 
16633 
16629 
16627 
16623 
16621 
16617 
16615 
16611 
16609 
16605 
16603 
16599 
16597 
16593 
16591 
16587 
16585 
16581 
16579 
16575 
16573 
16569 
16567 
16563 
16561 
16557 
16555 
16551 
16549 
16545 
16543 
16539 
16537 
16533 
16531 
16527 
16525 
16521 
16519 
16515 
16513 
16509 
16507 
16503 
16501 
16497 
16495 
16491 
16489 
16485 
16483 
16479 
16477 
16473 
16471 
16467 
16465 
16461 
16459 
16455 
16453 
16449 
16447 
16443 
16441 
16437 
16435 
16431 
16429 
16425 
16423 
16419 
16417 
16413 
16411 
16407 
16405 
16401 
16399 
16395 
16393 
16389 
16387 
16383 
16381 
16377 
16375 
16371 
16369 
16365 
16363 
16359 
16357 
16353 
16351 
16347 
16345 
16341 
16339 
16335 
16333 
16329 
16327 
16323 
16321 
16317 
16315 
16311 
16309 
16305 
16303 
16299 
16297 
16293 
16291 
16287 
16285 
16281 
16279 
16275 
16273 
16269 
16267 
16263 
16261 
16257 
16255 
16251 
16249 
16245 
16243 
16239 
16237 
16233 
16231 
16227 
16225 
16221 
16219 
16215 
16213 
16209 
16207 
16203 
16201 
16197 
16195 
16191 
16189 
16185 
16183 
16179 
16177 
16173 
16171 
16167 
16165 
16161 
16159 
16155 
16153 
16149 
16147 
16143 
16141 
16137 
16135 
16131 
16129 
16125 
16123 
16119 
16117 
16113 
16111 
16107 
16105 
16101 
16099 
16095 
16093 
16089 
16087 
16083 
16081 
16077 
16075 
16071 
16069 
16065 
16063 
16059 
16057 
16053 
16051 
16047 
16045 
16041 
16039 
16035 
16033 
16029 
16027 
16023 
16021 
16017 
16015 
16011 
16009 
16005 
16003 
15999 
15997 
15993 
15991 
15987 
15985 
15981 
15979 
15975 
15973 
15969 
15967 
15963 
15961 
15957 
15955 
15951 
15949 
15945 
15943 
15939 
15937 
15933 
15931 
15927 
15925 
15921 
15919 
15915 
15913 
15909 
15907 
15903 
15901 
15897 
15895 
15891 
15889 
15885 
15883 
15879 
15877 
15873 
15871 
15867 
15865 
15861 
15859 
15855 
15853 
15849 
15847 
15843 
15841 
15837 
15835 
15831 
15829 
15825 
15823 
15819 
15817 
15813 
15811 
15807 
15805 
15801 
15799 
15795 
15793 
15789 
15787 
15783 
15781 
15777 
15775 
15771 
15769 
15765 
15763 
15759 
15757 
15753 
15751 
15747 
15745 
15741 
15739 
15735 
15733 
15729 
15727 
15723 
15721 
15717 
15715 
15711 
15709 
15705 
15703 
15699 
15697 
15693 
15691 
15687 
15685 
15681 
15679 
15675 
15673 
15669 
15667 
15663 
15620 
15564 
15560 
15558 
15555 
15551 
15549 
15547 
15543 
15528 
15507 
15505 
15501 
15491 
15477 
15475 
15471 
15462 
15455 
15450 
15449 
15447 
15446 
15444 
15435 
15428 
15423 
15418 
15411 
15383 
15348 
15344 
15342 
15340 
15336 
15321 
15300 
15297 
15293 
15291 
15288 
15284 
15282 
15280 
15276 
15274 
15270 
15268 
15264 
15262 
15258 
15256 
15252 
15250 
15246 
15244 
15240 
15238 
15234 
15232 
15228 
15226 
15222 
15220 
15216 
15214 
15210 
15208 
15204 
15202 
15198 
15196 
15192 
15190 
15186 
15184 
15180 
15178 
15174 
15172 
15168 
15166 
15162 
15160 
15156 
15154 
15150 
15148 
15144 
15142 
15138 
15136 
15132 
15130 
15126 
15124 
15120 
15118 
15114 
15112 
15108 
15106 
15102 
15100 
15096 
15094 
15090 
15088 
15084 
15082 
15078 
15076 
15072 
15070 
15066 
15064 
15060 
15058 
15054 
15052 
15048 
15046 
15042 
15040 
15036 
15034 
15030 
15028 
15024 
15022 
15018 
15016 
15012 
15010 
15006 
15004 
15000 
14998 
14994 
14992 
14988 
14986 
14982 
14980 
14976 
14974 
14970 
14968 
14964 
14962 
14958 
14956 
14952 
14950 
14946 
14944 
14940 
14938 
14934 
14932 
14928 
14926 
14922 
14920 
14916 
14914 
14910 
14908 
14904 
14902 
14898 
14896 
14892 
14890 
14886 
14884 
14880 
14878 
14874 
14872 
14868 
14866 
14862 
14860 
14856 
14854 
14850 
14848 
14844 
14842 
14838 
14836 
14832 
14830 
14826 
14824 
14820 
14818 
14814 
14812 
14808 
14806 
14802 
14800 
14796 
14794 
14790 
14788 
14784 
14782 
14778 
14776 
14772 
14770 
14766 
14764 
14760 
14758 
14754 
14752 
14748 
14746 
14742 
14740 
14736 
14734 
14730 
14728 
14724 
14722 
14718 
14716 
14712 
14710 
14706 
14704 
14700 
14698 
14694 
14692 
14688 
14686 
14682 
14680 
14676 
14674 
14670 
14668 
14664 
14662 
14658 
14656 
14652 
14650 
14646 
14644 
14640 
14638 
14634 
14632 
14628 
14626 
14622 
14620 
14616 
14614 
14610 
14608 
14604 
14602 
14598 
14596 
14592 
14590 
14586 
14584 
14580 
14578 
14574 
14572 
14568 
14566 
14562 
14560 
14556 
14554 
14550 
14548 
14544 
14542 
14538 
14536 
14532 
14530 
14526 
14524 
14520 
14518 
14514 
14512 
14508 
14506 
14502 
14500 
14496 
14494 
14490 
14488 
14484 
14482 
14478 
14476 
14472 
14470 
14466 
14464 
14460 
14458 
14454 
14452 
14448 
14446 
14442 
14440 
14436 
14434 
14430 
14428 
14424 
14422 
14418 
14416 
14412 
14410 
14406 
14404 
14400 
14398 
14394 
14392 
14388 
14386 
14382 
14380 
14376 
14374 
14370 
14368 
14364 
14362 
14358 
14356 
14352 
14350 
14346 
14344 
14340 
14338 
14334 
14332 
14328 
14326 
14322 
14320 
14316 
14314 
14310 
14308 
14304 
14302 
14298 
14296 
14292 
14290 
14286 
14284 
14280 
14278 
14274 
14272 
14268 
14266 
14262 
14260 
14256 
14254 
14250 
14248 
14244 
14242 
14238 
14236 
14232 
14230 
14226 
14224 
14220 
14218 
14214 
14212 
14208 
14206 
14202 
14200 
14196 
14194 
14190 
14188 
14184 
14182 
14178 
14176 
14172 
14170 
14166 
14164 
14160 
14158 
14154 
14152 
14148 
14146 
14142 
14140 
14136 
14134 
14130 
14128 
14124 
14122 
14118 
14116 
14112 
14110 
14106 
14104 
14100 
14098 
14094 
14092 
14088 
14086 
14082 
14080 
14076 
14074 
14070 
14068 
14064 
14062 
14058 
14056 
14052 
14050 
14046 
14044 
14040 
14038 
14034 
14032 
14028 
14026 
14022 
14020 
14016 
14014 
14010 
14008 
14004 
14002 
13998 
13996 
13992 
13990 
13986 
13984 
13980 
13978 
13974 
13972 
13968 
13966 
13962 
13960 
13956 
13954 
13950 
13948 
13944 
13942 
13938 
13936 
13932 
13930 
13926 
13924 
13920 
13918 
13914 
13912 
13908 
13906 
13902 
13900 
13896 
13894 
13890 
13888 
13884 
13882 
13878 
13876 
13872 
13871 
13869 
13845 
13817 
13812 
13807 
13800 
13799 
13797 
13784 
13770 
13766 
13764 
13762 
13758 
13753 
13746 
13733 
13719 
13715 
13713 
13711 
13707 
13665 
13609 
13605 
13603 
13599 
13593 
13586 
13584 
13579 
13572 
13562 
13548 
13505 
13449 
13445 
13443 
13435 
13428 
13424 
13422 
13367 
13290 
13235 
13158 
13103 
13026 
12971 
12894 
12839 
12762 
12707 
12630 
12575 
12498 
12443 
12366 
12311 
12234 
12179 
12102 
12047 
11991 
11970 
11969 
11967 
11965 
11961 
11944 
11923 
11919 
11917 
11913 
11911 
11907 
11905 
11901 
11899 
11895 
11893 
11889 
11887 
11883 
11881 
11877 
11875 
11871 
11869 
11865 
11863 
11859 
11857 
11853 
11851 
11847 
11845 
11841 
11839 
11835 
11833 
11829 
11827 
11823 
11821 
11817 
11815 
11811 
11809 
11805 
11803 
11799 
11797 
11793 
11791 
11787 
11785 
11781 
11779 
11775 
11773 
11769 
11767 
11763 
11761 
11757 
11755 
11751 
11749 
11745 
11743 
11739 
11737 
11733 
11731 
11727 
11725 
11721 
11719 
11715 
11713 
11709 
11707 
11703 
11701 
11697 
11695 
11691 
11689 
11685 
11683 
11679 
11677 
11673 
11671 
11667 
11665 
11661 
11659 
11655 
11653 
11649 
11647 
11643 
11641 
11637 
11635 
11631 
11629 
11625 
11623 
11619 
11617 
11613 
11611 
11607 
11605 
11601 
11599 
11595 
11593 
11589 
11587 
11583 
11581 
11577 
11575 
11571 
11569 
11565 
11563 
11559 
11557 
11553 
11551 
11547 
11545 
11541 
11539 
11535 
11533 
11529 
11527 
11523 
11521 
11517 
11515 
11511 
11509 
11505 
11503 
11499 
11497 
11493 
11491 
11487 
11485 
11481 
11479 
11475 
11473 
11469 
11467 
11463 
11461 
11457 
11455 
11451 
11449 
11445 
11443 
11439 
11437 
11433 
11431 
11427 
11425 
11421 
11419 
11415 
11413 
11409 
11407 
11403 
11401 
11397 
11395 
11391 
11389 
11385 
11383 
11379 
11377 
11373 
11371 
11367 
11365 
11361 
11359 
11355 
11353 
11349 
11347 
11343 
11341 
11337 
11335 
11331 
11329 
11325 
11323 
11319 
11317 
11313 
11311 
11307 
11305 
11301 
11299 
11295 
11293 
11289 
11287 
11283 
11281 
11277 
11275 
11271 
11269 
11265 
11263 
11259 
11257 
11253 
11251 
11247 
11245 
11241 
11239 
11235 
11233 
11229 
11227 
11223 
11221 
11217 
11215 
11211 
11209 
11205 
11203 
11199 
11197 
11193 
11191 
11187 
11185 
11181 
11179 
11175 
11173 
11169 
11167 
11163 
11161 
11157 
11155 
11151 
11149 
11145 
11143 
11139 
11137 
11133 
11131 
11127 
11125 
11121 
11119 
11115 
11113 
11109 
11107 
11103 
11101 
11097 
11095 
11091 
11089 
11085 
11083 
11079 
11077 
11073 
11071 
11067 
11065 
11061 
11059 
11055 
11053 
11049 
11047 
11043 
11041 
11037 
11035 
11031 
11029 
11025 
11023 
11019 
11017 
11013 
11011 
11007 
11005 
11001 
10999 
10995 
10993 
10989 
10987 
10983 
10981 
10977 
10975 
10971 
10969 
10965 
10963 
10959 
10957 
10953 
10951 
10947 
10945 
10941 
10939 
10935 
10933 
10929 
10927 
10923 
10921 
10917 
10915 
10911 
10909 
10905 
10903 
10899 
10897 
10893 
10891 
10887 
10885 
10881 
10879 
10875 
10873 
10869 
10867 
10863 
10861 
10857 
10855 
10851 
10849 
10845 
10843 
10839 
10837 
10833 
10831 
10827 
10825 
10821 
10819 
10815 
10813 
10809 
10807 
10803 
10801 
10797 
10795 
10791 
10789 
10785 
10783 
10779 
10777 
10773 
10771 
10767 
10765 
10761 
10759 
10755 
10753 
10749 
10747 
10743 
10741 
10737 
10735 
10731 
10729 
10725 
10723 
10719 
10717 
10713 
10711 
10707 
10705 
10701 
10699 
10695 
10693 
10689 
10687 
10683 
10681 
10677 
10675 
10671 
10669 
10665 
10663 
10659 
10657 
10653 
10651 
10647 
10645 
10641 
10639 
10635 
10633 
10629 
10627 
10623 
10621 
10617 
10615 
10611 
10609 
10605 
10603 
10599 
10597 
10593 
10591 
10587 
10585 
10581 
10579 
10575 
10573 
10569 
10567 
10563 
10560 
10556 
10554 
10551 
10547 
10545 
10542 
10538 
10536 
10533 
10529 
10527 
10524 
10520 
10518 
10515 
10511 
10509 
10506 
10502 
10500 
10497 
10493 
10491 
10488 
10484 
10482 
10479 
10475 
10473 
10470 
10466 
10464 
10461 
10457 
10455 
10452 
10448 
10446 
10443 
10439 
10437 
10434 
10430 
10428 
10425 
10421 
10419 
10416 
10412 
10410 
10407 
10403 
10401 
10398 
10394 
10392 
10389 
10385 
10383 
10380 
10376 
10374 
10371 
10367 
10365 
10362 
10358 
10356 
10353 
10349 
10347 
10344 
10340 
10338 
10335 
10331 
10329 
10326 
10322 
10320 
10317 
10313 
10311 
10308 
10304 
10302 
10299 
10295 
10293 
10290 
10286 
10284 
10281 
10277 
10275 
10272 
10268 
10266 
10263 
10259 
10257 
10254 
10250 
10248 
10245 
10241 
10239 
10236 
10232 
10230 
10227 
10223 
10221 
10218 
10214 
10212 
10209 
10205 
10203 
10200 
10196 
10194 
10191 
10187 
10185 
10182 
10178 
10176 
10173 
10169 
10167 
10164 
10160 
10158 
10155 
10151 
10149 
10146 
10142 
10140 
10137 
10133 
10131 
10128 
10124 
10122 
10119 
10115 
10113 
10112 
10110 
10109 
10107 
10106 
10104 
10103 
10101 
10100 
10098 
10097 
10095 
10094 
10092 
10091 
10089 
10088 
10086 
10085 
10083 
10082 
10080 
10079 
10077 
10076 
10074 
10073 
10071 
10070 
10068 
10067 
10065 
10064 
10062 
10061 
10059 
10058 
10056 
10055 
10053 
10052 
10050 
10049 
10047 
10046 
10044 
10043 
10041 
10040 
10038 
10037 
10035 
10034 
10032 
10031 
10029 
10028 
10026 
10025 
10023 
10022 
10020 
10019 
10017 
10016 
10014 
10013 
10011 
10010 
10008 
10007 
10005 
10004 
10002 
10001 
9999 
9998 
9996 
9995 
9993 
9992 
9990 
9989 
9987 
9986 
9984 
9983 
9981 
9980 
9978 
9977 
9975 
9974 
9972 
9971 
9969 
9968 
9966 
9965 
9963 
9962 
9960 
9959 
9957 
9956 
9954 
9953 
9951 
9950 
9948 
9947 
9945 
9944 
9942 
9941 
9939 
9938 
9936 
9935 
9933 
9932 
9930 
9929 
9927 
9926 
9924 
9923 
9921 
9920 
9918 
9917 
9915 
9914 
9912 
9911 
9909 
9908 
9906 
9905 
9903 
9902 
9900 
9899 
9897 
9896 
9894 
9893 
9891 
9890 
9888 
9887 
9885 
9884 
9882 
9881 
9879 
9878 
9876 
9875 
9873 
9872 
9870 
9869 
9867 
9866 
9864 
9863 
9861 
9860 
9858 
9857 
9855 
9854 
9852 
9851 
9849 
9848 
9846 
9845 
9843 
9842 
9840 
9839 
9837 
9836 
9834 
9833 
9831 
9830 
9828 
9827 
9825 
9824 
9822 
9821 
9819 
9818 
9816 
9815 
9813 
9812 
9810 
9809 
9807 
9806 
9804 
9803 
9801 
9800 
9798 
9797 
9795 
9794 
9792 
9791 
9789 
9788 
9786 
9785 
9783 
9782 
9780 
9779 
9777 
9776 
9774 
9773 
9771 
9770 
9768 
9767 
9765 
9764 
9762 
9761 
9759 
9758 
9756 
9755 
9753 
9752 
9750 
9749 
9747 
9746 
9744 
9743 
9741 
9740 
9738 
9737 
9735 
9734 
9732 
9731 
9729 
9728 
9726 
9725 
9723 
9722 
9720 
9719 
9717 
9716 
9714 
9713 
9711 
9710 
9708 
9707 
9705 
9704 
9702 
9701 
9699 
9698 
9696 
9695 
9693 
9692 
9690 
9689 
9687 
9686 
9684 
9683 
9681 
9680 
9678 
9677 
9675 
9674 
9672 
9671 
9669 
9668 
9666 
9665 
9663 
9662 
9660 
9659 
9657 
9656 
9654 
9653 
9651 
9650 
9648 
9647 
9645 
9644 
9642 
9641 
9639 
9638 
9636 
9635 
9633 
9632 
9630 
9629 
9627 
9626 
9624 
9623 
9621 
9620 
9618 
9617 
9615 
9614 
9612 
9611 
9609 
9608 
9606 
9605 
9603 
9602 
9600 
9599 
9597 
9596 
9594 
9593 
9591 
9590 
9588 
9587 
9585 
9584 
9582 
9581 
9579 
9578 
9576 
9575 
9573 
9572 
9570 
9569 
9567 
9566 
9564 
9563 
9561 
9560 
9558 
9557 
9555 
9554 
9552 
9551 
9549 
9548 
9546 
9545 
9543 
9542 
9540 
9539 
9537 
9536 
9534 
9533 
9531 
9530 
9528 
9527 
9525 
9524 
9522 
9521 
9519 
9518 
9516 
9515 
9513 
9512 
9510 
9509 
9507 
9506 
9504 
9503 
9501 
9500 
9498 
9497 
9495 
9494 
9492 
9491 
9489 
9488 
9486 
9485 
9483 
9482 
9480 
9479 
9477 
9476 
9474 
9473 
9471 
9470 
9468 
9467 
9465 
9464 
9462 
9461 
9459 
9458 
9456 
9455 
9453 
9452 
9450 
9449 
9447 
9446 
9444 
9443 
9441 
9440 
9438 
9437 
9435 
9434 
9432 
9431 
9429 
9428 
9426 
9425 
9423 
9422 
9420 
9419 
9417 
9416 
9414 
9413 
9411 
9410 
9408 
9407 
9405 
9404 
9402 
9401 
9399 
9398 
9396 
9395 
9393 
9392 
9390 
9389 
9387 
9386 
9384 
9383 
9381 
9380 
9378 
9377 
9375 
9374 
9372 
9371 
9369 
9368 
9366 
9365 
9363 
9362 
9360 
9359 
9357 
9356 
9354 
9353 
9351 
9350 
9348 
9347 
9345 
9344 
9342 
9341 
9339 
9338 
9336 
9335 
9333 
9332 
9330 
9329 
9327 
9326 
9324 
9323 
9321 
9320 
9318 
9317 
9315 
9314 
9312 
9311 
9309 
9308 
9306 
9305 
9303 
9302 
9300 
9299 
9297 
9296 
9294 
9293 
9291 
9290 
9288 
9287 
9285 
9284 
9282 
9281 
9279 
9278 
9276 
9275 
9273 
9272 
9270 
9269 
9267 
9266 
9264 
9263 
9261 
9260 
9258 
9257 
9255 
9254 
9252 
9251 
9249 
9248 
9246 
9245 
9243 
9242 
9240 
9239 
9237 
9236 
9234 
9233 
9231 
9230 
9228 
9227 
9225 
9224 
9222 
9221 
9219 
9218 
9216 
9215 
9213 
9212 
9210 
9209 
9207 
9206 
9204 
9203 
9201 
9200 
9198 
9197 
9195 
9194 
9192 
9191 
9189 
9188 
9186 
9185 
9183 
9182 
9180 
9179 
9177 
9176 
9174 
9173 
9171 
9170 
9168 
9167 
9165 
9164 
9162 
9161 
9159 
9158 
9156 
9155 
9153 
9152 
9150 
9149 
9147 
9146 
9144 
9143 
9141 
9140 
9138 
9137 
9135 
9134 
9132 
9131 
9129 
9128 
9126 
9125 
9123 
9122 
9120 
9119 
9117 
9116 
9114 
9113 
9111 
9110 
9108 
9107 
9105 
9104 
9102 
9101 
9099 
9098 
9096 
9095 
9093 
9092 
9090 
9089 
9087 
9086 
9084 
9083 
9081 
9080 
9078 
9077 
9075 
9074 
9072 
9071 
9069 
9068 
9066 
9065 
9063 
9062 
9060 
9059 
9057 
9056 
9054 
9053 
9051 
9050 
9048 
9047 
9045 
9044 
9042 
9041 
9039 
9038 
9036 
9035 
9033 
9032 
9030 
9029 
9027 
9026 
9024 
9023 
9021 
9020 
9018 
9017 
9015 
9014 
9012 
9011 
9009 
9008 
9006 
9005 
9003 
9002 
9000 
8999 
8997 
8996 
8994 
8993 
8991 
8990 
8988 
8987 
8985 
8984 
8982 
8981 
8979 
8978 
8976 
8975 
8973 
8972 
8970 
8969 
8967 
8966 
8964 
8963 
8961 
8960 
8958 
8957 
8955 
8954 
8952 
8951 
8949 
8948 
8946 
8945 
8943 
8942 
8940 
8939 
8937 
8936 
8934 
8933 
8931 
8930 
8928 
8927 
8925 
8924 
8922 
8921 
8919 
8918 
8916 
8915 
8913 
8912 
8910 
8909 
8907 
8906 
8904 
8903 
8901 
8900 
8898 
8897 
8895 
8894 
8892 
8891 
8889 
8888 
8886 
8885 
8883 
8882 
8880 
8879 
8877 
8876 
8874 
8873 
8871 
8870 
8868 
8867 
8865 
8864 
8862 
8861 
8859 
8858 
8856 
8855 
8853 
8852 
8850 
8849 
8847 
8846 
8844 
8843 
8841 
8840 
8838 
8837 
8835 
8834 
8832 
8831 
8829 
8828 
8826 
8825 
8823 
8822 
8820 
8819 
8817 
8816 
8814 
8813 
8811 
8810 
8808 
8807 
8805 
8804 
8802 
8801 
8799 
8798 
8796 
8795 
8793 
8792 
8790 
8789 
8787 
8786 
8784 
8783 
8781 
8780 
8778 
8777 
8775 
8774 
8772 
8771 
8769 
8768 
8766 
8765 
8763 
8762 
8760 
8759 
8757 
8756 
8754 
8753 
8751 
8750 
8748 
8747 
8745 
8744 
8742 
8741 
8739 
8738 
8736 
8735 
8733 
8732 
8730 
8729 
8727 
8726 
8724 
8723 
8721 
8720 
8718 
8717 
8715 
8714 
8712 
8711 
8709 
8708 
8706 
8705 
8703 
8702 
8700 
8699 
8697 
8696 
8694 
8693 
8691 
8690 
8688 
8687 
8685 
8684 
8682 
8681 
8679 
8678 
8676 
8675 
8673 
8672 
8670 
8669 
8667 
8666 
8664 
8663 
8661 
8660 
8658 
8657 
8655 
8654 
8652 
8651 
8649 
8648 
8646 
8645 
8643 
8642 
8640 
8639 
8637 
8636 
8634 
8633 
8631 
8630 
8628 
8627 
8625 
8624 
8622 
8621 
8619 
8618 
8616 
8615 
8613 
8612 
8610 
8609 
8607 
8606 
8604 
8603 
8601 
8600 
8598 
8597 
8595 
8594 
8592 
8591 
8589 
8588 
8586 
8585 
8583 
8583
