55837
39037 
38790 
36390 
33978 
33642 
33594 
33114 
33102 
33090 
33078 
33066 
32694 
32685 
32673 
32667 
32657 
32647 
32641 
32631 
32621 
31619 
31049 
31035 
31029 
31019 
31009 
31003 
30983 
30977 
30957 
30951 
30931 
28987 
27885 
27869 
27857 
27837 
25881 
24760 
24730 
23278 
22442 
22424 
22410 
22400 
22394 
22387 
22377 
22353 
22338 
22314 
22299 
22275 
22260 
22254 
22244 
22234 
22228 
22218 
22208 
22202 
22192 
22182 
22176 
22166 
22156 
21178 
20627 
20613 
20583 
20553 
20537 
20525 
20505 
20487 
20473 
20453 
20429 
20413 
20401 
20365 
20346 
20336 
20330 
20310 
19104 
18838 
18828 
18360 
18018 
18012 
17970 
17964 
17958 
16494 
15792 
15342 
15336 
15330 
13404 
12414 
11892 
11886 
11352 
10896 
10872 
10800 
8592 
8588 
8583 
8580 
8580
