55837
38897 
38792 
37370 
34970 
32690 
32686 
32005 
31705 
31698 
31692 
31685 
31634 
31627 
31607 
31601 
31594 
31582 
31568 
31556 
31542 
31530 
31516 
31504 
31490 
31478 
31464 
31452 
31438 
29263 
29255 
29250 
29244 
28292 
27617 
26833 
26809 
26781 
26109 
25325 
23414 
23407 
22563 
22556 
22364 
22280 
22220 
22150 
22102 
22095 
22083 
22073 
22069 
22057 
22050 
22045 
22042 
22030 
22016 
21998 
21977 
21959 
21938 
20483 
20477 
20472 
20466 
19830 
19821 
19814 
19514 
19507 
19502 
19496 
19428 
19293 
19134 
17598 
17583 
16572 
14508 
13971 
13953 
13734 
13260 
10980 
9186 
8595 
8594 
8592 
8592
