55837
39037 
38780 
36380 
33980 
32708 
32686 
28574 
28370 
28160 
28122 
28088 
28052 
28032 
27744 
27711 
27691 
27674 
27655 
27639 
27622 
27603 
26643 
26538 
26511 
26495 
25631 
25526 
25507 
25491 
25471 
24623 
24553 
24519 
24502 
24483 
24211 
24178 
24158 
24142 
24125 
24106 
24090 
23418 
23348 
23323 
20875 
20770 
20732 
20696 
20661 
20625 
20590 
20566 
20548 
20528 
20112 
20077 
20049 
20031 
20014 
19995 
19467 
19407 
19071 
18891 
18627 
17787 
17775 
17559 
17547 
17499 
16395 
16383 
14955 
13011 
11187 
11151 
10167 
10155 
10143 
8595 
8586 
8580 
8579 
8579
