55837
38862 
38786 
34258 
32690 
32680 
32673 
31839 
31689 
31668 
31623 
31614 
31599 
31589 
31514 
31505 
31490 
31480 
31420 
31413 
31398 
31391 
31380 
31289 
31274 
31263 
31239 
31224 
31185 
31170 
31159 
31102 
31072 
31065 
30921 
30831 
30750 
30705 
30698 
30626 
30581 
30461 
30386 
28211 
28091 
28084 
28054 
28047 
28040 
26549 
26429 
26414 
26159 
26148 
26004 
25914 
25695 
25560 
25553 
25538 
25527 
25095 
24930 
24915 
24825 
24540 
24360 
24144 
24009 
23721 
23541 
23112 
22842 
22374 
22367 
22352 
22345 
22330 
22321 
22306 
22296 
22221 
22046 
22001 
21994 
21990 
21984 
21980 
21974 
21968 
21961 
21958 
21733 
21628 
21617 
21606 
21597 
21590 
21585 
21578 
21575 
21437 
21422 
21362 
21351 
21348 
21341 
21200 
21110 
21038 
21023 
21008 
20993 
20246 
20186 
20179 
20164 
20153 
20146 
20131 
20120 
20113 
20098 
20087 
20073 
20043 
20021 
20014 
20007 
19992 
19981 
19974 
19959 
19948 
19941 
19920 
19875 
19842 
19835 
19814 
19792 
19762 
19740 
19733 
19726 
19711 
19704 
19479 
19419 
18891 
18321 
17877 
17799 
17631 
17514 
16299 
16218 
15960 
15957 
15867 
15789 
15660 
14505 
14238 
13554 
12591 
11910 
11022 
9528 
9297 
9294 
8589 
8586 
8583 
8580 
8580
