55837
38827 
38750 
36374 
35626 
33030 
32722 
32681 
32644 
28907 
28861 
28817 
28777 
28740 
28703 
28666 
28407 
28367 
28330 
28292 
27552 
27511 
27473 
26955 
26914 
26877 
26581 
26541 
26282 
26242 
26094 
26056 
25834 
25796 
25537 
25497 
25238 
25198 
24939 
24899 
24677 
24639 
24380 
24340 
24303 
24044 
24004 
23745 
23705 
23446 
23406 
23147 
23107 
22848 
22808 
22586 
22546 
22287 
22247 
22025 
21987 
21765 
21727 
21505 
21467 
21245 
21207 
20985 
20947 
20725 
20687 
20465 
20427 
20242 
20205 
20167 
20130 
19982 
19945 
19907 
19833 
19611 
19571 
19548 
17742 
17259 
16734 
15159 
15138 
13962 
12324 
12303 
12282 
12261 
12240 
10434 
10413 
8607 
8589 
8579 
8579
