55837
38827 
38784 
37354 
34954 
32694 
32686 
32677 
32647 
32638 
32608 
32599 
32569 
32560 
32530 
32521 
32491 
30997 
30817 
30281 
28715 
28550 
27974 
27954 
26649 
25839 
25809 
25803 
25783 
25780 
25770 
23688 
23628 
22820 
22715 
22706 
22676 
22493 
22388 
22381 
22371 
22359 
22319 
22031 
21851 
21839 
21799 
21787 
21747 
21735 
21695 
21683 
21643 
21631 
21591 
21468 
21423 
21407 
21396 
20754 
20739 
20467 
20447 
18773 
18503 
18443 
18432 
18336 
18285 
18195 
18075 
17988 
17193 
17010 
16518 
16485 
16371 
15429 
14976 
14535 
13419 
13416 
12216 
12213 
9942 
8592 
8589 
8586 
8583 
8580 
8579 
8579
