45704
34250 
34219 
32839 
31049 
29249 
27939 
27931 
27903 
27894 
27886 
27060 
27044 
26340 
26332 
26325 
26317 
26310 
26302 
26295 
26287 
26266 
26258 
26250 
26243 
26235 
25325 
25317 
25309 
25267 
24420 
24412 
24404 
24187 
24179 
24171 
24073 
23877 
23653 
23443 
23203 
22300 
22284 
22256 
22228 
22212 
22198 
22190 
20832 
20824 
20816 
20417 
20409 
20150 
19854 
19455 
19447 
19439 
19425 
19417 
18192 
18168 
18160 
18152 
18124 
18092 
18085 
18077 
18035 
17987 
17728 
17432 
16480 
16472 
16465 
16325 
16311 
15933 
15501 
15242 
14946 
14729 
14481 
14425 
14418 
14411 
14401 
14393 
14383 
14377 
14371 
14364 
14359 
14353 
14343 
14331 
14324 
14119 
14059 
14051 
14044 
14024 
14017 
14011 
14004 
13999 
13993 
13988 
13982 
13952 
13942 
13937 
13931 
13924 
13879 
13869 
13862 
13807 
13797 
13788 
13782 
13777 
13771 
13764 
13754 
13748 
13742 
13562 
13552 
13502 
13352 
13302 
13152 
13102 
13052 
13042 
13033 
13028 
13022 
13017 
13011 
13004 
12999 
12993 
12988 
12982 
12977 
12971 
12964 
12954 
12948 
12942 
12917 
12908 
12902 
12897 
12891 
12884 
12824 
12804 
12714 
12684 
12679 
12673 
12668 
12662 
12657 
12651 
12644 
12634 
12622 
12612 
12604 
12594 
12582 
12497 
12477 
12468 
12462 
12432 
12422 
12367 
12357 
12348 
12342 
12287 
12277 
12268 
12262 
12257 
12251 
12244 
12074 
12024 
12017 
12011 
12004 
11924 
11904 
11897 
11891 
11884 
11804 
11794 
11791 
11791
