45704
34250 
34227 
33401 
30133 
29035 
27937 
27582 
27228 
27226 
26872 
26517 
25807 
25452 
24742 
24714 
24658 
24630 
24574 
24546 
24490 
24462 
24406 
24378 
24322 
24294 
24238 
24210 
24154 
24126 
24070 
24042 
23986 
23958 
23902 
23874 
23866 
23818 
23794 
23746 
23722 
23674 
23650 
23602 
23578 
23530 
23506 
23458 
23434 
23386 
23362 
23314 
23290 
23242 
23218 
23170 
23146 
23098 
23074 
23026 
23002 
22954 
22930 
22882 
22858 
22810 
22786 
22738 
22714 
22666 
22642 
22594 
22570 
22522 
22498 
22450 
22426 
22378 
22354 
22306 
22282 
22234 
22210 
22162 
22138 
22090 
22066 
22018 
21994 
21946 
21922 
21874 
21850 
21802 
21778 
21730 
21706 
21658 
21634 
21586 
21562 
21514 
21490 
21442 
21418 
21370 
21346 
21298 
21274 
21250 
21238 
21232 
21230 
21228 
21226 
21225 
21223 
21217 
21205 
21193 
21181 
21169 
21163 
21157 
21151 
21143 
21127 
21124 
21122 
21120 
21118 
21117 
21115 
21106 
21088 
21087 
21085 
21084 
21082 
21080 
21076 
21074 
21070 
21068 
21064 
21062 
21058 
21056 
21052 
21050 
21046 
21044 
21040 
21038 
21034 
21032 
21028 
21026 
21022 
21020 
21016 
21014 
21010 
21008 
21004 
21002 
20998 
20996 
20992 
20990 
20986 
20984 
20980 
20978 
20974 
20972 
20968 
20966 
20962 
20960 
20956 
20954 
20950 
20948 
20944 
20942 
20938 
20936 
20932 
20930 
20926 
20924 
20920 
20918 
20914 
20912 
20908 
20906 
20902 
20900 
20896 
20894 
20890 
20888 
20884 
20882 
20878 
20876 
20872 
20870 
20866 
20864 
20860 
20858 
20854 
20852 
20848 
20846 
20842 
20840 
20836 
20834 
20830 
20828 
20824 
20822 
20818 
20816 
20812 
20810 
20806 
20804 
20800 
20798 
20794 
20792 
20788 
20786 
20782 
20780 
20776 
20774 
20770 
20768 
20764 
20762 
20758 
20756 
20752 
20750 
20746 
20744 
20740 
20738 
20734 
20732 
20728 
20726 
20722 
20720 
20716 
20714 
20710 
20708 
20704 
20702 
20698 
20696 
20692 
20690 
20686 
20684 
20680 
20678 
20674 
20672 
20668 
20666 
20662 
20660 
20656 
20654 
20650 
20648 
20644 
20642 
20638 
20636 
20632 
20630 
20626 
20624 
20620 
20618 
20614 
20612 
20608 
20606 
20602 
20600 
20596 
20594 
20590 
20588 
20584 
20582 
20578 
20576 
20572 
20570 
20566 
20564 
20560 
20558 
20554 
20552 
20548 
20546 
20542 
20540 
20536 
20534 
20530 
20528 
20524 
20522 
20518 
20516 
20512 
20510 
20506 
20504 
20500 
20498 
20494 
20492 
20488 
20486 
20482 
20480 
20476 
20474 
20470 
20468 
20464 
20462 
20458 
20456 
20452 
20450 
20446 
20444 
20440 
20438 
20434 
20432 
20428 
20426 
20422 
20420 
20416 
20414 
20410 
20408 
20404 
20402 
20398 
20396 
20392 
20390 
20386 
20384 
20380 
20378 
20374 
20372 
20368 
20366 
20362 
20360 
20356 
20354 
20350 
20348 
20344 
20342 
20338 
20336 
20332 
20330 
20326 
20324 
20320 
20318 
20316 
20314 
20313 
20311 
20310 
20308 
20300 
20284 
20279 
20269 
20264 
20254 
20253 
20251 
20246 
20236 
20227 
20219 
20211 
20209 
20204 
20194 
20190 
20186 
20182 
20172 
20162 
20158 
20156 
20154 
20152 
20150 
20146 
20141 
20131 
20126 
20116 
20111 
20101 
20096 
20086 
20081 
20071 
20066 
20056 
20051 
20041 
20036 
20026 
20021 
20011 
20006 
19996 
19991 
19981 
19976 
19966 
19961 
19951 
19946 
19936 
19931 
19921 
19916 
19906 
19901 
19891 
19886 
19876 
19871 
19861 
19856 
19846 
19841 
19831 
19826 
19816 
19811 
19801 
19796 
19786 
19781 
19771 
19766 
19756 
19751 
19741 
19736 
19730 
19728 
19726 
19722 
19714 
19710 
19708 
19704 
19702 
19695 
19689 
19683 
19681 
19671 
19651 
19636 
19606 
19591 
19561 
19546 
19516 
19501 
19471 
19456 
19426 
19411 
19381 
19366 
19336 
19321 
19291 
19276 
19246 
19231 
19201 
19186 
19156 
19141 
19111 
19096 
19066 
19051 
19021 
19006 
18976 
18961 
18931 
18916 
18886 
18871 
18841 
18826 
18796 
18781 
18751 
18736 
18706 
18691 
18661 
18646 
18616 
18601 
18571 
18556 
18526 
18511 
18481 
18466 
18436 
18421 
18391 
18376 
18346 
18331 
18301 
18286 
18256 
18241 
18211 
18196 
18166 
18151 
18121 
18106 
18076 
18061 
18031 
18016 
17986 
17971 
17941 
17926 
17896 
17881 
17851 
17836 
17806 
17791 
17761 
17746 
17716 
17701 
17671 
17656 
17626 
17611 
17581 
17579 
17577 
17575 
17574 
17572 
17568 
17560 
17554 
17542 
17536 
17524 
17518 
17506 
17500 
17488 
17482 
17470 
17464 
17452 
17446 
17434 
17428 
17416 
17410 
17398 
17392 
17380 
17374 
17362 
17356 
17344 
17338 
17326 
17320 
17308 
17302 
17290 
17284 
17272 
17266 
17254 
17248 
17236 
17230 
17218 
17212 
17200 
17194 
17182 
17176 
17164 
17158 
17146 
17140 
17128 
17122 
17110 
17104 
17092 
17086 
17074 
17068 
17056 
17050 
17038 
17032 
17020 
17014 
17002 
16996 
16984 
16978 
16966 
16960 
16948 
16942 
16930 
16924 
16912 
16906 
16894 
16888 
16876 
16870 
16858 
16852 
16840 
16834 
16822 
16816 
16804 
16798 
16786 
16780 
16768 
16762 
16750 
16744 
16732 
16726 
16714 
16708 
16696 
16690 
16678 
16672 
16660 
16654 
16642 
16636 
16624 
16618 
16606 
16600 
16588 
16582 
16570 
16564 
16552 
16549 
16543 
16540 
16534 
16531 
16525 
16522 
16516 
16513 
16507 
16504 
16498 
16495 
16489 
16486 
16480 
16477 
16471 
16468 
16462 
16459 
16453 
16450 
16444 
16441 
16435 
16432 
16426 
16423 
16417 
16414 
16408 
16405 
16399 
16396 
16390 
16387 
16381 
16378 
16372 
16369 
16363 
16360 
16354 
16351 
16345 
16342 
16336 
16333 
16327 
16324 
16318 
16315 
16309 
16306 
16300 
16297 
16291 
16288 
16282 
16279 
16273 
16270 
16264 
16261 
16255 
16252 
16246 
16243 
16237 
16234 
16228 
16225 
16219 
16216 
16210 
16207 
16201 
16198 
16192 
16189 
16183 
16180 
16174 
16171 
16165 
16162 
16156 
16153 
16147 
16144 
16138 
16135 
16129 
16126 
16120 
16117 
16111 
16108 
16102 
16099 
16093 
16090 
16084 
16081 
16075 
16072 
16066 
16063 
16057 
16054 
16048 
16045 
16039 
16036 
16030 
16027 
16021 
16018 
16012 
16009 
16003 
16000 
15994 
15991 
15985 
15982 
15976 
15973 
15967 
15964 
15958 
15955 
15949 
15946 
15940 
15937 
15931 
15928 
15922 
15919 
15913 
15910 
15904 
15901 
15895 
15892 
15886 
15883 
15877 
15874 
15868 
15865 
15859 
15856 
15850 
15847 
15841 
15838 
15832 
15829 
15823 
15820 
15814 
15811 
15805 
15802 
15796 
15793 
15787 
15784 
15778 
15775 
15769 
15766 
15760 
15757 
15751 
15748 
15742 
15739 
15733 
15730 
15724 
15721 
15715 
15712 
15706 
15703 
15697 
15694 
15688 
15685 
15679 
15676 
15670 
15667 
15661 
15658 
15652 
15649 
15643 
15640 
15634 
15631 
15625 
15622 
15616 
15613 
15607 
15604 
15598 
15595 
15589 
15586 
15580 
15577 
15571 
15570 
15568 
15567 
15565 
15564 
15562 
15561 
15559 
15558 
15556 
15555 
15553 
15552 
15550 
15549 
15547 
15546 
15544 
15543 
15541 
15540 
15538 
15537 
15535 
15534 
15532 
15531 
15529 
15528 
15526 
15525 
15523 
15522 
15520 
15519 
15517 
15516 
15514 
15513 
15511 
15510 
15508 
15507 
15505 
15504 
15502 
15501 
15499 
15498 
15496 
15495 
15493 
15492 
15490 
15489 
15487 
15486 
15484 
15483 
15481 
15480 
15478 
15477 
15475 
15474 
15472 
15471 
15469 
15468 
15466 
15465 
15463 
15462 
15460 
15459 
15457 
15456 
15454 
15453 
15451 
15450 
15448 
15447 
15445 
15444 
15442 
15441 
15439 
15438 
15436 
15435 
15433 
15432 
15430 
15429 
15427 
15426 
15424 
15423 
15421 
15420 
15418 
15417 
15415 
15414 
15412 
15411 
15409 
15408 
15406 
15405 
15403 
15402 
15400 
15399 
15397 
15396 
15394 
15393 
15391 
15390 
15388 
15387 
15385 
15384 
15382 
15381 
15379 
15378 
15376 
15375 
15373 
15372 
15370 
15369 
15367 
15366 
15364 
15363 
15361 
15360 
15358 
15357 
15355 
15354 
15352 
15351 
15349 
15348 
15346 
15345 
15343 
15342 
15340 
15339 
15337 
15336 
15334 
15333 
15331 
15330 
15328 
15327 
15325 
15324 
15322 
15321 
15319 
15318 
15316 
15315 
15313 
15312 
15310 
15309 
15307 
15306 
15304 
15303 
15301 
15300 
15298 
15297 
15295 
15294 
15292 
15291 
15289 
15288 
15286 
15285 
15283 
15282 
15280 
15279 
15277 
15276 
15274 
15273 
15271 
15270 
15268 
15267 
15265 
15264 
15262 
15261 
15259 
15258 
15256 
15255 
15253 
15252 
15250 
15249 
15247 
15246 
15244 
15243 
15241 
15240 
15238 
15237 
15235 
15234 
15232 
15231 
15229 
15228 
15226 
15225 
15223 
15222 
15220 
15219 
15217 
15216 
15214 
15213 
15211 
15210 
15208 
15207 
15205 
15204 
15202 
15201 
15199 
15198 
15196 
15195 
15193 
15192 
15190 
15189 
15187 
15186 
15184 
15183 
15181 
15180 
15178 
15177 
15175 
15174 
15172 
15171 
15169 
15168 
15166 
15165 
15163 
15162 
15160 
15159 
15157 
15156 
15154 
15153 
15151 
15150 
15148 
15147 
15145 
15144 
15142 
15141 
15139 
15138 
15136 
15135 
15133 
15132 
15130 
15129 
15127 
15126 
15124 
15123 
15121 
15120 
15118 
15117 
15115 
15114 
15112 
15111 
15109 
15108 
15106 
15105 
15103 
15102 
15100 
15099 
15097 
15096 
15094 
15093 
15091 
15090 
15088 
15087 
15085 
15084 
15082 
15081 
15079 
15078 
15076 
15075 
15073 
15072 
15070 
15069 
15067 
15066 
15064 
15063 
15061 
15060 
15058 
15057 
15055 
15054 
15052 
15051 
15049 
15048 
15046 
15045 
15043 
15042 
15040 
15039 
15037 
15036 
15034 
15033 
15031 
15030 
15028 
15027 
15025 
15024 
15022 
15021 
15019 
15018 
15016 
15015 
15013 
15012 
15010 
15009 
15007 
15006 
15004 
15003 
15001 
15000 
14998 
14997 
14995 
14994 
14992 
14991 
14989 
14988 
14986 
14985 
14983 
14982 
14980 
14979 
14977 
14976 
14974 
14973 
14971 
14970 
14968 
14967 
14965 
14964 
14962 
14961 
14959 
14958 
14956 
14955 
14953 
14952 
14950 
14949 
14947 
14946 
14944 
14943 
14941 
14940 
14938 
14937 
14935 
14934 
14932 
14931 
14929 
14928 
14926 
14925 
14923 
14922 
14920 
14919 
14917 
14916 
14914 
14913 
14911 
14910 
14908 
14907 
14905 
14904 
14902 
14901 
14899 
14898 
14896 
14895 
14893 
14892 
14890 
14889 
14887 
14886 
14884 
14883 
14881 
14880 
14878 
14877 
14875 
14874 
14872 
14871 
14869 
14868 
14866 
14865 
14863 
14862 
14860 
14859 
14857 
14856 
14854 
14853 
14851 
14850 
14848 
14847 
14845 
14844 
14842 
14841 
14839 
14838 
14836 
14835 
14833 
14832 
14830 
14829 
14827 
14826 
14824 
14823 
14821 
14820 
14818 
14817 
14815 
14814 
14812 
14811 
14809 
14808 
14806 
14805 
14803 
14802 
14800 
14799 
14797 
14796 
14794 
14793 
14791 
14790 
14788 
14787 
14785 
14784 
14782 
14781 
14779 
14778 
14776 
14775 
14773 
14772 
14770 
14769 
14767 
14766 
14764 
14763 
14761 
14760 
14758 
14757 
14755 
14754 
14752 
14751 
14749 
14748 
14746 
14745 
14743 
14742 
14740 
14739 
14737 
14736 
14734 
14733 
14731 
14730 
14728 
14727 
14725 
14724 
14722 
14721 
14719 
14718 
14716 
14715 
14713 
14712 
14710 
14709 
14707 
14706 
14704 
14703 
14701 
14700 
14698 
14697 
14695 
14694 
14692 
14691 
14689 
14688 
14686 
14685 
14683 
14682 
14680 
14679 
14677 
14676 
14674 
14673 
14671 
14670 
14668 
14667 
14665 
14664 
14662 
14661 
14659 
14658 
14656 
14655 
14653 
14652 
14650 
14649 
14647 
14646 
14644 
14643 
14641 
14640 
14638 
14637 
14635 
14634 
14632 
14631 
14629 
14628 
14626 
14625 
14623 
14622 
14620 
14619 
14617 
14616 
14614 
14613 
14611 
14610 
14608 
14607 
14605 
14604 
14602 
14601 
14599 
14598 
14596 
14595 
14593 
14592 
14590 
14589 
14587 
14586 
14584 
14583 
14581 
14580 
14578 
14577 
14575 
14574 
14572 
14571 
14569 
14568 
14566 
14565 
14563 
14562 
14560 
14559 
14557 
14556 
14554 
14553 
14551 
14550 
14548 
14547 
14545 
14544 
14542 
14541 
14539 
14538 
14536 
14535 
14533 
14532 
14530 
14529 
14527 
14526 
14524 
14523 
14521 
14520 
14518 
14517 
14515 
14514 
14512 
14511 
14509 
14508 
14506 
14505 
14503 
14502 
14500 
14499 
14497 
14496 
14494 
14493 
14491 
14490 
14488 
14487 
14485 
14484 
14482 
14481 
14479 
14478 
14476 
14475 
14473 
14472 
14470 
14469 
14467 
14466 
14464 
14463 
14461 
14460 
14458 
14457 
14455 
14454 
14452 
14451 
14449 
14448 
14446 
14445 
14443 
14442 
14440 
14439 
14437 
14436 
14434 
14433 
14431 
14430 
14428 
14427 
14425 
14424 
14422 
14421 
14419 
14418 
14416 
14415 
14413 
14412 
14410 
14409 
14407 
14406 
14404 
14403 
14401 
14400 
14398 
14397 
14395 
14394 
14392 
14391 
14389 
14388 
14386 
14385 
14383 
14382 
14380 
14379 
14377 
14376 
14374 
14373 
14371 
14370 
14368 
14367 
14365 
14364 
14362 
14361 
14359 
14358 
14356 
14355 
14353 
14352 
14350 
14349 
14347 
14346 
14344 
14343 
14341 
14340 
14338 
14337 
14335 
14334 
14332 
14331 
14329 
14328 
14326 
14325 
14323 
14322 
14320 
14319 
14317 
14316 
14314 
14313 
14311 
14310 
14308 
14307 
14305 
14304 
14302 
14301 
14299 
14298 
14296 
14295 
14293 
14292 
14290 
14289 
14287 
14286 
14284 
14283 
14281 
14280 
14278 
14277 
14275 
14274 
14272 
14271 
14269 
14268 
14266 
14265 
14263 
14262 
14260 
14259 
14257 
14256 
14254 
14253 
14251 
14250 
14248 
14247 
14245 
14244 
14242 
14241 
14239 
14238 
14236 
14235 
14233 
14232 
14230 
14229 
14227 
14226 
14224 
14223 
14221 
14220 
14218 
14217 
14215 
14214 
14212 
14211 
14209 
14208 
14206 
14205 
14203 
14202 
14200 
14199 
14197 
14196 
14194 
14193 
14191 
14190 
14188 
14187 
14185 
14184 
14182 
14181 
14179 
14178 
14176 
14175 
14173 
14172 
14170 
14169 
14167 
14166 
14164 
14163 
14161 
14160 
14158 
14157 
14155 
14154 
14152 
14151 
14149 
14148 
14146 
14145 
14143 
14142 
14140 
14139 
14137 
14136 
14134 
14133 
14131 
14130 
14128 
14127 
14125 
14124 
14122 
14121 
14119 
14118 
14116 
14115 
14113 
14112 
14110 
14109 
14107 
14106 
14104 
14103 
14101 
14100 
14098 
14097 
14095 
14094 
14092 
14091 
14089 
14088 
14086 
14085 
14083 
14082 
14080 
14079 
14077 
14076 
14074 
14073 
14071 
14070 
14068 
14067 
14065 
14064 
14062 
14061 
14059 
14058 
14056 
14055 
14053 
14052 
14050 
14049 
14047 
14046 
14044 
14043 
14041 
14040 
14038 
14037 
14035 
14034 
14032 
14031 
14029 
14028 
14026 
14025 
14023 
14022 
14020 
14019 
14017 
14016 
14014 
14013 
14011 
14010 
14008 
14007 
14005 
14004 
14002 
14001 
13999 
13998 
13996 
13995 
13993 
13992 
13990 
13989 
13987 
13986 
13984 
13983 
13981 
13980 
13978 
13977 
13975 
13974 
13972 
13971 
13969 
13968 
13966 
13965 
13963 
13962 
13960 
13959 
13957 
13956 
13954 
13953 
13951 
13950 
13948 
13947 
13945 
13944 
13942 
13941 
13939 
13938 
13936 
13935 
13933 
13932 
13930 
13929 
13927 
13926 
13924 
13923 
13921 
13920 
13918 
13917 
13915 
13914 
13912 
13911 
13909 
13908 
13906 
13905 
13903 
13902 
13900 
13899 
13897 
13896 
13894 
13893 
13891 
13890 
13888 
13887 
13885 
13884 
13882 
13881 
13879 
13878 
13876 
13875 
13873 
13872 
13870 
13869 
13867 
13866 
13864 
13863 
13861 
13860 
13858 
13857 
13855 
13854 
13852 
13851 
13849 
13848 
13846 
13845 
13843 
13842 
13840 
13839 
13837 
13836 
13834 
13833 
13831 
13830 
13828 
13827 
13825 
13824 
13822 
13821 
13819 
13818 
13816 
13815 
13813 
13812 
13810 
13809 
13807 
13806 
13804 
13803 
13801 
13800 
13798 
13797 
13795 
13794 
13792 
13791 
13789 
13788 
13786 
13785 
13783 
13782 
13780 
13779 
13777 
13776 
13774 
13773 
13771 
13770 
13768 
13767 
13765 
13764 
13762 
13761 
13759 
13758 
13756 
13755 
13753 
13752 
13750 
13749 
13747 
13746 
13744 
13743 
13741 
13740 
13738 
13737 
13735 
13734 
13732 
13731 
13729 
13728 
13726 
13725 
13723 
13722 
13720 
13719 
13717 
13716 
13714 
13713 
13711 
13710 
13708 
13707 
13705 
13704 
13702 
13701 
13699 
13698 
13696 
13695 
13693 
13692 
13690 
13689 
13687 
13686 
13684 
13683 
13681 
13680 
13678 
13677 
13675 
13674 
13672 
13671 
13669 
13668 
13666 
13665 
13663 
13662 
13660 
13659 
13657 
13656 
13654 
13653 
13651 
13650 
13648 
13647 
13645 
13644 
13642 
13641 
13639 
13638 
13636 
13635 
13633 
13632 
13630 
13629 
13627 
13626 
13624 
13623 
13621 
13620 
13618 
13617 
13615 
13614 
13612 
13611 
13609 
13608 
13606 
13605 
13603 
13602 
13600 
13599 
13597 
13596 
13594 
13593 
13591 
13590 
13588 
13587 
13585 
13584 
13582 
13581 
13579 
13578 
13576 
13575 
13573 
13572 
13570 
13569 
13567 
13566 
13564 
13563 
13561 
13560 
13558 
13557 
13555 
13554 
13552 
13551 
13549 
13548 
13546 
13545 
13543 
13542 
13540 
13539 
13537 
13536 
13534 
13533 
13531 
13530 
13528 
13527 
13525 
13524 
13522 
13521 
13519 
13518 
13516 
13515 
13513 
13512 
13510 
13509 
13507 
13506 
13504 
13503 
13501 
13500 
13498 
13497 
13495 
13494 
13492 
13491 
13489 
13488 
13486 
13485 
13483 
13482 
13480 
13479 
13477 
13476 
13474 
13473 
13471 
13470 
13468 
13467 
13465 
13464 
13462 
13461 
13459 
13458 
13456 
13455 
13453 
13452 
13450 
13449 
13447 
13446 
13444 
13443 
13441 
13440 
13438 
13437 
13435 
13434 
13432 
13431 
13429 
13428 
13426 
13425 
13423 
13422 
13420 
13419 
13417 
13416 
13414 
13413 
13411 
13410 
13408 
13407 
13405 
13404 
13402 
13401 
13399 
13398 
13396 
13395 
13393 
13392 
13390 
13389 
13387 
13386 
13384 
13383 
13381 
13380 
13378 
13377 
13375 
13374 
13372 
13371 
13369 
13368 
13366 
13365 
13363 
13362 
13360 
13359 
13357 
13356 
13354 
13353 
13351 
13350 
13348 
13347 
13345 
13344 
13342 
13341 
13339 
13338 
13336 
13335 
13333 
13332 
13330 
13329 
13327 
13326 
13324 
13323 
13321 
13320 
13318 
13317 
13315 
13314 
13312 
13311 
13309 
13308 
13306 
13305 
13303 
13302 
13300 
13299 
13297 
13296 
13294 
13293 
13291 
13290 
13288 
13287 
13285 
13284 
13282 
13281 
13279 
13278 
13276 
13275 
13273 
13272 
13270 
13269 
13267 
13266 
13264 
13263 
13261 
13260 
13258 
13257 
13255 
13254 
13252 
13251 
13249 
13248 
13246 
13245 
13243 
13242 
13240 
13239 
13237 
13236 
13234 
13233 
13231 
13230 
13228 
13227 
13225 
13224 
13222 
13221 
13219 
13218 
13216 
13215 
13213 
13212 
13210 
13209 
13207 
13206 
13204 
13203 
13201 
13200 
13198 
13197 
13195 
13194 
13192 
13191 
13189 
13188 
13186 
13185 
13183 
13182 
13180 
13179 
13177 
13176 
13174 
13173 
13171 
13170 
13168 
13167 
13165 
13164 
13162 
13161 
13159 
13158 
13156 
13155 
13153 
13152 
13150 
13149 
13147 
13146 
13144 
13143 
13141 
13140 
13138 
13137 
13135 
13134 
13132 
13131 
13129 
13128 
13126 
13125 
13123 
13122 
13120 
13119 
13117 
13116 
13114 
13113 
13111 
13110 
13108 
13107 
13105 
13104 
13102 
13101 
13099 
13098 
13096 
13095 
13093 
13092 
13090 
13089 
13087 
13086 
13084 
13083 
13081 
13080 
13078 
13077 
13075 
13074 
13072 
13071 
13069 
13068 
13066 
13065 
13063 
13062 
13060 
13059 
13057 
13056 
13054 
13053 
13051 
13050 
13048 
13047 
13045 
13044 
13042 
13041 
13039 
13038 
13036 
13035 
13033 
13032 
13030 
13029 
13027 
13026 
13024 
13023 
13021 
13020 
13018 
13017 
13015 
13014 
13012 
13011 
13009 
13008 
13006 
13005 
13003 
13002 
13000 
12999 
12997 
12996 
12994 
12993 
12991 
12990 
12988 
12987 
12985 
12984 
12982 
12981 
12979 
12978 
12976 
12975 
12973 
12972 
12970 
12969 
12967 
12966 
12964 
12963 
12961 
12960 
12958 
12957 
12955 
12954 
12952 
12951 
12949 
12948 
12946 
12945 
12943 
12942 
12940 
12939 
12937 
12936 
12934 
12933 
12931 
12930 
12928 
12927 
12925 
12924 
12922 
12921 
12919 
12918 
12916 
12915 
12913 
12912 
12910 
12909 
12907 
12906 
12904 
12903 
12901 
12900 
12898 
12897 
12895 
12894 
12892 
12891 
12889 
12888 
12886 
12885 
12883 
12882 
12880 
12879 
12877 
12876 
12874 
12873 
12871 
12870 
12868 
12867 
12865 
12864 
12862 
12861 
12859 
12858 
12856 
12855 
12853 
12852 
12850 
12849 
12847 
12846 
12844 
12843 
12841 
12840 
12838 
12837 
12835 
12834 
12832 
12831 
12829 
12828 
12826 
12825 
12823 
12822 
12820 
12819 
12817 
12816 
12814 
12813 
12811 
12810 
12808 
12807 
12805 
12804 
12802 
12801 
12799 
12798 
12796 
12795 
12793 
12792 
12790 
12789 
12787 
12786 
12784 
12783 
12781 
12780 
12778 
12777 
12775 
12774 
12772 
12771 
12769 
12768 
12766 
12765 
12763 
12762 
12760 
12759 
12757 
12756 
12754 
12753 
12751 
12750 
12748 
12747 
12745 
12744 
12742 
12741 
12739 
12738 
12736 
12735 
12733 
12732 
12730 
12729 
12727 
12726 
12724 
12723 
12721 
12720 
12718 
12717 
12715 
12714 
12712 
12711 
12709 
12708 
12706 
12705 
12703 
12702 
12700 
12699 
12697 
12696 
12694 
12693 
12691 
12690 
12688 
12687 
12685 
12684 
12682 
12681 
12679 
12678 
12676 
12675 
12673 
12672 
12670 
12669 
12667 
12666 
12664 
12663 
12661 
12660 
12658 
12657 
12655 
12654 
12652 
12651 
12649 
12648 
12646 
12645 
12643 
12642 
12640 
12639 
12637 
12636 
12634 
12633 
12631 
12630 
12628 
12627 
12625 
12624 
12622 
12621 
12619 
12618 
12616 
12615 
12613 
12612 
12610 
12609 
12607 
12606 
12604 
12603 
12601 
12600 
12598 
12597 
12595 
12594 
12592 
12591 
12589 
12588 
12586 
12585 
12583 
12582 
12580 
12579 
12577 
12576 
12574 
12573 
12571 
12570 
12568 
12567 
12565 
12564 
12562 
12561 
12559 
12558 
12556 
12555 
12553 
12552 
12550 
12549 
12547 
12546 
12544 
12543 
12541 
12540 
12538 
12537 
12535 
12534 
12532 
12531 
12529 
12528 
12526 
12525 
12523 
12522 
12520 
12519 
12517 
12516 
12514 
12513 
12511 
12510 
12508 
12507 
12505 
12504 
12502 
12501 
12499 
12498 
12496 
12495 
12493 
12492 
12490 
12489 
12487 
12486 
12484 
12483 
12481 
12480 
12478 
12477 
12475 
12474 
12472 
12471 
12469 
12468 
12466 
12465 
12463 
12462 
12460 
12459 
12457 
12456 
12454 
12453 
12451 
12450 
12448 
12447 
12445 
12444 
12442 
12441 
12439 
12438 
12436 
12435 
12433 
12432 
12430 
12429 
12427 
12426 
12424 
12423 
12421 
12420 
12418 
12417 
12415 
12414 
12412 
12411 
12409 
12408 
12406 
12405 
12403 
12402 
12400 
12399 
12397 
12396 
12394 
12393 
12391 
12390 
12388 
12387 
12385 
12384 
12382 
12381 
12379 
12378 
12376 
12375 
12373 
12372 
12370 
12369 
12367 
12366 
12364 
12363 
12361 
12360 
12358 
12357 
12355 
12354 
12352 
12351 
12349 
12348 
12346 
12345 
12343 
12342 
12340 
12339 
12337 
12336 
12334 
12333 
12331 
12330 
12328 
12327 
12325 
12324 
12322 
12321 
12319 
12318 
12316 
12315 
12313 
12312 
12310 
12309 
12307 
12306 
12304 
12303 
12301 
12300 
12298 
12297 
12295 
12294 
12292 
12291 
12289 
12288 
12286 
12285 
12283 
12282 
12280 
12279 
12277 
12276 
12274 
12273 
12271 
12270 
12268 
12267 
12265 
12264 
12262 
12261 
12259 
12258 
12256 
12255 
12253 
12252 
12250 
12249 
12247 
12246 
12244 
12243 
12241 
12240 
12238 
12237 
12235 
12234 
12232 
12231 
12229 
12228 
12226 
12225 
12223 
12222 
12220 
12219 
12217 
12216 
12214 
12213 
12211 
12210 
12208 
12207 
12205 
12204 
12202 
12201 
12199 
12198 
12196 
12195 
12193 
12192 
12190 
12189 
12187 
12186 
12184 
12183 
12181 
12180 
12178 
12177 
12175 
12174 
12172 
12171 
12169 
12168 
12166 
12165 
12163 
12162 
12160 
12159 
12157 
12156 
12154 
12153 
12151 
12150 
12148 
12147 
12145 
12144 
12142 
12141 
12139 
12138 
12136 
12135 
12133 
12132 
12130 
12129 
12127 
12126 
12124 
12123 
12121 
12120 
12118 
12117 
12115 
12114 
12112 
12111 
12109 
12108 
12106 
12105 
12103 
12102 
12100 
12099 
12097 
12096 
12094 
12093 
12091 
12090 
12088 
12087 
12085 
12084 
12082 
12081 
12079 
12078 
12076 
12075 
12073 
12072 
12070 
12069 
12067 
12066 
12064 
12063 
12061 
12060 
12058 
12057 
12055 
12054 
12052 
12051 
12049 
12048 
12046 
12045 
12043 
12042 
12040 
12039 
12037 
12036 
12034 
12033 
12031 
12030 
12028 
12027 
12025 
12024 
12022 
12021 
12019 
12018 
12016 
12015 
12013 
12012 
12010 
12009 
12007 
12006 
12004 
12003 
12001 
12000 
11998 
11997 
11995 
11994 
11992 
11991 
11989 
11988 
11986 
11985 
11983 
11982 
11980 
11979 
11977 
11976 
11974 
11973 
11971 
11970 
11968 
11967 
11965 
11964 
11962 
11961 
11959 
11958 
11956 
11955 
11953 
11952 
11950 
11949 
11947 
11946 
11944 
11943 
11941 
11940 
11938 
11937 
11935 
11934 
11932 
11931 
11929 
11928 
11926 
11925 
11923 
11922 
11920 
11919 
11917 
11916 
11914 
11913 
11911 
11910 
11908 
11907 
11905 
11904 
11902 
11901 
11899 
11898 
11896 
11895 
11893 
11892 
11890 
11889 
11887 
11886 
11884 
11883 
11881 
11880 
11878 
11877 
11875 
11874 
11872 
11871 
11869 
11868 
11866 
11865 
11863 
11862 
11860 
11859 
11857 
11856 
11854 
11853 
11851 
11850 
11848 
11847 
11845 
11844 
11842 
11841 
11839 
11838 
11836 
11835 
11833 
11832 
11830 
11829 
11827 
11826 
11824 
11823 
11821 
11820 
11818 
11817 
11815 
11814 
11812 
11811 
11809 
11808 
11806 
11805 
11803 
11802 
11800 
11800
