45704
34319 
34227 
34011 
34003 
30747 
27939 
27933 
27927 
25971 
25965 
25773 
24213 
23031 
23025 
23019 
23013 
23007 
23001 
22995 
21429 
21423 
21417 
21411 
21405 
21399 
21393 
21387 
21381 
21375 
21369 
21363 
21357 
21351 
21345 
21339 
21333 
21327 
21321 
21315 
21309 
21303 
21297 
21291 
21285 
21279 
21273 
21267 
21261 
21255 
21249 
21243 
21237 
21231 
21225 
21219 
21213 
21207 
21201 
21195 
21189 
21183 
21177 
21171 
21165 
21159 
21153 
21147 
21141 
21135 
21129 
21123 
21117 
21111 
21105 
21099 
21093 
21087 
21081 
21075 
21069 
21063 
21057 
21051 
21045 
21039 
21033 
21027 
21021 
21015 
21009 
21003 
20997 
20991 
20985 
20979 
20973 
20967 
20961 
20955 
20949 
20943 
20937 
20931 
20925 
20919 
20913 
20907 
20901 
20895 
20889 
20883 
20877 
20871 
20865 
20859 
20853 
20847 
20841 
20835 
20829 
20823 
20817 
20811 
20805 
20799 
20793 
20787 
20781 
20775 
20769 
20763 
20757 
20751 
20745 
20739 
20733 
20727 
20721 
20715 
20709 
20703 
20697 
20691 
20685 
20679 
20673 
20667 
20661 
20655 
20649 
20643 
20637 
20631 
20625 
20619 
20613 
20607 
20601 
20595 
20589 
20583 
20577 
20571 
20565 
20559 
20553 
20547 
20541 
20535 
20529 
20523 
20517 
20511 
20505 
20499 
20493 
20487 
20481 
20475 
20469 
20463 
20457 
20451 
20445 
20439 
20433 
20427 
20421 
20415 
20409 
20403 
20397 
20391 
20385 
20379 
20373 
20367 
20361 
20355 
20349 
20343 
20337 
20331 
20325 
20319 
20313 
20307 
20301 
20295 
20289 
20283 
20277 
20271 
20265 
20259 
20253 
20247 
20241 
20235 
20229 
20223 
20217 
20211 
20205 
20199 
20193 
20187 
20181 
20175 
20169 
20163 
20157 
20151 
20145 
20139 
20133 
20127 
20121 
20115 
20109 
20103 
20097 
20091 
20085 
20079 
20073 
20067 
20061 
20055 
20049 
20043 
20037 
20031 
20025 
20019 
20013 
20007 
20001 
19995 
19989 
19983 
19977 
19971 
19965 
19959 
19953 
19947 
19941 
19935 
19929 
19923 
19917 
19911 
19905 
19899 
19893 
19887 
19881 
19875 
19869 
19863 
19857 
19851 
19845 
19839 
19833 
19827 
19821 
19815 
19809 
19803 
19797 
19791 
19785 
19779 
19773 
19767 
19761 
19755 
19749 
19743 
19737 
19731 
19725 
19671 
19665 
19659 
19653 
19647 
19641 
19635 
19629 
19623 
19617 
19611 
19605 
19599 
19593 
19587 
19581 
19575 
19569 
19563 
19557 
19551 
19545 
19539 
19533 
19527 
19521 
19515 
19509 
19503 
19497 
19491 
19485 
19479 
19473 
19467 
19461 
19455 
19449 
19443 
19437 
19431 
19425 
19419 
19413 
19407 
19401 
19395 
19389 
19383 
19377 
19371 
19365 
19359 
19353 
19347 
19341 
19335 
19329 
19323 
19317 
19311 
19305 
19299 
19293 
19287 
19281 
19275 
19269 
19263 
19257 
19251 
19245 
19239 
19233 
19227 
19221 
19215 
19209 
19203 
19197 
19191 
19185 
19179 
19173 
19167 
19161 
19155 
19149 
19143 
19137 
19131 
19125 
19119 
19113 
19107 
19101 
19095 
19089 
19083 
19077 
19071 
19065 
19059 
19053 
19047 
19041 
19035 
19029 
19023 
19017 
19011 
19005 
18999 
18993 
18987 
18981 
18975 
18969 
18963 
18957 
18951 
18945 
18939 
18933 
18927 
18921 
18915 
18909 
18903 
18897 
18891 
18885 
18879 
18873 
18867 
18861 
18855 
18849 
18843 
18837 
18831 
18825 
18819 
18813 
18807 
18801 
18795 
18789 
18783 
18777 
18771 
18765 
18759 
18753 
18747 
18741 
18735 
18729 
18723 
18717 
18711 
18705 
18699 
18693 
18687 
18681 
18675 
18669 
18663 
18657 
18651 
18645 
18639 
18633 
18627 
18621 
18615 
18609 
18603 
18597 
18591 
18585 
18579 
18573 
18567 
18561 
18555 
18549 
18543 
18537 
18531 
18525 
17241 
16287 
15117 
13965 
13959 
13953 
13947 
13941 
13935 
13929 
13029 
13023 
13017 
13011 
13005 
12999 
12993 
12987 
12981 
12975 
12969 
12963 
12957 
12951 
12945 
12939 
12933 
12927 
12921 
12915 
12909 
12903 
12897 
12891 
12885 
12879 
12873 
12867 
12861 
12855 
12849 
12843 
12837 
12831 
12825 
12819 
12813 
12807 
12801 
12795 
12789 
12783 
12777 
12771 
12765 
12759 
12753 
12747 
12741 
12735 
12729 
12723 
12717 
12711 
12705 
12699 
12693 
12687 
12681 
12675 
12669 
12663 
12657 
12651 
12645 
12639 
12633 
12627 
12621 
12615 
12609 
12603 
12597 
12591 
12585 
12579 
12573 
12567 
12561 
12555 
12549 
12543 
12537 
12531 
12525 
12519 
12513 
12507 
12501 
12495 
12489 
12483 
12477 
12471 
12465 
12459 
12453 
12447 
12441 
12435 
12429 
12423 
12417 
12411 
12405 
12399 
12393 
12387 
12381 
12375 
12369 
12363 
12357 
12351 
12345 
12339 
12333 
12327 
12321 
12315 
12309 
12303 
12297 
12291 
12285 
12279 
12273 
12267 
12261 
12255 
12249 
12243 
12237 
12231 
12225 
12219 
12213 
12207 
12201 
12195 
12189 
12183 
12177 
12171 
12165 
12159 
12153 
12147 
12141 
12135 
12129 
12123 
12117 
12111 
12105 
12099 
12093 
12087 
12081 
12075 
12069 
12063 
12057 
12051 
12045 
12039 
12033 
12027 
12021 
12015 
12009 
12003 
11997 
11991 
11985 
11979 
11973 
11967 
11961 
11955 
11949 
11943 
11937 
11931 
11925 
11919 
11913 
11907 
11901 
11895 
11889 
11883 
11877 
11871 
11865 
11859 
11853 
11847 
11841 
11835 
11829 
11823 
11817 
11811 
11806 
11803 
11800 
11797 
11794 
11791 
11791
