45704
34273 
34219 
32173 
30864 
29313 
29302 
27718 
27432 
25584 
25575 
23235 
23226 
23217 
21948 
21939 
21930 
21921 
21912 
21903 
21156 
21147 
21138 
21129 
21120 
20823 
19626 
19617 
18852 
18213 
18204 
16485 
14748 
14739 
14730 
14721 
14712 
14703 
14694 
14685 
14676 
14667 
14658 
14649 
14640 
14631 
14622 
14613 
14604 
14595 
14586 
14577 
14568 
14559 
14550 
14541 
14532 
14523 
14514 
14505 
14496 
14487 
14478 
14469 
14460 
14451 
14442 
14433 
14424 
14415 
14406 
14397 
14388 
14379 
14370 
14361 
14352 
14343 
14334 
14325 
14316 
14307 
14298 
14289 
14280 
14271 
14262 
14253 
14244 
14235 
14226 
14217 
14208 
14199 
14190 
14181 
14172 
14163 
14154 
14145 
14136 
14127 
14118 
14109 
14100 
14091 
14082 
14073 
14064 
14055 
14046 
14037 
14028 
14019 
14010 
14001 
13992 
13983 
13974 
13965 
13956 
13947 
13938 
13929 
13920 
13911 
13902 
13893 
13884 
13875 
13866 
13857 
13848 
13839 
13830 
13821 
13812 
13803 
13794 
13785 
13776 
13767 
13758 
13749 
13740 
13731 
13722 
13713 
13704 
13695 
13686 
13677 
13668 
13659 
13650 
13641 
13632 
13623 
13614 
13605 
13596 
13587 
13578 
13569 
13560 
13551 
13542 
13533 
13524 
13515 
13506 
13497 
13488 
13479 
13470 
13461 
13452 
13443 
13434 
13425 
13416 
13407 
13398 
13389 
13380 
13371 
13362 
13353 
13344 
13335 
13326 
13317 
13308 
13299 
13290 
13281 
13272 
13263 
13254 
13245 
13236 
13227 
13218 
13209 
13200 
13191 
13182 
13173 
13164 
13155 
13146 
13137 
13128 
13119 
13110 
13101 
13092 
13083 
13074 
13065 
13056 
13047 
13038 
13029 
13020 
13011 
13002 
12993 
12984 
12975 
12966 
12957 
12948 
12939 
12930 
12921 
12912 
12903 
12894 
12885 
12876 
12867 
12858 
12849 
12840 
12831 
12822 
12813 
12804 
12795 
12786 
12777 
12768 
12759 
12750 
12741 
12732 
12723 
12714 
12705 
12696 
12687 
12678 
12669 
12660 
12651 
12642 
12633 
12624 
12615 
12606 
12597 
12588 
12579 
12570 
12561 
12552 
12543 
12534 
12525 
12516 
12507 
12498 
12489 
12480 
12471 
12462 
12453 
12444 
12435 
12426 
12417 
12408 
12399 
12390 
12381 
12372 
12363 
12354 
12345 
12336 
12327 
12318 
12309 
12300 
12291 
12282 
12273 
12264 
12255 
12246 
12237 
12228 
12219 
12210 
12201 
12192 
12183 
12174 
12165 
12156 
12147 
12138 
12129 
12120 
12111 
12102 
12093 
12084 
12075 
12066 
12057 
12048 
12039 
12030 
12021 
12012 
12003 
11994 
11985 
11976 
11967 
11958 
11949 
11940 
11931 
11922 
11913 
11904 
11895 
11886 
11877 
11868 
11859 
11850 
11841 
11832 
11823 
11814 
11805 
11797 
11793 
11791 
11791
