55837
38827 38827 38827 38827 38827 38827 38827 38179 36358 50177 51033 51307 
36117 35394 35394 35206 35066 34896 33878 33878 33878 32690 34094 
32378 32066 31574 31506 31296 31058 31845 31124 30856 30608 
30296 29984 29492 29424 29214 28976 29763 28868 28774 29042 
27649 27649 27658 27590 27380 27176 27622 27037 26599 26815 
25474 25474 25483 25415 25205 25001 25447 24669 24640 25027 
23515 23515 23524 23456 23246 23042 23488 22710 23806 23068 
21585 21585 21602 21526 21367 21146 22038 21534 21879 20742 
19617 19617 19634 19558 19399 19178 20230 19398 19911 
19118 19043 19118 19043 18936 18848 18506 18023 18275 
17963 17948 17948 17723 17723 17671 17148 16880 16529 
16514 16484 16349 16349 16229 16177 15654 15305 15509 
15290 15260 15230 15005 15005 14953 14430 14282 14471 
14267 14237 14222 13982 13982 13749 13764 13139 13451 
13124 12959 12959 12839 12839 12606 12621 12119 12119 
12104 12059 11969 11819 11819 11586 11601 11216 11285 
11156 11126 11156 10916 10916 10683 10698 10382 10430 
10337 10307 10307 10082 10082 9849 9507 9932 9551 
9492 9477 9336 9354 9393 9393 9051 9057 
9036 9021 8880 8937 8898 8880 8829 8652 
8637 8622 8637 8628 8635 
8598 8598 8598 8598 
8595 8592 8586 
8583 8584 
8580 
8580
