55837
38897 38897 38897 38897 38897 38897 38897 38503 39106 50149 51033 51307 
38464 32839 32839 32839 34171 34171 34171 37075 32839 33973 33699 33973 
32800 32725 32755 32755 32725 30880 30664 32344 31936 30871 
30621 30432 30632 30432 30432 30310 29700 29700 29644 28705 
28662 28657 28657 28473 28473 28351 27837 27837 27871 26737 
26694 26505 26585 26505 26505 26383 25869 25773 24655 25171 
24612 24623 24623 24423 24423 24301 23787 23783 23635 23089 
23046 22857 23057 22857 22937 22735 22393 22393 22069 
22026 22029 22029 21837 21837 21715 21201 21105 21166 
21062 20953 21057 20873 20873 20751 20409 20181 20271 
20138 20141 19949 19949 19949 19827 19485 19309 18687 
18644 18647 18455 18455 18455 18333 17819 17991 17544 
17501 17504 17512 17312 17312 17190 16880 16880 16320 
16277 16280 16088 16088 16088 15966 15452 15448 14856 
14813 14816 14816 14624 14704 14502 14140 13984 14025 
13941 13752 13752 13752 13752 13630 13116 13348 13081 
13038 12849 13033 12849 12849 12727 12417 12445 12247 
12204 12015 12015 12015 12015 11893 11879 11611 11416 
11373 11368 11376 11184 11184 11062 10980 10548 11131 
10505 10316 10508 10316 10316 10194 10140 10155 10263 
10098 10126 10077 10084 10026 9939 9939 9747 9855 
9705 9733 9670 9670 9633 9546 9366 9249 9454 
9207 9235 9172 9172 9135 9048 9048 
9006 9034 8971 8971 8934 8934 
8895 8838 8886 8886 8880 8838 
8799 8790 8790 8790 8739 8739 
8700 8691 8691 8685 8691 8704 
8646 8637 8637 8637 8637 
8598 8633 
8597 
8595 
8595
