55837
38862 38862 38862 38862 38862 38862 38862 38503 44849 51309 51033 51307 
38462 34951 34951 34951 34951 34951 34951 34951 34951 33671 33671 34273 
33630 32783 32783 32783 32727 32783 32727 32723 32166 31373 
31330 30485 30485 30485 30429 29477 30429 29477 29323 29414 
29280 29283 29283 28585 28585 28585 28585 28513 27364 27364 
27321 27342 27324 26626 26626 26626 26626 26554 26344 25396 
25353 25374 25336 24658 24658 24658 24658 24371 23221 23314 
23178 23199 23181 22483 22483 22483 22483 22196 22201 21139 
21096 21117 21079 20401 20401 20401 20401 20184 20119 
20076 20097 20069 19381 19381 19381 19381 19094 19216 
19051 19072 18643 18643 18643 18643 18444 17864 18191 
17821 17842 17413 17413 17413 17413 17126 16909 16400 
16357 15949 15949 15949 15949 15949 15662 15445 15497 
15402 14994 15357 15357 14994 14994 14795 14629 14542 
14499 14520 14091 14091 14212 14091 13892 13396 13396 
13353 12945 12945 13220 13220 12945 12658 12586 12034 
11991 12012 11583 11858 11858 11583 11449 11224 10810 
10767 10359 10634 10359 10359 10359 10225 10000 
9957 9703 9703 9703 9824 9460 9610 9610 
9417 9370 9370 9370 9332 9205 9135 9317 
9093 8946 9087 9003 8946 8946 8886 8997 
8844 8814 8838 8844 8838 8790 8817 
8748 8748 8763 8742 8742 8751 
8700 8700 8715 8700 8685 8710 
8643 8640 8658 8661 8637 
8595 8631 8633 
8592 8589 
8586 8587 
8585 
8583 
8582 
8580 
8580
