55837
39037 39037 39037 39037 39037 39037 38656 37207 34473 48180 51033 51307 
32857 32857 32857 32769 32637 33129 31951 32640 31132 31341 
29898 29898 29492 29428 29296 29788 27635 27986 27635 28000 
26401 26401 25995 25931 25799 26207 24489 25113 25973 24503 
23255 23255 22849 22785 22653 23145 21356 21967 22449 21357 
20122 20122 19716 19652 19520 19265 20768 19694 18368 18224 
16990 16990 16556 16520 16388 16133 17636 17204 16562 
16125 15299 15239 14345 14639 15239 14345 15299 14471 
14337 14285 14285 14093 14051 14093 12851 13517 12683 
12675 12557 12557 12557 11543 12389 12263 11855 10397 
10389 10337 10049 10271 10049 9695 9497 9569 9566 
9489 9371 9455 9371 9203 9149 9077 8941 
8922 8884 8770 8770 8669 8669 8665 8663 
8655 8645 8639 8631 8615 
8607 8603 8600 8607 
8592 8594 8588 
8583 8582 
8579 
8579
