55837
38827 38827 38827 38827 38827 38827 38827 38827 36844 51309 51033 51307 
34468 34468 34468 34468 34468 34468 34468 34468 34768 34768 32688 32686 
32330 32330 32330 32330 32330 32330 32330 32330 32330 
32314 32314 31622 31622 31622 31622 31622 31618 31618 
31146 31146 31146 31146 31146 31146 31146 31440 31262 
31141 31134 31134 31134 31100 30790 30790 30790 30790 
29846 29846 29846 29846 29846 29846 29846 30174 30078 
29832 29832 29766 29766 29606 29606 29606 29610 
29601 29275 29594 29594 29275 29275 29275 29275 29275 
29267 29261 28609 28609 28609 28609 28609 28659 28613 
28595 28595 28389 28173 28529 28461 28301 
28168 28169 28161 28161 28127 28127 27955 27955 
27947 27379 27379 27379 27379 27379 27379 27519 
27365 27365 27299 27231 27307 27231 27231 27235 
27226 27227 27220 27220 27087 27185 27157 27087 
26703 26703 26703 26703 26703 26703 26795 26815 
26689 26689 26603 26603 26639 26603 26607 
26598 26591 26592 26592 26580 26529 26457 26457 
26065 26065 26065 26065 26065 26065 26165 26165 
26058 26051 25969 25969 25985 25969 25967 
25775 25775 25775 25775 25775 25703 25771 
25689 25689 25627 25643 25639 25575 25573 
25559 25559 25545 25543 25442 25442 25499 25442 
25386 25386 25386 25322 25098 25098 25182 25180 
25084 25084 25038 25010 25010 25018 25024 
24996 24996 24982 24980 24977 24924 24936 
24868 24692 24692 24804 24692 24764 24752 
24685 24678 24632 24632 24636 24634 24618 
24610 24506 24426 24506 24426 24470 24470 
24419 24412 24370 24366 24322 24378 
24315 24308 24294 24292 24297 24274 
24266 24146 24146 24146 24146 24178 
24132 24132 24130 24086 24114 24114 
24081 24082 24082 24068 24054 24054 
24046 24038 23966 23966 23990 23990 
23952 23952 23946 23946 23944 
23936 23928 23888 23904 23880 23880 
23872 23868 23825 23825 23864 
23811 23811 23801 23801 23809 
23796 23797 23790 23790 23785 
23777 23745 23745 23753 23753 
23738 23735 23733 23734 23729 
23721 23715 23699 23697 23697 
23689 23667 23667 23689 23679 
23662 23663 23657 23656 23651 
23643 23611 23611 23619 23619 
23604 23601 23599 23600 23593 
23586 23579 23557 23557 23555 
23548 23543 23519 23546 
23514 23515 23507 23509 
23475 23475 23475 23483 
23468 23467 23467 23465 
23457 23449 23449 23445 
23437 23429 23437 23437 23425 
23409 23401 23393 23385 23385 
23377 23369 23361 23377 
23353 23349 23341 23353 
23325 23325 23333 23333 
23317 23315 23317 23317 
23308 23307 23307 23307 
23302 23302 23295 23299 
23263 23263 23263 23271 
23256 23255 23255 23255 
23250 23253 23251 23247 
23239 23231 23231 23231 
23224 23223 23223 23223 
23218 23219 23219 23215 
23199 23199 23199 23199 
23192 23191 23191 
23186 23188 23187 
23181 23183 23182 
23176 23177 23177 
23171 23170 23171 
23168 23168 23165 
23157 23149 23155 
23145 23147 23145 
23143 23143 23141 
23133 23133 23133 
23129 23129 23129 
23127 23127 23125 
23117 23117 23117 
23113 23113 23113 
23109 23111 23109 
23101 23101 23101 
23096 23097 23097 
23092 23090 23092 
23088 23088 23084 
23068 23068 23072 
23064 23064 23064 
23062 23062 23060 
23052 23052 23052 
23048 23048 23048 
23046 23046 23044 
23036 23036 23036 
23032 23032 
23030 23030 
23022 23026 
23020 23020 
23012 23016 
23010 23010 
23005 23006 
23001 22999 
22997 22997 22994 
22986 22986 22984 
22980 22982 22978 22976 
22960 22960 22960 22960 
22952 22952 22952 
22947 22948 22948 
22942 22943 22943 
22937 22934 
22932 22931 22929 
22921 22921 22919 
22915 22917 22912 
22896 22896 22898 
22888 22890 22892 
22883 22886 22884 
22878 22879 
22874 22874 
22872 22871 22870 
22862 22862 22860 
22856 22858 22854 22852 
22844 22836 22836 22836 
22828 22828 22828 
22823 22824 22824 
22818 22817 22819 
22812 22815 22813 22809 
22785 22785 22793 22793 
22780 22781 22781 
22776 22776 22774 
22758 22758 22766 
22751 22750 22754 
22748 22748 22746 
22738 22738 22738 
22734 22734 22733 
22725 22725 22723 
22715 22719 22715 22715 
22710 22713 22707 22707 
22699 22691 22691 22691 
22684 22683 22683 
22678 22678 22679 
22673 22674 22674 
22669 22667 22668 
22666 22665 22660 
22644 22644 22646 
22640 22638 22640 
22634 22636 22633 
22625 22625 22623 
22619 22621 22613 22611 
22579 22579 22579 22587 
22571 22571 22571 22571 
22566 22567 22567 22563 
22547 22547 22547 22547 
22540 22539 22539 
22534 22535 22534 
22529 22528 22529 
22523 22523 22523 
22521 22521 22518 
22510 22510 22508 
22502 22503 22504 
22497 22499 22497 
22495 22495 22492 
22484 22484 22482 
22476 22480 22474 22473 
22465 22449 22457 22455 
22441 22443 22443 
22436 22437 22434 
22418 22418 22420 
22411 22410 22414 
22405 22407 22404 
22388 22388 22392 
22383 22384 22382 
22366 22366 22370 
22359 22358 22362 
22353 22355 22354 22350 
22326 22326 22334 22334 
22322 22322 22322 
22320 22316 22318 22314 
22290 22290 22298 22296 
22286 22284 22286 
22280 22282 22280 
22272 22272 22272 
22267 22268 22266 
22258 22250 22254 
22245 22242 22246 
22237 22240 22238 
22235 22235 22233 
22225 22225 22225 
22221 22221 22219 
22203 22203 22205 
22196 22195 22199 
22193 22193 22190 
22182 22182 22180 
22174 22178 22176 
22169 22172 22170 
22167 22167 22165 
22157 22157 22157 
22152 22151 22150 
22134 22134 22136 
22127 22122 22130 
22117 22120 22118 22112 
22080 22080 22080 22092 
22075 22076 22076 22072 
22056 22056 22052 22052 
22047 22044 22039 22039 
22007 22023 22007 22013 
21991 21991 21997 21999 
21986 21989 21987 21983 
21959 21959 21967 21967 
21954 21955 21953 
21945 21937 21941 
21930 21929 21929 
21924 21927 21925 21921 
21897 21897 21905 21905 
21892 21893 21893 
21887 21888 21888 
21881 21885 21881 
21865 21865 21869 
21861 21861 21861 
21860 21859 21857 
21849 21849 21849 
21845 21845 21845 
21844 21843 21841 
21833 21833 21833 
21828 21829 21827 
21811 21811 21815 
21806 21803 21807 
21798 21799 21799 
21796 21796 21794 
21786 21786 21786 
21782 21782 21782 
21780 21780 21777 
21769 21765 21765 
21755 21755 21761 
21751 21751 21751 
21747 21749 21747 
21739 21739 21739 
21734 21735 21735 
21730 21728 21730 
21727 21726 21724 
21716 21716 21716 
21711 21712 21710 
21702 21694 21698 
21689 21686 21690 
21681 21682 21682 
21679 21678 21677 
21669 21669 21669 
21665 21665 
21663 21662 
21654 21656 
21650 21651 
21645 21645 21645 
21629 21629 21635 
21627 21625 21625 
21617 21617 21617 
21613 21613 
21611 21611 21609 
21601 21601 21601 
21596 21597 
21591 21592 
21590 21589 
21581 21585 
21580 21579 
21575 21575 
21570 21573 
21568 21568 
21566 21566 
21562 21562 
21557 21560 
21555 21555 
21553 21553 
21549 21549 
21544 21547 
21542 21542 
21540 21540 
21536 21536 
21531 21534 
21529 21529 
21527 21527 
21523 21523 
21518 21521 
21516 21516 
21514 21514 
21510 21510 
21505 21508 
21503 21503 
21501 21501 
21497 21497 
21492 21495 
21490 21490 
21488 21488 
21484 21484 
21479 21482 
21477 21477 
21475 21475 
21471 21471 
21466 21469 
21464 21464 
21462 21462 
21458 21458 
21453 21456 
21451 21451 
21449 21449 
21445 21445 
21440 21443 
21438 21438 
21436 21436 
21432 21432 
21427 21430 
21425 21425 
21423 21423 
21419 21419 
21414 21417 
21412 21412 
21410 21410 
21406 21406 
21401 21404 
21399 21399 
21397 21397 
21393 21393 
21388 21391 
21386 21386 
21384 21384 
21380 21380 
21375 21378 
21373 21373 
21371 21371 
21367 21367 
21362 21365 
21360 21360 
21358 21358 
21354 21354 
21349 21352 
21347 21347 
21345 21345 
21341 21341 
21336 21339 
21334 21334 
21332 21332 
21328 21328 
21323 21326 
21321 21321 
21319 21319 
21315 21315 
21310 21313 
21308 21308 
21306 21306 
21302 21302 
21297 21300 
21295 21295 
21293 21293 
21289 21289 
21284 21287 
21282 21282 
21280 21280 
21276 21276 
21271 21274 
21269 21269 
21267 21267 
21263 21263 
21258 21261 
21256 21256 
21254 21254 
21250 21250 
21245 21248 
21243 21243 
21241 21241 
21237 21237 
21232 21235 
21230 21230 
21228 21228 
21224 21224 
21219 21222 
21217 21217 
21215 21215 
21211 21211 
21206 21209 
21204 21204 
21202 21202 
21198 21198 
21193 21196 
21191 21191 
21189 21189 
21185 21185 
21180 21183 
21178 21178 
21176 21176 
21172 21172 
21167 21170 
21165 21165 
21163 21163 
21159 21159 
21154 21157 
21152 21152 
21150 21150 
21146 21146 
21141 21144 
21139 21139 
21137 21137 
21133 21133 
21128 21131 
21126 21126 
21124 21124 
21120 21120 
21115 21118 
21113 21113 
21111 21111 
21107 21107 
21102 21105 
21100 21100 
21098 21098 
21094 21094 
21089 21092 
21087 21087 
21085 21085 
21081 21081 
21076 21079 
21074 21074 
21072 21072 
21068 21068 
21063 21066 
21061 21061 
21059 21059 
21055 21055 
21050 21053 
21048 21048 
21046 21046 
21042 21042 
21037 21040 
21035 21035 
21033 21033 
21029 21029 
21024 21027 
21022 21022 
21020 21020 
21016 21016 
21011 21014 
21009 21009 
21007 21007 
21003 21003 
20998 21001 
20996 20996 
20994 20994 
20990 20990 
20985 20988 
20983 20983 
20981 20981 
20977 20977 
20972 20975 
20970 20970 
20968 20968 
20964 20964 
20959 20962 
20957 20957 
20955 20955 
20951 20951 
20946 20949 
20944 20944 
20942 20942 
20938 20938 
20933 20936 
20931 20931 
20929 20929 
20925 20925 
20920 20923 
20918 20918 
20916 20916 
20912 20912 
20907 20910 
20905 20905 
20903 20903 
20899 20899 
20894 20897 
20892 20892 
20890 20890 
20886 20886 
20881 20884 
20879 20879 
20877 20877 
20873 20873 
20868 20871 
20866 20866 
20864 20864 
20860 20860 
20855 20858 
20853 20853 
20851 20851 
20847 20847 
20842 20845 
20840 20840 
20838 20838 
20834 20834 
20829 20832 
20827 20827 
20825 20825 
20821 20821 
20816 20819 
20814 20814 
20812 20812 
20808 20808 
20803 20806 
20801 20801 
20799 20799 
20795 20795 
20790 20793 
20788 20788 
20786 20786 
20782 20782 
20777 20780 
20775 20775 
20773 20773 
20769 20769 
20764 20767 
20762 20762 
20760 20760 
20756 20756 
20751 20754 
20749 20749 
20747 20747 
20743 20743 
20738 20741 
20736 20736 
20734 20734 
20730 20730 
20725 20728 
20723 20723 
20721 20721 
20717 20717 
20712 20715 
20710 20710 
20708 20708 
20704 20704 
20699 20702 
20697 20697 
20695 20695 
20691 20691 
20686 20689 
20684 20684 
20682 20682 
20678 20678 
20673 20676 
20671 20671 
20669 20669 
20665 20665 
20660 20663 
20658 20658 
20656 20656 
20652 20652 
20647 20650 
20645 20645 
20643 20643 
20639 20639 
20634 20637 
20632 20632 
20630 20630 
20626 20626 
20621 20624 
20619 20619 
20617 20617 
20613 20613 
20608 20611 
20606 20606 
20604 20604 
20600 20600 
20595 20598 
20593 20593 
20591 20591 
20587 20587 
20582 20585 
20580 20580 
20578 20578 
20574 20574 
20569 20572 
20567 20567 
20565 20565 
20561 20561 
20556 20559 
20554 20554 
20552 20552 
20548 20548 
20543 20546 
20541 20541 
20539 20539 
20535 20535 
20530 20533 
20528 20528 
20526 20526 
20522 20522 
20517 20520 
20515 20515 
20513 20513 
20509 20509 
20504 20507 
20502 20502 
20500 20500 
20496 20496 
20491 20494 
20489 20489 
20487 20487 
20483 20483 
20478 20481 
20476 20476 
20474 20474 
20470 20470 
20465 20468 
20463 20463 
20461 20461 
20457 20457 
20452 20455 
20450 20450 
20448 20448 
20444 20444 
20439 20442 
20437 20437 
20435 20435 
20431 20431 
20426 20429 
20424 20424 
20422 20422 
20418 20418 
20413 20416 
20411 20411 
20409 20409 
20405 20405 
20400 20403 
20398 20398 
20396 20396 
20392 20392 
20387 20390 
20385 20385 
20383 20383 
20379 20379 
20374 20377 
20372 20372 
20370 20370 
20366 20366 
20361 20364 
20359 20359 
20357 20357 
20353 20353 
20348 20351 
20346 20346 
20344 20344 
20340 20340 
20335 20338 
20333 20333 
20331 20331 
20327 20327 
20322 20325 
20320 20320 
20318 20318 
20314 20314 
20309 20312 
20307 20307 
20305 20305 
20301 20301 
20296 20299 
20294 20294 
20292 20292 
20288 20288 
20283 20286 
20281 20281 
20279 20279 
20275 20275 
20270 20273 
20268 20268 
20266 20266 
20262 20262 
20257 20260 
20255 20255 
20253 20253 
20249 20249 
20244 20247 
20242 20242 
20240 20240 
20236 20236 
20231 20234 
20229 20229 
20227 20227 
20223 20223 
20218 20221 
20216 20216 
20214 20214 
20210 20210 
20205 20208 
20203 20203 
20201 20201 
20197 20197 
20192 20195 
20190 20190 
20188 20188 
20184 20184 
20179 20182 
20177 20177 
20175 20175 
20171 20171 
20166 20169 
20164 20164 
20162 20162 
20158 20158 
20153 20156 
20151 20151 
20149 20149 
20145 20145 
20140 20143 
20138 20138 
20136 20136 
20132 20132 
20127 20130 
20125 20125 
20124 20122 
20114 20116 
20112 20112 
20111 20110 
20106 20106 
20101 20104 
20099 20098 
20090 20092 
20086 20086 
20085 20084 20082 
20074 20074 20074 
20070 20070 
20069 20067 
20059 20061 
20057 20057 
20055 20055 
20051 20051 
20046 20049 
20044 20044 
20043 20041 
20033 20035 
20031 20031 
20029 20029 
20025 20025 
20020 20023 
20018 20018 
20017 20015 
20007 20009 
20005 20005 
20002 20003 
19994 19996 
19992 19992 
19990 19990 
19986 19986 
19985 19984 
19980 19980 
19977 19978 
19969 19971 
19967 19967 
19962 19965 
19960 19960 
19955 19958 
19953 19953 
19950 19951 
19942 19944 
19940 19940 
19937 19938 
19929 19931 
19927 19927 
19924 19925 
19916 19918 
19914 19913 
19905 19907 
19901 19901 
19899 19899 
19895 19895 
19890 19892 
19888 19887 
19879 19881 
19875 19875 
19873 19873 
19869 19869 
19865 19865 19865 
19857 19857 19857 
19853 19853 
19849 19849 19849 
19841 19841 19841 
19836 19837 
19832 19830 
19825 19828 
19823 19823 
19820 19821 
19812 19814 
19810 19810 
19809 19807 
19799 19801 
19797 19797 
19796 19794 
19786 19788 
19784 19784 
19783 19781 
19773 19775 
19771 19771 
19770 19768 
19760 19762 
19758 19758 
19757 19756 
19752 19752 
19749 19748 19748 
19740 19740 19740 
19735 19736 
19731 19729 
19724 19727 
19722 19722 
19721 19720 
19716 19716 
19714 19714 
19710 19710 
19705 19708 
19703 19702 
19694 19696 
19690 19690 
19687 19688 
19679 19681 
19677 19677 
19675 19674 
19666 19668 
19664 19664 
19662 19662 
19658 19658 
19656 19656 19654 
19646 19646 19646 
19642 19642 
19638 19638 19638 
19630 19630 19630 
19626 19626 
19622 19624 19622 
19614 19614 19614 
19610 19610 
19607 19608 
19599 19601 
19597 19597 
19595 19595 
19591 19591 
19587 19589 19587 
19579 19579 19579 
19575 19575 
19573 19573 19571 
19563 19563 19563 
19559 19559 
19554 19557 
19552 19552 
19551 19550 
19542 19546 
19540 19540 
19536 19536 
19534 19534 
19530 19530 
19528 19526 19526 
19521 19518 19518 
19516 19516 19513 
19506 19505 19503 
19501 19498 19498 
19491 19490 19488 
19485 19486 19483 
19476 19475 19473 
19470 19471 19468 
19461 19460 19458 
19455 19456 19453 
19446 19445 19443 
19440 19441 19438 
19431 19430 19428 
19425 19426 19423 
19416 19415 19413 
19410 19411 19408 
19401 19400 19398 
19395 19396 19393 
19386 19385 19383 
19380 19381 19378 
19371 19370 19368 
19365 19366 19363 
19356 19355 19353 
19350 19351 19348 
19341 19340 19338 
19335 19336 19333 
19326 19325 19323 
19321 19321 19318 
19311 19310 19308 
19306 19306 19303 
19296 19295 19293 
19291 19291 19288 
19281 19280 19278 
19276 19276 19273 
19266 19265 19263 
19261 19261 19258 
19251 19250 19248 
19246 19246 19243 
19236 19235 19233 
19231 19231 19228 
19221 19220 19218 
19216 19216 19213 
19206 19205 19203 
19201 19201 19198 
19191 19190 19188 
19186 19186 19183 
19176 19175 19173 
19171 19171 19168 
19161 19160 19158 
19156 19156 19153 
19146 19145 19143 
19141 19141 19138 
19131 19130 19128 
19126 19126 19123 
19116 19115 19113 
19111 19111 19108 
19101 19100 19098 
19096 19096 19093 
19086 19085 19083 
19081 19081 19078 
19071 19070 19068 
19066 19066 19063 
19056 19055 19053 
19051 19051 19048 
19041 19040 19038 
19036 19036 19033 
19026 19025 19023 
19021 19021 19018 
19011 19010 19008 
19006 19006 19003 
18996 18995 18993 
18991 18991 18988 
18981 18980 18978 
18976 18976 18973 
18966 18965 18963 
18961 18961 18958 
18951 18950 18948 
18946 18946 18943 
18936 18935 18933 
18931 18931 18928 
18921 18920 18918 
18916 18916 18913 
18906 18905 18903 
18901 18901 18898 
18891 18890 18888 
18886 18886 18880 18880 
18873 18870 18864 18864 
18861 18862 18854 18856 
18847 18840 18834 18834 
18832 18832 18824 18826 
18810 18810 18804 18804 
18802 18802 18794 18796 
18780 18780 18774 18774 
18772 18772 18764 18764 
18750 18750 18744 18744 
18742 18742 18734 18734 
18720 18720 18714 18714 
18712 18712 18704 18704 
18690 18690 18684 18684 
18681 18682 18674 18674 
18660 18660 18654 18654 
18651 18652 18644 18644 
18630 18630 18624 18624 
18621 18622 18614 18614 
18600 18600 18594 18594 
18591 18592 18584 18584 
18570 18570 18564 18564 
18561 18562 18554 18554 
18540 18540 18534 18534 
18531 18532 18524 18524 
18510 18510 18504 18504 
18501 18502 18494 18494 
18480 18480 18474 18474 
18471 18472 18464 18464 
18450 18450 18444 18444 
18441 18442 18434 18434 
18420 18420 18414 18414 
18411 18412 18408 
18401 18396 18396 
18394 18394 18390 
18383 18378 18378 
18375 18376 18372 
18365 18360 18360 
18358 18358 18354 
18347 18342 18342 
18339 18340 18336 
18329 18324 18324 
18322 18322 18318 
18311 18306 18306 
18305 18304 18300 
18293 18288 18288 
18287 18286 18282 
18275 18270 18270 
18268 18268 18264 
18257 18252 18252 
18250 18250 18244 18244 
18237 18234 18228 18228 
18226 18226 18220 18220 
18213 18210 18204 18204 
18202 18202 18196 18196 
18189 18186 18180 18180 
18178 18178 18172 18172 
18165 18162 18156 18156 
18154 18154 18148 18148 
18141 18138 18132 18132 
18130 18130 18124 18124 
18117 18114 18108 18108 
18106 18106 18100 18100 
18093 18090 18084 18084 
18083 18074 18074 18074 
18060 18060 18054 18054 
18046 18044 18044 18044 
18030 18030 18024 18024 
18023 18014 18014 18014 
18000 18000 17994 17994 
17984 17984 17984 17984 
17970 17970 17964 17964 
17961 17954 17954 17954 
17940 17940 17934 17934 
17931 17924 17924 17924 
17910 17910 17904 17904 
17901 17894 17894 17894 
17880 17880 17874 17874 
17871 17864 17864 17864 
17850 17850 17844 17844 
17841 17834 17834 17834 
17820 17820 17814 17814 
17811 17804 17804 17804 
17790 17790 17784 17784 
17781 17774 17774 17774 
17760 17760 17754 17754 
17751 17744 17744 17744 
17730 17730 17724 17724 
17721 17714 17714 17714 
17700 17700 17694 17694 
17691 17684 17684 17684 
17670 17670 17664 17664 
17661 17654 17654 17654 
17640 17640 17634 17634 
17631 17624 17624 17624 
17610 17610 17604 17604 
17601 17594 17594 17594 
17580 17580 17574 17574 
17571 17564 17564 17564 
17550 17550 17544 17544 
17541 17534 17534 17534 
17520 17520 17514 17514 
17511 17504 17504 17504 
17490 17490 17484 17484 
17481 17474 17474 17474 
17460 17460 17454 17454 
17451 17444 17444 17444 
17430 17430 17424 17424 
17423 17414 17414 17414 
17400 17400 17394 17394 
17384 17384 17384 17384 
17370 17370 17364 17364 
17354 17354 17354 17354 
17340 17340 17334 17334 
17324 17324 17324 17324 
17310 17310 17304 17304 
17294 17294 17294 17294 
17280 17280 17274 17274 
17264 17264 17264 17264 
17250 17250 17244 17244 
17234 17234 17234 17234 
17220 17220 17214 17214 
17204 17206 17204 17204 
17190 17190 17184 17184 
17174 17174 17174 17174 
17160 17160 17154 17154 
17144 17144 17144 17144 
17130 17130 17124 17124 
17114 17114 17114 17114 
17100 17100 17094 17094 
17084 17084 17084 17084 
17070 17070 17064 17064 
17054 17054 17054 17054 
17040 17040 17034 17034 
17024 17024 17024 17024 
17010 17010 17004 17004 
16994 16994 16994 16994 
16980 16980 16974 16974 
16964 16964 16964 16964 
16950 16950 16944 16944 
16934 16934 16934 16934 
16920 16920 16914 16914 
16904 16904 16904 16904 
16890 16890 16884 16884 
16874 16874 16874 16874 
16860 16860 16854 16854 
16844 16844 16844 16844 
16830 16830 16824 16824 
16814 16814 16814 16814 
16800 16800 16794 16794 
16784 16784 16784 16784 
16770 16770 16764 16764 
16754 16754 16754 16754 
16740 16740 16734 16734 
16724 16724 16724 16724 
16710 16710 16704 16704 
16694 16694 16694 16694 
16680 16680 16674 16674 
16664 16664 16664 16664 
16650 16650 16644 16644 
16634 16634 16634 16634 
16620 16620 16614 16614 
16604 16604 16604 16604 
16590 16590 16584 16584 
16574 16574 16574 16574 
16560 16560 16554 16554 
16544 16544 16544 16544 
16530 16530 16524 16524 
16514 16514 16514 16514 
16500 16500 16494 16494 
16484 16484 16484 16484 
16470 16470 16464 16464 
16454 16454 16454 16454 
16440 16440 16434 16434 
16424 16424 16424 16424 
16410 16410 16404 16404 
16394 16394 16394 16394 
16380 16380 16374 16374 
16364 16364 16364 16364 
16350 16350 16344 16344 
16334 16334 16334 16334 
16320 16320 16314 16314 
16304 16304 16304 16304 
16290 16290 16284 16284 
16274 16274 16274 16274 
16260 16260 16254 16254 
16244 16244 16244 16244 
16230 16230 16224 16224 
16214 16214 16214 16214 
16200 16200 16194 16194 
16184 16184 16184 16184 
16170 16170 16164 16164 
16154 16154 16154 16154 
16140 16140 16134 16134 
16124 16124 16124 16124 
16110 16110 16104 16104 
16094 16094 16094 16094 
16080 16080 16074 16074 
16064 16064 16064 16064 
16050 16050 16044 16044 
16034 16034 16034 16034 
16020 16020 16014 16014 
16004 16004 16004 16004 
15990 15990 15984 15984 
15974 15974 15974 15974 
15960 15960 15954 15954 
15944 15944 15944 15944 
15930 15930 15924 15924 
15914 15914 15914 15914 
15900 15900 15894 15894 
15884 15884 15884 15884 
15870 15870 15864 15864 
15854 15854 15854 15854 
15840 15840 15834 15834 
15824 15824 15824 15824 
15810 15810 15804 15804 
15794 15794 15794 15794 
15780 15780 15774 15774 
15764 15764 15764 15764 
15750 15750 15744 15744 
15734 15734 15734 15734 
15720 15720 15714 15714 
15704 15704 15704 15704 
15690 15690 15684 15684 
15674 15674 15674 15674 
15660 15660 15654 15654 
15644 15644 15644 15644 
15630 15630 15624 15624 
15614 15614 15614 15614 
15600 15600 15594 15594 
15584 15584 15584 15584 
15570 15570 15564 15564 
15560 15560 15560 
15555 15552 15552 
15548 15548 15548 
15543 15540 15540 
15536 15536 15536 
15531 15528 15528 
15527 15524 15524 
15519 15516 15516 
15515 15512 15512 
15507 15504 15504 
15503 15500 15500 
15495 15492 15492 
15491 15488 15488 
15483 15480 15480 
15479 15476 15476 
15471 15468 15468 
15467 15464 15464 
15459 15456 15456 
15455 15452 15452 
15447 15444 15444 
15443 15440 15440 
15435 15432 15432 
15431 15428 15428 
15423 15420 15420 
15419 15416 15416 
15411 15408 15408 
15407 15404 15404 
15399 15396 15396 
15395 15392 15392 
15387 15384 15384 
15383 15380 15380 
15375 15372 15372 
15371 15368 15368 
15363 15360 15360 
15359 15356 15356 
15351 15348 15348 
15347 15344 15344 
15339 15336 15336 
15335 15332 15332 
15327 15324 15324 
15323 15320 15320 
15315 15312 15312 
15311 15308 15308 
15303 15300 15300 
15299 15296 15296 
15291 15288 15288 
15287 15284 15284 
15279 15276 15276 
15274 15274 
15270 15270 
15268 15268 
15264 15264 
15260 15260 15260 
15255 15252 15252 
15248 15248 15248 
15243 15240 15240 
15239 15236 15236 
15231 15228 15228 
15224 15224 15224 
15219 15216 15216 
15215 15212 15212 
15207 15204 15204 
15203 15200 15200 
15195 15192 15192 
15191 15188 15188 
15183 15180 15180 
15179 15176 15176 
15171 15168 15168 
15167 15164 15164 
15159 15156 15156 
15155 15152 15152 
15147 15144 15144 
15143 15140 15140 
15135 15132 15132 
15131 15128 15128 
15123 15120 15120 
15119 15116 15116 
15111 15108 15108 
15107 15104 15104 
15099 15096 15096 
15095 15092 15092 
15087 15084 15084 
15083 15080 15080 
15075 15072 15072 
15071 15068 15068 
15063 15060 15060 
15059 15056 15056 
15051 15048 15048 
15047 15044 15044 
15039 15036 15036 
15035 15032 15032 
15027 15024 15024 
15023 15020 15020 
15015 15012 15012 
15011 15008 15008 
15003 15000 15000 
14999 14996 14996 
14991 14988 14988 
14987 14984 14984 
14979 14976 14976 
14975 14972 14972 
14967 14964 14964 
14963 14960 14960 
14955 14952 14952 
14951 14948 14948 
14943 14940 14940 
14939 14936 14936 
14931 14928 14928 
14927 14924 14924 
14919 14916 14916 
14915 14912 14912 
14907 14904 14904 
14903 14900 14900 
14895 14892 14892 
14891 14888 14888 
14883 14880 14880 
14879 14876 14876 
14871 14868 14868 
14867 14864 14864 
14859 14856 14856 
14855 14852 14852 
14847 14844 14844 
14843 14840 14840 
14835 14832 14832 
14831 14828 14828 
14823 14820 14820 
14819 14816 14816 
14811 14808 14808 
14807 14804 14804 
14799 14796 14796 
14795 14792 14792 
14787 14784 14784 
14783 14780 14780 
14775 14772 14772 
14771 14768 14768 
14763 14760 14760 
14759 14756 14756 
14751 14748 14748 
14747 14744 14744 
14739 14736 14736 
14735 14732 14732 
14727 14724 14724 
14723 14720 14720 
14715 14712 14712 
14711 14708 14708 
14703 14700 14700 
14699 14696 14696 
14691 14688 14688 
14687 14684 14684 
14679 14676 14676 
14675 14672 14672 
14667 14664 14664 
14663 14660 14660 
14655 14652 14652 
14651 14648 14648 
14643 14640 14640 
14639 14636 14636 
14631 14628 14628 
14627 14624 14624 
14619 14616 14616 
14615 14612 14612 
14607 14604 14604 
14603 14600 14600 
14595 14592 14592 
14591 14588 14588 
14583 14580 14580 
14579 14576 14576 
14571 14568 14568 
14567 14564 14564 
14559 14556 14556 
14555 14552 14552 
14547 14544 14544 
14543 14540 14540 
14535 14532 14532 
14531 14528 14528 
14523 14520 14520 
14519 14516 14516 
14511 14508 14508 
14507 14504 14504 
14499 14496 14496 
14495 14492 14492 
14487 14484 14484 
14483 14480 14480 
14475 14472 14472 
14471 14468 14468 
14463 14460 14460 
14459 14456 14456 
14451 14448 14448 
14447 14444 14444 
14439 14436 14436 
14435 14432 14432 
14427 14424 14424 
14423 14420 14420 
14415 14412 14412 
14411 14408 14408 
14403 14400 14400 
14399 14396 14396 
14391 14388 14388 
14387 14384 14384 
14379 14376 14376 
14375 14372 14372 
14367 14364 14364 
14363 
14361 
14361
