55837
38862 38862 38862 38862 38862 38862 38862 38179 38248 51309 51033 51307 
38138 33819 33819 33819 33819 33819 33819 36755 35563 33651 33375 33649 
33334 32855 32855 32855 32855 32855 32855 32550 31740 31809 
31694 31140 31140 31140 31140 31140 31025 29781 29670 30174 
29624 29070 29070 29070 29070 29070 28955 28428 27588 27588 
27542 27483 27483 26988 26988 26988 26873 26346 25863 26022 
25817 25758 25758 25728 25263 25263 25148 24621 24960 24297 
24251 23697 23697 23697 23697 23697 23582 23055 23277 22572 
22526 22467 22467 21972 21507 21507 21507 21330 21672 20604 
20558 20544 20544 19539 20004 20004 19539 19362 19140 
19094 19080 19080 19005 18540 18075 18075 17898 18120 
17851 17838 17838 17763 17298 17298 16833 16518 17064 
16472 16458 16323 16383 15453 15918 15453 15384 15024 
14978 14964 14964 14889 14424 13959 13959 14058 14190 
13913 13899 13899 13359 13359 13359 13244 13007 13056 
12961 12947 12947 12542 12707 12467 12524 12608 12104 
12058 12044 12044 11909 11804 11564 11348 11705 11201 
11155 11141 11141 11021 10661 10661 10445 10367 10367 
10321 9902 9827 9827 9827 9827 9611 9968 
9573 9578 9482 9392 9482 9212 9212 9212 
9174 9179 8993 9179 8993 8993 8993 9076 
8955 8960 8960 8864 8864 8876 8777 
8739 8747 8747 8708 8708 8669 
8631 8660 8651 8642 8653 
8625 8625 8613 8604 8615 
8595 8595 8592 
8589 8586 
8583 8584 
8580 
8580
