42286
28846 28846 28846 28846 28846 28846 28506 27596 24736 36643 37802 37800 
24208 24208 24208 24208 24160 24244 24142 23714 22552 21490 
20461 20461 20461 20461 20461 20461 20217 19800 19852 17728 
16531 16531 16531 16531 16699 16699 16348 15538 16090 15628 
15517 15215 15215 14968 15215 14607 14533 13712 13054 13438 
13033 12123 12123 12351 12123 12123 12049 11536 10954 10954 
10933 9757 9757 9757 9757 10023 9724 9436 9106 
9085 7909 7909 7909 7909 7909 8101 7588 6856 
6835 5659 5659 5659 5659 5659 5236 4840 5791 
4819 4802 4156 4156 4156 4156 3832 3736 3397 
3376 3264 2713 2713 2865 2713 2389 2293 2602 
2272 2251 2221 2123 2072 1879 1845 1618 1417 
1396 1375 1309 1247 1196 1111 934 1141 
913 896 874 862 838 806 742 
721 704 702 718 691 
670 653 663 
647 647 641 
635 635 637 
630 629 
624 
624
