55837
39037 39037 39037 39037 39037 39037 38794 37531 35452 49947 51033 51307 
34834 34834 34332 34284 34092 33922 34108 33880 33094 31102 
30204 30204 29970 29902 29657 29266 29737 28875 28744 27166 
26268 26268 26034 25966 25721 25330 25801 24790 25227 24511 
23613 23613 23379 23311 23066 22675 23146 21856 22849 
20958 20958 20724 20656 20411 20020 20491 20140 20188 
18655 19789 18655 19684 18655 18655 18655 18832 17092 
16168 16168 16168 16168 16168 16168 15727 15376 15424 
15124 14977 15040 15124 14977 14791 14440 14356 13090 
12922 12691 12691 12859 12691 12505 12154 12070 11428 
11029 11029 11260 11029 11029 10843 10492 10462 10408 
10009 10009 10009 10009 10009 9928 9532 9568 9616 
9511 9494 9442 9436 9379 9160 9112 9049 
9028 9011 8959 8953 8896 8829 8851 
8808 8797 8769 8781 8721 8712 8758 
8691 8680 8652 8652 8664 
8643 8640 8628 8622 8604 
8595 8594 8592 
8585 8586 
8580 
8579 
8579
