42286
28636 28636 28636 28636 28636 28636 28246 27336 27439 36126 37802 37800 
25384 25384 25384 25384 25384 24152 25384 25160 23774 21066 24968 
19755 19755 19755 19755 19755 19755 19272 18714 17686 17970 
16789 16789 16789 16375 16375 16789 15892 15334 15606 14590 
14567 13693 13992 13693 13693 13693 12796 12120 12510 
11683 11683 11683 11867 11683 11436 11132 11340 10482 
10045 10229 10229 10045 10045 9798 9494 9666 8634 
8197 8197 8197 8197 8197 7950 7646 7854 5694 
5257 5257 5257 5257 5257 5010 4706 4818 3936 
3499 3821 3844 3499 3499 3252 2948 3090 3057 
2853 2853 2853 2804 2739 2568 2340 2168 2159 
2064 2064 2064 2015 1950 1799 1599 1313 
1294 1218 1218 1169 1115 973 793 923 
774 767 753 721 691 697 
672 665 651 651 
638 637 639 
629 631 
624 
624
