42286
28706 28706 28706 28706 28706 28706 28706 28636 28519 38038 37802 37800 
28379 27259 27259 27259 27223 27076 25447 25447 26155 25447 25445 
24185 24185 24185 24185 24185 24150 23258 23345 24626 23564 
22016 22016 22016 21998 21926 21815 22286 22286 22439 21377 
20135 20135 20135 20117 20045 19934 20405 20541 20453 19277 
18035 18035 18035 18017 17945 17834 18345 18573 18353 17654 
16412 16412 16412 16394 16322 16211 16818 16722 16835 15848 
14606 14606 14606 14588 14516 14405 14876 14916 15029 
14286 14286 14286 14286 14286 13569 13433 13569 13586 
13314 13314 13314 13314 13314 12501 12861 12861 12509 
12382 12382 12382 12382 12382 11665 11701 11797 11577 
11570 11458 11458 11458 11458 11429 10777 10741 10758 
10734 10713 10713 9922 9922 10114 9238 9238 9922 
9231 9210 9210 8419 8554 8554 7768 8554 8419 
7761 7740 7740 6949 6595 7084 7084 6325 6643 
6318 6297 6297 5506 5506 5698 5641 5152 5200 
5124 5124 5124 4984 4828 4468 3928 4468 4333 
3900 3900 3900 3244 3244 3760 3109 3301 2803 
2775 2775 2775 2176 1984 1984 2611 1984 1984 
1956 1956 1956 1654 1654 1654 1660 1841 
1626 1626 1626 1330 1597 1486 1330 
1302 1302 1302 1273 1273 1114 1138 
1107 1086 1086 922 922 946 922 
915 894 894 886 865 754 849 
726 726 726 718 697 719 
669 669 669 661 
654 645 645 
642 643 
642
