42286
28706 28706 28706 28706 28706 28706 28706 28376 28519 37948 37802 37800 
24152 24152 24152 25208 24152 24152 24152 25208 24152 24152 24152 24150 
23808 23808 23808 21963 21963 21963 21963 22320 23226 22320 
20991 20991 20991 21443 21443 20991 20991 20991 20133 20340 
20115 20115 19918 19918 19918 19918 19321 19321 19314 18510 
18492 18492 18295 18295 18295 18295 17990 17790 17586 16629 
16611 16611 16609 16414 16414 16414 16109 15657 15705 
15639 15639 15442 15442 15442 15442 14821 14937 14154 
14136 14136 13939 13939 13939 13939 13486 13486 13230 
13212 13212 13210 13015 13015 13015 12562 12394 12411 
12376 12376 12374 12179 12179 12179 11674 11846 10924 
10906 10906 10904 10709 10709 10709 10516 10256 10105 
10087 10087 10085 9890 9890 9890 9585 9453 8662 
8644 8644 8642 8447 8447 8447 8298 7850 7630 
7612 7612 6426 6426 6426 6671 6426 6671 6598 
6408 6408 6391 6211 6211 6211 6018 5184 5184 
5166 5166 5164 4969 4969 4969 4776 4152 4152 
4134 4134 3438 3438 3438 3438 3438 3513 3027 
3009 3009 2313 2313 2313 2313 2313 2388 2683 
1662 2283 2283 2283 1662 1662 1662 1662 1941 
1647 1437 1320 1470 1437 1437 1320 1218 1384 
1026 963 963 1188 963 963 963 
960 840 840 840 840 771 771 
768 648 648 741 648 648 
645 646 
644 643 
639 639 
638 
636 
636
