55837
38897 38897 38897 38897 38897 38897 38897 38827 45385 51307 51033 51307 
38788 34945 34945 34945 34945 34945 34945 34945 34945 34507 33995 34597 
33956 32723 32723 32723 32723 32723 33461 33191 32723 31697 
31656 29657 29657 29657 29657 29657 29657 29657 30625 29522 
29481 27482 27594 27594 27594 27594 27482 27594 28450 27563 
27441 27458 26978 26978 26978 26978 26720 26518 26579 25523 
25482 25475 25475 25019 25019 25019 24761 24655 24356 23441 
23400 22937 22937 22937 22937 22937 22679 22477 22274 21473 
21432 20969 21425 20969 20969 20969 20711 20601 20570 
20529 20554 20066 20066 20066 20066 19808 19646 19739 
19605 19142 19142 19142 19142 19142 18884 18774 18815 
18733 18270 18726 18670 18270 18270 18192 18190 17943 
17902 17895 17895 17439 17439 17439 17181 17359 16776 
16735 16728 16744 16272 16272 16272 16014 15812 15312 
15271 15288 15264 14808 14808 14808 14550 14444 13818 
13777 13714 13770 13314 13314 13314 13056 13234 12594 
12553 12562 12490 12090 12090 12090 11832 12078 11451 
11410 11419 11403 10947 10947 10947 10689 10867 
10650 10598 10584 10584 10574 10459 10029 10041 
9990 9938 9938 9938 9534 9534 9534 9534 
9495 9443 9443 9443 9321 9333 9321 
9282 9230 9230 9230 9120 9135 9120 
9081 9029 9029 9029 8967 8934 9040 
8895 8843 8843 8843 8781 8781 
8742 8690 8690 8690 8724 8745 
8655 8633 8633 8633 8633 
8598 8631 
8595 8596 
8594 
8592 
8592
