55837
38932 38932 38932 38932 38932 38932 38932 37855 35452 50147 51033 51307 
34904 34904 34364 34300 34126 33922 33882 33882 32785 32187 
31044 31044 31063 30987 30793 30521 31383 30972 30851 30012 
28869 28869 28888 28812 28618 28346 29208 27625 28904 28044 
27244 26482 26501 26425 26231 25959 26888 26950 26482 25543 
24400 24781 24419 24343 24149 23877 24139 24328 24400 23245 
22102 22483 22121 22045 21851 21579 21841 21895 22225 21277 
20515 20134 20153 20077 19883 19660 20406 19927 20446 
19610 19609 19507 19201 19201 19165 18670 18148 18166 
18098 18097 18080 17689 17689 17608 17433 17231 17005 
16955 16954 16852 16546 16546 16465 16290 16088 16174 
16041 16046 16036 16024 15976 15923 15824 15460 15185 
15138 15143 15133 15121 15073 15020 14921 14453 14399 
14352 14357 14347 14335 14287 14234 14135 13667 13364 
13317 13322 13312 13300 13252 13199 12632 12632 12530 
12483 12488 12478 12466 12418 12365 12266 11798 11510 
11463 11482 11458 11446 11398 11345 11246 10882 10538 
10491 10496 10486 10474 10426 10373 10174 9910 
9863 9882 9700 9700 9686 9580 9406 9125 
9078 9097 9073 9061 9013 8960 8924 
8877 8896 8872 8860 8812 8764 8711 
8664 8683 8659 8647 8647 
8604 8637 8635 
8600 8598 8592 
8589 8586 8588 
8583 8580 
8579 
8579
