38595
28567 28567 28567 28567 28567 28567 28567 28229 31371 35337 34035 
28201 25379 25379 25379 27701 27701 24215 26915 25553 24215 23669 
23641 23375 23273 23273 22235 21839 21839 21839 22121 20525 
20497 20129 20129 20129 20129 20129 20129 18977 18329 18815 
18301 17933 18179 18035 18035 18035 17933 16691 16781 16619 
16591 16601 16553 16223 16487 16223 16223 14423 14729 14909 
14395 14405 14027 14357 14129 14087 14027 13481 12875 
12847 12479 12581 12479 12263 12581 12479 11723 11183 
11155 10787 10787 10571 10889 10787 10787 10361 10361 
10333 10295 9965 10067 9965 10067 9965 9401 10099 
9373 9389 9065 9311 9065 9065 9065 9008 
8980 8996 8912 8924 8912 8876 8933 
8848 8858 8852 8810 8796 8771 8803 
8743 8741 8723 8723 8686 8705 
8658 8674 8666 8678 
8652 8646 8642 8650 
8637 8632 8637 
8629 8626 
8623 
8622 
8620 
8620
