38595
28521 28521 28521 28521 28521 28521 28521 28521 26742 35100 34035 
24302 24302 24302 24302 24302 24122 26052 26052 24837 24017 24510 
23032 21577 22132 21627 21627 21397 23327 22132 22727 21397 21613 
18957 19007 19007 18957 18957 18957 20607 19727 20067 19813 
18007 18007 18007 18007 18007 18007 18007 18007 17826 17322 
16372 16372 16372 16372 16372 16372 16842 16532 16536 
15427 16249 16249 16177 15427 15517 15598 15847 15553 
14737 14749 14749 15082 15304 15304 14737 14902 14653 
14530 13879 13879 14128 13807 14266 13807 14128 13798 
13273 13024 12979 13411 13411 13108 13108 13411 12952 
12274 12829 12565 12274 12145 12427 12565 12565 12133 
11608 12010 12010 11608 11608 11608 11608 11416 11326 
11203 10801 11203 11203 10900 10969 10900 10900 10552 
10318 10318 10138 10318 10318 10027 10027 10027 9736 
9541 9541 9559 9502 9559 9478 9514 9322 9460 
9316 9127 9145 9145 9145 9127 9064 8869 
8692 8692 8824 8692 8692 8692 8662 
8647 8647 8647 8654 
8641 8641 8642 
8638 8635 
8632 8633 
8629 8630 
8626 8627 
8625 
8623 
8622 
8622
