38595
28521 28521 28521 28521 28521 28521 28521 28521 27620 35335 34035 
24772 24772 24772 24772 24772 24772 26720 24944 26152 24944 23248 
23188 23188 23188 23188 22669 22669 22669 21613 21676 21613 
21034 20041 20041 20041 21034 21034 21034 20041 19783 20041 
19723 18937 18937 19723 18211 18211 18349 18211 19009 18211 
16861 17632 17632 17896 16777 16777 17266 17686 17389 17665 
16462 15832 15955 15931 15832 15832 15955 15931 16003 16231 
15772 14482 14482 14734 14986 14986 14986 15307 15058 15286 
14422 13636 13384 14167 13708 13708 14167 13957 13708 13936 
12538 12538 12538 12538 12859 12859 12943 12859 12610 12838 
12223 12478 11719 11959 11716 11716 11959 11716 11764 11992 
11656 11656 10897 11401 10897 10897 10897 10897 10942 11170 
10372 10837 10123 10123 10372 10372 10456 10123 10123 10351 
9544 9598 9598 9910 9598 9598 9598 9598 9109 
9049 9016 9016 9016 8794 9004 8794 8892 
8701 8701 8701 8701 8701 8689 8723 
8641 8641 8641 8641 8641 
8639 8639 
8635 8635 
8634 8632 
8628 8628 
8626 8626 
8625 
8623 
8622 
8622
