38595
28521 28521 28521 28521 28521 28521 28521 28521 27620 36960 36315 
26156 26156 26156 26156 26156 26156 25901 25985 25901 25985 25388 
24038 23753 23753 23753 23753 23753 24038 23753 24614 23669 23248 
21784 22903 22903 22903 22903 22903 21613 21613 21982 21676 
20347 20347 20347 21268 21268 21268 20149 20347 20668 20041 
19696 19696 19696 18691 18691 18691 18775 18775 19267 
18346 18346 18346 18346 18346 18346 17845 17593 17227 
16129 16882 16882 15961 15961 15961 16882 16084 16453 
14818 15616 15115 14863 14863 14863 14863 14818 15187 
14473 14473 14473 14473 14473 14473 13720 13999 14044 
12775 12901 12901 13375 13375 13375 13375 12901 12946 
12430 11929 11956 12430 12430 12430 12430 11956 12001 
11110 11107 11155 11107 11107 11107 11110 11110 11155 
10333 10288 10288 10288 10288 10288 10288 10288 10333 
9763 9514 9943 9763 9763 9763 9514 9763 9514 
8989 8989 8989 9169 9169 9169 8989 8989 
8644 8644 8644 8644 8644 8644 8644 8788 
8643 
8641 
8641
