38595
28521 28521 28521 28521 28521 28521 28521 28521 28498 36149 36315 
26852 26852 26852 26852 26852 26852 26852 26852 27180 26052 25952 
24600 24600 24600 24600 24600 24600 24600 24600 24634 23506 23672 
23248 23248 23248 23248 23248 23378 23378 23248 
23119 23119 23119 23119 23119 23119 23119 23119 
22861 22861 22861 22861 22861 22991 22861 22861 
22732 22732 22732 22732 22732 22732 22732 22732 
22474 22474 22474 22474 22474 22604 22604 22474 
22405 22405 22405 22405 22405 22405 22405 
22267 22267 22337 22337 22337 22337 22267 
22198 22198 22198 22198 22198 22198 22198 
22060 22060 22060 22130 22130 22130 22060 
21991 21991 21991 21991 21991 21991 21991 
21853 21853 21923 21853 21923 21923 21853 
21784 21784 21784 21784 21784 21784 21784 
21716 21646 21646 21646 21716 21716 21646 
21577 21577 21577 21577 21577 21577 21577 
21439 21439 21439 21439 21509 21439 21439 
21370 21370 21370 21370 21370 21370 21370 
21232 21232 21232 21232 21232 21302 21232 
21163 21163 21163 21163 21163 21163 21163 
21025 21025 21095 21025 21095 21095 21025 
20956 20956 20956 20956 20956 20956 20956 
20818 20818 20818 20888 20818 20818 20818 
20749 20749 20749 20749 20749 20749 20749 
20611 20611 20681 20611 20681 20611 20611 
20542 20542 20542 20542 20542 20542 20542 
20404 20404 20404 20474 20404 20404 20404 
20335 20335 20335 20335 20335 20335 20335 
20197 20197 20267 20197 20267 20197 20197 
20128 20128 20128 20128 20128 20128 20128 
19990 19990 19990 20060 19990 19990 19990 
19921 19921 19921 19921 19921 19921 19921 
19783 19783 19853 19783 19853 19853 19783 
19714 19714 19714 19714 19714 19714 19714 
19576 19576 19576 19646 19576 19576 19576 
19507 19507 19507 19507 19507 19507 19507 
19369 19369 19439 19369 19439 19439 19369 
19300 19300 19300 19300 19300 19300 19300 
19162 19162 19162 19232 19162 19162 19162 
19093 19093 19093 19093 19093 19093 19093 
18955 18955 19025 18955 19025 19025 18955 
18886 18886 18886 18886 18886 18886 18886 
18748 18748 18748 18818 18748 18748 18748 
18679 18679 18679 18679 18679 18679 18679 
18653 18541 18611 18611 18611 18611 18541 
18490 18490 18490 18490 18490 18490 
18440 18440 18440 18388 18388 18388 
18337 18337 18337 18337 18337 18337 
18287 18287 18287 18235 18287 18235 
18184 18184 18184 18184 18184 18184 
18134 18134 18134 18082 18134 18082 
18031 18031 18031 18031 18031 18031 
17981 17981 17981 17929 17981 17929 
17878 17878 17878 17878 17878 17878 
17828 17828 17828 17776 17828 17776 
17725 17725 17725 17725 17725 17725 
17675 17675 17675 17623 17675 17623 
17572 17572 17572 17572 17572 17572 
17544 17544 17522 17522 17522 17470 
17419 17419 17419 17419 17419 17419 
17391 17317 17393 17317 17317 17317 
17266 17266 17266 17266 17266 17266 
17216 17164 17240 17216 17216 17164 
17113 17113 17113 17113 17113 17113 
17063 17011 17087 17063 17063 17011 
16960 16960 16960 16960 16960 16960 
16910 16858 16934 16910 16910 16858 
16807 16807 16807 16807 16807 16807 
16789 16789 16705 16705 16705 16705 
16654 16654 16654 16654 16654 16654 
16626 16636 16552 16552 16604 16552 
16501 16501 16501 16501 16501 16501 
16483 16475 16399 16399 16399 16399 
16348 16348 16348 16348 16348 16348 
16246 16246 16298 16298 16246 16246 
16195 16195 16195 16195 16195 16195 
16093 16093 16093 16145 16093 16093 
16042 16042 16042 16042 16042 16042 
15940 15940 15940 15940 15940 15940 
15889 15889 15889 15889 15889 15889 
15863 15863 15787 15839 15787 15787 
15736 15736 15736 15736 15736 15736 
15718 15718 15634 15634 15686 15634 
15583 15583 15583 15583 15583 15583 
15533 15565 15481 15481 15533 15481 
15430 15430 15430 15430 15430 15430 
15328 15412 15380 15380 15328 15328 
15277 15277 15277 15277 15277 15277 
15175 15175 15175 15175 15175 15175 
15124 15124 15124 15124 15124 15124 
15096 15096 15022 15022 15022 15022 
14971 14971 14971 14971 14971 14971 
14943 14943 14869 14869 14869 14869 
14818 14818 14818 14818 14818 14818 
14790 14790 14716 14716 14716 14716 
14665 14665 14665 14665 14665 14665 
14637 14637 14573 14563 14573 14563 
14512 14512 14512 14512 14512 14512 
14462 14410 14410 14410 14410 14410 
14359 14359 14359 14359 14359 14359 
14257 14257 14257 14257 14257 14257 
14206 14206 14206 14206 14206 14206 
14156 14104 14104 14104 14156 14104 
14053 14053 14053 14053 14053 14053 
13951 13951 13951 13951 13951 13951 
13950 
13948 
13947 
13945 
13944 
13942 
13941 
13939 
13938 
13936 
13935 
13933 
13932 
13930 
13929 
13927 
13926 
13924 
13923 
13921 
13920 
13918 
13917 
13915 
13914 
13912 
13911 
13909 
13908 
13906 
13905 
13903 
13902 
13900 
13899 
13897 
13896 
13894 
13893 
13891 
13890 
13888 
13887 
13885 
13884 
13882 
13881 
13879 
13878 
13876 
13875 
13873 
13872 
13870 
13869 
13867 
13866 
13864 
13863 
13861 
13860 
13858 
13857 
13855 
13854 
13852 
13851 
13849 
13848 
13846 
13845 
13843 
13842 
13840 
13839 
13837 
13836 
13834 
13833 
13831 
13830 
13828 
13827 
13825 
13824 
13822 
13821 
13819 
13818 
13816 
13815 
13813 
13812 
13810 
13809 
13807 
13806 
13804 
13803 
13801 
13800 
13798 
13797 
13795 
13794 
13792 
13791 
13789 
13788 
13786 
13785 
13783 
13782 
13780 
13779 
13777 
13776 
13774 
13773 
13771 
13770 
13768 
13767 
13765 
13764 
13762 
13761 
13759 
13758 
13756 
13755 
13753 
13752 
13750 
13749 
13747 
13746 
13744 
13743 
13741 
13740 
13738 
13737 
13735 
13734 
13732 
13731 
13729 
13728 
13726 
13725 
13723 
13722 
13720 
13719 
13717 
13716 
13714 
13713 
13711 
13710 
13708 
13707 
13705 
13704 
13702 
13701 
13699 
13698 
13696 
13695 
13693 
13692 
13690 
13689 
13687 
13686 
13684 
13683 
13681 
13680 
13678 
13677 
13675 
13674 
13672 
13671 
13669 
13668 
13666 
13665 
13663 
13662 
13660 
13659 
13657 
13656 
13654 
13653 
13651 
13650 
13648 
13647 
13645 
13644 
13642 
13641 
13639 
13638 
13636 
13635 
13633 
13632 
13630 
13629 
13627 
13626 
13624 
13623 
13621 
13620 
13618 
13617 
13615 
13614 
13612 
13611 
13609 
13608 
13606 
13605 
13603 
13602 
13600 
13599 
13597 
13596 
13594 
13593 
13591 
13590 
13588 
13587 
13585 
13584 
13582 
13581 
13579 
13578 
13576 
13575 
13573 
13572 
13570 
13569 
13567 
13566 
13564 
13563 
13561 
13560 
13558 
13557 
13555 
13554 
13552 
13551 
13549 
13548 
13546 
13545 
13543 
13542 
13540 
13539 
13537 
13536 
13534 
13533 
13531 
13530 
13528 
13527 
13525 
13524 
13522 
13521 
13519 
13518 
13516 
13515 
13513 
13512 
13510 
13509 
13507 
13506 
13504 
13503 
13501 
13500 
13498 
13497 
13495 
13494 
13492 
13491 
13489 
13488 
13486 
13485 
13483 
13482 
13480 
13479 
13477 
13476 
13474 
13473 
13471 
13470 
13468 
13467 
13465 
13464 
13462 
13461 
13459 
13458 
13456 
13455 
13453 
13452 
13450 
13449 
13447 
13446 
13444 
13443 
13441 
13440 
13438 
13437 
13435 
13434 
13432 
13431 
13429 
13428 
13426 
13425 
13423 
13422 
13420 
13419 
13417 
13416 
13414 
13413 
13411 
13410 
13408 
13407 
13405 
13404 
13402 
13401 
13399 
13398 
13396 
13395 
13393 
13392 
13390 
13389 
13387 
13386 
13384 
13383 
13381 
13380 
13378 
13377 
13375 
13374 
13372 
13371 
13369 
13368 
13366 
13365 
13363 
13362 
13360 
13359 
13357 
13356 
13354 
13353 
13351 
13350 
13348 
13347 
13345 
13344 
13342 
13341 
13339 
13338 
13336 
13335 
13333 
13332 
13330 
13329 
13327 
13326 
13324 
13323 
13321 
13320 
13318 
13317 
13315 
13314 
13312 
13311 
13309 
13308 
13306 
13305 
13303 
13302 
13300 
13299 
13297 
13296 
13294 
13293 
13291 
13290 
13288 
13287 
13285 
13284 
13282 
13281 
13279 
13278 
13276 
13275 
13273 
13272 
13270 
13269 
13267 
13266 
13264 
13263 
13261 
13260 
13258 
13257 
13255 
13254 
13252 
13251 
13249 
13248 
13246 
13245 
13243 
13242 
13240 
13239 
13237 
13236 
13234 
13233 
13231 
13230 
13228 
13227 
13225 
13224 
13222 
13221 
13219 
13218 
13216 
13215 
13213 
13212 
13210 
13209 
13207 
13206 
13204 
13203 
13201 
13200 
13198 
13197 
13195 
13194 
13192 
13191 
13189 
13188 
13186 
13185 
13183 
13182 
13180 
13179 
13177 
13176 
13174 
13173 
13171 
13170 
13168 
13167 
13165 
13164 
13162 
13161 
13159 
13158 
13156 
13155 
13153 
13152 
13150 
13149 
13147 
13146 
13144 
13143 
13141 
13140 
13138 
13137 
13135 
13134 
13132 
13131 
13129 
13128 
13126 
13125 
13123 
13122 
13120 
13119 
13117 
13116 
13114 
13113 
13111 
13110 
13108 
13107 
13105 
13104 
13102 
13101 
13099 
13098 
13096 
13095 
13093 
13092 
13090 
13089 
13087 
13086 
13084 
13083 
13081 
13080 
13078 
13077 
13075 
13074 
13072 
13071 
13069 
13068 
13066 
13065 
13063 
13062 
13060 
13059 
13057 
13056 
13054 
13053 
13051 
13050 
13048 
13047 
13045 
13044 
13042 
13041 
13039 
13038 
13036 
13035 
13033 
13032 
13030 
13029 
13027 
13026 
13024 
13023 
13021 
13020 
13018 
13017 
13015 
13014 
13012 
13011 
13009 
13008 
13006 
13005 
13003 
13002 
13000 
12999 
12997 
12996 
12994 
12993 
12991 
12990 
12988 
12987 
12985 
12984 
12982 
12981 
12979 
12978 
12976 
12975 
12973 
12972 
12970 
12969 
12967 
12966 
12964 
12963 
12961 
12960 
12958 
12957 
12955 
12954 
12952 
12951 
12949 
12948 
12946 
12945 
12943 
12942 
12940 
12939 
12937 
12936 
12934 
12933 
12931 
12930 
12928 
12927 
12925 
12924 
12922 
12921 
12919 
12918 
12916 
12915 
12913 
12912 
12910 
12909 
12907 
12906 
12904 
12903 
12901 
12900 
12898 
12897 
12895 
12894 
12892 
12891 
12889 
12888 
12886 
12885 
12883 
12882 
12880 
12879 
12877 
12876 
12874 
12873 
12871 
12870 
12868 
12867 
12865 
12864 
12862 
12861 
12859 
12858 
12856 
12855 
12853 
12852 
12850 
12849 
12847 
12846 
12844 
12843 
12841 
12840 
12838 
12837 
12835 
12834 
12832 
12831 
12829 
12828 
12826 
12825 
12823 
12822 
12820 
12819 
12817 
12816 
12814 
12813 
12811 
12810 
12808 
12807 
12805 
12804 
12802 
12801 
12799 
12798 
12796 
12795 
12793 
12792 
12790 
12789 
12787 
12786 
12784 
12783 
12781 
12780 
12778 
12777 
12775 
12774 
12772 
12771 
12769 
12768 
12766 
12765 
12763 
12762 
12760 
12759 
12757 
12756 
12754 
12753 
12751 
12750 
12748 
12747 
12745 
12744 
12742 
12741 
12739 
12738 
12736 
12735 
12733 
12732 
12730 
12729 
12727 
12726 
12724 
12723 
12721 
12720 
12718 
12717 
12715 
12714 
12712 
12711 
12709 
12708 
12706 
12705 
12703 
12702 
12700 
12699 
12697 
12696 
12694 
12693 
12691 
12690 
12688 
12687 
12685 
12684 
12682 
12681 
12679 
12678 
12676 
12675 
12673 
12672 
12670 
12669 
12667 
12666 
12664 
12663 
12661 
12660 
12658 
12657 
12655 
12654 
12652 
12651 
12649 
12648 
12646 
12645 
12643 
12642 
12640 
12639 
12637 
12636 
12634 
12633 
12631 
12630 
12628 
12627 
12625 
12624 
12622 
12621 
12619 
12618 
12616 
12615 
12613 
12612 
12610 
12609 
12607 
12606 
12604 
12603 
12601 
12600 
12598 
12597 
12595 
12594 
12592 
12591 
12589 
12588 
12586 
12585 
12583 
12582 
12580 
12579 
12577 
12576 
12574 
12573 
12571 
12570 
12568 
12567 
12565 
12564 
12562 
12561 
12559 
12558 
12556 
12555 
12553 
12552 
12550 
12549 
12547 
12546 
12544 
12543 
12541 
12540 
12538 
12537 
12535 
12534 
12532 
12531 
12529 
12528 
12526 
12525 
12523 
12522 
12520 
12519 
12517 
12516 
12514 
12513 
12511 
12510 
12508 
12507 
12505 
12504 
12502 
12501 
12499 
12498 
12496 
12495 
12493 
12492 
12490 
12489 
12487 
12486 
12484 
12483 
12481 
12480 
12478 
12477 
12475 
12474 
12472 
12471 
12469 
12468 
12466 
12465 
12463 
12462 
12460 
12459 
12457 
12456 
12454 
12453 
12451 
12450 
12448 
12447 
12445 
12444 
12442 
12441 
12439 
12438 
12436 
12435 
12433 
12432 
12430 
12429 
12427 
12426 
12424 
12423 
12421 
12420 
12418 
12417 
12415 
12414 
12412 
12411 
12409 
12408 
12406 
12405 
12403 
12402 
12400 
12399 
12397 
12396 
12394 
12393 
12391 
12390 
12388 
12387 
12385 
12384 
12382 
12381 
12379 
12378 
12376 
12375 
12373 
12372 
12370 
12369 
12367 
12366 
12364 
12363 
12361 
12360 
12358 
12357 
12355 
12354 
12352 
12351 
12349 
12348 
12346 
12345 
12343 
12342 
12340 
12339 
12337 
12336 
12334 
12333 
12331 
12330 
12328 
12327 
12325 
12324 
12322 
12321 
12319 
12318 
12316 
12315 
12313 
12312 
12310 
12309 
12307 
12306 
12304 
12303 
12301 
12300 
12298 
12297 
12295 
12294 
12292 
12291 
12289 
12288 
12286 
12285 
12283 
12282 
12280 
12279 
12277 
12276 
12274 
12273 
12271 
12270 
12268 
12267 
12265 
12264 
12262 
12261 
12259 
12258 
12256 
12255 
12253 
12252 
12250 
12249 
12247 
12246 
12244 
12243 
12241 
12240 
12238 
12237 
12235 
12234 
12232 
12231 
12229 
12228 
12226 
12225 
12223 
12222 
12220 
12219 
12217 
12216 
12214 
12213 
12211 
12210 
12208 
12207 
12205 
12204 
12202 
12201 
12199 
12198 
12196 
12195 
12193 
12192 
12190 
12189 
12187 
12186 
12184 
12183 
12181 
12180 
12178 
12177 
12175 
12174 
12172 
12171 
12169 
12168 
12166 
12165 
12163 
12162 
12160 
12159 
12157 
12156 
12154 
12153 
12151 
12150 
12148 
12147 
12145 
12144 
12142 
12141 
12139 
12138 
12136 
12135 
12133 
12132 
12130 
12129 
12127 
12126 
12124 
12123 
12121 
12120 
12118 
12117 
12115 
12114 
12112 
12111 
12109 
12108 
12106 
12105 
12103 
12102 
12100 
12099 
12097 
12096 
12094 
12093 
12091 
12090 
12088 
12087 
12085 
12084 
12082 
12081 
12079 
12078 
12076 
12075 
12073 
12072 
12070 
12069 
12067 
12066 
12064 
12063 
12061 
12060 
12058 
12057 
12055 
12054 
12052 
12051 
12049 
12048 
12046 
12045 
12043 
12042 
12040 
12039 
12037 
12036 
12034 
12033 
12031 
12030 
12028 
12027 
12025 
12024 
12022 
12021 
12019 
12018 
12016 
12015 
12013 
12012 
12010 
12009 
12007 
12006 
12004 
12003 
12001 
12000 
11998 
11997 
11995 
11994 
11992 
11991 
11989 
11988 
11986 
11985 
11983 
11982 
11980 
11979 
11977 
11976 
11974 
11973 
11971 
11970 
11968 
11967 
11965 
11964 
11962 
11961 
11959 
11958 
11956 
11955 
11953 
11952 
11950 
11949 
11947 
11946 
11944 
11943 
11941 
11940 
11938 
11937 
11935 
11934 
11932 
11931 
11929 
11928 
11926 
11925 
11923 
11922 
11920 
11919 
11917 
11916 
11914 
11913 
11911 
11910 
11908 
11907 
11905 
11904 
11902 
11901 
11899 
11898 
11896 
11895 
11893 
11892 
11890 
11889 
11887 
11886 
11884 
11883 
11881 
11880 
11878 
11877 
11875 
11874 
11872 
11871 
11869 
11868 
11866 
11865 
11863 
11862 
11860 
11859 
11857 
11856 
11854 
11853 
11851 
11850 
11848 
11847 
11845 
11844 
11842 
11841 
11839 
11838 
11836 
11835 
11833 
11832 
11830 
11829 
11827 
11826 
11824 
11823 
11821 
11820 
11818 
11817 
11815 
11814 
11812 
11811 
11809 
11808 
11806 
11805 
11803 
11802 
11800 
11799 
11797 
11796 
11794 
11793 
11791 
11790 
11788 
11787 
11785 
11784 
11782 
11781 
11779 
11778 
11776 
11775 
11773 
11772 
11770 
11769 
11767 
11766 
11764 
11763 
11761 
11760 
11758 
11757 
11755 
11754 
11752 
11751 
11749 
11748 
11746 
11745 
11743 
11742 
11740 
11739 
11737 
11736 
11734 
11733 
11731 
11730 
11728 
11727 
11725 
11724 
11722 
11721 
11719 
11718 
11716 
11715 
11713 
11712 
11710 
11709 
11707 
11706 
11704 
11703 
11701 
11700 
11698 
11697 
11695 
11694 
11692 
11691 
11689 
11688 
11686 
11685 
11683 
11682 
11680 
11679 
11677 
11676 
11674 
11673 
11671 
11670 
11668 
11667 
11665 
11664 
11662 
11661 
11659 
11658 
11656 
11655 
11653 
11652 
11650 
11649 
11647 
11646 
11644 
11643 
11641 
11640 
11638 
11637 
11635 
11634 
11632 
11631 
11629 
11628 
11626 
11625 
11623 
11622 
11620 
11619 
11617 
11616 
11614 
11613 
11611 
11610 
11608 
11607 
11605 
11604 
11602 
11601 
11599 
11598 
11596 
11595 
11593 
11592 
11590 
11589 
11587 
11586 
11584 
11583 
11581 
11580 
11578 
11577 
11575 
11574 
11572 
11571 
11569 
11568 
11566 
11565 
11563 
11562 
11560 
11559 
11557 
11556 
11554 
11553 
11551 
11550 
11548 
11547 
11545 
11544 
11542 
11541 
11539 
11538 
11536 
11535 
11533 
11532 
11530 
11529 
11527 
11526 
11524 
11523 
11521 
11520 
11518 
11517 
11515 
11514 
11512 
11511 
11509 
11508 
11506 
11505 
11503 
11502 
11500 
11499 
11497 
11496 
11494 
11493 
11491 
11490 
11488 
11487 
11485 
11484 
11482 
11481 
11479 
11478 
11476 
11475 
11473 
11472 
11470 
11469 
11467 
11466 
11464 
11463 
11461 
11460 
11458 
11457 
11455 
11454 
11452 
11451 
11449 
11448 
11446 
11445 
11443 
11442 
11440 
11439 
11437 
11436 
11434 
11433 
11431 
11430 
11428 
11427 
11425 
11424 
11422 
11421 
11419 
11418 
11416 
11415 
11413 
11412 
11410 
11409 
11407 
11406 
11404 
11403 
11401 
11400 
11398 
11397 
11395 
11394 
11392 
11391 
11389 
11388 
11386 
11385 
11383 
11382 
11380 
11379 
11377 
11376 
11374 
11373 
11371 
11370 
11368 
11367 
11365 
11364 
11362 
11361 
11359 
11358 
11356 
11355 
11353 
11352 
11350 
11349 
11347 
11346 
11344 
11343 
11341 
11340 
11338 
11337 
11335 
11334 
11332 
11331 
11329 
11328 
11326 
11325 
11323 
11322 
11320 
11319 
11317 
11316 
11314 
11313 
11311 
11310 
11308 
11307 
11305 
11304 
11302 
11301 
11299 
11298 
11296 
11295 
11293 
11292 
11290 
11289 
11287 
11286 
11284 
11283 
11281 
11280 
11278 
11277 
11275 
11274 
11272 
11271 
11269 
11268 
11266 
11265 
11263 
11262 
11260 
11259 
11257 
11256 
11254 
11253 
11251 
11250 
11248 
11247 
11245 
11244 
11242 
11241 
11239 
11238 
11236 
11235 
11233 
11232 
11230 
11229 
11227 
11226 
11224 
11223 
11221 
11220 
11218 
11217 
11215 
11214 
11212 
11211 
11209 
11208 
11206 
11205 
11203 
11202 
11200 
11199 
11197 
11196 
11194 
11193 
11191 
11190 
11188 
11187 
11185 
11184 
11182 
11181 
11179 
11178 
11176 
11175 
11173 
11172 
11170 
11169 
11167 
11166 
11164 
11163 
11161 
11160 
11158 
11157 
11155 
11154 
11152 
11151 
11149 
11148 
11146 
11145 
11143 
11142 
11140 
11139 
11137 
11136 
11134 
11133 
11131 
11130 
11128 
11127 
11125 
11124 
11122 
11121 
11119 
11118 
11116 
11115 
11113 
11112 
11110 
11109 
11107 
11106 
11104 
11103 
11101 
11100 
11098 
11097 
11095 
11094 
11092 
11091 
11089 
11088 
11086 
11085 
11083 
11082 
11080 
11079 
11077 
11076 
11074 
11073 
11071 
11070 
11068 
11067 
11065 
11064 
11062 
11061 
11059 
11058 
11056 
11055 
11053 
11052 
11050 
11049 
11047 
11046 
11044 
11043 
11041 
11040 
11038 
11037 
11035 
11034 
11032 
11031 
11029 
11028 
11026 
11025 
11023 
11022 
11020 
11019 
11017 
11016 
11014 
11013 
11011 
11010 
11008 
11007 
11005 
11004 
11002 
11001 
10999 
10998 
10996 
10995 
10993 
10992 
10990 
10989 
10987 
10986 
10984 
10983 
10981 
10980 
10978 
10977 
10975 
10974 
10972 
10971 
10969 
10968 
10966 
10965 
10963 
10962 
10960 
10959 
10957 
10956 
10954 
10953 
10951 
10950 
10948 
10947 
10945 
10944 
10942 
10941 
10939 
10938 
10936 
10935 
10933 
10932 
10930 
10929 
10927 
10926 
10924 
10923 
10921 
10920 
10918 
10917 
10915 
10914 
10912 
10911 
10909 
10908 
10906 
10905 
10903 
10902 
10900 
10899 
10897 
10896 
10894 
10893 
10891 
10890 
10888 
10887 
10885 
10884 
10882 
10881 
10879 
10878 
10876 
10875 
10873 
10872 
10870 
10869 
10867 
10866 
10864 
10863 
10861 
10860 
10858 
10857 
10855 
10854 
10852 
10851 
10849 
10848 
10846 
10845 
10843 
10842 
10840 
10839 
10837 
10836 
10834 
10833 
10831 
10830 
10828 
10827 
10825 
10824 
10822 
10821 
10819 
10818 
10816 
10815 
10813 
10812 
10810 
10809 
10807 
10806 
10804 
10803 
10801 
10800 
10798 
10797 
10795 
10794 
10792 
10791 
10789 
10788 
10786 
10785 
10783 
10782 
10780 
10779 
10777 
10776 
10774 
10773 
10771 
10770 
10768 
10767 
10765 
10764 
10762 
10761 
10759 
10758 
10756 
10755 
10753 
10752 
10750 
10749 
10747 
10746 
10744 
10743 
10741 
10740 
10738 
10737 
10735 
10734 
10732 
10731 
10729 
10728 
10726 
10725 
10723 
10722 
10720 
10719 
10717 
10716 
10714 
10713 
10711 
10710 
10708 
10707 
10705 
10704 
10702 
10701 
10699 
10698 
10696 
10695 
10693 
10692 
10690 
10689 
10687 
10686 
10684 
10683 
10681 
10680 
10678 
10677 
10675 
10674 
10672 
10671 
10669 
10668 
10666 
10665 
10663 
10662 
10660 
10659 
10657 
10656 
10654 
10653 
10651 
10650 
10648 
10647 
10645 
10644 
10642 
10641 
10639 
10638 
10636 
10635 
10633 
10632 
10630 
10629 
10627 
10626 
10624 
10623 
10621 
10620 
10618 
10617 
10615 
10614 
10612 
10611 
10609 
10608 
10606 
10605 
10603 
10602 
10600 
10599 
10597 
10596 
10594 
10593 
10591 
10590 
10588 
10587 
10585 
10584 
10582 
10581 
10579 
10578 
10576 
10575 
10573 
10572 
10570 
10569 
10567 
10566 
10564 
10563 
10561 
10560 
10558 
10557 
10555 
10554 
10552 
10551 
10549 
10548 
10546 
10545 
10543 
10542 
10540 
10539 
10537 
10536 
10534 
10533 
10531 
10530 
10528 
10527 
10525 
10524 
10522 
10521 
10519 
10518 
10516 
10515 
10513 
10512 
10510 
10509 
10507 
10506 
10504 
10503 
10501 
10500 
10498 
10497 
10495 
10494 
10492 
10491 
10489 
10488 
10486 
10485 
10483 
10482 
10480 
10479 
10477 
10476 
10474 
10473 
10471 
10470 
10468 
10467 
10465 
10464 
10462 
10461 
10459 
10458 
10456 
10455 
10453 
10452 
10450 
10449 
10447 
10446 
10444 
10443 
10441 
10440 
10438 
10437 
10435 
10434 
10432 
10431 
10429 
10428 
10426 
10425 
10423 
10422 
10420 
10419 
10417 
10416 
10414 
10413 
10411 
10410 
10408 
10407 
10405 
10404 
10402 
10401 
10399 
10398 
10396 
10395 
10393 
10392 
10390 
10389 
10387 
10386 
10384 
10383 
10381 
10380 
10378 
10377 
10375 
10374 
10372 
10371 
10369 
10368 
10366 
10365 
10363 
10362 
10360 
10359 
10357 
10356 
10354 
10353 
10351 
10350 
10348 
10347 
10345 
10344 
10342 
10341 
10339 
10338 
10336 
10335 
10333 
10332 
10330 
10329 
10327 
10326 
10324 
10323 
10321 
10320 
10318 
10317 
10315 
10314 
10312 
10311 
10309 
10308 
10306 
10305 
10303 
10302 
10300 
10299 
10297 
10296 
10294 
10293 
10291 
10290 
10288 
10287 
10285 
10284 
10282 
10281 
10279 
10278 
10276 
10275 
10273 
10272 
10270 
10269 
10267 
10266 
10264 
10263 
10261 
10260 
10258 
10257 
10255 
10254 
10252 
10251 
10249 
10248 
10246 
10245 
10243 
10242 
10240 
10239 
10237 
10236 
10234 
10233 
10231 
10230 
10228 
10227 
10225 
10224 
10222 
10221 
10219 
10218 
10216 
10215 
10213 
10212 
10210 
10209 
10207 
10206 
10204 
10203 
10201 
10200 
10198 
10197 
10195 
10194 
10192 
10191 
10189 
10188 
10186 
10185 
10183 
10182 
10180 
10179 
10177 
10176 
10174 
10173 
10171 
10170 
10168 
10167 
10165 
10164 
10162 
10161 
10159 
10158 
10156 
10155 
10153 
10152 
10150 
10149 
10147 
10146 
10144 
10143 
10141 
10140 
10138 
10137 
10135 
10134 
10132 
10131 
10129 
10128 
10126 
10125 
10123 
10122 
10120 
10119 
10117 
10116 
10114 
10113 
10111 
10110 
10108 
10107 
10105 
10104 
10102 
10101 
10099 
10098 
10096 
10095 
10093 
10092 
10090 
10089 
10087 
10086 
10084 
10083 
10081 
10080 
10078 
10077 
10075 
10074 
10072 
10071 
10069 
10068 
10066 
10065 
10063 
10062 
10060 
10059 
10057 
10056 
10054 
10053 
10051 
10050 
10048 
10047 
10045 
10044 
10042 
10041 
10039 
10038 
10036 
10035 
10033 
10032 
10030 
10029 
10027 
10026 
10024 
10023 
10021 
10020 
10018 
10017 
10015 
10014 
10012 
10011 
10009 
10008 
10006 
10005 
10003 
10002 
10000 
9999 
9997 
9996 
9994 
9993 
9991 
9990 
9988 
9987 
9985 
9984 
9982 
9981 
9979 
9978 
9976 
9975 
9973 
9972 
9970 
9969 
9967 
9966 
9964 
9963 
9961 
9960 
9958 
9957 
9955 
9954 
9952 
9951 
9949 
9948 
9946 
9945 
9943 
9942 
9940 
9939 
9937 
9936 
9934 
9933 
9931 
9930 
9928 
9927 
9925 
9924 
9922 
9921 
9919 
9918 
9916 
9915 
9913 
9912 
9910 
9909 
9907 
9906 
9904 
9903 
9901 
9900 
9898 
9897 
9895 
9894 
9892 
9891 
9889 
9888 
9886 
9885 
9883 
9882 
9880 
9879 
9877 
9876 
9874 
9873 
9871 
9870 
9868 
9867 
9865 
9864 
9862 
9861 
9859 
9858 
9856 
9855 
9853 
9852 
9850 
9849 
9847 
9846 
9844 
9843 
9841 
9840 
9838 
9837 
9835 
9834 
9832 
9831 
9829 
9828 
9826 
9825 
9823 
9822 
9820 
9819 
9817 
9816 
9814 
9813 
9811 
9810 
9808 
9807 
9805 
9804 
9802 
9801 
9799 
9798 
9796 
9795 
9793 
9792 
9790 
9789 
9787 
9786 
9784 
9783 
9781 
9780 
9778 
9777 
9775 
9774 
9772 
9771 
9769 
9768 
9766 
9765 
9763 
9762 
9760 
9759 
9757 
9756 
9754 
9753 
9751 
9750 
9748 
9747 
9745 
9744 
9742 
9741 
9739 
9738 
9736 
9735 
9733 
9732 
9730 
9729 
9727 
9726 
9724 
9723 
9721 
9720 
9718 
9717 
9715 
9714 
9712 
9711 
9709 
9708 
9706 
9705 
9703 
9702 
9700 
9699 
9697 
9696 
9694 
9693 
9691 
9690 
9688 
9687 
9685 
9684 
9682 
9681 
9679 
9678 
9676 
9675 
9673 
9672 
9670 
9669 
9667 
9666 
9664 
9663 
9661 
9660 
9658 
9657 
9655 
9654 
9652 
9651 
9649 
9648 
9646 
9645 
9643 
9642 
9640 
9639 
9637 
9636 
9634 
9633 
9631 
9630 
9628 
9627 
9625 
9624 
9622 
9621 
9619 
9618 
9616 
9615 
9613 
9612 
9610 
9609 
9607 
9606 
9604 
9603 
9601 
9600 
9598 
9597 
9595 
9594 
9592 
9591 
9589 
9588 
9586 
9585 
9583 
9582 
9580 
9579 
9577 
9576 
9574 
9573 
9571 
9570 
9568 
9567 
9565 
9564 
9562 
9561 
9559 
9558 
9556 
9555 
9553 
9552 
9550 
9549 
9547 
9546 
9544 
9543 
9541 
9540 
9538 
9537 
9535 
9534 
9532 
9531 
9529 
9528 
9526 
9525 
9523 
9522 
9520 
9519 
9517 
9516 
9514 
9513 
9511 
9510 
9508 
9507 
9505 
9504 
9502 
9501 
9499 
9498 
9496 
9495 
9493 
9492 
9490 
9489 
9487 
9486 
9484 
9483 
9481 
9480 
9478 
9477 
9475 
9474 
9472 
9471 
9469 
9468 
9466 
9465 
9463 
9462 
9460 
9459 
9457 
9456 
9454 
9453 
9451 
9450 
9448 
9447 
9445 
9444 
9442 
9441 
9439 
9438 
9436 
9435 
9433 
9432 
9430 
9429 
9427 
9426 
9424 
9423 
9421 
9420 
9418 
9417 
9415 
9414 
9412 
9411 
9409 
9408 
9406 
9405 
9403 
9402 
9400 
9399 
9397 
9396 
9394 
9393 
9391 
9390 
9388 
9387 
9385 
9384 
9382 
9381 
9379 
9378 
9376 
9375 
9373 
9372 
9370 
9369 
9367 
9366 
9364 
9363 
9361 
9360 
9358 
9357 
9355 
9354 
9352 
9351 
9349 
9348 
9346 
9345 
9343 
9342 
9340 
9339 
9337 
9336 
9334 
9333 
9331 
9330 
9328 
9327 
9325 
9324 
9322 
9321 
9319 
9318 
9316 
9315 
9313 
9312 
9310 
9309 
9307 
9306 
9304 
9303 
9301 
9300 
9298 
9297 
9295 
9294 
9292 
9291 
9289 
9288 
9286 
9285 
9283 
9282 
9280 
9279 
9277 
9276 
9274 
9273 
9271 
9270 
9268 
9267 
9265 
9264 
9262 
9261 
9259 
9258 
9256 
9255 
9253 
9252 
9250 
9249 
9247 
9246 
9244 
9243 
9241 
9240 
9238 
9237 
9235 
9234 
9232 
9231 
9229 
9228 
9226 
9225 
9223 
9222 
9220 
9219 
9217 
9216 
9214 
9213 
9211 
9210 
9208 
9207 
9205 
9204 
9202 
9201 
9199 
9198 
9196 
9195 
9193 
9192 
9190 
9189 
9187 
9186 
9184 
9183 
9181 
9180 
9178 
9177 
9175 
9174 
9172 
9171 
9169 
9168 
9166 
9165 
9163 
9162 
9160 
9159 
9157 
9156 
9154 
9153 
9151 
9150 
9148 
9147 
9145 
9144 
9142 
9141 
9139 
9138 
9136 
9135 
9133 
9132 
9130 
9129 
9127 
9126 
9124 
9123 
9121 
9120 
9118 
9117 
9115 
9114 
9112 
9111 
9109 
9108 
9106 
9105 
9103 
9102 
9100 
9099 
9097 
9096 
9094 
9093 
9091 
9090 
9088 
9087 
9085 
9084 
9082 
9081 
9079 
9078 
9076 
9075 
9073 
9072 
9070 
9069 
9067 
9066 
9064 
9063 
9061 
9060 
9058 
9057 
9055 
9054 
9052 
9051 
9049 
9048 
9046 
9045 
9043 
9042 
9040 
9039 
9037 
9036 
9034 
9033 
9031 
9030 
9028 
9027 
9025 
9024 
9022 
9021 
9019 
9018 
9016 
9015 
9013 
9012 
9010 
9009 
9007 
9006 
9004 
9003 
9001 
9000 
8998 
8997 
8995 
8994 
8992 
8991 
8989 
8988 
8986 
8985 
8983 
8982 
8980 
8979 
8977 
8976 
8974 
8973 
8971 
8970 
8968 
8967 
8965 
8964 
8962 
8961 
8959 
8958 
8956 
8955 
8953 
8952 
8950 
8949 
8947 
8946 
8944 
8943 
8941 
8940 
8938 
8937 
8935 
8934 
8932 
8931 
8929 
8928 
8926 
8925 
8923 
8922 
8920 
8919 
8917 
8916 
8914 
8913 
8911 
8910 
8908 
8907 
8905 
8904 
8902 
8901 
8899 
8898 
8896 
8895 
8893 
8892 
8890 
8889 
8887 
8886 
8884 
8883 
8881 
8880 
8878 
8877 
8875 
8874 
8872 
8871 
8869 
8868 
8866 
8865 
8863 
8862 
8860 
8859 
8857 
8856 
8854 
8853 
8851 
8850 
8848 
8847 
8845 
8844 
8842 
8841 
8839 
8838 
8836 
8835 
8833 
8832 
8830 
8829 
8827 
8826 
8824 
8823 
8821 
8820 
8818 
8817 
8815 
8814 
8812 
8811 
8809 
8808 
8806 
8805 
8803 
8802 
8800 
8799 
8797 
8796 
8794 
8793 
8791 
8790 
8788 
8787 
8785 
8784 
8782 
8781 
8779 
8778 
8776 
8775 
8773 
8772 
8770 
8769 
8767 
8766 
8764 
8763 
8761 
8760 
8758 
8757 
8755 
8754 
8752 
8751 
8749 
8748 
8746 
8745 
8743 
8742 
8740 
8739 
8737 
8736 
8734 
8733 
8731 
8730 
8728 
8727 
8725 
8724 
8722 
8721 
8719 
8718 
8716 
8715 
8713 
8712 
8710 
8709 
8707 
8706 
8704 
8703 
8701 
8700 
8698 
8697 
8695 
8694 
8692 
8691 
8689 
8688 
8686 
8685 
8683 
8682 
8680 
8679 
8677 
8676 
8674 
8673 
8671 
8670 
8668 
8667 
8665 
8664 
8662 
8661 
8659 
8658 
8656 
8655 
8653 
8652 
8650 
8649 
8647 
8646 
8644 
8644
