38595
28567 28567 28567 28567 28567 28567 28567 28521 29604 34779 34035 
28494 26877 26877 26877 26877 26877 26877 27207 25671 24705 24313 
24286 23275 23275 23275 23275 23275 23275 23275 23013 21708 
21682 21441 21441 21441 21441 21441 21426 20862 20862 20145 
20119 20136 20130 18681 18681 19878 18720 18681 19326 18567 
18541 17142 18510 18396 18102 17142 18102 18042 17748 17004 
16978 16995 15906 15945 16539 16737 16737 16185 16182 
15880 15084 15441 15084 15381 15084 15639 14442 15087 
14416 14385 14175 13878 13620 13977 13497 13908 13497 
13471 12933 13326 13032 12438 12972 12972 13032 12552 
12412 11904 11616 11874 11904 11913 11913 11874 11619 
11590 11091 11493 11493 11493 11493 11052 11151 10800 
10774 10695 10677 10677 10677 10275 10518 9981 9981 
9955 9858 9858 9858 9456 9699 9456 9456 9718 
9430 9351 9333 9333 9333 9273 9189 9057 
9031 8934 8952 9000 8931 8952 8829 
8803 8757 8757 8757 8757 8700 8761 
8674 8673 8673 8673 8683 
8647 8664 8668 
8644 8641 8643 
8638 8635 8637 
8632 8629 8631 
8626 8627 
8623 8624 
8622 
8622
