38595
28521 28521 28521 28521 28521 28521 28521 28521 28720 35335 34035 
28496 27393 27393 27393 27393 27393 27393 27701 27053 25261 23961 
23936 23273 23273 23273 23273 23273 23273 23273 22131 22389 
22106 21443 21443 21443 21443 21443 21443 21443 21312 20559 
20534 19871 19871 19871 19871 19871 19871 19871 19785 18924 
18899 18236 18236 18236 18236 18236 18236 18236 18150 18354 
18125 17462 17462 17462 17462 17462 17462 17462 17331 17580 
17306 16643 16643 16643 16643 16643 16643 16643 16509 16761 
16484 15821 15821 15821 15821 15821 15821 15821 15564 15939 
15539 14876 14876 14876 14876 14876 14876 14876 14718 14994 
14693 14030 14030 14030 14030 14030 14030 14030 13284 14148 
13259 12596 12596 12596 12596 12596 12596 12596 11934 12714 
11909 11246 11246 11246 11246 11246 11246 11246 10791 11364 
10766 10103 10103 10103 10103 10103 10103 10103 10101 10227 
10078 9471 10017 9378 9378 9378 9378 9471 9733 9537 
9355 9294 9294 8748 8748 8748 8748 8748 9010 
8725 8664 8664 8664 8664 8699 
8641 8662 
8640 8639 
8635 8635 
8634 8633 
8629 8629 
8628 
8626 
8626
