38595
28590 28590 28590 28590 28590 28590 28590 28229 30011 34251 34035 
28200 28093 28093 27021 27021 27021 27021 26765 25165 23277 23669 
23248 21705 21645 22899 21843 21843 22179 22455 21729 20133 
20104 20115 20049 20073 19893 19893 18669 19287 17847 18450 
17818 17829 17607 17607 17721 17073 17073 16905 16299 16164 
16135 16146 15786 15942 15390 15876 15390 15066 14472 14481 
14443 14454 13650 13698 13854 13854 13698 13122 12924 12894 
12865 12810 12606 12798 12684 12684 12120 11796 11250 
11221 11232 11166 11166 11040 11040 10806 10476 10218 
10189 10122 9786 10082 10082 9770 9706 9538 
9509 9514 9298 9402 9298 9293 9213 9148 
9119 9092 9052 8924 8924 8917 8823 
8794 8767 8727 8743 8727 8727 
8698 8703 8699 8679 8673 
8644 8657 8657 
8636 8632 8636 
8626 8626 
8623 8624 
8622 
8620 
8620
