38595
28590 28590 28590 28590 28590 28590 28590 27937 30855 34251 34035 
27907 27705 27705 27705 27009 24681 26993 26665 25521 23273 23377 
23244 22943 22943 22943 23141 22607 22853 22499 21725 20129 
20100 19799 19799 19799 19799 19937 19649 19355 18437 18380 
18351 17534 18218 17594 17594 17858 17990 17282 16742 
16713 16718 16100 16220 15392 16352 15308 15392 14042 
14013 13400 13400 13964 13400 13400 13196 13226 12152 
12123 12002 12002 11630 11708 11306 11306 11306 10460 
10431 10310 10310 10382 9956 9818 9818 9566 9677 
9537 9512 9512 9482 9452 9266 9170 9128 
9099 9098 9098 9044 8966 8924 8872 
8842 8832 8832 8792 8744 8744 
8715 8720 8714 8696 8687 
8658 8675 8667 8676 
8650 8646 8646 
8638 8638 8634 
8629 8628 
8623 8626 
8620 
8620
